{"type":"operationStart","subtype":"profile","data":{"_id":"qElgxNuqgLKPE7JG","timestamp":"2025-12-07T11:42:49.112Z","state":"running","mode":"standard","creationDate":"2025-12-07T11:42:49.119Z","modificationDate":"2025-12-07T11:42:49.119Z","shortid":"trBTr_l","$entitySet":"profiles","timeout":60000},"doDiffs":false,"timestamp":1765107769116,"id":"d47gq2jtavcndjy","previousOperationId":null,"operationId":"v908a6jcwq1h51t"}
{"type":"log","level":"info","message":"Render request 7 queued for execution and waiting for available worker","previousOperationId":"v908a6jcwq1h51t","timestamp":1765107769117,"id":"vi8w22ry2foylnz"}
{"type":"operationStart","subtype":"render","name":"anonymous","previousOperationId":"v908a6jcwq1h51t","timestamp":1765107769174,"id":"o8tkiegxsk39k62","previousEventId":"d47gq2jtavcndjy","operationId":"ue5bgo6hzjusvzu"}
{"type":"log","timestamp":1765107769174,"level":"info","message":"Starting rendering request 7","meta":{"rootId":"00t9hk5ifjryo6u","id":"00t9hk5ifjryo6u"},"id":"kuunqc5xhxq5auj","previousOperationId":"ue5bgo6hzjusvzu"}
{"type":"log","timestamp":1765107769174,"level":"info","message":"Rendering anonymous template { recipe: pptx, engine: handlebars }","meta":{"rootId":"00t9hk5ifjryo6u","id":"00t9hk5ifjryo6u"},"id":"hfgavkg2ti4wys4","previousOperationId":"ue5bgo6hzjusvzu"}
{"type":"log","timestamp":1765107769174,"level":"debug","message":"Inline data specified.","meta":{"rootId":"00t9hk5ifjryo6u","id":"00t9hk5ifjryo6u"},"id":"p5q73unxm57y83a","previousOperationId":"ue5bgo6hzjusvzu"}
{"type":"log","timestamp":1765107769178,"level":"debug","message":"Base url not specified, skipping its injection.","meta":{"rootId":"00t9hk5ifjryo6u","id":"00t9hk5ifjryo6u"},"id":"vnmxxslsn48v4vg","previousOperationId":"ue5bgo6hzjusvzu"}
{"type":"operationStart","subtype":"engine","name":"handlebars","timestamp":1765107769180,"id":"k3pp3j2b08im615","previousEventId":"o8tkiegxsk39k62","operationId":"b0cx3h5l4yzhcl3","previousOperationId":"ue5bgo6hzjusvzu"}
{"type":"log","timestamp":1765107769180,"level":"debug","message":"Rendering engine handlebars","meta":{"rootId":"00t9hk5ifjryo6u","id":"00t9hk5ifjryo6u"},"id":"sxnh0ut8mfewjif","previousOperationId":"b0cx3h5l4yzhcl3"}
{"type":"operationEnd","operationId":"b0cx3h5l4yzhcl3","timestamp":1765107769205,"id":"1q6etolyocm5845","previousEventId":"k3pp3j2b08im615","previousOperationId":"b0cx3h5l4yzhcl3"}
{"type":"operationStart","subtype":"recipe","name":"pptx","timestamp":1765107769206,"id":"eyqrsy3h74vqwdz","previousEventId":"1q6etolyocm5845","operationId":"axjumbxgtvyxduj","previousOperationId":"b0cx3h5l4yzhcl3"}
{"type":"log","timestamp":1765107769206,"level":"debug","message":"Executing recipe pptx","meta":{"rootId":"00t9hk5ifjryo6u","id":"00t9hk5ifjryo6u"},"id":"mz1td2ljb1bpm89","previousOperationId":"axjumbxgtvyxduj"}
{"type":"log","timestamp":1765107769233,"level":"info","message":"pptx generation is starting","meta":{"rootId":"00t9hk5ifjryo6u","id":"00t9hk5ifjryo6u"},"id":"42qrcj3nhb6kf7h","previousOperationId":"axjumbxgtvyxduj"}
{"type":"log","timestamp":1765107770781,"level":"debug","message":"Starting child request to render pptx dynamic parts","meta":{"rootId":"00t9hk5ifjryo6u","id":"00t9hk5ifjryo6u"},"id":"2mfkt0xwa4v64vc","previousOperationId":"axjumbxgtvyxduj"}
{"type":"operationStart","subtype":"render","name":"anonymous","previousOperationId":"axjumbxgtvyxduj","timestamp":1765107770782,"id":"eh7q4pw13qm8n0o","previousEventId":"eyqrsy3h74vqwdz","operationId":"cpqqk7q8fee9q2k"}
{"type":"log","timestamp":1765107770782,"level":"info","message":"Starting rendering (child) request","meta":{"rootId":"00t9hk5ifjryo6u","id":"d9qdv3ev8nhljv4"},"id":"777euxzi6gfglox","previousOperationId":"cpqqk7q8fee9q2k"}
{"type":"log","timestamp":1765107770782,"level":"info","message":"Rendering anonymous template { recipe: html, engine: handlebars }","meta":{"rootId":"00t9hk5ifjryo6u","id":"d9qdv3ev8nhljv4"},"id":"vzh3hd9rm52fliv","previousOperationId":"cpqqk7q8fee9q2k"}
{"type":"log","timestamp":1765107770782,"level":"debug","message":"Inline data specified.","meta":{"rootId":"00t9hk5ifjryo6u","id":"d9qdv3ev8nhljv4"},"id":"t8dwia6ufddytqn","previousOperationId":"cpqqk7q8fee9q2k"}
{"type":"log","timestamp":1765107770792,"level":"debug","message":"Base url not specified, skipping its injection.","meta":{"rootId":"00t9hk5ifjryo6u","id":"d9qdv3ev8nhljv4"},"id":"sevqt1sih0i5fpe","previousOperationId":"cpqqk7q8fee9q2k"}
{"type":"operationStart","subtype":"engine","name":"handlebars","timestamp":1765107770793,"id":"ifxl4ny9ydc18ir","previousEventId":"eh7q4pw13qm8n0o","operationId":"1y8c1dnehgxcitc","previousOperationId":"cpqqk7q8fee9q2k"}
{"type":"log","timestamp":1765107770794,"level":"debug","message":"Rendering engine handlebars","meta":{"rootId":"00t9hk5ifjryo6u","id":"d9qdv3ev8nhljv4"},"id":"prw9pq0f80yw7p2","previousOperationId":"1y8c1dnehgxcitc"}
{"type":"operationEnd","operationId":"1y8c1dnehgxcitc","timestamp":1765107770907,"id":"xq9k4ebw5vvks7v","previousEventId":"ifxl4ny9ydc18ir","previousOperationId":"1y8c1dnehgxcitc"}
{"type":"operationStart","subtype":"recipe","name":"html","timestamp":1765107770917,"id":"476pf4nm6csxw7f","previousEventId":"xq9k4ebw5vvks7v","operationId":"3db13kgn5v4humz","previousOperationId":"1y8c1dnehgxcitc"}
{"type":"log","timestamp":1765107770917,"level":"debug","message":"Executing recipe html","meta":{"rootId":"00t9hk5ifjryo6u","id":"d9qdv3ev8nhljv4"},"id":"xts8th3e2wa4c7i","previousOperationId":"3db13kgn5v4humz"}
{"type":"operationEnd","operationId":"3db13kgn5v4humz","timestamp":1765107770917,"id":"2rpsew7j8nf7m71","previousEventId":"476pf4nm6csxw7f","previousOperationId":"3db13kgn5v4humz"}
{"type":"log","timestamp":1765107770917,"level":"debug","message":"Skipping storing report.","meta":{"rootId":"00t9hk5ifjryo6u","id":"d9qdv3ev8nhljv4"},"id":"mjjs3i334r4lb4b","previousOperationId":"3db13kgn5v4humz"}
{"type":"log","timestamp":1765107770917,"level":"info","message":"Rendering (child) request finished in 1811 ms","meta":{"rootId":"00t9hk5ifjryo6u","id":"d9qdv3ev8nhljv4"},"id":"ysua67ltwzhur2p","previousOperationId":"3db13kgn5v4humz"}
{"type":"operationEnd","subtype":"render","operationId":"cpqqk7q8fee9q2k","timestamp":1765107770917,"id":"xw2lys0068ca84m","previousEventId":"2rpsew7j8nf7m71","previousOperationId":"3db13kgn5v4humz"}
{"type":"log","timestamp":1765107778265,"level":"debug","message":"pptx successfully zipped","meta":{"rootId":"00t9hk5ifjryo6u","id":"00t9hk5ifjryo6u"},"id":"slqm64ajryi6wkc","previousOperationId":"axjumbxgtvyxduj"}
{"type":"log","timestamp":1765107778265,"level":"info","message":"pptx generation was finished","meta":{"rootId":"00t9hk5ifjryo6u","id":"00t9hk5ifjryo6u"},"id":"hy0el171bfvj7pu","previousOperationId":"axjumbxgtvyxduj"}
{"type":"operationEnd","operationId":"axjumbxgtvyxduj","timestamp":1765107778275,"id":"cj6u9jdhn37fd0t","previousEventId":"eyqrsy3h74vqwdz","previousOperationId":"axjumbxgtvyxduj"}
{"type":"log","timestamp":1765107778275,"level":"debug","message":"Skipping storing report.","meta":{"rootId":"00t9hk5ifjryo6u","id":"00t9hk5ifjryo6u"},"id":"xf0cj0yukohqj2h","previousOperationId":"axjumbxgtvyxduj"}
{"type":"log","timestamp":1765107778275,"level":"info","message":"Rendering request 7 finished in 9169 ms","meta":{"rootId":"00t9hk5ifjryo6u","id":"00t9hk5ifjryo6u"},"id":"7km2qn0pchhggnl","previousOperationId":"axjumbxgtvyxduj"}
{"type":"operationEnd","subtype":"render","operationId":"ue5bgo6hzjusvzu","timestamp":1765107778275,"id":"xgqoccnxm33fch1","previousEventId":"cj6u9jdhn37fd0t","previousOperationId":"axjumbxgtvyxduj"}
{"type":"operationEnd","doDiffs":false,"previousEventId":"d47gq2jtavcndjy","previousOperationId":"v908a6jcwq1h51t","operationId":"v908a6jcwq1h51t","timestamp":1765107778283,"id":"4fufnew52go7r3r"}
