{"type":"operationStart","subtype":"profile","data":{"_id":"VnrDOg1c3xO9aKGr","timestamp":"2025-12-05T13:31:09.149Z","state":"running","mode":"standard","creationDate":"2025-12-05T13:31:09.153Z","modificationDate":"2025-12-05T13:31:09.153Z","shortid":"9CfkTdm","$entitySet":"profiles","timeout":60000},"doDiffs":false,"timestamp":1764941469152,"id":"wz5kaetr03gudkc","previousOperationId":null,"operationId":"arz6zjak0xvtd3u"}
{"type":"log","level":"info","message":"Render request 7 queued for execution and waiting for available worker","previousOperationId":"arz6zjak0xvtd3u","timestamp":1764941469152,"id":"c53tn8r9re641pe"}
{"type":"operationStart","subtype":"render","name":"anonymous","previousOperationId":"arz6zjak0xvtd3u","timestamp":1764941469165,"id":"znkv9twnu02wki9","previousEventId":"wz5kaetr03gudkc","operationId":"kxl07ite9nt6h45"}
{"type":"log","timestamp":1764941469166,"level":"info","message":"Starting rendering request 7","meta":{"rootId":"0dr3dkgpmcyivmk","id":"0dr3dkgpmcyivmk"},"id":"tbyhw9vb7h0co6w","previousOperationId":"kxl07ite9nt6h45"}
{"type":"log","timestamp":1764941469166,"level":"info","message":"Rendering anonymous template { recipe: pptx, engine: handlebars }","meta":{"rootId":"0dr3dkgpmcyivmk","id":"0dr3dkgpmcyivmk"},"id":"j5io2h1o3e7smq0","previousOperationId":"kxl07ite9nt6h45"}
{"type":"log","timestamp":1764941469166,"level":"debug","message":"Inline data specified.","meta":{"rootId":"0dr3dkgpmcyivmk","id":"0dr3dkgpmcyivmk"},"id":"ybw8o2g4qnq88qg","previousOperationId":"kxl07ite9nt6h45"}
{"type":"log","timestamp":1764941469169,"level":"debug","message":"Base url not specified, skipping its injection.","meta":{"rootId":"0dr3dkgpmcyivmk","id":"0dr3dkgpmcyivmk"},"id":"gk98afjgwon7q9t","previousOperationId":"kxl07ite9nt6h45"}
{"type":"operationStart","subtype":"engine","name":"handlebars","timestamp":1764941469170,"id":"eohp37sb763dedd","previousEventId":"znkv9twnu02wki9","operationId":"1lpnx17wmkz5oay","previousOperationId":"kxl07ite9nt6h45"}
{"type":"log","timestamp":1764941469170,"level":"debug","message":"Rendering engine handlebars","meta":{"rootId":"0dr3dkgpmcyivmk","id":"0dr3dkgpmcyivmk"},"id":"qethcfkmybnn1s8","previousOperationId":"1lpnx17wmkz5oay"}
{"type":"operationEnd","operationId":"1lpnx17wmkz5oay","timestamp":1764941469192,"id":"iahv6alwxudy6tz","previousEventId":"eohp37sb763dedd","previousOperationId":"1lpnx17wmkz5oay"}
{"type":"operationStart","subtype":"recipe","name":"pptx","timestamp":1764941469192,"id":"1oj65r5ijboc3xq","previousEventId":"iahv6alwxudy6tz","operationId":"a61jdxdnjwts34n","previousOperationId":"1lpnx17wmkz5oay"}
{"type":"log","timestamp":1764941469192,"level":"debug","message":"Executing recipe pptx","meta":{"rootId":"0dr3dkgpmcyivmk","id":"0dr3dkgpmcyivmk"},"id":"2r4bidw6z2da15q","previousOperationId":"a61jdxdnjwts34n"}
{"type":"log","timestamp":1764941469193,"level":"info","message":"pptx generation is starting","meta":{"rootId":"0dr3dkgpmcyivmk","id":"0dr3dkgpmcyivmk"},"id":"mgre4k5cctnex5z","previousOperationId":"a61jdxdnjwts34n"}
{"type":"log","timestamp":1764941469292,"level":"debug","message":"Starting child request to render pptx dynamic parts","meta":{"rootId":"0dr3dkgpmcyivmk","id":"0dr3dkgpmcyivmk"},"id":"k90n966x5mdfrxl","previousOperationId":"a61jdxdnjwts34n"}
{"type":"operationStart","subtype":"render","name":"anonymous","previousOperationId":"a61jdxdnjwts34n","timestamp":1764941469292,"id":"og9qy5ouhmag65f","previousEventId":"1oj65r5ijboc3xq","operationId":"iywcl91364hpgns"}
{"type":"log","timestamp":1764941469292,"level":"info","message":"Starting rendering (child) request","meta":{"rootId":"0dr3dkgpmcyivmk","id":"k9ff3qfat06wdgb"},"id":"h8kd1triwd2w3jq","previousOperationId":"iywcl91364hpgns"}
{"type":"log","timestamp":1764941469292,"level":"info","message":"Rendering anonymous template { recipe: html, engine: handlebars }","meta":{"rootId":"0dr3dkgpmcyivmk","id":"k9ff3qfat06wdgb"},"id":"ax18byx87057w2z","previousOperationId":"iywcl91364hpgns"}
{"type":"log","timestamp":1764941469292,"level":"debug","message":"Inline data specified.","meta":{"rootId":"0dr3dkgpmcyivmk","id":"k9ff3qfat06wdgb"},"id":"dqkk9q002go8jrq","previousOperationId":"iywcl91364hpgns"}
{"type":"log","timestamp":1764941469293,"level":"debug","message":"Base url not specified, skipping its injection.","meta":{"rootId":"0dr3dkgpmcyivmk","id":"k9ff3qfat06wdgb"},"id":"0ne7bmhfii75h5q","previousOperationId":"iywcl91364hpgns"}
{"type":"operationStart","subtype":"engine","name":"handlebars","timestamp":1764941469294,"id":"x634d1cdc66zx3g","previousEventId":"og9qy5ouhmag65f","operationId":"n4r35ik6kh30pox","previousOperationId":"iywcl91364hpgns"}
{"type":"log","timestamp":1764941469294,"level":"debug","message":"Rendering engine handlebars","meta":{"rootId":"0dr3dkgpmcyivmk","id":"k9ff3qfat06wdgb"},"id":"26ly7hl1qty7qvc","previousOperationId":"n4r35ik6kh30pox"}
{"type":"operationEnd","operationId":"n4r35ik6kh30pox","timestamp":1764941469322,"id":"jzxxmgvzvdu2jz7","previousEventId":"x634d1cdc66zx3g","previousOperationId":"n4r35ik6kh30pox"}
{"type":"operationStart","subtype":"recipe","name":"html","timestamp":1764941469324,"id":"k3r4qvmpzs2ivfz","previousEventId":"jzxxmgvzvdu2jz7","operationId":"l0muqd09wa7qslv","previousOperationId":"n4r35ik6kh30pox"}
{"type":"log","timestamp":1764941469324,"level":"debug","message":"Executing recipe html","meta":{"rootId":"0dr3dkgpmcyivmk","id":"k9ff3qfat06wdgb"},"id":"7qoly5jduqwcxc9","previousOperationId":"l0muqd09wa7qslv"}
{"type":"operationEnd","operationId":"l0muqd09wa7qslv","timestamp":1764941469325,"id":"aig8zcywe6huexl","previousEventId":"k3r4qvmpzs2ivfz","previousOperationId":"l0muqd09wa7qslv"}
{"type":"log","timestamp":1764941469325,"level":"debug","message":"Skipping storing report.","meta":{"rootId":"0dr3dkgpmcyivmk","id":"k9ff3qfat06wdgb"},"id":"idomwihg09ilvob","previousOperationId":"l0muqd09wa7qslv"}
{"type":"log","timestamp":1764941469325,"level":"info","message":"Rendering (child) request finished in 177 ms","meta":{"rootId":"0dr3dkgpmcyivmk","id":"k9ff3qfat06wdgb"},"id":"7xnjs2zgy9ckaw1","previousOperationId":"l0muqd09wa7qslv"}
{"type":"operationEnd","subtype":"render","operationId":"iywcl91364hpgns","timestamp":1764941469325,"id":"ydg4w7l4tn5fyjx","previousEventId":"aig8zcywe6huexl","previousOperationId":"l0muqd09wa7qslv"}
{"type":"log","timestamp":1764941470287,"level":"debug","message":"pptx successfully zipped","meta":{"rootId":"0dr3dkgpmcyivmk","id":"0dr3dkgpmcyivmk"},"id":"btqjqdtjctsjxo5","previousOperationId":"a61jdxdnjwts34n"}
{"type":"log","timestamp":1764941470287,"level":"info","message":"pptx generation was finished","meta":{"rootId":"0dr3dkgpmcyivmk","id":"0dr3dkgpmcyivmk"},"id":"jxit83ablabt8lf","previousOperationId":"a61jdxdnjwts34n"}
{"type":"operationEnd","operationId":"a61jdxdnjwts34n","timestamp":1764941470292,"id":"1r2ci465161nlyg","previousEventId":"1oj65r5ijboc3xq","previousOperationId":"a61jdxdnjwts34n"}
{"type":"log","timestamp":1764941470293,"level":"debug","message":"Skipping storing report.","meta":{"rootId":"0dr3dkgpmcyivmk","id":"0dr3dkgpmcyivmk"},"id":"ti9c4857vk5463m","previousOperationId":"a61jdxdnjwts34n"}
{"type":"log","timestamp":1764941470293,"level":"info","message":"Rendering request 7 finished in 1145 ms","meta":{"rootId":"0dr3dkgpmcyivmk","id":"0dr3dkgpmcyivmk"},"id":"zruc7ukirf8kxpi","previousOperationId":"a61jdxdnjwts34n"}
{"type":"operationEnd","subtype":"render","operationId":"kxl07ite9nt6h45","timestamp":1764941470293,"id":"q6yn3dmzhpgtk07","previousEventId":"1r2ci465161nlyg","previousOperationId":"a61jdxdnjwts34n"}
{"type":"operationEnd","doDiffs":false,"previousEventId":"wz5kaetr03gudkc","previousOperationId":"arz6zjak0xvtd3u","operationId":"arz6zjak0xvtd3u","timestamp":1764941470297,"id":"johml3r18n3rv16"}
