{"type":"operationStart","subtype":"profile","data":{"_id":"VdiSylFIvT4sw24V","timestamp":"2025-12-05T23:24:08.939Z","state":"running","mode":"standard","creationDate":"2025-12-05T23:24:08.944Z","modificationDate":"2025-12-05T23:24:08.944Z","shortid":"fSot1N_","$entitySet":"profiles","timeout":60000},"doDiffs":false,"timestamp":1764977048942,"id":"784wex1v0t2dypy","previousOperationId":null,"operationId":"qfggw5e9gf1tnsk"}
{"type":"log","level":"info","message":"Render request 8 queued for execution and waiting for available worker","previousOperationId":"qfggw5e9gf1tnsk","timestamp":1764977048942,"id":"kp7lzyz1cbxs80b"}
{"type":"operationStart","subtype":"render","name":"anonymous","previousOperationId":"qfggw5e9gf1tnsk","timestamp":1764977048959,"id":"zq19wkj49bvxxdf","previousEventId":"784wex1v0t2dypy","operationId":"gudcv4xlrxkps6l"}
{"type":"log","timestamp":1764977048959,"level":"info","message":"Starting rendering request 8","meta":{"rootId":"0j1z3cop3v66k4e","id":"0j1z3cop3v66k4e"},"id":"lygmdf0qgo24tns","previousOperationId":"gudcv4xlrxkps6l"}
{"type":"log","timestamp":1764977048959,"level":"info","message":"Rendering anonymous template { recipe: pptx, engine: handlebars }","meta":{"rootId":"0j1z3cop3v66k4e","id":"0j1z3cop3v66k4e"},"id":"hf0ba4u37fqlqlg","previousOperationId":"gudcv4xlrxkps6l"}
{"type":"log","timestamp":1764977048959,"level":"debug","message":"Inline data specified.","meta":{"rootId":"0j1z3cop3v66k4e","id":"0j1z3cop3v66k4e"},"id":"qhpc7pld8im5yfg","previousOperationId":"gudcv4xlrxkps6l"}
{"type":"log","timestamp":1764977048964,"level":"debug","message":"Base url not specified, skipping its injection.","meta":{"rootId":"0j1z3cop3v66k4e","id":"0j1z3cop3v66k4e"},"id":"aefowu9hdw8783n","previousOperationId":"gudcv4xlrxkps6l"}
{"type":"operationStart","subtype":"engine","name":"handlebars","timestamp":1764977048965,"id":"qi73lwdpkelkip2","previousEventId":"zq19wkj49bvxxdf","operationId":"u6lso2jdjisegdx","previousOperationId":"gudcv4xlrxkps6l"}
{"type":"log","timestamp":1764977048965,"level":"debug","message":"Rendering engine handlebars","meta":{"rootId":"0j1z3cop3v66k4e","id":"0j1z3cop3v66k4e"},"id":"pr357j1kgo8sp7i","previousOperationId":"u6lso2jdjisegdx"}
{"type":"operationEnd","operationId":"u6lso2jdjisegdx","timestamp":1764977048982,"id":"edbcb70xm5d5xgv","previousEventId":"qi73lwdpkelkip2","previousOperationId":"u6lso2jdjisegdx"}
{"type":"operationStart","subtype":"recipe","name":"pptx","timestamp":1764977048982,"id":"2473bf80xoi8b46","previousEventId":"edbcb70xm5d5xgv","operationId":"sp0ec5v9f0frpcr","previousOperationId":"u6lso2jdjisegdx"}
{"type":"log","timestamp":1764977048983,"level":"debug","message":"Executing recipe pptx","meta":{"rootId":"0j1z3cop3v66k4e","id":"0j1z3cop3v66k4e"},"id":"c96g5703fbwtul7","previousOperationId":"sp0ec5v9f0frpcr"}
{"type":"log","timestamp":1764977048983,"level":"info","message":"pptx generation is starting","meta":{"rootId":"0j1z3cop3v66k4e","id":"0j1z3cop3v66k4e"},"id":"0k4f1a1lzxscq00","previousOperationId":"sp0ec5v9f0frpcr"}
{"type":"log","timestamp":1764977049131,"level":"debug","message":"Starting child request to render pptx dynamic parts","meta":{"rootId":"0j1z3cop3v66k4e","id":"0j1z3cop3v66k4e"},"id":"4gkrghgiynu2289","previousOperationId":"sp0ec5v9f0frpcr"}
{"type":"operationStart","subtype":"render","name":"anonymous","previousOperationId":"sp0ec5v9f0frpcr","timestamp":1764977049132,"id":"tif9p7xvma9n5sv","previousEventId":"2473bf80xoi8b46","operationId":"j48adydy0kcid2j"}
{"type":"log","timestamp":1764977049132,"level":"info","message":"Starting rendering (child) request","meta":{"rootId":"0j1z3cop3v66k4e","id":"m9kycs7z0yj010i"},"id":"ugycaynjacfckdl","previousOperationId":"j48adydy0kcid2j"}
{"type":"log","timestamp":1764977049132,"level":"info","message":"Rendering anonymous template { recipe: html, engine: handlebars }","meta":{"rootId":"0j1z3cop3v66k4e","id":"m9kycs7z0yj010i"},"id":"ew138tu3szhlusi","previousOperationId":"j48adydy0kcid2j"}
{"type":"log","timestamp":1764977049132,"level":"debug","message":"Inline data specified.","meta":{"rootId":"0j1z3cop3v66k4e","id":"m9kycs7z0yj010i"},"id":"vjkm2yjcb5lyk0b","previousOperationId":"j48adydy0kcid2j"}
{"type":"log","timestamp":1764977049141,"level":"debug","message":"Base url not specified, skipping its injection.","meta":{"rootId":"0j1z3cop3v66k4e","id":"m9kycs7z0yj010i"},"id":"dip8uxu4o8n7mxy","previousOperationId":"j48adydy0kcid2j"}
{"type":"operationStart","subtype":"engine","name":"handlebars","timestamp":1764977049142,"id":"6kcvsqjrvnqi4pv","previousEventId":"tif9p7xvma9n5sv","operationId":"r1yre92fl1svex2","previousOperationId":"j48adydy0kcid2j"}
{"type":"log","timestamp":1764977049142,"level":"debug","message":"Rendering engine handlebars","meta":{"rootId":"0j1z3cop3v66k4e","id":"m9kycs7z0yj010i"},"id":"z0mcjwyubfx18ev","previousOperationId":"r1yre92fl1svex2"}
{"type":"operationEnd","operationId":"r1yre92fl1svex2","timestamp":1764977049165,"id":"8axz5mhlbczayi8","previousEventId":"6kcvsqjrvnqi4pv","previousOperationId":"r1yre92fl1svex2"}
{"type":"operationStart","subtype":"recipe","name":"html","timestamp":1764977049169,"id":"pyedfnqcv0pfbct","previousEventId":"8axz5mhlbczayi8","operationId":"d3m2t863meb6he0","previousOperationId":"r1yre92fl1svex2"}
{"type":"log","timestamp":1764977049169,"level":"debug","message":"Executing recipe html","meta":{"rootId":"0j1z3cop3v66k4e","id":"m9kycs7z0yj010i"},"id":"kd27uuucxvc62f0","previousOperationId":"d3m2t863meb6he0"}
{"type":"operationEnd","operationId":"d3m2t863meb6he0","timestamp":1764977049169,"id":"oxn4gouu5bqqx2x","previousEventId":"pyedfnqcv0pfbct","previousOperationId":"d3m2t863meb6he0"}
{"type":"log","timestamp":1764977049169,"level":"debug","message":"Skipping storing report.","meta":{"rootId":"0j1z3cop3v66k4e","id":"m9kycs7z0yj010i"},"id":"dw0qwfayp6w0tuf","previousOperationId":"d3m2t863meb6he0"}
{"type":"log","timestamp":1764977049170,"level":"info","message":"Rendering (child) request finished in 231 ms","meta":{"rootId":"0j1z3cop3v66k4e","id":"m9kycs7z0yj010i"},"id":"lml33d380b3a95x","previousOperationId":"d3m2t863meb6he0"}
{"type":"operationEnd","subtype":"render","operationId":"j48adydy0kcid2j","timestamp":1764977049170,"id":"5ed2s4kjwn5qlp3","previousEventId":"oxn4gouu5bqqx2x","previousOperationId":"d3m2t863meb6he0"}
{"type":"log","timestamp":1764977050248,"level":"debug","message":"pptx successfully zipped","meta":{"rootId":"0j1z3cop3v66k4e","id":"0j1z3cop3v66k4e"},"id":"58hw23p5tflrs81","previousOperationId":"sp0ec5v9f0frpcr"}
{"type":"log","timestamp":1764977050248,"level":"info","message":"pptx generation was finished","meta":{"rootId":"0j1z3cop3v66k4e","id":"0j1z3cop3v66k4e"},"id":"k89gfvyjtchrhm9","previousOperationId":"sp0ec5v9f0frpcr"}
{"type":"operationEnd","operationId":"sp0ec5v9f0frpcr","timestamp":1764977050253,"id":"we6yurcn3it625b","previousEventId":"2473bf80xoi8b46","previousOperationId":"sp0ec5v9f0frpcr"}
{"type":"log","timestamp":1764977050253,"level":"debug","message":"Skipping storing report.","meta":{"rootId":"0j1z3cop3v66k4e","id":"0j1z3cop3v66k4e"},"id":"wzzmzgizr1d1iwd","previousOperationId":"sp0ec5v9f0frpcr"}
{"type":"log","timestamp":1764977050253,"level":"info","message":"Rendering request 8 finished in 1314 ms","meta":{"rootId":"0j1z3cop3v66k4e","id":"0j1z3cop3v66k4e"},"id":"za8toateu9woh4l","previousOperationId":"sp0ec5v9f0frpcr"}
{"type":"operationEnd","subtype":"render","operationId":"gudcv4xlrxkps6l","timestamp":1764977050253,"id":"dwnndodly38hurs","previousEventId":"we6yurcn3it625b","previousOperationId":"sp0ec5v9f0frpcr"}
{"type":"operationEnd","doDiffs":false,"previousEventId":"784wex1v0t2dypy","previousOperationId":"qfggw5e9gf1tnsk","operationId":"qfggw5e9gf1tnsk","timestamp":1764977050259,"id":"isw023iy8c22u7b"}
