{"type":"operationStart","subtype":"profile","data":{"_id":"x4vuCo1R2pkgTDDr","timestamp":"2025-12-04T23:02:20.011Z","state":"running","mode":"standard","creationDate":"2025-12-04T23:02:20.015Z","modificationDate":"2025-12-04T23:02:20.015Z","shortid":"wcw8Ckm","$entitySet":"profiles","timeout":60000},"doDiffs":false,"timestamp":1764889340014,"id":"nw3gnhyggp8i75p","previousOperationId":null,"operationId":"j2vsb2fdi0ng4y2"}
{"type":"log","level":"info","message":"Render request 3 queued for execution and waiting for available worker","previousOperationId":"j2vsb2fdi0ng4y2","timestamp":1764889340014,"id":"0v5wtnypplxquyl"}
{"type":"operationStart","subtype":"render","name":"anonymous","previousOperationId":"j2vsb2fdi0ng4y2","timestamp":1764889340032,"id":"r46pufxtn5xu5vo","previousEventId":"nw3gnhyggp8i75p","operationId":"veuitfhg37ptlm4"}
{"type":"log","timestamp":1764889340032,"level":"info","message":"Starting rendering request 3","meta":{"rootId":"0nnlkdj9525s65i","id":"0nnlkdj9525s65i"},"id":"eis3bwv0l3941tj","previousOperationId":"veuitfhg37ptlm4"}
{"type":"log","timestamp":1764889340033,"level":"info","message":"Rendering anonymous template { recipe: pptx, engine: handlebars }","meta":{"rootId":"0nnlkdj9525s65i","id":"0nnlkdj9525s65i"},"id":"b013yufirwydbge","previousOperationId":"veuitfhg37ptlm4"}
{"type":"log","timestamp":1764889340034,"level":"debug","message":"Inline data specified.","meta":{"rootId":"0nnlkdj9525s65i","id":"0nnlkdj9525s65i"},"id":"ccqj6i8gvtdib1a","previousOperationId":"veuitfhg37ptlm4"}
{"type":"log","timestamp":1764889340038,"level":"debug","message":"Base url not specified, skipping its injection.","meta":{"rootId":"0nnlkdj9525s65i","id":"0nnlkdj9525s65i"},"id":"76uqdn5r6k0rq1c","previousOperationId":"veuitfhg37ptlm4"}
{"type":"operationStart","subtype":"engine","name":"handlebars","timestamp":1764889340039,"id":"14ej5aiwfc9pjx6","previousEventId":"r46pufxtn5xu5vo","operationId":"gchtdrk5zj3g2a3","previousOperationId":"veuitfhg37ptlm4"}
{"type":"log","timestamp":1764889340040,"level":"debug","message":"Rendering engine handlebars","meta":{"rootId":"0nnlkdj9525s65i","id":"0nnlkdj9525s65i"},"id":"j46r14a7kmpx3li","previousOperationId":"gchtdrk5zj3g2a3"}
{"type":"operationEnd","operationId":"gchtdrk5zj3g2a3","timestamp":1764889340067,"id":"5nu3lfsewfjj3xz","previousEventId":"14ej5aiwfc9pjx6","previousOperationId":"gchtdrk5zj3g2a3"}
{"type":"operationStart","subtype":"recipe","name":"pptx","timestamp":1764889340068,"id":"sapimp6429ngkk3","previousEventId":"5nu3lfsewfjj3xz","operationId":"w70lxxlt3q6vehc","previousOperationId":"gchtdrk5zj3g2a3"}
{"type":"log","timestamp":1764889340068,"level":"debug","message":"Executing recipe pptx","meta":{"rootId":"0nnlkdj9525s65i","id":"0nnlkdj9525s65i"},"id":"f0crgt63xxpkjnl","previousOperationId":"w70lxxlt3q6vehc"}
{"type":"log","timestamp":1764889340069,"level":"info","message":"pptx generation is starting","meta":{"rootId":"0nnlkdj9525s65i","id":"0nnlkdj9525s65i"},"id":"thjmcq1gat0l3xu","previousOperationId":"w70lxxlt3q6vehc"}
{"type":"log","timestamp":1764889340264,"level":"debug","message":"Starting child request to render pptx dynamic parts","meta":{"rootId":"0nnlkdj9525s65i","id":"0nnlkdj9525s65i"},"id":"lxccxavicxnxcxt","previousOperationId":"w70lxxlt3q6vehc"}
{"type":"operationStart","subtype":"render","name":"anonymous","previousOperationId":"w70lxxlt3q6vehc","timestamp":1764889340265,"id":"aa9mjro1blcgrgl","previousEventId":"sapimp6429ngkk3","operationId":"icykihy29wlakzs"}
{"type":"log","timestamp":1764889340265,"level":"info","message":"Starting rendering (child) request","meta":{"rootId":"0nnlkdj9525s65i","id":"rgms64apbvuvt7k"},"id":"biucy5dzfgn2vam","previousOperationId":"icykihy29wlakzs"}
{"type":"log","timestamp":1764889340265,"level":"info","message":"Rendering anonymous template { recipe: html, engine: handlebars }","meta":{"rootId":"0nnlkdj9525s65i","id":"rgms64apbvuvt7k"},"id":"9ijoh2bmnihmi20","previousOperationId":"icykihy29wlakzs"}
{"type":"log","timestamp":1764889340265,"level":"debug","message":"Inline data specified.","meta":{"rootId":"0nnlkdj9525s65i","id":"rgms64apbvuvt7k"},"id":"3po5sd8p14kwm5e","previousOperationId":"icykihy29wlakzs"}
{"type":"log","timestamp":1764889340269,"level":"debug","message":"Base url not specified, skipping its injection.","meta":{"rootId":"0nnlkdj9525s65i","id":"rgms64apbvuvt7k"},"id":"qssodp08z5nw71f","previousOperationId":"icykihy29wlakzs"}
{"type":"operationStart","subtype":"engine","name":"handlebars","timestamp":1764889340269,"id":"6l3ctxn2m21gkjh","previousEventId":"aa9mjro1blcgrgl","operationId":"l2fw2v60orx44hm","previousOperationId":"icykihy29wlakzs"}
{"type":"log","timestamp":1764889340269,"level":"debug","message":"Rendering engine handlebars","meta":{"rootId":"0nnlkdj9525s65i","id":"rgms64apbvuvt7k"},"id":"36ommygsqt5zvve","previousOperationId":"l2fw2v60orx44hm"}
{"type":"operationEnd","operationId":"l2fw2v60orx44hm","timestamp":1764889340310,"id":"yalrsa3mo0axvsx","previousEventId":"6l3ctxn2m21gkjh","previousOperationId":"l2fw2v60orx44hm"}
{"type":"operationStart","subtype":"recipe","name":"html","timestamp":1764889340313,"id":"ljjw8ektfwa6kqz","previousEventId":"yalrsa3mo0axvsx","operationId":"nv2kawjumhp9zsl","previousOperationId":"l2fw2v60orx44hm"}
{"type":"log","timestamp":1764889340313,"level":"debug","message":"Executing recipe html","meta":{"rootId":"0nnlkdj9525s65i","id":"rgms64apbvuvt7k"},"id":"vp6fxvn32scvma3","previousOperationId":"nv2kawjumhp9zsl"}
{"type":"operationEnd","operationId":"nv2kawjumhp9zsl","timestamp":1764889340313,"id":"ngv4xqrhk34env1","previousEventId":"ljjw8ektfwa6kqz","previousOperationId":"nv2kawjumhp9zsl"}
{"type":"log","timestamp":1764889340313,"level":"debug","message":"Skipping storing report.","meta":{"rootId":"0nnlkdj9525s65i","id":"rgms64apbvuvt7k"},"id":"449sbm9pxymv479","previousOperationId":"nv2kawjumhp9zsl"}
{"type":"log","timestamp":1764889340313,"level":"info","message":"Rendering (child) request finished in 303 ms","meta":{"rootId":"0nnlkdj9525s65i","id":"rgms64apbvuvt7k"},"id":"r46rl98m2a2czyd","previousOperationId":"nv2kawjumhp9zsl"}
{"type":"operationEnd","subtype":"render","operationId":"icykihy29wlakzs","timestamp":1764889340313,"id":"3si5a24e6y4b3uc","previousEventId":"ngv4xqrhk34env1","previousOperationId":"nv2kawjumhp9zsl"}
{"type":"log","timestamp":1764889340447,"level":"debug","message":"pptx successfully zipped","meta":{"rootId":"0nnlkdj9525s65i","id":"0nnlkdj9525s65i"},"id":"f87or7p9q8byk7g","previousOperationId":"w70lxxlt3q6vehc"}
{"type":"log","timestamp":1764889340448,"level":"info","message":"pptx generation was finished","meta":{"rootId":"0nnlkdj9525s65i","id":"0nnlkdj9525s65i"},"id":"b29eeozbpcrmgak","previousOperationId":"w70lxxlt3q6vehc"}
{"type":"operationEnd","operationId":"w70lxxlt3q6vehc","timestamp":1764889340450,"id":"i43fnb8sqwrhy6k","previousEventId":"sapimp6429ngkk3","previousOperationId":"w70lxxlt3q6vehc"}
{"type":"log","timestamp":1764889340450,"level":"debug","message":"Skipping storing report.","meta":{"rootId":"0nnlkdj9525s65i","id":"0nnlkdj9525s65i"},"id":"4rgcztvratq09fd","previousOperationId":"w70lxxlt3q6vehc"}
{"type":"log","timestamp":1764889340450,"level":"info","message":"Rendering request 3 finished in 440 ms","meta":{"rootId":"0nnlkdj9525s65i","id":"0nnlkdj9525s65i"},"id":"vxv5exgsv94hgvd","previousOperationId":"w70lxxlt3q6vehc"}
{"type":"operationEnd","subtype":"render","operationId":"veuitfhg37ptlm4","timestamp":1764889340450,"id":"g7lc0u58a7pzka5","previousEventId":"i43fnb8sqwrhy6k","previousOperationId":"w70lxxlt3q6vehc"}
{"type":"operationEnd","doDiffs":false,"previousEventId":"nw3gnhyggp8i75p","previousOperationId":"j2vsb2fdi0ng4y2","operationId":"j2vsb2fdi0ng4y2","timestamp":1764889340454,"id":"bj5oijvd5ia56mj"}
