{"type":"operationStart","subtype":"profile","data":{"_id":"sWaJmbzComObQ180","timestamp":"2025-12-05T17:48:18.835Z","state":"running","mode":"standard","creationDate":"2025-12-05T17:48:18.841Z","modificationDate":"2025-12-05T17:48:18.842Z","shortid":"3v0K4Od","$entitySet":"profiles","timeout":60000},"doDiffs":false,"timestamp":1764956898839,"id":"lgub5prl49dn1yg","previousOperationId":null,"operationId":"ghna5t1wy8iky6o"}
{"type":"log","level":"info","message":"Render request 1 queued for execution and waiting for available worker","previousOperationId":"ghna5t1wy8iky6o","timestamp":1764956898839,"id":"jp919wh45lbpnsb"}
{"type":"operationStart","subtype":"render","name":"anonymous","previousOperationId":"ghna5t1wy8iky6o","timestamp":1764956898880,"id":"wishhkbdomkq1s3","previousEventId":"lgub5prl49dn1yg","operationId":"4lflwx1mbr63jlf"}
{"type":"log","timestamp":1764956898881,"level":"info","message":"Starting rendering request 1","meta":{"rootId":"0u3171xu7gooeiz","id":"0u3171xu7gooeiz"},"id":"oerr658vy3unbta","previousOperationId":"4lflwx1mbr63jlf"}
{"type":"log","timestamp":1764956898882,"level":"info","message":"Rendering anonymous template { recipe: pptx, engine: handlebars }","meta":{"rootId":"0u3171xu7gooeiz","id":"0u3171xu7gooeiz"},"id":"6g32wx7n6lrdyig","previousOperationId":"4lflwx1mbr63jlf"}
{"type":"log","timestamp":1764956898882,"level":"debug","message":"Inline data specified.","meta":{"rootId":"0u3171xu7gooeiz","id":"0u3171xu7gooeiz"},"id":"ky1dxongh0yhqgn","previousOperationId":"4lflwx1mbr63jlf"}
{"type":"log","timestamp":1764956898888,"level":"debug","message":"Base url not specified, skipping its injection.","meta":{"rootId":"0u3171xu7gooeiz","id":"0u3171xu7gooeiz"},"id":"s99dhpimb7s5oje","previousOperationId":"4lflwx1mbr63jlf"}
{"type":"operationStart","subtype":"engine","name":"handlebars","timestamp":1764956898890,"id":"l5ohjh3mesn7gn6","previousEventId":"wishhkbdomkq1s3","operationId":"nki7iv1fylno3cj","previousOperationId":"4lflwx1mbr63jlf"}
{"type":"log","timestamp":1764956898890,"level":"debug","message":"Rendering engine handlebars","meta":{"rootId":"0u3171xu7gooeiz","id":"0u3171xu7gooeiz"},"id":"xwm9bqkg5cmeuf9","previousOperationId":"nki7iv1fylno3cj"}
{"type":"operationEnd","operationId":"nki7iv1fylno3cj","timestamp":1764956899672,"id":"0313mz205ox48rg","previousEventId":"l5ohjh3mesn7gn6","previousOperationId":"nki7iv1fylno3cj"}
{"type":"operationStart","subtype":"recipe","name":"pptx","timestamp":1764956899673,"id":"p956w79uap3t0ia","previousEventId":"0313mz205ox48rg","operationId":"yj1pcfzfm2qngqi","previousOperationId":"nki7iv1fylno3cj"}
{"type":"log","timestamp":1764956899673,"level":"debug","message":"Executing recipe pptx","meta":{"rootId":"0u3171xu7gooeiz","id":"0u3171xu7gooeiz"},"id":"c4cpn56uai55bzl","previousOperationId":"yj1pcfzfm2qngqi"}
{"type":"log","timestamp":1764956899850,"level":"info","message":"pptx generation is starting","meta":{"rootId":"0u3171xu7gooeiz","id":"0u3171xu7gooeiz"},"id":"k25hjxpizhqtu9z","previousOperationId":"yj1pcfzfm2qngqi"}
{"type":"log","timestamp":1764956900003,"level":"debug","message":"Starting child request to render pptx dynamic parts","meta":{"rootId":"0u3171xu7gooeiz","id":"0u3171xu7gooeiz"},"id":"f1ec2ndrfhbgpqz","previousOperationId":"yj1pcfzfm2qngqi"}
{"type":"operationStart","subtype":"render","name":"anonymous","previousOperationId":"yj1pcfzfm2qngqi","timestamp":1764956900004,"id":"j3qg53m2bj1850b","previousEventId":"p956w79uap3t0ia","operationId":"oqr3g33m76gr02i"}
{"type":"log","timestamp":1764956900004,"level":"info","message":"Starting rendering (child) request","meta":{"rootId":"0u3171xu7gooeiz","id":"yqub8kpujcrgd0l"},"id":"36lbk5t5m2p4ze7","previousOperationId":"oqr3g33m76gr02i"}
{"type":"log","timestamp":1764956900004,"level":"info","message":"Rendering anonymous template { recipe: html, engine: handlebars }","meta":{"rootId":"0u3171xu7gooeiz","id":"yqub8kpujcrgd0l"},"id":"cfy1mrqqerrprzj","previousOperationId":"oqr3g33m76gr02i"}
{"type":"log","timestamp":1764956900004,"level":"debug","message":"Inline data specified.","meta":{"rootId":"0u3171xu7gooeiz","id":"yqub8kpujcrgd0l"},"id":"05vo1punbyrqvjz","previousOperationId":"oqr3g33m76gr02i"}
{"type":"log","timestamp":1764956900009,"level":"debug","message":"Base url not specified, skipping its injection.","meta":{"rootId":"0u3171xu7gooeiz","id":"yqub8kpujcrgd0l"},"id":"9joymbwz1v61ewh","previousOperationId":"oqr3g33m76gr02i"}
{"type":"operationStart","subtype":"engine","name":"handlebars","timestamp":1764956900010,"id":"plvnivqbcll8bau","previousEventId":"j3qg53m2bj1850b","operationId":"rykds52suapp9iy","previousOperationId":"oqr3g33m76gr02i"}
{"type":"log","timestamp":1764956900010,"level":"debug","message":"Rendering engine handlebars","meta":{"rootId":"0u3171xu7gooeiz","id":"yqub8kpujcrgd0l"},"id":"ntfir9ucn18i2dr","previousOperationId":"rykds52suapp9iy"}
{"type":"operationEnd","operationId":"rykds52suapp9iy","timestamp":1764956900043,"id":"4i6f32qw66gxk4q","previousEventId":"plvnivqbcll8bau","previousOperationId":"rykds52suapp9iy"}
{"type":"operationStart","subtype":"recipe","name":"html","timestamp":1764956900044,"id":"v8uiotk9cveu51q","previousEventId":"4i6f32qw66gxk4q","operationId":"jhaxqet7xrtn6vn","previousOperationId":"rykds52suapp9iy"}
{"type":"log","timestamp":1764956900044,"level":"debug","message":"Executing recipe html","meta":{"rootId":"0u3171xu7gooeiz","id":"yqub8kpujcrgd0l"},"id":"mwe7nfgfc25g67t","previousOperationId":"jhaxqet7xrtn6vn"}
{"type":"operationEnd","operationId":"jhaxqet7xrtn6vn","timestamp":1764956900044,"id":"wcem2sboi3l6c5f","previousEventId":"v8uiotk9cveu51q","previousOperationId":"jhaxqet7xrtn6vn"}
{"type":"log","timestamp":1764956900045,"level":"debug","message":"Skipping storing report.","meta":{"rootId":"0u3171xu7gooeiz","id":"yqub8kpujcrgd0l"},"id":"ayc9lsulmmgfatv","previousOperationId":"jhaxqet7xrtn6vn"}
{"type":"log","timestamp":1764956900045,"level":"info","message":"Rendering (child) request finished in 1212 ms","meta":{"rootId":"0u3171xu7gooeiz","id":"yqub8kpujcrgd0l"},"id":"zj89imk3azjmv8j","previousOperationId":"jhaxqet7xrtn6vn"}
{"type":"operationEnd","subtype":"render","operationId":"oqr3g33m76gr02i","timestamp":1764956900045,"id":"4828quki1ok8ee8","previousEventId":"wcem2sboi3l6c5f","previousOperationId":"jhaxqet7xrtn6vn"}
{"type":"log","timestamp":1764956900591,"level":"debug","message":"pptx successfully zipped","meta":{"rootId":"0u3171xu7gooeiz","id":"0u3171xu7gooeiz"},"id":"zfpqh80sem5j8xo","previousOperationId":"yj1pcfzfm2qngqi"}
{"type":"log","timestamp":1764956900591,"level":"info","message":"pptx generation was finished","meta":{"rootId":"0u3171xu7gooeiz","id":"0u3171xu7gooeiz"},"id":"huy18c47y4f5hds","previousOperationId":"yj1pcfzfm2qngqi"}
{"type":"operationEnd","operationId":"yj1pcfzfm2qngqi","timestamp":1764956900598,"id":"f3932afygws9rcz","previousEventId":"p956w79uap3t0ia","previousOperationId":"yj1pcfzfm2qngqi"}
{"type":"log","timestamp":1764956900598,"level":"debug","message":"Skipping storing report.","meta":{"rootId":"0u3171xu7gooeiz","id":"0u3171xu7gooeiz"},"id":"9mfvma1dtl1gkv2","previousOperationId":"yj1pcfzfm2qngqi"}
{"type":"log","timestamp":1764956900598,"level":"info","message":"Rendering request 1 finished in 1765 ms","meta":{"rootId":"0u3171xu7gooeiz","id":"0u3171xu7gooeiz"},"id":"7sdx0qijctlop6c","previousOperationId":"yj1pcfzfm2qngqi"}
{"type":"operationEnd","subtype":"render","operationId":"4lflwx1mbr63jlf","timestamp":1764956900598,"id":"fvegy8cgzcdd9vz","previousEventId":"f3932afygws9rcz","previousOperationId":"yj1pcfzfm2qngqi"}
{"type":"operationEnd","doDiffs":false,"previousEventId":"lgub5prl49dn1yg","previousOperationId":"ghna5t1wy8iky6o","operationId":"ghna5t1wy8iky6o","timestamp":1764956900603,"id":"f3hkfuh9g49nsan"}
