{"type":"operationStart","subtype":"profile","data":{"_id":"iFd3KE7Zua9VN44P","timestamp":"2025-12-07T11:52:45.137Z","state":"running","mode":"standard","creationDate":"2025-12-07T11:52:45.152Z","modificationDate":"2025-12-07T11:52:45.152Z","shortid":"WKCpduk","$entitySet":"profiles","timeout":60000},"doDiffs":false,"timestamp":1765108365149,"id":"9yqc7sj5gtsggga","previousOperationId":null,"operationId":"uefwwmjq2gyamzw"}
{"type":"log","level":"info","message":"Render request 16 queued for execution and waiting for available worker","previousOperationId":"uefwwmjq2gyamzw","timestamp":1765108365149,"id":"n0dl05usfn567qo"}
{"type":"operationStart","subtype":"render","name":"anonymous","previousOperationId":"uefwwmjq2gyamzw","timestamp":1765108365211,"id":"acavlnnjqym9ynf","previousEventId":"9yqc7sj5gtsggga","operationId":"m1de9mzgi7w869w"}
{"type":"log","timestamp":1765108365211,"level":"info","message":"Starting rendering request 16","meta":{"rootId":"164suf8bhjhtolf","id":"164suf8bhjhtolf"},"id":"1qzz6s76dqvti71","previousOperationId":"m1de9mzgi7w869w"}
{"type":"log","timestamp":1765108365212,"level":"info","message":"Rendering anonymous template { recipe: pptx, engine: handlebars }","meta":{"rootId":"164suf8bhjhtolf","id":"164suf8bhjhtolf"},"id":"8z4t4s224xszxxp","previousOperationId":"m1de9mzgi7w869w"}
{"type":"log","timestamp":1765108365212,"level":"debug","message":"Inline data specified.","meta":{"rootId":"164suf8bhjhtolf","id":"164suf8bhjhtolf"},"id":"2f3p0rd0medb84t","previousOperationId":"m1de9mzgi7w869w"}
{"type":"log","timestamp":1765108365221,"level":"debug","message":"Base url not specified, skipping its injection.","meta":{"rootId":"164suf8bhjhtolf","id":"164suf8bhjhtolf"},"id":"g28h5e50qymxfug","previousOperationId":"m1de9mzgi7w869w"}
{"type":"operationStart","subtype":"engine","name":"handlebars","timestamp":1765108365222,"id":"khhii0x0dhi8gzw","previousEventId":"acavlnnjqym9ynf","operationId":"d30n65b2m4pqv12","previousOperationId":"m1de9mzgi7w869w"}
{"type":"log","timestamp":1765108365222,"level":"debug","message":"Rendering engine handlebars","meta":{"rootId":"164suf8bhjhtolf","id":"164suf8bhjhtolf"},"id":"inhtx4ozwzh2n3a","previousOperationId":"d30n65b2m4pqv12"}
{"type":"operationEnd","operationId":"d30n65b2m4pqv12","timestamp":1765108365245,"id":"wn31ndg8chsbl6y","previousEventId":"khhii0x0dhi8gzw","previousOperationId":"d30n65b2m4pqv12"}
{"type":"operationStart","subtype":"recipe","name":"pptx","timestamp":1765108365246,"id":"oqtmtt6w8029n73","previousEventId":"wn31ndg8chsbl6y","operationId":"kh5drqklanrbffs","previousOperationId":"d30n65b2m4pqv12"}
{"type":"log","timestamp":1765108365246,"level":"debug","message":"Executing recipe pptx","meta":{"rootId":"164suf8bhjhtolf","id":"164suf8bhjhtolf"},"id":"unhxrwat2m0e6bk","previousOperationId":"kh5drqklanrbffs"}
{"type":"log","timestamp":1765108365273,"level":"info","message":"pptx generation is starting","meta":{"rootId":"164suf8bhjhtolf","id":"164suf8bhjhtolf"},"id":"utpjm2uom77s9so","previousOperationId":"kh5drqklanrbffs"}
{"type":"log","timestamp":1765108366866,"level":"debug","message":"Starting child request to render pptx dynamic parts","meta":{"rootId":"164suf8bhjhtolf","id":"164suf8bhjhtolf"},"id":"xdi9koqmg2yooyd","previousOperationId":"kh5drqklanrbffs"}
{"type":"operationStart","subtype":"render","name":"anonymous","previousOperationId":"kh5drqklanrbffs","timestamp":1765108366867,"id":"htzidfah79s5t0f","previousEventId":"oqtmtt6w8029n73","operationId":"rjzh3ufm33lhu7e"}
{"type":"log","timestamp":1765108366867,"level":"info","message":"Starting rendering (child) request","meta":{"rootId":"164suf8bhjhtolf","id":"afpu8q3bzyxaqp0"},"id":"hy0h6sddox6ymhc","previousOperationId":"rjzh3ufm33lhu7e"}
{"type":"log","timestamp":1765108366867,"level":"info","message":"Rendering anonymous template { recipe: html, engine: handlebars }","meta":{"rootId":"164suf8bhjhtolf","id":"afpu8q3bzyxaqp0"},"id":"8v8kgq9r8vpjhhk","previousOperationId":"rjzh3ufm33lhu7e"}
{"type":"log","timestamp":1765108366867,"level":"debug","message":"Inline data specified.","meta":{"rootId":"164suf8bhjhtolf","id":"afpu8q3bzyxaqp0"},"id":"i28hw7r2di9r8vs","previousOperationId":"rjzh3ufm33lhu7e"}
{"type":"log","timestamp":1765108366873,"level":"debug","message":"Base url not specified, skipping its injection.","meta":{"rootId":"164suf8bhjhtolf","id":"afpu8q3bzyxaqp0"},"id":"qqazxbx43nx271u","previousOperationId":"rjzh3ufm33lhu7e"}
{"type":"operationStart","subtype":"engine","name":"handlebars","timestamp":1765108366876,"id":"74orrpuyc9xfpaj","previousEventId":"htzidfah79s5t0f","operationId":"tf290urfofzbg9e","previousOperationId":"rjzh3ufm33lhu7e"}
{"type":"log","timestamp":1765108366876,"level":"debug","message":"Rendering engine handlebars","meta":{"rootId":"164suf8bhjhtolf","id":"afpu8q3bzyxaqp0"},"id":"kd9wk5hc1e3e8rt","previousOperationId":"tf290urfofzbg9e"}
{"type":"operationEnd","operationId":"tf290urfofzbg9e","timestamp":1765108366985,"id":"ij91thwhrqd84ql","previousEventId":"74orrpuyc9xfpaj","previousOperationId":"tf290urfofzbg9e"}
{"type":"operationStart","subtype":"recipe","name":"html","timestamp":1765108367000,"id":"q0b69507sbiirz8","previousEventId":"ij91thwhrqd84ql","operationId":"eixtkbd0qtwrpwv","previousOperationId":"tf290urfofzbg9e"}
{"type":"log","timestamp":1765108367000,"level":"debug","message":"Executing recipe html","meta":{"rootId":"164suf8bhjhtolf","id":"afpu8q3bzyxaqp0"},"id":"mj0278th6pu59pu","previousOperationId":"eixtkbd0qtwrpwv"}
{"type":"operationEnd","operationId":"eixtkbd0qtwrpwv","timestamp":1765108367001,"id":"mkimcv7oju35603","previousEventId":"q0b69507sbiirz8","previousOperationId":"eixtkbd0qtwrpwv"}
{"type":"log","timestamp":1765108367001,"level":"debug","message":"Skipping storing report.","meta":{"rootId":"164suf8bhjhtolf","id":"afpu8q3bzyxaqp0"},"id":"5jv97usli5f5zlz","previousOperationId":"eixtkbd0qtwrpwv"}
{"type":"log","timestamp":1765108367001,"level":"info","message":"Rendering (child) request finished in 1865 ms","meta":{"rootId":"164suf8bhjhtolf","id":"afpu8q3bzyxaqp0"},"id":"b90c2gstnig5tjq","previousOperationId":"eixtkbd0qtwrpwv"}
{"type":"operationEnd","subtype":"render","operationId":"rjzh3ufm33lhu7e","timestamp":1765108367001,"id":"qzbh6942gggqh84","previousEventId":"mkimcv7oju35603","previousOperationId":"eixtkbd0qtwrpwv"}
{"type":"log","timestamp":1765108373496,"level":"debug","message":"pptx successfully zipped","meta":{"rootId":"164suf8bhjhtolf","id":"164suf8bhjhtolf"},"id":"hsqdwzyzs5837mf","previousOperationId":"kh5drqklanrbffs"}
{"type":"log","timestamp":1765108373496,"level":"info","message":"pptx generation was finished","meta":{"rootId":"164suf8bhjhtolf","id":"164suf8bhjhtolf"},"id":"4f5o39z1lwocorr","previousOperationId":"kh5drqklanrbffs"}
{"type":"operationEnd","operationId":"kh5drqklanrbffs","timestamp":1765108373507,"id":"bhpslg7apmwtjqq","previousEventId":"oqtmtt6w8029n73","previousOperationId":"kh5drqklanrbffs"}
{"type":"log","timestamp":1765108373507,"level":"debug","message":"Skipping storing report.","meta":{"rootId":"164suf8bhjhtolf","id":"164suf8bhjhtolf"},"id":"vx06svi04ccc3or","previousOperationId":"kh5drqklanrbffs"}
{"type":"log","timestamp":1765108373507,"level":"info","message":"Rendering request 16 finished in 8371 ms","meta":{"rootId":"164suf8bhjhtolf","id":"164suf8bhjhtolf"},"id":"0ltgh5vfpeqlapn","previousOperationId":"kh5drqklanrbffs"}
{"type":"operationEnd","subtype":"render","operationId":"m1de9mzgi7w869w","timestamp":1765108373507,"id":"4mda88xtx5naaox","previousEventId":"bhpslg7apmwtjqq","previousOperationId":"kh5drqklanrbffs"}
{"type":"operationEnd","doDiffs":false,"previousEventId":"9yqc7sj5gtsggga","previousOperationId":"uefwwmjq2gyamzw","operationId":"uefwwmjq2gyamzw","timestamp":1765108373519,"id":"o86fyxge50wx762"}
