{"type":"operationStart","subtype":"profile","data":{"_id":"GDXzYFGdSo66Dn4T","timestamp":"2025-12-05T08:32:58.858Z","state":"running","mode":"standard","creationDate":"2025-12-05T08:32:58.863Z","modificationDate":"2025-12-05T08:32:58.863Z","shortid":"GZX_imv","$entitySet":"profiles","timeout":60000},"doDiffs":false,"timestamp":1764923578861,"id":"a990ltk9ap3mh59","previousOperationId":null,"operationId":"mq5h8n90xl3t9zo"}
{"type":"log","level":"info","message":"Render request 1 queued for execution and waiting for available worker","previousOperationId":"mq5h8n90xl3t9zo","timestamp":1764923578861,"id":"l22xwdv01j0qedj"}
{"type":"operationStart","subtype":"render","name":"anonymous","previousOperationId":"mq5h8n90xl3t9zo","timestamp":1764923578902,"id":"y7jnp7fen406zgv","previousEventId":"a990ltk9ap3mh59","operationId":"cusjafwk8b6xmm6"}
{"type":"log","timestamp":1764923578903,"level":"info","message":"Starting rendering request 1","meta":{"rootId":"166h4095g7szrar","id":"166h4095g7szrar"},"id":"aj0dkvtt5oalvwo","previousOperationId":"cusjafwk8b6xmm6"}
{"type":"log","timestamp":1764923578905,"level":"info","message":"Rendering anonymous template { recipe: pptx, engine: handlebars }","meta":{"rootId":"166h4095g7szrar","id":"166h4095g7szrar"},"id":"0awdha66d4k7x9g","previousOperationId":"cusjafwk8b6xmm6"}
{"type":"log","timestamp":1764923578906,"level":"debug","message":"Inline data specified.","meta":{"rootId":"166h4095g7szrar","id":"166h4095g7szrar"},"id":"w467qw0wuwml2eb","previousOperationId":"cusjafwk8b6xmm6"}
{"type":"log","timestamp":1764923578917,"level":"debug","message":"Base url not specified, skipping its injection.","meta":{"rootId":"166h4095g7szrar","id":"166h4095g7szrar"},"id":"c9oeti35a8zidp8","previousOperationId":"cusjafwk8b6xmm6"}
{"type":"operationStart","subtype":"engine","name":"handlebars","timestamp":1764923578920,"id":"znvdud3ysf9e6tp","previousEventId":"y7jnp7fen406zgv","operationId":"aia6467x7jd2krf","previousOperationId":"cusjafwk8b6xmm6"}
{"type":"log","timestamp":1764923578920,"level":"debug","message":"Rendering engine handlebars","meta":{"rootId":"166h4095g7szrar","id":"166h4095g7szrar"},"id":"9xj92zbxom5zfli","previousOperationId":"aia6467x7jd2krf"}
{"type":"operationEnd","operationId":"aia6467x7jd2krf","timestamp":1764923580152,"id":"jzsc1s63nzzwy5z","previousEventId":"znvdud3ysf9e6tp","previousOperationId":"aia6467x7jd2krf"}
{"type":"operationStart","subtype":"recipe","name":"pptx","timestamp":1764923580153,"id":"x356bm20935fjes","previousEventId":"jzsc1s63nzzwy5z","operationId":"jgw5fwzv7i5cn18","previousOperationId":"aia6467x7jd2krf"}
{"type":"log","timestamp":1764923580153,"level":"debug","message":"Executing recipe pptx","meta":{"rootId":"166h4095g7szrar","id":"166h4095g7szrar"},"id":"ktca7mrgbzpp2ly","previousOperationId":"jgw5fwzv7i5cn18"}
{"type":"log","timestamp":1764923580294,"level":"info","message":"pptx generation is starting","meta":{"rootId":"166h4095g7szrar","id":"166h4095g7szrar"},"id":"7215n443e5jl455","previousOperationId":"jgw5fwzv7i5cn18"}
{"type":"log","timestamp":1764923580446,"level":"debug","message":"Starting child request to render pptx dynamic parts","meta":{"rootId":"166h4095g7szrar","id":"166h4095g7szrar"},"id":"8726e2vt1qyxflv","previousOperationId":"jgw5fwzv7i5cn18"}
{"type":"operationStart","subtype":"render","name":"anonymous","previousOperationId":"jgw5fwzv7i5cn18","timestamp":1764923580447,"id":"j0ow55g02n7mxo2","previousEventId":"x356bm20935fjes","operationId":"m2j075s1y2mpklc"}
{"type":"log","timestamp":1764923580447,"level":"info","message":"Starting rendering (child) request","meta":{"rootId":"166h4095g7szrar","id":"ltfle1r03n1rcoi"},"id":"qivh4n4wgv3idp6","previousOperationId":"m2j075s1y2mpklc"}
{"type":"log","timestamp":1764923580447,"level":"info","message":"Rendering anonymous template { recipe: html, engine: handlebars }","meta":{"rootId":"166h4095g7szrar","id":"ltfle1r03n1rcoi"},"id":"6vxezsapydm4hqe","previousOperationId":"m2j075s1y2mpklc"}
{"type":"log","timestamp":1764923580447,"level":"debug","message":"Inline data specified.","meta":{"rootId":"166h4095g7szrar","id":"ltfle1r03n1rcoi"},"id":"k8uy3pmmlj9fayg","previousOperationId":"m2j075s1y2mpklc"}
{"type":"log","timestamp":1764923580456,"level":"debug","message":"Base url not specified, skipping its injection.","meta":{"rootId":"166h4095g7szrar","id":"ltfle1r03n1rcoi"},"id":"6wvrcgy5utnbgnl","previousOperationId":"m2j075s1y2mpklc"}
{"type":"operationStart","subtype":"engine","name":"handlebars","timestamp":1764923580457,"id":"8dcpxgqydjmpyzr","previousEventId":"j0ow55g02n7mxo2","operationId":"7qmi00wx3d1m3u7","previousOperationId":"m2j075s1y2mpklc"}
{"type":"log","timestamp":1764923580457,"level":"debug","message":"Rendering engine handlebars","meta":{"rootId":"166h4095g7szrar","id":"ltfle1r03n1rcoi"},"id":"032xrtjr8bj7rbo","previousOperationId":"7qmi00wx3d1m3u7"}
{"type":"operationEnd","operationId":"7qmi00wx3d1m3u7","timestamp":1764923580490,"id":"ruzyt9gvrqt9a8m","previousEventId":"8dcpxgqydjmpyzr","previousOperationId":"7qmi00wx3d1m3u7"}
{"type":"operationStart","subtype":"recipe","name":"html","timestamp":1764923580491,"id":"8js81cq76wef0si","previousEventId":"ruzyt9gvrqt9a8m","operationId":"lwgr6uf9xveuq9o","previousOperationId":"7qmi00wx3d1m3u7"}
{"type":"log","timestamp":1764923580492,"level":"debug","message":"Executing recipe html","meta":{"rootId":"166h4095g7szrar","id":"ltfle1r03n1rcoi"},"id":"koq4ukpfmnikad0","previousOperationId":"lwgr6uf9xveuq9o"}
{"type":"operationEnd","operationId":"lwgr6uf9xveuq9o","timestamp":1764923580492,"id":"8rhv7tasxkvlmwp","previousEventId":"8js81cq76wef0si","previousOperationId":"lwgr6uf9xveuq9o"}
{"type":"log","timestamp":1764923580493,"level":"debug","message":"Skipping storing report.","meta":{"rootId":"166h4095g7szrar","id":"ltfle1r03n1rcoi"},"id":"bj45v4jm0gedmfz","previousOperationId":"lwgr6uf9xveuq9o"}
{"type":"log","timestamp":1764923580493,"level":"info","message":"Rendering (child) request finished in 1637 ms","meta":{"rootId":"166h4095g7szrar","id":"ltfle1r03n1rcoi"},"id":"3vb379frp902jhq","previousOperationId":"lwgr6uf9xveuq9o"}
{"type":"operationEnd","subtype":"render","operationId":"m2j075s1y2mpklc","timestamp":1764923580493,"id":"rd2fsdx096p6hrb","previousEventId":"8rhv7tasxkvlmwp","previousOperationId":"lwgr6uf9xveuq9o"}
{"type":"log","timestamp":1764923581077,"level":"debug","message":"pptx successfully zipped","meta":{"rootId":"166h4095g7szrar","id":"166h4095g7szrar"},"id":"kdaexfkjccp9uv0","previousOperationId":"jgw5fwzv7i5cn18"}
{"type":"log","timestamp":1764923581077,"level":"info","message":"pptx generation was finished","meta":{"rootId":"166h4095g7szrar","id":"166h4095g7szrar"},"id":"nwmgmbodw94esl5","previousOperationId":"jgw5fwzv7i5cn18"}
{"type":"operationEnd","operationId":"jgw5fwzv7i5cn18","timestamp":1764923581087,"id":"ki9tycrew3pi425","previousEventId":"x356bm20935fjes","previousOperationId":"jgw5fwzv7i5cn18"}
{"type":"log","timestamp":1764923581087,"level":"debug","message":"Skipping storing report.","meta":{"rootId":"166h4095g7szrar","id":"166h4095g7szrar"},"id":"wz2tps5wqkrfoc7","previousOperationId":"jgw5fwzv7i5cn18"}
{"type":"log","timestamp":1764923581087,"level":"info","message":"Rendering request 1 finished in 2231 ms","meta":{"rootId":"166h4095g7szrar","id":"166h4095g7szrar"},"id":"uwymv83s249ezlb","previousOperationId":"jgw5fwzv7i5cn18"}
{"type":"operationEnd","subtype":"render","operationId":"cusjafwk8b6xmm6","timestamp":1764923581087,"id":"bwc26kb12mddab0","previousEventId":"ki9tycrew3pi425","previousOperationId":"jgw5fwzv7i5cn18"}
{"type":"operationEnd","doDiffs":false,"previousEventId":"a990ltk9ap3mh59","previousOperationId":"mq5h8n90xl3t9zo","operationId":"mq5h8n90xl3t9zo","timestamp":1764923581093,"id":"13yasr6jm79fp1h"}
