{"type":"operationStart","subtype":"profile","data":{"_id":"OkE3E0rRNVQyGd8G","timestamp":"2025-12-05T13:27:18.815Z","state":"running","mode":"standard","creationDate":"2025-12-05T13:27:18.821Z","modificationDate":"2025-12-05T13:27:18.821Z","shortid":"WiMJW-W","$entitySet":"profiles","timeout":60000},"doDiffs":false,"timestamp":1764941238819,"id":"3e7dip918t9nogh","previousOperationId":null,"operationId":"q737yqucnmib5c1"}
{"type":"log","level":"info","message":"Render request 5 queued for execution and waiting for available worker","previousOperationId":"q737yqucnmib5c1","timestamp":1764941238819,"id":"r707dhyl7u3wimz"}
{"type":"operationStart","subtype":"render","name":"anonymous","previousOperationId":"q737yqucnmib5c1","timestamp":1764941238835,"id":"mn7au52oqg9bbrh","previousEventId":"3e7dip918t9nogh","operationId":"rc087numbqefb0t"}
{"type":"log","timestamp":1764941238836,"level":"info","message":"Starting rendering request 5","meta":{"rootId":"1aoeuwnnj4qy7ed","id":"1aoeuwnnj4qy7ed"},"id":"b0ykf33xp2aeaq2","previousOperationId":"rc087numbqefb0t"}
{"type":"log","timestamp":1764941238837,"level":"info","message":"Rendering anonymous template { recipe: pptx, engine: handlebars }","meta":{"rootId":"1aoeuwnnj4qy7ed","id":"1aoeuwnnj4qy7ed"},"id":"75etax5kh1zmno8","previousOperationId":"rc087numbqefb0t"}
{"type":"log","timestamp":1764941238837,"level":"debug","message":"Inline data specified.","meta":{"rootId":"1aoeuwnnj4qy7ed","id":"1aoeuwnnj4qy7ed"},"id":"ceo1dl2mj2ckla6","previousOperationId":"rc087numbqefb0t"}
{"type":"log","timestamp":1764941238839,"level":"debug","message":"Base url not specified, skipping its injection.","meta":{"rootId":"1aoeuwnnj4qy7ed","id":"1aoeuwnnj4qy7ed"},"id":"l5ro7pvsll3oyaa","previousOperationId":"rc087numbqefb0t"}
{"type":"operationStart","subtype":"engine","name":"handlebars","timestamp":1764941238840,"id":"tudc1xhhg2gfq8c","previousEventId":"mn7au52oqg9bbrh","operationId":"y0djebsy2c25ndp","previousOperationId":"rc087numbqefb0t"}
{"type":"log","timestamp":1764941238840,"level":"debug","message":"Rendering engine handlebars","meta":{"rootId":"1aoeuwnnj4qy7ed","id":"1aoeuwnnj4qy7ed"},"id":"qy49xa00avxcx9b","previousOperationId":"y0djebsy2c25ndp"}
{"type":"operationEnd","operationId":"y0djebsy2c25ndp","timestamp":1764941238862,"id":"zdjjz9gprum5bw4","previousEventId":"tudc1xhhg2gfq8c","previousOperationId":"y0djebsy2c25ndp"}
{"type":"operationStart","subtype":"recipe","name":"pptx","timestamp":1764941238863,"id":"flhkga6a70omgfr","previousEventId":"zdjjz9gprum5bw4","operationId":"d9yad6gzwe4iyj4","previousOperationId":"y0djebsy2c25ndp"}
{"type":"log","timestamp":1764941238863,"level":"debug","message":"Executing recipe pptx","meta":{"rootId":"1aoeuwnnj4qy7ed","id":"1aoeuwnnj4qy7ed"},"id":"03ga7ixrtwda2hn","previousOperationId":"d9yad6gzwe4iyj4"}
{"type":"log","timestamp":1764941238863,"level":"info","message":"pptx generation is starting","meta":{"rootId":"1aoeuwnnj4qy7ed","id":"1aoeuwnnj4qy7ed"},"id":"vc533rdgn5xajt3","previousOperationId":"d9yad6gzwe4iyj4"}
{"type":"log","timestamp":1764941239009,"level":"debug","message":"Starting child request to render pptx dynamic parts","meta":{"rootId":"1aoeuwnnj4qy7ed","id":"1aoeuwnnj4qy7ed"},"id":"1kizzs8cy8simfj","previousOperationId":"d9yad6gzwe4iyj4"}
{"type":"operationStart","subtype":"render","name":"anonymous","previousOperationId":"d9yad6gzwe4iyj4","timestamp":1764941239009,"id":"9qfszb580foc4hq","previousEventId":"flhkga6a70omgfr","operationId":"r3l6u1jhmd8p4xu"}
{"type":"log","timestamp":1764941239009,"level":"info","message":"Starting rendering (child) request","meta":{"rootId":"1aoeuwnnj4qy7ed","id":"wg2ts3kb1nglxry"},"id":"d6iapo56zim3oqe","previousOperationId":"r3l6u1jhmd8p4xu"}
{"type":"log","timestamp":1764941239010,"level":"info","message":"Rendering anonymous template { recipe: html, engine: handlebars }","meta":{"rootId":"1aoeuwnnj4qy7ed","id":"wg2ts3kb1nglxry"},"id":"qdvvhc2fski5coh","previousOperationId":"r3l6u1jhmd8p4xu"}
{"type":"log","timestamp":1764941239010,"level":"debug","message":"Inline data specified.","meta":{"rootId":"1aoeuwnnj4qy7ed","id":"wg2ts3kb1nglxry"},"id":"hrtmoovuqo82pvx","previousOperationId":"r3l6u1jhmd8p4xu"}
{"type":"log","timestamp":1764941239015,"level":"debug","message":"Base url not specified, skipping its injection.","meta":{"rootId":"1aoeuwnnj4qy7ed","id":"wg2ts3kb1nglxry"},"id":"fz01jqlgj3mqf3t","previousOperationId":"r3l6u1jhmd8p4xu"}
{"type":"operationStart","subtype":"engine","name":"handlebars","timestamp":1764941239015,"id":"817h2hhd30cvzvn","previousEventId":"9qfszb580foc4hq","operationId":"h826y144h8frifv","previousOperationId":"r3l6u1jhmd8p4xu"}
{"type":"log","timestamp":1764941239015,"level":"debug","message":"Rendering engine handlebars","meta":{"rootId":"1aoeuwnnj4qy7ed","id":"wg2ts3kb1nglxry"},"id":"odwzifmsr5jj1em","previousOperationId":"h826y144h8frifv"}
{"type":"operationEnd","operationId":"h826y144h8frifv","timestamp":1764941239045,"id":"o9r6odbpk0r9svb","previousEventId":"817h2hhd30cvzvn","previousOperationId":"h826y144h8frifv"}
{"type":"operationStart","subtype":"recipe","name":"html","timestamp":1764941239048,"id":"995cd9qs4i3af6k","previousEventId":"o9r6odbpk0r9svb","operationId":"546op5qwjpwapkn","previousOperationId":"h826y144h8frifv"}
{"type":"log","timestamp":1764941239048,"level":"debug","message":"Executing recipe html","meta":{"rootId":"1aoeuwnnj4qy7ed","id":"wg2ts3kb1nglxry"},"id":"wr41zczt4wqaeur","previousOperationId":"546op5qwjpwapkn"}
{"type":"operationEnd","operationId":"546op5qwjpwapkn","timestamp":1764941239048,"id":"ghgmn9khqa31gq0","previousEventId":"995cd9qs4i3af6k","previousOperationId":"546op5qwjpwapkn"}
{"type":"log","timestamp":1764941239049,"level":"debug","message":"Skipping storing report.","meta":{"rootId":"1aoeuwnnj4qy7ed","id":"wg2ts3kb1nglxry"},"id":"0soa5013a2tlvks","previousOperationId":"546op5qwjpwapkn"}
{"type":"log","timestamp":1764941239049,"level":"info","message":"Rendering (child) request finished in 235 ms","meta":{"rootId":"1aoeuwnnj4qy7ed","id":"wg2ts3kb1nglxry"},"id":"hbjn2jmopkwuaf5","previousOperationId":"546op5qwjpwapkn"}
{"type":"operationEnd","subtype":"render","operationId":"r3l6u1jhmd8p4xu","timestamp":1764941239049,"id":"ym1w20drpd5nkxj","previousEventId":"ghgmn9khqa31gq0","previousOperationId":"546op5qwjpwapkn"}
{"type":"log","timestamp":1764941239188,"level":"debug","message":"pptx successfully zipped","meta":{"rootId":"1aoeuwnnj4qy7ed","id":"1aoeuwnnj4qy7ed"},"id":"0acxz921iq2e7rt","previousOperationId":"d9yad6gzwe4iyj4"}
{"type":"log","timestamp":1764941239188,"level":"info","message":"pptx generation was finished","meta":{"rootId":"1aoeuwnnj4qy7ed","id":"1aoeuwnnj4qy7ed"},"id":"o9scq6oeqlznil5","previousOperationId":"d9yad6gzwe4iyj4"}
{"type":"operationEnd","operationId":"d9yad6gzwe4iyj4","timestamp":1764941239191,"id":"q7957jew0swnh5l","previousEventId":"flhkga6a70omgfr","previousOperationId":"d9yad6gzwe4iyj4"}
{"type":"log","timestamp":1764941239191,"level":"debug","message":"Skipping storing report.","meta":{"rootId":"1aoeuwnnj4qy7ed","id":"1aoeuwnnj4qy7ed"},"id":"3ljy9nxo7lxw9zk","previousOperationId":"d9yad6gzwe4iyj4"}
{"type":"log","timestamp":1764941239192,"level":"info","message":"Rendering request 5 finished in 378 ms","meta":{"rootId":"1aoeuwnnj4qy7ed","id":"1aoeuwnnj4qy7ed"},"id":"rxul94ff4rtimov","previousOperationId":"d9yad6gzwe4iyj4"}
{"type":"operationEnd","subtype":"render","operationId":"rc087numbqefb0t","timestamp":1764941239192,"id":"ih0p89zgtbikcg0","previousEventId":"q7957jew0swnh5l","previousOperationId":"d9yad6gzwe4iyj4"}
{"type":"operationEnd","doDiffs":false,"previousEventId":"3e7dip918t9nogh","previousOperationId":"q737yqucnmib5c1","operationId":"q737yqucnmib5c1","timestamp":1764941239196,"id":"7xk9eh92va2wnpb"}
