{"type":"operationStart","subtype":"profile","data":{"_id":"bxKuyA5dC6706oCm","timestamp":"2025-12-05T22:45:04.810Z","state":"running","mode":"standard","creationDate":"2025-12-05T22:45:04.815Z","modificationDate":"2025-12-05T22:45:04.815Z","shortid":"QE4kgJC","$entitySet":"profiles","timeout":60000},"doDiffs":false,"timestamp":1764974704813,"id":"eohm3xdofn3tom5","previousOperationId":null,"operationId":"xbhp5qpl4hibuz2"}
{"type":"log","level":"info","message":"Render request 4 queued for execution and waiting for available worker","previousOperationId":"xbhp5qpl4hibuz2","timestamp":1764974704813,"id":"02fnts21mabskee"}
{"type":"operationStart","subtype":"render","name":"anonymous","previousOperationId":"xbhp5qpl4hibuz2","timestamp":1764974704830,"id":"k47se3ox1w237n2","previousEventId":"eohm3xdofn3tom5","operationId":"ixbm9ejebey4wgk"}
{"type":"log","timestamp":1764974704830,"level":"info","message":"Starting rendering request 4","meta":{"rootId":"1f3opqdjq67mfjl","id":"1f3opqdjq67mfjl"},"id":"fb2lutaj62m42qz","previousOperationId":"ixbm9ejebey4wgk"}
{"type":"log","timestamp":1764974704831,"level":"info","message":"Rendering anonymous template { recipe: pptx, engine: handlebars }","meta":{"rootId":"1f3opqdjq67mfjl","id":"1f3opqdjq67mfjl"},"id":"4xami6n68iaaiej","previousOperationId":"ixbm9ejebey4wgk"}
{"type":"log","timestamp":1764974704831,"level":"debug","message":"Inline data specified.","meta":{"rootId":"1f3opqdjq67mfjl","id":"1f3opqdjq67mfjl"},"id":"ovtfchlfxvkn5l7","previousOperationId":"ixbm9ejebey4wgk"}
{"type":"log","timestamp":1764974704833,"level":"debug","message":"Base url not specified, skipping its injection.","meta":{"rootId":"1f3opqdjq67mfjl","id":"1f3opqdjq67mfjl"},"id":"u8cux7a9yrpj1iy","previousOperationId":"ixbm9ejebey4wgk"}
{"type":"operationStart","subtype":"engine","name":"handlebars","timestamp":1764974704834,"id":"pa5ifpejzw3go3u","previousEventId":"k47se3ox1w237n2","operationId":"e7md5jibuxhpo98","previousOperationId":"ixbm9ejebey4wgk"}
{"type":"log","timestamp":1764974704834,"level":"debug","message":"Rendering engine handlebars","meta":{"rootId":"1f3opqdjq67mfjl","id":"1f3opqdjq67mfjl"},"id":"9g9p356mavzrrry","previousOperationId":"e7md5jibuxhpo98"}
{"type":"operationEnd","operationId":"e7md5jibuxhpo98","timestamp":1764974704849,"id":"fwremdzmkov9w9v","previousEventId":"pa5ifpejzw3go3u","previousOperationId":"e7md5jibuxhpo98"}
{"type":"operationStart","subtype":"recipe","name":"pptx","timestamp":1764974704849,"id":"54iuvi8mtvipbi3","previousEventId":"fwremdzmkov9w9v","operationId":"1yv1nasnnsq4fab","previousOperationId":"e7md5jibuxhpo98"}
{"type":"log","timestamp":1764974704850,"level":"debug","message":"Executing recipe pptx","meta":{"rootId":"1f3opqdjq67mfjl","id":"1f3opqdjq67mfjl"},"id":"b4dz8rc4p4x2cet","previousOperationId":"1yv1nasnnsq4fab"}
{"type":"log","timestamp":1764974704850,"level":"info","message":"pptx generation is starting","meta":{"rootId":"1f3opqdjq67mfjl","id":"1f3opqdjq67mfjl"},"id":"42majysfkhpax3o","previousOperationId":"1yv1nasnnsq4fab"}
{"type":"log","timestamp":1764974704982,"level":"debug","message":"Starting child request to render pptx dynamic parts","meta":{"rootId":"1f3opqdjq67mfjl","id":"1f3opqdjq67mfjl"},"id":"cgssftxcf8oce9q","previousOperationId":"1yv1nasnnsq4fab"}
{"type":"operationStart","subtype":"render","name":"anonymous","previousOperationId":"1yv1nasnnsq4fab","timestamp":1764974704982,"id":"8f5jry0asmurey4","previousEventId":"54iuvi8mtvipbi3","operationId":"5qwa99xruajf2ue"}
{"type":"log","timestamp":1764974704982,"level":"info","message":"Starting rendering (child) request","meta":{"rootId":"1f3opqdjq67mfjl","id":"5x0yiso9zqudfh3"},"id":"xu3kcigesgqq6we","previousOperationId":"5qwa99xruajf2ue"}
{"type":"log","timestamp":1764974704982,"level":"info","message":"Rendering anonymous template { recipe: html, engine: handlebars }","meta":{"rootId":"1f3opqdjq67mfjl","id":"5x0yiso9zqudfh3"},"id":"319g5cigbvmc6ux","previousOperationId":"5qwa99xruajf2ue"}
{"type":"log","timestamp":1764974704982,"level":"debug","message":"Inline data specified.","meta":{"rootId":"1f3opqdjq67mfjl","id":"5x0yiso9zqudfh3"},"id":"152ymtao5ivzzt1","previousOperationId":"5qwa99xruajf2ue"}
{"type":"log","timestamp":1764974704992,"level":"debug","message":"Base url not specified, skipping its injection.","meta":{"rootId":"1f3opqdjq67mfjl","id":"5x0yiso9zqudfh3"},"id":"ljnp1zqkqbreog3","previousOperationId":"5qwa99xruajf2ue"}
{"type":"operationStart","subtype":"engine","name":"handlebars","timestamp":1764974704993,"id":"lxv8wchrmo5lqww","previousEventId":"8f5jry0asmurey4","operationId":"e7a5btocblnoyjt","previousOperationId":"5qwa99xruajf2ue"}
{"type":"log","timestamp":1764974704993,"level":"debug","message":"Rendering engine handlebars","meta":{"rootId":"1f3opqdjq67mfjl","id":"5x0yiso9zqudfh3"},"id":"atseqr62jtqr16u","previousOperationId":"e7a5btocblnoyjt"}
{"type":"operationEnd","operationId":"e7a5btocblnoyjt","timestamp":1764974705024,"id":"umtl9tthsue6p9w","previousEventId":"lxv8wchrmo5lqww","previousOperationId":"e7a5btocblnoyjt"}
{"type":"operationStart","subtype":"recipe","name":"html","timestamp":1764974705026,"id":"t4kt641pd87inc6","previousEventId":"umtl9tthsue6p9w","operationId":"z8q6ldxbajbku60","previousOperationId":"e7a5btocblnoyjt"}
{"type":"log","timestamp":1764974705026,"level":"debug","message":"Executing recipe html","meta":{"rootId":"1f3opqdjq67mfjl","id":"5x0yiso9zqudfh3"},"id":"nihk8qd6zvlv1on","previousOperationId":"z8q6ldxbajbku60"}
{"type":"operationEnd","operationId":"z8q6ldxbajbku60","timestamp":1764974705026,"id":"o2y4affvddqtkfd","previousEventId":"t4kt641pd87inc6","previousOperationId":"z8q6ldxbajbku60"}
{"type":"log","timestamp":1764974705026,"level":"debug","message":"Skipping storing report.","meta":{"rootId":"1f3opqdjq67mfjl","id":"5x0yiso9zqudfh3"},"id":"fwjsi2j4iyikilc","previousOperationId":"z8q6ldxbajbku60"}
{"type":"log","timestamp":1764974705026,"level":"info","message":"Rendering (child) request finished in 216 ms","meta":{"rootId":"1f3opqdjq67mfjl","id":"5x0yiso9zqudfh3"},"id":"4ce4q7l8v3vjswk","previousOperationId":"z8q6ldxbajbku60"}
{"type":"operationEnd","subtype":"render","operationId":"5qwa99xruajf2ue","timestamp":1764974705026,"id":"9jjy4x1ikjkatca","previousEventId":"o2y4affvddqtkfd","previousOperationId":"z8q6ldxbajbku60"}
{"type":"log","timestamp":1764974707181,"level":"debug","message":"pptx successfully zipped","meta":{"rootId":"1f3opqdjq67mfjl","id":"1f3opqdjq67mfjl"},"id":"544nqfu2v2l1ozw","previousOperationId":"1yv1nasnnsq4fab"}
{"type":"log","timestamp":1764974707182,"level":"info","message":"pptx generation was finished","meta":{"rootId":"1f3opqdjq67mfjl","id":"1f3opqdjq67mfjl"},"id":"fwojzc01aknhxkx","previousOperationId":"1yv1nasnnsq4fab"}
{"type":"operationEnd","operationId":"1yv1nasnnsq4fab","timestamp":1764974707185,"id":"iqijs3h2z3l5yce","previousEventId":"54iuvi8mtvipbi3","previousOperationId":"1yv1nasnnsq4fab"}
{"type":"log","timestamp":1764974707185,"level":"debug","message":"Skipping storing report.","meta":{"rootId":"1f3opqdjq67mfjl","id":"1f3opqdjq67mfjl"},"id":"o0fnwur3w1h8hdx","previousOperationId":"1yv1nasnnsq4fab"}
{"type":"log","timestamp":1764974707185,"level":"info","message":"Rendering request 4 finished in 2375 ms","meta":{"rootId":"1f3opqdjq67mfjl","id":"1f3opqdjq67mfjl"},"id":"l1tae7ahqih8kbo","previousOperationId":"1yv1nasnnsq4fab"}
{"type":"operationEnd","subtype":"render","operationId":"ixbm9ejebey4wgk","timestamp":1764974707185,"id":"1txhthrj3vv7cqm","previousEventId":"iqijs3h2z3l5yce","previousOperationId":"1yv1nasnnsq4fab"}
{"type":"operationEnd","doDiffs":false,"previousEventId":"eohm3xdofn3tom5","previousOperationId":"xbhp5qpl4hibuz2","operationId":"xbhp5qpl4hibuz2","timestamp":1764974707190,"id":"oql4mmnsdr9oqv4"}
