{"type":"operationStart","subtype":"profile","data":{"_id":"L0J3oKQtNRCpnaC4","timestamp":"2025-12-07T13:37:31.685Z","state":"running","mode":"standard","creationDate":"2025-12-07T13:37:31.691Z","modificationDate":"2025-12-07T13:37:31.691Z","shortid":"PswyQwB","$entitySet":"profiles","timeout":60000},"doDiffs":false,"timestamp":1765114651689,"id":"z72o8ojxyilkekh","previousOperationId":null,"operationId":"rvlslaqib67c6or"}
{"type":"log","level":"info","message":"Render request 3 queued for execution and waiting for available worker","previousOperationId":"rvlslaqib67c6or","timestamp":1765114651689,"id":"9kqa6l7m1vum7gx"}
{"type":"operationStart","subtype":"render","name":"anonymous","previousOperationId":"rvlslaqib67c6or","timestamp":1765114651770,"id":"gzpq7iclbfq76nd","previousEventId":"z72o8ojxyilkekh","operationId":"bpryuuecijmwyo5"}
{"type":"log","timestamp":1765114651770,"level":"info","message":"Starting rendering request 3","meta":{"rootId":"1j26pko36uvkxzw","id":"1j26pko36uvkxzw"},"id":"095op34x01d0pw5","previousOperationId":"bpryuuecijmwyo5"}
{"type":"log","timestamp":1765114651770,"level":"info","message":"Rendering anonymous template { recipe: pptx, engine: handlebars }","meta":{"rootId":"1j26pko36uvkxzw","id":"1j26pko36uvkxzw"},"id":"fnyhdr8gadzf4h4","previousOperationId":"bpryuuecijmwyo5"}
{"type":"log","timestamp":1765114651770,"level":"debug","message":"Inline data specified.","meta":{"rootId":"1j26pko36uvkxzw","id":"1j26pko36uvkxzw"},"id":"sqbzn7az7s4pm0g","previousOperationId":"bpryuuecijmwyo5"}
{"type":"log","timestamp":1765114651773,"level":"debug","message":"Base url not specified, skipping its injection.","meta":{"rootId":"1j26pko36uvkxzw","id":"1j26pko36uvkxzw"},"id":"zw3opne40eqvio1","previousOperationId":"bpryuuecijmwyo5"}
{"type":"operationStart","subtype":"engine","name":"handlebars","timestamp":1765114651774,"id":"wfd3c0jf56lhjhb","previousEventId":"gzpq7iclbfq76nd","operationId":"pt4zdr2216fxfwx","previousOperationId":"bpryuuecijmwyo5"}
{"type":"log","timestamp":1765114651774,"level":"debug","message":"Rendering engine handlebars","meta":{"rootId":"1j26pko36uvkxzw","id":"1j26pko36uvkxzw"},"id":"yl96ef2kuku3nbz","previousOperationId":"pt4zdr2216fxfwx"}
{"type":"operationEnd","operationId":"pt4zdr2216fxfwx","timestamp":1765114651796,"id":"skl7jc8zk40faud","previousEventId":"wfd3c0jf56lhjhb","previousOperationId":"pt4zdr2216fxfwx"}
{"type":"operationStart","subtype":"recipe","name":"pptx","timestamp":1765114651797,"id":"weonc3p6h4if39w","previousEventId":"skl7jc8zk40faud","operationId":"7h5t7h4pfctqemh","previousOperationId":"pt4zdr2216fxfwx"}
{"type":"log","timestamp":1765114651797,"level":"debug","message":"Executing recipe pptx","meta":{"rootId":"1j26pko36uvkxzw","id":"1j26pko36uvkxzw"},"id":"jbfdvjjogs2iloa","previousOperationId":"7h5t7h4pfctqemh"}
{"type":"log","timestamp":1765114651837,"level":"info","message":"pptx generation is starting","meta":{"rootId":"1j26pko36uvkxzw","id":"1j26pko36uvkxzw"},"id":"yvxvk93heho6352","previousOperationId":"7h5t7h4pfctqemh"}
{"type":"log","timestamp":1765114653465,"level":"debug","message":"Starting child request to render pptx dynamic parts","meta":{"rootId":"1j26pko36uvkxzw","id":"1j26pko36uvkxzw"},"id":"z2zag94bi18qk81","previousOperationId":"7h5t7h4pfctqemh"}
{"type":"operationStart","subtype":"render","name":"anonymous","previousOperationId":"7h5t7h4pfctqemh","timestamp":1765114653466,"id":"417mp79htlsdfsg","previousEventId":"weonc3p6h4if39w","operationId":"p0ezw0nw53db8w1"}
{"type":"log","timestamp":1765114653466,"level":"info","message":"Starting rendering (child) request","meta":{"rootId":"1j26pko36uvkxzw","id":"mi2rzjc7qswjjou"},"id":"gkit6eex3xaq35q","previousOperationId":"p0ezw0nw53db8w1"}
{"type":"log","timestamp":1765114653466,"level":"info","message":"Rendering anonymous template { recipe: html, engine: handlebars }","meta":{"rootId":"1j26pko36uvkxzw","id":"mi2rzjc7qswjjou"},"id":"5blqw31umpqsxee","previousOperationId":"p0ezw0nw53db8w1"}
{"type":"log","timestamp":1765114653466,"level":"debug","message":"Inline data specified.","meta":{"rootId":"1j26pko36uvkxzw","id":"mi2rzjc7qswjjou"},"id":"899hknahb4b8l13","previousOperationId":"p0ezw0nw53db8w1"}
{"type":"log","timestamp":1765114653472,"level":"debug","message":"Base url not specified, skipping its injection.","meta":{"rootId":"1j26pko36uvkxzw","id":"mi2rzjc7qswjjou"},"id":"us9306xcf604jcr","previousOperationId":"p0ezw0nw53db8w1"}
{"type":"operationStart","subtype":"engine","name":"handlebars","timestamp":1765114653474,"id":"rrg2b6mjrdz5brr","previousEventId":"417mp79htlsdfsg","operationId":"g7st2h3fivotk78","previousOperationId":"p0ezw0nw53db8w1"}
{"type":"log","timestamp":1765114653474,"level":"debug","message":"Rendering engine handlebars","meta":{"rootId":"1j26pko36uvkxzw","id":"mi2rzjc7qswjjou"},"id":"y3ygml7n4j1fmfl","previousOperationId":"g7st2h3fivotk78"}
{"type":"operationEnd","operationId":"g7st2h3fivotk78","timestamp":1765114653588,"id":"mvqtvuoagpvmmah","previousEventId":"rrg2b6mjrdz5brr","previousOperationId":"g7st2h3fivotk78"}
{"type":"operationStart","subtype":"recipe","name":"html","timestamp":1765114653603,"id":"81rid5w5r6uic4w","previousEventId":"mvqtvuoagpvmmah","operationId":"uweyzrkxnyghp40","previousOperationId":"g7st2h3fivotk78"}
{"type":"log","timestamp":1765114653603,"level":"debug","message":"Executing recipe html","meta":{"rootId":"1j26pko36uvkxzw","id":"mi2rzjc7qswjjou"},"id":"60mlkbaixja1uwc","previousOperationId":"uweyzrkxnyghp40"}
{"type":"operationEnd","operationId":"uweyzrkxnyghp40","timestamp":1765114653603,"id":"3h5e7jtt7hzdqoh","previousEventId":"81rid5w5r6uic4w","previousOperationId":"uweyzrkxnyghp40"}
{"type":"log","timestamp":1765114653603,"level":"debug","message":"Skipping storing report.","meta":{"rootId":"1j26pko36uvkxzw","id":"mi2rzjc7qswjjou"},"id":"gujeq8m4qafwgx3","previousOperationId":"uweyzrkxnyghp40"}
{"type":"log","timestamp":1765114653603,"level":"info","message":"Rendering (child) request finished in 1920 ms","meta":{"rootId":"1j26pko36uvkxzw","id":"mi2rzjc7qswjjou"},"id":"byp2epxy76692qk","previousOperationId":"uweyzrkxnyghp40"}
{"type":"operationEnd","subtype":"render","operationId":"p0ezw0nw53db8w1","timestamp":1765114653603,"id":"xmkititanw708g5","previousEventId":"3h5e7jtt7hzdqoh","previousOperationId":"uweyzrkxnyghp40"}
{"type":"log","timestamp":1765114661305,"level":"debug","message":"pptx successfully zipped","meta":{"rootId":"1j26pko36uvkxzw","id":"1j26pko36uvkxzw"},"id":"ehtofqhakr1lf17","previousOperationId":"7h5t7h4pfctqemh"}
{"type":"log","timestamp":1765114661305,"level":"info","message":"pptx generation was finished","meta":{"rootId":"1j26pko36uvkxzw","id":"1j26pko36uvkxzw"},"id":"g0yxutbelbjki06","previousOperationId":"7h5t7h4pfctqemh"}
{"type":"operationEnd","operationId":"7h5t7h4pfctqemh","timestamp":1765114661315,"id":"89ovp86x70qtvkh","previousEventId":"weonc3p6h4if39w","previousOperationId":"7h5t7h4pfctqemh"}
{"type":"log","timestamp":1765114661315,"level":"debug","message":"Skipping storing report.","meta":{"rootId":"1j26pko36uvkxzw","id":"1j26pko36uvkxzw"},"id":"7kkv9od7qdm6606","previousOperationId":"7h5t7h4pfctqemh"}
{"type":"log","timestamp":1765114661318,"level":"info","message":"Rendering request 3 finished in 9635 ms","meta":{"rootId":"1j26pko36uvkxzw","id":"1j26pko36uvkxzw"},"id":"yx71t9fri5iso82","previousOperationId":"7h5t7h4pfctqemh"}
{"type":"operationEnd","subtype":"render","operationId":"bpryuuecijmwyo5","timestamp":1765114661318,"id":"mzinacp2346571g","previousEventId":"89ovp86x70qtvkh","previousOperationId":"7h5t7h4pfctqemh"}
{"type":"operationEnd","doDiffs":false,"previousEventId":"z72o8ojxyilkekh","previousOperationId":"rvlslaqib67c6or","operationId":"rvlslaqib67c6or","timestamp":1765114661324,"id":"2ang2xkp52fszq9"}
