{"type":"operationStart","subtype":"profile","data":{"_id":"h9XD0uXXUXkEN3m7","timestamp":"2025-12-05T18:05:04.316Z","state":"running","mode":"standard","creationDate":"2025-12-05T18:05:04.322Z","modificationDate":"2025-12-05T18:05:04.322Z","shortid":"w8gGdIc","$entitySet":"profiles","timeout":60000},"doDiffs":false,"timestamp":1764957904320,"id":"qw3abb3wxfyuro1","previousOperationId":null,"operationId":"c4ftf3es5wjyyld"}
{"type":"log","level":"info","message":"Render request 9 queued for execution and waiting for available worker","previousOperationId":"c4ftf3es5wjyyld","timestamp":1764957904320,"id":"v7kna22jfgufgsb"}
{"type":"operationStart","subtype":"render","name":"anonymous","previousOperationId":"c4ftf3es5wjyyld","timestamp":1764957904337,"id":"eeiik2dfjcnl50k","previousEventId":"qw3abb3wxfyuro1","operationId":"51wkl3ahdconk6m"}
{"type":"log","timestamp":1764957904338,"level":"info","message":"Starting rendering request 9","meta":{"rootId":"1lcdasjbcajqiwc","id":"1lcdasjbcajqiwc"},"id":"vm55l4bo23fxpaz","previousOperationId":"51wkl3ahdconk6m"}
{"type":"log","timestamp":1764957904338,"level":"info","message":"Rendering anonymous template { recipe: pptx, engine: handlebars }","meta":{"rootId":"1lcdasjbcajqiwc","id":"1lcdasjbcajqiwc"},"id":"ony9n0d65nhx42c","previousOperationId":"51wkl3ahdconk6m"}
{"type":"log","timestamp":1764957904338,"level":"debug","message":"Inline data specified.","meta":{"rootId":"1lcdasjbcajqiwc","id":"1lcdasjbcajqiwc"},"id":"dx497q8d3uljhj2","previousOperationId":"51wkl3ahdconk6m"}
{"type":"log","timestamp":1764957904340,"level":"debug","message":"Base url not specified, skipping its injection.","meta":{"rootId":"1lcdasjbcajqiwc","id":"1lcdasjbcajqiwc"},"id":"4lax3nf7ewvhvbp","previousOperationId":"51wkl3ahdconk6m"}
{"type":"operationStart","subtype":"engine","name":"handlebars","timestamp":1764957904340,"id":"e6as6r65x9llz0i","previousEventId":"eeiik2dfjcnl50k","operationId":"84o593irna1y2ee","previousOperationId":"51wkl3ahdconk6m"}
{"type":"log","timestamp":1764957904341,"level":"debug","message":"Rendering engine handlebars","meta":{"rootId":"1lcdasjbcajqiwc","id":"1lcdasjbcajqiwc"},"id":"pfslu62ripdyj5j","previousOperationId":"84o593irna1y2ee"}
{"type":"operationEnd","operationId":"84o593irna1y2ee","timestamp":1764957904354,"id":"l0sg05naqcui7ct","previousEventId":"e6as6r65x9llz0i","previousOperationId":"84o593irna1y2ee"}
{"type":"operationStart","subtype":"recipe","name":"pptx","timestamp":1764957904354,"id":"o3k2u6ejf1i3cji","previousEventId":"l0sg05naqcui7ct","operationId":"hgp0ckqaa0rj28i","previousOperationId":"84o593irna1y2ee"}
{"type":"log","timestamp":1764957904355,"level":"debug","message":"Executing recipe pptx","meta":{"rootId":"1lcdasjbcajqiwc","id":"1lcdasjbcajqiwc"},"id":"hhdndt8k72mw895","previousOperationId":"hgp0ckqaa0rj28i"}
{"type":"log","timestamp":1764957904355,"level":"info","message":"pptx generation is starting","meta":{"rootId":"1lcdasjbcajqiwc","id":"1lcdasjbcajqiwc"},"id":"gs4hchfjo7w6cgj","previousOperationId":"hgp0ckqaa0rj28i"}
{"type":"log","timestamp":1764957904451,"level":"debug","message":"Starting child request to render pptx dynamic parts","meta":{"rootId":"1lcdasjbcajqiwc","id":"1lcdasjbcajqiwc"},"id":"rsumymuqd19k6pg","previousOperationId":"hgp0ckqaa0rj28i"}
{"type":"operationStart","subtype":"render","name":"anonymous","previousOperationId":"hgp0ckqaa0rj28i","timestamp":1764957904452,"id":"dwsaururm4y6elc","previousEventId":"o3k2u6ejf1i3cji","operationId":"qf7egorg6q9f2g0"}
{"type":"log","timestamp":1764957904452,"level":"info","message":"Starting rendering (child) request","meta":{"rootId":"1lcdasjbcajqiwc","id":"yy71ko3bszutoqk"},"id":"frpyjibn8aykwp4","previousOperationId":"qf7egorg6q9f2g0"}
{"type":"log","timestamp":1764957904452,"level":"info","message":"Rendering anonymous template { recipe: html, engine: handlebars }","meta":{"rootId":"1lcdasjbcajqiwc","id":"yy71ko3bszutoqk"},"id":"koiq2ngjro4s827","previousOperationId":"qf7egorg6q9f2g0"}
{"type":"log","timestamp":1764957904452,"level":"debug","message":"Inline data specified.","meta":{"rootId":"1lcdasjbcajqiwc","id":"yy71ko3bszutoqk"},"id":"yfbjif9ig0c2360","previousOperationId":"qf7egorg6q9f2g0"}
{"type":"log","timestamp":1764957904458,"level":"debug","message":"Base url not specified, skipping its injection.","meta":{"rootId":"1lcdasjbcajqiwc","id":"yy71ko3bszutoqk"},"id":"z1vnv1nukcc8w2w","previousOperationId":"qf7egorg6q9f2g0"}
{"type":"operationStart","subtype":"engine","name":"handlebars","timestamp":1764957904459,"id":"s2xt0jdrpc2tcx0","previousEventId":"dwsaururm4y6elc","operationId":"rcth3bwqcg8nzjj","previousOperationId":"qf7egorg6q9f2g0"}
{"type":"log","timestamp":1764957904459,"level":"debug","message":"Rendering engine handlebars","meta":{"rootId":"1lcdasjbcajqiwc","id":"yy71ko3bszutoqk"},"id":"ccxjqzkekl4m93t","previousOperationId":"rcth3bwqcg8nzjj"}
{"type":"operationEnd","operationId":"rcth3bwqcg8nzjj","timestamp":1764957904489,"id":"0ovs9chaqr8bqel","previousEventId":"s2xt0jdrpc2tcx0","previousOperationId":"rcth3bwqcg8nzjj"}
{"type":"operationStart","subtype":"recipe","name":"html","timestamp":1764957904492,"id":"suiasm82t45gx6b","previousEventId":"0ovs9chaqr8bqel","operationId":"i1no4xsrn7ti6k2","previousOperationId":"rcth3bwqcg8nzjj"}
{"type":"log","timestamp":1764957904492,"level":"debug","message":"Executing recipe html","meta":{"rootId":"1lcdasjbcajqiwc","id":"yy71ko3bszutoqk"},"id":"wuo45n9515z2gbz","previousOperationId":"i1no4xsrn7ti6k2"}
{"type":"operationEnd","operationId":"i1no4xsrn7ti6k2","timestamp":1764957904492,"id":"t9orzk815id8i89","previousEventId":"suiasm82t45gx6b","previousOperationId":"i1no4xsrn7ti6k2"}
{"type":"log","timestamp":1764957904492,"level":"debug","message":"Skipping storing report.","meta":{"rootId":"1lcdasjbcajqiwc","id":"yy71ko3bszutoqk"},"id":"lokcb2jhx0cruc0","previousOperationId":"i1no4xsrn7ti6k2"}
{"type":"log","timestamp":1764957904492,"level":"info","message":"Rendering (child) request finished in 177 ms","meta":{"rootId":"1lcdasjbcajqiwc","id":"yy71ko3bszutoqk"},"id":"w6yh5pw19ym207a","previousOperationId":"i1no4xsrn7ti6k2"}
{"type":"operationEnd","subtype":"render","operationId":"qf7egorg6q9f2g0","timestamp":1764957904492,"id":"8ohbq3217ae9fle","previousEventId":"t9orzk815id8i89","previousOperationId":"i1no4xsrn7ti6k2"}
{"type":"log","timestamp":1764957904576,"level":"debug","message":"pptx successfully zipped","meta":{"rootId":"1lcdasjbcajqiwc","id":"1lcdasjbcajqiwc"},"id":"uvhjettdn2rewqw","previousOperationId":"hgp0ckqaa0rj28i"}
{"type":"log","timestamp":1764957904576,"level":"info","message":"pptx generation was finished","meta":{"rootId":"1lcdasjbcajqiwc","id":"1lcdasjbcajqiwc"},"id":"tqzkhae6xqw852l","previousOperationId":"hgp0ckqaa0rj28i"}
{"type":"operationEnd","operationId":"hgp0ckqaa0rj28i","timestamp":1764957904579,"id":"rampwh8a6eohnvk","previousEventId":"o3k2u6ejf1i3cji","previousOperationId":"hgp0ckqaa0rj28i"}
{"type":"log","timestamp":1764957904579,"level":"debug","message":"Skipping storing report.","meta":{"rootId":"1lcdasjbcajqiwc","id":"1lcdasjbcajqiwc"},"id":"36rmn6q0mz7sg6r","previousOperationId":"hgp0ckqaa0rj28i"}
{"type":"log","timestamp":1764957904579,"level":"info","message":"Rendering request 9 finished in 264 ms","meta":{"rootId":"1lcdasjbcajqiwc","id":"1lcdasjbcajqiwc"},"id":"egkkyfz93lay1qh","previousOperationId":"hgp0ckqaa0rj28i"}
{"type":"operationEnd","subtype":"render","operationId":"51wkl3ahdconk6m","timestamp":1764957904579,"id":"em6ojwhxr6vaj8q","previousEventId":"rampwh8a6eohnvk","previousOperationId":"hgp0ckqaa0rj28i"}
{"type":"operationEnd","doDiffs":false,"previousEventId":"qw3abb3wxfyuro1","previousOperationId":"c4ftf3es5wjyyld","operationId":"c4ftf3es5wjyyld","timestamp":1764957904582,"id":"kjcto7olpve5k3g"}
