{"type":"operationStart","subtype":"profile","data":{"_id":"5PxSB3xByKDP8mCg","timestamp":"2025-12-07T14:30:20.122Z","state":"running","mode":"standard","creationDate":"2025-12-07T14:30:20.127Z","modificationDate":"2025-12-07T14:30:20.127Z","shortid":"L8-Rv4f","$entitySet":"profiles","timeout":60000},"doDiffs":false,"timestamp":1765117820125,"id":"bjxlnr6hxo434i6","previousOperationId":null,"operationId":"nsw9s9av3xvgrxm"}
{"type":"log","level":"info","message":"Render request 5 queued for execution and waiting for available worker","previousOperationId":"nsw9s9av3xvgrxm","timestamp":1765117820125,"id":"rca94t45aftzlhj"}
{"type":"operationStart","subtype":"render","name":"anonymous","previousOperationId":"nsw9s9av3xvgrxm","timestamp":1765117820177,"id":"50j0xh79n1c80cb","previousEventId":"bjxlnr6hxo434i6","operationId":"ebgw4rjasnzskfy"}
{"type":"log","timestamp":1765117820179,"level":"info","message":"Starting rendering request 5","meta":{"rootId":"1sgt04sw5k36e41","id":"1sgt04sw5k36e41"},"id":"qargie9kbjulkrh","previousOperationId":"ebgw4rjasnzskfy"}
{"type":"log","timestamp":1765117820179,"level":"info","message":"Rendering anonymous template { recipe: pptx, engine: handlebars }","meta":{"rootId":"1sgt04sw5k36e41","id":"1sgt04sw5k36e41"},"id":"vg6k1cz1u97zlo0","previousOperationId":"ebgw4rjasnzskfy"}
{"type":"log","timestamp":1765117820179,"level":"debug","message":"Inline data specified.","meta":{"rootId":"1sgt04sw5k36e41","id":"1sgt04sw5k36e41"},"id":"aqybrs0oxr2vxmy","previousOperationId":"ebgw4rjasnzskfy"}
{"type":"log","timestamp":1765117820184,"level":"debug","message":"Base url not specified, skipping its injection.","meta":{"rootId":"1sgt04sw5k36e41","id":"1sgt04sw5k36e41"},"id":"f92ep2j7kvjpimb","previousOperationId":"ebgw4rjasnzskfy"}
{"type":"operationStart","subtype":"engine","name":"handlebars","timestamp":1765117820185,"id":"euftmkcl9otp0bn","previousEventId":"50j0xh79n1c80cb","operationId":"41f35zp9m7z9zr9","previousOperationId":"ebgw4rjasnzskfy"}
{"type":"log","timestamp":1765117820185,"level":"debug","message":"Rendering engine handlebars","meta":{"rootId":"1sgt04sw5k36e41","id":"1sgt04sw5k36e41"},"id":"gzrhie1snin38do","previousOperationId":"41f35zp9m7z9zr9"}
{"type":"operationEnd","operationId":"41f35zp9m7z9zr9","timestamp":1765117820270,"id":"3amsrgl5aijsi61","previousEventId":"euftmkcl9otp0bn","previousOperationId":"41f35zp9m7z9zr9"}
{"type":"operationStart","subtype":"recipe","name":"pptx","timestamp":1765117820271,"id":"wcp1g2r3htigto8","previousEventId":"3amsrgl5aijsi61","operationId":"x1twka9un6siuat","previousOperationId":"41f35zp9m7z9zr9"}
{"type":"log","timestamp":1765117820271,"level":"debug","message":"Executing recipe pptx","meta":{"rootId":"1sgt04sw5k36e41","id":"1sgt04sw5k36e41"},"id":"rtzsra4n9ucoiel","previousOperationId":"x1twka9un6siuat"}
{"type":"log","timestamp":1765117820294,"level":"info","message":"pptx generation is starting","meta":{"rootId":"1sgt04sw5k36e41","id":"1sgt04sw5k36e41"},"id":"w4mnbru8c5bn3l6","previousOperationId":"x1twka9un6siuat"}
{"type":"log","timestamp":1765117821893,"level":"debug","message":"Starting child request to render pptx dynamic parts","meta":{"rootId":"1sgt04sw5k36e41","id":"1sgt04sw5k36e41"},"id":"zwoqy4vabhdqaju","previousOperationId":"x1twka9un6siuat"}
{"type":"operationStart","subtype":"render","name":"anonymous","previousOperationId":"x1twka9un6siuat","timestamp":1765117821893,"id":"l04fqnxy3rmfg5w","previousEventId":"wcp1g2r3htigto8","operationId":"alpxsgqoda2dg5y"}
{"type":"log","timestamp":1765117821894,"level":"info","message":"Starting rendering (child) request","meta":{"rootId":"1sgt04sw5k36e41","id":"rehfp4olcwlad0c"},"id":"809n80gag8cmvu8","previousOperationId":"alpxsgqoda2dg5y"}
{"type":"log","timestamp":1765117821894,"level":"info","message":"Rendering anonymous template { recipe: html, engine: handlebars }","meta":{"rootId":"1sgt04sw5k36e41","id":"rehfp4olcwlad0c"},"id":"l2cl542bc7n3j2c","previousOperationId":"alpxsgqoda2dg5y"}
{"type":"log","timestamp":1765117821894,"level":"debug","message":"Inline data specified.","meta":{"rootId":"1sgt04sw5k36e41","id":"rehfp4olcwlad0c"},"id":"97zi1eg5icly6mz","previousOperationId":"alpxsgqoda2dg5y"}
{"type":"log","timestamp":1765117821899,"level":"debug","message":"Base url not specified, skipping its injection.","meta":{"rootId":"1sgt04sw5k36e41","id":"rehfp4olcwlad0c"},"id":"05j7muaaitr86wt","previousOperationId":"alpxsgqoda2dg5y"}
{"type":"operationStart","subtype":"engine","name":"handlebars","timestamp":1765117821901,"id":"217cfbrwavf7xpi","previousEventId":"l04fqnxy3rmfg5w","operationId":"xxfy8p07f6mvh9a","previousOperationId":"alpxsgqoda2dg5y"}
{"type":"log","timestamp":1765117821901,"level":"debug","message":"Rendering engine handlebars","meta":{"rootId":"1sgt04sw5k36e41","id":"rehfp4olcwlad0c"},"id":"4zajfwo2gqwi3st","previousOperationId":"xxfy8p07f6mvh9a"}
{"type":"operationEnd","operationId":"xxfy8p07f6mvh9a","timestamp":1765117822009,"id":"nfq8yxijf4lquv8","previousEventId":"217cfbrwavf7xpi","previousOperationId":"xxfy8p07f6mvh9a"}
{"type":"operationStart","subtype":"recipe","name":"html","timestamp":1765117822023,"id":"g5ler9rstzuirh5","previousEventId":"nfq8yxijf4lquv8","operationId":"n0nsz8d4xo6fg9c","previousOperationId":"xxfy8p07f6mvh9a"}
{"type":"log","timestamp":1765117822023,"level":"debug","message":"Executing recipe html","meta":{"rootId":"1sgt04sw5k36e41","id":"rehfp4olcwlad0c"},"id":"kfbvawg0h4mptk8","previousOperationId":"n0nsz8d4xo6fg9c"}
{"type":"operationEnd","operationId":"n0nsz8d4xo6fg9c","timestamp":1765117822023,"id":"3dbthpffci4ldox","previousEventId":"g5ler9rstzuirh5","previousOperationId":"n0nsz8d4xo6fg9c"}
{"type":"log","timestamp":1765117822023,"level":"debug","message":"Skipping storing report.","meta":{"rootId":"1sgt04sw5k36e41","id":"rehfp4olcwlad0c"},"id":"6kvxq8pljporepw","previousOperationId":"n0nsz8d4xo6fg9c"}
{"type":"log","timestamp":1765117822023,"level":"info","message":"Rendering (child) request finished in 1902 ms","meta":{"rootId":"1sgt04sw5k36e41","id":"rehfp4olcwlad0c"},"id":"61u0i3kxtk7ej2m","previousOperationId":"n0nsz8d4xo6fg9c"}
{"type":"operationEnd","subtype":"render","operationId":"alpxsgqoda2dg5y","timestamp":1765117822023,"id":"t21k6z90aengh6g","previousEventId":"3dbthpffci4ldox","previousOperationId":"n0nsz8d4xo6fg9c"}
{"type":"log","timestamp":1765117829141,"level":"debug","message":"pptx successfully zipped","meta":{"rootId":"1sgt04sw5k36e41","id":"1sgt04sw5k36e41"},"id":"o2og5ucuflktywv","previousOperationId":"x1twka9un6siuat"}
{"type":"log","timestamp":1765117829141,"level":"info","message":"pptx generation was finished","meta":{"rootId":"1sgt04sw5k36e41","id":"1sgt04sw5k36e41"},"id":"dxqti9bik23otzu","previousOperationId":"x1twka9un6siuat"}
{"type":"operationEnd","operationId":"x1twka9un6siuat","timestamp":1765117829151,"id":"1tydepwvmc7uv4l","previousEventId":"wcp1g2r3htigto8","previousOperationId":"x1twka9un6siuat"}
{"type":"log","timestamp":1765117829151,"level":"debug","message":"Skipping storing report.","meta":{"rootId":"1sgt04sw5k36e41","id":"1sgt04sw5k36e41"},"id":"qkgpxx1qf4edumn","previousOperationId":"x1twka9un6siuat"}
{"type":"log","timestamp":1765117829151,"level":"info","message":"Rendering request 5 finished in 9030 ms","meta":{"rootId":"1sgt04sw5k36e41","id":"1sgt04sw5k36e41"},"id":"sna9o6hjd3gta18","previousOperationId":"x1twka9un6siuat"}
{"type":"operationEnd","subtype":"render","operationId":"ebgw4rjasnzskfy","timestamp":1765117829151,"id":"g5niev3fh9hzhrt","previousEventId":"1tydepwvmc7uv4l","previousOperationId":"x1twka9un6siuat"}
{"type":"operationEnd","doDiffs":false,"previousEventId":"bjxlnr6hxo434i6","previousOperationId":"nsw9s9av3xvgrxm","operationId":"nsw9s9av3xvgrxm","timestamp":1765117829157,"id":"s8m9104wozub3xg"}
