{"type":"operationStart","subtype":"profile","data":{"_id":"WGLjbdawazCXeDpY","timestamp":"2025-12-05T11:45:06.904Z","state":"running","mode":"standard","creationDate":"2025-12-05T11:45:06.908Z","modificationDate":"2025-12-05T11:45:06.908Z","shortid":"vvd4xXW","$entitySet":"profiles","timeout":60000},"doDiffs":false,"timestamp":1764935106907,"id":"01t8rp6osg9hw2n","previousOperationId":null,"operationId":"vzjo570bzbvob1r"}
{"type":"log","level":"info","message":"Render request 4 queued for execution and waiting for available worker","previousOperationId":"vzjo570bzbvob1r","timestamp":1764935106907,"id":"jri5yetjvspf7il"}
{"type":"operationStart","subtype":"render","name":"anonymous","previousOperationId":"vzjo570bzbvob1r","timestamp":1764935106920,"id":"p3kbgrgsg7da0n7","previousEventId":"01t8rp6osg9hw2n","operationId":"bc1yadoewxy4j3r"}
{"type":"log","timestamp":1764935106921,"level":"info","message":"Starting rendering request 4","meta":{"rootId":"1sictedfiir4lue","id":"1sictedfiir4lue"},"id":"0744e3b7kpdxwl7","previousOperationId":"bc1yadoewxy4j3r"}
{"type":"log","timestamp":1764935106921,"level":"info","message":"Rendering anonymous template { recipe: pptx, engine: handlebars }","meta":{"rootId":"1sictedfiir4lue","id":"1sictedfiir4lue"},"id":"mislel4otz1k45x","previousOperationId":"bc1yadoewxy4j3r"}
{"type":"log","timestamp":1764935106922,"level":"debug","message":"Inline data specified.","meta":{"rootId":"1sictedfiir4lue","id":"1sictedfiir4lue"},"id":"0c742suwnzhdk1f","previousOperationId":"bc1yadoewxy4j3r"}
{"type":"log","timestamp":1764935106924,"level":"debug","message":"Base url not specified, skipping its injection.","meta":{"rootId":"1sictedfiir4lue","id":"1sictedfiir4lue"},"id":"8qvlnsfvt0ywhd7","previousOperationId":"bc1yadoewxy4j3r"}
{"type":"operationStart","subtype":"engine","name":"handlebars","timestamp":1764935106925,"id":"ilc58ayhibzvb6s","previousEventId":"p3kbgrgsg7da0n7","operationId":"2n4609c7sswviue","previousOperationId":"bc1yadoewxy4j3r"}
{"type":"log","timestamp":1764935106925,"level":"debug","message":"Rendering engine handlebars","meta":{"rootId":"1sictedfiir4lue","id":"1sictedfiir4lue"},"id":"f14m0zelbeopira","previousOperationId":"2n4609c7sswviue"}
{"type":"operationEnd","operationId":"2n4609c7sswviue","timestamp":1764935106940,"id":"z13g3d48vht9e72","previousEventId":"ilc58ayhibzvb6s","previousOperationId":"2n4609c7sswviue"}
{"type":"operationStart","subtype":"recipe","name":"pptx","timestamp":1764935106940,"id":"9e2lul7sibleflc","previousEventId":"z13g3d48vht9e72","operationId":"yrd0pseqjvx4y84","previousOperationId":"2n4609c7sswviue"}
{"type":"log","timestamp":1764935106940,"level":"debug","message":"Executing recipe pptx","meta":{"rootId":"1sictedfiir4lue","id":"1sictedfiir4lue"},"id":"lielfuin8ybiav4","previousOperationId":"yrd0pseqjvx4y84"}
{"type":"log","timestamp":1764935106941,"level":"info","message":"pptx generation is starting","meta":{"rootId":"1sictedfiir4lue","id":"1sictedfiir4lue"},"id":"yd2jad035ufp3sm","previousOperationId":"yrd0pseqjvx4y84"}
{"type":"log","timestamp":1764935107053,"level":"debug","message":"Starting child request to render pptx dynamic parts","meta":{"rootId":"1sictedfiir4lue","id":"1sictedfiir4lue"},"id":"6dtjo6rrmrglpw3","previousOperationId":"yrd0pseqjvx4y84"}
{"type":"operationStart","subtype":"render","name":"anonymous","previousOperationId":"yrd0pseqjvx4y84","timestamp":1764935107053,"id":"mymzvlqhkbhd803","previousEventId":"9e2lul7sibleflc","operationId":"lg9yqrmtpyo1m1m"}
{"type":"log","timestamp":1764935107053,"level":"info","message":"Starting rendering (child) request","meta":{"rootId":"1sictedfiir4lue","id":"9zz8774dkinihgl"},"id":"v3xmotk4s4run5g","previousOperationId":"lg9yqrmtpyo1m1m"}
{"type":"log","timestamp":1764935107053,"level":"info","message":"Rendering anonymous template { recipe: html, engine: handlebars }","meta":{"rootId":"1sictedfiir4lue","id":"9zz8774dkinihgl"},"id":"4mv1g3v4o7uqjwn","previousOperationId":"lg9yqrmtpyo1m1m"}
{"type":"log","timestamp":1764935107053,"level":"debug","message":"Inline data specified.","meta":{"rootId":"1sictedfiir4lue","id":"9zz8774dkinihgl"},"id":"fbh5a2apuwl0rr5","previousOperationId":"lg9yqrmtpyo1m1m"}
{"type":"log","timestamp":1764935107060,"level":"debug","message":"Base url not specified, skipping its injection.","meta":{"rootId":"1sictedfiir4lue","id":"9zz8774dkinihgl"},"id":"3w0zvjtdu359avx","previousOperationId":"lg9yqrmtpyo1m1m"}
{"type":"operationStart","subtype":"engine","name":"handlebars","timestamp":1764935107060,"id":"l9tg66qltmjhirf","previousEventId":"mymzvlqhkbhd803","operationId":"529tigozbwidd85","previousOperationId":"lg9yqrmtpyo1m1m"}
{"type":"log","timestamp":1764935107060,"level":"debug","message":"Rendering engine handlebars","meta":{"rootId":"1sictedfiir4lue","id":"9zz8774dkinihgl"},"id":"p6c6ywvg9cp9h8q","previousOperationId":"529tigozbwidd85"}
{"type":"operationEnd","operationId":"529tigozbwidd85","timestamp":1764935107080,"id":"yf8ldb1izkx5huc","previousEventId":"l9tg66qltmjhirf","previousOperationId":"529tigozbwidd85"}
{"type":"operationStart","subtype":"recipe","name":"html","timestamp":1764935107081,"id":"2dhrrgbayf5waif","previousEventId":"yf8ldb1izkx5huc","operationId":"ute8hzb24jcskvt","previousOperationId":"529tigozbwidd85"}
{"type":"log","timestamp":1764935107081,"level":"debug","message":"Executing recipe html","meta":{"rootId":"1sictedfiir4lue","id":"9zz8774dkinihgl"},"id":"qo5ocs15t4z7l1k","previousOperationId":"ute8hzb24jcskvt"}
{"type":"operationEnd","operationId":"ute8hzb24jcskvt","timestamp":1764935107081,"id":"ak5crtoj95ky7b2","previousEventId":"2dhrrgbayf5waif","previousOperationId":"ute8hzb24jcskvt"}
{"type":"log","timestamp":1764935107081,"level":"debug","message":"Skipping storing report.","meta":{"rootId":"1sictedfiir4lue","id":"9zz8774dkinihgl"},"id":"kq4ljo9fk15fl9e","previousOperationId":"ute8hzb24jcskvt"}
{"type":"log","timestamp":1764935107081,"level":"info","message":"Rendering (child) request finished in 178 ms","meta":{"rootId":"1sictedfiir4lue","id":"9zz8774dkinihgl"},"id":"scmso5vooqq4brb","previousOperationId":"ute8hzb24jcskvt"}
{"type":"operationEnd","subtype":"render","operationId":"lg9yqrmtpyo1m1m","timestamp":1764935107081,"id":"palcc952qabrp9z","previousEventId":"ak5crtoj95ky7b2","previousOperationId":"ute8hzb24jcskvt"}
{"type":"log","timestamp":1764935107149,"level":"debug","message":"pptx successfully zipped","meta":{"rootId":"1sictedfiir4lue","id":"1sictedfiir4lue"},"id":"3zuhy36c4spto1q","previousOperationId":"yrd0pseqjvx4y84"}
{"type":"log","timestamp":1764935107150,"level":"info","message":"pptx generation was finished","meta":{"rootId":"1sictedfiir4lue","id":"1sictedfiir4lue"},"id":"axlgrwpn1bb4y7z","previousOperationId":"yrd0pseqjvx4y84"}
{"type":"operationEnd","operationId":"yrd0pseqjvx4y84","timestamp":1764935107152,"id":"xrebb6s9syabam1","previousEventId":"9e2lul7sibleflc","previousOperationId":"yrd0pseqjvx4y84"}
{"type":"log","timestamp":1764935107152,"level":"debug","message":"Skipping storing report.","meta":{"rootId":"1sictedfiir4lue","id":"1sictedfiir4lue"},"id":"04kedpli3mao3ol","previousOperationId":"yrd0pseqjvx4y84"}
{"type":"log","timestamp":1764935107152,"level":"info","message":"Rendering request 4 finished in 249 ms","meta":{"rootId":"1sictedfiir4lue","id":"1sictedfiir4lue"},"id":"qmu8msh1jdzduza","previousOperationId":"yrd0pseqjvx4y84"}
{"type":"operationEnd","subtype":"render","operationId":"bc1yadoewxy4j3r","timestamp":1764935107152,"id":"oyliklz0ryy7kys","previousEventId":"xrebb6s9syabam1","previousOperationId":"yrd0pseqjvx4y84"}
{"type":"operationEnd","doDiffs":false,"previousEventId":"01t8rp6osg9hw2n","previousOperationId":"vzjo570bzbvob1r","operationId":"vzjo570bzbvob1r","timestamp":1764935107157,"id":"fivdwr2vscdy7rh"}
