{"type":"operationStart","subtype":"profile","data":{"_id":"6gav4yBUXNItNw7n","timestamp":"2025-12-04T23:04:44.457Z","state":"running","mode":"standard","creationDate":"2025-12-04T23:04:44.459Z","modificationDate":"2025-12-04T23:04:44.459Z","shortid":"gcG2p0H","$entitySet":"profiles","timeout":60000},"doDiffs":false,"timestamp":1764889484458,"id":"vuc6508p9t7t2zn","previousOperationId":null,"operationId":"p172s29nfjeqrd4"}
{"type":"log","level":"info","message":"Render request 2 queued for execution and waiting for available worker","previousOperationId":"p172s29nfjeqrd4","timestamp":1764889484458,"id":"b4jv51dzmad75bp"}
{"type":"operationStart","subtype":"render","name":"anonymous","previousOperationId":"p172s29nfjeqrd4","timestamp":1764889484476,"id":"4x1k8rnhgs04ejs","previousEventId":"vuc6508p9t7t2zn","operationId":"ssz1oy70b9cythj"}
{"type":"log","timestamp":1764889484477,"level":"info","message":"Starting rendering request 2","meta":{"rootId":"2bluw8cnno1iung","id":"2bluw8cnno1iung"},"id":"r6qod7b8vjp0e61","previousOperationId":"ssz1oy70b9cythj"}
{"type":"log","timestamp":1764889484478,"level":"info","message":"Rendering anonymous template { recipe: pptx, engine: handlebars }","meta":{"rootId":"2bluw8cnno1iung","id":"2bluw8cnno1iung"},"id":"kh919g8augqiggt","previousOperationId":"ssz1oy70b9cythj"}
{"type":"log","timestamp":1764889484479,"level":"debug","message":"Inline data specified.","meta":{"rootId":"2bluw8cnno1iung","id":"2bluw8cnno1iung"},"id":"pj6iseh61v8spbb","previousOperationId":"ssz1oy70b9cythj"}
{"type":"log","timestamp":1764889484482,"level":"debug","message":"Base url not specified, skipping its injection.","meta":{"rootId":"2bluw8cnno1iung","id":"2bluw8cnno1iung"},"id":"or5uuy5jd8g0k18","previousOperationId":"ssz1oy70b9cythj"}
{"type":"operationStart","subtype":"engine","name":"handlebars","timestamp":1764889484484,"id":"ems7p0x1d9gqgrm","previousEventId":"4x1k8rnhgs04ejs","operationId":"4risd0unc2ollb7","previousOperationId":"ssz1oy70b9cythj"}
{"type":"log","timestamp":1764889484484,"level":"debug","message":"Rendering engine handlebars","meta":{"rootId":"2bluw8cnno1iung","id":"2bluw8cnno1iung"},"id":"1wzkn8823ssz9fi","previousOperationId":"4risd0unc2ollb7"}
{"type":"operationEnd","operationId":"4risd0unc2ollb7","timestamp":1764889485264,"id":"gcs1q34ijz0uz1k","previousEventId":"ems7p0x1d9gqgrm","previousOperationId":"4risd0unc2ollb7"}
{"type":"operationStart","subtype":"recipe","name":"pptx","timestamp":1764889485265,"id":"sgiwjjt8v5rxxko","previousEventId":"gcs1q34ijz0uz1k","operationId":"gkqo23byzcyx9f2","previousOperationId":"4risd0unc2ollb7"}
{"type":"log","timestamp":1764889485265,"level":"debug","message":"Executing recipe pptx","meta":{"rootId":"2bluw8cnno1iung","id":"2bluw8cnno1iung"},"id":"37sr0g6hnxmytx9","previousOperationId":"gkqo23byzcyx9f2"}
{"type":"log","timestamp":1764889485431,"level":"info","message":"pptx generation is starting","meta":{"rootId":"2bluw8cnno1iung","id":"2bluw8cnno1iung"},"id":"m6uutk83e7hg2lq","previousOperationId":"gkqo23byzcyx9f2"}
{"type":"log","timestamp":1764889485633,"level":"debug","message":"Starting child request to render pptx dynamic parts","meta":{"rootId":"2bluw8cnno1iung","id":"2bluw8cnno1iung"},"id":"mrjmrzoeouyzgzd","previousOperationId":"gkqo23byzcyx9f2"}
{"type":"operationStart","subtype":"render","name":"anonymous","previousOperationId":"gkqo23byzcyx9f2","timestamp":1764889485634,"id":"7gxe4l2faxe0hwl","previousEventId":"sgiwjjt8v5rxxko","operationId":"irx055rj5k033mm"}
{"type":"log","timestamp":1764889485634,"level":"info","message":"Starting rendering (child) request","meta":{"rootId":"2bluw8cnno1iung","id":"neuv4qqd9zzgsm6"},"id":"xqd358b75ya7y3g","previousOperationId":"irx055rj5k033mm"}
{"type":"log","timestamp":1764889485634,"level":"info","message":"Rendering anonymous template { recipe: html, engine: handlebars }","meta":{"rootId":"2bluw8cnno1iung","id":"neuv4qqd9zzgsm6"},"id":"6n4dkarx9ipbthu","previousOperationId":"irx055rj5k033mm"}
{"type":"log","timestamp":1764889485634,"level":"debug","message":"Inline data specified.","meta":{"rootId":"2bluw8cnno1iung","id":"neuv4qqd9zzgsm6"},"id":"8nfyeknczuph8g1","previousOperationId":"irx055rj5k033mm"}
{"type":"log","timestamp":1764889485639,"level":"debug","message":"Base url not specified, skipping its injection.","meta":{"rootId":"2bluw8cnno1iung","id":"neuv4qqd9zzgsm6"},"id":"auq3ky1q0xz82fu","previousOperationId":"irx055rj5k033mm"}
{"type":"operationStart","subtype":"engine","name":"handlebars","timestamp":1764889485639,"id":"ac7zcs0xr3eopgc","previousEventId":"7gxe4l2faxe0hwl","operationId":"gxgik2rdgm5uzbm","previousOperationId":"irx055rj5k033mm"}
{"type":"log","timestamp":1764889485639,"level":"debug","message":"Rendering engine handlebars","meta":{"rootId":"2bluw8cnno1iung","id":"neuv4qqd9zzgsm6"},"id":"ltzlfm7im01i7pm","previousOperationId":"gxgik2rdgm5uzbm"}
{"type":"operationEnd","operationId":"gxgik2rdgm5uzbm","timestamp":1764889485682,"id":"0j2wtyxysu64plr","previousEventId":"ac7zcs0xr3eopgc","previousOperationId":"gxgik2rdgm5uzbm"}
{"type":"operationStart","subtype":"recipe","name":"html","timestamp":1764889485686,"id":"orl7ccjqcalaz9n","previousEventId":"0j2wtyxysu64plr","operationId":"alon0s70pv3ky4k","previousOperationId":"gxgik2rdgm5uzbm"}
{"type":"log","timestamp":1764889485686,"level":"debug","message":"Executing recipe html","meta":{"rootId":"2bluw8cnno1iung","id":"neuv4qqd9zzgsm6"},"id":"o0mvs3anym949ig","previousOperationId":"alon0s70pv3ky4k"}
{"type":"operationEnd","operationId":"alon0s70pv3ky4k","timestamp":1764889485686,"id":"evko816v6ydb047","previousEventId":"orl7ccjqcalaz9n","previousOperationId":"alon0s70pv3ky4k"}
{"type":"log","timestamp":1764889485687,"level":"debug","message":"Skipping storing report.","meta":{"rootId":"2bluw8cnno1iung","id":"neuv4qqd9zzgsm6"},"id":"4l92ksbhgxsbm58","previousOperationId":"alon0s70pv3ky4k"}
{"type":"log","timestamp":1764889485687,"level":"info","message":"Rendering (child) request finished in 1231 ms","meta":{"rootId":"2bluw8cnno1iung","id":"neuv4qqd9zzgsm6"},"id":"h88bfi8vkevrnzu","previousOperationId":"alon0s70pv3ky4k"}
{"type":"operationEnd","subtype":"render","operationId":"irx055rj5k033mm","timestamp":1764889485688,"id":"mtzoemqfanzou70","previousEventId":"evko816v6ydb047","previousOperationId":"alon0s70pv3ky4k"}
{"type":"log","timestamp":1764889486253,"level":"debug","message":"pptx successfully zipped","meta":{"rootId":"2bluw8cnno1iung","id":"2bluw8cnno1iung"},"id":"u954p7g37rasdgb","previousOperationId":"gkqo23byzcyx9f2"}
{"type":"log","timestamp":1764889486253,"level":"info","message":"pptx generation was finished","meta":{"rootId":"2bluw8cnno1iung","id":"2bluw8cnno1iung"},"id":"n6o4j3axd83xu59","previousOperationId":"gkqo23byzcyx9f2"}
{"type":"operationEnd","operationId":"gkqo23byzcyx9f2","timestamp":1764889486258,"id":"vmdvxc2oxu1px2g","previousEventId":"sgiwjjt8v5rxxko","previousOperationId":"gkqo23byzcyx9f2"}
{"type":"log","timestamp":1764889486258,"level":"debug","message":"Skipping storing report.","meta":{"rootId":"2bluw8cnno1iung","id":"2bluw8cnno1iung"},"id":"dbq6cml4z9bwt37","previousOperationId":"gkqo23byzcyx9f2"}
{"type":"log","timestamp":1764889486258,"level":"info","message":"Rendering request 2 finished in 1802 ms","meta":{"rootId":"2bluw8cnno1iung","id":"2bluw8cnno1iung"},"id":"3b6g82wr37y51j8","previousOperationId":"gkqo23byzcyx9f2"}
{"type":"operationEnd","subtype":"render","operationId":"ssz1oy70b9cythj","timestamp":1764889486259,"id":"uzka5jn99il4r56","previousEventId":"vmdvxc2oxu1px2g","previousOperationId":"gkqo23byzcyx9f2"}
{"type":"operationEnd","doDiffs":false,"previousEventId":"vuc6508p9t7t2zn","previousOperationId":"p172s29nfjeqrd4","operationId":"p172s29nfjeqrd4","timestamp":1764889486262,"id":"8m6bxzxn66wtama"}
