{"type":"operationStart","subtype":"profile","data":{"_id":"BeAbX45UFHOYYTAq","timestamp":"2025-12-05T11:40:32.794Z","state":"running","mode":"standard","creationDate":"2025-12-05T11:40:32.799Z","modificationDate":"2025-12-05T11:40:32.799Z","shortid":"pdpdYCD","$entitySet":"profiles","timeout":60000},"doDiffs":false,"timestamp":1764934832798,"id":"gpysj97bcj3qku0","previousOperationId":null,"operationId":"41y4qiu3v4dufmp"}
{"type":"log","level":"info","message":"Render request 3 queued for execution and waiting for available worker","previousOperationId":"41y4qiu3v4dufmp","timestamp":1764934832798,"id":"52782odkbujw1bj"}
{"type":"operationStart","subtype":"render","name":"anonymous","previousOperationId":"41y4qiu3v4dufmp","timestamp":1764934832807,"id":"41rxbypvkcjx0xl","previousEventId":"gpysj97bcj3qku0","operationId":"lfhe9kp98okl39y"}
{"type":"log","timestamp":1764934832807,"level":"info","message":"Starting rendering request 3","meta":{"rootId":"2c2tc6x4sp0mygz","id":"2c2tc6x4sp0mygz"},"id":"mpwlunmfla85osp","previousOperationId":"lfhe9kp98okl39y"}
{"type":"log","timestamp":1764934832807,"level":"info","message":"Rendering anonymous template { recipe: pptx, engine: handlebars }","meta":{"rootId":"2c2tc6x4sp0mygz","id":"2c2tc6x4sp0mygz"},"id":"mt92bapz1xjwiks","previousOperationId":"lfhe9kp98okl39y"}
{"type":"log","timestamp":1764934832807,"level":"debug","message":"Inline data specified.","meta":{"rootId":"2c2tc6x4sp0mygz","id":"2c2tc6x4sp0mygz"},"id":"02id8yuk1a473ia","previousOperationId":"lfhe9kp98okl39y"}
{"type":"log","timestamp":1764934832814,"level":"debug","message":"Base url not specified, skipping its injection.","meta":{"rootId":"2c2tc6x4sp0mygz","id":"2c2tc6x4sp0mygz"},"id":"sw4sobyb8703ozh","previousOperationId":"lfhe9kp98okl39y"}
{"type":"operationStart","subtype":"engine","name":"handlebars","timestamp":1764934832815,"id":"reggk00d63avfl8","previousEventId":"41rxbypvkcjx0xl","operationId":"3agpbfvbb84ztim","previousOperationId":"lfhe9kp98okl39y"}
{"type":"log","timestamp":1764934832815,"level":"debug","message":"Rendering engine handlebars","meta":{"rootId":"2c2tc6x4sp0mygz","id":"2c2tc6x4sp0mygz"},"id":"dqewg554xybmz4a","previousOperationId":"3agpbfvbb84ztim"}
{"type":"operationEnd","operationId":"3agpbfvbb84ztim","timestamp":1764934832828,"id":"c8jt4fd0i2hy78g","previousEventId":"reggk00d63avfl8","previousOperationId":"3agpbfvbb84ztim"}
{"type":"operationStart","subtype":"recipe","name":"pptx","timestamp":1764934832829,"id":"sg7rqceeyewkg5u","previousEventId":"c8jt4fd0i2hy78g","operationId":"n1wbtk76g5x51hj","previousOperationId":"3agpbfvbb84ztim"}
{"type":"log","timestamp":1764934832829,"level":"debug","message":"Executing recipe pptx","meta":{"rootId":"2c2tc6x4sp0mygz","id":"2c2tc6x4sp0mygz"},"id":"sck1o9rwpp8f6i9","previousOperationId":"n1wbtk76g5x51hj"}
{"type":"log","timestamp":1764934832830,"level":"info","message":"pptx generation is starting","meta":{"rootId":"2c2tc6x4sp0mygz","id":"2c2tc6x4sp0mygz"},"id":"4h0kxfwbjrqq84s","previousOperationId":"n1wbtk76g5x51hj"}
{"type":"log","timestamp":1764934832918,"level":"debug","message":"Starting child request to render pptx dynamic parts","meta":{"rootId":"2c2tc6x4sp0mygz","id":"2c2tc6x4sp0mygz"},"id":"evzstbkgp7iwqy3","previousOperationId":"n1wbtk76g5x51hj"}
{"type":"operationStart","subtype":"render","name":"anonymous","previousOperationId":"n1wbtk76g5x51hj","timestamp":1764934832918,"id":"1rgbj8d8w0z0eoi","previousEventId":"sg7rqceeyewkg5u","operationId":"8sikoilw2wecubk"}
{"type":"log","timestamp":1764934832918,"level":"info","message":"Starting rendering (child) request","meta":{"rootId":"2c2tc6x4sp0mygz","id":"1uhyjpxwc1g5thb"},"id":"q9agchzjtwrmsvx","previousOperationId":"8sikoilw2wecubk"}
{"type":"log","timestamp":1764934832918,"level":"info","message":"Rendering anonymous template { recipe: html, engine: handlebars }","meta":{"rootId":"2c2tc6x4sp0mygz","id":"1uhyjpxwc1g5thb"},"id":"nkmuf4g4kxyc15p","previousOperationId":"8sikoilw2wecubk"}
{"type":"log","timestamp":1764934832919,"level":"debug","message":"Inline data specified.","meta":{"rootId":"2c2tc6x4sp0mygz","id":"1uhyjpxwc1g5thb"},"id":"psotuhtyx2ise5o","previousOperationId":"8sikoilw2wecubk"}
{"type":"log","timestamp":1764934832924,"level":"debug","message":"Base url not specified, skipping its injection.","meta":{"rootId":"2c2tc6x4sp0mygz","id":"1uhyjpxwc1g5thb"},"id":"pmmpgbxqwfs2n2z","previousOperationId":"8sikoilw2wecubk"}
{"type":"operationStart","subtype":"engine","name":"handlebars","timestamp":1764934832924,"id":"k3vdc0ive2ti8p9","previousEventId":"1rgbj8d8w0z0eoi","operationId":"azjx0bhtpbv2p3n","previousOperationId":"8sikoilw2wecubk"}
{"type":"log","timestamp":1764934832924,"level":"debug","message":"Rendering engine handlebars","meta":{"rootId":"2c2tc6x4sp0mygz","id":"1uhyjpxwc1g5thb"},"id":"f92n7dbgsu68frs","previousOperationId":"azjx0bhtpbv2p3n"}
{"type":"operationEnd","operationId":"azjx0bhtpbv2p3n","timestamp":1764934832945,"id":"tml638ya1q064gw","previousEventId":"k3vdc0ive2ti8p9","previousOperationId":"azjx0bhtpbv2p3n"}
{"type":"operationStart","subtype":"recipe","name":"html","timestamp":1764934832946,"id":"j3l1na7neumyhyj","previousEventId":"tml638ya1q064gw","operationId":"1b7zmylz5oa3kiy","previousOperationId":"azjx0bhtpbv2p3n"}
{"type":"log","timestamp":1764934832946,"level":"debug","message":"Executing recipe html","meta":{"rootId":"2c2tc6x4sp0mygz","id":"1uhyjpxwc1g5thb"},"id":"1d7t1veg4oa0pnd","previousOperationId":"1b7zmylz5oa3kiy"}
{"type":"operationEnd","operationId":"1b7zmylz5oa3kiy","timestamp":1764934832946,"id":"x13elh9bduvyz0m","previousEventId":"j3l1na7neumyhyj","previousOperationId":"1b7zmylz5oa3kiy"}
{"type":"log","timestamp":1764934832947,"level":"debug","message":"Skipping storing report.","meta":{"rootId":"2c2tc6x4sp0mygz","id":"1uhyjpxwc1g5thb"},"id":"ffcsoariegbuorn","previousOperationId":"1b7zmylz5oa3kiy"}
{"type":"log","timestamp":1764934832947,"level":"info","message":"Rendering (child) request finished in 154 ms","meta":{"rootId":"2c2tc6x4sp0mygz","id":"1uhyjpxwc1g5thb"},"id":"j1fg7nr6gx1w0zb","previousOperationId":"1b7zmylz5oa3kiy"}
{"type":"operationEnd","subtype":"render","operationId":"8sikoilw2wecubk","timestamp":1764934832947,"id":"mphn91ohluorlgn","previousEventId":"x13elh9bduvyz0m","previousOperationId":"1b7zmylz5oa3kiy"}
{"type":"log","timestamp":1764934833025,"level":"debug","message":"pptx successfully zipped","meta":{"rootId":"2c2tc6x4sp0mygz","id":"2c2tc6x4sp0mygz"},"id":"vbaazx8lejffisa","previousOperationId":"n1wbtk76g5x51hj"}
{"type":"log","timestamp":1764934833025,"level":"info","message":"pptx generation was finished","meta":{"rootId":"2c2tc6x4sp0mygz","id":"2c2tc6x4sp0mygz"},"id":"t12h56bdut7dc2z","previousOperationId":"n1wbtk76g5x51hj"}
{"type":"operationEnd","operationId":"n1wbtk76g5x51hj","timestamp":1764934833029,"id":"wefvxc77tz17xlf","previousEventId":"sg7rqceeyewkg5u","previousOperationId":"n1wbtk76g5x51hj"}
{"type":"log","timestamp":1764934833029,"level":"debug","message":"Skipping storing report.","meta":{"rootId":"2c2tc6x4sp0mygz","id":"2c2tc6x4sp0mygz"},"id":"qn6667c5vibj2dp","previousOperationId":"n1wbtk76g5x51hj"}
{"type":"log","timestamp":1764934833029,"level":"info","message":"Rendering request 3 finished in 236 ms","meta":{"rootId":"2c2tc6x4sp0mygz","id":"2c2tc6x4sp0mygz"},"id":"8wn7og8wbdqs5tr","previousOperationId":"n1wbtk76g5x51hj"}
{"type":"operationEnd","subtype":"render","operationId":"lfhe9kp98okl39y","timestamp":1764934833029,"id":"1k7xv0xlb78bag4","previousEventId":"wefvxc77tz17xlf","previousOperationId":"n1wbtk76g5x51hj"}
{"type":"operationEnd","doDiffs":false,"previousEventId":"gpysj97bcj3qku0","previousOperationId":"41y4qiu3v4dufmp","operationId":"41y4qiu3v4dufmp","timestamp":1764934833033,"id":"clciytsrp6e8hqq"}
