{"type":"operationStart","subtype":"profile","data":{"_id":"K5OHlMO0Mf13BpVl","timestamp":"2025-12-05T17:47:38.700Z","state":"running","mode":"standard","creationDate":"2025-12-05T17:47:38.704Z","modificationDate":"2025-12-05T17:47:38.704Z","shortid":"WFpdfdr","$entitySet":"profiles","timeout":60000},"doDiffs":false,"timestamp":1764956858703,"id":"rplpgt91n9h63ni","previousOperationId":null,"operationId":"czedp339pe7wdzy"}
{"type":"log","level":"info","message":"Render request 18 queued for execution and waiting for available worker","previousOperationId":"czedp339pe7wdzy","timestamp":1764956858703,"id":"mrkzq2bico3en9e"}
{"type":"operationStart","subtype":"render","name":"anonymous","previousOperationId":"czedp339pe7wdzy","timestamp":1764956858718,"id":"s5huz2iazh2kchk","previousEventId":"rplpgt91n9h63ni","operationId":"w4b41i835mytk82"}
{"type":"log","timestamp":1764956858718,"level":"info","message":"Starting rendering request 18","meta":{"rootId":"2denwdd5vk0vpca","id":"2denwdd5vk0vpca"},"id":"7bbc7j8xbrpq1i3","previousOperationId":"w4b41i835mytk82"}
{"type":"log","timestamp":1764956858718,"level":"info","message":"Rendering anonymous template { recipe: pptx, engine: handlebars }","meta":{"rootId":"2denwdd5vk0vpca","id":"2denwdd5vk0vpca"},"id":"3iq88nj02j9t13a","previousOperationId":"w4b41i835mytk82"}
{"type":"log","timestamp":1764956858718,"level":"debug","message":"Inline data specified.","meta":{"rootId":"2denwdd5vk0vpca","id":"2denwdd5vk0vpca"},"id":"8cirmhkr16bagyw","previousOperationId":"w4b41i835mytk82"}
{"type":"log","timestamp":1764956858719,"level":"debug","message":"Base url not specified, skipping its injection.","meta":{"rootId":"2denwdd5vk0vpca","id":"2denwdd5vk0vpca"},"id":"our3j5sgg0k0erd","previousOperationId":"w4b41i835mytk82"}
{"type":"operationStart","subtype":"engine","name":"handlebars","timestamp":1764956858720,"id":"uwnt3da5652zxaj","previousEventId":"s5huz2iazh2kchk","operationId":"k4ec8b8a3hyl28w","previousOperationId":"w4b41i835mytk82"}
{"type":"log","timestamp":1764956858720,"level":"debug","message":"Rendering engine handlebars","meta":{"rootId":"2denwdd5vk0vpca","id":"2denwdd5vk0vpca"},"id":"iwmqjfc00cwfbht","previousOperationId":"k4ec8b8a3hyl28w"}
{"type":"operationEnd","operationId":"k4ec8b8a3hyl28w","timestamp":1764956858729,"id":"80krg860zot8v7v","previousEventId":"uwnt3da5652zxaj","previousOperationId":"k4ec8b8a3hyl28w"}
{"type":"operationStart","subtype":"recipe","name":"pptx","timestamp":1764956858730,"id":"571mbv1cux6v4n3","previousEventId":"80krg860zot8v7v","operationId":"4en5in2q2ygr9p2","previousOperationId":"k4ec8b8a3hyl28w"}
{"type":"log","timestamp":1764956858730,"level":"debug","message":"Executing recipe pptx","meta":{"rootId":"2denwdd5vk0vpca","id":"2denwdd5vk0vpca"},"id":"fo7attx588znrvk","previousOperationId":"4en5in2q2ygr9p2"}
{"type":"log","timestamp":1764956858730,"level":"info","message":"pptx generation is starting","meta":{"rootId":"2denwdd5vk0vpca","id":"2denwdd5vk0vpca"},"id":"w8isng6r35q5ilh","previousOperationId":"4en5in2q2ygr9p2"}
{"type":"log","timestamp":1764956858809,"level":"debug","message":"Starting child request to render pptx dynamic parts","meta":{"rootId":"2denwdd5vk0vpca","id":"2denwdd5vk0vpca"},"id":"v6pmbc4ukjued4p","previousOperationId":"4en5in2q2ygr9p2"}
{"type":"operationStart","subtype":"render","name":"anonymous","previousOperationId":"4en5in2q2ygr9p2","timestamp":1764956858810,"id":"t2amzj7xp1mxx7r","previousEventId":"571mbv1cux6v4n3","operationId":"6vpoccaob9k11z3"}
{"type":"log","timestamp":1764956858810,"level":"info","message":"Starting rendering (child) request","meta":{"rootId":"2denwdd5vk0vpca","id":"u78a3xp41iesqzb"},"id":"khk70kze9gs211x","previousOperationId":"6vpoccaob9k11z3"}
{"type":"log","timestamp":1764956858810,"level":"info","message":"Rendering anonymous template { recipe: html, engine: handlebars }","meta":{"rootId":"2denwdd5vk0vpca","id":"u78a3xp41iesqzb"},"id":"bfue9glxjfqenfk","previousOperationId":"6vpoccaob9k11z3"}
{"type":"log","timestamp":1764956858810,"level":"debug","message":"Inline data specified.","meta":{"rootId":"2denwdd5vk0vpca","id":"u78a3xp41iesqzb"},"id":"7euk93vghf76bco","previousOperationId":"6vpoccaob9k11z3"}
{"type":"log","timestamp":1764956858811,"level":"debug","message":"Base url not specified, skipping its injection.","meta":{"rootId":"2denwdd5vk0vpca","id":"u78a3xp41iesqzb"},"id":"at188dfhgakf0nd","previousOperationId":"6vpoccaob9k11z3"}
{"type":"operationStart","subtype":"engine","name":"handlebars","timestamp":1764956858812,"id":"zrou8crvysceq24","previousEventId":"t2amzj7xp1mxx7r","operationId":"2r8utyhut4mqlnm","previousOperationId":"6vpoccaob9k11z3"}
{"type":"log","timestamp":1764956858812,"level":"debug","message":"Rendering engine handlebars","meta":{"rootId":"2denwdd5vk0vpca","id":"u78a3xp41iesqzb"},"id":"zryokb6kor2q795","previousOperationId":"2r8utyhut4mqlnm"}
{"type":"operationEnd","operationId":"2r8utyhut4mqlnm","timestamp":1764956858835,"id":"1s22gotfua83r54","previousEventId":"zrou8crvysceq24","previousOperationId":"2r8utyhut4mqlnm"}
{"type":"operationStart","subtype":"recipe","name":"html","timestamp":1764956858837,"id":"x1ntvdovy0r2bci","previousEventId":"1s22gotfua83r54","operationId":"mffarel0pkknvnc","previousOperationId":"2r8utyhut4mqlnm"}
{"type":"log","timestamp":1764956858837,"level":"debug","message":"Executing recipe html","meta":{"rootId":"2denwdd5vk0vpca","id":"u78a3xp41iesqzb"},"id":"3boc1gfiryflij6","previousOperationId":"mffarel0pkknvnc"}
{"type":"operationEnd","operationId":"mffarel0pkknvnc","timestamp":1764956858837,"id":"4ipdwsqlyiwvc8l","previousEventId":"x1ntvdovy0r2bci","previousOperationId":"mffarel0pkknvnc"}
{"type":"log","timestamp":1764956858837,"level":"debug","message":"Skipping storing report.","meta":{"rootId":"2denwdd5vk0vpca","id":"u78a3xp41iesqzb"},"id":"jkys12lm3dxhcev","previousOperationId":"mffarel0pkknvnc"}
{"type":"log","timestamp":1764956858837,"level":"info","message":"Rendering (child) request finished in 137 ms","meta":{"rootId":"2denwdd5vk0vpca","id":"u78a3xp41iesqzb"},"id":"vlg4dqo2o3xiskj","previousOperationId":"mffarel0pkknvnc"}
{"type":"operationEnd","subtype":"render","operationId":"6vpoccaob9k11z3","timestamp":1764956858837,"id":"rzhwxc848u6w06n","previousEventId":"4ipdwsqlyiwvc8l","previousOperationId":"mffarel0pkknvnc"}
{"type":"log","timestamp":1764956858948,"level":"debug","message":"pptx successfully zipped","meta":{"rootId":"2denwdd5vk0vpca","id":"2denwdd5vk0vpca"},"id":"tt71wcn6k1hib98","previousOperationId":"4en5in2q2ygr9p2"}
{"type":"log","timestamp":1764956858948,"level":"info","message":"pptx generation was finished","meta":{"rootId":"2denwdd5vk0vpca","id":"2denwdd5vk0vpca"},"id":"a6b6wgzg2qdp3yw","previousOperationId":"4en5in2q2ygr9p2"}
{"type":"operationEnd","operationId":"4en5in2q2ygr9p2","timestamp":1764956858951,"id":"orwgf88vm28yfks","previousEventId":"571mbv1cux6v4n3","previousOperationId":"4en5in2q2ygr9p2"}
{"type":"log","timestamp":1764956858951,"level":"debug","message":"Skipping storing report.","meta":{"rootId":"2denwdd5vk0vpca","id":"2denwdd5vk0vpca"},"id":"59xxanrlkz4wtc6","previousOperationId":"4en5in2q2ygr9p2"}
{"type":"log","timestamp":1764956858952,"level":"info","message":"Rendering request 18 finished in 252 ms","meta":{"rootId":"2denwdd5vk0vpca","id":"2denwdd5vk0vpca"},"id":"i9x6v8j52xk68qa","previousOperationId":"4en5in2q2ygr9p2"}
{"type":"operationEnd","subtype":"render","operationId":"w4b41i835mytk82","timestamp":1764956858952,"id":"iff0dsjwd60lwng","previousEventId":"orwgf88vm28yfks","previousOperationId":"4en5in2q2ygr9p2"}
{"type":"operationEnd","doDiffs":false,"previousEventId":"rplpgt91n9h63ni","previousOperationId":"czedp339pe7wdzy","operationId":"czedp339pe7wdzy","timestamp":1764956858957,"id":"xc2ysyn5ouq75hk"}
