{"type":"operationStart","subtype":"profile","data":{"_id":"jGpaN0KwF37qPYHG","timestamp":"2025-12-05T22:39:37.491Z","state":"running","mode":"standard","creationDate":"2025-12-05T22:39:37.497Z","modificationDate":"2025-12-05T22:39:37.497Z","shortid":"j_8yyHY","$entitySet":"profiles","timeout":60000},"doDiffs":false,"timestamp":1764974377495,"id":"8boaayb95dwea50","previousOperationId":null,"operationId":"hmnsruqmp31b58g"}
{"type":"log","level":"info","message":"Render request 3 queued for execution and waiting for available worker","previousOperationId":"hmnsruqmp31b58g","timestamp":1764974377495,"id":"d2x9cgrv445vqqz"}
{"type":"operationStart","subtype":"render","name":"anonymous","previousOperationId":"hmnsruqmp31b58g","timestamp":1764974377518,"id":"60c1co24ufgvx5c","previousEventId":"8boaayb95dwea50","operationId":"drp0jyeh63jgwpj"}
{"type":"log","timestamp":1764974377519,"level":"info","message":"Starting rendering request 3","meta":{"rootId":"2irhp827bra3vta","id":"2irhp827bra3vta"},"id":"u5erszxnf80tcqr","previousOperationId":"drp0jyeh63jgwpj"}
{"type":"log","timestamp":1764974377519,"level":"info","message":"Rendering anonymous template { recipe: pptx, engine: handlebars }","meta":{"rootId":"2irhp827bra3vta","id":"2irhp827bra3vta"},"id":"d21tssz8s0ba54j","previousOperationId":"drp0jyeh63jgwpj"}
{"type":"log","timestamp":1764974377519,"level":"debug","message":"Inline data specified.","meta":{"rootId":"2irhp827bra3vta","id":"2irhp827bra3vta"},"id":"m3h42bqyp8x3hxw","previousOperationId":"drp0jyeh63jgwpj"}
{"type":"log","timestamp":1764974377523,"level":"debug","message":"Base url not specified, skipping its injection.","meta":{"rootId":"2irhp827bra3vta","id":"2irhp827bra3vta"},"id":"vexu1ohzpjrwugk","previousOperationId":"drp0jyeh63jgwpj"}
{"type":"operationStart","subtype":"engine","name":"handlebars","timestamp":1764974377524,"id":"zpkgdf3mnvgkam9","previousEventId":"60c1co24ufgvx5c","operationId":"vrtchkuxrt894lp","previousOperationId":"drp0jyeh63jgwpj"}
{"type":"log","timestamp":1764974377524,"level":"debug","message":"Rendering engine handlebars","meta":{"rootId":"2irhp827bra3vta","id":"2irhp827bra3vta"},"id":"58f3cteqzz8rp0p","previousOperationId":"vrtchkuxrt894lp"}
{"type":"operationEnd","operationId":"vrtchkuxrt894lp","timestamp":1764974377544,"id":"ajc7s87e73wh68j","previousEventId":"zpkgdf3mnvgkam9","previousOperationId":"vrtchkuxrt894lp"}
{"type":"operationStart","subtype":"recipe","name":"pptx","timestamp":1764974377545,"id":"m2lhhfdz4iotsui","previousEventId":"ajc7s87e73wh68j","operationId":"bjvusxz2s76x6pu","previousOperationId":"vrtchkuxrt894lp"}
{"type":"log","timestamp":1764974377545,"level":"debug","message":"Executing recipe pptx","meta":{"rootId":"2irhp827bra3vta","id":"2irhp827bra3vta"},"id":"4iw2ehw7dpo13q6","previousOperationId":"bjvusxz2s76x6pu"}
{"type":"log","timestamp":1764974377545,"level":"info","message":"pptx generation is starting","meta":{"rootId":"2irhp827bra3vta","id":"2irhp827bra3vta"},"id":"6qqky15rs5nhain","previousOperationId":"bjvusxz2s76x6pu"}
{"type":"log","timestamp":1764974377698,"level":"debug","message":"Starting child request to render pptx dynamic parts","meta":{"rootId":"2irhp827bra3vta","id":"2irhp827bra3vta"},"id":"gq2i736vrv0oxdl","previousOperationId":"bjvusxz2s76x6pu"}
{"type":"operationStart","subtype":"render","name":"anonymous","previousOperationId":"bjvusxz2s76x6pu","timestamp":1764974377699,"id":"7987lypv1nx0i66","previousEventId":"m2lhhfdz4iotsui","operationId":"axnuargt5t1h7sz"}
{"type":"log","timestamp":1764974377699,"level":"info","message":"Starting rendering (child) request","meta":{"rootId":"2irhp827bra3vta","id":"1dg31mnfnc5oa6t"},"id":"v05q566fqjiyaxf","previousOperationId":"axnuargt5t1h7sz"}
{"type":"log","timestamp":1764974377699,"level":"info","message":"Rendering anonymous template { recipe: html, engine: handlebars }","meta":{"rootId":"2irhp827bra3vta","id":"1dg31mnfnc5oa6t"},"id":"am3v0oreoks6as4","previousOperationId":"axnuargt5t1h7sz"}
{"type":"log","timestamp":1764974377699,"level":"debug","message":"Inline data specified.","meta":{"rootId":"2irhp827bra3vta","id":"1dg31mnfnc5oa6t"},"id":"vf03hft18o2xi4w","previousOperationId":"axnuargt5t1h7sz"}
{"type":"log","timestamp":1764974377709,"level":"debug","message":"Base url not specified, skipping its injection.","meta":{"rootId":"2irhp827bra3vta","id":"1dg31mnfnc5oa6t"},"id":"a6jzdxwjk26vcw5","previousOperationId":"axnuargt5t1h7sz"}
{"type":"operationStart","subtype":"engine","name":"handlebars","timestamp":1764974377710,"id":"69ltsimc816rcgj","previousEventId":"7987lypv1nx0i66","operationId":"pkkybyetlncxlru","previousOperationId":"axnuargt5t1h7sz"}
{"type":"log","timestamp":1764974377710,"level":"debug","message":"Rendering engine handlebars","meta":{"rootId":"2irhp827bra3vta","id":"1dg31mnfnc5oa6t"},"id":"y1wicz9wt0obbtb","previousOperationId":"pkkybyetlncxlru"}
{"type":"operationEnd","operationId":"pkkybyetlncxlru","timestamp":1764974377748,"id":"08tn3kwh68d1b1i","previousEventId":"69ltsimc816rcgj","previousOperationId":"pkkybyetlncxlru"}
{"type":"operationStart","subtype":"recipe","name":"html","timestamp":1764974377750,"id":"6xu15zv650txagf","previousEventId":"08tn3kwh68d1b1i","operationId":"z2r3vzi5q0os0v6","previousOperationId":"pkkybyetlncxlru"}
{"type":"log","timestamp":1764974377750,"level":"debug","message":"Executing recipe html","meta":{"rootId":"2irhp827bra3vta","id":"1dg31mnfnc5oa6t"},"id":"tayetytcixtoyai","previousOperationId":"z2r3vzi5q0os0v6"}
{"type":"operationEnd","operationId":"z2r3vzi5q0os0v6","timestamp":1764974377750,"id":"0f8f4jr6wlvzr8c","previousEventId":"6xu15zv650txagf","previousOperationId":"z2r3vzi5q0os0v6"}
{"type":"log","timestamp":1764974377750,"level":"debug","message":"Skipping storing report.","meta":{"rootId":"2irhp827bra3vta","id":"1dg31mnfnc5oa6t"},"id":"zbjfbjfbt9ulivv","previousOperationId":"z2r3vzi5q0os0v6"}
{"type":"log","timestamp":1764974377750,"level":"info","message":"Rendering (child) request finished in 259 ms","meta":{"rootId":"2irhp827bra3vta","id":"1dg31mnfnc5oa6t"},"id":"e448e8qqr3aps6w","previousOperationId":"z2r3vzi5q0os0v6"}
{"type":"operationEnd","subtype":"render","operationId":"axnuargt5t1h7sz","timestamp":1764974377750,"id":"vl0dz9b3hxml4rk","previousEventId":"0f8f4jr6wlvzr8c","previousOperationId":"z2r3vzi5q0os0v6"}
{"type":"log","timestamp":1764974381483,"level":"debug","message":"pptx successfully zipped","meta":{"rootId":"2irhp827bra3vta","id":"2irhp827bra3vta"},"id":"tm01kkxkrm362bf","previousOperationId":"bjvusxz2s76x6pu"}
{"type":"log","timestamp":1764974381483,"level":"info","message":"pptx generation was finished","meta":{"rootId":"2irhp827bra3vta","id":"2irhp827bra3vta"},"id":"9spequ7ozov3g4f","previousOperationId":"bjvusxz2s76x6pu"}
{"type":"operationEnd","operationId":"bjvusxz2s76x6pu","timestamp":1764974381486,"id":"isr72gh624euqgr","previousEventId":"m2lhhfdz4iotsui","previousOperationId":"bjvusxz2s76x6pu"}
{"type":"log","timestamp":1764974381486,"level":"debug","message":"Skipping storing report.","meta":{"rootId":"2irhp827bra3vta","id":"2irhp827bra3vta"},"id":"zwboz39ob5xqwcb","previousOperationId":"bjvusxz2s76x6pu"}
{"type":"log","timestamp":1764974381486,"level":"info","message":"Rendering request 3 finished in 3995 ms","meta":{"rootId":"2irhp827bra3vta","id":"2irhp827bra3vta"},"id":"s17duacfz6ep64v","previousOperationId":"bjvusxz2s76x6pu"}
{"type":"operationEnd","subtype":"render","operationId":"drp0jyeh63jgwpj","timestamp":1764974381486,"id":"c9fft82buur37u4","previousEventId":"isr72gh624euqgr","previousOperationId":"bjvusxz2s76x6pu"}
{"type":"operationEnd","doDiffs":false,"previousEventId":"8boaayb95dwea50","previousOperationId":"hmnsruqmp31b58g","operationId":"hmnsruqmp31b58g","timestamp":1764974381492,"id":"8uic0yinb9oh706"}
