{"type":"operationStart","subtype":"profile","data":{"_id":"7Nq7kJmi0aCecxyi","timestamp":"2025-12-06T14:26:58.180Z","state":"running","mode":"standard","creationDate":"2025-12-06T14:26:58.183Z","modificationDate":"2025-12-06T14:26:58.183Z","shortid":"dY-_wK_","$entitySet":"profiles","timeout":60000},"doDiffs":false,"timestamp":1765031218182,"id":"crhyqkccqinfm63","previousOperationId":null,"operationId":"t6tp0zyptwnnfba"}
{"type":"log","level":"info","message":"Render request 2 queued for execution and waiting for available worker","previousOperationId":"t6tp0zyptwnnfba","timestamp":1765031218182,"id":"1h74j4p13d172kx"}
{"type":"operationStart","subtype":"render","name":"anonymous","previousOperationId":"t6tp0zyptwnnfba","timestamp":1765031218208,"id":"corkhh34k7hpv85","previousEventId":"crhyqkccqinfm63","operationId":"45a7crolpg5i24s"}
{"type":"log","timestamp":1765031218209,"level":"info","message":"Starting rendering request 2","meta":{"rootId":"2r535gqqqq5tm2s","id":"2r535gqqqq5tm2s"},"id":"8xlzm6odo68jwnz","previousOperationId":"45a7crolpg5i24s"}
{"type":"log","timestamp":1765031218211,"level":"info","message":"Rendering anonymous template { recipe: pptx, engine: handlebars }","meta":{"rootId":"2r535gqqqq5tm2s","id":"2r535gqqqq5tm2s"},"id":"e80iql4bblyltih","previousOperationId":"45a7crolpg5i24s"}
{"type":"log","timestamp":1765031218211,"level":"debug","message":"Inline data specified.","meta":{"rootId":"2r535gqqqq5tm2s","id":"2r535gqqqq5tm2s"},"id":"3flhonzjwlvzyzg","previousOperationId":"45a7crolpg5i24s"}
{"type":"log","timestamp":1765031218214,"level":"debug","message":"Base url not specified, skipping its injection.","meta":{"rootId":"2r535gqqqq5tm2s","id":"2r535gqqqq5tm2s"},"id":"v18qmctta71tdr1","previousOperationId":"45a7crolpg5i24s"}
{"type":"operationStart","subtype":"engine","name":"handlebars","timestamp":1765031218216,"id":"p17y3koinhydxqk","previousEventId":"corkhh34k7hpv85","operationId":"r7bqzz2xqg3665a","previousOperationId":"45a7crolpg5i24s"}
{"type":"log","timestamp":1765031218216,"level":"debug","message":"Rendering engine handlebars","meta":{"rootId":"2r535gqqqq5tm2s","id":"2r535gqqqq5tm2s"},"id":"wzq31g7qybjkrmc","previousOperationId":"r7bqzz2xqg3665a"}
{"type":"operationEnd","operationId":"r7bqzz2xqg3665a","timestamp":1765031219000,"id":"vk8zzgnw56xp9js","previousEventId":"p17y3koinhydxqk","previousOperationId":"r7bqzz2xqg3665a"}
{"type":"operationStart","subtype":"recipe","name":"pptx","timestamp":1765031219001,"id":"igaqoffdwy0j2uu","previousEventId":"vk8zzgnw56xp9js","operationId":"3u8w5zp12sked92","previousOperationId":"r7bqzz2xqg3665a"}
{"type":"log","timestamp":1765031219001,"level":"debug","message":"Executing recipe pptx","meta":{"rootId":"2r535gqqqq5tm2s","id":"2r535gqqqq5tm2s"},"id":"zv4kgbabmgrqfpz","previousOperationId":"3u8w5zp12sked92"}
{"type":"log","timestamp":1765031219159,"level":"info","message":"pptx generation is starting","meta":{"rootId":"2r535gqqqq5tm2s","id":"2r535gqqqq5tm2s"},"id":"w6up91iytd9sn8g","previousOperationId":"3u8w5zp12sked92"}
{"type":"log","timestamp":1765031219306,"level":"debug","message":"Starting child request to render pptx dynamic parts","meta":{"rootId":"2r535gqqqq5tm2s","id":"2r535gqqqq5tm2s"},"id":"l58t7oo0bt7alnb","previousOperationId":"3u8w5zp12sked92"}
{"type":"operationStart","subtype":"render","name":"anonymous","previousOperationId":"3u8w5zp12sked92","timestamp":1765031219308,"id":"gexbbeeymolhofs","previousEventId":"igaqoffdwy0j2uu","operationId":"iqoqi9iul6wntdk"}
{"type":"log","timestamp":1765031219308,"level":"info","message":"Starting rendering (child) request","meta":{"rootId":"2r535gqqqq5tm2s","id":"zlsm7vqwama3yyd"},"id":"oa1llze5qwiemhs","previousOperationId":"iqoqi9iul6wntdk"}
{"type":"log","timestamp":1765031219309,"level":"info","message":"Rendering anonymous template { recipe: html, engine: handlebars }","meta":{"rootId":"2r535gqqqq5tm2s","id":"zlsm7vqwama3yyd"},"id":"r94czgxwtnobbrh","previousOperationId":"iqoqi9iul6wntdk"}
{"type":"log","timestamp":1765031219309,"level":"debug","message":"Inline data specified.","meta":{"rootId":"2r535gqqqq5tm2s","id":"zlsm7vqwama3yyd"},"id":"oywzuqupy1vwgyk","previousOperationId":"iqoqi9iul6wntdk"}
{"type":"log","timestamp":1765031219315,"level":"debug","message":"Base url not specified, skipping its injection.","meta":{"rootId":"2r535gqqqq5tm2s","id":"zlsm7vqwama3yyd"},"id":"1wvaphbzd6wu4rm","previousOperationId":"iqoqi9iul6wntdk"}
{"type":"operationStart","subtype":"engine","name":"handlebars","timestamp":1765031219315,"id":"jq7tfeq67tp3zt5","previousEventId":"gexbbeeymolhofs","operationId":"2zrw9pnfte7hkps","previousOperationId":"iqoqi9iul6wntdk"}
{"type":"log","timestamp":1765031219315,"level":"debug","message":"Rendering engine handlebars","meta":{"rootId":"2r535gqqqq5tm2s","id":"zlsm7vqwama3yyd"},"id":"im8aj5exm96dvwg","previousOperationId":"2zrw9pnfte7hkps"}
{"type":"operationEnd","operationId":"2zrw9pnfte7hkps","timestamp":1765031219343,"id":"pa9rn651jxhc086","previousEventId":"jq7tfeq67tp3zt5","previousOperationId":"2zrw9pnfte7hkps"}
{"type":"operationStart","subtype":"recipe","name":"html","timestamp":1765031219345,"id":"cb9q6iwcjnt9ra9","previousEventId":"pa9rn651jxhc086","operationId":"7arghw677q7ia7h","previousOperationId":"2zrw9pnfte7hkps"}
{"type":"log","timestamp":1765031219345,"level":"debug","message":"Executing recipe html","meta":{"rootId":"2r535gqqqq5tm2s","id":"zlsm7vqwama3yyd"},"id":"avdxwgw470qhlue","previousOperationId":"7arghw677q7ia7h"}
{"type":"operationEnd","operationId":"7arghw677q7ia7h","timestamp":1765031219345,"id":"tthjquddo55vj6i","previousEventId":"cb9q6iwcjnt9ra9","previousOperationId":"7arghw677q7ia7h"}
{"type":"log","timestamp":1765031219346,"level":"debug","message":"Skipping storing report.","meta":{"rootId":"2r535gqqqq5tm2s","id":"zlsm7vqwama3yyd"},"id":"6k5q96a5rhcvce6","previousOperationId":"7arghw677q7ia7h"}
{"type":"log","timestamp":1765031219346,"level":"info","message":"Rendering (child) request finished in 1166 ms","meta":{"rootId":"2r535gqqqq5tm2s","id":"zlsm7vqwama3yyd"},"id":"a8zaowyxwqj32q6","previousOperationId":"7arghw677q7ia7h"}
{"type":"operationEnd","subtype":"render","operationId":"iqoqi9iul6wntdk","timestamp":1765031219347,"id":"8l2bfnv9co0a0ez","previousEventId":"tthjquddo55vj6i","previousOperationId":"7arghw677q7ia7h"}
{"type":"log","timestamp":1765031220308,"level":"debug","message":"pptx successfully zipped","meta":{"rootId":"2r535gqqqq5tm2s","id":"2r535gqqqq5tm2s"},"id":"t4hgkpwcfdkgzgf","previousOperationId":"3u8w5zp12sked92"}
{"type":"log","timestamp":1765031220308,"level":"info","message":"pptx generation was finished","meta":{"rootId":"2r535gqqqq5tm2s","id":"2r535gqqqq5tm2s"},"id":"2vvw4atsqf0nut1","previousOperationId":"3u8w5zp12sked92"}
{"type":"operationEnd","operationId":"3u8w5zp12sked92","timestamp":1765031220316,"id":"zy7csa9exnjf94j","previousEventId":"igaqoffdwy0j2uu","previousOperationId":"3u8w5zp12sked92"}
{"type":"log","timestamp":1765031220316,"level":"debug","message":"Skipping storing report.","meta":{"rootId":"2r535gqqqq5tm2s","id":"2r535gqqqq5tm2s"},"id":"5kznrgmt32ic9zs","previousOperationId":"3u8w5zp12sked92"}
{"type":"log","timestamp":1765031220316,"level":"info","message":"Rendering request 2 finished in 2136 ms","meta":{"rootId":"2r535gqqqq5tm2s","id":"2r535gqqqq5tm2s"},"id":"9mezlg1apz2myva","previousOperationId":"3u8w5zp12sked92"}
{"type":"operationEnd","subtype":"render","operationId":"45a7crolpg5i24s","timestamp":1765031220316,"id":"frmbsyxki07a4k6","previousEventId":"zy7csa9exnjf94j","previousOperationId":"3u8w5zp12sked92"}
{"type":"operationEnd","doDiffs":false,"previousEventId":"crhyqkccqinfm63","previousOperationId":"t6tp0zyptwnnfba","operationId":"t6tp0zyptwnnfba","timestamp":1765031220320,"id":"1fh21bkhkhnxul0"}
