{"type":"operationStart","subtype":"profile","data":{"_id":"pBZSO8L5RLNui142","timestamp":"2025-12-07T12:43:35.460Z","state":"running","mode":"standard","creationDate":"2025-12-07T12:43:35.466Z","modificationDate":"2025-12-07T12:43:35.466Z","shortid":"MNRPceP","$entitySet":"profiles","timeout":60000},"doDiffs":false,"timestamp":1765111415463,"id":"q9hkq5v7ns02b58","previousOperationId":null,"operationId":"dtupknk6bchm7cw"}
{"type":"log","level":"info","message":"Render request 27 queued for execution and waiting for available worker","previousOperationId":"dtupknk6bchm7cw","timestamp":1765111415463,"id":"sdtovj8ywcvb1qs"}
{"type":"operationStart","subtype":"render","name":"anonymous","previousOperationId":"dtupknk6bchm7cw","timestamp":1765111415536,"id":"wm5ntk2azvoqtst","previousEventId":"q9hkq5v7ns02b58","operationId":"l2wwgt3pgdcjzge"}
{"type":"log","timestamp":1765111415536,"level":"info","message":"Starting rendering request 27","meta":{"rootId":"2tqx1g22s2ww1iy","id":"2tqx1g22s2ww1iy"},"id":"3861mgwvy0v5mry","previousOperationId":"l2wwgt3pgdcjzge"}
{"type":"log","timestamp":1765111415538,"level":"info","message":"Rendering anonymous template { recipe: pptx, engine: handlebars }","meta":{"rootId":"2tqx1g22s2ww1iy","id":"2tqx1g22s2ww1iy"},"id":"jly45ox1yb7o2nm","previousOperationId":"l2wwgt3pgdcjzge"}
{"type":"log","timestamp":1765111415538,"level":"debug","message":"Inline data specified.","meta":{"rootId":"2tqx1g22s2ww1iy","id":"2tqx1g22s2ww1iy"},"id":"felko3cmes2n6gl","previousOperationId":"l2wwgt3pgdcjzge"}
{"type":"log","timestamp":1765111415542,"level":"debug","message":"Base url not specified, skipping its injection.","meta":{"rootId":"2tqx1g22s2ww1iy","id":"2tqx1g22s2ww1iy"},"id":"c7tr0fme6tjtmou","previousOperationId":"l2wwgt3pgdcjzge"}
{"type":"operationStart","subtype":"engine","name":"handlebars","timestamp":1765111415542,"id":"my9pihzgwn8zpyb","previousEventId":"wm5ntk2azvoqtst","operationId":"ixq5a21tn17a9fw","previousOperationId":"l2wwgt3pgdcjzge"}
{"type":"log","timestamp":1765111415542,"level":"debug","message":"Rendering engine handlebars","meta":{"rootId":"2tqx1g22s2ww1iy","id":"2tqx1g22s2ww1iy"},"id":"p77vef9krg514j2","previousOperationId":"ixq5a21tn17a9fw"}
{"type":"operationEnd","operationId":"ixq5a21tn17a9fw","timestamp":1765111415564,"id":"y3fwxeio6g8re4o","previousEventId":"my9pihzgwn8zpyb","previousOperationId":"ixq5a21tn17a9fw"}
{"type":"operationStart","subtype":"recipe","name":"pptx","timestamp":1765111415565,"id":"u0tqq65hu8m9ek2","previousEventId":"y3fwxeio6g8re4o","operationId":"e5qbveohhxjir7j","previousOperationId":"ixq5a21tn17a9fw"}
{"type":"log","timestamp":1765111415565,"level":"debug","message":"Executing recipe pptx","meta":{"rootId":"2tqx1g22s2ww1iy","id":"2tqx1g22s2ww1iy"},"id":"dq5bftn4gc2sydz","previousOperationId":"e5qbveohhxjir7j"}
{"type":"log","timestamp":1765111415585,"level":"info","message":"pptx generation is starting","meta":{"rootId":"2tqx1g22s2ww1iy","id":"2tqx1g22s2ww1iy"},"id":"gg6k2qukhhl0xs2","previousOperationId":"e5qbveohhxjir7j"}
{"type":"log","timestamp":1765111417170,"level":"debug","message":"Starting child request to render pptx dynamic parts","meta":{"rootId":"2tqx1g22s2ww1iy","id":"2tqx1g22s2ww1iy"},"id":"5t8q5afkiy9vcz1","previousOperationId":"e5qbveohhxjir7j"}
{"type":"operationStart","subtype":"render","name":"anonymous","previousOperationId":"e5qbveohhxjir7j","timestamp":1765111417171,"id":"zgtby0gyda8f7s9","previousEventId":"u0tqq65hu8m9ek2","operationId":"x7d0d40a7dx177d"}
{"type":"log","timestamp":1765111417171,"level":"info","message":"Starting rendering (child) request","meta":{"rootId":"2tqx1g22s2ww1iy","id":"wca8pgos13feove"},"id":"825c7qzs967kjdu","previousOperationId":"x7d0d40a7dx177d"}
{"type":"log","timestamp":1765111417171,"level":"info","message":"Rendering anonymous template { recipe: html, engine: handlebars }","meta":{"rootId":"2tqx1g22s2ww1iy","id":"wca8pgos13feove"},"id":"i8s8her5e3f9s13","previousOperationId":"x7d0d40a7dx177d"}
{"type":"log","timestamp":1765111417171,"level":"debug","message":"Inline data specified.","meta":{"rootId":"2tqx1g22s2ww1iy","id":"wca8pgos13feove"},"id":"b3dzfi4lc3gm14m","previousOperationId":"x7d0d40a7dx177d"}
{"type":"log","timestamp":1765111417177,"level":"debug","message":"Base url not specified, skipping its injection.","meta":{"rootId":"2tqx1g22s2ww1iy","id":"wca8pgos13feove"},"id":"9daefez4ylq2l4c","previousOperationId":"x7d0d40a7dx177d"}
{"type":"operationStart","subtype":"engine","name":"handlebars","timestamp":1765111417178,"id":"34gyu0pk497sllf","previousEventId":"zgtby0gyda8f7s9","operationId":"1b05xaefancsruo","previousOperationId":"x7d0d40a7dx177d"}
{"type":"log","timestamp":1765111417178,"level":"debug","message":"Rendering engine handlebars","meta":{"rootId":"2tqx1g22s2ww1iy","id":"wca8pgos13feove"},"id":"d0o0ogbfe062396","previousOperationId":"1b05xaefancsruo"}
{"type":"operationEnd","operationId":"1b05xaefancsruo","timestamp":1765111417284,"id":"nowgpm7x0t14lel","previousEventId":"34gyu0pk497sllf","previousOperationId":"1b05xaefancsruo"}
{"type":"operationStart","subtype":"recipe","name":"html","timestamp":1765111417299,"id":"xaavfw5hjxpeh72","previousEventId":"nowgpm7x0t14lel","operationId":"tys4rpruz0vvb32","previousOperationId":"1b05xaefancsruo"}
{"type":"log","timestamp":1765111417300,"level":"debug","message":"Executing recipe html","meta":{"rootId":"2tqx1g22s2ww1iy","id":"wca8pgos13feove"},"id":"22ax0la41xa19eh","previousOperationId":"tys4rpruz0vvb32"}
{"type":"operationEnd","operationId":"tys4rpruz0vvb32","timestamp":1765111417300,"id":"slpj2wbg4ju8epz","previousEventId":"xaavfw5hjxpeh72","previousOperationId":"tys4rpruz0vvb32"}
{"type":"log","timestamp":1765111417300,"level":"debug","message":"Skipping storing report.","meta":{"rootId":"2tqx1g22s2ww1iy","id":"wca8pgos13feove"},"id":"96p9s2l93jgja2x","previousOperationId":"tys4rpruz0vvb32"}
{"type":"log","timestamp":1765111417300,"level":"info","message":"Rendering (child) request finished in 1843 ms","meta":{"rootId":"2tqx1g22s2ww1iy","id":"wca8pgos13feove"},"id":"pacjytf4ogtz1ht","previousOperationId":"tys4rpruz0vvb32"}
{"type":"operationEnd","subtype":"render","operationId":"x7d0d40a7dx177d","timestamp":1765111417300,"id":"79j05ic104o5gtm","previousEventId":"slpj2wbg4ju8epz","previousOperationId":"tys4rpruz0vvb32"}
{"type":"log","timestamp":1765111422966,"level":"debug","message":"pptx successfully zipped","meta":{"rootId":"2tqx1g22s2ww1iy","id":"2tqx1g22s2ww1iy"},"id":"oqfxd3o5f915kxq","previousOperationId":"e5qbveohhxjir7j"}
{"type":"log","timestamp":1765111422966,"level":"info","message":"pptx generation was finished","meta":{"rootId":"2tqx1g22s2ww1iy","id":"2tqx1g22s2ww1iy"},"id":"ujmcei08l6dnt7f","previousOperationId":"e5qbveohhxjir7j"}
{"type":"operationEnd","operationId":"e5qbveohhxjir7j","timestamp":1765111422979,"id":"5t2yli0cj35imyk","previousEventId":"u0tqq65hu8m9ek2","previousOperationId":"e5qbveohhxjir7j"}
{"type":"log","timestamp":1765111422979,"level":"debug","message":"Skipping storing report.","meta":{"rootId":"2tqx1g22s2ww1iy","id":"2tqx1g22s2ww1iy"},"id":"oz8i39xlroa9cgw","previousOperationId":"e5qbveohhxjir7j"}
{"type":"log","timestamp":1765111422979,"level":"info","message":"Rendering request 27 finished in 7522 ms","meta":{"rootId":"2tqx1g22s2ww1iy","id":"2tqx1g22s2ww1iy"},"id":"01mbk5h3p8dlyzx","previousOperationId":"e5qbveohhxjir7j"}
{"type":"operationEnd","subtype":"render","operationId":"l2wwgt3pgdcjzge","timestamp":1765111422979,"id":"mbze2xiarzio00z","previousEventId":"5t2yli0cj35imyk","previousOperationId":"e5qbveohhxjir7j"}
{"type":"operationEnd","doDiffs":false,"previousEventId":"q9hkq5v7ns02b58","previousOperationId":"dtupknk6bchm7cw","operationId":"dtupknk6bchm7cw","timestamp":1765111422984,"id":"ctjxkflplr50gh9"}
