{"type":"operationStart","subtype":"profile","data":{"_id":"mbEAl7bW7BDUPvuA","timestamp":"2025-12-07T14:08:44.285Z","state":"running","mode":"standard","creationDate":"2025-12-07T14:08:44.302Z","modificationDate":"2025-12-07T14:08:44.302Z","shortid":"OQNYZh7","$entitySet":"profiles","timeout":60000},"doDiffs":false,"timestamp":1765116524299,"id":"46zotjw9ycex403","previousOperationId":null,"operationId":"hks7hrijebiul4r"}
{"type":"log","level":"info","message":"Render request 3 queued for execution and waiting for available worker","previousOperationId":"hks7hrijebiul4r","timestamp":1765116524299,"id":"tx7u3u3cb09k5f1"}
{"type":"operationStart","subtype":"render","name":"anonymous","previousOperationId":"hks7hrijebiul4r","timestamp":1765116524380,"id":"r8qz9x8181ntsc9","previousEventId":"46zotjw9ycex403","operationId":"qxlfu8a1u22dm2y"}
{"type":"log","timestamp":1765116524380,"level":"info","message":"Starting rendering request 3","meta":{"rootId":"2vx04x3dmekn2b0","id":"2vx04x3dmekn2b0"},"id":"qzn7db6ral9xllv","previousOperationId":"qxlfu8a1u22dm2y"}
{"type":"log","timestamp":1765116524381,"level":"info","message":"Rendering anonymous template { recipe: pptx, engine: handlebars }","meta":{"rootId":"2vx04x3dmekn2b0","id":"2vx04x3dmekn2b0"},"id":"1tujutioap9rhz2","previousOperationId":"qxlfu8a1u22dm2y"}
{"type":"log","timestamp":1765116524381,"level":"debug","message":"Inline data specified.","meta":{"rootId":"2vx04x3dmekn2b0","id":"2vx04x3dmekn2b0"},"id":"2sgvibcrhhp5c22","previousOperationId":"qxlfu8a1u22dm2y"}
{"type":"log","timestamp":1765116524386,"level":"debug","message":"Base url not specified, skipping its injection.","meta":{"rootId":"2vx04x3dmekn2b0","id":"2vx04x3dmekn2b0"},"id":"cu9f49n2r5qlhoy","previousOperationId":"qxlfu8a1u22dm2y"}
{"type":"operationStart","subtype":"engine","name":"handlebars","timestamp":1765116524387,"id":"40f4pg08i21jgl6","previousEventId":"r8qz9x8181ntsc9","operationId":"1aipyjgifx9rxzz","previousOperationId":"qxlfu8a1u22dm2y"}
{"type":"log","timestamp":1765116524387,"level":"debug","message":"Rendering engine handlebars","meta":{"rootId":"2vx04x3dmekn2b0","id":"2vx04x3dmekn2b0"},"id":"wzivhuskqec5vhz","previousOperationId":"1aipyjgifx9rxzz"}
{"type":"operationEnd","operationId":"1aipyjgifx9rxzz","timestamp":1765116524410,"id":"aahj9l7hetpo7uy","previousEventId":"40f4pg08i21jgl6","previousOperationId":"1aipyjgifx9rxzz"}
{"type":"operationStart","subtype":"recipe","name":"pptx","timestamp":1765116524410,"id":"e496j98ofa0ns5y","previousEventId":"aahj9l7hetpo7uy","operationId":"9nkq34blkg9dnso","previousOperationId":"1aipyjgifx9rxzz"}
{"type":"log","timestamp":1765116524411,"level":"debug","message":"Executing recipe pptx","meta":{"rootId":"2vx04x3dmekn2b0","id":"2vx04x3dmekn2b0"},"id":"41skgnkuxj0u01s","previousOperationId":"9nkq34blkg9dnso"}
{"type":"log","timestamp":1765116524443,"level":"info","message":"pptx generation is starting","meta":{"rootId":"2vx04x3dmekn2b0","id":"2vx04x3dmekn2b0"},"id":"qtyyt6k39qrjuq0","previousOperationId":"9nkq34blkg9dnso"}
{"type":"log","timestamp":1765116526104,"level":"debug","message":"Starting child request to render pptx dynamic parts","meta":{"rootId":"2vx04x3dmekn2b0","id":"2vx04x3dmekn2b0"},"id":"r8s24l02m6o2fmb","previousOperationId":"9nkq34blkg9dnso"}
{"type":"operationStart","subtype":"render","name":"anonymous","previousOperationId":"9nkq34blkg9dnso","timestamp":1765116526105,"id":"n2sgkts0p5lycph","previousEventId":"e496j98ofa0ns5y","operationId":"wl1lztcqkn4nwy6"}
{"type":"log","timestamp":1765116526105,"level":"info","message":"Starting rendering (child) request","meta":{"rootId":"2vx04x3dmekn2b0","id":"jyys7wzoao9slgf"},"id":"xzrhnurlbpufqtj","previousOperationId":"wl1lztcqkn4nwy6"}
{"type":"log","timestamp":1765116526105,"level":"info","message":"Rendering anonymous template { recipe: html, engine: handlebars }","meta":{"rootId":"2vx04x3dmekn2b0","id":"jyys7wzoao9slgf"},"id":"l7gb0rz54181o0m","previousOperationId":"wl1lztcqkn4nwy6"}
{"type":"log","timestamp":1765116526105,"level":"debug","message":"Inline data specified.","meta":{"rootId":"2vx04x3dmekn2b0","id":"jyys7wzoao9slgf"},"id":"d3a84vqwtc51pgu","previousOperationId":"wl1lztcqkn4nwy6"}
{"type":"log","timestamp":1765116526111,"level":"debug","message":"Base url not specified, skipping its injection.","meta":{"rootId":"2vx04x3dmekn2b0","id":"jyys7wzoao9slgf"},"id":"awwcxj670u8sx9r","previousOperationId":"wl1lztcqkn4nwy6"}
{"type":"operationStart","subtype":"engine","name":"handlebars","timestamp":1765116526113,"id":"cqux456pusvqc73","previousEventId":"n2sgkts0p5lycph","operationId":"06yzmkno63znsvt","previousOperationId":"wl1lztcqkn4nwy6"}
{"type":"log","timestamp":1765116526113,"level":"debug","message":"Rendering engine handlebars","meta":{"rootId":"2vx04x3dmekn2b0","id":"jyys7wzoao9slgf"},"id":"8xg4whsxanp7856","previousOperationId":"06yzmkno63znsvt"}
{"type":"operationEnd","operationId":"06yzmkno63znsvt","timestamp":1765116526225,"id":"yzpliobjluwpenc","previousEventId":"cqux456pusvqc73","previousOperationId":"06yzmkno63znsvt"}
{"type":"operationStart","subtype":"recipe","name":"html","timestamp":1765116526239,"id":"ucfxu67xthc6aw5","previousEventId":"yzpliobjluwpenc","operationId":"rros5kr45aj2g2w","previousOperationId":"06yzmkno63znsvt"}
{"type":"log","timestamp":1765116526239,"level":"debug","message":"Executing recipe html","meta":{"rootId":"2vx04x3dmekn2b0","id":"jyys7wzoao9slgf"},"id":"klo6u8rmo6lixcw","previousOperationId":"rros5kr45aj2g2w"}
{"type":"operationEnd","operationId":"rros5kr45aj2g2w","timestamp":1765116526240,"id":"x26gh4rnhhau74h","previousEventId":"ucfxu67xthc6aw5","previousOperationId":"rros5kr45aj2g2w"}
{"type":"log","timestamp":1765116526240,"level":"debug","message":"Skipping storing report.","meta":{"rootId":"2vx04x3dmekn2b0","id":"jyys7wzoao9slgf"},"id":"dmpp54z42jyqa22","previousOperationId":"rros5kr45aj2g2w"}
{"type":"log","timestamp":1765116526240,"level":"info","message":"Rendering (child) request finished in 1956 ms","meta":{"rootId":"2vx04x3dmekn2b0","id":"jyys7wzoao9slgf"},"id":"3srddtcexyczqfd","previousOperationId":"rros5kr45aj2g2w"}
{"type":"operationEnd","subtype":"render","operationId":"wl1lztcqkn4nwy6","timestamp":1765116526240,"id":"yn2vzxxwj3ja11y","previousEventId":"x26gh4rnhhau74h","previousOperationId":"rros5kr45aj2g2w"}
{"type":"log","timestamp":1765116535466,"level":"debug","message":"pptx successfully zipped","meta":{"rootId":"2vx04x3dmekn2b0","id":"2vx04x3dmekn2b0"},"id":"tevajztzqylunnf","previousOperationId":"9nkq34blkg9dnso"}
{"type":"log","timestamp":1765116535466,"level":"info","message":"pptx generation was finished","meta":{"rootId":"2vx04x3dmekn2b0","id":"2vx04x3dmekn2b0"},"id":"e59dju9emxaqg44","previousOperationId":"9nkq34blkg9dnso"}
{"type":"operationEnd","operationId":"9nkq34blkg9dnso","timestamp":1765116535476,"id":"5t6yacx8fuu3x1l","previousEventId":"e496j98ofa0ns5y","previousOperationId":"9nkq34blkg9dnso"}
{"type":"log","timestamp":1765116535476,"level":"debug","message":"Skipping storing report.","meta":{"rootId":"2vx04x3dmekn2b0","id":"2vx04x3dmekn2b0"},"id":"sy2snv0t10u0xye","previousOperationId":"9nkq34blkg9dnso"}
{"type":"log","timestamp":1765116535477,"level":"info","message":"Rendering request 3 finished in 11193 ms","meta":{"rootId":"2vx04x3dmekn2b0","id":"2vx04x3dmekn2b0"},"id":"ylvksl8alpjj92l","previousOperationId":"9nkq34blkg9dnso"}
{"type":"operationEnd","subtype":"render","operationId":"qxlfu8a1u22dm2y","timestamp":1765116535477,"id":"zxpl882w43foo61","previousEventId":"5t6yacx8fuu3x1l","previousOperationId":"9nkq34blkg9dnso"}
{"type":"operationEnd","doDiffs":false,"previousEventId":"46zotjw9ycex403","previousOperationId":"hks7hrijebiul4r","operationId":"hks7hrijebiul4r","timestamp":1765116535486,"id":"rq84318v7j6dqdt"}
