{"type":"operationStart","subtype":"profile","data":{"_id":"vHbfaYpHaoDnugCl","timestamp":"2025-12-07T13:32:02.485Z","state":"running","mode":"standard","creationDate":"2025-12-07T13:32:02.489Z","modificationDate":"2025-12-07T13:32:02.489Z","shortid":"oNrKKvR","$entitySet":"profiles","timeout":60000},"doDiffs":false,"timestamp":1765114322487,"id":"dyuvp88xmm0hjy8","previousOperationId":null,"operationId":"vrgzddc4k9x7zm3"}
{"type":"log","level":"info","message":"Render request 3 queued for execution and waiting for available worker","previousOperationId":"vrgzddc4k9x7zm3","timestamp":1765114322487,"id":"e6j0tm0m45xnzud"}
{"type":"operationStart","subtype":"render","name":"anonymous","previousOperationId":"vrgzddc4k9x7zm3","timestamp":1765114322549,"id":"208hbbip5mygpdj","previousEventId":"dyuvp88xmm0hjy8","operationId":"b59vtt8e8gltnjg"}
{"type":"log","timestamp":1765114322549,"level":"info","message":"Starting rendering request 3","meta":{"rootId":"37ip332yld5kplj","id":"37ip332yld5kplj"},"id":"a2lz4ns0nulrg26","previousOperationId":"b59vtt8e8gltnjg"}
{"type":"log","timestamp":1765114322549,"level":"info","message":"Rendering anonymous template { recipe: pptx, engine: handlebars }","meta":{"rootId":"37ip332yld5kplj","id":"37ip332yld5kplj"},"id":"463w0afageqo9dx","previousOperationId":"b59vtt8e8gltnjg"}
{"type":"log","timestamp":1765114322549,"level":"debug","message":"Inline data specified.","meta":{"rootId":"37ip332yld5kplj","id":"37ip332yld5kplj"},"id":"4jl3qhgc3ajh0wc","previousOperationId":"b59vtt8e8gltnjg"}
{"type":"log","timestamp":1765114322552,"level":"debug","message":"Base url not specified, skipping its injection.","meta":{"rootId":"37ip332yld5kplj","id":"37ip332yld5kplj"},"id":"iy8d63dw4qk8le2","previousOperationId":"b59vtt8e8gltnjg"}
{"type":"operationStart","subtype":"engine","name":"handlebars","timestamp":1765114322553,"id":"dls60prchvi9mvx","previousEventId":"208hbbip5mygpdj","operationId":"vf7hbv7s93c032g","previousOperationId":"b59vtt8e8gltnjg"}
{"type":"log","timestamp":1765114322553,"level":"debug","message":"Rendering engine handlebars","meta":{"rootId":"37ip332yld5kplj","id":"37ip332yld5kplj"},"id":"3o614txlj9spah3","previousOperationId":"vf7hbv7s93c032g"}
{"type":"operationEnd","operationId":"vf7hbv7s93c032g","timestamp":1765114322605,"id":"b2b1ny7r3pmswzs","previousEventId":"dls60prchvi9mvx","previousOperationId":"vf7hbv7s93c032g"}
{"type":"operationStart","subtype":"recipe","name":"pptx","timestamp":1765114322606,"id":"vn8r9vjwhk0clli","previousEventId":"b2b1ny7r3pmswzs","operationId":"k47urnx406cag30","previousOperationId":"vf7hbv7s93c032g"}
{"type":"log","timestamp":1765114322606,"level":"debug","message":"Executing recipe pptx","meta":{"rootId":"37ip332yld5kplj","id":"37ip332yld5kplj"},"id":"j97gxe6lm2fqccg","previousOperationId":"k47urnx406cag30"}
{"type":"log","timestamp":1765114322627,"level":"info","message":"pptx generation is starting","meta":{"rootId":"37ip332yld5kplj","id":"37ip332yld5kplj"},"id":"p4zgfretws3c154","previousOperationId":"k47urnx406cag30"}
{"type":"log","timestamp":1765114324153,"level":"debug","message":"Starting child request to render pptx dynamic parts","meta":{"rootId":"37ip332yld5kplj","id":"37ip332yld5kplj"},"id":"98ffzgfehx1s6y2","previousOperationId":"k47urnx406cag30"}
{"type":"operationStart","subtype":"render","name":"anonymous","previousOperationId":"k47urnx406cag30","timestamp":1765114324154,"id":"iu9xc2blf672opa","previousEventId":"vn8r9vjwhk0clli","operationId":"ixltzvfsvhw0fx7"}
{"type":"log","timestamp":1765114324154,"level":"info","message":"Starting rendering (child) request","meta":{"rootId":"37ip332yld5kplj","id":"yjv0yy2daslyh5f"},"id":"f0bk2n5b0wrq43h","previousOperationId":"ixltzvfsvhw0fx7"}
{"type":"log","timestamp":1765114324154,"level":"info","message":"Rendering anonymous template { recipe: html, engine: handlebars }","meta":{"rootId":"37ip332yld5kplj","id":"yjv0yy2daslyh5f"},"id":"ryu8f9fzeelqmmr","previousOperationId":"ixltzvfsvhw0fx7"}
{"type":"log","timestamp":1765114324154,"level":"debug","message":"Inline data specified.","meta":{"rootId":"37ip332yld5kplj","id":"yjv0yy2daslyh5f"},"id":"x87qj5vsf99e1pf","previousOperationId":"ixltzvfsvhw0fx7"}
{"type":"log","timestamp":1765114324163,"level":"debug","message":"Base url not specified, skipping its injection.","meta":{"rootId":"37ip332yld5kplj","id":"yjv0yy2daslyh5f"},"id":"u6w2ulnthffojvx","previousOperationId":"ixltzvfsvhw0fx7"}
{"type":"operationStart","subtype":"engine","name":"handlebars","timestamp":1765114324165,"id":"rpfdi2uxupqryjw","previousEventId":"iu9xc2blf672opa","operationId":"8ule3d18rzao6hi","previousOperationId":"ixltzvfsvhw0fx7"}
{"type":"log","timestamp":1765114324165,"level":"debug","message":"Rendering engine handlebars","meta":{"rootId":"37ip332yld5kplj","id":"yjv0yy2daslyh5f"},"id":"0axj4m0cl2980ju","previousOperationId":"8ule3d18rzao6hi"}
{"type":"operationEnd","operationId":"8ule3d18rzao6hi","timestamp":1765114324285,"id":"en7nw9mci717rgr","previousEventId":"rpfdi2uxupqryjw","previousOperationId":"8ule3d18rzao6hi"}
{"type":"operationStart","subtype":"recipe","name":"html","timestamp":1765114324297,"id":"9tz8bhu57r66v5d","previousEventId":"en7nw9mci717rgr","operationId":"1mthypp4sb6ybho","previousOperationId":"8ule3d18rzao6hi"}
{"type":"log","timestamp":1765114324297,"level":"debug","message":"Executing recipe html","meta":{"rootId":"37ip332yld5kplj","id":"yjv0yy2daslyh5f"},"id":"kbwns48db4vgrpg","previousOperationId":"1mthypp4sb6ybho"}
{"type":"operationEnd","operationId":"1mthypp4sb6ybho","timestamp":1765114324297,"id":"bhrwfn8oq96ay5w","previousEventId":"9tz8bhu57r66v5d","previousOperationId":"1mthypp4sb6ybho"}
{"type":"log","timestamp":1765114324299,"level":"debug","message":"Skipping storing report.","meta":{"rootId":"37ip332yld5kplj","id":"yjv0yy2daslyh5f"},"id":"zsoj69euinvl7s7","previousOperationId":"1mthypp4sb6ybho"}
{"type":"log","timestamp":1765114324299,"level":"info","message":"Rendering (child) request finished in 1815 ms","meta":{"rootId":"37ip332yld5kplj","id":"yjv0yy2daslyh5f"},"id":"pw7kx8ej0e0ac5x","previousOperationId":"1mthypp4sb6ybho"}
{"type":"operationEnd","subtype":"render","operationId":"ixltzvfsvhw0fx7","timestamp":1765114324299,"id":"3udn1hnhqjyys2d","previousEventId":"bhrwfn8oq96ay5w","previousOperationId":"1mthypp4sb6ybho"}
{"type":"log","timestamp":1765114333432,"level":"debug","message":"pptx successfully zipped","meta":{"rootId":"37ip332yld5kplj","id":"37ip332yld5kplj"},"id":"cm41xoknvgljc2z","previousOperationId":"k47urnx406cag30"}
{"type":"log","timestamp":1765114333432,"level":"info","message":"pptx generation was finished","meta":{"rootId":"37ip332yld5kplj","id":"37ip332yld5kplj"},"id":"xaei4gye7eed32e","previousOperationId":"k47urnx406cag30"}
{"type":"operationEnd","operationId":"k47urnx406cag30","timestamp":1765114333446,"id":"d300s33es4v3dsk","previousEventId":"vn8r9vjwhk0clli","previousOperationId":"k47urnx406cag30"}
{"type":"log","timestamp":1765114333446,"level":"debug","message":"Skipping storing report.","meta":{"rootId":"37ip332yld5kplj","id":"37ip332yld5kplj"},"id":"1icqi7lk47aig84","previousOperationId":"k47urnx406cag30"}
{"type":"log","timestamp":1765114333446,"level":"info","message":"Rendering request 3 finished in 10962 ms","meta":{"rootId":"37ip332yld5kplj","id":"37ip332yld5kplj"},"id":"6vazks24za3x3rh","previousOperationId":"k47urnx406cag30"}
{"type":"operationEnd","subtype":"render","operationId":"b59vtt8e8gltnjg","timestamp":1765114333446,"id":"xjtwtl2893sbd4b","previousEventId":"d300s33es4v3dsk","previousOperationId":"k47urnx406cag30"}
{"type":"operationEnd","doDiffs":false,"previousEventId":"dyuvp88xmm0hjy8","previousOperationId":"vrgzddc4k9x7zm3","operationId":"vrgzddc4k9x7zm3","timestamp":1765114333451,"id":"v3b3bentk5qzidn"}
