{"type":"operationStart","subtype":"profile","data":{"_id":"eHGrUXskUhWEQfE1","timestamp":"2025-12-06T15:33:10.387Z","state":"running","mode":"standard","creationDate":"2025-12-06T15:33:10.390Z","modificationDate":"2025-12-06T15:33:10.390Z","shortid":"ImWuTpo","$entitySet":"profiles","timeout":60000},"doDiffs":false,"timestamp":1765035190389,"id":"y5np31b3ovyqcho","previousOperationId":null,"operationId":"q2ikw5dnkoj4nd6"}
{"type":"log","level":"info","message":"Render request 23 queued for execution and waiting for available worker","previousOperationId":"q2ikw5dnkoj4nd6","timestamp":1765035190390,"id":"z334dzpfyfllv7v"}
{"type":"operationStart","subtype":"render","name":"anonymous","previousOperationId":"q2ikw5dnkoj4nd6","timestamp":1765035190399,"id":"g7b5102pd6ui990","previousEventId":"y5np31b3ovyqcho","operationId":"42okfeiw9sxzjdq"}
{"type":"log","timestamp":1765035190400,"level":"info","message":"Starting rendering request 23","meta":{"rootId":"3gf04ge8ty4q8cs","id":"3gf04ge8ty4q8cs"},"id":"a252afb6fu7ziwp","previousOperationId":"42okfeiw9sxzjdq"}
{"type":"log","timestamp":1765035190400,"level":"info","message":"Rendering anonymous template { recipe: pptx, engine: handlebars }","meta":{"rootId":"3gf04ge8ty4q8cs","id":"3gf04ge8ty4q8cs"},"id":"ru8uwxaulkcd2u8","previousOperationId":"42okfeiw9sxzjdq"}
{"type":"log","timestamp":1765035190400,"level":"debug","message":"Inline data specified.","meta":{"rootId":"3gf04ge8ty4q8cs","id":"3gf04ge8ty4q8cs"},"id":"t6jvxp5c2ttnlo7","previousOperationId":"42okfeiw9sxzjdq"}
{"type":"log","timestamp":1765035190404,"level":"debug","message":"Base url not specified, skipping its injection.","meta":{"rootId":"3gf04ge8ty4q8cs","id":"3gf04ge8ty4q8cs"},"id":"8pn8tu5zkq28e0u","previousOperationId":"42okfeiw9sxzjdq"}
{"type":"operationStart","subtype":"engine","name":"handlebars","timestamp":1765035190404,"id":"2bzqtw0jqr3f0bi","previousEventId":"g7b5102pd6ui990","operationId":"4fzkrwt2qsu3scr","previousOperationId":"42okfeiw9sxzjdq"}
{"type":"log","timestamp":1765035190404,"level":"debug","message":"Rendering engine handlebars","meta":{"rootId":"3gf04ge8ty4q8cs","id":"3gf04ge8ty4q8cs"},"id":"8o3d4hg1nnfxs8m","previousOperationId":"4fzkrwt2qsu3scr"}
{"type":"operationEnd","operationId":"4fzkrwt2qsu3scr","timestamp":1765035190415,"id":"qs2le19n6umvsv9","previousEventId":"2bzqtw0jqr3f0bi","previousOperationId":"4fzkrwt2qsu3scr"}
{"type":"operationStart","subtype":"recipe","name":"pptx","timestamp":1765035190415,"id":"ig3xwrpn9xx16j6","previousEventId":"qs2le19n6umvsv9","operationId":"cs68a8bg507377h","previousOperationId":"4fzkrwt2qsu3scr"}
{"type":"log","timestamp":1765035190415,"level":"debug","message":"Executing recipe pptx","meta":{"rootId":"3gf04ge8ty4q8cs","id":"3gf04ge8ty4q8cs"},"id":"ypfzn3ecpaz99t1","previousOperationId":"cs68a8bg507377h"}
{"type":"log","timestamp":1765035190416,"level":"info","message":"pptx generation is starting","meta":{"rootId":"3gf04ge8ty4q8cs","id":"3gf04ge8ty4q8cs"},"id":"oigto1r85qysi92","previousOperationId":"cs68a8bg507377h"}
{"type":"log","timestamp":1765035190500,"level":"debug","message":"Starting child request to render pptx dynamic parts","meta":{"rootId":"3gf04ge8ty4q8cs","id":"3gf04ge8ty4q8cs"},"id":"kl7em4qn0sdluxj","previousOperationId":"cs68a8bg507377h"}
{"type":"operationStart","subtype":"render","name":"anonymous","previousOperationId":"cs68a8bg507377h","timestamp":1765035190500,"id":"5gi42iclb3h7a2r","previousEventId":"ig3xwrpn9xx16j6","operationId":"r96s55fwvtl6k8x"}
{"type":"log","timestamp":1765035190500,"level":"info","message":"Starting rendering (child) request","meta":{"rootId":"3gf04ge8ty4q8cs","id":"o29avdqhsjqbdgs"},"id":"owaefvthi403ku4","previousOperationId":"r96s55fwvtl6k8x"}
{"type":"log","timestamp":1765035190500,"level":"info","message":"Rendering anonymous template { recipe: html, engine: handlebars }","meta":{"rootId":"3gf04ge8ty4q8cs","id":"o29avdqhsjqbdgs"},"id":"to37buqe8ornftt","previousOperationId":"r96s55fwvtl6k8x"}
{"type":"log","timestamp":1765035190500,"level":"debug","message":"Inline data specified.","meta":{"rootId":"3gf04ge8ty4q8cs","id":"o29avdqhsjqbdgs"},"id":"h45b9z42z3yhlm2","previousOperationId":"r96s55fwvtl6k8x"}
{"type":"log","timestamp":1765035190506,"level":"debug","message":"Base url not specified, skipping its injection.","meta":{"rootId":"3gf04ge8ty4q8cs","id":"o29avdqhsjqbdgs"},"id":"m7xz396t1sniznl","previousOperationId":"r96s55fwvtl6k8x"}
{"type":"operationStart","subtype":"engine","name":"handlebars","timestamp":1765035190506,"id":"2gtsuujrpfmkase","previousEventId":"5gi42iclb3h7a2r","operationId":"tjoxmodxna9j2xv","previousOperationId":"r96s55fwvtl6k8x"}
{"type":"log","timestamp":1765035190506,"level":"debug","message":"Rendering engine handlebars","meta":{"rootId":"3gf04ge8ty4q8cs","id":"o29avdqhsjqbdgs"},"id":"u8hoydiwn9mk036","previousOperationId":"tjoxmodxna9j2xv"}
{"type":"operationEnd","operationId":"tjoxmodxna9j2xv","timestamp":1765035190524,"id":"c6ydgb6w1f62le6","previousEventId":"2gtsuujrpfmkase","previousOperationId":"tjoxmodxna9j2xv"}
{"type":"operationStart","subtype":"recipe","name":"html","timestamp":1765035190526,"id":"mawjs96u7h2945q","previousEventId":"c6ydgb6w1f62le6","operationId":"9zv16q2mha8x4t7","previousOperationId":"tjoxmodxna9j2xv"}
{"type":"log","timestamp":1765035190526,"level":"debug","message":"Executing recipe html","meta":{"rootId":"3gf04ge8ty4q8cs","id":"o29avdqhsjqbdgs"},"id":"cumjtxujihs852f","previousOperationId":"9zv16q2mha8x4t7"}
{"type":"operationEnd","operationId":"9zv16q2mha8x4t7","timestamp":1765035190526,"id":"0zed8drryf5ydt8","previousEventId":"mawjs96u7h2945q","previousOperationId":"9zv16q2mha8x4t7"}
{"type":"log","timestamp":1765035190526,"level":"debug","message":"Skipping storing report.","meta":{"rootId":"3gf04ge8ty4q8cs","id":"o29avdqhsjqbdgs"},"id":"7up30cp7ao8h1i4","previousOperationId":"9zv16q2mha8x4t7"}
{"type":"log","timestamp":1765035190526,"level":"info","message":"Rendering (child) request finished in 139 ms","meta":{"rootId":"3gf04ge8ty4q8cs","id":"o29avdqhsjqbdgs"},"id":"ctfiebvcs1ujo1a","previousOperationId":"9zv16q2mha8x4t7"}
{"type":"operationEnd","subtype":"render","operationId":"r96s55fwvtl6k8x","timestamp":1765035190526,"id":"84kf40pwy5jt3eq","previousEventId":"0zed8drryf5ydt8","previousOperationId":"9zv16q2mha8x4t7"}
{"type":"log","timestamp":1765035192594,"level":"debug","message":"pptx successfully zipped","meta":{"rootId":"3gf04ge8ty4q8cs","id":"3gf04ge8ty4q8cs"},"id":"t4wqt4xsijeufxe","previousOperationId":"cs68a8bg507377h"}
{"type":"log","timestamp":1765035192594,"level":"info","message":"pptx generation was finished","meta":{"rootId":"3gf04ge8ty4q8cs","id":"3gf04ge8ty4q8cs"},"id":"7ggjh8n9qjpyjui","previousOperationId":"cs68a8bg507377h"}
{"type":"operationEnd","operationId":"cs68a8bg507377h","timestamp":1765035192596,"id":"wvdun33a52l56ux","previousEventId":"ig3xwrpn9xx16j6","previousOperationId":"cs68a8bg507377h"}
{"type":"log","timestamp":1765035192596,"level":"debug","message":"Skipping storing report.","meta":{"rootId":"3gf04ge8ty4q8cs","id":"3gf04ge8ty4q8cs"},"id":"jgun8vjhwfivt6y","previousOperationId":"cs68a8bg507377h"}
{"type":"log","timestamp":1765035192596,"level":"info","message":"Rendering request 23 finished in 2209 ms","meta":{"rootId":"3gf04ge8ty4q8cs","id":"3gf04ge8ty4q8cs"},"id":"cw8kh4btotep2b3","previousOperationId":"cs68a8bg507377h"}
{"type":"operationEnd","subtype":"render","operationId":"42okfeiw9sxzjdq","timestamp":1765035192596,"id":"fgyian147jaboha","previousEventId":"wvdun33a52l56ux","previousOperationId":"cs68a8bg507377h"}
{"type":"operationEnd","doDiffs":false,"previousEventId":"y5np31b3ovyqcho","previousOperationId":"q2ikw5dnkoj4nd6","operationId":"q2ikw5dnkoj4nd6","timestamp":1765035192599,"id":"o84i1782iv812j6"}
