{"type":"operationStart","subtype":"profile","data":{"_id":"GhY7jHfKfmEO1j29","timestamp":"2025-12-07T11:29:43.644Z","state":"running","mode":"standard","creationDate":"2025-12-07T11:29:43.648Z","modificationDate":"2025-12-07T11:29:43.648Z","shortid":"8_R7Zjl","$entitySet":"profiles","timeout":60000},"doDiffs":false,"timestamp":1765106983646,"id":"81lhs5rah2d7bzc","previousOperationId":null,"operationId":"e1ltapg8388bzw5"}
{"type":"log","level":"info","message":"Render request 3 queued for execution and waiting for available worker","previousOperationId":"e1ltapg8388bzw5","timestamp":1765106983646,"id":"ddj5dvchfqcst50"}
{"type":"operationStart","subtype":"render","name":"anonymous","previousOperationId":"e1ltapg8388bzw5","timestamp":1765106983702,"id":"7iirzz741n1048x","previousEventId":"81lhs5rah2d7bzc","operationId":"ks2zeeffqdcm2zy"}
{"type":"log","timestamp":1765106983702,"level":"info","message":"Starting rendering request 3","meta":{"rootId":"3pklde314cftjim","id":"3pklde314cftjim"},"id":"q1wp5cg0rwybrrr","previousOperationId":"ks2zeeffqdcm2zy"}
{"type":"log","timestamp":1765106983702,"level":"info","message":"Rendering anonymous template { recipe: pptx, engine: handlebars }","meta":{"rootId":"3pklde314cftjim","id":"3pklde314cftjim"},"id":"wlrktm9s33mhqgm","previousOperationId":"ks2zeeffqdcm2zy"}
{"type":"log","timestamp":1765106983703,"level":"debug","message":"Inline data specified.","meta":{"rootId":"3pklde314cftjim","id":"3pklde314cftjim"},"id":"r27mwangzx3ebro","previousOperationId":"ks2zeeffqdcm2zy"}
{"type":"log","timestamp":1765106983706,"level":"debug","message":"Base url not specified, skipping its injection.","meta":{"rootId":"3pklde314cftjim","id":"3pklde314cftjim"},"id":"iqwgvcjvmd1muz4","previousOperationId":"ks2zeeffqdcm2zy"}
{"type":"operationStart","subtype":"engine","name":"handlebars","timestamp":1765106983707,"id":"kl9rikretxkx20s","previousEventId":"7iirzz741n1048x","operationId":"kp8io9pes3s4gx2","previousOperationId":"ks2zeeffqdcm2zy"}
{"type":"log","timestamp":1765106983708,"level":"debug","message":"Rendering engine handlebars","meta":{"rootId":"3pklde314cftjim","id":"3pklde314cftjim"},"id":"xcrgze678nqu86i","previousOperationId":"kp8io9pes3s4gx2"}
{"type":"operationEnd","operationId":"kp8io9pes3s4gx2","timestamp":1765106983726,"id":"rbojurqrywk4xma","previousEventId":"kl9rikretxkx20s","previousOperationId":"kp8io9pes3s4gx2"}
{"type":"operationStart","subtype":"recipe","name":"pptx","timestamp":1765106983726,"id":"2ys9578f97t2jtw","previousEventId":"rbojurqrywk4xma","operationId":"pxak08x6r8nhfvc","previousOperationId":"kp8io9pes3s4gx2"}
{"type":"log","timestamp":1765106983726,"level":"debug","message":"Executing recipe pptx","meta":{"rootId":"3pklde314cftjim","id":"3pklde314cftjim"},"id":"m0zn9vc26hrx01g","previousOperationId":"pxak08x6r8nhfvc"}
{"type":"log","timestamp":1765106983748,"level":"info","message":"pptx generation is starting","meta":{"rootId":"3pklde314cftjim","id":"3pklde314cftjim"},"id":"2czdg913lry46bu","previousOperationId":"pxak08x6r8nhfvc"}
{"type":"log","timestamp":1765106985353,"level":"debug","message":"Starting child request to render pptx dynamic parts","meta":{"rootId":"3pklde314cftjim","id":"3pklde314cftjim"},"id":"jcqrz5sscwnn20t","previousOperationId":"pxak08x6r8nhfvc"}
{"type":"operationStart","subtype":"render","name":"anonymous","previousOperationId":"pxak08x6r8nhfvc","timestamp":1765106985353,"id":"u7wsjm8nwigcbbn","previousEventId":"2ys9578f97t2jtw","operationId":"j99s0mqrreonikc"}
{"type":"log","timestamp":1765106985353,"level":"info","message":"Starting rendering (child) request","meta":{"rootId":"3pklde314cftjim","id":"o3oeqhmjn6ghhf9"},"id":"lwk30ahyelmm26h","previousOperationId":"j99s0mqrreonikc"}
{"type":"log","timestamp":1765106985353,"level":"info","message":"Rendering anonymous template { recipe: html, engine: handlebars }","meta":{"rootId":"3pklde314cftjim","id":"o3oeqhmjn6ghhf9"},"id":"2fayoh7aq073zjf","previousOperationId":"j99s0mqrreonikc"}
{"type":"log","timestamp":1765106985353,"level":"debug","message":"Inline data specified.","meta":{"rootId":"3pklde314cftjim","id":"o3oeqhmjn6ghhf9"},"id":"3bd4wyazzrvfbew","previousOperationId":"j99s0mqrreonikc"}
{"type":"log","timestamp":1765106985364,"level":"debug","message":"Base url not specified, skipping its injection.","meta":{"rootId":"3pklde314cftjim","id":"o3oeqhmjn6ghhf9"},"id":"0xzyer8j113aa8k","previousOperationId":"j99s0mqrreonikc"}
{"type":"operationStart","subtype":"engine","name":"handlebars","timestamp":1765106985365,"id":"p3yvegps8bkwlzx","previousEventId":"u7wsjm8nwigcbbn","operationId":"ilb5it533e1e8vx","previousOperationId":"j99s0mqrreonikc"}
{"type":"log","timestamp":1765106985365,"level":"debug","message":"Rendering engine handlebars","meta":{"rootId":"3pklde314cftjim","id":"o3oeqhmjn6ghhf9"},"id":"ggakdx7q7ss00hv","previousOperationId":"ilb5it533e1e8vx"}
{"type":"operationEnd","operationId":"ilb5it533e1e8vx","timestamp":1765106985471,"id":"qfx1lul8mt7afxw","previousEventId":"p3yvegps8bkwlzx","previousOperationId":"ilb5it533e1e8vx"}
{"type":"operationStart","subtype":"recipe","name":"html","timestamp":1765106985488,"id":"dwlqzpzwouwi9zq","previousEventId":"qfx1lul8mt7afxw","operationId":"hyi4g49enpe4h0p","previousOperationId":"ilb5it533e1e8vx"}
{"type":"log","timestamp":1765106985489,"level":"debug","message":"Executing recipe html","meta":{"rootId":"3pklde314cftjim","id":"o3oeqhmjn6ghhf9"},"id":"sa65n37r9ycrlb4","previousOperationId":"hyi4g49enpe4h0p"}
{"type":"operationEnd","operationId":"hyi4g49enpe4h0p","timestamp":1765106985489,"id":"m2kwu73ljt92jna","previousEventId":"dwlqzpzwouwi9zq","previousOperationId":"hyi4g49enpe4h0p"}
{"type":"log","timestamp":1765106985489,"level":"debug","message":"Skipping storing report.","meta":{"rootId":"3pklde314cftjim","id":"o3oeqhmjn6ghhf9"},"id":"ztyotxy00nzj30x","previousOperationId":"hyi4g49enpe4h0p"}
{"type":"log","timestamp":1765106985489,"level":"info","message":"Rendering (child) request finished in 1846 ms","meta":{"rootId":"3pklde314cftjim","id":"o3oeqhmjn6ghhf9"},"id":"tzqiimek2z4cai1","previousOperationId":"hyi4g49enpe4h0p"}
{"type":"operationEnd","subtype":"render","operationId":"j99s0mqrreonikc","timestamp":1765106985489,"id":"31cxi56gat740ju","previousEventId":"m2kwu73ljt92jna","previousOperationId":"hyi4g49enpe4h0p"}
{"type":"log","timestamp":1765106994014,"level":"debug","message":"pptx successfully zipped","meta":{"rootId":"3pklde314cftjim","id":"3pklde314cftjim"},"id":"7ceun6npt6jphg0","previousOperationId":"pxak08x6r8nhfvc"}
{"type":"log","timestamp":1765106994014,"level":"info","message":"pptx generation was finished","meta":{"rootId":"3pklde314cftjim","id":"3pklde314cftjim"},"id":"dtq6i1h48g5yb3j","previousOperationId":"pxak08x6r8nhfvc"}
{"type":"operationEnd","operationId":"pxak08x6r8nhfvc","timestamp":1765106994029,"id":"x5133w2yy7oo5de","previousEventId":"2ys9578f97t2jtw","previousOperationId":"pxak08x6r8nhfvc"}
{"type":"log","timestamp":1765106994029,"level":"debug","message":"Skipping storing report.","meta":{"rootId":"3pklde314cftjim","id":"3pklde314cftjim"},"id":"z6jjvhwxa29d1ii","previousOperationId":"pxak08x6r8nhfvc"}
{"type":"log","timestamp":1765106994029,"level":"info","message":"Rendering request 3 finished in 10386 ms","meta":{"rootId":"3pklde314cftjim","id":"3pklde314cftjim"},"id":"ii6fec7h0dyir76","previousOperationId":"pxak08x6r8nhfvc"}
{"type":"operationEnd","subtype":"render","operationId":"ks2zeeffqdcm2zy","timestamp":1765106994029,"id":"9b7jsy33b6idqz6","previousEventId":"x5133w2yy7oo5de","previousOperationId":"pxak08x6r8nhfvc"}
{"type":"operationEnd","doDiffs":false,"previousEventId":"81lhs5rah2d7bzc","previousOperationId":"e1ltapg8388bzw5","operationId":"e1ltapg8388bzw5","timestamp":1765106994034,"id":"ftirgjdxoncacs9"}
