{"type":"operationStart","subtype":"profile","data":{"_id":"xKnUjmFIXGOWvbAB","timestamp":"2025-12-05T17:46:01.526Z","state":"running","mode":"standard","creationDate":"2025-12-05T17:46:01.531Z","modificationDate":"2025-12-05T17:46:01.531Z","shortid":"jksQAN1","$entitySet":"profiles","timeout":60000},"doDiffs":false,"timestamp":1764956761529,"id":"48zeym58t0nppfa","previousOperationId":null,"operationId":"u6kpidwq1eh2k0t"}
{"type":"log","level":"info","message":"Render request 17 queued for execution and waiting for available worker","previousOperationId":"u6kpidwq1eh2k0t","timestamp":1764956761529,"id":"eij86hx7pezxbet"}
{"type":"operationStart","subtype":"render","name":"anonymous","previousOperationId":"u6kpidwq1eh2k0t","timestamp":1764956761544,"id":"hjl32dsr2f5l9d3","previousEventId":"48zeym58t0nppfa","operationId":"dhqia1wqvyd7gzt"}
{"type":"log","timestamp":1764956761544,"level":"info","message":"Starting rendering request 17","meta":{"rootId":"42qmxn6x3zdodmj","id":"42qmxn6x3zdodmj"},"id":"8m5y7j2gbnzi4o4","previousOperationId":"dhqia1wqvyd7gzt"}
{"type":"log","timestamp":1764956761544,"level":"info","message":"Rendering anonymous template { recipe: pptx, engine: handlebars }","meta":{"rootId":"42qmxn6x3zdodmj","id":"42qmxn6x3zdodmj"},"id":"qcguhnbb1hts06f","previousOperationId":"dhqia1wqvyd7gzt"}
{"type":"log","timestamp":1764956761544,"level":"debug","message":"Inline data specified.","meta":{"rootId":"42qmxn6x3zdodmj","id":"42qmxn6x3zdodmj"},"id":"f74i7tbg7eopsa5","previousOperationId":"dhqia1wqvyd7gzt"}
{"type":"log","timestamp":1764956761547,"level":"debug","message":"Base url not specified, skipping its injection.","meta":{"rootId":"42qmxn6x3zdodmj","id":"42qmxn6x3zdodmj"},"id":"afhmab3el4ubbt4","previousOperationId":"dhqia1wqvyd7gzt"}
{"type":"operationStart","subtype":"engine","name":"handlebars","timestamp":1764956761547,"id":"7d8tkptexoog2ob","previousEventId":"hjl32dsr2f5l9d3","operationId":"it92t1t9e553glz","previousOperationId":"dhqia1wqvyd7gzt"}
{"type":"log","timestamp":1764956761547,"level":"debug","message":"Rendering engine handlebars","meta":{"rootId":"42qmxn6x3zdodmj","id":"42qmxn6x3zdodmj"},"id":"e9y0ce4jr0sq9mm","previousOperationId":"it92t1t9e553glz"}
{"type":"operationEnd","operationId":"it92t1t9e553glz","timestamp":1764956761559,"id":"cp6d7i96tjnqb5d","previousEventId":"7d8tkptexoog2ob","previousOperationId":"it92t1t9e553glz"}
{"type":"operationStart","subtype":"recipe","name":"pptx","timestamp":1764956761559,"id":"0g9nnm3ohugg49d","previousEventId":"cp6d7i96tjnqb5d","operationId":"e6wnrvwajgu0sdr","previousOperationId":"it92t1t9e553glz"}
{"type":"log","timestamp":1764956761559,"level":"debug","message":"Executing recipe pptx","meta":{"rootId":"42qmxn6x3zdodmj","id":"42qmxn6x3zdodmj"},"id":"ofsz24w4a03lhuk","previousOperationId":"e6wnrvwajgu0sdr"}
{"type":"log","timestamp":1764956761559,"level":"info","message":"pptx generation is starting","meta":{"rootId":"42qmxn6x3zdodmj","id":"42qmxn6x3zdodmj"},"id":"cao3immgu7n79p3","previousOperationId":"e6wnrvwajgu0sdr"}
{"type":"log","timestamp":1764956761667,"level":"debug","message":"Starting child request to render pptx dynamic parts","meta":{"rootId":"42qmxn6x3zdodmj","id":"42qmxn6x3zdodmj"},"id":"f7buwpn5e13pj60","previousOperationId":"e6wnrvwajgu0sdr"}
{"type":"operationStart","subtype":"render","name":"anonymous","previousOperationId":"e6wnrvwajgu0sdr","timestamp":1764956761668,"id":"budgpbdojntrm1e","previousEventId":"0g9nnm3ohugg49d","operationId":"gfycwz03s7f2e1y"}
{"type":"log","timestamp":1764956761668,"level":"info","message":"Starting rendering (child) request","meta":{"rootId":"42qmxn6x3zdodmj","id":"s4p7s4rzte6t1uj"},"id":"r94yuv5rvyoflkc","previousOperationId":"gfycwz03s7f2e1y"}
{"type":"log","timestamp":1764956761668,"level":"info","message":"Rendering anonymous template { recipe: html, engine: handlebars }","meta":{"rootId":"42qmxn6x3zdodmj","id":"s4p7s4rzte6t1uj"},"id":"yg96azqj5w2d8xd","previousOperationId":"gfycwz03s7f2e1y"}
{"type":"log","timestamp":1764956761668,"level":"debug","message":"Inline data specified.","meta":{"rootId":"42qmxn6x3zdodmj","id":"s4p7s4rzte6t1uj"},"id":"6vinirmx3a33qm7","previousOperationId":"gfycwz03s7f2e1y"}
{"type":"log","timestamp":1764956761675,"level":"debug","message":"Base url not specified, skipping its injection.","meta":{"rootId":"42qmxn6x3zdodmj","id":"s4p7s4rzte6t1uj"},"id":"pd6oc73pzuuerzo","previousOperationId":"gfycwz03s7f2e1y"}
{"type":"operationStart","subtype":"engine","name":"handlebars","timestamp":1764956761675,"id":"nzfma07xj1r47rs","previousEventId":"budgpbdojntrm1e","operationId":"kigymm6lpnq0tz6","previousOperationId":"gfycwz03s7f2e1y"}
{"type":"log","timestamp":1764956761675,"level":"debug","message":"Rendering engine handlebars","meta":{"rootId":"42qmxn6x3zdodmj","id":"s4p7s4rzte6t1uj"},"id":"my365qqbgkkofdw","previousOperationId":"kigymm6lpnq0tz6"}
{"type":"operationEnd","operationId":"kigymm6lpnq0tz6","timestamp":1764956761681,"id":"f0mix86qdj88qug","previousEventId":"nzfma07xj1r47rs","previousOperationId":"kigymm6lpnq0tz6"}
{"type":"operationStart","subtype":"recipe","name":"html","timestamp":1764956761681,"id":"k2syrfxmvgdqpsi","previousEventId":"f0mix86qdj88qug","operationId":"vfapd4actu7da5f","previousOperationId":"kigymm6lpnq0tz6"}
{"type":"log","timestamp":1764956761682,"level":"debug","message":"Executing recipe html","meta":{"rootId":"42qmxn6x3zdodmj","id":"s4p7s4rzte6t1uj"},"id":"v5mpdddrka97rie","previousOperationId":"vfapd4actu7da5f"}
{"type":"operationEnd","operationId":"vfapd4actu7da5f","timestamp":1764956761682,"id":"05i9gsguwn4xpr4","previousEventId":"k2syrfxmvgdqpsi","previousOperationId":"vfapd4actu7da5f"}
{"type":"log","timestamp":1764956761682,"level":"debug","message":"Skipping storing report.","meta":{"rootId":"42qmxn6x3zdodmj","id":"s4p7s4rzte6t1uj"},"id":"b5aid2hl8v2ifd6","previousOperationId":"vfapd4actu7da5f"}
{"type":"log","timestamp":1764956761682,"level":"info","message":"Rendering (child) request finished in 156 ms","meta":{"rootId":"42qmxn6x3zdodmj","id":"s4p7s4rzte6t1uj"},"id":"232wjxy9oh8y8pa","previousOperationId":"vfapd4actu7da5f"}
{"type":"operationEnd","subtype":"render","operationId":"gfycwz03s7f2e1y","timestamp":1764956761682,"id":"jj01h6s6ksf5f4y","previousEventId":"05i9gsguwn4xpr4","previousOperationId":"vfapd4actu7da5f"}
{"type":"log","timestamp":1764956761760,"level":"debug","message":"pptx successfully zipped","meta":{"rootId":"42qmxn6x3zdodmj","id":"42qmxn6x3zdodmj"},"id":"6eeauxllsvv1rct","previousOperationId":"e6wnrvwajgu0sdr"}
{"type":"log","timestamp":1764956761760,"level":"info","message":"pptx generation was finished","meta":{"rootId":"42qmxn6x3zdodmj","id":"42qmxn6x3zdodmj"},"id":"cuh59nx9cu63wbe","previousOperationId":"e6wnrvwajgu0sdr"}
{"type":"operationEnd","operationId":"e6wnrvwajgu0sdr","timestamp":1764956761764,"id":"sep8ykvwrjlai62","previousEventId":"0g9nnm3ohugg49d","previousOperationId":"e6wnrvwajgu0sdr"}
{"type":"log","timestamp":1764956761764,"level":"debug","message":"Skipping storing report.","meta":{"rootId":"42qmxn6x3zdodmj","id":"42qmxn6x3zdodmj"},"id":"76530xgf16qn61f","previousOperationId":"e6wnrvwajgu0sdr"}
{"type":"log","timestamp":1764956761764,"level":"info","message":"Rendering request 17 finished in 238 ms","meta":{"rootId":"42qmxn6x3zdodmj","id":"42qmxn6x3zdodmj"},"id":"runcjuqqli0et94","previousOperationId":"e6wnrvwajgu0sdr"}
{"type":"operationEnd","subtype":"render","operationId":"dhqia1wqvyd7gzt","timestamp":1764956761764,"id":"wsq2xhhz3fp0df9","previousEventId":"sep8ykvwrjlai62","previousOperationId":"e6wnrvwajgu0sdr"}
{"type":"operationEnd","doDiffs":false,"previousEventId":"48zeym58t0nppfa","previousOperationId":"u6kpidwq1eh2k0t","operationId":"u6kpidwq1eh2k0t","timestamp":1764956761769,"id":"67mzr8jgdvgs4q3"}
