{"type":"operationStart","subtype":"profile","data":{"_id":"kacB8Qh7H8VbDui2","timestamp":"2025-12-05T13:36:18.592Z","state":"running","mode":"standard","creationDate":"2025-12-05T13:36:18.595Z","modificationDate":"2025-12-05T13:36:18.595Z","shortid":"Q_IX8u7","$entitySet":"profiles","timeout":60000},"doDiffs":false,"timestamp":1764941778594,"id":"34a5gub3mg85q5j","previousOperationId":null,"operationId":"1qlwpo2q1rh31d6"}
{"type":"log","level":"info","message":"Render request 10 queued for execution and waiting for available worker","previousOperationId":"1qlwpo2q1rh31d6","timestamp":1764941778594,"id":"bb4pds16yte2gm6"}
{"type":"operationStart","subtype":"render","name":"anonymous","previousOperationId":"1qlwpo2q1rh31d6","timestamp":1764941778605,"id":"b5kiahqcpg9z1ca","previousEventId":"34a5gub3mg85q5j","operationId":"rkzdo04wihyovjz"}
{"type":"log","timestamp":1764941778606,"level":"info","message":"Starting rendering request 10","meta":{"rootId":"446soc478okqb3q","id":"446soc478okqb3q"},"id":"reyy9wrenlxfsqk","previousOperationId":"rkzdo04wihyovjz"}
{"type":"log","timestamp":1764941778606,"level":"info","message":"Rendering anonymous template { recipe: pptx, engine: handlebars }","meta":{"rootId":"446soc478okqb3q","id":"446soc478okqb3q"},"id":"d7r8wl3c9fpyfv4","previousOperationId":"rkzdo04wihyovjz"}
{"type":"log","timestamp":1764941778606,"level":"debug","message":"Inline data specified.","meta":{"rootId":"446soc478okqb3q","id":"446soc478okqb3q"},"id":"ajldwzsvxuzoz8x","previousOperationId":"rkzdo04wihyovjz"}
{"type":"log","timestamp":1764941778607,"level":"debug","message":"Base url not specified, skipping its injection.","meta":{"rootId":"446soc478okqb3q","id":"446soc478okqb3q"},"id":"uswezfdbgkdruaq","previousOperationId":"rkzdo04wihyovjz"}
{"type":"operationStart","subtype":"engine","name":"handlebars","timestamp":1764941778608,"id":"x9nslfovs0gp01w","previousEventId":"b5kiahqcpg9z1ca","operationId":"w7z0c1aubr6tps7","previousOperationId":"rkzdo04wihyovjz"}
{"type":"log","timestamp":1764941778608,"level":"debug","message":"Rendering engine handlebars","meta":{"rootId":"446soc478okqb3q","id":"446soc478okqb3q"},"id":"s3hbmrw2hlqc3o5","previousOperationId":"w7z0c1aubr6tps7"}
{"type":"operationEnd","operationId":"w7z0c1aubr6tps7","timestamp":1764941778620,"id":"j0ht8fdlydczht5","previousEventId":"x9nslfovs0gp01w","previousOperationId":"w7z0c1aubr6tps7"}
{"type":"operationStart","subtype":"recipe","name":"pptx","timestamp":1764941778620,"id":"p4sr61asyvuw7lr","previousEventId":"j0ht8fdlydczht5","operationId":"lqgitwx2ddg8sex","previousOperationId":"w7z0c1aubr6tps7"}
{"type":"log","timestamp":1764941778620,"level":"debug","message":"Executing recipe pptx","meta":{"rootId":"446soc478okqb3q","id":"446soc478okqb3q"},"id":"omhix66p4c36nzc","previousOperationId":"lqgitwx2ddg8sex"}
{"type":"log","timestamp":1764941778621,"level":"info","message":"pptx generation is starting","meta":{"rootId":"446soc478okqb3q","id":"446soc478okqb3q"},"id":"qjm14dxv5jxye8j","previousOperationId":"lqgitwx2ddg8sex"}
{"type":"log","timestamp":1764941778712,"level":"debug","message":"Starting child request to render pptx dynamic parts","meta":{"rootId":"446soc478okqb3q","id":"446soc478okqb3q"},"id":"ii5iwnn7v6nann3","previousOperationId":"lqgitwx2ddg8sex"}
{"type":"operationStart","subtype":"render","name":"anonymous","previousOperationId":"lqgitwx2ddg8sex","timestamp":1764941778713,"id":"290pidqexv34f9m","previousEventId":"p4sr61asyvuw7lr","operationId":"vnx81wbk7vcyoiq"}
{"type":"log","timestamp":1764941778713,"level":"info","message":"Starting rendering (child) request","meta":{"rootId":"446soc478okqb3q","id":"ij9jy2p3ol91hap"},"id":"0smfpvdsjjakiht","previousOperationId":"vnx81wbk7vcyoiq"}
{"type":"log","timestamp":1764941778713,"level":"info","message":"Rendering anonymous template { recipe: html, engine: handlebars }","meta":{"rootId":"446soc478okqb3q","id":"ij9jy2p3ol91hap"},"id":"aasbmk34kcczatl","previousOperationId":"vnx81wbk7vcyoiq"}
{"type":"log","timestamp":1764941778713,"level":"debug","message":"Inline data specified.","meta":{"rootId":"446soc478okqb3q","id":"ij9jy2p3ol91hap"},"id":"rr68102oclh2i6u","previousOperationId":"vnx81wbk7vcyoiq"}
{"type":"log","timestamp":1764941778723,"level":"debug","message":"Base url not specified, skipping its injection.","meta":{"rootId":"446soc478okqb3q","id":"ij9jy2p3ol91hap"},"id":"etf6mi2qvgkgtj5","previousOperationId":"vnx81wbk7vcyoiq"}
{"type":"operationStart","subtype":"engine","name":"handlebars","timestamp":1764941778724,"id":"46j5jxqkqjvhkvc","previousEventId":"290pidqexv34f9m","operationId":"jnbfcwm3emp0p5s","previousOperationId":"vnx81wbk7vcyoiq"}
{"type":"log","timestamp":1764941778724,"level":"debug","message":"Rendering engine handlebars","meta":{"rootId":"446soc478okqb3q","id":"ij9jy2p3ol91hap"},"id":"pwsurgtq2ot8dq5","previousOperationId":"jnbfcwm3emp0p5s"}
{"type":"operationEnd","operationId":"jnbfcwm3emp0p5s","timestamp":1764941778764,"id":"4qw32smkisy12iy","previousEventId":"46j5jxqkqjvhkvc","previousOperationId":"jnbfcwm3emp0p5s"}
{"type":"operationStart","subtype":"recipe","name":"html","timestamp":1764941778766,"id":"8orxdliqn3ug2lx","previousEventId":"4qw32smkisy12iy","operationId":"onxe6pu8c5el01j","previousOperationId":"jnbfcwm3emp0p5s"}
{"type":"log","timestamp":1764941778766,"level":"debug","message":"Executing recipe html","meta":{"rootId":"446soc478okqb3q","id":"ij9jy2p3ol91hap"},"id":"ur47vm4mw6qeun1","previousOperationId":"onxe6pu8c5el01j"}
{"type":"operationEnd","operationId":"onxe6pu8c5el01j","timestamp":1764941778766,"id":"iy0ttwzvr8psj5b","previousEventId":"8orxdliqn3ug2lx","previousOperationId":"onxe6pu8c5el01j"}
{"type":"log","timestamp":1764941778766,"level":"debug","message":"Skipping storing report.","meta":{"rootId":"446soc478okqb3q","id":"ij9jy2p3ol91hap"},"id":"sqkuuqlhrkrfl1z","previousOperationId":"onxe6pu8c5el01j"}
{"type":"log","timestamp":1764941778766,"level":"info","message":"Rendering (child) request finished in 174 ms","meta":{"rootId":"446soc478okqb3q","id":"ij9jy2p3ol91hap"},"id":"vq2zd6tdlgeh5cz","previousOperationId":"onxe6pu8c5el01j"}
{"type":"operationEnd","subtype":"render","operationId":"vnx81wbk7vcyoiq","timestamp":1764941778766,"id":"47pacue6wxisbu9","previousEventId":"iy0ttwzvr8psj5b","previousOperationId":"onxe6pu8c5el01j"}
{"type":"log","timestamp":1764941779463,"level":"debug","message":"pptx successfully zipped","meta":{"rootId":"446soc478okqb3q","id":"446soc478okqb3q"},"id":"z928bf6lzxq5kuy","previousOperationId":"lqgitwx2ddg8sex"}
{"type":"log","timestamp":1764941779463,"level":"info","message":"pptx generation was finished","meta":{"rootId":"446soc478okqb3q","id":"446soc478okqb3q"},"id":"7uf9s66b8x52qt9","previousOperationId":"lqgitwx2ddg8sex"}
{"type":"operationEnd","operationId":"lqgitwx2ddg8sex","timestamp":1764941779467,"id":"e1d4xngruveroj9","previousEventId":"p4sr61asyvuw7lr","previousOperationId":"lqgitwx2ddg8sex"}
{"type":"log","timestamp":1764941779467,"level":"debug","message":"Skipping storing report.","meta":{"rootId":"446soc478okqb3q","id":"446soc478okqb3q"},"id":"z222127gk4cpdoj","previousOperationId":"lqgitwx2ddg8sex"}
{"type":"log","timestamp":1764941779467,"level":"info","message":"Rendering request 10 finished in 875 ms","meta":{"rootId":"446soc478okqb3q","id":"446soc478okqb3q"},"id":"7u5ehzt7he0h0qz","previousOperationId":"lqgitwx2ddg8sex"}
{"type":"operationEnd","subtype":"render","operationId":"rkzdo04wihyovjz","timestamp":1764941779467,"id":"ddn5syjsp3ybm58","previousEventId":"e1d4xngruveroj9","previousOperationId":"lqgitwx2ddg8sex"}
{"type":"operationEnd","doDiffs":false,"previousEventId":"34a5gub3mg85q5j","previousOperationId":"1qlwpo2q1rh31d6","operationId":"1qlwpo2q1rh31d6","timestamp":1764941779472,"id":"xozcpd32fnxqrer"}
