{"type":"operationStart","subtype":"profile","data":{"_id":"f2WtnI6FTN5eLjbq","timestamp":"2025-12-05T13:35:06.486Z","state":"running","mode":"standard","creationDate":"2025-12-05T13:35:06.489Z","modificationDate":"2025-12-05T13:35:06.489Z","shortid":"XnZv9CO","$entitySet":"profiles","timeout":60000},"doDiffs":false,"timestamp":1764941706488,"id":"kjv7qjmtbbh02w4","previousOperationId":null,"operationId":"bdvar9y1k4dw2dz"}
{"type":"log","level":"info","message":"Render request 9 queued for execution and waiting for available worker","previousOperationId":"bdvar9y1k4dw2dz","timestamp":1764941706488,"id":"adocrv3p14i8kxi"}
{"type":"operationStart","subtype":"render","name":"anonymous","previousOperationId":"bdvar9y1k4dw2dz","timestamp":1764941706499,"id":"7rhx8ws8ai2y1lg","previousEventId":"kjv7qjmtbbh02w4","operationId":"m8gdq8hc8obhp9t"}
{"type":"log","timestamp":1764941706500,"level":"info","message":"Starting rendering request 9","meta":{"rootId":"47obzy995kuspdm","id":"47obzy995kuspdm"},"id":"b33bqutwoz4tzgt","previousOperationId":"m8gdq8hc8obhp9t"}
{"type":"log","timestamp":1764941706500,"level":"info","message":"Rendering anonymous template { recipe: pptx, engine: handlebars }","meta":{"rootId":"47obzy995kuspdm","id":"47obzy995kuspdm"},"id":"nbs99o6e67gklyw","previousOperationId":"m8gdq8hc8obhp9t"}
{"type":"log","timestamp":1764941706500,"level":"debug","message":"Inline data specified.","meta":{"rootId":"47obzy995kuspdm","id":"47obzy995kuspdm"},"id":"cl98jy76hap8mga","previousOperationId":"m8gdq8hc8obhp9t"}
{"type":"log","timestamp":1764941706502,"level":"debug","message":"Base url not specified, skipping its injection.","meta":{"rootId":"47obzy995kuspdm","id":"47obzy995kuspdm"},"id":"mpatrxni8ruhmoa","previousOperationId":"m8gdq8hc8obhp9t"}
{"type":"operationStart","subtype":"engine","name":"handlebars","timestamp":1764941706503,"id":"545wzh17sb5xwvl","previousEventId":"7rhx8ws8ai2y1lg","operationId":"yswozmbkeeppzpe","previousOperationId":"m8gdq8hc8obhp9t"}
{"type":"log","timestamp":1764941706503,"level":"debug","message":"Rendering engine handlebars","meta":{"rootId":"47obzy995kuspdm","id":"47obzy995kuspdm"},"id":"je5vmsjyxu7p67j","previousOperationId":"yswozmbkeeppzpe"}
{"type":"operationEnd","operationId":"yswozmbkeeppzpe","timestamp":1764941706520,"id":"07pbod5npet9vo0","previousEventId":"545wzh17sb5xwvl","previousOperationId":"yswozmbkeeppzpe"}
{"type":"operationStart","subtype":"recipe","name":"pptx","timestamp":1764941706520,"id":"5vmzwbzny018ho3","previousEventId":"07pbod5npet9vo0","operationId":"9xl01mun7uqtkku","previousOperationId":"yswozmbkeeppzpe"}
{"type":"log","timestamp":1764941706520,"level":"debug","message":"Executing recipe pptx","meta":{"rootId":"47obzy995kuspdm","id":"47obzy995kuspdm"},"id":"sasulhhvkij5dvj","previousOperationId":"9xl01mun7uqtkku"}
{"type":"log","timestamp":1764941706520,"level":"info","message":"pptx generation is starting","meta":{"rootId":"47obzy995kuspdm","id":"47obzy995kuspdm"},"id":"k8l9q6q9a5yv58l","previousOperationId":"9xl01mun7uqtkku"}
{"type":"log","timestamp":1764941706638,"level":"debug","message":"Starting child request to render pptx dynamic parts","meta":{"rootId":"47obzy995kuspdm","id":"47obzy995kuspdm"},"id":"sawbc3zyc8fqezs","previousOperationId":"9xl01mun7uqtkku"}
{"type":"operationStart","subtype":"render","name":"anonymous","previousOperationId":"9xl01mun7uqtkku","timestamp":1764941706639,"id":"m32hjqvzzjjhfzu","previousEventId":"5vmzwbzny018ho3","operationId":"h3ljkxbha099ip7"}
{"type":"log","timestamp":1764941706639,"level":"info","message":"Starting rendering (child) request","meta":{"rootId":"47obzy995kuspdm","id":"qh561w544vejhiu"},"id":"gqs9pzfhyjogpak","previousOperationId":"h3ljkxbha099ip7"}
{"type":"log","timestamp":1764941706639,"level":"info","message":"Rendering anonymous template { recipe: html, engine: handlebars }","meta":{"rootId":"47obzy995kuspdm","id":"qh561w544vejhiu"},"id":"0y6wa3yniypllur","previousOperationId":"h3ljkxbha099ip7"}
{"type":"log","timestamp":1764941706639,"level":"debug","message":"Inline data specified.","meta":{"rootId":"47obzy995kuspdm","id":"qh561w544vejhiu"},"id":"kr9gpqrywbcrr3b","previousOperationId":"h3ljkxbha099ip7"}
{"type":"log","timestamp":1764941706647,"level":"debug","message":"Base url not specified, skipping its injection.","meta":{"rootId":"47obzy995kuspdm","id":"qh561w544vejhiu"},"id":"4kxrrbc8x0l3flb","previousOperationId":"h3ljkxbha099ip7"}
{"type":"operationStart","subtype":"engine","name":"handlebars","timestamp":1764941706649,"id":"b826k637lam711l","previousEventId":"m32hjqvzzjjhfzu","operationId":"q1re1mpenkhnn0m","previousOperationId":"h3ljkxbha099ip7"}
{"type":"log","timestamp":1764941706649,"level":"debug","message":"Rendering engine handlebars","meta":{"rootId":"47obzy995kuspdm","id":"qh561w544vejhiu"},"id":"0w0hc5ocw17wgos","previousOperationId":"q1re1mpenkhnn0m"}
{"type":"operationEnd","operationId":"q1re1mpenkhnn0m","timestamp":1764941706690,"id":"8c662ptcj0dese2","previousEventId":"b826k637lam711l","previousOperationId":"q1re1mpenkhnn0m"}
{"type":"operationStart","subtype":"recipe","name":"html","timestamp":1764941706692,"id":"ml9e0roys8vocaa","previousEventId":"8c662ptcj0dese2","operationId":"g7jpzallgyrx0w3","previousOperationId":"q1re1mpenkhnn0m"}
{"type":"log","timestamp":1764941706692,"level":"debug","message":"Executing recipe html","meta":{"rootId":"47obzy995kuspdm","id":"qh561w544vejhiu"},"id":"3lx7ycx987q7ymn","previousOperationId":"g7jpzallgyrx0w3"}
{"type":"operationEnd","operationId":"g7jpzallgyrx0w3","timestamp":1764941706693,"id":"pf4se4agtuuo9g4","previousEventId":"ml9e0roys8vocaa","previousOperationId":"g7jpzallgyrx0w3"}
{"type":"log","timestamp":1764941706693,"level":"debug","message":"Skipping storing report.","meta":{"rootId":"47obzy995kuspdm","id":"qh561w544vejhiu"},"id":"75jjrjh5xlx1l31","previousOperationId":"g7jpzallgyrx0w3"}
{"type":"log","timestamp":1764941706693,"level":"info","message":"Rendering (child) request finished in 207 ms","meta":{"rootId":"47obzy995kuspdm","id":"qh561w544vejhiu"},"id":"iocuqryft344bll","previousOperationId":"g7jpzallgyrx0w3"}
{"type":"operationEnd","subtype":"render","operationId":"h3ljkxbha099ip7","timestamp":1764941706693,"id":"k1pytcl2nqa4v43","previousEventId":"pf4se4agtuuo9g4","previousOperationId":"g7jpzallgyrx0w3"}
{"type":"log","timestamp":1764941707386,"level":"debug","message":"pptx successfully zipped","meta":{"rootId":"47obzy995kuspdm","id":"47obzy995kuspdm"},"id":"hgj7d4wasj6b671","previousOperationId":"9xl01mun7uqtkku"}
{"type":"log","timestamp":1764941707387,"level":"info","message":"pptx generation was finished","meta":{"rootId":"47obzy995kuspdm","id":"47obzy995kuspdm"},"id":"gx6iwg2jz4ehv3x","previousOperationId":"9xl01mun7uqtkku"}
{"type":"operationEnd","operationId":"9xl01mun7uqtkku","timestamp":1764941707390,"id":"3rvydwaca8yzjz0","previousEventId":"5vmzwbzny018ho3","previousOperationId":"9xl01mun7uqtkku"}
{"type":"log","timestamp":1764941707390,"level":"debug","message":"Skipping storing report.","meta":{"rootId":"47obzy995kuspdm","id":"47obzy995kuspdm"},"id":"xluxiak602ylkp1","previousOperationId":"9xl01mun7uqtkku"}
{"type":"log","timestamp":1764941707390,"level":"info","message":"Rendering request 9 finished in 904 ms","meta":{"rootId":"47obzy995kuspdm","id":"47obzy995kuspdm"},"id":"nuo8lscnex0dh1v","previousOperationId":"9xl01mun7uqtkku"}
{"type":"operationEnd","subtype":"render","operationId":"m8gdq8hc8obhp9t","timestamp":1764941707390,"id":"y240630rcq1s15j","previousEventId":"3rvydwaca8yzjz0","previousOperationId":"9xl01mun7uqtkku"}
{"type":"operationEnd","doDiffs":false,"previousEventId":"kjv7qjmtbbh02w4","previousOperationId":"bdvar9y1k4dw2dz","operationId":"bdvar9y1k4dw2dz","timestamp":1764941707393,"id":"fyqqs337tkzb07f"}
