{"type":"operationStart","subtype":"profile","data":{"_id":"iKy47YwZVG1kM6t7","timestamp":"2025-12-07T12:35:45.544Z","state":"running","mode":"standard","creationDate":"2025-12-07T12:35:45.553Z","modificationDate":"2025-12-07T12:35:45.553Z","shortid":"RUK4Xk0","$entitySet":"profiles","timeout":60000},"doDiffs":false,"timestamp":1765110945550,"id":"8w6j0ofrburbncy","previousOperationId":null,"operationId":"cvhrv3w0qyjqiiv"}
{"type":"log","level":"info","message":"Render request 24 queued for execution and waiting for available worker","previousOperationId":"cvhrv3w0qyjqiiv","timestamp":1765110945551,"id":"c7zwf5v3f6k2pdu"}
{"type":"operationStart","subtype":"render","name":"anonymous","previousOperationId":"cvhrv3w0qyjqiiv","timestamp":1765110945621,"id":"j3lmhqxpmjj5id4","previousEventId":"8w6j0ofrburbncy","operationId":"8b3bey35o7r6oaf"}
{"type":"log","timestamp":1765110945622,"level":"info","message":"Starting rendering request 24","meta":{"rootId":"4eed9vp5o7ovdhq","id":"4eed9vp5o7ovdhq"},"id":"nuw90jomd2rs8uj","previousOperationId":"8b3bey35o7r6oaf"}
{"type":"log","timestamp":1765110945622,"level":"info","message":"Rendering anonymous template { recipe: pptx, engine: handlebars }","meta":{"rootId":"4eed9vp5o7ovdhq","id":"4eed9vp5o7ovdhq"},"id":"kvhaby1ykdvemu6","previousOperationId":"8b3bey35o7r6oaf"}
{"type":"log","timestamp":1765110945622,"level":"debug","message":"Inline data specified.","meta":{"rootId":"4eed9vp5o7ovdhq","id":"4eed9vp5o7ovdhq"},"id":"klg3xiym5224jly","previousOperationId":"8b3bey35o7r6oaf"}
{"type":"log","timestamp":1765110945626,"level":"debug","message":"Base url not specified, skipping its injection.","meta":{"rootId":"4eed9vp5o7ovdhq","id":"4eed9vp5o7ovdhq"},"id":"1m4zaam9oaac8oj","previousOperationId":"8b3bey35o7r6oaf"}
{"type":"operationStart","subtype":"engine","name":"handlebars","timestamp":1765110945626,"id":"8y3c2i48a5i8bmr","previousEventId":"j3lmhqxpmjj5id4","operationId":"kf0ayp0jqo9imtp","previousOperationId":"8b3bey35o7r6oaf"}
{"type":"log","timestamp":1765110945627,"level":"debug","message":"Rendering engine handlebars","meta":{"rootId":"4eed9vp5o7ovdhq","id":"4eed9vp5o7ovdhq"},"id":"hd5ny2gjqep86ka","previousOperationId":"kf0ayp0jqo9imtp"}
{"type":"operationEnd","operationId":"kf0ayp0jqo9imtp","timestamp":1765110945646,"id":"10kajo7rm0lrkad","previousEventId":"8y3c2i48a5i8bmr","previousOperationId":"kf0ayp0jqo9imtp"}
{"type":"operationStart","subtype":"recipe","name":"pptx","timestamp":1765110945647,"id":"dt1c77xtkk1q0rz","previousEventId":"10kajo7rm0lrkad","operationId":"fd5x2kd5gv4na38","previousOperationId":"kf0ayp0jqo9imtp"}
{"type":"log","timestamp":1765110945647,"level":"debug","message":"Executing recipe pptx","meta":{"rootId":"4eed9vp5o7ovdhq","id":"4eed9vp5o7ovdhq"},"id":"aolfh5gyclbbehv","previousOperationId":"fd5x2kd5gv4na38"}
{"type":"log","timestamp":1765110945687,"level":"info","message":"pptx generation is starting","meta":{"rootId":"4eed9vp5o7ovdhq","id":"4eed9vp5o7ovdhq"},"id":"6pmgfn7kczbobp3","previousOperationId":"fd5x2kd5gv4na38"}
{"type":"log","timestamp":1765110947352,"level":"debug","message":"Starting child request to render pptx dynamic parts","meta":{"rootId":"4eed9vp5o7ovdhq","id":"4eed9vp5o7ovdhq"},"id":"82ufs5nazfdl6x9","previousOperationId":"fd5x2kd5gv4na38"}
{"type":"operationStart","subtype":"render","name":"anonymous","previousOperationId":"fd5x2kd5gv4na38","timestamp":1765110947353,"id":"8w1xvimkd09x1s1","previousEventId":"dt1c77xtkk1q0rz","operationId":"4drc1811nhpyt7v"}
{"type":"log","timestamp":1765110947353,"level":"info","message":"Starting rendering (child) request","meta":{"rootId":"4eed9vp5o7ovdhq","id":"lgpe44wybuelrb1"},"id":"3s0tituxnihhreb","previousOperationId":"4drc1811nhpyt7v"}
{"type":"log","timestamp":1765110947353,"level":"info","message":"Rendering anonymous template { recipe: html, engine: handlebars }","meta":{"rootId":"4eed9vp5o7ovdhq","id":"lgpe44wybuelrb1"},"id":"r29rgochhcxz6g4","previousOperationId":"4drc1811nhpyt7v"}
{"type":"log","timestamp":1765110947353,"level":"debug","message":"Inline data specified.","meta":{"rootId":"4eed9vp5o7ovdhq","id":"lgpe44wybuelrb1"},"id":"0fzniqkpxcqje4m","previousOperationId":"4drc1811nhpyt7v"}
{"type":"log","timestamp":1765110947360,"level":"debug","message":"Base url not specified, skipping its injection.","meta":{"rootId":"4eed9vp5o7ovdhq","id":"lgpe44wybuelrb1"},"id":"dhzkecef5togkuo","previousOperationId":"4drc1811nhpyt7v"}
{"type":"operationStart","subtype":"engine","name":"handlebars","timestamp":1765110947362,"id":"djdaqg4wof3sk2q","previousEventId":"8w1xvimkd09x1s1","operationId":"fkym5gzgtm2l5tw","previousOperationId":"4drc1811nhpyt7v"}
{"type":"log","timestamp":1765110947362,"level":"debug","message":"Rendering engine handlebars","meta":{"rootId":"4eed9vp5o7ovdhq","id":"lgpe44wybuelrb1"},"id":"71b7oj28t5urklp","previousOperationId":"fkym5gzgtm2l5tw"}
{"type":"operationEnd","operationId":"fkym5gzgtm2l5tw","timestamp":1765110947452,"id":"k10cvlzvxqqmzpu","previousEventId":"djdaqg4wof3sk2q","previousOperationId":"fkym5gzgtm2l5tw"}
{"type":"operationStart","subtype":"recipe","name":"html","timestamp":1765110947468,"id":"d0urc7pwb1ws795","previousEventId":"k10cvlzvxqqmzpu","operationId":"3xpxptm4cbl310s","previousOperationId":"fkym5gzgtm2l5tw"}
{"type":"log","timestamp":1765110947468,"level":"debug","message":"Executing recipe html","meta":{"rootId":"4eed9vp5o7ovdhq","id":"lgpe44wybuelrb1"},"id":"kzb35vxgny6rqbt","previousOperationId":"3xpxptm4cbl310s"}
{"type":"operationEnd","operationId":"3xpxptm4cbl310s","timestamp":1765110947468,"id":"1f24t4518dzur45","previousEventId":"d0urc7pwb1ws795","previousOperationId":"3xpxptm4cbl310s"}
{"type":"log","timestamp":1765110947469,"level":"debug","message":"Skipping storing report.","meta":{"rootId":"4eed9vp5o7ovdhq","id":"lgpe44wybuelrb1"},"id":"6vdzosmfr636zgk","previousOperationId":"3xpxptm4cbl310s"}
{"type":"log","timestamp":1765110947469,"level":"info","message":"Rendering (child) request finished in 1929 ms","meta":{"rootId":"4eed9vp5o7ovdhq","id":"lgpe44wybuelrb1"},"id":"rzyim2vcmhe1syp","previousOperationId":"3xpxptm4cbl310s"}
{"type":"operationEnd","subtype":"render","operationId":"4drc1811nhpyt7v","timestamp":1765110947469,"id":"rih7kzmb3yn8hxv","previousEventId":"1f24t4518dzur45","previousOperationId":"3xpxptm4cbl310s"}
{"type":"log","timestamp":1765110952729,"level":"debug","message":"pptx successfully zipped","meta":{"rootId":"4eed9vp5o7ovdhq","id":"4eed9vp5o7ovdhq"},"id":"rf32xtqd0jijn4n","previousOperationId":"fd5x2kd5gv4na38"}
{"type":"log","timestamp":1765110952729,"level":"info","message":"pptx generation was finished","meta":{"rootId":"4eed9vp5o7ovdhq","id":"4eed9vp5o7ovdhq"},"id":"qsa211x96jz6bor","previousOperationId":"fd5x2kd5gv4na38"}
{"type":"operationEnd","operationId":"fd5x2kd5gv4na38","timestamp":1765110952740,"id":"6r6vt1wjh1imtea","previousEventId":"dt1c77xtkk1q0rz","previousOperationId":"fd5x2kd5gv4na38"}
{"type":"log","timestamp":1765110952740,"level":"debug","message":"Skipping storing report.","meta":{"rootId":"4eed9vp5o7ovdhq","id":"4eed9vp5o7ovdhq"},"id":"dd20uakc8d02b37","previousOperationId":"fd5x2kd5gv4na38"}
{"type":"log","timestamp":1765110952740,"level":"info","message":"Rendering request 24 finished in 7200 ms","meta":{"rootId":"4eed9vp5o7ovdhq","id":"4eed9vp5o7ovdhq"},"id":"oyc5adgpahfkxpb","previousOperationId":"fd5x2kd5gv4na38"}
{"type":"operationEnd","subtype":"render","operationId":"8b3bey35o7r6oaf","timestamp":1765110952740,"id":"htks9xdlptxp6wm","previousEventId":"6r6vt1wjh1imtea","previousOperationId":"fd5x2kd5gv4na38"}
{"type":"operationEnd","doDiffs":false,"previousEventId":"8w6j0ofrburbncy","previousOperationId":"cvhrv3w0qyjqiiv","operationId":"cvhrv3w0qyjqiiv","timestamp":1765110952745,"id":"pqlx78rimhbsqft"}
