{"type":"operationStart","subtype":"profile","data":{"_id":"zPE58ZpDcnTKG8v3","timestamp":"2025-12-06T15:13:49.391Z","state":"running","mode":"standard","creationDate":"2025-12-06T15:13:49.393Z","modificationDate":"2025-12-06T15:13:49.393Z","shortid":"Z79rHRZ","$entitySet":"profiles","timeout":60000},"doDiffs":false,"timestamp":1765034029392,"id":"lhbv32hk7q0bxmj","previousOperationId":null,"operationId":"zx7e6t9klu72ret"}
{"type":"log","level":"info","message":"Render request 15 queued for execution and waiting for available worker","previousOperationId":"zx7e6t9klu72ret","timestamp":1765034029392,"id":"krv9bj3guruj12h"}
{"type":"operationStart","subtype":"render","name":"anonymous","previousOperationId":"zx7e6t9klu72ret","timestamp":1765034029405,"id":"vijuroole5awlse","previousEventId":"lhbv32hk7q0bxmj","operationId":"scdst4s7w1itw54"}
{"type":"log","timestamp":1765034029406,"level":"info","message":"Starting rendering request 15","meta":{"rootId":"4hkbpbvkg2n98va","id":"4hkbpbvkg2n98va"},"id":"n3u9bqw3bp9pci8","previousOperationId":"scdst4s7w1itw54"}
{"type":"log","timestamp":1765034029406,"level":"info","message":"Rendering anonymous template { recipe: pptx, engine: handlebars }","meta":{"rootId":"4hkbpbvkg2n98va","id":"4hkbpbvkg2n98va"},"id":"c312bf8px4354zz","previousOperationId":"scdst4s7w1itw54"}
{"type":"log","timestamp":1765034029406,"level":"debug","message":"Inline data specified.","meta":{"rootId":"4hkbpbvkg2n98va","id":"4hkbpbvkg2n98va"},"id":"857m29gf6pqfk49","previousOperationId":"scdst4s7w1itw54"}
{"type":"log","timestamp":1765034029408,"level":"debug","message":"Base url not specified, skipping its injection.","meta":{"rootId":"4hkbpbvkg2n98va","id":"4hkbpbvkg2n98va"},"id":"18d2lhg7hxkw7ha","previousOperationId":"scdst4s7w1itw54"}
{"type":"operationStart","subtype":"engine","name":"handlebars","timestamp":1765034029408,"id":"7g33c07yh8szu85","previousEventId":"vijuroole5awlse","operationId":"mff690md6gfc16d","previousOperationId":"scdst4s7w1itw54"}
{"type":"log","timestamp":1765034029408,"level":"debug","message":"Rendering engine handlebars","meta":{"rootId":"4hkbpbvkg2n98va","id":"4hkbpbvkg2n98va"},"id":"rzlwyvihml1uchq","previousOperationId":"mff690md6gfc16d"}
{"type":"operationEnd","operationId":"mff690md6gfc16d","timestamp":1765034029420,"id":"007dc3llgdt18qs","previousEventId":"7g33c07yh8szu85","previousOperationId":"mff690md6gfc16d"}
{"type":"operationStart","subtype":"recipe","name":"pptx","timestamp":1765034029421,"id":"1yrijk3cm48jthh","previousEventId":"007dc3llgdt18qs","operationId":"6616zd44v9pdcj8","previousOperationId":"mff690md6gfc16d"}
{"type":"log","timestamp":1765034029421,"level":"debug","message":"Executing recipe pptx","meta":{"rootId":"4hkbpbvkg2n98va","id":"4hkbpbvkg2n98va"},"id":"4t0xzb9gj3y35kg","previousOperationId":"6616zd44v9pdcj8"}
{"type":"log","timestamp":1765034029421,"level":"info","message":"pptx generation is starting","meta":{"rootId":"4hkbpbvkg2n98va","id":"4hkbpbvkg2n98va"},"id":"5a7hcgsl5hof5dw","previousOperationId":"6616zd44v9pdcj8"}
{"type":"log","timestamp":1765034029495,"level":"debug","message":"Starting child request to render pptx dynamic parts","meta":{"rootId":"4hkbpbvkg2n98va","id":"4hkbpbvkg2n98va"},"id":"b7a6zjtf7pzitzn","previousOperationId":"6616zd44v9pdcj8"}
{"type":"operationStart","subtype":"render","name":"anonymous","previousOperationId":"6616zd44v9pdcj8","timestamp":1765034029496,"id":"2ejnjfmxt8ulx2m","previousEventId":"1yrijk3cm48jthh","operationId":"wxi216y00v6bfk7"}
{"type":"log","timestamp":1765034029496,"level":"info","message":"Starting rendering (child) request","meta":{"rootId":"4hkbpbvkg2n98va","id":"0qqwn96i8e4c0fx"},"id":"7w6shw9m9bi5bep","previousOperationId":"wxi216y00v6bfk7"}
{"type":"log","timestamp":1765034029496,"level":"info","message":"Rendering anonymous template { recipe: html, engine: handlebars }","meta":{"rootId":"4hkbpbvkg2n98va","id":"0qqwn96i8e4c0fx"},"id":"4drxmv45clqx3p4","previousOperationId":"wxi216y00v6bfk7"}
{"type":"log","timestamp":1765034029496,"level":"debug","message":"Inline data specified.","meta":{"rootId":"4hkbpbvkg2n98va","id":"0qqwn96i8e4c0fx"},"id":"g9h36nm0ln4fbz1","previousOperationId":"wxi216y00v6bfk7"}
{"type":"log","timestamp":1765034029501,"level":"debug","message":"Base url not specified, skipping its injection.","meta":{"rootId":"4hkbpbvkg2n98va","id":"0qqwn96i8e4c0fx"},"id":"t5wwuw70m7d3enc","previousOperationId":"wxi216y00v6bfk7"}
{"type":"operationStart","subtype":"engine","name":"handlebars","timestamp":1765034029501,"id":"2rr6k2jcohrt9e0","previousEventId":"2ejnjfmxt8ulx2m","operationId":"pd1es08uorib261","previousOperationId":"wxi216y00v6bfk7"}
{"type":"log","timestamp":1765034029501,"level":"debug","message":"Rendering engine handlebars","meta":{"rootId":"4hkbpbvkg2n98va","id":"0qqwn96i8e4c0fx"},"id":"aso0dk3zliip3y5","previousOperationId":"pd1es08uorib261"}
{"type":"operationEnd","operationId":"pd1es08uorib261","timestamp":1765034029513,"id":"wvs3m9lvowo3xqd","previousEventId":"2rr6k2jcohrt9e0","previousOperationId":"pd1es08uorib261"}
{"type":"operationStart","subtype":"recipe","name":"html","timestamp":1765034029513,"id":"vbs6u5gt2y00s93","previousEventId":"wvs3m9lvowo3xqd","operationId":"86t2vvduejuv6dk","previousOperationId":"pd1es08uorib261"}
{"type":"log","timestamp":1765034029513,"level":"debug","message":"Executing recipe html","meta":{"rootId":"4hkbpbvkg2n98va","id":"0qqwn96i8e4c0fx"},"id":"acub3o7cgu6fqlp","previousOperationId":"86t2vvduejuv6dk"}
{"type":"operationEnd","operationId":"86t2vvduejuv6dk","timestamp":1765034029514,"id":"aszc0j827s3b2tl","previousEventId":"vbs6u5gt2y00s93","previousOperationId":"86t2vvduejuv6dk"}
{"type":"log","timestamp":1765034029514,"level":"debug","message":"Skipping storing report.","meta":{"rootId":"4hkbpbvkg2n98va","id":"0qqwn96i8e4c0fx"},"id":"ohfdryd9s2zocf3","previousOperationId":"86t2vvduejuv6dk"}
{"type":"log","timestamp":1765034029514,"level":"info","message":"Rendering (child) request finished in 124 ms","meta":{"rootId":"4hkbpbvkg2n98va","id":"0qqwn96i8e4c0fx"},"id":"9cdzo6dfvlw43ou","previousOperationId":"86t2vvduejuv6dk"}
{"type":"operationEnd","subtype":"render","operationId":"wxi216y00v6bfk7","timestamp":1765034029514,"id":"3q8qk89o5kmfb6c","previousEventId":"aszc0j827s3b2tl","previousOperationId":"86t2vvduejuv6dk"}
{"type":"log","timestamp":1765034030962,"level":"debug","message":"pptx successfully zipped","meta":{"rootId":"4hkbpbvkg2n98va","id":"4hkbpbvkg2n98va"},"id":"858zfhsi7f6xqo5","previousOperationId":"6616zd44v9pdcj8"}
{"type":"log","timestamp":1765034030962,"level":"info","message":"pptx generation was finished","meta":{"rootId":"4hkbpbvkg2n98va","id":"4hkbpbvkg2n98va"},"id":"ori8fbfpvswu84z","previousOperationId":"6616zd44v9pdcj8"}
{"type":"operationEnd","operationId":"6616zd44v9pdcj8","timestamp":1765034030965,"id":"qqh8aozyggdm572","previousEventId":"1yrijk3cm48jthh","previousOperationId":"6616zd44v9pdcj8"}
{"type":"log","timestamp":1765034030965,"level":"debug","message":"Skipping storing report.","meta":{"rootId":"4hkbpbvkg2n98va","id":"4hkbpbvkg2n98va"},"id":"3atup9oqcg0ljby","previousOperationId":"6616zd44v9pdcj8"}
{"type":"log","timestamp":1765034030965,"level":"info","message":"Rendering request 15 finished in 1575 ms","meta":{"rootId":"4hkbpbvkg2n98va","id":"4hkbpbvkg2n98va"},"id":"9famb8903pvg71q","previousOperationId":"6616zd44v9pdcj8"}
{"type":"operationEnd","subtype":"render","operationId":"scdst4s7w1itw54","timestamp":1765034030965,"id":"8sezh54mctspeep","previousEventId":"qqh8aozyggdm572","previousOperationId":"6616zd44v9pdcj8"}
{"type":"operationEnd","doDiffs":false,"previousEventId":"lhbv32hk7q0bxmj","previousOperationId":"zx7e6t9klu72ret","operationId":"zx7e6t9klu72ret","timestamp":1765034030969,"id":"tmuvdl07oji7rwk"}
