{"type":"operationStart","subtype":"profile","data":{"_id":"yGn9iOwGkW0cLaOL","timestamp":"2025-12-07T11:48:34.469Z","state":"running","mode":"standard","creationDate":"2025-12-07T11:48:34.485Z","modificationDate":"2025-12-07T11:48:34.485Z","shortid":"OlzlZ8I","$entitySet":"profiles","timeout":60000},"doDiffs":false,"timestamp":1765108114482,"id":"51m24sjuyzwib83","previousOperationId":null,"operationId":"jbo983je4vsuh2x"}
{"type":"log","level":"info","message":"Render request 12 queued for execution and waiting for available worker","previousOperationId":"jbo983je4vsuh2x","timestamp":1765108114483,"id":"u5cup76t3sxxmp7"}
{"type":"operationStart","subtype":"render","name":"anonymous","previousOperationId":"jbo983je4vsuh2x","timestamp":1765108114542,"id":"h246hi8k3x6j9nt","previousEventId":"51m24sjuyzwib83","operationId":"5gcwn9ckp1iqhcl"}
{"type":"log","timestamp":1765108114543,"level":"info","message":"Starting rendering request 12","meta":{"rootId":"4jmlqsa9pvbbhab","id":"4jmlqsa9pvbbhab"},"id":"5hibmefzvjyka6x","previousOperationId":"5gcwn9ckp1iqhcl"}
{"type":"log","timestamp":1765108114544,"level":"info","message":"Rendering anonymous template { recipe: pptx, engine: handlebars }","meta":{"rootId":"4jmlqsa9pvbbhab","id":"4jmlqsa9pvbbhab"},"id":"9g7cb7tr0tx702d","previousOperationId":"5gcwn9ckp1iqhcl"}
{"type":"log","timestamp":1765108114544,"level":"debug","message":"Inline data specified.","meta":{"rootId":"4jmlqsa9pvbbhab","id":"4jmlqsa9pvbbhab"},"id":"mwimae4bf8isl9n","previousOperationId":"5gcwn9ckp1iqhcl"}
{"type":"log","timestamp":1765108114546,"level":"debug","message":"Base url not specified, skipping its injection.","meta":{"rootId":"4jmlqsa9pvbbhab","id":"4jmlqsa9pvbbhab"},"id":"8dfgs1lsr4iei6y","previousOperationId":"5gcwn9ckp1iqhcl"}
{"type":"operationStart","subtype":"engine","name":"handlebars","timestamp":1765108114547,"id":"bl60okz4vrawbjl","previousEventId":"h246hi8k3x6j9nt","operationId":"yp1hmrka3qr8lj8","previousOperationId":"5gcwn9ckp1iqhcl"}
{"type":"log","timestamp":1765108114547,"level":"debug","message":"Rendering engine handlebars","meta":{"rootId":"4jmlqsa9pvbbhab","id":"4jmlqsa9pvbbhab"},"id":"9053zaimzj4d6i4","previousOperationId":"yp1hmrka3qr8lj8"}
{"type":"operationEnd","operationId":"yp1hmrka3qr8lj8","timestamp":1765108114567,"id":"gkjl3ontspozdlc","previousEventId":"bl60okz4vrawbjl","previousOperationId":"yp1hmrka3qr8lj8"}
{"type":"operationStart","subtype":"recipe","name":"pptx","timestamp":1765108114567,"id":"vanhvors7u6cxkz","previousEventId":"gkjl3ontspozdlc","operationId":"w9sd73k8tlhqna0","previousOperationId":"yp1hmrka3qr8lj8"}
{"type":"log","timestamp":1765108114567,"level":"debug","message":"Executing recipe pptx","meta":{"rootId":"4jmlqsa9pvbbhab","id":"4jmlqsa9pvbbhab"},"id":"7ztfbj31f257bbj","previousOperationId":"w9sd73k8tlhqna0"}
{"type":"log","timestamp":1765108114592,"level":"info","message":"pptx generation is starting","meta":{"rootId":"4jmlqsa9pvbbhab","id":"4jmlqsa9pvbbhab"},"id":"fysab4abkozlzbq","previousOperationId":"w9sd73k8tlhqna0"}
{"type":"log","timestamp":1765108116148,"level":"debug","message":"Starting child request to render pptx dynamic parts","meta":{"rootId":"4jmlqsa9pvbbhab","id":"4jmlqsa9pvbbhab"},"id":"r2s1jtgbze9umix","previousOperationId":"w9sd73k8tlhqna0"}
{"type":"operationStart","subtype":"render","name":"anonymous","previousOperationId":"w9sd73k8tlhqna0","timestamp":1765108116149,"id":"tl39rnzrtl9opec","previousEventId":"vanhvors7u6cxkz","operationId":"b3hcb72zkoueedp"}
{"type":"log","timestamp":1765108116149,"level":"info","message":"Starting rendering (child) request","meta":{"rootId":"4jmlqsa9pvbbhab","id":"g5gh524le7jweve"},"id":"ucv7f0wqeghzjni","previousOperationId":"b3hcb72zkoueedp"}
{"type":"log","timestamp":1765108116149,"level":"info","message":"Rendering anonymous template { recipe: html, engine: handlebars }","meta":{"rootId":"4jmlqsa9pvbbhab","id":"g5gh524le7jweve"},"id":"qfkzo4i94vicsvh","previousOperationId":"b3hcb72zkoueedp"}
{"type":"log","timestamp":1765108116149,"level":"debug","message":"Inline data specified.","meta":{"rootId":"4jmlqsa9pvbbhab","id":"g5gh524le7jweve"},"id":"aoi6gmdlv48fpqd","previousOperationId":"b3hcb72zkoueedp"}
{"type":"log","timestamp":1765108116156,"level":"debug","message":"Base url not specified, skipping its injection.","meta":{"rootId":"4jmlqsa9pvbbhab","id":"g5gh524le7jweve"},"id":"9xcu1smi8wpo54s","previousOperationId":"b3hcb72zkoueedp"}
{"type":"operationStart","subtype":"engine","name":"handlebars","timestamp":1765108116159,"id":"t61xvuezszjbj17","previousEventId":"tl39rnzrtl9opec","operationId":"tpaby493wvxi07o","previousOperationId":"b3hcb72zkoueedp"}
{"type":"log","timestamp":1765108116160,"level":"debug","message":"Rendering engine handlebars","meta":{"rootId":"4jmlqsa9pvbbhab","id":"g5gh524le7jweve"},"id":"5nnptpqdf87syt4","previousOperationId":"tpaby493wvxi07o"}
{"type":"operationEnd","operationId":"tpaby493wvxi07o","timestamp":1765108116276,"id":"6s9z8t8jwa0ej78","previousEventId":"t61xvuezszjbj17","previousOperationId":"tpaby493wvxi07o"}
{"type":"operationStart","subtype":"recipe","name":"html","timestamp":1765108116290,"id":"jp8fz79olck5y4k","previousEventId":"6s9z8t8jwa0ej78","operationId":"s4t3rboa26qfs54","previousOperationId":"tpaby493wvxi07o"}
{"type":"log","timestamp":1765108116290,"level":"debug","message":"Executing recipe html","meta":{"rootId":"4jmlqsa9pvbbhab","id":"g5gh524le7jweve"},"id":"nhgugamyh7kutf6","previousOperationId":"s4t3rboa26qfs54"}
{"type":"operationEnd","operationId":"s4t3rboa26qfs54","timestamp":1765108116290,"id":"79lrj8cl72l3gqa","previousEventId":"jp8fz79olck5y4k","previousOperationId":"s4t3rboa26qfs54"}
{"type":"log","timestamp":1765108116290,"level":"debug","message":"Skipping storing report.","meta":{"rootId":"4jmlqsa9pvbbhab","id":"g5gh524le7jweve"},"id":"b5hn07n744s1uwh","previousOperationId":"s4t3rboa26qfs54"}
{"type":"log","timestamp":1765108116290,"level":"info","message":"Rendering (child) request finished in 1822 ms","meta":{"rootId":"4jmlqsa9pvbbhab","id":"g5gh524le7jweve"},"id":"bwxg1rftkofbxoo","previousOperationId":"s4t3rboa26qfs54"}
{"type":"operationEnd","subtype":"render","operationId":"b3hcb72zkoueedp","timestamp":1765108116290,"id":"n0dnf1105r2iump","previousEventId":"79lrj8cl72l3gqa","previousOperationId":"s4t3rboa26qfs54"}
{"type":"log","timestamp":1765108124644,"level":"debug","message":"pptx successfully zipped","meta":{"rootId":"4jmlqsa9pvbbhab","id":"4jmlqsa9pvbbhab"},"id":"i2deh00jijxapjt","previousOperationId":"w9sd73k8tlhqna0"}
{"type":"log","timestamp":1765108124644,"level":"info","message":"pptx generation was finished","meta":{"rootId":"4jmlqsa9pvbbhab","id":"4jmlqsa9pvbbhab"},"id":"zx7uolgfp9qhjne","previousOperationId":"w9sd73k8tlhqna0"}
{"type":"operationEnd","operationId":"w9sd73k8tlhqna0","timestamp":1765108124656,"id":"xpxje6gptvjmdcq","previousEventId":"vanhvors7u6cxkz","previousOperationId":"w9sd73k8tlhqna0"}
{"type":"log","timestamp":1765108124656,"level":"debug","message":"Skipping storing report.","meta":{"rootId":"4jmlqsa9pvbbhab","id":"4jmlqsa9pvbbhab"},"id":"etcmilicytt0yd1","previousOperationId":"w9sd73k8tlhqna0"}
{"type":"log","timestamp":1765108124656,"level":"info","message":"Rendering request 12 finished in 10188 ms","meta":{"rootId":"4jmlqsa9pvbbhab","id":"4jmlqsa9pvbbhab"},"id":"otnopwbncgft2tt","previousOperationId":"w9sd73k8tlhqna0"}
{"type":"operationEnd","subtype":"render","operationId":"5gcwn9ckp1iqhcl","timestamp":1765108124656,"id":"mqym5pk0nseg5eo","previousEventId":"xpxje6gptvjmdcq","previousOperationId":"w9sd73k8tlhqna0"}
{"type":"operationEnd","doDiffs":false,"previousEventId":"51m24sjuyzwib83","previousOperationId":"jbo983je4vsuh2x","operationId":"jbo983je4vsuh2x","timestamp":1765108124662,"id":"mdrq7tvl6ltpu6d"}
