{"type":"operationStart","subtype":"profile","data":{"_id":"xX6kuggfmANVjGf6","timestamp":"2025-12-06T17:40:35.954Z","state":"running","mode":"standard","creationDate":"2025-12-06T17:40:35.957Z","modificationDate":"2025-12-06T17:40:35.957Z","shortid":"LuPK1ZG","$entitySet":"profiles","timeout":60000},"doDiffs":false,"timestamp":1765042835957,"id":"rsvtz1279lw4c5j","previousOperationId":null,"operationId":"g0putjpfmpxa254"}
{"type":"log","level":"info","message":"Render request 40 queued for execution and waiting for available worker","previousOperationId":"g0putjpfmpxa254","timestamp":1765042835957,"id":"6uv7kkxqwx2xfrg"}
{"type":"operationStart","subtype":"render","name":"anonymous","previousOperationId":"g0putjpfmpxa254","timestamp":1765042835969,"id":"xt3eokedt2z13un","previousEventId":"rsvtz1279lw4c5j","operationId":"gizoxz7glvrgwhg"}
{"type":"log","timestamp":1765042835969,"level":"info","message":"Starting rendering request 40","meta":{"rootId":"5fh48hhk0xmlzkf","id":"5fh48hhk0xmlzkf"},"id":"z4s2q73oyxaawgg","previousOperationId":"gizoxz7glvrgwhg"}
{"type":"log","timestamp":1765042835969,"level":"info","message":"Rendering anonymous template { recipe: pptx, engine: handlebars }","meta":{"rootId":"5fh48hhk0xmlzkf","id":"5fh48hhk0xmlzkf"},"id":"ckp6kef6g3kzniu","previousOperationId":"gizoxz7glvrgwhg"}
{"type":"log","timestamp":1765042835969,"level":"debug","message":"Inline data specified.","meta":{"rootId":"5fh48hhk0xmlzkf","id":"5fh48hhk0xmlzkf"},"id":"q0b4d5xqs27kmci","previousOperationId":"gizoxz7glvrgwhg"}
{"type":"log","timestamp":1765042835975,"level":"debug","message":"Base url not specified, skipping its injection.","meta":{"rootId":"5fh48hhk0xmlzkf","id":"5fh48hhk0xmlzkf"},"id":"ssas7vge47a7k8x","previousOperationId":"gizoxz7glvrgwhg"}
{"type":"operationStart","subtype":"engine","name":"handlebars","timestamp":1765042835975,"id":"d9olv5ac92cmnh9","previousEventId":"xt3eokedt2z13un","operationId":"jyrrc5uxgjkbccs","previousOperationId":"gizoxz7glvrgwhg"}
{"type":"log","timestamp":1765042835975,"level":"debug","message":"Rendering engine handlebars","meta":{"rootId":"5fh48hhk0xmlzkf","id":"5fh48hhk0xmlzkf"},"id":"iu50areqhf3dqpp","previousOperationId":"jyrrc5uxgjkbccs"}
{"type":"operationEnd","operationId":"jyrrc5uxgjkbccs","timestamp":1765042835981,"id":"8fs7mo1reqs64gw","previousEventId":"d9olv5ac92cmnh9","previousOperationId":"jyrrc5uxgjkbccs"}
{"type":"operationStart","subtype":"recipe","name":"pptx","timestamp":1765042835981,"id":"264f9mknhrx5fk7","previousEventId":"8fs7mo1reqs64gw","operationId":"c793ornmzpu4226","previousOperationId":"jyrrc5uxgjkbccs"}
{"type":"log","timestamp":1765042835981,"level":"debug","message":"Executing recipe pptx","meta":{"rootId":"5fh48hhk0xmlzkf","id":"5fh48hhk0xmlzkf"},"id":"dfrj8btu3cvco3v","previousOperationId":"c793ornmzpu4226"}
{"type":"log","timestamp":1765042835981,"level":"info","message":"pptx generation is starting","meta":{"rootId":"5fh48hhk0xmlzkf","id":"5fh48hhk0xmlzkf"},"id":"cn7tpusnxjepnw1","previousOperationId":"c793ornmzpu4226"}
{"type":"log","timestamp":1765042836062,"level":"debug","message":"Starting child request to render pptx dynamic parts","meta":{"rootId":"5fh48hhk0xmlzkf","id":"5fh48hhk0xmlzkf"},"id":"p6f0is2cqhs6jha","previousOperationId":"c793ornmzpu4226"}
{"type":"operationStart","subtype":"render","name":"anonymous","previousOperationId":"c793ornmzpu4226","timestamp":1765042836063,"id":"53zp8lzxg0pgrtz","previousEventId":"264f9mknhrx5fk7","operationId":"sfjkgys6rhyehlb"}
{"type":"log","timestamp":1765042836063,"level":"info","message":"Starting rendering (child) request","meta":{"rootId":"5fh48hhk0xmlzkf","id":"x1ne6n4ogz07zj4"},"id":"xdhs8qp596lecpu","previousOperationId":"sfjkgys6rhyehlb"}
{"type":"log","timestamp":1765042836063,"level":"info","message":"Rendering anonymous template { recipe: html, engine: handlebars }","meta":{"rootId":"5fh48hhk0xmlzkf","id":"x1ne6n4ogz07zj4"},"id":"emfzp9jo6upf1tb","previousOperationId":"sfjkgys6rhyehlb"}
{"type":"log","timestamp":1765042836063,"level":"debug","message":"Inline data specified.","meta":{"rootId":"5fh48hhk0xmlzkf","id":"x1ne6n4ogz07zj4"},"id":"6eb4849j2u4qv9g","previousOperationId":"sfjkgys6rhyehlb"}
{"type":"log","timestamp":1765042836064,"level":"debug","message":"Base url not specified, skipping its injection.","meta":{"rootId":"5fh48hhk0xmlzkf","id":"x1ne6n4ogz07zj4"},"id":"2j5e40q43wjnehr","previousOperationId":"sfjkgys6rhyehlb"}
{"type":"operationStart","subtype":"engine","name":"handlebars","timestamp":1765042836065,"id":"qs35elicglqojsc","previousEventId":"53zp8lzxg0pgrtz","operationId":"b8gtlkuxcazxpp6","previousOperationId":"sfjkgys6rhyehlb"}
{"type":"log","timestamp":1765042836065,"level":"debug","message":"Rendering engine handlebars","meta":{"rootId":"5fh48hhk0xmlzkf","id":"x1ne6n4ogz07zj4"},"id":"ssk7ysrjn92kuy4","previousOperationId":"b8gtlkuxcazxpp6"}
{"type":"operationEnd","operationId":"b8gtlkuxcazxpp6","timestamp":1765042836084,"id":"3zq3oa9ewbfo7vg","previousEventId":"qs35elicglqojsc","previousOperationId":"b8gtlkuxcazxpp6"}
{"type":"operationStart","subtype":"recipe","name":"html","timestamp":1765042836085,"id":"df9hg5rhccrfuig","previousEventId":"3zq3oa9ewbfo7vg","operationId":"x15r8w65yxymovw","previousOperationId":"b8gtlkuxcazxpp6"}
{"type":"log","timestamp":1765042836085,"level":"debug","message":"Executing recipe html","meta":{"rootId":"5fh48hhk0xmlzkf","id":"x1ne6n4ogz07zj4"},"id":"pqpwix57r2usx5k","previousOperationId":"x15r8w65yxymovw"}
{"type":"operationEnd","operationId":"x15r8w65yxymovw","timestamp":1765042836085,"id":"u8yv9amag9acd68","previousEventId":"df9hg5rhccrfuig","previousOperationId":"x15r8w65yxymovw"}
{"type":"log","timestamp":1765042836085,"level":"debug","message":"Skipping storing report.","meta":{"rootId":"5fh48hhk0xmlzkf","id":"x1ne6n4ogz07zj4"},"id":"l2eh48p8cx67fma","previousOperationId":"x15r8w65yxymovw"}
{"type":"log","timestamp":1765042836085,"level":"info","message":"Rendering (child) request finished in 131 ms","meta":{"rootId":"5fh48hhk0xmlzkf","id":"x1ne6n4ogz07zj4"},"id":"qy3utwgaf8nk8gu","previousOperationId":"x15r8w65yxymovw"}
{"type":"operationEnd","subtype":"render","operationId":"sfjkgys6rhyehlb","timestamp":1765042836085,"id":"dp4yhe7cqeu4l1u","previousEventId":"u8yv9amag9acd68","previousOperationId":"x15r8w65yxymovw"}
{"type":"log","timestamp":1765042836164,"level":"debug","message":"pptx successfully zipped","meta":{"rootId":"5fh48hhk0xmlzkf","id":"5fh48hhk0xmlzkf"},"id":"mrzcjpdhi2z3nzh","previousOperationId":"c793ornmzpu4226"}
{"type":"log","timestamp":1765042836164,"level":"info","message":"pptx generation was finished","meta":{"rootId":"5fh48hhk0xmlzkf","id":"5fh48hhk0xmlzkf"},"id":"qdqc3aowbreusue","previousOperationId":"c793ornmzpu4226"}
{"type":"operationEnd","operationId":"c793ornmzpu4226","timestamp":1765042836169,"id":"x8k5ri1r4d5qvyg","previousEventId":"264f9mknhrx5fk7","previousOperationId":"c793ornmzpu4226"}
{"type":"log","timestamp":1765042836169,"level":"debug","message":"Skipping storing report.","meta":{"rootId":"5fh48hhk0xmlzkf","id":"5fh48hhk0xmlzkf"},"id":"fsd7dz6rcxgfi2p","previousOperationId":"c793ornmzpu4226"}
{"type":"log","timestamp":1765042836169,"level":"info","message":"Rendering request 40 finished in 215 ms","meta":{"rootId":"5fh48hhk0xmlzkf","id":"5fh48hhk0xmlzkf"},"id":"9qovavf93cabx8g","previousOperationId":"c793ornmzpu4226"}
{"type":"operationEnd","subtype":"render","operationId":"gizoxz7glvrgwhg","timestamp":1765042836169,"id":"d2bh29oinf9bfuy","previousEventId":"x8k5ri1r4d5qvyg","previousOperationId":"c793ornmzpu4226"}
{"type":"operationEnd","doDiffs":false,"previousEventId":"rsvtz1279lw4c5j","previousOperationId":"g0putjpfmpxa254","operationId":"g0putjpfmpxa254","timestamp":1765042836175,"id":"dalsylovyocn1o8"}
