{"type":"operationStart","subtype":"profile","data":{"_id":"ZQjj5Sm36Ic1fS1W","timestamp":"2025-12-06T14:47:14.407Z","state":"running","mode":"standard","creationDate":"2025-12-06T14:47:14.409Z","modificationDate":"2025-12-06T14:47:14.409Z","shortid":"OFXnsyt","$entitySet":"profiles","timeout":60000},"doDiffs":false,"timestamp":1765032434408,"id":"b70eg9od112zdlr","previousOperationId":null,"operationId":"j8hnavt11b76uld"}
{"type":"log","level":"info","message":"Render request 8 queued for execution and waiting for available worker","previousOperationId":"j8hnavt11b76uld","timestamp":1765032434408,"id":"i1420mc5v4vtkwl"}
{"type":"operationStart","subtype":"render","name":"anonymous","previousOperationId":"j8hnavt11b76uld","timestamp":1765032434417,"id":"282sysrgap66ysd","previousEventId":"b70eg9od112zdlr","operationId":"15nqm76m658nxjm"}
{"type":"log","timestamp":1765032434417,"level":"info","message":"Starting rendering request 8","meta":{"rootId":"5o8ouc90wh7y20x","id":"5o8ouc90wh7y20x"},"id":"0mm59hu8e43lzao","previousOperationId":"15nqm76m658nxjm"}
{"type":"log","timestamp":1765032434417,"level":"info","message":"Rendering anonymous template { recipe: pptx, engine: handlebars }","meta":{"rootId":"5o8ouc90wh7y20x","id":"5o8ouc90wh7y20x"},"id":"819ffdcka2t98zx","previousOperationId":"15nqm76m658nxjm"}
{"type":"log","timestamp":1765032434417,"level":"debug","message":"Inline data specified.","meta":{"rootId":"5o8ouc90wh7y20x","id":"5o8ouc90wh7y20x"},"id":"jmdm1q7qkqdatrc","previousOperationId":"15nqm76m658nxjm"}
{"type":"log","timestamp":1765032434418,"level":"debug","message":"Base url not specified, skipping its injection.","meta":{"rootId":"5o8ouc90wh7y20x","id":"5o8ouc90wh7y20x"},"id":"ybbzt3fann6j8u6","previousOperationId":"15nqm76m658nxjm"}
{"type":"operationStart","subtype":"engine","name":"handlebars","timestamp":1765032434419,"id":"c190cwr729v3zje","previousEventId":"282sysrgap66ysd","operationId":"4jx11am2cp5kv3z","previousOperationId":"15nqm76m658nxjm"}
{"type":"log","timestamp":1765032434419,"level":"debug","message":"Rendering engine handlebars","meta":{"rootId":"5o8ouc90wh7y20x","id":"5o8ouc90wh7y20x"},"id":"22nmq784hab52cd","previousOperationId":"4jx11am2cp5kv3z"}
{"type":"operationEnd","operationId":"4jx11am2cp5kv3z","timestamp":1765032434433,"id":"ndrqsjx9vir3gx5","previousEventId":"c190cwr729v3zje","previousOperationId":"4jx11am2cp5kv3z"}
{"type":"operationStart","subtype":"recipe","name":"pptx","timestamp":1765032434433,"id":"mgl7hgqr2wmt00a","previousEventId":"ndrqsjx9vir3gx5","operationId":"e2ft207d5e9eg64","previousOperationId":"4jx11am2cp5kv3z"}
{"type":"log","timestamp":1765032434433,"level":"debug","message":"Executing recipe pptx","meta":{"rootId":"5o8ouc90wh7y20x","id":"5o8ouc90wh7y20x"},"id":"8gal8vjmpse5d17","previousOperationId":"e2ft207d5e9eg64"}
{"type":"log","timestamp":1765032434434,"level":"info","message":"pptx generation is starting","meta":{"rootId":"5o8ouc90wh7y20x","id":"5o8ouc90wh7y20x"},"id":"duie6fy7ffslkdu","previousOperationId":"e2ft207d5e9eg64"}
{"type":"log","timestamp":1765032434521,"level":"debug","message":"Starting child request to render pptx dynamic parts","meta":{"rootId":"5o8ouc90wh7y20x","id":"5o8ouc90wh7y20x"},"id":"1bgsuf70t9opdpp","previousOperationId":"e2ft207d5e9eg64"}
{"type":"operationStart","subtype":"render","name":"anonymous","previousOperationId":"e2ft207d5e9eg64","timestamp":1765032434521,"id":"mr8z9dmaz3iy1ay","previousEventId":"mgl7hgqr2wmt00a","operationId":"r1rxr1g7lyjb8v2"}
{"type":"log","timestamp":1765032434521,"level":"info","message":"Starting rendering (child) request","meta":{"rootId":"5o8ouc90wh7y20x","id":"ieg7v9dbyl12unl"},"id":"2ic7qnbraxi4dpg","previousOperationId":"r1rxr1g7lyjb8v2"}
{"type":"log","timestamp":1765032434521,"level":"info","message":"Rendering anonymous template { recipe: html, engine: handlebars }","meta":{"rootId":"5o8ouc90wh7y20x","id":"ieg7v9dbyl12unl"},"id":"lbw3z7wr8cvgadd","previousOperationId":"r1rxr1g7lyjb8v2"}
{"type":"log","timestamp":1765032434521,"level":"debug","message":"Inline data specified.","meta":{"rootId":"5o8ouc90wh7y20x","id":"ieg7v9dbyl12unl"},"id":"ygliq6kzp5fiqjr","previousOperationId":"r1rxr1g7lyjb8v2"}
{"type":"log","timestamp":1765032434523,"level":"debug","message":"Base url not specified, skipping its injection.","meta":{"rootId":"5o8ouc90wh7y20x","id":"ieg7v9dbyl12unl"},"id":"qkfa7y69ukwxazu","previousOperationId":"r1rxr1g7lyjb8v2"}
{"type":"operationStart","subtype":"engine","name":"handlebars","timestamp":1765032434523,"id":"5pkfe0qwdnksdiz","previousEventId":"mr8z9dmaz3iy1ay","operationId":"tkbmiexvyr9bxzw","previousOperationId":"r1rxr1g7lyjb8v2"}
{"type":"log","timestamp":1765032434523,"level":"debug","message":"Rendering engine handlebars","meta":{"rootId":"5o8ouc90wh7y20x","id":"ieg7v9dbyl12unl"},"id":"58sfv9lalv2u26n","previousOperationId":"tkbmiexvyr9bxzw"}
{"type":"operationEnd","operationId":"tkbmiexvyr9bxzw","timestamp":1765032434555,"id":"zendblaflqdynb6","previousEventId":"5pkfe0qwdnksdiz","previousOperationId":"tkbmiexvyr9bxzw"}
{"type":"operationStart","subtype":"recipe","name":"html","timestamp":1765032434556,"id":"quyn5i09dl1n6dp","previousEventId":"zendblaflqdynb6","operationId":"deccvxkg2g4ufxh","previousOperationId":"tkbmiexvyr9bxzw"}
{"type":"log","timestamp":1765032434556,"level":"debug","message":"Executing recipe html","meta":{"rootId":"5o8ouc90wh7y20x","id":"ieg7v9dbyl12unl"},"id":"7n75alh4jv2ayrf","previousOperationId":"deccvxkg2g4ufxh"}
{"type":"operationEnd","operationId":"deccvxkg2g4ufxh","timestamp":1765032434556,"id":"4abe9gude3qpk26","previousEventId":"quyn5i09dl1n6dp","previousOperationId":"deccvxkg2g4ufxh"}
{"type":"log","timestamp":1765032434557,"level":"debug","message":"Skipping storing report.","meta":{"rootId":"5o8ouc90wh7y20x","id":"ieg7v9dbyl12unl"},"id":"8x1sfg7myvdfu13","previousOperationId":"deccvxkg2g4ufxh"}
{"type":"log","timestamp":1765032434557,"level":"info","message":"Rendering (child) request finished in 150 ms","meta":{"rootId":"5o8ouc90wh7y20x","id":"ieg7v9dbyl12unl"},"id":"l9d5yz43r6eoz2m","previousOperationId":"deccvxkg2g4ufxh"}
{"type":"operationEnd","subtype":"render","operationId":"r1rxr1g7lyjb8v2","timestamp":1765032434557,"id":"de2mptdhp84bmi6","previousEventId":"4abe9gude3qpk26","previousOperationId":"deccvxkg2g4ufxh"}
{"type":"log","timestamp":1765032436155,"level":"debug","message":"pptx successfully zipped","meta":{"rootId":"5o8ouc90wh7y20x","id":"5o8ouc90wh7y20x"},"id":"lk9e057gr0ialc3","previousOperationId":"e2ft207d5e9eg64"}
{"type":"log","timestamp":1765032436155,"level":"info","message":"pptx generation was finished","meta":{"rootId":"5o8ouc90wh7y20x","id":"5o8ouc90wh7y20x"},"id":"ovibwjn4oazpr2a","previousOperationId":"e2ft207d5e9eg64"}
{"type":"operationEnd","operationId":"e2ft207d5e9eg64","timestamp":1765032436157,"id":"y1h1rj5zjcfq1tg","previousEventId":"mgl7hgqr2wmt00a","previousOperationId":"e2ft207d5e9eg64"}
{"type":"log","timestamp":1765032436157,"level":"debug","message":"Skipping storing report.","meta":{"rootId":"5o8ouc90wh7y20x","id":"5o8ouc90wh7y20x"},"id":"zjm7nudb3ui3e40","previousOperationId":"e2ft207d5e9eg64"}
{"type":"log","timestamp":1765032436158,"level":"info","message":"Rendering request 8 finished in 1751 ms","meta":{"rootId":"5o8ouc90wh7y20x","id":"5o8ouc90wh7y20x"},"id":"sjrpuckye4bt9g2","previousOperationId":"e2ft207d5e9eg64"}
{"type":"operationEnd","subtype":"render","operationId":"15nqm76m658nxjm","timestamp":1765032436158,"id":"mceqbxde10uo3up","previousEventId":"y1h1rj5zjcfq1tg","previousOperationId":"e2ft207d5e9eg64"}
{"type":"operationEnd","doDiffs":false,"previousEventId":"b70eg9od112zdlr","previousOperationId":"j8hnavt11b76uld","operationId":"j8hnavt11b76uld","timestamp":1765032436163,"id":"y989dqjk8ww0l87"}
