{"type":"operationStart","subtype":"profile","data":{"_id":"PGnsTIo4Txs4wodA","timestamp":"2025-12-05T18:17:31.704Z","state":"running","mode":"standard","creationDate":"2025-12-05T18:17:31.707Z","modificationDate":"2025-12-05T18:17:31.707Z","shortid":"u9TrcqS","$entitySet":"profiles","timeout":60000},"doDiffs":false,"timestamp":1764958651706,"id":"6ovr7873w0t385w","previousOperationId":null,"operationId":"467zhi1m6t4g3xq"}
{"type":"log","level":"info","message":"Render request 14 queued for execution and waiting for available worker","previousOperationId":"467zhi1m6t4g3xq","timestamp":1764958651706,"id":"26hiccj6bv4qth6"}
{"type":"operationStart","subtype":"render","name":"anonymous","previousOperationId":"467zhi1m6t4g3xq","timestamp":1764958651718,"id":"ly6ta96hq8898fs","previousEventId":"6ovr7873w0t385w","operationId":"shjob2nh2kz5ljh"}
{"type":"log","timestamp":1764958651718,"level":"info","message":"Starting rendering request 14","meta":{"rootId":"60xlzx60vqwwpgm","id":"60xlzx60vqwwpgm"},"id":"y1y2plgp2x3yq0s","previousOperationId":"shjob2nh2kz5ljh"}
{"type":"log","timestamp":1764958651718,"level":"info","message":"Rendering anonymous template { recipe: pptx, engine: handlebars }","meta":{"rootId":"60xlzx60vqwwpgm","id":"60xlzx60vqwwpgm"},"id":"traw3aiq8e24mow","previousOperationId":"shjob2nh2kz5ljh"}
{"type":"log","timestamp":1764958651718,"level":"debug","message":"Inline data specified.","meta":{"rootId":"60xlzx60vqwwpgm","id":"60xlzx60vqwwpgm"},"id":"w1sbg7zmu7qk1rc","previousOperationId":"shjob2nh2kz5ljh"}
{"type":"log","timestamp":1764958651720,"level":"debug","message":"Base url not specified, skipping its injection.","meta":{"rootId":"60xlzx60vqwwpgm","id":"60xlzx60vqwwpgm"},"id":"sqqs6uy7k3zvozt","previousOperationId":"shjob2nh2kz5ljh"}
{"type":"operationStart","subtype":"engine","name":"handlebars","timestamp":1764958651720,"id":"vmwy77wnyyne2j0","previousEventId":"ly6ta96hq8898fs","operationId":"42cnklcpft82y54","previousOperationId":"shjob2nh2kz5ljh"}
{"type":"log","timestamp":1764958651720,"level":"debug","message":"Rendering engine handlebars","meta":{"rootId":"60xlzx60vqwwpgm","id":"60xlzx60vqwwpgm"},"id":"g7yjtucxrwaxcc8","previousOperationId":"42cnklcpft82y54"}
{"type":"operationEnd","operationId":"42cnklcpft82y54","timestamp":1764958651748,"id":"lh52girqxnr4kdp","previousEventId":"vmwy77wnyyne2j0","previousOperationId":"42cnklcpft82y54"}
{"type":"operationStart","subtype":"recipe","name":"pptx","timestamp":1764958651748,"id":"lek1hre51ei8khh","previousEventId":"lh52girqxnr4kdp","operationId":"wcwzdirq6b6rusv","previousOperationId":"42cnklcpft82y54"}
{"type":"log","timestamp":1764958651748,"level":"debug","message":"Executing recipe pptx","meta":{"rootId":"60xlzx60vqwwpgm","id":"60xlzx60vqwwpgm"},"id":"uvrrgafocixs54m","previousOperationId":"wcwzdirq6b6rusv"}
{"type":"log","timestamp":1764958651748,"level":"info","message":"pptx generation is starting","meta":{"rootId":"60xlzx60vqwwpgm","id":"60xlzx60vqwwpgm"},"id":"qh0u9ijn9ll49i6","previousOperationId":"wcwzdirq6b6rusv"}
{"type":"log","timestamp":1764958651852,"level":"debug","message":"Starting child request to render pptx dynamic parts","meta":{"rootId":"60xlzx60vqwwpgm","id":"60xlzx60vqwwpgm"},"id":"cu3yq7wtzu3xcla","previousOperationId":"wcwzdirq6b6rusv"}
{"type":"operationStart","subtype":"render","name":"anonymous","previousOperationId":"wcwzdirq6b6rusv","timestamp":1764958651853,"id":"9yahu053497u31g","previousEventId":"lek1hre51ei8khh","operationId":"pfmts2fa7875j8y"}
{"type":"log","timestamp":1764958651853,"level":"info","message":"Starting rendering (child) request","meta":{"rootId":"60xlzx60vqwwpgm","id":"s1ylvzii2z4cm0v"},"id":"zz7axbxkoqw4pfz","previousOperationId":"pfmts2fa7875j8y"}
{"type":"log","timestamp":1764958651853,"level":"info","message":"Rendering anonymous template { recipe: html, engine: handlebars }","meta":{"rootId":"60xlzx60vqwwpgm","id":"s1ylvzii2z4cm0v"},"id":"srplc99lwk8xe2n","previousOperationId":"pfmts2fa7875j8y"}
{"type":"log","timestamp":1764958651853,"level":"debug","message":"Inline data specified.","meta":{"rootId":"60xlzx60vqwwpgm","id":"s1ylvzii2z4cm0v"},"id":"m9stqbd34cx68rp","previousOperationId":"pfmts2fa7875j8y"}
{"type":"log","timestamp":1764958651859,"level":"debug","message":"Base url not specified, skipping its injection.","meta":{"rootId":"60xlzx60vqwwpgm","id":"s1ylvzii2z4cm0v"},"id":"75i70os54tqp49d","previousOperationId":"pfmts2fa7875j8y"}
{"type":"operationStart","subtype":"engine","name":"handlebars","timestamp":1764958651860,"id":"pwiopydqgg5c3yd","previousEventId":"9yahu053497u31g","operationId":"e4wjmkikawi8c71","previousOperationId":"pfmts2fa7875j8y"}
{"type":"log","timestamp":1764958651860,"level":"debug","message":"Rendering engine handlebars","meta":{"rootId":"60xlzx60vqwwpgm","id":"s1ylvzii2z4cm0v"},"id":"qdcz1jodsnpx70o","previousOperationId":"e4wjmkikawi8c71"}
{"type":"operationEnd","operationId":"e4wjmkikawi8c71","timestamp":1764958651894,"id":"o7vz922s2cz2h7v","previousEventId":"pwiopydqgg5c3yd","previousOperationId":"e4wjmkikawi8c71"}
{"type":"operationStart","subtype":"recipe","name":"html","timestamp":1764958651896,"id":"xcux7j3e8whd0r2","previousEventId":"o7vz922s2cz2h7v","operationId":"v7vqr2470j974w6","previousOperationId":"e4wjmkikawi8c71"}
{"type":"log","timestamp":1764958651896,"level":"debug","message":"Executing recipe html","meta":{"rootId":"60xlzx60vqwwpgm","id":"s1ylvzii2z4cm0v"},"id":"3rlvdtgyb6rhcok","previousOperationId":"v7vqr2470j974w6"}
{"type":"operationEnd","operationId":"v7vqr2470j974w6","timestamp":1764958651896,"id":"ioen3p8bpuo9dxu","previousEventId":"xcux7j3e8whd0r2","previousOperationId":"v7vqr2470j974w6"}
{"type":"log","timestamp":1764958651897,"level":"debug","message":"Skipping storing report.","meta":{"rootId":"60xlzx60vqwwpgm","id":"s1ylvzii2z4cm0v"},"id":"up71e4xq0wgc75r","previousOperationId":"v7vqr2470j974w6"}
{"type":"log","timestamp":1764958651897,"level":"info","message":"Rendering (child) request finished in 193 ms","meta":{"rootId":"60xlzx60vqwwpgm","id":"s1ylvzii2z4cm0v"},"id":"qd2n78t8616jc4s","previousOperationId":"v7vqr2470j974w6"}
{"type":"operationEnd","subtype":"render","operationId":"pfmts2fa7875j8y","timestamp":1764958651897,"id":"69rbp761mf17tj2","previousEventId":"ioen3p8bpuo9dxu","previousOperationId":"v7vqr2470j974w6"}
{"type":"log","timestamp":1764958652005,"level":"debug","message":"pptx successfully zipped","meta":{"rootId":"60xlzx60vqwwpgm","id":"60xlzx60vqwwpgm"},"id":"stojjm9aizl4wem","previousOperationId":"wcwzdirq6b6rusv"}
{"type":"log","timestamp":1764958652005,"level":"info","message":"pptx generation was finished","meta":{"rootId":"60xlzx60vqwwpgm","id":"60xlzx60vqwwpgm"},"id":"1rntopywe3gx52o","previousOperationId":"wcwzdirq6b6rusv"}
{"type":"operationEnd","operationId":"wcwzdirq6b6rusv","timestamp":1764958652008,"id":"b12001om64gbvfp","previousEventId":"lek1hre51ei8khh","previousOperationId":"wcwzdirq6b6rusv"}
{"type":"log","timestamp":1764958652008,"level":"debug","message":"Skipping storing report.","meta":{"rootId":"60xlzx60vqwwpgm","id":"60xlzx60vqwwpgm"},"id":"nbg7pjrzabtz1bl","previousOperationId":"wcwzdirq6b6rusv"}
{"type":"log","timestamp":1764958652008,"level":"info","message":"Rendering request 14 finished in 304 ms","meta":{"rootId":"60xlzx60vqwwpgm","id":"60xlzx60vqwwpgm"},"id":"fnf5cndva7bepss","previousOperationId":"wcwzdirq6b6rusv"}
{"type":"operationEnd","subtype":"render","operationId":"shjob2nh2kz5ljh","timestamp":1764958652008,"id":"xui5wxooo9g3s2p","previousEventId":"b12001om64gbvfp","previousOperationId":"wcwzdirq6b6rusv"}
{"type":"operationEnd","doDiffs":false,"previousEventId":"6ovr7873w0t385w","previousOperationId":"467zhi1m6t4g3xq","operationId":"467zhi1m6t4g3xq","timestamp":1764958652014,"id":"opxwd0akmx6m50y"}
