{"type":"operationStart","subtype":"profile","data":{"_id":"jZV2pZy5N5XeP0Z9","timestamp":"2025-12-06T15:42:57.646Z","state":"running","mode":"standard","creationDate":"2025-12-06T15:42:57.650Z","modificationDate":"2025-12-06T15:42:57.650Z","shortid":"b65BpFr","$entitySet":"profiles","timeout":60000},"doDiffs":false,"timestamp":1765035777649,"id":"oxifv1mu2p3lphg","previousOperationId":null,"operationId":"kcn8b2ho6xq6kog"}
{"type":"log","level":"info","message":"Render request 28 queued for execution and waiting for available worker","previousOperationId":"kcn8b2ho6xq6kog","timestamp":1765035777649,"id":"388nsa93pebjkq7"}
{"type":"operationStart","subtype":"render","name":"anonymous","previousOperationId":"kcn8b2ho6xq6kog","timestamp":1765035777663,"id":"0ynmi0vi7loef0l","previousEventId":"oxifv1mu2p3lphg","operationId":"5v1w4vjfbpilp9k"}
{"type":"log","timestamp":1765035777664,"level":"info","message":"Starting rendering request 28","meta":{"rootId":"62xotcqn5448lnh","id":"62xotcqn5448lnh"},"id":"m44oky0ovsmu409","previousOperationId":"5v1w4vjfbpilp9k"}
{"type":"log","timestamp":1765035777664,"level":"info","message":"Rendering anonymous template { recipe: pptx, engine: handlebars }","meta":{"rootId":"62xotcqn5448lnh","id":"62xotcqn5448lnh"},"id":"ci6wws9p4g6npgt","previousOperationId":"5v1w4vjfbpilp9k"}
{"type":"log","timestamp":1765035777664,"level":"debug","message":"Inline data specified.","meta":{"rootId":"62xotcqn5448lnh","id":"62xotcqn5448lnh"},"id":"ntax5qgdkpnvkzp","previousOperationId":"5v1w4vjfbpilp9k"}
{"type":"log","timestamp":1765035777666,"level":"debug","message":"Base url not specified, skipping its injection.","meta":{"rootId":"62xotcqn5448lnh","id":"62xotcqn5448lnh"},"id":"v46igogzbzsnsi3","previousOperationId":"5v1w4vjfbpilp9k"}
{"type":"operationStart","subtype":"engine","name":"handlebars","timestamp":1765035777666,"id":"e7lmdb9ig73irpr","previousEventId":"0ynmi0vi7loef0l","operationId":"dpld3oscaf0bqpt","previousOperationId":"5v1w4vjfbpilp9k"}
{"type":"log","timestamp":1765035777666,"level":"debug","message":"Rendering engine handlebars","meta":{"rootId":"62xotcqn5448lnh","id":"62xotcqn5448lnh"},"id":"nmrjld54uorsufh","previousOperationId":"dpld3oscaf0bqpt"}
{"type":"operationEnd","operationId":"dpld3oscaf0bqpt","timestamp":1765035777678,"id":"zg6cqj8qfanmgbv","previousEventId":"e7lmdb9ig73irpr","previousOperationId":"dpld3oscaf0bqpt"}
{"type":"operationStart","subtype":"recipe","name":"pptx","timestamp":1765035777678,"id":"4utvdhxv57ll886","previousEventId":"zg6cqj8qfanmgbv","operationId":"2tff8c8bj10oqb4","previousOperationId":"dpld3oscaf0bqpt"}
{"type":"log","timestamp":1765035777678,"level":"debug","message":"Executing recipe pptx","meta":{"rootId":"62xotcqn5448lnh","id":"62xotcqn5448lnh"},"id":"5ovl99arh0iplne","previousOperationId":"2tff8c8bj10oqb4"}
{"type":"log","timestamp":1765035777678,"level":"info","message":"pptx generation is starting","meta":{"rootId":"62xotcqn5448lnh","id":"62xotcqn5448lnh"},"id":"cltc5p482rv79y6","previousOperationId":"2tff8c8bj10oqb4"}
{"type":"log","timestamp":1765035777775,"level":"debug","message":"Starting child request to render pptx dynamic parts","meta":{"rootId":"62xotcqn5448lnh","id":"62xotcqn5448lnh"},"id":"2d9xmz8xuhz8i1m","previousOperationId":"2tff8c8bj10oqb4"}
{"type":"operationStart","subtype":"render","name":"anonymous","previousOperationId":"2tff8c8bj10oqb4","timestamp":1765035777775,"id":"ec3i6pupu84itwx","previousEventId":"4utvdhxv57ll886","operationId":"icxb019gmjlh45p"}
{"type":"log","timestamp":1765035777775,"level":"info","message":"Starting rendering (child) request","meta":{"rootId":"62xotcqn5448lnh","id":"1gpqpvkd51hfqdy"},"id":"euj6t59jr65c58u","previousOperationId":"icxb019gmjlh45p"}
{"type":"log","timestamp":1765035777775,"level":"info","message":"Rendering anonymous template { recipe: html, engine: handlebars }","meta":{"rootId":"62xotcqn5448lnh","id":"1gpqpvkd51hfqdy"},"id":"ts9y6hly1w79efl","previousOperationId":"icxb019gmjlh45p"}
{"type":"log","timestamp":1765035777775,"level":"debug","message":"Inline data specified.","meta":{"rootId":"62xotcqn5448lnh","id":"1gpqpvkd51hfqdy"},"id":"glt22mparg33znk","previousOperationId":"icxb019gmjlh45p"}
{"type":"log","timestamp":1765035777780,"level":"debug","message":"Base url not specified, skipping its injection.","meta":{"rootId":"62xotcqn5448lnh","id":"1gpqpvkd51hfqdy"},"id":"ed9adxq2zg1pnqs","previousOperationId":"icxb019gmjlh45p"}
{"type":"operationStart","subtype":"engine","name":"handlebars","timestamp":1765035777781,"id":"u1n86t9ux2y5mgs","previousEventId":"ec3i6pupu84itwx","operationId":"idfyvqsx2m5es1z","previousOperationId":"icxb019gmjlh45p"}
{"type":"log","timestamp":1765035777781,"level":"debug","message":"Rendering engine handlebars","meta":{"rootId":"62xotcqn5448lnh","id":"1gpqpvkd51hfqdy"},"id":"papn8m6gepa038q","previousOperationId":"idfyvqsx2m5es1z"}
{"type":"operationEnd","operationId":"idfyvqsx2m5es1z","timestamp":1765035777810,"id":"9dznylzt6caqm6d","previousEventId":"u1n86t9ux2y5mgs","previousOperationId":"idfyvqsx2m5es1z"}
{"type":"operationStart","subtype":"recipe","name":"html","timestamp":1765035777812,"id":"i0tkbwwatv66evv","previousEventId":"9dznylzt6caqm6d","operationId":"nmqsi16nqt44is5","previousOperationId":"idfyvqsx2m5es1z"}
{"type":"log","timestamp":1765035777812,"level":"debug","message":"Executing recipe html","meta":{"rootId":"62xotcqn5448lnh","id":"1gpqpvkd51hfqdy"},"id":"5dfwj2w4g8wyq50","previousOperationId":"nmqsi16nqt44is5"}
{"type":"operationEnd","operationId":"nmqsi16nqt44is5","timestamp":1765035777812,"id":"vgs3rcee19hrrw0","previousEventId":"i0tkbwwatv66evv","previousOperationId":"nmqsi16nqt44is5"}
{"type":"log","timestamp":1765035777813,"level":"debug","message":"Skipping storing report.","meta":{"rootId":"62xotcqn5448lnh","id":"1gpqpvkd51hfqdy"},"id":"ub6zvkisk1ow3c8","previousOperationId":"nmqsi16nqt44is5"}
{"type":"log","timestamp":1765035777813,"level":"info","message":"Rendering (child) request finished in 167 ms","meta":{"rootId":"62xotcqn5448lnh","id":"1gpqpvkd51hfqdy"},"id":"3y6sxffori2hqv2","previousOperationId":"nmqsi16nqt44is5"}
{"type":"operationEnd","subtype":"render","operationId":"icxb019gmjlh45p","timestamp":1765035777813,"id":"qcpptqfi39bylkb","previousEventId":"vgs3rcee19hrrw0","previousOperationId":"nmqsi16nqt44is5"}
{"type":"log","timestamp":1765035779890,"level":"debug","message":"pptx successfully zipped","meta":{"rootId":"62xotcqn5448lnh","id":"62xotcqn5448lnh"},"id":"dsam50lxj5t9367","previousOperationId":"2tff8c8bj10oqb4"}
{"type":"log","timestamp":1765035779890,"level":"info","message":"pptx generation was finished","meta":{"rootId":"62xotcqn5448lnh","id":"62xotcqn5448lnh"},"id":"pt4wb387z5clmlf","previousOperationId":"2tff8c8bj10oqb4"}
{"type":"operationEnd","operationId":"2tff8c8bj10oqb4","timestamp":1765035779895,"id":"g9vx2q4qaor5izz","previousEventId":"4utvdhxv57ll886","previousOperationId":"2tff8c8bj10oqb4"}
{"type":"log","timestamp":1765035779895,"level":"debug","message":"Skipping storing report.","meta":{"rootId":"62xotcqn5448lnh","id":"62xotcqn5448lnh"},"id":"1pmdbgz85svgdtd","previousOperationId":"2tff8c8bj10oqb4"}
{"type":"log","timestamp":1765035779895,"level":"info","message":"Rendering request 28 finished in 2249 ms","meta":{"rootId":"62xotcqn5448lnh","id":"62xotcqn5448lnh"},"id":"tcncqdi04ld19u5","previousOperationId":"2tff8c8bj10oqb4"}
{"type":"operationEnd","subtype":"render","operationId":"5v1w4vjfbpilp9k","timestamp":1765035779895,"id":"l9nshsvaybtz0w5","previousEventId":"g9vx2q4qaor5izz","previousOperationId":"2tff8c8bj10oqb4"}
{"type":"operationEnd","doDiffs":false,"previousEventId":"oxifv1mu2p3lphg","previousOperationId":"kcn8b2ho6xq6kog","operationId":"kcn8b2ho6xq6kog","timestamp":1765035779898,"id":"nngmi0fcyshsu4o"}
