{"type":"operationStart","subtype":"profile","data":{"_id":"9iF3BPKh5IVGoPzD","timestamp":"2025-12-05T10:03:09.032Z","state":"running","mode":"standard","creationDate":"2025-12-05T10:03:09.037Z","modificationDate":"2025-12-05T10:03:09.037Z","shortid":"ffgmSkX","$entitySet":"profiles","timeout":60000},"doDiffs":false,"timestamp":1764928989035,"id":"r5tzzlq6edixpa7","previousOperationId":null,"operationId":"z9c7ab0zajs8dis"}
{"type":"log","level":"info","message":"Render request 2 queued for execution and waiting for available worker","previousOperationId":"z9c7ab0zajs8dis","timestamp":1764928989035,"id":"2vu30ggyp44dh6z"}
{"type":"operationStart","subtype":"render","name":"anonymous","previousOperationId":"z9c7ab0zajs8dis","timestamp":1764928989051,"id":"hw2e83df6gloojp","previousEventId":"r5tzzlq6edixpa7","operationId":"b0mutcs4ywr385q"}
{"type":"log","timestamp":1764928989052,"level":"info","message":"Starting rendering request 2","meta":{"rootId":"68wrjytko1r3twe","id":"68wrjytko1r3twe"},"id":"rk5wg1sgmtuf5ls","previousOperationId":"b0mutcs4ywr385q"}
{"type":"log","timestamp":1764928989054,"level":"info","message":"Rendering anonymous template { recipe: pptx, engine: handlebars }","meta":{"rootId":"68wrjytko1r3twe","id":"68wrjytko1r3twe"},"id":"icnp7buqrbsy6sf","previousOperationId":"b0mutcs4ywr385q"}
{"type":"log","timestamp":1764928989055,"level":"debug","message":"Inline data specified.","meta":{"rootId":"68wrjytko1r3twe","id":"68wrjytko1r3twe"},"id":"o5rdmyn9tb230qc","previousOperationId":"b0mutcs4ywr385q"}
{"type":"log","timestamp":1764928989062,"level":"debug","message":"Base url not specified, skipping its injection.","meta":{"rootId":"68wrjytko1r3twe","id":"68wrjytko1r3twe"},"id":"trn3pdfsa1j0iqq","previousOperationId":"b0mutcs4ywr385q"}
{"type":"operationStart","subtype":"engine","name":"handlebars","timestamp":1764928989065,"id":"kt38in6m8sytv4z","previousEventId":"hw2e83df6gloojp","operationId":"zom4sdt5joyxybz","previousOperationId":"b0mutcs4ywr385q"}
{"type":"log","timestamp":1764928989066,"level":"debug","message":"Rendering engine handlebars","meta":{"rootId":"68wrjytko1r3twe","id":"68wrjytko1r3twe"},"id":"b1a62w9t63q7fog","previousOperationId":"zom4sdt5joyxybz"}
{"type":"operationEnd","operationId":"zom4sdt5joyxybz","timestamp":1764928990330,"id":"qyrif9eb1tpergr","previousEventId":"kt38in6m8sytv4z","previousOperationId":"zom4sdt5joyxybz"}
{"type":"operationStart","subtype":"recipe","name":"pptx","timestamp":1764928990332,"id":"qjdfmjsn8gmsunu","previousEventId":"qyrif9eb1tpergr","operationId":"u6j1ccskom6ozg4","previousOperationId":"zom4sdt5joyxybz"}
{"type":"log","timestamp":1764928990332,"level":"debug","message":"Executing recipe pptx","meta":{"rootId":"68wrjytko1r3twe","id":"68wrjytko1r3twe"},"id":"4iveqdut4v5ju33","previousOperationId":"u6j1ccskom6ozg4"}
{"type":"log","timestamp":1764928990556,"level":"info","message":"pptx generation is starting","meta":{"rootId":"68wrjytko1r3twe","id":"68wrjytko1r3twe"},"id":"25ji7pwyoysbj47","previousOperationId":"u6j1ccskom6ozg4"}
{"type":"log","timestamp":1764928990728,"level":"debug","message":"Starting child request to render pptx dynamic parts","meta":{"rootId":"68wrjytko1r3twe","id":"68wrjytko1r3twe"},"id":"pnfa8pdyzinj475","previousOperationId":"u6j1ccskom6ozg4"}
{"type":"operationStart","subtype":"render","name":"anonymous","previousOperationId":"u6j1ccskom6ozg4","timestamp":1764928990729,"id":"zy5qibicv3ecepb","previousEventId":"qjdfmjsn8gmsunu","operationId":"4r58ewq00ozo49f"}
{"type":"log","timestamp":1764928990730,"level":"info","message":"Starting rendering (child) request","meta":{"rootId":"68wrjytko1r3twe","id":"g8nl2mmy7pntz81"},"id":"k63g7bwi6820lxx","previousOperationId":"4r58ewq00ozo49f"}
{"type":"log","timestamp":1764928990730,"level":"info","message":"Rendering anonymous template { recipe: html, engine: handlebars }","meta":{"rootId":"68wrjytko1r3twe","id":"g8nl2mmy7pntz81"},"id":"yigaszy4s8rbmbh","previousOperationId":"4r58ewq00ozo49f"}
{"type":"log","timestamp":1764928990730,"level":"debug","message":"Inline data specified.","meta":{"rootId":"68wrjytko1r3twe","id":"g8nl2mmy7pntz81"},"id":"k301ez41whxy6v8","previousOperationId":"4r58ewq00ozo49f"}
{"type":"log","timestamp":1764928990742,"level":"debug","message":"Base url not specified, skipping its injection.","meta":{"rootId":"68wrjytko1r3twe","id":"g8nl2mmy7pntz81"},"id":"kjdnm3bifr5o64z","previousOperationId":"4r58ewq00ozo49f"}
{"type":"operationStart","subtype":"engine","name":"handlebars","timestamp":1764928990743,"id":"1caizg1u6cpp06z","previousEventId":"zy5qibicv3ecepb","operationId":"a82elcde309hjt2","previousOperationId":"4r58ewq00ozo49f"}
{"type":"log","timestamp":1764928990743,"level":"debug","message":"Rendering engine handlebars","meta":{"rootId":"68wrjytko1r3twe","id":"g8nl2mmy7pntz81"},"id":"czicjs8nnrpjh8j","previousOperationId":"a82elcde309hjt2"}
{"type":"operationEnd","operationId":"a82elcde309hjt2","timestamp":1764928990786,"id":"jclu3rk3k2hlh8t","previousEventId":"1caizg1u6cpp06z","previousOperationId":"a82elcde309hjt2"}
{"type":"operationStart","subtype":"recipe","name":"html","timestamp":1764928990788,"id":"nurw6rc3aevhpz9","previousEventId":"jclu3rk3k2hlh8t","operationId":"qclwggye0c3jrmo","previousOperationId":"a82elcde309hjt2"}
{"type":"log","timestamp":1764928990788,"level":"debug","message":"Executing recipe html","meta":{"rootId":"68wrjytko1r3twe","id":"g8nl2mmy7pntz81"},"id":"c7l7c5gqvv7kuet","previousOperationId":"qclwggye0c3jrmo"}
{"type":"operationEnd","operationId":"qclwggye0c3jrmo","timestamp":1764928990788,"id":"q8m16w7jr3nzvos","previousEventId":"nurw6rc3aevhpz9","previousOperationId":"qclwggye0c3jrmo"}
{"type":"log","timestamp":1764928990789,"level":"debug","message":"Skipping storing report.","meta":{"rootId":"68wrjytko1r3twe","id":"g8nl2mmy7pntz81"},"id":"fr8ohcrkjfy69jw","previousOperationId":"qclwggye0c3jrmo"}
{"type":"log","timestamp":1764928990790,"level":"info","message":"Rendering (child) request finished in 1758 ms","meta":{"rootId":"68wrjytko1r3twe","id":"g8nl2mmy7pntz81"},"id":"8dfybun1378jipa","previousOperationId":"qclwggye0c3jrmo"}
{"type":"operationEnd","subtype":"render","operationId":"4r58ewq00ozo49f","timestamp":1764928990790,"id":"j8kxxq5l493h7od","previousEventId":"q8m16w7jr3nzvos","previousOperationId":"qclwggye0c3jrmo"}
{"type":"log","timestamp":1764928991540,"level":"debug","message":"pptx successfully zipped","meta":{"rootId":"68wrjytko1r3twe","id":"68wrjytko1r3twe"},"id":"i6qxpn0e3gluz1q","previousOperationId":"u6j1ccskom6ozg4"}
{"type":"log","timestamp":1764928991540,"level":"info","message":"pptx generation was finished","meta":{"rootId":"68wrjytko1r3twe","id":"68wrjytko1r3twe"},"id":"jk4kr0lh3rdo4z0","previousOperationId":"u6j1ccskom6ozg4"}
{"type":"operationEnd","operationId":"u6j1ccskom6ozg4","timestamp":1764928991550,"id":"h0arpztvc2epi16","previousEventId":"qjdfmjsn8gmsunu","previousOperationId":"u6j1ccskom6ozg4"}
{"type":"log","timestamp":1764928991550,"level":"debug","message":"Skipping storing report.","meta":{"rootId":"68wrjytko1r3twe","id":"68wrjytko1r3twe"},"id":"mez7guocf5eteii","previousOperationId":"u6j1ccskom6ozg4"}
{"type":"log","timestamp":1764928991550,"level":"info","message":"Rendering request 2 finished in 2518 ms","meta":{"rootId":"68wrjytko1r3twe","id":"68wrjytko1r3twe"},"id":"477untjnn7nagbz","previousOperationId":"u6j1ccskom6ozg4"}
{"type":"operationEnd","subtype":"render","operationId":"b0mutcs4ywr385q","timestamp":1764928991550,"id":"0t2am64n8ozv37p","previousEventId":"h0arpztvc2epi16","previousOperationId":"u6j1ccskom6ozg4"}
{"type":"operationEnd","doDiffs":false,"previousEventId":"r5tzzlq6edixpa7","previousOperationId":"z9c7ab0zajs8dis","operationId":"z9c7ab0zajs8dis","timestamp":1764928991557,"id":"jq6hk7pj2x4uca2"}
