{"type":"operationStart","subtype":"profile","data":{"_id":"pEoOGslLWmuwoNUv","timestamp":"2025-12-04T23:01:26.669Z","state":"running","mode":"standard","creationDate":"2025-12-04T23:01:26.679Z","modificationDate":"2025-12-04T23:01:26.679Z","shortid":"rdVwtO5","$entitySet":"profiles","timeout":60000},"doDiffs":false,"timestamp":1764889286675,"id":"p9ku8cydg4h3fwx","previousOperationId":null,"operationId":"v8qjke0ooleywm3"}
{"type":"log","level":"info","message":"Render request 1 queued for execution and waiting for available worker","previousOperationId":"v8qjke0ooleywm3","timestamp":1764889286676,"id":"2s4m39rfutsq1w2"}
{"type":"operationStart","subtype":"render","name":"anonymous","previousOperationId":"v8qjke0ooleywm3","timestamp":1764889286717,"id":"7tf5vmrp35ctgl4","previousEventId":"p9ku8cydg4h3fwx","operationId":"vv13wx2yl84khx1"}
{"type":"log","timestamp":1764889286719,"level":"info","message":"Starting rendering request 1","meta":{"rootId":"6vrnwkmdod8j3o8","id":"6vrnwkmdod8j3o8"},"id":"gm2m54eihley31x","previousOperationId":"vv13wx2yl84khx1"}
{"type":"log","timestamp":1764889286722,"level":"info","message":"Rendering anonymous template { recipe: pptx, engine: handlebars }","meta":{"rootId":"6vrnwkmdod8j3o8","id":"6vrnwkmdod8j3o8"},"id":"rf75i0g8bnt0179","previousOperationId":"vv13wx2yl84khx1"}
{"type":"log","timestamp":1764889286723,"level":"debug","message":"Inline data specified.","meta":{"rootId":"6vrnwkmdod8j3o8","id":"6vrnwkmdod8j3o8"},"id":"sxdnfcvfoau49c1","previousOperationId":"vv13wx2yl84khx1"}
{"type":"log","timestamp":1764889286726,"level":"debug","message":"Base url not specified, skipping its injection.","meta":{"rootId":"6vrnwkmdod8j3o8","id":"6vrnwkmdod8j3o8"},"id":"ypwux4ghtdr8tdk","previousOperationId":"vv13wx2yl84khx1"}
{"type":"operationStart","subtype":"engine","name":"handlebars","timestamp":1764889286729,"id":"tpv526w1ktxtptx","previousEventId":"7tf5vmrp35ctgl4","operationId":"mn8q4lznepqollt","previousOperationId":"vv13wx2yl84khx1"}
{"type":"log","timestamp":1764889286730,"level":"debug","message":"Rendering engine handlebars","meta":{"rootId":"6vrnwkmdod8j3o8","id":"6vrnwkmdod8j3o8"},"id":"igjxi70q4mwsdge","previousOperationId":"mn8q4lznepqollt"}
{"type":"operationEnd","operationId":"mn8q4lznepqollt","timestamp":1764889287574,"id":"olkd22punjozskc","previousEventId":"tpv526w1ktxtptx","previousOperationId":"mn8q4lznepqollt"}
{"type":"operationStart","subtype":"recipe","name":"pptx","timestamp":1764889287574,"id":"pe8jykorpzwmurd","previousEventId":"olkd22punjozskc","operationId":"xgrhlh8o30o1onb","previousOperationId":"mn8q4lznepqollt"}
{"type":"log","timestamp":1764889287575,"level":"debug","message":"Executing recipe pptx","meta":{"rootId":"6vrnwkmdod8j3o8","id":"6vrnwkmdod8j3o8"},"id":"ozbjl5d3ys6isc9","previousOperationId":"xgrhlh8o30o1onb"}
{"type":"log","timestamp":1764889287741,"level":"info","message":"pptx generation is starting","meta":{"rootId":"6vrnwkmdod8j3o8","id":"6vrnwkmdod8j3o8"},"id":"2fmhzvyf5q3lb59","previousOperationId":"xgrhlh8o30o1onb"}
{"type":"log","timestamp":1764889287918,"level":"debug","message":"Starting child request to render pptx dynamic parts","meta":{"rootId":"6vrnwkmdod8j3o8","id":"6vrnwkmdod8j3o8"},"id":"demvzktglwnufp5","previousOperationId":"xgrhlh8o30o1onb"}
{"type":"operationStart","subtype":"render","name":"anonymous","previousOperationId":"xgrhlh8o30o1onb","timestamp":1764889287919,"id":"i1cy0lc2sibkb28","previousEventId":"pe8jykorpzwmurd","operationId":"vulca7wf5ddngdr"}
{"type":"log","timestamp":1764889287919,"level":"info","message":"Starting rendering (child) request","meta":{"rootId":"6vrnwkmdod8j3o8","id":"maqk9b736fq1eq8"},"id":"pyd8f2uyzlgp527","previousOperationId":"vulca7wf5ddngdr"}
{"type":"log","timestamp":1764889287919,"level":"info","message":"Rendering anonymous template { recipe: html, engine: handlebars }","meta":{"rootId":"6vrnwkmdod8j3o8","id":"maqk9b736fq1eq8"},"id":"8ay0v8nkbj9ggef","previousOperationId":"vulca7wf5ddngdr"}
{"type":"log","timestamp":1764889287919,"level":"debug","message":"Inline data specified.","meta":{"rootId":"6vrnwkmdod8j3o8","id":"maqk9b736fq1eq8"},"id":"kf7jtcdz40vjpea","previousOperationId":"vulca7wf5ddngdr"}
{"type":"log","timestamp":1764889287923,"level":"debug","message":"Base url not specified, skipping its injection.","meta":{"rootId":"6vrnwkmdod8j3o8","id":"maqk9b736fq1eq8"},"id":"8lhqmm3x0y4zsie","previousOperationId":"vulca7wf5ddngdr"}
{"type":"operationStart","subtype":"engine","name":"handlebars","timestamp":1764889287923,"id":"hew3dg2ldfwqrqi","previousEventId":"i1cy0lc2sibkb28","operationId":"9evb8zhdp3km5as","previousOperationId":"vulca7wf5ddngdr"}
{"type":"log","timestamp":1764889287923,"level":"debug","message":"Rendering engine handlebars","meta":{"rootId":"6vrnwkmdod8j3o8","id":"maqk9b736fq1eq8"},"id":"xrhelhu6ad6ds0p","previousOperationId":"9evb8zhdp3km5as"}
{"type":"operationEnd","operationId":"9evb8zhdp3km5as","timestamp":1764889287959,"id":"kmeiq9kof0cc5pt","previousEventId":"hew3dg2ldfwqrqi","previousOperationId":"9evb8zhdp3km5as"}
{"type":"operationStart","subtype":"recipe","name":"html","timestamp":1764889287961,"id":"t96cvbc7uewhpay","previousEventId":"kmeiq9kof0cc5pt","operationId":"0iti06u6tguwuax","previousOperationId":"9evb8zhdp3km5as"}
{"type":"log","timestamp":1764889287961,"level":"debug","message":"Executing recipe html","meta":{"rootId":"6vrnwkmdod8j3o8","id":"maqk9b736fq1eq8"},"id":"772ee3e0cipwt50","previousOperationId":"0iti06u6tguwuax"}
{"type":"operationEnd","operationId":"0iti06u6tguwuax","timestamp":1764889287961,"id":"ffkze4jy2w6m70m","previousEventId":"t96cvbc7uewhpay","previousOperationId":"0iti06u6tguwuax"}
{"type":"log","timestamp":1764889287962,"level":"debug","message":"Skipping storing report.","meta":{"rootId":"6vrnwkmdod8j3o8","id":"maqk9b736fq1eq8"},"id":"ksils9vlfkmkhn1","previousOperationId":"0iti06u6tguwuax"}
{"type":"log","timestamp":1764889287962,"level":"info","message":"Rendering (child) request finished in 1296 ms","meta":{"rootId":"6vrnwkmdod8j3o8","id":"maqk9b736fq1eq8"},"id":"z75cjqd4rxmsv7w","previousOperationId":"0iti06u6tguwuax"}
{"type":"operationEnd","subtype":"render","operationId":"vulca7wf5ddngdr","timestamp":1764889287962,"id":"1snvqy8kyo33fru","previousEventId":"ffkze4jy2w6m70m","previousOperationId":"0iti06u6tguwuax"}
{"type":"log","timestamp":1764889288518,"level":"debug","message":"pptx successfully zipped","meta":{"rootId":"6vrnwkmdod8j3o8","id":"6vrnwkmdod8j3o8"},"id":"35wox9hbw4x9f0a","previousOperationId":"xgrhlh8o30o1onb"}
{"type":"log","timestamp":1764889288518,"level":"info","message":"pptx generation was finished","meta":{"rootId":"6vrnwkmdod8j3o8","id":"6vrnwkmdod8j3o8"},"id":"aq2k7z22p6kxykb","previousOperationId":"xgrhlh8o30o1onb"}
{"type":"operationEnd","operationId":"xgrhlh8o30o1onb","timestamp":1764889288526,"id":"z67hst62fxoibkp","previousEventId":"pe8jykorpzwmurd","previousOperationId":"xgrhlh8o30o1onb"}
{"type":"log","timestamp":1764889288526,"level":"debug","message":"Skipping storing report.","meta":{"rootId":"6vrnwkmdod8j3o8","id":"6vrnwkmdod8j3o8"},"id":"lf5upiogbmvisji","previousOperationId":"xgrhlh8o30o1onb"}
{"type":"log","timestamp":1764889288527,"level":"info","message":"Rendering request 1 finished in 1861 ms","meta":{"rootId":"6vrnwkmdod8j3o8","id":"6vrnwkmdod8j3o8"},"id":"vdtji3vhtfxea9y","previousOperationId":"xgrhlh8o30o1onb"}
{"type":"operationEnd","subtype":"render","operationId":"vv13wx2yl84khx1","timestamp":1764889288527,"id":"goqkmqu1qpqzini","previousEventId":"z67hst62fxoibkp","previousOperationId":"xgrhlh8o30o1onb"}
{"type":"operationEnd","doDiffs":false,"previousEventId":"p9ku8cydg4h3fwx","previousOperationId":"v8qjke0ooleywm3","operationId":"v8qjke0ooleywm3","timestamp":1764889288531,"id":"ex6tr4l4utx757p"}
