{"type":"operationStart","subtype":"profile","data":{"_id":"1iqZHDJmforHBtdH","timestamp":"2025-12-06T17:23:04.538Z","state":"running","mode":"standard","creationDate":"2025-12-06T17:23:04.540Z","modificationDate":"2025-12-06T17:23:04.540Z","shortid":"XMM7Z-m","$entitySet":"profiles","timeout":60000},"doDiffs":false,"timestamp":1765041784540,"id":"xotoa0r25vexogu","previousOperationId":null,"operationId":"te6hhfxyj5s5s5w"}
{"type":"log","level":"info","message":"Render request 37 queued for execution and waiting for available worker","previousOperationId":"te6hhfxyj5s5s5w","timestamp":1765041784540,"id":"sk1xo7rabbk6spd"}
{"type":"operationStart","subtype":"render","name":"anonymous","previousOperationId":"te6hhfxyj5s5s5w","timestamp":1765041784548,"id":"x1dm0mk8n8yuopb","previousEventId":"xotoa0r25vexogu","operationId":"1i0cj1b6szoj5vh"}
{"type":"log","timestamp":1765041784548,"level":"info","message":"Starting rendering request 37","meta":{"rootId":"75pyw3pfiejgze8","id":"75pyw3pfiejgze8"},"id":"vptligvtmmy4hc1","previousOperationId":"1i0cj1b6szoj5vh"}
{"type":"log","timestamp":1765041784549,"level":"info","message":"Rendering anonymous template { recipe: pptx, engine: handlebars }","meta":{"rootId":"75pyw3pfiejgze8","id":"75pyw3pfiejgze8"},"id":"hd5enr69qogt81r","previousOperationId":"1i0cj1b6szoj5vh"}
{"type":"log","timestamp":1765041784549,"level":"debug","message":"Inline data specified.","meta":{"rootId":"75pyw3pfiejgze8","id":"75pyw3pfiejgze8"},"id":"iwhpczn5r1ygr2y","previousOperationId":"1i0cj1b6szoj5vh"}
{"type":"log","timestamp":1765041784551,"level":"debug","message":"Base url not specified, skipping its injection.","meta":{"rootId":"75pyw3pfiejgze8","id":"75pyw3pfiejgze8"},"id":"6mx82amx4v8bo2d","previousOperationId":"1i0cj1b6szoj5vh"}
{"type":"operationStart","subtype":"engine","name":"handlebars","timestamp":1765041784551,"id":"mk437jki26nefcl","previousEventId":"x1dm0mk8n8yuopb","operationId":"sq35zh1quve2n9c","previousOperationId":"1i0cj1b6szoj5vh"}
{"type":"log","timestamp":1765041784551,"level":"debug","message":"Rendering engine handlebars","meta":{"rootId":"75pyw3pfiejgze8","id":"75pyw3pfiejgze8"},"id":"6lg7fnlufehsczb","previousOperationId":"sq35zh1quve2n9c"}
{"type":"operationEnd","operationId":"sq35zh1quve2n9c","timestamp":1765041784561,"id":"hjnmu686vxam5bd","previousEventId":"mk437jki26nefcl","previousOperationId":"sq35zh1quve2n9c"}
{"type":"operationStart","subtype":"recipe","name":"pptx","timestamp":1765041784561,"id":"a1xpeeelnx3h5ue","previousEventId":"hjnmu686vxam5bd","operationId":"v6h1thjec2v5r8p","previousOperationId":"sq35zh1quve2n9c"}
{"type":"log","timestamp":1765041784561,"level":"debug","message":"Executing recipe pptx","meta":{"rootId":"75pyw3pfiejgze8","id":"75pyw3pfiejgze8"},"id":"z7guablp7a3ww3k","previousOperationId":"v6h1thjec2v5r8p"}
{"type":"log","timestamp":1765041784561,"level":"info","message":"pptx generation is starting","meta":{"rootId":"75pyw3pfiejgze8","id":"75pyw3pfiejgze8"},"id":"gylxkuc91kukpkp","previousOperationId":"v6h1thjec2v5r8p"}
{"type":"log","timestamp":1765041784621,"level":"debug","message":"Starting child request to render pptx dynamic parts","meta":{"rootId":"75pyw3pfiejgze8","id":"75pyw3pfiejgze8"},"id":"atyqccy8olqdfor","previousOperationId":"v6h1thjec2v5r8p"}
{"type":"operationStart","subtype":"render","name":"anonymous","previousOperationId":"v6h1thjec2v5r8p","timestamp":1765041784622,"id":"3v2my6kc4rihfy6","previousEventId":"a1xpeeelnx3h5ue","operationId":"nfvune8p8dtornh"}
{"type":"log","timestamp":1765041784622,"level":"info","message":"Starting rendering (child) request","meta":{"rootId":"75pyw3pfiejgze8","id":"b3xionqkucl1lgc"},"id":"0uuceuatzsfe3bb","previousOperationId":"nfvune8p8dtornh"}
{"type":"log","timestamp":1765041784622,"level":"info","message":"Rendering anonymous template { recipe: html, engine: handlebars }","meta":{"rootId":"75pyw3pfiejgze8","id":"b3xionqkucl1lgc"},"id":"n1lchkibxt783av","previousOperationId":"nfvune8p8dtornh"}
{"type":"log","timestamp":1765041784622,"level":"debug","message":"Inline data specified.","meta":{"rootId":"75pyw3pfiejgze8","id":"b3xionqkucl1lgc"},"id":"6lc2qn5cvc4zwct","previousOperationId":"nfvune8p8dtornh"}
{"type":"log","timestamp":1765041784627,"level":"debug","message":"Base url not specified, skipping its injection.","meta":{"rootId":"75pyw3pfiejgze8","id":"b3xionqkucl1lgc"},"id":"3k0a7t8b450j586","previousOperationId":"nfvune8p8dtornh"}
{"type":"operationStart","subtype":"engine","name":"handlebars","timestamp":1765041784628,"id":"62e7gzr6rhxh03n","previousEventId":"3v2my6kc4rihfy6","operationId":"d9vjxmld0py7ilh","previousOperationId":"nfvune8p8dtornh"}
{"type":"log","timestamp":1765041784628,"level":"debug","message":"Rendering engine handlebars","meta":{"rootId":"75pyw3pfiejgze8","id":"b3xionqkucl1lgc"},"id":"vi631nixv52uuht","previousOperationId":"d9vjxmld0py7ilh"}
{"type":"operationEnd","operationId":"d9vjxmld0py7ilh","timestamp":1765041784641,"id":"adn0d7844ms45fm","previousEventId":"62e7gzr6rhxh03n","previousOperationId":"d9vjxmld0py7ilh"}
{"type":"operationStart","subtype":"recipe","name":"html","timestamp":1765041784642,"id":"jeljtu97bpfzspy","previousEventId":"adn0d7844ms45fm","operationId":"06j9mzvuw7yc2cc","previousOperationId":"d9vjxmld0py7ilh"}
{"type":"log","timestamp":1765041784642,"level":"debug","message":"Executing recipe html","meta":{"rootId":"75pyw3pfiejgze8","id":"b3xionqkucl1lgc"},"id":"dvya6rrmc9fnkvp","previousOperationId":"06j9mzvuw7yc2cc"}
{"type":"operationEnd","operationId":"06j9mzvuw7yc2cc","timestamp":1765041784642,"id":"xq48m37pkpu0jhi","previousEventId":"jeljtu97bpfzspy","previousOperationId":"06j9mzvuw7yc2cc"}
{"type":"log","timestamp":1765041784642,"level":"debug","message":"Skipping storing report.","meta":{"rootId":"75pyw3pfiejgze8","id":"b3xionqkucl1lgc"},"id":"e0el63dcdo6d02y","previousOperationId":"06j9mzvuw7yc2cc"}
{"type":"log","timestamp":1765041784642,"level":"info","message":"Rendering (child) request finished in 104 ms","meta":{"rootId":"75pyw3pfiejgze8","id":"b3xionqkucl1lgc"},"id":"y48avih3cn9119s","previousOperationId":"06j9mzvuw7yc2cc"}
{"type":"operationEnd","subtype":"render","operationId":"nfvune8p8dtornh","timestamp":1765041784642,"id":"69hwsl48vuiqhax","previousEventId":"xq48m37pkpu0jhi","previousOperationId":"06j9mzvuw7yc2cc"}
{"type":"log","timestamp":1765041784710,"level":"debug","message":"pptx successfully zipped","meta":{"rootId":"75pyw3pfiejgze8","id":"75pyw3pfiejgze8"},"id":"oyvjh09uab47y9a","previousOperationId":"v6h1thjec2v5r8p"}
{"type":"log","timestamp":1765041784710,"level":"info","message":"pptx generation was finished","meta":{"rootId":"75pyw3pfiejgze8","id":"75pyw3pfiejgze8"},"id":"w7cvqhzlupo2zwd","previousOperationId":"v6h1thjec2v5r8p"}
{"type":"operationEnd","operationId":"v6h1thjec2v5r8p","timestamp":1765041784713,"id":"a931ww92119cicr","previousEventId":"a1xpeeelnx3h5ue","previousOperationId":"v6h1thjec2v5r8p"}
{"type":"log","timestamp":1765041784713,"level":"debug","message":"Skipping storing report.","meta":{"rootId":"75pyw3pfiejgze8","id":"75pyw3pfiejgze8"},"id":"y1xbw26q7bucrmo","previousOperationId":"v6h1thjec2v5r8p"}
{"type":"log","timestamp":1765041784713,"level":"info","message":"Rendering request 37 finished in 175 ms","meta":{"rootId":"75pyw3pfiejgze8","id":"75pyw3pfiejgze8"},"id":"flmidgekwvl8h9v","previousOperationId":"v6h1thjec2v5r8p"}
{"type":"operationEnd","subtype":"render","operationId":"1i0cj1b6szoj5vh","timestamp":1765041784713,"id":"o202mv95rvhyqj9","previousEventId":"a931ww92119cicr","previousOperationId":"v6h1thjec2v5r8p"}
{"type":"operationEnd","doDiffs":false,"previousEventId":"xotoa0r25vexogu","previousOperationId":"te6hhfxyj5s5s5w","operationId":"te6hhfxyj5s5s5w","timestamp":1765041784718,"id":"kau23np8yig8370"}
