{"type":"operationStart","subtype":"profile","data":{"_id":"Vaelk3cFCIflWi5P","timestamp":"2025-12-07T11:51:42.556Z","state":"running","mode":"standard","creationDate":"2025-12-07T11:51:42.566Z","modificationDate":"2025-12-07T11:51:42.566Z","shortid":"cbnR_-F","$entitySet":"profiles","timeout":60000},"doDiffs":false,"timestamp":1765108302563,"id":"9dfcw3jvn9mc74m","previousOperationId":null,"operationId":"7jjczg6xga2vw5c"}
{"type":"log","level":"info","message":"Render request 15 queued for execution and waiting for available worker","previousOperationId":"7jjczg6xga2vw5c","timestamp":1765108302563,"id":"6taiu4zf9npz287"}
{"type":"operationStart","subtype":"render","name":"anonymous","previousOperationId":"7jjczg6xga2vw5c","timestamp":1765108302662,"id":"y7h6ybj4ow9hm7l","previousEventId":"9dfcw3jvn9mc74m","operationId":"yrwyzb87087llok"}
{"type":"log","timestamp":1765108302663,"level":"info","message":"Starting rendering request 15","meta":{"rootId":"7dfg6fn9kizi0cx","id":"7dfg6fn9kizi0cx"},"id":"ghbjxp4w77wohuz","previousOperationId":"yrwyzb87087llok"}
{"type":"log","timestamp":1765108302664,"level":"info","message":"Rendering anonymous template { recipe: pptx, engine: handlebars }","meta":{"rootId":"7dfg6fn9kizi0cx","id":"7dfg6fn9kizi0cx"},"id":"d4pjl0j4qsz4itc","previousOperationId":"yrwyzb87087llok"}
{"type":"log","timestamp":1765108302664,"level":"debug","message":"Inline data specified.","meta":{"rootId":"7dfg6fn9kizi0cx","id":"7dfg6fn9kizi0cx"},"id":"jhh8jkhn43puhk9","previousOperationId":"yrwyzb87087llok"}
{"type":"log","timestamp":1765108302667,"level":"debug","message":"Base url not specified, skipping its injection.","meta":{"rootId":"7dfg6fn9kizi0cx","id":"7dfg6fn9kizi0cx"},"id":"p4dhuj70hgt0647","previousOperationId":"yrwyzb87087llok"}
{"type":"operationStart","subtype":"engine","name":"handlebars","timestamp":1765108302668,"id":"g6ued313rigf7hi","previousEventId":"y7h6ybj4ow9hm7l","operationId":"jzhlrhh3nqpdz1s","previousOperationId":"yrwyzb87087llok"}
{"type":"log","timestamp":1765108302668,"level":"debug","message":"Rendering engine handlebars","meta":{"rootId":"7dfg6fn9kizi0cx","id":"7dfg6fn9kizi0cx"},"id":"n6ivm6d4c10n1n5","previousOperationId":"jzhlrhh3nqpdz1s"}
{"type":"operationEnd","operationId":"jzhlrhh3nqpdz1s","timestamp":1765108302686,"id":"aa6uwhz95nybjh1","previousEventId":"g6ued313rigf7hi","previousOperationId":"jzhlrhh3nqpdz1s"}
{"type":"operationStart","subtype":"recipe","name":"pptx","timestamp":1765108302687,"id":"8c2qno3ptqmkgik","previousEventId":"aa6uwhz95nybjh1","operationId":"ur8tlwzss87vdsn","previousOperationId":"jzhlrhh3nqpdz1s"}
{"type":"log","timestamp":1765108302687,"level":"debug","message":"Executing recipe pptx","meta":{"rootId":"7dfg6fn9kizi0cx","id":"7dfg6fn9kizi0cx"},"id":"1287fn23apss4z4","previousOperationId":"ur8tlwzss87vdsn"}
{"type":"log","timestamp":1765108302716,"level":"info","message":"pptx generation is starting","meta":{"rootId":"7dfg6fn9kizi0cx","id":"7dfg6fn9kizi0cx"},"id":"iy7cejlc38pghax","previousOperationId":"ur8tlwzss87vdsn"}
{"type":"log","timestamp":1765108304303,"level":"debug","message":"Starting child request to render pptx dynamic parts","meta":{"rootId":"7dfg6fn9kizi0cx","id":"7dfg6fn9kizi0cx"},"id":"n9hgp2evbdh0yi6","previousOperationId":"ur8tlwzss87vdsn"}
{"type":"operationStart","subtype":"render","name":"anonymous","previousOperationId":"ur8tlwzss87vdsn","timestamp":1765108304304,"id":"jy3loe2npw45eti","previousEventId":"8c2qno3ptqmkgik","operationId":"0jcri2zckeebcfx"}
{"type":"log","timestamp":1765108304304,"level":"info","message":"Starting rendering (child) request","meta":{"rootId":"7dfg6fn9kizi0cx","id":"776z20johm4zy8o"},"id":"su9k72a1mauxwaq","previousOperationId":"0jcri2zckeebcfx"}
{"type":"log","timestamp":1765108304304,"level":"info","message":"Rendering anonymous template { recipe: html, engine: handlebars }","meta":{"rootId":"7dfg6fn9kizi0cx","id":"776z20johm4zy8o"},"id":"o46k7lz9ovxbzjm","previousOperationId":"0jcri2zckeebcfx"}
{"type":"log","timestamp":1765108304304,"level":"debug","message":"Inline data specified.","meta":{"rootId":"7dfg6fn9kizi0cx","id":"776z20johm4zy8o"},"id":"v4icm5jzteer20i","previousOperationId":"0jcri2zckeebcfx"}
{"type":"log","timestamp":1765108304309,"level":"debug","message":"Base url not specified, skipping its injection.","meta":{"rootId":"7dfg6fn9kizi0cx","id":"776z20johm4zy8o"},"id":"dvy1bl5238okash","previousOperationId":"0jcri2zckeebcfx"}
{"type":"operationStart","subtype":"engine","name":"handlebars","timestamp":1765108304311,"id":"hjngh9exazmmm7h","previousEventId":"jy3loe2npw45eti","operationId":"jprlgdpg471x3nr","previousOperationId":"0jcri2zckeebcfx"}
{"type":"log","timestamp":1765108304311,"level":"debug","message":"Rendering engine handlebars","meta":{"rootId":"7dfg6fn9kizi0cx","id":"776z20johm4zy8o"},"id":"m4eukcygpt1am3l","previousOperationId":"jprlgdpg471x3nr"}
{"type":"operationEnd","operationId":"jprlgdpg471x3nr","timestamp":1765108304418,"id":"imbz2stykkd2b0i","previousEventId":"hjngh9exazmmm7h","previousOperationId":"jprlgdpg471x3nr"}
{"type":"operationStart","subtype":"recipe","name":"html","timestamp":1765108304434,"id":"73a2s8bed0ipah5","previousEventId":"imbz2stykkd2b0i","operationId":"92o4qmzf1apm5um","previousOperationId":"jprlgdpg471x3nr"}
{"type":"log","timestamp":1765108304434,"level":"debug","message":"Executing recipe html","meta":{"rootId":"7dfg6fn9kizi0cx","id":"776z20johm4zy8o"},"id":"bkwkcnmlj66vv7t","previousOperationId":"92o4qmzf1apm5um"}
{"type":"operationEnd","operationId":"92o4qmzf1apm5um","timestamp":1765108304434,"id":"t5ipzzc5bmhws1c","previousEventId":"73a2s8bed0ipah5","previousOperationId":"92o4qmzf1apm5um"}
{"type":"log","timestamp":1765108304434,"level":"debug","message":"Skipping storing report.","meta":{"rootId":"7dfg6fn9kizi0cx","id":"776z20johm4zy8o"},"id":"a3t5fvyymphnab4","previousOperationId":"92o4qmzf1apm5um"}
{"type":"log","timestamp":1765108304434,"level":"info","message":"Rendering (child) request finished in 1878 ms","meta":{"rootId":"7dfg6fn9kizi0cx","id":"776z20johm4zy8o"},"id":"voqkbck5qx83uwh","previousOperationId":"92o4qmzf1apm5um"}
{"type":"operationEnd","subtype":"render","operationId":"0jcri2zckeebcfx","timestamp":1765108304434,"id":"p51s56e027uksx9","previousEventId":"t5ipzzc5bmhws1c","previousOperationId":"92o4qmzf1apm5um"}
{"type":"log","timestamp":1765108308226,"level":"debug","message":"pptx successfully zipped","meta":{"rootId":"7dfg6fn9kizi0cx","id":"7dfg6fn9kizi0cx"},"id":"iktexxh8sdkmyif","previousOperationId":"ur8tlwzss87vdsn"}
{"type":"log","timestamp":1765108308226,"level":"info","message":"pptx generation was finished","meta":{"rootId":"7dfg6fn9kizi0cx","id":"7dfg6fn9kizi0cx"},"id":"7a7tm0gcjdg9h3b","previousOperationId":"ur8tlwzss87vdsn"}
{"type":"operationEnd","operationId":"ur8tlwzss87vdsn","timestamp":1765108308235,"id":"79j5tjn72c1cr5i","previousEventId":"8c2qno3ptqmkgik","previousOperationId":"ur8tlwzss87vdsn"}
{"type":"log","timestamp":1765108308236,"level":"debug","message":"Skipping storing report.","meta":{"rootId":"7dfg6fn9kizi0cx","id":"7dfg6fn9kizi0cx"},"id":"4vb0786djpcsvfk","previousOperationId":"ur8tlwzss87vdsn"}
{"type":"log","timestamp":1765108308236,"level":"info","message":"Rendering request 15 finished in 5680 ms","meta":{"rootId":"7dfg6fn9kizi0cx","id":"7dfg6fn9kizi0cx"},"id":"z5a9fi3qopyyzl1","previousOperationId":"ur8tlwzss87vdsn"}
{"type":"operationEnd","subtype":"render","operationId":"yrwyzb87087llok","timestamp":1765108308236,"id":"mlo4hd1qkjkqune","previousEventId":"79j5tjn72c1cr5i","previousOperationId":"ur8tlwzss87vdsn"}
{"type":"operationEnd","doDiffs":false,"previousEventId":"9dfcw3jvn9mc74m","previousOperationId":"7jjczg6xga2vw5c","operationId":"7jjczg6xga2vw5c","timestamp":1765108308244,"id":"ip4hf2mtyi2s727"}
