{"type":"operationStart","subtype":"profile","data":{"_id":"39TjIulE1t5yQ4eA","timestamp":"2025-12-05T17:43:56.773Z","state":"running","mode":"standard","creationDate":"2025-12-05T17:43:56.776Z","modificationDate":"2025-12-05T17:43:56.776Z","shortid":"iwomj6M","$entitySet":"profiles","timeout":60000},"doDiffs":false,"timestamp":1764956636775,"id":"ugvtvwj423smabt","previousOperationId":null,"operationId":"9axa2pp5xnqpm8q"}
{"type":"log","level":"info","message":"Render request 16 queued for execution and waiting for available worker","previousOperationId":"9axa2pp5xnqpm8q","timestamp":1764956636775,"id":"dtqt54hl7gpcpam"}
{"type":"operationStart","subtype":"render","name":"anonymous","previousOperationId":"9axa2pp5xnqpm8q","timestamp":1764956636788,"id":"3stov2k6ep45oga","previousEventId":"ugvtvwj423smabt","operationId":"8d4v7h1lyzige57"}
{"type":"log","timestamp":1764956636788,"level":"info","message":"Starting rendering request 16","meta":{"rootId":"7t1v2zduh4e26td","id":"7t1v2zduh4e26td"},"id":"e0cl6alh5gvpuci","previousOperationId":"8d4v7h1lyzige57"}
{"type":"log","timestamp":1764956636788,"level":"info","message":"Rendering anonymous template { recipe: pptx, engine: handlebars }","meta":{"rootId":"7t1v2zduh4e26td","id":"7t1v2zduh4e26td"},"id":"x9prhjiyvteyyfu","previousOperationId":"8d4v7h1lyzige57"}
{"type":"log","timestamp":1764956636788,"level":"debug","message":"Inline data specified.","meta":{"rootId":"7t1v2zduh4e26td","id":"7t1v2zduh4e26td"},"id":"necpcrbup1vxe67","previousOperationId":"8d4v7h1lyzige57"}
{"type":"log","timestamp":1764956636791,"level":"debug","message":"Base url not specified, skipping its injection.","meta":{"rootId":"7t1v2zduh4e26td","id":"7t1v2zduh4e26td"},"id":"vvp7eelwsczfux1","previousOperationId":"8d4v7h1lyzige57"}
{"type":"operationStart","subtype":"engine","name":"handlebars","timestamp":1764956636791,"id":"cdjsebgxu5z3z35","previousEventId":"3stov2k6ep45oga","operationId":"spm5efvgw6h7qo9","previousOperationId":"8d4v7h1lyzige57"}
{"type":"log","timestamp":1764956636791,"level":"debug","message":"Rendering engine handlebars","meta":{"rootId":"7t1v2zduh4e26td","id":"7t1v2zduh4e26td"},"id":"mzg2poxlhvekmnk","previousOperationId":"spm5efvgw6h7qo9"}
{"type":"operationEnd","operationId":"spm5efvgw6h7qo9","timestamp":1764956636800,"id":"4r3yx7hudq3uaki","previousEventId":"cdjsebgxu5z3z35","previousOperationId":"spm5efvgw6h7qo9"}
{"type":"operationStart","subtype":"recipe","name":"pptx","timestamp":1764956636800,"id":"6sbupm9zv1pon4s","previousEventId":"4r3yx7hudq3uaki","operationId":"c5wi11eru9bcrk1","previousOperationId":"spm5efvgw6h7qo9"}
{"type":"log","timestamp":1764956636801,"level":"debug","message":"Executing recipe pptx","meta":{"rootId":"7t1v2zduh4e26td","id":"7t1v2zduh4e26td"},"id":"yb7tp7p4tvqecdl","previousOperationId":"c5wi11eru9bcrk1"}
{"type":"log","timestamp":1764956636801,"level":"info","message":"pptx generation is starting","meta":{"rootId":"7t1v2zduh4e26td","id":"7t1v2zduh4e26td"},"id":"7xxo0qb02dvt293","previousOperationId":"c5wi11eru9bcrk1"}
{"type":"log","timestamp":1764956636877,"level":"debug","message":"Starting child request to render pptx dynamic parts","meta":{"rootId":"7t1v2zduh4e26td","id":"7t1v2zduh4e26td"},"id":"xlak5iz91u6hlkp","previousOperationId":"c5wi11eru9bcrk1"}
{"type":"operationStart","subtype":"render","name":"anonymous","previousOperationId":"c5wi11eru9bcrk1","timestamp":1764956636878,"id":"1x53mwkvkvek43g","previousEventId":"6sbupm9zv1pon4s","operationId":"ejgikbkmllog4ai"}
{"type":"log","timestamp":1764956636878,"level":"info","message":"Starting rendering (child) request","meta":{"rootId":"7t1v2zduh4e26td","id":"c4kzzzzuhgdnqtp"},"id":"eny5nmcb9w38oek","previousOperationId":"ejgikbkmllog4ai"}
{"type":"log","timestamp":1764956636878,"level":"info","message":"Rendering anonymous template { recipe: html, engine: handlebars }","meta":{"rootId":"7t1v2zduh4e26td","id":"c4kzzzzuhgdnqtp"},"id":"iujyb9max1fu2j0","previousOperationId":"ejgikbkmllog4ai"}
{"type":"log","timestamp":1764956636878,"level":"debug","message":"Inline data specified.","meta":{"rootId":"7t1v2zduh4e26td","id":"c4kzzzzuhgdnqtp"},"id":"l1ewlovkrgthf2a","previousOperationId":"ejgikbkmllog4ai"}
{"type":"log","timestamp":1764956636886,"level":"debug","message":"Base url not specified, skipping its injection.","meta":{"rootId":"7t1v2zduh4e26td","id":"c4kzzzzuhgdnqtp"},"id":"jasjhjn0ep7xbsd","previousOperationId":"ejgikbkmllog4ai"}
{"type":"operationStart","subtype":"engine","name":"handlebars","timestamp":1764956636886,"id":"j9mnnymtnri6nbd","previousEventId":"1x53mwkvkvek43g","operationId":"d4dcxemjhvnkysc","previousOperationId":"ejgikbkmllog4ai"}
{"type":"log","timestamp":1764956636886,"level":"debug","message":"Rendering engine handlebars","meta":{"rootId":"7t1v2zduh4e26td","id":"c4kzzzzuhgdnqtp"},"id":"ma4pd4ps579ixjc","previousOperationId":"d4dcxemjhvnkysc"}
{"type":"operationEnd","operationId":"d4dcxemjhvnkysc","timestamp":1764956636894,"id":"8ikx0mowlunc3jc","previousEventId":"j9mnnymtnri6nbd","previousOperationId":"d4dcxemjhvnkysc"}
{"type":"operationStart","subtype":"recipe","name":"html","timestamp":1764956636895,"id":"1v1nsljogpqo72w","previousEventId":"8ikx0mowlunc3jc","operationId":"j11w4l7jy01gxm9","previousOperationId":"d4dcxemjhvnkysc"}
{"type":"log","timestamp":1764956636895,"level":"debug","message":"Executing recipe html","meta":{"rootId":"7t1v2zduh4e26td","id":"c4kzzzzuhgdnqtp"},"id":"sjhxe8zggq0b7mb","previousOperationId":"j11w4l7jy01gxm9"}
{"type":"operationEnd","operationId":"j11w4l7jy01gxm9","timestamp":1764956636895,"id":"5qe1hnt7v3z1ain","previousEventId":"1v1nsljogpqo72w","previousOperationId":"j11w4l7jy01gxm9"}
{"type":"log","timestamp":1764956636895,"level":"debug","message":"Skipping storing report.","meta":{"rootId":"7t1v2zduh4e26td","id":"c4kzzzzuhgdnqtp"},"id":"rwvya9okscht7qn","previousOperationId":"j11w4l7jy01gxm9"}
{"type":"log","timestamp":1764956636895,"level":"info","message":"Rendering (child) request finished in 123 ms","meta":{"rootId":"7t1v2zduh4e26td","id":"c4kzzzzuhgdnqtp"},"id":"atkbkwm1hwb8fsv","previousOperationId":"j11w4l7jy01gxm9"}
{"type":"operationEnd","subtype":"render","operationId":"ejgikbkmllog4ai","timestamp":1764956636895,"id":"gkwir3mmgu63s9x","previousEventId":"5qe1hnt7v3z1ain","previousOperationId":"j11w4l7jy01gxm9"}
{"type":"log","timestamp":1764956636963,"level":"debug","message":"pptx successfully zipped","meta":{"rootId":"7t1v2zduh4e26td","id":"7t1v2zduh4e26td"},"id":"3zjihuvhox8o84p","previousOperationId":"c5wi11eru9bcrk1"}
{"type":"log","timestamp":1764956636964,"level":"info","message":"pptx generation was finished","meta":{"rootId":"7t1v2zduh4e26td","id":"7t1v2zduh4e26td"},"id":"kvsfw2aou0j0v0q","previousOperationId":"c5wi11eru9bcrk1"}
{"type":"operationEnd","operationId":"c5wi11eru9bcrk1","timestamp":1764956636967,"id":"n7noxb7492winew","previousEventId":"6sbupm9zv1pon4s","previousOperationId":"c5wi11eru9bcrk1"}
{"type":"log","timestamp":1764956636967,"level":"debug","message":"Skipping storing report.","meta":{"rootId":"7t1v2zduh4e26td","id":"7t1v2zduh4e26td"},"id":"ng6kyqdkob9u1zy","previousOperationId":"c5wi11eru9bcrk1"}
{"type":"log","timestamp":1764956636967,"level":"info","message":"Rendering request 16 finished in 195 ms","meta":{"rootId":"7t1v2zduh4e26td","id":"7t1v2zduh4e26td"},"id":"zg2m84uv1bfd71r","previousOperationId":"c5wi11eru9bcrk1"}
{"type":"operationEnd","subtype":"render","operationId":"8d4v7h1lyzige57","timestamp":1764956636967,"id":"n0vyz916ftzu21u","previousEventId":"n7noxb7492winew","previousOperationId":"c5wi11eru9bcrk1"}
{"type":"operationEnd","doDiffs":false,"previousEventId":"ugvtvwj423smabt","previousOperationId":"9axa2pp5xnqpm8q","operationId":"9axa2pp5xnqpm8q","timestamp":1764956636973,"id":"pdxhd274xy38obg"}
