{"type":"operationStart","subtype":"profile","data":{"_id":"ahNDZq6XK4WfmuS5","timestamp":"2025-12-05T18:39:29.334Z","state":"running","mode":"standard","creationDate":"2025-12-05T18:39:29.341Z","modificationDate":"2025-12-05T18:39:29.341Z","shortid":"-ScRDqW","$entitySet":"profiles","timeout":60000},"doDiffs":false,"timestamp":1764959969338,"id":"meosjc4qa9i6ifb","previousOperationId":null,"operationId":"0riy0ebihvmjobk"}
{"type":"log","level":"info","message":"Render request 2 queued for execution and waiting for available worker","previousOperationId":"0riy0ebihvmjobk","timestamp":1764959969338,"id":"kt1p8hxk6kkj3kj"}
{"type":"operationStart","subtype":"render","name":"anonymous","previousOperationId":"0riy0ebihvmjobk","timestamp":1764959969364,"id":"6soow4dds961gid","previousEventId":"meosjc4qa9i6ifb","operationId":"ncl2kzr1q5ik2c2"}
{"type":"log","timestamp":1764959969366,"level":"info","message":"Starting rendering request 2","meta":{"rootId":"7tpenrap22aspvp","id":"7tpenrap22aspvp"},"id":"eaus236vwh35uos","previousOperationId":"ncl2kzr1q5ik2c2"}
{"type":"log","timestamp":1764959969368,"level":"info","message":"Rendering anonymous template { recipe: pptx, engine: handlebars }","meta":{"rootId":"7tpenrap22aspvp","id":"7tpenrap22aspvp"},"id":"gnjs316d5wu1jd7","previousOperationId":"ncl2kzr1q5ik2c2"}
{"type":"log","timestamp":1764959969369,"level":"debug","message":"Inline data specified.","meta":{"rootId":"7tpenrap22aspvp","id":"7tpenrap22aspvp"},"id":"z7pqj7g4dlc5m68","previousOperationId":"ncl2kzr1q5ik2c2"}
{"type":"log","timestamp":1764959969376,"level":"debug","message":"Base url not specified, skipping its injection.","meta":{"rootId":"7tpenrap22aspvp","id":"7tpenrap22aspvp"},"id":"z9ed5p2e8bb4jdl","previousOperationId":"ncl2kzr1q5ik2c2"}
{"type":"operationStart","subtype":"engine","name":"handlebars","timestamp":1764959969378,"id":"qyh6znlqdnwjfsq","previousEventId":"6soow4dds961gid","operationId":"y0tv65mtrdeat8u","previousOperationId":"ncl2kzr1q5ik2c2"}
{"type":"log","timestamp":1764959969379,"level":"debug","message":"Rendering engine handlebars","meta":{"rootId":"7tpenrap22aspvp","id":"7tpenrap22aspvp"},"id":"y1wjto32t295agt","previousOperationId":"y0tv65mtrdeat8u"}
{"type":"operationEnd","operationId":"y0tv65mtrdeat8u","timestamp":1764959970305,"id":"cbkl855i17lqc2x","previousEventId":"qyh6znlqdnwjfsq","previousOperationId":"y0tv65mtrdeat8u"}
{"type":"operationStart","subtype":"recipe","name":"pptx","timestamp":1764959970306,"id":"b420272lacsqbm0","previousEventId":"cbkl855i17lqc2x","operationId":"thbqjdi8n9do2hr","previousOperationId":"y0tv65mtrdeat8u"}
{"type":"log","timestamp":1764959970306,"level":"debug","message":"Executing recipe pptx","meta":{"rootId":"7tpenrap22aspvp","id":"7tpenrap22aspvp"},"id":"x9mwejv0u9etd6f","previousOperationId":"thbqjdi8n9do2hr"}
{"type":"log","timestamp":1764959970450,"level":"info","message":"pptx generation is starting","meta":{"rootId":"7tpenrap22aspvp","id":"7tpenrap22aspvp"},"id":"i9e6szp0eiqaggs","previousOperationId":"thbqjdi8n9do2hr"}
{"type":"log","timestamp":1764959970585,"level":"debug","message":"Starting child request to render pptx dynamic parts","meta":{"rootId":"7tpenrap22aspvp","id":"7tpenrap22aspvp"},"id":"u67rfxjujwxea42","previousOperationId":"thbqjdi8n9do2hr"}
{"type":"operationStart","subtype":"render","name":"anonymous","previousOperationId":"thbqjdi8n9do2hr","timestamp":1764959970586,"id":"h58gr8a0un42ftp","previousEventId":"b420272lacsqbm0","operationId":"ijxcq6f3cde8qcg"}
{"type":"log","timestamp":1764959970586,"level":"info","message":"Starting rendering (child) request","meta":{"rootId":"7tpenrap22aspvp","id":"cgnfe66atdx6uxp"},"id":"mf7tm253e36l51m","previousOperationId":"ijxcq6f3cde8qcg"}
{"type":"log","timestamp":1764959970586,"level":"info","message":"Rendering anonymous template { recipe: html, engine: handlebars }","meta":{"rootId":"7tpenrap22aspvp","id":"cgnfe66atdx6uxp"},"id":"301iowuwvuzqvbo","previousOperationId":"ijxcq6f3cde8qcg"}
{"type":"log","timestamp":1764959970586,"level":"debug","message":"Inline data specified.","meta":{"rootId":"7tpenrap22aspvp","id":"cgnfe66atdx6uxp"},"id":"8dlktrj5fi508k5","previousOperationId":"ijxcq6f3cde8qcg"}
{"type":"log","timestamp":1764959970592,"level":"debug","message":"Base url not specified, skipping its injection.","meta":{"rootId":"7tpenrap22aspvp","id":"cgnfe66atdx6uxp"},"id":"6uqfaybg67oy1t4","previousOperationId":"ijxcq6f3cde8qcg"}
{"type":"operationStart","subtype":"engine","name":"handlebars","timestamp":1764959970593,"id":"xhq1qi1nzqgi3c7","previousEventId":"h58gr8a0un42ftp","operationId":"1aqr7o1ilzp795i","previousOperationId":"ijxcq6f3cde8qcg"}
{"type":"log","timestamp":1764959970593,"level":"debug","message":"Rendering engine handlebars","meta":{"rootId":"7tpenrap22aspvp","id":"cgnfe66atdx6uxp"},"id":"qbuf81i3w1inhdr","previousOperationId":"1aqr7o1ilzp795i"}
{"type":"operationEnd","operationId":"1aqr7o1ilzp795i","timestamp":1764959970622,"id":"iio3x663qb5kc29","previousEventId":"xhq1qi1nzqgi3c7","previousOperationId":"1aqr7o1ilzp795i"}
{"type":"operationStart","subtype":"recipe","name":"html","timestamp":1764959970623,"id":"2h2fx349zi40cfv","previousEventId":"iio3x663qb5kc29","operationId":"frryakdslvihrbp","previousOperationId":"1aqr7o1ilzp795i"}
{"type":"log","timestamp":1764959970623,"level":"debug","message":"Executing recipe html","meta":{"rootId":"7tpenrap22aspvp","id":"cgnfe66atdx6uxp"},"id":"l8vv10alnz3f980","previousOperationId":"frryakdslvihrbp"}
{"type":"operationEnd","operationId":"frryakdslvihrbp","timestamp":1764959970624,"id":"qg82238kkyfcsyp","previousEventId":"2h2fx349zi40cfv","previousOperationId":"frryakdslvihrbp"}
{"type":"log","timestamp":1764959970624,"level":"debug","message":"Skipping storing report.","meta":{"rootId":"7tpenrap22aspvp","id":"cgnfe66atdx6uxp"},"id":"xqx2quk70ev06w4","previousOperationId":"frryakdslvihrbp"}
{"type":"log","timestamp":1764959970624,"level":"info","message":"Rendering (child) request finished in 1291 ms","meta":{"rootId":"7tpenrap22aspvp","id":"cgnfe66atdx6uxp"},"id":"m8t8kpomy71nqv3","previousOperationId":"frryakdslvihrbp"}
{"type":"operationEnd","subtype":"render","operationId":"ijxcq6f3cde8qcg","timestamp":1764959970624,"id":"8cexirfip076tri","previousEventId":"qg82238kkyfcsyp","previousOperationId":"frryakdslvihrbp"}
{"type":"log","timestamp":1764959971088,"level":"debug","message":"pptx successfully zipped","meta":{"rootId":"7tpenrap22aspvp","id":"7tpenrap22aspvp"},"id":"611beam8k62p3jx","previousOperationId":"thbqjdi8n9do2hr"}
{"type":"log","timestamp":1764959971088,"level":"info","message":"pptx generation was finished","meta":{"rootId":"7tpenrap22aspvp","id":"7tpenrap22aspvp"},"id":"s9gaa0pp8tpvz0s","previousOperationId":"thbqjdi8n9do2hr"}
{"type":"operationEnd","operationId":"thbqjdi8n9do2hr","timestamp":1764959971094,"id":"gzkq2rzeexbiuxv","previousEventId":"b420272lacsqbm0","previousOperationId":"thbqjdi8n9do2hr"}
{"type":"log","timestamp":1764959971094,"level":"debug","message":"Skipping storing report.","meta":{"rootId":"7tpenrap22aspvp","id":"7tpenrap22aspvp"},"id":"c20zqqkrc6wj1nq","previousOperationId":"thbqjdi8n9do2hr"}
{"type":"log","timestamp":1764959971094,"level":"info","message":"Rendering request 2 finished in 1761 ms","meta":{"rootId":"7tpenrap22aspvp","id":"7tpenrap22aspvp"},"id":"stt2pegbejvh6ho","previousOperationId":"thbqjdi8n9do2hr"}
{"type":"operationEnd","subtype":"render","operationId":"ncl2kzr1q5ik2c2","timestamp":1764959971094,"id":"26s8hhqrppifvz6","previousEventId":"gzkq2rzeexbiuxv","previousOperationId":"thbqjdi8n9do2hr"}
{"type":"operationEnd","doDiffs":false,"previousEventId":"meosjc4qa9i6ifb","previousOperationId":"0riy0ebihvmjobk","operationId":"0riy0ebihvmjobk","timestamp":1764959971098,"id":"hvu3u0ue9dgino0"}
