{"type":"operationStart","subtype":"profile","data":{"_id":"gopMxD9gj7QUFfky","timestamp":"2025-12-05T12:35:15.564Z","state":"running","mode":"standard","creationDate":"2025-12-05T12:35:15.567Z","modificationDate":"2025-12-05T12:35:15.567Z","shortid":"b5zmN2E","$entitySet":"profiles","timeout":60000},"doDiffs":false,"timestamp":1764938115566,"id":"v87jzycpnyah7r9","previousOperationId":null,"operationId":"z445hiz77weej6d"}
{"type":"log","level":"info","message":"Render request 10 queued for execution and waiting for available worker","previousOperationId":"z445hiz77weej6d","timestamp":1764938115566,"id":"02meo0bnx2kz18r"}
{"type":"operationStart","subtype":"render","name":"anonymous","previousOperationId":"z445hiz77weej6d","timestamp":1764938115573,"id":"3fvkflr8ry3d64q","previousEventId":"v87jzycpnyah7r9","operationId":"0nejp9d24mmr3y2"}
{"type":"log","timestamp":1764938115573,"level":"info","message":"Starting rendering request 10","meta":{"rootId":"7w8opp11a64axt1","id":"7w8opp11a64axt1"},"id":"l8oge7rvxqdhrnj","previousOperationId":"0nejp9d24mmr3y2"}
{"type":"log","timestamp":1764938115573,"level":"info","message":"Rendering anonymous template { recipe: pptx, engine: handlebars }","meta":{"rootId":"7w8opp11a64axt1","id":"7w8opp11a64axt1"},"id":"wcnvut40iigq31z","previousOperationId":"0nejp9d24mmr3y2"}
{"type":"log","timestamp":1764938115573,"level":"debug","message":"Inline data specified.","meta":{"rootId":"7w8opp11a64axt1","id":"7w8opp11a64axt1"},"id":"9pc3ko993e146p1","previousOperationId":"0nejp9d24mmr3y2"}
{"type":"log","timestamp":1764938115575,"level":"debug","message":"Base url not specified, skipping its injection.","meta":{"rootId":"7w8opp11a64axt1","id":"7w8opp11a64axt1"},"id":"8b77qf6eq6xj0as","previousOperationId":"0nejp9d24mmr3y2"}
{"type":"operationStart","subtype":"engine","name":"handlebars","timestamp":1764938115576,"id":"o61glxft4qnj7oi","previousEventId":"3fvkflr8ry3d64q","operationId":"zp0bc2dxfsqkw3u","previousOperationId":"0nejp9d24mmr3y2"}
{"type":"log","timestamp":1764938115576,"level":"debug","message":"Rendering engine handlebars","meta":{"rootId":"7w8opp11a64axt1","id":"7w8opp11a64axt1"},"id":"cayuwmquzxjxsbl","previousOperationId":"zp0bc2dxfsqkw3u"}
{"type":"operationEnd","operationId":"zp0bc2dxfsqkw3u","timestamp":1764938115592,"id":"gu2jkaqnkyl5btk","previousEventId":"o61glxft4qnj7oi","previousOperationId":"zp0bc2dxfsqkw3u"}
{"type":"operationStart","subtype":"recipe","name":"pptx","timestamp":1764938115592,"id":"gsou3xiii5d315p","previousEventId":"gu2jkaqnkyl5btk","operationId":"sb457ssal6hol8a","previousOperationId":"zp0bc2dxfsqkw3u"}
{"type":"log","timestamp":1764938115592,"level":"debug","message":"Executing recipe pptx","meta":{"rootId":"7w8opp11a64axt1","id":"7w8opp11a64axt1"},"id":"l8vw4z5iqud6yba","previousOperationId":"sb457ssal6hol8a"}
{"type":"log","timestamp":1764938115592,"level":"info","message":"pptx generation is starting","meta":{"rootId":"7w8opp11a64axt1","id":"7w8opp11a64axt1"},"id":"as2w78kpekrv5c8","previousOperationId":"sb457ssal6hol8a"}
{"type":"log","timestamp":1764938115680,"level":"debug","message":"Starting child request to render pptx dynamic parts","meta":{"rootId":"7w8opp11a64axt1","id":"7w8opp11a64axt1"},"id":"awch9o0fu8k5ow1","previousOperationId":"sb457ssal6hol8a"}
{"type":"operationStart","subtype":"render","name":"anonymous","previousOperationId":"sb457ssal6hol8a","timestamp":1764938115681,"id":"r592bbf4uiws83a","previousEventId":"gsou3xiii5d315p","operationId":"z11d1nehtge9764"}
{"type":"log","timestamp":1764938115681,"level":"info","message":"Starting rendering (child) request","meta":{"rootId":"7w8opp11a64axt1","id":"7duviugjb9s2z2m"},"id":"vka2hqrdm5t9g7h","previousOperationId":"z11d1nehtge9764"}
{"type":"log","timestamp":1764938115681,"level":"info","message":"Rendering anonymous template { recipe: html, engine: handlebars }","meta":{"rootId":"7w8opp11a64axt1","id":"7duviugjb9s2z2m"},"id":"tmcm6a6h0ikd30h","previousOperationId":"z11d1nehtge9764"}
{"type":"log","timestamp":1764938115681,"level":"debug","message":"Inline data specified.","meta":{"rootId":"7w8opp11a64axt1","id":"7duviugjb9s2z2m"},"id":"tv1k3gibek1puk0","previousOperationId":"z11d1nehtge9764"}
{"type":"log","timestamp":1764938115695,"level":"debug","message":"Base url not specified, skipping its injection.","meta":{"rootId":"7w8opp11a64axt1","id":"7duviugjb9s2z2m"},"id":"yjexy4wvemlwlil","previousOperationId":"z11d1nehtge9764"}
{"type":"operationStart","subtype":"engine","name":"handlebars","timestamp":1764938115696,"id":"1yv8gnifg7r93cu","previousEventId":"r592bbf4uiws83a","operationId":"9n1h7pockux73p7","previousOperationId":"z11d1nehtge9764"}
{"type":"log","timestamp":1764938115696,"level":"debug","message":"Rendering engine handlebars","meta":{"rootId":"7w8opp11a64axt1","id":"7duviugjb9s2z2m"},"id":"ejsgwgbon6gf01d","previousOperationId":"9n1h7pockux73p7"}
{"type":"operationEnd","operationId":"9n1h7pockux73p7","timestamp":1764938115736,"id":"ha9rq9y5gbdx16l","previousEventId":"1yv8gnifg7r93cu","previousOperationId":"9n1h7pockux73p7"}
{"type":"operationStart","subtype":"recipe","name":"html","timestamp":1764938115739,"id":"bc1vu0yh4okaj89","previousEventId":"ha9rq9y5gbdx16l","operationId":"as7vt666dgobva7","previousOperationId":"9n1h7pockux73p7"}
{"type":"log","timestamp":1764938115739,"level":"debug","message":"Executing recipe html","meta":{"rootId":"7w8opp11a64axt1","id":"7duviugjb9s2z2m"},"id":"pnk578fhrdqwe8s","previousOperationId":"as7vt666dgobva7"}
{"type":"operationEnd","operationId":"as7vt666dgobva7","timestamp":1764938115739,"id":"46kkznqm7rt4268","previousEventId":"bc1vu0yh4okaj89","previousOperationId":"as7vt666dgobva7"}
{"type":"log","timestamp":1764938115740,"level":"debug","message":"Skipping storing report.","meta":{"rootId":"7w8opp11a64axt1","id":"7duviugjb9s2z2m"},"id":"cufxw4zs2x6gqdt","previousOperationId":"as7vt666dgobva7"}
{"type":"log","timestamp":1764938115740,"level":"info","message":"Rendering (child) request finished in 176 ms","meta":{"rootId":"7w8opp11a64axt1","id":"7duviugjb9s2z2m"},"id":"xdydsdaxfn8ap2o","previousOperationId":"as7vt666dgobva7"}
{"type":"operationEnd","subtype":"render","operationId":"z11d1nehtge9764","timestamp":1764938115740,"id":"sxj4ss7zap0v1k9","previousEventId":"46kkznqm7rt4268","previousOperationId":"as7vt666dgobva7"}
{"type":"log","timestamp":1764938115830,"level":"debug","message":"pptx successfully zipped","meta":{"rootId":"7w8opp11a64axt1","id":"7w8opp11a64axt1"},"id":"e1jliu8c4ybq8zv","previousOperationId":"sb457ssal6hol8a"}
{"type":"log","timestamp":1764938115830,"level":"info","message":"pptx generation was finished","meta":{"rootId":"7w8opp11a64axt1","id":"7w8opp11a64axt1"},"id":"q4a1zhe5jxfhnrr","previousOperationId":"sb457ssal6hol8a"}
{"type":"operationEnd","operationId":"sb457ssal6hol8a","timestamp":1764938115833,"id":"059w9qhdn7aybcy","previousEventId":"gsou3xiii5d315p","previousOperationId":"sb457ssal6hol8a"}
{"type":"log","timestamp":1764938115833,"level":"debug","message":"Skipping storing report.","meta":{"rootId":"7w8opp11a64axt1","id":"7w8opp11a64axt1"},"id":"8z92pl61br1mauq","previousOperationId":"sb457ssal6hol8a"}
{"type":"log","timestamp":1764938115833,"level":"info","message":"Rendering request 10 finished in 269 ms","meta":{"rootId":"7w8opp11a64axt1","id":"7w8opp11a64axt1"},"id":"t5nk5z51u7mvfgk","previousOperationId":"sb457ssal6hol8a"}
{"type":"operationEnd","subtype":"render","operationId":"0nejp9d24mmr3y2","timestamp":1764938115834,"id":"ayz1pm0rzxkc6hw","previousEventId":"059w9qhdn7aybcy","previousOperationId":"sb457ssal6hol8a"}
{"type":"operationEnd","doDiffs":false,"previousEventId":"v87jzycpnyah7r9","previousOperationId":"z445hiz77weej6d","operationId":"z445hiz77weej6d","timestamp":1764938115841,"id":"1ly1aqxztzmn99n"}
