{"type":"operationStart","subtype":"profile","data":{"_id":"ZpCNRKoP7D2byoR2","timestamp":"2025-12-06T15:30:04.666Z","state":"running","mode":"standard","creationDate":"2025-12-06T15:30:04.669Z","modificationDate":"2025-12-06T15:30:04.669Z","shortid":"sKRdtgs","$entitySet":"profiles","timeout":60000},"doDiffs":false,"timestamp":1765035004669,"id":"09vxp02562x4lz0","previousOperationId":null,"operationId":"mc7ety6j97849gj"}
{"type":"log","level":"info","message":"Render request 22 queued for execution and waiting for available worker","previousOperationId":"mc7ety6j97849gj","timestamp":1765035004669,"id":"95wraocto69tkdy"}
{"type":"operationStart","subtype":"render","name":"anonymous","previousOperationId":"mc7ety6j97849gj","timestamp":1765035004680,"id":"a3wi5x50sw684a1","previousEventId":"09vxp02562x4lz0","operationId":"2vy8oh162kaywin"}
{"type":"log","timestamp":1765035004680,"level":"info","message":"Starting rendering request 22","meta":{"rootId":"8cqb3i6d696g7zo","id":"8cqb3i6d696g7zo"},"id":"xnmsu1yy29bqq3e","previousOperationId":"2vy8oh162kaywin"}
{"type":"log","timestamp":1765035004681,"level":"info","message":"Rendering anonymous template { recipe: pptx, engine: handlebars }","meta":{"rootId":"8cqb3i6d696g7zo","id":"8cqb3i6d696g7zo"},"id":"iifxpocwt2gab21","previousOperationId":"2vy8oh162kaywin"}
{"type":"log","timestamp":1765035004681,"level":"debug","message":"Inline data specified.","meta":{"rootId":"8cqb3i6d696g7zo","id":"8cqb3i6d696g7zo"},"id":"x9lv9jndbub82ea","previousOperationId":"2vy8oh162kaywin"}
{"type":"log","timestamp":1765035004682,"level":"debug","message":"Base url not specified, skipping its injection.","meta":{"rootId":"8cqb3i6d696g7zo","id":"8cqb3i6d696g7zo"},"id":"06ewl9tf9nlnnat","previousOperationId":"2vy8oh162kaywin"}
{"type":"operationStart","subtype":"engine","name":"handlebars","timestamp":1765035004683,"id":"liv56iyl2zp58e4","previousEventId":"a3wi5x50sw684a1","operationId":"59qm0ssk9h1kl33","previousOperationId":"2vy8oh162kaywin"}
{"type":"log","timestamp":1765035004683,"level":"debug","message":"Rendering engine handlebars","meta":{"rootId":"8cqb3i6d696g7zo","id":"8cqb3i6d696g7zo"},"id":"6krd8yi34t99ql0","previousOperationId":"59qm0ssk9h1kl33"}
{"type":"operationEnd","operationId":"59qm0ssk9h1kl33","timestamp":1765035004696,"id":"2x6veyht5mndvl3","previousEventId":"liv56iyl2zp58e4","previousOperationId":"59qm0ssk9h1kl33"}
{"type":"operationStart","subtype":"recipe","name":"pptx","timestamp":1765035004697,"id":"fyaozhykhih8igd","previousEventId":"2x6veyht5mndvl3","operationId":"1uz675su7pmpny7","previousOperationId":"59qm0ssk9h1kl33"}
{"type":"log","timestamp":1765035004697,"level":"debug","message":"Executing recipe pptx","meta":{"rootId":"8cqb3i6d696g7zo","id":"8cqb3i6d696g7zo"},"id":"f3xxsen3lzl5bjj","previousOperationId":"1uz675su7pmpny7"}
{"type":"log","timestamp":1765035004697,"level":"info","message":"pptx generation is starting","meta":{"rootId":"8cqb3i6d696g7zo","id":"8cqb3i6d696g7zo"},"id":"fiu5nodfr4nfnim","previousOperationId":"1uz675su7pmpny7"}
{"type":"log","timestamp":1765035004794,"level":"debug","message":"Starting child request to render pptx dynamic parts","meta":{"rootId":"8cqb3i6d696g7zo","id":"8cqb3i6d696g7zo"},"id":"qm0cbpic5qqmd2r","previousOperationId":"1uz675su7pmpny7"}
{"type":"operationStart","subtype":"render","name":"anonymous","previousOperationId":"1uz675su7pmpny7","timestamp":1765035004794,"id":"99r55btfjn1ibm9","previousEventId":"fyaozhykhih8igd","operationId":"jnoety0z762sif5"}
{"type":"log","timestamp":1765035004794,"level":"info","message":"Starting rendering (child) request","meta":{"rootId":"8cqb3i6d696g7zo","id":"xz4aao7ulz846h5"},"id":"nti19iiqbb7u9q4","previousOperationId":"jnoety0z762sif5"}
{"type":"log","timestamp":1765035004794,"level":"info","message":"Rendering anonymous template { recipe: html, engine: handlebars }","meta":{"rootId":"8cqb3i6d696g7zo","id":"xz4aao7ulz846h5"},"id":"qptu8hzse1jfkno","previousOperationId":"jnoety0z762sif5"}
{"type":"log","timestamp":1765035004794,"level":"debug","message":"Inline data specified.","meta":{"rootId":"8cqb3i6d696g7zo","id":"xz4aao7ulz846h5"},"id":"m560l9memyb2rp0","previousOperationId":"jnoety0z762sif5"}
{"type":"log","timestamp":1765035004799,"level":"debug","message":"Base url not specified, skipping its injection.","meta":{"rootId":"8cqb3i6d696g7zo","id":"xz4aao7ulz846h5"},"id":"tma9u0rznvx8tlg","previousOperationId":"jnoety0z762sif5"}
{"type":"operationStart","subtype":"engine","name":"handlebars","timestamp":1765035004800,"id":"7fszqae1ognf992","previousEventId":"99r55btfjn1ibm9","operationId":"hjjeg409gxdz3u0","previousOperationId":"jnoety0z762sif5"}
{"type":"log","timestamp":1765035004800,"level":"debug","message":"Rendering engine handlebars","meta":{"rootId":"8cqb3i6d696g7zo","id":"xz4aao7ulz846h5"},"id":"4jezrmrcblg4sjc","previousOperationId":"hjjeg409gxdz3u0"}
{"type":"operationEnd","operationId":"hjjeg409gxdz3u0","timestamp":1765035004820,"id":"5wglucgphqdxl54","previousEventId":"7fszqae1ognf992","previousOperationId":"hjjeg409gxdz3u0"}
{"type":"operationStart","subtype":"recipe","name":"html","timestamp":1765035004822,"id":"r0ixx0plyycqimf","previousEventId":"5wglucgphqdxl54","operationId":"oi9jghzdzpwb65m","previousOperationId":"hjjeg409gxdz3u0"}
{"type":"log","timestamp":1765035004822,"level":"debug","message":"Executing recipe html","meta":{"rootId":"8cqb3i6d696g7zo","id":"xz4aao7ulz846h5"},"id":"3p7hd6iyx6cdcf5","previousOperationId":"oi9jghzdzpwb65m"}
{"type":"operationEnd","operationId":"oi9jghzdzpwb65m","timestamp":1765035004822,"id":"w8zvv1d2lonme9x","previousEventId":"r0ixx0plyycqimf","previousOperationId":"oi9jghzdzpwb65m"}
{"type":"log","timestamp":1765035004822,"level":"debug","message":"Skipping storing report.","meta":{"rootId":"8cqb3i6d696g7zo","id":"xz4aao7ulz846h5"},"id":"4gnmg7p66yd9jk4","previousOperationId":"oi9jghzdzpwb65m"}
{"type":"log","timestamp":1765035004822,"level":"info","message":"Rendering (child) request finished in 156 ms","meta":{"rootId":"8cqb3i6d696g7zo","id":"xz4aao7ulz846h5"},"id":"84q1sw9wtoa7pzh","previousOperationId":"oi9jghzdzpwb65m"}
{"type":"operationEnd","subtype":"render","operationId":"jnoety0z762sif5","timestamp":1765035004822,"id":"hw5v5d6l2b2nnxf","previousEventId":"w8zvv1d2lonme9x","previousOperationId":"oi9jghzdzpwb65m"}
{"type":"log","timestamp":1765035008369,"level":"debug","message":"pptx successfully zipped","meta":{"rootId":"8cqb3i6d696g7zo","id":"8cqb3i6d696g7zo"},"id":"vmax44h73aaiyep","previousOperationId":"1uz675su7pmpny7"}
{"type":"log","timestamp":1765035008370,"level":"info","message":"pptx generation was finished","meta":{"rootId":"8cqb3i6d696g7zo","id":"8cqb3i6d696g7zo"},"id":"00d1p7j67jy14bu","previousOperationId":"1uz675su7pmpny7"}
{"type":"operationEnd","operationId":"1uz675su7pmpny7","timestamp":1765035008372,"id":"5o5hdq05y995yvd","previousEventId":"fyaozhykhih8igd","previousOperationId":"1uz675su7pmpny7"}
{"type":"log","timestamp":1765035008373,"level":"debug","message":"Skipping storing report.","meta":{"rootId":"8cqb3i6d696g7zo","id":"8cqb3i6d696g7zo"},"id":"o79dty8bwmjhrtt","previousOperationId":"1uz675su7pmpny7"}
{"type":"log","timestamp":1765035008373,"level":"info","message":"Rendering request 22 finished in 3707 ms","meta":{"rootId":"8cqb3i6d696g7zo","id":"8cqb3i6d696g7zo"},"id":"z975t1ig6dfysh9","previousOperationId":"1uz675su7pmpny7"}
{"type":"operationEnd","subtype":"render","operationId":"2vy8oh162kaywin","timestamp":1765035008373,"id":"hse0r9zh6c7u7wk","previousEventId":"5o5hdq05y995yvd","previousOperationId":"1uz675su7pmpny7"}
{"type":"operationEnd","doDiffs":false,"previousEventId":"09vxp02562x4lz0","previousOperationId":"mc7ety6j97849gj","operationId":"mc7ety6j97849gj","timestamp":1765035008376,"id":"qruut2fm2tn29xf"}
