{"type":"operationStart","subtype":"profile","data":{"_id":"IHCI1jDwN8jLmHjD","timestamp":"2025-12-05T22:38:51.490Z","state":"running","mode":"standard","creationDate":"2025-12-05T22:38:51.497Z","modificationDate":"2025-12-05T22:38:51.497Z","shortid":"7_0jzR9","$entitySet":"profiles","timeout":60000},"doDiffs":false,"timestamp":1764974331494,"id":"ig5nne07b9ph0or","previousOperationId":null,"operationId":"ri6q7o54wk5r4bk"}
{"type":"log","level":"info","message":"Render request 2 queued for execution and waiting for available worker","previousOperationId":"ri6q7o54wk5r4bk","timestamp":1764974331495,"id":"fjhrq64c9umdmzt"}
{"type":"operationStart","subtype":"render","name":"anonymous","previousOperationId":"ri6q7o54wk5r4bk","timestamp":1764974331520,"id":"a0deycnsjawkucp","previousEventId":"ig5nne07b9ph0or","operationId":"icz644i0igq29xt"}
{"type":"log","timestamp":1764974331523,"level":"info","message":"Starting rendering request 2","meta":{"rootId":"8n1grsp9mhy1pyy","id":"8n1grsp9mhy1pyy"},"id":"khz4krmfaic2bme","previousOperationId":"icz644i0igq29xt"}
{"type":"log","timestamp":1764974331528,"level":"info","message":"Rendering anonymous template { recipe: pptx, engine: handlebars }","meta":{"rootId":"8n1grsp9mhy1pyy","id":"8n1grsp9mhy1pyy"},"id":"kwfcn9nkexnt81u","previousOperationId":"icz644i0igq29xt"}
{"type":"log","timestamp":1764974331528,"level":"debug","message":"Inline data specified.","meta":{"rootId":"8n1grsp9mhy1pyy","id":"8n1grsp9mhy1pyy"},"id":"zit47jt9prqkoj4","previousOperationId":"icz644i0igq29xt"}
{"type":"log","timestamp":1764974331533,"level":"debug","message":"Base url not specified, skipping its injection.","meta":{"rootId":"8n1grsp9mhy1pyy","id":"8n1grsp9mhy1pyy"},"id":"xe8y1pwqep3tc06","previousOperationId":"icz644i0igq29xt"}
{"type":"operationStart","subtype":"engine","name":"handlebars","timestamp":1764974331537,"id":"m22za8o5hyr4zmw","previousEventId":"a0deycnsjawkucp","operationId":"f8aj0ahnhn4h02e","previousOperationId":"icz644i0igq29xt"}
{"type":"log","timestamp":1764974331537,"level":"debug","message":"Rendering engine handlebars","meta":{"rootId":"8n1grsp9mhy1pyy","id":"8n1grsp9mhy1pyy"},"id":"fv03b1mrca7qgrz","previousOperationId":"f8aj0ahnhn4h02e"}
{"type":"operationEnd","operationId":"f8aj0ahnhn4h02e","timestamp":1764974332750,"id":"gqnuhjbx6tnnsk0","previousEventId":"m22za8o5hyr4zmw","previousOperationId":"f8aj0ahnhn4h02e"}
{"type":"operationStart","subtype":"recipe","name":"pptx","timestamp":1764974332752,"id":"4dec09fkzasi0bk","previousEventId":"gqnuhjbx6tnnsk0","operationId":"x6mqncxxv3h60x9","previousOperationId":"f8aj0ahnhn4h02e"}
{"type":"log","timestamp":1764974332752,"level":"debug","message":"Executing recipe pptx","meta":{"rootId":"8n1grsp9mhy1pyy","id":"8n1grsp9mhy1pyy"},"id":"gp7xdekmdp7ij0t","previousOperationId":"x6mqncxxv3h60x9"}
{"type":"log","timestamp":1764974332992,"level":"info","message":"pptx generation is starting","meta":{"rootId":"8n1grsp9mhy1pyy","id":"8n1grsp9mhy1pyy"},"id":"o95zlwo13bc9ntm","previousOperationId":"x6mqncxxv3h60x9"}
{"type":"log","timestamp":1764974333217,"level":"debug","message":"Starting child request to render pptx dynamic parts","meta":{"rootId":"8n1grsp9mhy1pyy","id":"8n1grsp9mhy1pyy"},"id":"54h4sxp5toqnr55","previousOperationId":"x6mqncxxv3h60x9"}
{"type":"operationStart","subtype":"render","name":"anonymous","previousOperationId":"x6mqncxxv3h60x9","timestamp":1764974333220,"id":"pjg6tk9th2b7xq0","previousEventId":"4dec09fkzasi0bk","operationId":"iib6wg4s3bqvvrt"}
{"type":"log","timestamp":1764974333220,"level":"info","message":"Starting rendering (child) request","meta":{"rootId":"8n1grsp9mhy1pyy","id":"jikbq2jhm60xuo4"},"id":"lnhad4i8sle1k01","previousOperationId":"iib6wg4s3bqvvrt"}
{"type":"log","timestamp":1764974333220,"level":"info","message":"Rendering anonymous template { recipe: html, engine: handlebars }","meta":{"rootId":"8n1grsp9mhy1pyy","id":"jikbq2jhm60xuo4"},"id":"eq446ft9lc34ypt","previousOperationId":"iib6wg4s3bqvvrt"}
{"type":"log","timestamp":1764974333220,"level":"debug","message":"Inline data specified.","meta":{"rootId":"8n1grsp9mhy1pyy","id":"jikbq2jhm60xuo4"},"id":"d3vw9m2zjl8zxpo","previousOperationId":"iib6wg4s3bqvvrt"}
{"type":"log","timestamp":1764974333230,"level":"debug","message":"Base url not specified, skipping its injection.","meta":{"rootId":"8n1grsp9mhy1pyy","id":"jikbq2jhm60xuo4"},"id":"altvo1nxc6yqgaa","previousOperationId":"iib6wg4s3bqvvrt"}
{"type":"operationStart","subtype":"engine","name":"handlebars","timestamp":1764974333231,"id":"c2ui96yc3fwgjsb","previousEventId":"pjg6tk9th2b7xq0","operationId":"wk7zygopr5fqs0w","previousOperationId":"iib6wg4s3bqvvrt"}
{"type":"log","timestamp":1764974333231,"level":"debug","message":"Rendering engine handlebars","meta":{"rootId":"8n1grsp9mhy1pyy","id":"jikbq2jhm60xuo4"},"id":"33q63wui54hw0hl","previousOperationId":"wk7zygopr5fqs0w"}
{"type":"operationEnd","operationId":"wk7zygopr5fqs0w","timestamp":1764974333269,"id":"d0ydpyit0jx0hn4","previousEventId":"c2ui96yc3fwgjsb","previousOperationId":"wk7zygopr5fqs0w"}
{"type":"operationStart","subtype":"recipe","name":"html","timestamp":1764974333272,"id":"1ncrpj0jeg28iuv","previousEventId":"d0ydpyit0jx0hn4","operationId":"bkfct3w2nrlcuua","previousOperationId":"wk7zygopr5fqs0w"}
{"type":"log","timestamp":1764974333272,"level":"debug","message":"Executing recipe html","meta":{"rootId":"8n1grsp9mhy1pyy","id":"jikbq2jhm60xuo4"},"id":"2869eikhachuku7","previousOperationId":"bkfct3w2nrlcuua"}
{"type":"operationEnd","operationId":"bkfct3w2nrlcuua","timestamp":1764974333272,"id":"ozfe5e8igar1i4p","previousEventId":"1ncrpj0jeg28iuv","previousOperationId":"bkfct3w2nrlcuua"}
{"type":"log","timestamp":1764974333273,"level":"debug","message":"Skipping storing report.","meta":{"rootId":"8n1grsp9mhy1pyy","id":"jikbq2jhm60xuo4"},"id":"uz1zfmnjm9t153v","previousOperationId":"bkfct3w2nrlcuua"}
{"type":"log","timestamp":1764974333273,"level":"info","message":"Rendering (child) request finished in 1784 ms","meta":{"rootId":"8n1grsp9mhy1pyy","id":"jikbq2jhm60xuo4"},"id":"j0dw0geuag8z60y","previousOperationId":"bkfct3w2nrlcuua"}
{"type":"operationEnd","subtype":"render","operationId":"iib6wg4s3bqvvrt","timestamp":1764974333274,"id":"bn91db86yzighje","previousEventId":"ozfe5e8igar1i4p","previousOperationId":"bkfct3w2nrlcuua"}
{"type":"log","timestamp":1764974336630,"level":"debug","message":"pptx successfully zipped","meta":{"rootId":"8n1grsp9mhy1pyy","id":"8n1grsp9mhy1pyy"},"id":"6bdhrmqhbo9ktq9","previousOperationId":"x6mqncxxv3h60x9"}
{"type":"log","timestamp":1764974336631,"level":"info","message":"pptx generation was finished","meta":{"rootId":"8n1grsp9mhy1pyy","id":"8n1grsp9mhy1pyy"},"id":"p526b08i4neygit","previousOperationId":"x6mqncxxv3h60x9"}
{"type":"operationEnd","operationId":"x6mqncxxv3h60x9","timestamp":1764974336638,"id":"hmuwyhv1hjyn1no","previousEventId":"4dec09fkzasi0bk","previousOperationId":"x6mqncxxv3h60x9"}
{"type":"log","timestamp":1764974336638,"level":"debug","message":"Skipping storing report.","meta":{"rootId":"8n1grsp9mhy1pyy","id":"8n1grsp9mhy1pyy"},"id":"6ye49648k2kqx1z","previousOperationId":"x6mqncxxv3h60x9"}
{"type":"log","timestamp":1764974336638,"level":"info","message":"Rendering request 2 finished in 5149 ms","meta":{"rootId":"8n1grsp9mhy1pyy","id":"8n1grsp9mhy1pyy"},"id":"kc2ozqon52cih3p","previousOperationId":"x6mqncxxv3h60x9"}
{"type":"operationEnd","subtype":"render","operationId":"icz644i0igq29xt","timestamp":1764974336638,"id":"4h3t0l5lra646yr","previousEventId":"hmuwyhv1hjyn1no","previousOperationId":"x6mqncxxv3h60x9"}
{"type":"operationEnd","doDiffs":false,"previousEventId":"ig5nne07b9ph0or","previousOperationId":"ri6q7o54wk5r4bk","operationId":"ri6q7o54wk5r4bk","timestamp":1764974336644,"id":"o04l3m0cqce4l52"}
