{"type":"operationStart","subtype":"profile","data":{"_id":"so2uxSF79E3711Hr","timestamp":"2025-12-05T14:00:59.606Z","state":"running","mode":"standard","creationDate":"2025-12-05T14:00:59.610Z","modificationDate":"2025-12-05T14:00:59.610Z","shortid":"wrX-N1K","$entitySet":"profiles","timeout":60000},"doDiffs":false,"timestamp":1764943259608,"id":"5rdd04bw40vfunc","previousOperationId":null,"operationId":"pxqjkwhh95m168f"}
{"type":"log","level":"info","message":"Render request 13 queued for execution and waiting for available worker","previousOperationId":"pxqjkwhh95m168f","timestamp":1764943259609,"id":"fnc1wq3c897y6d9"}
{"type":"operationStart","subtype":"render","name":"anonymous","previousOperationId":"pxqjkwhh95m168f","timestamp":1764943259620,"id":"ung5ic4zgymju2k","previousEventId":"5rdd04bw40vfunc","operationId":"ebfxkcurlc2llkj"}
{"type":"log","timestamp":1764943259620,"level":"info","message":"Starting rendering request 13","meta":{"rootId":"8n3fg6qk26obhnw","id":"8n3fg6qk26obhnw"},"id":"zkv0jdof2h1oigz","previousOperationId":"ebfxkcurlc2llkj"}
{"type":"log","timestamp":1764943259620,"level":"info","message":"Rendering anonymous template { recipe: pptx, engine: handlebars }","meta":{"rootId":"8n3fg6qk26obhnw","id":"8n3fg6qk26obhnw"},"id":"idpfpsgdphx073y","previousOperationId":"ebfxkcurlc2llkj"}
{"type":"log","timestamp":1764943259620,"level":"debug","message":"Inline data specified.","meta":{"rootId":"8n3fg6qk26obhnw","id":"8n3fg6qk26obhnw"},"id":"l4534omnw4pur95","previousOperationId":"ebfxkcurlc2llkj"}
{"type":"log","timestamp":1764943259625,"level":"debug","message":"Base url not specified, skipping its injection.","meta":{"rootId":"8n3fg6qk26obhnw","id":"8n3fg6qk26obhnw"},"id":"kl2wh2igcjeyb99","previousOperationId":"ebfxkcurlc2llkj"}
{"type":"operationStart","subtype":"engine","name":"handlebars","timestamp":1764943259626,"id":"3ex9iw91vt6shuw","previousEventId":"ung5ic4zgymju2k","operationId":"ympdb9tfuwh3dlv","previousOperationId":"ebfxkcurlc2llkj"}
{"type":"log","timestamp":1764943259626,"level":"debug","message":"Rendering engine handlebars","meta":{"rootId":"8n3fg6qk26obhnw","id":"8n3fg6qk26obhnw"},"id":"d7bqmdzk4a6l639","previousOperationId":"ympdb9tfuwh3dlv"}
{"type":"operationEnd","operationId":"ympdb9tfuwh3dlv","timestamp":1764943259633,"id":"fvxb4c73i27qaew","previousEventId":"3ex9iw91vt6shuw","previousOperationId":"ympdb9tfuwh3dlv"}
{"type":"operationStart","subtype":"recipe","name":"pptx","timestamp":1764943259634,"id":"fq9baj68q01g9qf","previousEventId":"fvxb4c73i27qaew","operationId":"0p8q79g5nnzzsdd","previousOperationId":"ympdb9tfuwh3dlv"}
{"type":"log","timestamp":1764943259634,"level":"debug","message":"Executing recipe pptx","meta":{"rootId":"8n3fg6qk26obhnw","id":"8n3fg6qk26obhnw"},"id":"axbky8gy4bchiz8","previousOperationId":"0p8q79g5nnzzsdd"}
{"type":"log","timestamp":1764943259634,"level":"info","message":"pptx generation is starting","meta":{"rootId":"8n3fg6qk26obhnw","id":"8n3fg6qk26obhnw"},"id":"s4as79d3dqmeu39","previousOperationId":"0p8q79g5nnzzsdd"}
{"type":"log","timestamp":1764943259767,"level":"debug","message":"Starting child request to render pptx dynamic parts","meta":{"rootId":"8n3fg6qk26obhnw","id":"8n3fg6qk26obhnw"},"id":"o42hlc1dn9ycj7t","previousOperationId":"0p8q79g5nnzzsdd"}
{"type":"operationStart","subtype":"render","name":"anonymous","previousOperationId":"0p8q79g5nnzzsdd","timestamp":1764943259767,"id":"f5e6cakhlcx4zlq","previousEventId":"fq9baj68q01g9qf","operationId":"q7qx5xao15zn6b8"}
{"type":"log","timestamp":1764943259767,"level":"info","message":"Starting rendering (child) request","meta":{"rootId":"8n3fg6qk26obhnw","id":"iptp6rpho7ohokm"},"id":"64gcfofkkg3snd9","previousOperationId":"q7qx5xao15zn6b8"}
{"type":"log","timestamp":1764943259767,"level":"info","message":"Rendering anonymous template { recipe: html, engine: handlebars }","meta":{"rootId":"8n3fg6qk26obhnw","id":"iptp6rpho7ohokm"},"id":"movxzlfz0npadh9","previousOperationId":"q7qx5xao15zn6b8"}
{"type":"log","timestamp":1764943259767,"level":"debug","message":"Inline data specified.","meta":{"rootId":"8n3fg6qk26obhnw","id":"iptp6rpho7ohokm"},"id":"863qhldke6k4jxy","previousOperationId":"q7qx5xao15zn6b8"}
{"type":"log","timestamp":1764943259774,"level":"debug","message":"Base url not specified, skipping its injection.","meta":{"rootId":"8n3fg6qk26obhnw","id":"iptp6rpho7ohokm"},"id":"sher8vji4evllt8","previousOperationId":"q7qx5xao15zn6b8"}
{"type":"operationStart","subtype":"engine","name":"handlebars","timestamp":1764943259775,"id":"8l204ymdtx3rqan","previousEventId":"f5e6cakhlcx4zlq","operationId":"srm34hjszc35q9k","previousOperationId":"q7qx5xao15zn6b8"}
{"type":"log","timestamp":1764943259775,"level":"debug","message":"Rendering engine handlebars","meta":{"rootId":"8n3fg6qk26obhnw","id":"iptp6rpho7ohokm"},"id":"qw4dzzqqdwusvbm","previousOperationId":"srm34hjszc35q9k"}
{"type":"operationEnd","operationId":"srm34hjszc35q9k","timestamp":1764943259800,"id":"ckw2vpdrtfncwws","previousEventId":"8l204ymdtx3rqan","previousOperationId":"srm34hjszc35q9k"}
{"type":"operationStart","subtype":"recipe","name":"html","timestamp":1764943259802,"id":"jhymanochx6lwot","previousEventId":"ckw2vpdrtfncwws","operationId":"jx84y4v0jj7cf48","previousOperationId":"srm34hjszc35q9k"}
{"type":"log","timestamp":1764943259802,"level":"debug","message":"Executing recipe html","meta":{"rootId":"8n3fg6qk26obhnw","id":"iptp6rpho7ohokm"},"id":"9r85wpfp4yig7ja","previousOperationId":"jx84y4v0jj7cf48"}
{"type":"operationEnd","operationId":"jx84y4v0jj7cf48","timestamp":1764943259802,"id":"7nkh2hgmk6nudsr","previousEventId":"jhymanochx6lwot","previousOperationId":"jx84y4v0jj7cf48"}
{"type":"log","timestamp":1764943259802,"level":"debug","message":"Skipping storing report.","meta":{"rootId":"8n3fg6qk26obhnw","id":"iptp6rpho7ohokm"},"id":"kzo1bmrhm5g7g8f","previousOperationId":"jx84y4v0jj7cf48"}
{"type":"log","timestamp":1764943259802,"level":"info","message":"Rendering (child) request finished in 196 ms","meta":{"rootId":"8n3fg6qk26obhnw","id":"iptp6rpho7ohokm"},"id":"bvute5vqapievb8","previousOperationId":"jx84y4v0jj7cf48"}
{"type":"operationEnd","subtype":"render","operationId":"q7qx5xao15zn6b8","timestamp":1764943259802,"id":"f2gcrubum3a5mzp","previousEventId":"7nkh2hgmk6nudsr","previousOperationId":"jx84y4v0jj7cf48"}
{"type":"log","timestamp":1764943259885,"level":"debug","message":"pptx successfully zipped","meta":{"rootId":"8n3fg6qk26obhnw","id":"8n3fg6qk26obhnw"},"id":"1eavt93dl35fmfh","previousOperationId":"0p8q79g5nnzzsdd"}
{"type":"log","timestamp":1764943259885,"level":"info","message":"pptx generation was finished","meta":{"rootId":"8n3fg6qk26obhnw","id":"8n3fg6qk26obhnw"},"id":"vpsr5d1jyosnf0f","previousOperationId":"0p8q79g5nnzzsdd"}
{"type":"operationEnd","operationId":"0p8q79g5nnzzsdd","timestamp":1764943259888,"id":"hjrwinaybheriuo","previousEventId":"fq9baj68q01g9qf","previousOperationId":"0p8q79g5nnzzsdd"}
{"type":"log","timestamp":1764943259888,"level":"debug","message":"Skipping storing report.","meta":{"rootId":"8n3fg6qk26obhnw","id":"8n3fg6qk26obhnw"},"id":"sqi2nla0335uu9w","previousOperationId":"0p8q79g5nnzzsdd"}
{"type":"log","timestamp":1764943259888,"level":"info","message":"Rendering request 13 finished in 282 ms","meta":{"rootId":"8n3fg6qk26obhnw","id":"8n3fg6qk26obhnw"},"id":"xkjtdk6z7dozbjz","previousOperationId":"0p8q79g5nnzzsdd"}
{"type":"operationEnd","subtype":"render","operationId":"ebfxkcurlc2llkj","timestamp":1764943259888,"id":"7s1lozsr6e24wlx","previousEventId":"hjrwinaybheriuo","previousOperationId":"0p8q79g5nnzzsdd"}
{"type":"operationEnd","doDiffs":false,"previousEventId":"5rdd04bw40vfunc","previousOperationId":"pxqjkwhh95m168f","operationId":"pxqjkwhh95m168f","timestamp":1764943259891,"id":"oahyosz6mf9wgrn"}
