{"type":"operationStart","subtype":"profile","data":{"_id":"THqpQzyK4QwBji7a","timestamp":"2025-12-07T12:07:26.125Z","state":"running","mode":"standard","creationDate":"2025-12-07T12:07:26.129Z","modificationDate":"2025-12-07T12:07:26.129Z","shortid":"jgy_hLb","$entitySet":"profiles","timeout":60000},"doDiffs":false,"timestamp":1765109246127,"id":"yjcvtty5gbn155e","previousOperationId":null,"operationId":"nkq8hdfqvnr5u83"}
{"type":"log","level":"info","message":"Render request 20 queued for execution and waiting for available worker","previousOperationId":"nkq8hdfqvnr5u83","timestamp":1765109246128,"id":"eczw6gzbhvtxfr7"}
{"type":"operationStart","subtype":"render","name":"anonymous","previousOperationId":"nkq8hdfqvnr5u83","timestamp":1765109246180,"id":"zyylgaozyxfzbbi","previousEventId":"yjcvtty5gbn155e","operationId":"irga51jtiqsn76h"}
{"type":"log","timestamp":1765109246181,"level":"info","message":"Starting rendering request 20","meta":{"rootId":"900f9wb2f42sptt","id":"900f9wb2f42sptt"},"id":"gzyhwbpb59o0ohu","previousOperationId":"irga51jtiqsn76h"}
{"type":"log","timestamp":1765109246182,"level":"info","message":"Rendering anonymous template { recipe: pptx, engine: handlebars }","meta":{"rootId":"900f9wb2f42sptt","id":"900f9wb2f42sptt"},"id":"3gtletycrsif0lg","previousOperationId":"irga51jtiqsn76h"}
{"type":"log","timestamp":1765109246182,"level":"debug","message":"Inline data specified.","meta":{"rootId":"900f9wb2f42sptt","id":"900f9wb2f42sptt"},"id":"jshd944vbnzctyt","previousOperationId":"irga51jtiqsn76h"}
{"type":"log","timestamp":1765109246204,"level":"debug","message":"Base url not specified, skipping its injection.","meta":{"rootId":"900f9wb2f42sptt","id":"900f9wb2f42sptt"},"id":"hrcirv10bvykilq","previousOperationId":"irga51jtiqsn76h"}
{"type":"operationStart","subtype":"engine","name":"handlebars","timestamp":1765109246204,"id":"00dsrm3bkbagmef","previousEventId":"zyylgaozyxfzbbi","operationId":"kh9xcghs2et7s30","previousOperationId":"irga51jtiqsn76h"}
{"type":"log","timestamp":1765109246204,"level":"debug","message":"Rendering engine handlebars","meta":{"rootId":"900f9wb2f42sptt","id":"900f9wb2f42sptt"},"id":"ma7kpqwptdh47y3","previousOperationId":"kh9xcghs2et7s30"}
{"type":"operationEnd","operationId":"kh9xcghs2et7s30","timestamp":1765109246220,"id":"3cunqq1m02ut7d8","previousEventId":"00dsrm3bkbagmef","previousOperationId":"kh9xcghs2et7s30"}
{"type":"operationStart","subtype":"recipe","name":"pptx","timestamp":1765109246221,"id":"rkhe9z06sgecxm6","previousEventId":"3cunqq1m02ut7d8","operationId":"ea60x4548le9nby","previousOperationId":"kh9xcghs2et7s30"}
{"type":"log","timestamp":1765109246221,"level":"debug","message":"Executing recipe pptx","meta":{"rootId":"900f9wb2f42sptt","id":"900f9wb2f42sptt"},"id":"0xhez3c6flje5cs","previousOperationId":"ea60x4548le9nby"}
{"type":"log","timestamp":1765109246242,"level":"info","message":"pptx generation is starting","meta":{"rootId":"900f9wb2f42sptt","id":"900f9wb2f42sptt"},"id":"0fr473gjz2jqh34","previousOperationId":"ea60x4548le9nby"}
{"type":"log","timestamp":1765109247780,"level":"debug","message":"Starting child request to render pptx dynamic parts","meta":{"rootId":"900f9wb2f42sptt","id":"900f9wb2f42sptt"},"id":"9b3cps1a4v6b8cm","previousOperationId":"ea60x4548le9nby"}
{"type":"operationStart","subtype":"render","name":"anonymous","previousOperationId":"ea60x4548le9nby","timestamp":1765109247781,"id":"k87815nx01j4vg1","previousEventId":"rkhe9z06sgecxm6","operationId":"8b67vbsn5jq5nrx"}
{"type":"log","timestamp":1765109247781,"level":"info","message":"Starting rendering (child) request","meta":{"rootId":"900f9wb2f42sptt","id":"z7tk1zd4wxlp2xf"},"id":"ktm1kscqr4wazsh","previousOperationId":"8b67vbsn5jq5nrx"}
{"type":"log","timestamp":1765109247781,"level":"info","message":"Rendering anonymous template { recipe: html, engine: handlebars }","meta":{"rootId":"900f9wb2f42sptt","id":"z7tk1zd4wxlp2xf"},"id":"mg5spzydyez9x7e","previousOperationId":"8b67vbsn5jq5nrx"}
{"type":"log","timestamp":1765109247781,"level":"debug","message":"Inline data specified.","meta":{"rootId":"900f9wb2f42sptt","id":"z7tk1zd4wxlp2xf"},"id":"la65e3vng4aoehn","previousOperationId":"8b67vbsn5jq5nrx"}
{"type":"log","timestamp":1765109247790,"level":"debug","message":"Base url not specified, skipping its injection.","meta":{"rootId":"900f9wb2f42sptt","id":"z7tk1zd4wxlp2xf"},"id":"q43kcm641adp5h0","previousOperationId":"8b67vbsn5jq5nrx"}
{"type":"operationStart","subtype":"engine","name":"handlebars","timestamp":1765109247792,"id":"agzsgxaj097qbkv","previousEventId":"k87815nx01j4vg1","operationId":"6h2yqyvlmmfh33h","previousOperationId":"8b67vbsn5jq5nrx"}
{"type":"log","timestamp":1765109247792,"level":"debug","message":"Rendering engine handlebars","meta":{"rootId":"900f9wb2f42sptt","id":"z7tk1zd4wxlp2xf"},"id":"6bm3rk6p3dq3qgt","previousOperationId":"6h2yqyvlmmfh33h"}
{"type":"operationEnd","operationId":"6h2yqyvlmmfh33h","timestamp":1765109247900,"id":"to8nw5phitcg8hr","previousEventId":"agzsgxaj097qbkv","previousOperationId":"6h2yqyvlmmfh33h"}
{"type":"operationStart","subtype":"recipe","name":"html","timestamp":1765109247913,"id":"uwxi2e2s1tx4a26","previousEventId":"to8nw5phitcg8hr","operationId":"qtggd20ir50szfb","previousOperationId":"6h2yqyvlmmfh33h"}
{"type":"log","timestamp":1765109247913,"level":"debug","message":"Executing recipe html","meta":{"rootId":"900f9wb2f42sptt","id":"z7tk1zd4wxlp2xf"},"id":"l49co9b1pkyasnp","previousOperationId":"qtggd20ir50szfb"}
{"type":"operationEnd","operationId":"qtggd20ir50szfb","timestamp":1765109247913,"id":"1bi9b0933i7r66y","previousEventId":"uwxi2e2s1tx4a26","previousOperationId":"qtggd20ir50szfb"}
{"type":"log","timestamp":1765109247914,"level":"debug","message":"Skipping storing report.","meta":{"rootId":"900f9wb2f42sptt","id":"z7tk1zd4wxlp2xf"},"id":"cwngek78nj5f0wu","previousOperationId":"qtggd20ir50szfb"}
{"type":"log","timestamp":1765109247914,"level":"info","message":"Rendering (child) request finished in 1790 ms","meta":{"rootId":"900f9wb2f42sptt","id":"z7tk1zd4wxlp2xf"},"id":"ahxz1gw4y5ffgnz","previousOperationId":"qtggd20ir50szfb"}
{"type":"operationEnd","subtype":"render","operationId":"8b67vbsn5jq5nrx","timestamp":1765109247914,"id":"obuy4zu8el8c8la","previousEventId":"1bi9b0933i7r66y","previousOperationId":"qtggd20ir50szfb"}
{"type":"log","timestamp":1765109262606,"level":"debug","message":"pptx successfully zipped","meta":{"rootId":"900f9wb2f42sptt","id":"900f9wb2f42sptt"},"id":"nb20m3dpvtzp5j9","previousOperationId":"ea60x4548le9nby"}
{"type":"log","timestamp":1765109262606,"level":"info","message":"pptx generation was finished","meta":{"rootId":"900f9wb2f42sptt","id":"900f9wb2f42sptt"},"id":"64voyazw37qxm2p","previousOperationId":"ea60x4548le9nby"}
{"type":"operationEnd","operationId":"ea60x4548le9nby","timestamp":1765109262617,"id":"zlr9fgffwqmkoaf","previousEventId":"rkhe9z06sgecxm6","previousOperationId":"ea60x4548le9nby"}
{"type":"log","timestamp":1765109262617,"level":"debug","message":"Skipping storing report.","meta":{"rootId":"900f9wb2f42sptt","id":"900f9wb2f42sptt"},"id":"76pxvu1wfdrni97","previousOperationId":"ea60x4548le9nby"}
{"type":"log","timestamp":1765109262617,"level":"info","message":"Rendering request 20 finished in 16493 ms","meta":{"rootId":"900f9wb2f42sptt","id":"900f9wb2f42sptt"},"id":"3qm7m0pfx7ce9go","previousOperationId":"ea60x4548le9nby"}
{"type":"operationEnd","subtype":"render","operationId":"irga51jtiqsn76h","timestamp":1765109262617,"id":"yj7qwzwyiop4ep0","previousEventId":"zlr9fgffwqmkoaf","previousOperationId":"ea60x4548le9nby"}
{"type":"operationEnd","doDiffs":false,"previousEventId":"yjcvtty5gbn155e","previousOperationId":"nkq8hdfqvnr5u83","operationId":"nkq8hdfqvnr5u83","timestamp":1765109262620,"id":"5umecrs42rccjoy"}
