{"type":"operationStart","subtype":"profile","data":{"_id":"RW7jJj9T1EKqKSpp","timestamp":"2025-12-06T15:20:29.312Z","state":"running","mode":"standard","creationDate":"2025-12-06T15:20:29.314Z","modificationDate":"2025-12-06T15:20:29.314Z","shortid":"MYLmy8K","$entitySet":"profiles","timeout":60000},"doDiffs":false,"timestamp":1765034429313,"id":"2r7dwisgbnpqxfa","previousOperationId":null,"operationId":"5slwlrntxm4i1l5"}
{"type":"log","level":"info","message":"Render request 18 queued for execution and waiting for available worker","previousOperationId":"5slwlrntxm4i1l5","timestamp":1765034429313,"id":"tbxq4hj9kcp8dmh"}
{"type":"operationStart","subtype":"render","name":"anonymous","previousOperationId":"5slwlrntxm4i1l5","timestamp":1765034429326,"id":"0mioa9ehx4i7vga","previousEventId":"2r7dwisgbnpqxfa","operationId":"wmyt6vovm86tfcz"}
{"type":"log","timestamp":1765034429326,"level":"info","message":"Starting rendering request 18","meta":{"rootId":"93euz145d738knw","id":"93euz145d738knw"},"id":"xl5axslzbcywdun","previousOperationId":"wmyt6vovm86tfcz"}
{"type":"log","timestamp":1765034429326,"level":"info","message":"Rendering anonymous template { recipe: pptx, engine: handlebars }","meta":{"rootId":"93euz145d738knw","id":"93euz145d738knw"},"id":"sbb9nxgu8bvkpuj","previousOperationId":"wmyt6vovm86tfcz"}
{"type":"log","timestamp":1765034429326,"level":"debug","message":"Inline data specified.","meta":{"rootId":"93euz145d738knw","id":"93euz145d738knw"},"id":"phm95hm0medgho4","previousOperationId":"wmyt6vovm86tfcz"}
{"type":"log","timestamp":1765034429327,"level":"debug","message":"Base url not specified, skipping its injection.","meta":{"rootId":"93euz145d738knw","id":"93euz145d738knw"},"id":"ud8ym275t4us4nr","previousOperationId":"wmyt6vovm86tfcz"}
{"type":"operationStart","subtype":"engine","name":"handlebars","timestamp":1765034429328,"id":"6gzprsbrdpmiec7","previousEventId":"0mioa9ehx4i7vga","operationId":"agu81oxtu34kl48","previousOperationId":"wmyt6vovm86tfcz"}
{"type":"log","timestamp":1765034429328,"level":"debug","message":"Rendering engine handlebars","meta":{"rootId":"93euz145d738knw","id":"93euz145d738knw"},"id":"ftgl665sfl4e593","previousOperationId":"agu81oxtu34kl48"}
{"type":"operationEnd","operationId":"agu81oxtu34kl48","timestamp":1765034429339,"id":"3inhm9f8z9gd974","previousEventId":"6gzprsbrdpmiec7","previousOperationId":"agu81oxtu34kl48"}
{"type":"operationStart","subtype":"recipe","name":"pptx","timestamp":1765034429339,"id":"2x3neohn7n3oluj","previousEventId":"3inhm9f8z9gd974","operationId":"fd4fk4u7eeitxag","previousOperationId":"agu81oxtu34kl48"}
{"type":"log","timestamp":1765034429339,"level":"debug","message":"Executing recipe pptx","meta":{"rootId":"93euz145d738knw","id":"93euz145d738knw"},"id":"17zb1levvg0kyts","previousOperationId":"fd4fk4u7eeitxag"}
{"type":"log","timestamp":1765034429339,"level":"info","message":"pptx generation is starting","meta":{"rootId":"93euz145d738knw","id":"93euz145d738knw"},"id":"k81801b2ynk6mhr","previousOperationId":"fd4fk4u7eeitxag"}
{"type":"log","timestamp":1765034429415,"level":"debug","message":"Starting child request to render pptx dynamic parts","meta":{"rootId":"93euz145d738knw","id":"93euz145d738knw"},"id":"nffa99z7f9oqmkv","previousOperationId":"fd4fk4u7eeitxag"}
{"type":"operationStart","subtype":"render","name":"anonymous","previousOperationId":"fd4fk4u7eeitxag","timestamp":1765034429415,"id":"53dvxbx2mvq302i","previousEventId":"2x3neohn7n3oluj","operationId":"rr6iw7xettuw6k6"}
{"type":"log","timestamp":1765034429416,"level":"info","message":"Starting rendering (child) request","meta":{"rootId":"93euz145d738knw","id":"h1hqm5gd1d4w5ip"},"id":"viemej08wqr39wg","previousOperationId":"rr6iw7xettuw6k6"}
{"type":"log","timestamp":1765034429416,"level":"info","message":"Rendering anonymous template { recipe: html, engine: handlebars }","meta":{"rootId":"93euz145d738knw","id":"h1hqm5gd1d4w5ip"},"id":"sna4lnr6re4idzz","previousOperationId":"rr6iw7xettuw6k6"}
{"type":"log","timestamp":1765034429416,"level":"debug","message":"Inline data specified.","meta":{"rootId":"93euz145d738knw","id":"h1hqm5gd1d4w5ip"},"id":"756r805veonb698","previousOperationId":"rr6iw7xettuw6k6"}
{"type":"log","timestamp":1765034429417,"level":"debug","message":"Base url not specified, skipping its injection.","meta":{"rootId":"93euz145d738knw","id":"h1hqm5gd1d4w5ip"},"id":"xpqsb1w3nck6m45","previousOperationId":"rr6iw7xettuw6k6"}
{"type":"operationStart","subtype":"engine","name":"handlebars","timestamp":1765034429417,"id":"1imwq01ekwnwz0p","previousEventId":"53dvxbx2mvq302i","operationId":"n3sbdxlz4d5mkx3","previousOperationId":"rr6iw7xettuw6k6"}
{"type":"log","timestamp":1765034429417,"level":"debug","message":"Rendering engine handlebars","meta":{"rootId":"93euz145d738knw","id":"h1hqm5gd1d4w5ip"},"id":"s78me7r4u83cl11","previousOperationId":"n3sbdxlz4d5mkx3"}
{"type":"operationEnd","operationId":"n3sbdxlz4d5mkx3","timestamp":1765034429438,"id":"1dntvoz6ivecgee","previousEventId":"1imwq01ekwnwz0p","previousOperationId":"n3sbdxlz4d5mkx3"}
{"type":"operationStart","subtype":"recipe","name":"html","timestamp":1765034429439,"id":"8vs0g0zemcse6rn","previousEventId":"1dntvoz6ivecgee","operationId":"jb014nw9w0kba32","previousOperationId":"n3sbdxlz4d5mkx3"}
{"type":"log","timestamp":1765034429439,"level":"debug","message":"Executing recipe html","meta":{"rootId":"93euz145d738knw","id":"h1hqm5gd1d4w5ip"},"id":"guk7b4jrodtg6k7","previousOperationId":"jb014nw9w0kba32"}
{"type":"operationEnd","operationId":"jb014nw9w0kba32","timestamp":1765034429439,"id":"teiyy8pq16cftu8","previousEventId":"8vs0g0zemcse6rn","previousOperationId":"jb014nw9w0kba32"}
{"type":"log","timestamp":1765034429439,"level":"debug","message":"Skipping storing report.","meta":{"rootId":"93euz145d738knw","id":"h1hqm5gd1d4w5ip"},"id":"vofy7v58jp54git","previousOperationId":"jb014nw9w0kba32"}
{"type":"log","timestamp":1765034429439,"level":"info","message":"Rendering (child) request finished in 128 ms","meta":{"rootId":"93euz145d738knw","id":"h1hqm5gd1d4w5ip"},"id":"bwfkrekpbweibuf","previousOperationId":"jb014nw9w0kba32"}
{"type":"operationEnd","subtype":"render","operationId":"rr6iw7xettuw6k6","timestamp":1765034429439,"id":"6dms8kywqof3btn","previousEventId":"teiyy8pq16cftu8","previousOperationId":"jb014nw9w0kba32"}
{"type":"log","timestamp":1765034432150,"level":"debug","message":"pptx successfully zipped","meta":{"rootId":"93euz145d738knw","id":"93euz145d738knw"},"id":"cr7e1d71yd3f1df","previousOperationId":"fd4fk4u7eeitxag"}
{"type":"log","timestamp":1765034432150,"level":"info","message":"pptx generation was finished","meta":{"rootId":"93euz145d738knw","id":"93euz145d738knw"},"id":"tz181jrh86rfz3l","previousOperationId":"fd4fk4u7eeitxag"}
{"type":"operationEnd","operationId":"fd4fk4u7eeitxag","timestamp":1765034432154,"id":"himtq8ywwvgo30g","previousEventId":"2x3neohn7n3oluj","previousOperationId":"fd4fk4u7eeitxag"}
{"type":"log","timestamp":1765034432155,"level":"debug","message":"Skipping storing report.","meta":{"rootId":"93euz145d738knw","id":"93euz145d738knw"},"id":"8xb9m19z0z07vhy","previousOperationId":"fd4fk4u7eeitxag"}
{"type":"log","timestamp":1765034432155,"level":"info","message":"Rendering request 18 finished in 2844 ms","meta":{"rootId":"93euz145d738knw","id":"93euz145d738knw"},"id":"88d7vcxuctkzls6","previousOperationId":"fd4fk4u7eeitxag"}
{"type":"operationEnd","subtype":"render","operationId":"wmyt6vovm86tfcz","timestamp":1765034432155,"id":"bzasaqsldeurs70","previousEventId":"himtq8ywwvgo30g","previousOperationId":"fd4fk4u7eeitxag"}
{"type":"operationEnd","doDiffs":false,"previousEventId":"2r7dwisgbnpqxfa","previousOperationId":"5slwlrntxm4i1l5","operationId":"5slwlrntxm4i1l5","timestamp":1765034432160,"id":"suxw2ts7vyh2rl4"}
