{"type":"operationStart","subtype":"profile","data":{"_id":"IHTLPctjs3CSZHOd","timestamp":"2025-12-06T10:58:05.053Z","state":"running","mode":"standard","creationDate":"2025-12-06T10:58:05.058Z","modificationDate":"2025-12-06T10:58:05.058Z","shortid":"v-LOMux","$entitySet":"profiles","timeout":60000},"doDiffs":false,"timestamp":1765018685056,"id":"75l5zdluuk25aa2","previousOperationId":null,"operationId":"mmb51dhvnbtxrqx"}
{"type":"log","level":"info","message":"Render request 1 queued for execution and waiting for available worker","previousOperationId":"mmb51dhvnbtxrqx","timestamp":1765018685056,"id":"cqu202kfrxqprg2"}
{"type":"operationStart","subtype":"render","name":"anonymous","previousOperationId":"mmb51dhvnbtxrqx","timestamp":1765018685088,"id":"259fko276t0ekcj","previousEventId":"75l5zdluuk25aa2","operationId":"1g8rnjn1bauensc"}
{"type":"log","timestamp":1765018685090,"level":"info","message":"Starting rendering request 1","meta":{"rootId":"9h8u5sm7bkoj04k","id":"9h8u5sm7bkoj04k"},"id":"xnvcrodbbgve6mh","previousOperationId":"1g8rnjn1bauensc"}
{"type":"log","timestamp":1765018685092,"level":"info","message":"Rendering anonymous template { recipe: pptx, engine: handlebars }","meta":{"rootId":"9h8u5sm7bkoj04k","id":"9h8u5sm7bkoj04k"},"id":"4f6n8bcsdtxfg4b","previousOperationId":"1g8rnjn1bauensc"}
{"type":"log","timestamp":1765018685092,"level":"debug","message":"Inline data specified.","meta":{"rootId":"9h8u5sm7bkoj04k","id":"9h8u5sm7bkoj04k"},"id":"gic92jztj771ft0","previousOperationId":"1g8rnjn1bauensc"}
{"type":"log","timestamp":1765018685116,"level":"debug","message":"Base url not specified, skipping its injection.","meta":{"rootId":"9h8u5sm7bkoj04k","id":"9h8u5sm7bkoj04k"},"id":"lhufnmi89dyywc0","previousOperationId":"1g8rnjn1bauensc"}
{"type":"operationStart","subtype":"engine","name":"handlebars","timestamp":1765018685117,"id":"zd8i9ig6tb457ms","previousEventId":"259fko276t0ekcj","operationId":"x34o8nap3sjq7zq","previousOperationId":"1g8rnjn1bauensc"}
{"type":"log","timestamp":1765018685118,"level":"debug","message":"Rendering engine handlebars","meta":{"rootId":"9h8u5sm7bkoj04k","id":"9h8u5sm7bkoj04k"},"id":"o3btk0ddr8oms4i","previousOperationId":"x34o8nap3sjq7zq"}
{"type":"operationEnd","operationId":"x34o8nap3sjq7zq","timestamp":1765018686261,"id":"b69an7c7cbyh7ds","previousEventId":"zd8i9ig6tb457ms","previousOperationId":"x34o8nap3sjq7zq"}
{"type":"operationStart","subtype":"recipe","name":"pptx","timestamp":1765018686262,"id":"ubmfsyhxpc8vp6d","previousEventId":"b69an7c7cbyh7ds","operationId":"l4phjzbt7si0qx7","previousOperationId":"x34o8nap3sjq7zq"}
{"type":"log","timestamp":1765018686262,"level":"debug","message":"Executing recipe pptx","meta":{"rootId":"9h8u5sm7bkoj04k","id":"9h8u5sm7bkoj04k"},"id":"eb92wmm1zqu6k75","previousOperationId":"l4phjzbt7si0qx7"}
{"type":"log","timestamp":1765018686429,"level":"info","message":"pptx generation is starting","meta":{"rootId":"9h8u5sm7bkoj04k","id":"9h8u5sm7bkoj04k"},"id":"ht95197sf0mju6j","previousOperationId":"l4phjzbt7si0qx7"}
{"type":"log","timestamp":1765018686576,"level":"debug","message":"Starting child request to render pptx dynamic parts","meta":{"rootId":"9h8u5sm7bkoj04k","id":"9h8u5sm7bkoj04k"},"id":"f072bg6rf9lar9u","previousOperationId":"l4phjzbt7si0qx7"}
{"type":"operationStart","subtype":"render","name":"anonymous","previousOperationId":"l4phjzbt7si0qx7","timestamp":1765018686576,"id":"8p6j0u52203oiil","previousEventId":"ubmfsyhxpc8vp6d","operationId":"khb7shnshisdrlj"}
{"type":"log","timestamp":1765018686577,"level":"info","message":"Starting rendering (child) request","meta":{"rootId":"9h8u5sm7bkoj04k","id":"5kbz4c3kja3kmo0"},"id":"k1md0s966xnpv2r","previousOperationId":"khb7shnshisdrlj"}
{"type":"log","timestamp":1765018686577,"level":"info","message":"Rendering anonymous template { recipe: html, engine: handlebars }","meta":{"rootId":"9h8u5sm7bkoj04k","id":"5kbz4c3kja3kmo0"},"id":"eurmf4p46yz5bx8","previousOperationId":"khb7shnshisdrlj"}
{"type":"log","timestamp":1765018686577,"level":"debug","message":"Inline data specified.","meta":{"rootId":"9h8u5sm7bkoj04k","id":"5kbz4c3kja3kmo0"},"id":"xvqsl31731t6jty","previousOperationId":"khb7shnshisdrlj"}
{"type":"log","timestamp":1765018686581,"level":"debug","message":"Base url not specified, skipping its injection.","meta":{"rootId":"9h8u5sm7bkoj04k","id":"5kbz4c3kja3kmo0"},"id":"ldpw2k1ososhoo3","previousOperationId":"khb7shnshisdrlj"}
{"type":"operationStart","subtype":"engine","name":"handlebars","timestamp":1765018686582,"id":"1igo4prlmau0eiq","previousEventId":"8p6j0u52203oiil","operationId":"anfqzv1o89syrk9","previousOperationId":"khb7shnshisdrlj"}
{"type":"log","timestamp":1765018686582,"level":"debug","message":"Rendering engine handlebars","meta":{"rootId":"9h8u5sm7bkoj04k","id":"5kbz4c3kja3kmo0"},"id":"gih41bu1xoo8zwn","previousOperationId":"anfqzv1o89syrk9"}
{"type":"operationEnd","operationId":"anfqzv1o89syrk9","timestamp":1765018686602,"id":"rjk2ps25y98tfqk","previousEventId":"1igo4prlmau0eiq","previousOperationId":"anfqzv1o89syrk9"}
{"type":"operationStart","subtype":"recipe","name":"html","timestamp":1765018686605,"id":"1ilt3zyb9ngk2p6","previousEventId":"rjk2ps25y98tfqk","operationId":"6etduwypk6bjq86","previousOperationId":"anfqzv1o89syrk9"}
{"type":"log","timestamp":1765018686605,"level":"debug","message":"Executing recipe html","meta":{"rootId":"9h8u5sm7bkoj04k","id":"5kbz4c3kja3kmo0"},"id":"0vszb31957tdq68","previousOperationId":"6etduwypk6bjq86"}
{"type":"operationEnd","operationId":"6etduwypk6bjq86","timestamp":1765018686605,"id":"bgbqhcwmwqvhua8","previousEventId":"1ilt3zyb9ngk2p6","previousOperationId":"6etduwypk6bjq86"}
{"type":"log","timestamp":1765018686607,"level":"debug","message":"Skipping storing report.","meta":{"rootId":"9h8u5sm7bkoj04k","id":"5kbz4c3kja3kmo0"},"id":"omfoym8ra020yv9","previousOperationId":"6etduwypk6bjq86"}
{"type":"log","timestamp":1765018686607,"level":"info","message":"Rendering (child) request finished in 1558 ms","meta":{"rootId":"9h8u5sm7bkoj04k","id":"5kbz4c3kja3kmo0"},"id":"t0pxgpvau53hnzi","previousOperationId":"6etduwypk6bjq86"}
{"type":"operationEnd","subtype":"render","operationId":"khb7shnshisdrlj","timestamp":1765018686607,"id":"1u5q4xpi8p17g16","previousEventId":"bgbqhcwmwqvhua8","previousOperationId":"6etduwypk6bjq86"}
{"type":"log","timestamp":1765018687987,"level":"debug","message":"pptx successfully zipped","meta":{"rootId":"9h8u5sm7bkoj04k","id":"9h8u5sm7bkoj04k"},"id":"ain458v55odpue1","previousOperationId":"l4phjzbt7si0qx7"}
{"type":"log","timestamp":1765018687987,"level":"info","message":"pptx generation was finished","meta":{"rootId":"9h8u5sm7bkoj04k","id":"9h8u5sm7bkoj04k"},"id":"h6gw129dh9jsj5n","previousOperationId":"l4phjzbt7si0qx7"}
{"type":"operationEnd","operationId":"l4phjzbt7si0qx7","timestamp":1765018687994,"id":"0kzmke0ee2x1q58","previousEventId":"ubmfsyhxpc8vp6d","previousOperationId":"l4phjzbt7si0qx7"}
{"type":"log","timestamp":1765018687994,"level":"debug","message":"Skipping storing report.","meta":{"rootId":"9h8u5sm7bkoj04k","id":"9h8u5sm7bkoj04k"},"id":"jmk0sj1xgzqa55s","previousOperationId":"l4phjzbt7si0qx7"}
{"type":"log","timestamp":1765018687994,"level":"info","message":"Rendering request 1 finished in 2945 ms","meta":{"rootId":"9h8u5sm7bkoj04k","id":"9h8u5sm7bkoj04k"},"id":"bvze5444yen2c32","previousOperationId":"l4phjzbt7si0qx7"}
{"type":"operationEnd","subtype":"render","operationId":"1g8rnjn1bauensc","timestamp":1765018687994,"id":"olifrbxfthdv6w3","previousEventId":"0kzmke0ee2x1q58","previousOperationId":"l4phjzbt7si0qx7"}
{"type":"operationEnd","doDiffs":false,"previousEventId":"75l5zdluuk25aa2","previousOperationId":"mmb51dhvnbtxrqx","operationId":"mmb51dhvnbtxrqx","timestamp":1765018688001,"id":"lt2lca9mzbg29i2"}
