{"type":"operationStart","subtype":"profile","data":{"_id":"1NrUm9fhoqTVpWvu","timestamp":"2025-12-05T18:37:05.027Z","state":"running","mode":"standard","creationDate":"2025-12-05T18:37:05.030Z","modificationDate":"2025-12-05T18:37:05.030Z","shortid":"fYd3b0H","$entitySet":"profiles","timeout":60000},"doDiffs":false,"timestamp":1764959825029,"id":"m2ypwet6gcrsr31","previousOperationId":null,"operationId":"6i1owihn8wb3sbx"}
{"type":"log","level":"info","message":"Render request 16 queued for execution and waiting for available worker","previousOperationId":"6i1owihn8wb3sbx","timestamp":1764959825029,"id":"v1bxfyiv0zd27mq"}
{"type":"operationStart","subtype":"render","name":"anonymous","previousOperationId":"6i1owihn8wb3sbx","timestamp":1764959825038,"id":"9iq0vik3bdo8gom","previousEventId":"m2ypwet6gcrsr31","operationId":"luxr5rddmr5n4gv"}
{"type":"log","timestamp":1764959825038,"level":"info","message":"Starting rendering request 16","meta":{"rootId":"9lw6ytmmmodvpre","id":"9lw6ytmmmodvpre"},"id":"8qbe87qnadvekzl","previousOperationId":"luxr5rddmr5n4gv"}
{"type":"log","timestamp":1764959825038,"level":"info","message":"Rendering anonymous template { recipe: pptx, engine: handlebars }","meta":{"rootId":"9lw6ytmmmodvpre","id":"9lw6ytmmmodvpre"},"id":"nxowqg41ykikuva","previousOperationId":"luxr5rddmr5n4gv"}
{"type":"log","timestamp":1764959825039,"level":"debug","message":"Inline data specified.","meta":{"rootId":"9lw6ytmmmodvpre","id":"9lw6ytmmmodvpre"},"id":"u8kzmd0x049n87v","previousOperationId":"luxr5rddmr5n4gv"}
{"type":"log","timestamp":1764959825041,"level":"debug","message":"Base url not specified, skipping its injection.","meta":{"rootId":"9lw6ytmmmodvpre","id":"9lw6ytmmmodvpre"},"id":"l5y1ix3x22p8gd0","previousOperationId":"luxr5rddmr5n4gv"}
{"type":"operationStart","subtype":"engine","name":"handlebars","timestamp":1764959825041,"id":"bpb71rhclnt19kh","previousEventId":"9iq0vik3bdo8gom","operationId":"z0nhrtyxziwofrc","previousOperationId":"luxr5rddmr5n4gv"}
{"type":"log","timestamp":1764959825041,"level":"debug","message":"Rendering engine handlebars","meta":{"rootId":"9lw6ytmmmodvpre","id":"9lw6ytmmmodvpre"},"id":"0zj8zqnvzf2j2f0","previousOperationId":"z0nhrtyxziwofrc"}
{"type":"operationEnd","operationId":"z0nhrtyxziwofrc","timestamp":1764959825078,"id":"kgbzt12mvzlptci","previousEventId":"bpb71rhclnt19kh","previousOperationId":"z0nhrtyxziwofrc"}
{"type":"operationStart","subtype":"recipe","name":"pptx","timestamp":1764959825078,"id":"f4j1fxpc0xg585a","previousEventId":"kgbzt12mvzlptci","operationId":"g192i98l49xdfc6","previousOperationId":"z0nhrtyxziwofrc"}
{"type":"log","timestamp":1764959825078,"level":"debug","message":"Executing recipe pptx","meta":{"rootId":"9lw6ytmmmodvpre","id":"9lw6ytmmmodvpre"},"id":"ptwzdp0smrpf0aj","previousOperationId":"g192i98l49xdfc6"}
{"type":"log","timestamp":1764959825078,"level":"info","message":"pptx generation is starting","meta":{"rootId":"9lw6ytmmmodvpre","id":"9lw6ytmmmodvpre"},"id":"o8di26a8dmeh26k","previousOperationId":"g192i98l49xdfc6"}
{"type":"log","timestamp":1764959825148,"level":"debug","message":"Starting child request to render pptx dynamic parts","meta":{"rootId":"9lw6ytmmmodvpre","id":"9lw6ytmmmodvpre"},"id":"lijq1vujvo1xvjl","previousOperationId":"g192i98l49xdfc6"}
{"type":"operationStart","subtype":"render","name":"anonymous","previousOperationId":"g192i98l49xdfc6","timestamp":1764959825149,"id":"zg9ze6k2hw4ci5d","previousEventId":"f4j1fxpc0xg585a","operationId":"qtau1uje2zrg9v9"}
{"type":"log","timestamp":1764959825149,"level":"info","message":"Starting rendering (child) request","meta":{"rootId":"9lw6ytmmmodvpre","id":"e1hruo8e0wzccov"},"id":"fznb78e3eidjugb","previousOperationId":"qtau1uje2zrg9v9"}
{"type":"log","timestamp":1764959825149,"level":"info","message":"Rendering anonymous template { recipe: html, engine: handlebars }","meta":{"rootId":"9lw6ytmmmodvpre","id":"e1hruo8e0wzccov"},"id":"yl44zpvcm5fbuy7","previousOperationId":"qtau1uje2zrg9v9"}
{"type":"log","timestamp":1764959825149,"level":"debug","message":"Inline data specified.","meta":{"rootId":"9lw6ytmmmodvpre","id":"e1hruo8e0wzccov"},"id":"gsm09oeser4ujsa","previousOperationId":"qtau1uje2zrg9v9"}
{"type":"log","timestamp":1764959825150,"level":"debug","message":"Base url not specified, skipping its injection.","meta":{"rootId":"9lw6ytmmmodvpre","id":"e1hruo8e0wzccov"},"id":"87m1sctppuqm708","previousOperationId":"qtau1uje2zrg9v9"}
{"type":"operationStart","subtype":"engine","name":"handlebars","timestamp":1764959825150,"id":"79dccplxw7t61bu","previousEventId":"zg9ze6k2hw4ci5d","operationId":"ehq3r3k69nnobyd","previousOperationId":"qtau1uje2zrg9v9"}
{"type":"log","timestamp":1764959825150,"level":"debug","message":"Rendering engine handlebars","meta":{"rootId":"9lw6ytmmmodvpre","id":"e1hruo8e0wzccov"},"id":"iqpp1sjmq15k5ws","previousOperationId":"ehq3r3k69nnobyd"}
{"type":"operationEnd","operationId":"ehq3r3k69nnobyd","timestamp":1764959825171,"id":"r8ms7fkqs7wtt0v","previousEventId":"79dccplxw7t61bu","previousOperationId":"ehq3r3k69nnobyd"}
{"type":"operationStart","subtype":"recipe","name":"html","timestamp":1764959825173,"id":"1h9xul24guhnjvu","previousEventId":"r8ms7fkqs7wtt0v","operationId":"0zsjzhuyu457i2w","previousOperationId":"ehq3r3k69nnobyd"}
{"type":"log","timestamp":1764959825173,"level":"debug","message":"Executing recipe html","meta":{"rootId":"9lw6ytmmmodvpre","id":"e1hruo8e0wzccov"},"id":"bx12kvjyz7r0ozs","previousOperationId":"0zsjzhuyu457i2w"}
{"type":"operationEnd","operationId":"0zsjzhuyu457i2w","timestamp":1764959825173,"id":"g0h3f1aui8inzdo","previousEventId":"1h9xul24guhnjvu","previousOperationId":"0zsjzhuyu457i2w"}
{"type":"log","timestamp":1764959825173,"level":"debug","message":"Skipping storing report.","meta":{"rootId":"9lw6ytmmmodvpre","id":"e1hruo8e0wzccov"},"id":"2596esuqpssy799","previousOperationId":"0zsjzhuyu457i2w"}
{"type":"log","timestamp":1764959825173,"level":"info","message":"Rendering (child) request finished in 146 ms","meta":{"rootId":"9lw6ytmmmodvpre","id":"e1hruo8e0wzccov"},"id":"plgmb0auelaykpp","previousOperationId":"0zsjzhuyu457i2w"}
{"type":"operationEnd","subtype":"render","operationId":"qtau1uje2zrg9v9","timestamp":1764959825173,"id":"mp1qimdbfrjohg0","previousEventId":"g0h3f1aui8inzdo","previousOperationId":"0zsjzhuyu457i2w"}
{"type":"log","timestamp":1764959825256,"level":"debug","message":"pptx successfully zipped","meta":{"rootId":"9lw6ytmmmodvpre","id":"9lw6ytmmmodvpre"},"id":"1avimgeqgchuv18","previousOperationId":"g192i98l49xdfc6"}
{"type":"log","timestamp":1764959825257,"level":"info","message":"pptx generation was finished","meta":{"rootId":"9lw6ytmmmodvpre","id":"9lw6ytmmmodvpre"},"id":"rejmgksrp48px5n","previousOperationId":"g192i98l49xdfc6"}
{"type":"operationEnd","operationId":"g192i98l49xdfc6","timestamp":1764959825259,"id":"tlfhtb7iuyiu70e","previousEventId":"f4j1fxpc0xg585a","previousOperationId":"g192i98l49xdfc6"}
{"type":"log","timestamp":1764959825259,"level":"debug","message":"Skipping storing report.","meta":{"rootId":"9lw6ytmmmodvpre","id":"9lw6ytmmmodvpre"},"id":"wmvgpd3326k2y2k","previousOperationId":"g192i98l49xdfc6"}
{"type":"log","timestamp":1764959825259,"level":"info","message":"Rendering request 16 finished in 232 ms","meta":{"rootId":"9lw6ytmmmodvpre","id":"9lw6ytmmmodvpre"},"id":"9wwnt6r3mi2vmdy","previousOperationId":"g192i98l49xdfc6"}
{"type":"operationEnd","subtype":"render","operationId":"luxr5rddmr5n4gv","timestamp":1764959825259,"id":"6z0tglnedww9les","previousEventId":"tlfhtb7iuyiu70e","previousOperationId":"g192i98l49xdfc6"}
{"type":"operationEnd","doDiffs":false,"previousEventId":"m2ypwet6gcrsr31","previousOperationId":"6i1owihn8wb3sbx","operationId":"6i1owihn8wb3sbx","timestamp":1764959825262,"id":"o2zlfj6ujli5ysp"}
