{"type":"operationStart","subtype":"profile","data":{"_id":"4jbAc7kUOage3qRy","timestamp":"2025-12-07T11:47:22.776Z","state":"running","mode":"standard","creationDate":"2025-12-07T11:47:22.782Z","modificationDate":"2025-12-07T11:47:22.782Z","shortid":"hQL2AMD","$entitySet":"profiles","timeout":60000},"doDiffs":false,"timestamp":1765108042780,"id":"atulifrh7lq1h78","previousOperationId":null,"operationId":"9e51o6s7yodu934"}
{"type":"log","level":"info","message":"Render request 10 queued for execution and waiting for available worker","previousOperationId":"9e51o6s7yodu934","timestamp":1765108042780,"id":"dzp16kyosfxtdfy"}
{"type":"operationStart","subtype":"render","name":"anonymous","previousOperationId":"9e51o6s7yodu934","timestamp":1765108042831,"id":"1tgeyw3p0v3ryow","previousEventId":"atulifrh7lq1h78","operationId":"uaxzkhq6sm9bjl0"}
{"type":"log","timestamp":1765108042832,"level":"info","message":"Starting rendering request 10","meta":{"rootId":"9s6as0r2cnyfd3k","id":"9s6as0r2cnyfd3k"},"id":"ueebdgfkkyva9iu","previousOperationId":"uaxzkhq6sm9bjl0"}
{"type":"log","timestamp":1765108042832,"level":"info","message":"Rendering anonymous template { recipe: pptx, engine: handlebars }","meta":{"rootId":"9s6as0r2cnyfd3k","id":"9s6as0r2cnyfd3k"},"id":"babwj20x55jim08","previousOperationId":"uaxzkhq6sm9bjl0"}
{"type":"log","timestamp":1765108042832,"level":"debug","message":"Inline data specified.","meta":{"rootId":"9s6as0r2cnyfd3k","id":"9s6as0r2cnyfd3k"},"id":"ntvbsp0myl86l9k","previousOperationId":"uaxzkhq6sm9bjl0"}
{"type":"log","timestamp":1765108042838,"level":"debug","message":"Base url not specified, skipping its injection.","meta":{"rootId":"9s6as0r2cnyfd3k","id":"9s6as0r2cnyfd3k"},"id":"450wxu4oyuk574y","previousOperationId":"uaxzkhq6sm9bjl0"}
{"type":"operationStart","subtype":"engine","name":"handlebars","timestamp":1765108042839,"id":"trex5uzfmpsggim","previousEventId":"1tgeyw3p0v3ryow","operationId":"9ah7pjjam5ekn0l","previousOperationId":"uaxzkhq6sm9bjl0"}
{"type":"log","timestamp":1765108042840,"level":"debug","message":"Rendering engine handlebars","meta":{"rootId":"9s6as0r2cnyfd3k","id":"9s6as0r2cnyfd3k"},"id":"slisn3aibqdndo5","previousOperationId":"9ah7pjjam5ekn0l"}
{"type":"operationEnd","operationId":"9ah7pjjam5ekn0l","timestamp":1765108042872,"id":"mxoypl4tclouz8r","previousEventId":"trex5uzfmpsggim","previousOperationId":"9ah7pjjam5ekn0l"}
{"type":"operationStart","subtype":"recipe","name":"pptx","timestamp":1765108042873,"id":"v19yyb9emyeadvo","previousEventId":"mxoypl4tclouz8r","operationId":"nlpyba7e2wh89lr","previousOperationId":"9ah7pjjam5ekn0l"}
{"type":"log","timestamp":1765108042873,"level":"debug","message":"Executing recipe pptx","meta":{"rootId":"9s6as0r2cnyfd3k","id":"9s6as0r2cnyfd3k"},"id":"ieneuafxoqo1m62","previousOperationId":"nlpyba7e2wh89lr"}
{"type":"log","timestamp":1765108042893,"level":"info","message":"pptx generation is starting","meta":{"rootId":"9s6as0r2cnyfd3k","id":"9s6as0r2cnyfd3k"},"id":"hmd4l4hq543peuo","previousOperationId":"nlpyba7e2wh89lr"}
{"type":"log","timestamp":1765108044434,"level":"debug","message":"Starting child request to render pptx dynamic parts","meta":{"rootId":"9s6as0r2cnyfd3k","id":"9s6as0r2cnyfd3k"},"id":"gxeobm1a4k6e4pn","previousOperationId":"nlpyba7e2wh89lr"}
{"type":"operationStart","subtype":"render","name":"anonymous","previousOperationId":"nlpyba7e2wh89lr","timestamp":1765108044435,"id":"7gy8l31v43to8pl","previousEventId":"v19yyb9emyeadvo","operationId":"pxx1wminka82yan"}
{"type":"log","timestamp":1765108044435,"level":"info","message":"Starting rendering (child) request","meta":{"rootId":"9s6as0r2cnyfd3k","id":"azwt1v0av4yy5wo"},"id":"eu47e3w4r2lpx1y","previousOperationId":"pxx1wminka82yan"}
{"type":"log","timestamp":1765108044435,"level":"info","message":"Rendering anonymous template { recipe: html, engine: handlebars }","meta":{"rootId":"9s6as0r2cnyfd3k","id":"azwt1v0av4yy5wo"},"id":"gn6psy8pcla7n18","previousOperationId":"pxx1wminka82yan"}
{"type":"log","timestamp":1765108044435,"level":"debug","message":"Inline data specified.","meta":{"rootId":"9s6as0r2cnyfd3k","id":"azwt1v0av4yy5wo"},"id":"m4fgu71ui11satz","previousOperationId":"pxx1wminka82yan"}
{"type":"log","timestamp":1765108044446,"level":"debug","message":"Base url not specified, skipping its injection.","meta":{"rootId":"9s6as0r2cnyfd3k","id":"azwt1v0av4yy5wo"},"id":"ymqtpoylg2nlnht","previousOperationId":"pxx1wminka82yan"}
{"type":"operationStart","subtype":"engine","name":"handlebars","timestamp":1765108044448,"id":"omhihhto37eh5ji","previousEventId":"7gy8l31v43to8pl","operationId":"6vnaqra4pnj1gps","previousOperationId":"pxx1wminka82yan"}
{"type":"log","timestamp":1765108044448,"level":"debug","message":"Rendering engine handlebars","meta":{"rootId":"9s6as0r2cnyfd3k","id":"azwt1v0av4yy5wo"},"id":"e4v7z079lm7tiqe","previousOperationId":"6vnaqra4pnj1gps"}
{"type":"operationEnd","operationId":"6vnaqra4pnj1gps","timestamp":1765108044556,"id":"at43ugz20gbmnl7","previousEventId":"omhihhto37eh5ji","previousOperationId":"6vnaqra4pnj1gps"}
{"type":"operationStart","subtype":"recipe","name":"html","timestamp":1765108044569,"id":"qyck8gj5jy6dkez","previousEventId":"at43ugz20gbmnl7","operationId":"om6exopm80q7n7h","previousOperationId":"6vnaqra4pnj1gps"}
{"type":"log","timestamp":1765108044569,"level":"debug","message":"Executing recipe html","meta":{"rootId":"9s6as0r2cnyfd3k","id":"azwt1v0av4yy5wo"},"id":"wakqyq2vq0w12wv","previousOperationId":"om6exopm80q7n7h"}
{"type":"operationEnd","operationId":"om6exopm80q7n7h","timestamp":1765108044570,"id":"hx481z2p41y1267","previousEventId":"qyck8gj5jy6dkez","previousOperationId":"om6exopm80q7n7h"}
{"type":"log","timestamp":1765108044570,"level":"debug","message":"Skipping storing report.","meta":{"rootId":"9s6as0r2cnyfd3k","id":"azwt1v0av4yy5wo"},"id":"wan5u1l4fwkdmi6","previousOperationId":"om6exopm80q7n7h"}
{"type":"log","timestamp":1765108044570,"level":"info","message":"Rendering (child) request finished in 1795 ms","meta":{"rootId":"9s6as0r2cnyfd3k","id":"azwt1v0av4yy5wo"},"id":"l85unul1v2f6ts5","previousOperationId":"om6exopm80q7n7h"}
{"type":"operationEnd","subtype":"render","operationId":"pxx1wminka82yan","timestamp":1765108044570,"id":"41izzo8nlv2z8tr","previousEventId":"hx481z2p41y1267","previousOperationId":"om6exopm80q7n7h"}
{"type":"log","timestamp":1765108051900,"level":"debug","message":"pptx successfully zipped","meta":{"rootId":"9s6as0r2cnyfd3k","id":"9s6as0r2cnyfd3k"},"id":"l6oj1e4qtm6fue1","previousOperationId":"nlpyba7e2wh89lr"}
{"type":"log","timestamp":1765108051900,"level":"info","message":"pptx generation was finished","meta":{"rootId":"9s6as0r2cnyfd3k","id":"9s6as0r2cnyfd3k"},"id":"2ann4fxrgzdjoe2","previousOperationId":"nlpyba7e2wh89lr"}
{"type":"operationEnd","operationId":"nlpyba7e2wh89lr","timestamp":1765108051910,"id":"u8epdcff8nhb6t9","previousEventId":"v19yyb9emyeadvo","previousOperationId":"nlpyba7e2wh89lr"}
{"type":"log","timestamp":1765108051911,"level":"debug","message":"Skipping storing report.","meta":{"rootId":"9s6as0r2cnyfd3k","id":"9s6as0r2cnyfd3k"},"id":"amdcy833n2ias82","previousOperationId":"nlpyba7e2wh89lr"}
{"type":"log","timestamp":1765108051911,"level":"info","message":"Rendering request 10 finished in 9136 ms","meta":{"rootId":"9s6as0r2cnyfd3k","id":"9s6as0r2cnyfd3k"},"id":"clxzdd8b7aj77qz","previousOperationId":"nlpyba7e2wh89lr"}
{"type":"operationEnd","subtype":"render","operationId":"uaxzkhq6sm9bjl0","timestamp":1765108051911,"id":"8xdt8pwmp9cbc2x","previousEventId":"u8epdcff8nhb6t9","previousOperationId":"nlpyba7e2wh89lr"}
{"type":"operationEnd","doDiffs":false,"previousEventId":"atulifrh7lq1h78","previousOperationId":"9e51o6s7yodu934","operationId":"9e51o6s7yodu934","timestamp":1765108051916,"id":"v8pp6a5gsc3bzeo"}
