{"type":"operationStart","subtype":"profile","data":{"_id":"1yiBLgU6uNpG2zR4","timestamp":"2025-12-05T22:57:23.950Z","state":"running","mode":"standard","creationDate":"2025-12-05T22:57:23.956Z","modificationDate":"2025-12-05T22:57:23.956Z","shortid":"CDkrv0H","$entitySet":"profiles","timeout":60000},"doDiffs":false,"timestamp":1764975443953,"id":"g35lwzf5lzog8l1","previousOperationId":null,"operationId":"irorgza3101898h"}
{"type":"log","level":"info","message":"Render request 6 queued for execution and waiting for available worker","previousOperationId":"irorgza3101898h","timestamp":1764975443953,"id":"n33hhdgssrjv98r"}
{"type":"operationStart","subtype":"render","name":"anonymous","previousOperationId":"irorgza3101898h","timestamp":1764975443970,"id":"d0dtb2jw7b20m2l","previousEventId":"g35lwzf5lzog8l1","operationId":"gvjgbitxa3065xq"}
{"type":"log","timestamp":1764975443971,"level":"info","message":"Starting rendering request 6","meta":{"rootId":"9tf2mrgnvq8tqbe","id":"9tf2mrgnvq8tqbe"},"id":"5eiegx2ui371h52","previousOperationId":"gvjgbitxa3065xq"}
{"type":"log","timestamp":1764975443971,"level":"info","message":"Rendering anonymous template { recipe: pptx, engine: handlebars }","meta":{"rootId":"9tf2mrgnvq8tqbe","id":"9tf2mrgnvq8tqbe"},"id":"mpwd8c13zsz4d2e","previousOperationId":"gvjgbitxa3065xq"}
{"type":"log","timestamp":1764975443971,"level":"debug","message":"Inline data specified.","meta":{"rootId":"9tf2mrgnvq8tqbe","id":"9tf2mrgnvq8tqbe"},"id":"5q0to2n6jwhhec6","previousOperationId":"gvjgbitxa3065xq"}
{"type":"log","timestamp":1764975443974,"level":"debug","message":"Base url not specified, skipping its injection.","meta":{"rootId":"9tf2mrgnvq8tqbe","id":"9tf2mrgnvq8tqbe"},"id":"jd3u2j1wrnnng1o","previousOperationId":"gvjgbitxa3065xq"}
{"type":"operationStart","subtype":"engine","name":"handlebars","timestamp":1764975443975,"id":"vl98fj4faqz16gd","previousEventId":"d0dtb2jw7b20m2l","operationId":"jlvf33iwcyhkqly","previousOperationId":"gvjgbitxa3065xq"}
{"type":"log","timestamp":1764975443975,"level":"debug","message":"Rendering engine handlebars","meta":{"rootId":"9tf2mrgnvq8tqbe","id":"9tf2mrgnvq8tqbe"},"id":"ikt1xvka6i3riwg","previousOperationId":"jlvf33iwcyhkqly"}
{"type":"operationEnd","operationId":"jlvf33iwcyhkqly","timestamp":1764975443990,"id":"dgy14muwvr3cduj","previousEventId":"vl98fj4faqz16gd","previousOperationId":"jlvf33iwcyhkqly"}
{"type":"operationStart","subtype":"recipe","name":"pptx","timestamp":1764975443991,"id":"h0y940vwpo85vij","previousEventId":"dgy14muwvr3cduj","operationId":"91lraigd9gk3trb","previousOperationId":"jlvf33iwcyhkqly"}
{"type":"log","timestamp":1764975443991,"level":"debug","message":"Executing recipe pptx","meta":{"rootId":"9tf2mrgnvq8tqbe","id":"9tf2mrgnvq8tqbe"},"id":"n1xd3q9mufdx2g5","previousOperationId":"91lraigd9gk3trb"}
{"type":"log","timestamp":1764975443992,"level":"info","message":"pptx generation is starting","meta":{"rootId":"9tf2mrgnvq8tqbe","id":"9tf2mrgnvq8tqbe"},"id":"lm49srpaamdd42k","previousOperationId":"91lraigd9gk3trb"}
{"type":"log","timestamp":1764975444105,"level":"debug","message":"Starting child request to render pptx dynamic parts","meta":{"rootId":"9tf2mrgnvq8tqbe","id":"9tf2mrgnvq8tqbe"},"id":"6mtvp8qykhy0ad4","previousOperationId":"91lraigd9gk3trb"}
{"type":"operationStart","subtype":"render","name":"anonymous","previousOperationId":"91lraigd9gk3trb","timestamp":1764975444105,"id":"6zynjelqtmfnsul","previousEventId":"h0y940vwpo85vij","operationId":"i40m7aok0nup3bd"}
{"type":"log","timestamp":1764975444105,"level":"info","message":"Starting rendering (child) request","meta":{"rootId":"9tf2mrgnvq8tqbe","id":"g8hqiq3fkv66sct"},"id":"ena6c6h5pouh23y","previousOperationId":"i40m7aok0nup3bd"}
{"type":"log","timestamp":1764975444105,"level":"info","message":"Rendering anonymous template { recipe: html, engine: handlebars }","meta":{"rootId":"9tf2mrgnvq8tqbe","id":"g8hqiq3fkv66sct"},"id":"suaf7d5e2vhjxoa","previousOperationId":"i40m7aok0nup3bd"}
{"type":"log","timestamp":1764975444105,"level":"debug","message":"Inline data specified.","meta":{"rootId":"9tf2mrgnvq8tqbe","id":"g8hqiq3fkv66sct"},"id":"2i8qkj4ecwdkgcm","previousOperationId":"i40m7aok0nup3bd"}
{"type":"log","timestamp":1764975444107,"level":"debug","message":"Base url not specified, skipping its injection.","meta":{"rootId":"9tf2mrgnvq8tqbe","id":"g8hqiq3fkv66sct"},"id":"m7u1nujbe6344xv","previousOperationId":"i40m7aok0nup3bd"}
{"type":"operationStart","subtype":"engine","name":"handlebars","timestamp":1764975444108,"id":"4ngeln2qp4ws4nx","previousEventId":"6zynjelqtmfnsul","operationId":"rt06pjybq1ue5yt","previousOperationId":"i40m7aok0nup3bd"}
{"type":"log","timestamp":1764975444108,"level":"debug","message":"Rendering engine handlebars","meta":{"rootId":"9tf2mrgnvq8tqbe","id":"g8hqiq3fkv66sct"},"id":"4qvma4djis0gmwr","previousOperationId":"rt06pjybq1ue5yt"}
{"type":"operationEnd","operationId":"rt06pjybq1ue5yt","timestamp":1764975444137,"id":"2wn65ymzdr3loes","previousEventId":"4ngeln2qp4ws4nx","previousOperationId":"rt06pjybq1ue5yt"}
{"type":"operationStart","subtype":"recipe","name":"html","timestamp":1764975444139,"id":"mtv7sosbfskao5t","previousEventId":"2wn65ymzdr3loes","operationId":"ceomcjpr1tl9m5h","previousOperationId":"rt06pjybq1ue5yt"}
{"type":"log","timestamp":1764975444139,"level":"debug","message":"Executing recipe html","meta":{"rootId":"9tf2mrgnvq8tqbe","id":"g8hqiq3fkv66sct"},"id":"bsr04khks5h2amq","previousOperationId":"ceomcjpr1tl9m5h"}
{"type":"operationEnd","operationId":"ceomcjpr1tl9m5h","timestamp":1764975444139,"id":"zwe89am04c3wkeu","previousEventId":"mtv7sosbfskao5t","previousOperationId":"ceomcjpr1tl9m5h"}
{"type":"log","timestamp":1764975444139,"level":"debug","message":"Skipping storing report.","meta":{"rootId":"9tf2mrgnvq8tqbe","id":"g8hqiq3fkv66sct"},"id":"4qoygs2bgqy0qjj","previousOperationId":"ceomcjpr1tl9m5h"}
{"type":"log","timestamp":1764975444139,"level":"info","message":"Rendering (child) request finished in 190 ms","meta":{"rootId":"9tf2mrgnvq8tqbe","id":"g8hqiq3fkv66sct"},"id":"3rd8h32khf9p7t9","previousOperationId":"ceomcjpr1tl9m5h"}
{"type":"operationEnd","subtype":"render","operationId":"i40m7aok0nup3bd","timestamp":1764975444139,"id":"2em0wmrit28pwtz","previousEventId":"zwe89am04c3wkeu","previousOperationId":"ceomcjpr1tl9m5h"}
{"type":"log","timestamp":1764975444267,"level":"debug","message":"pptx successfully zipped","meta":{"rootId":"9tf2mrgnvq8tqbe","id":"9tf2mrgnvq8tqbe"},"id":"xlw56pozz99nuqo","previousOperationId":"91lraigd9gk3trb"}
{"type":"log","timestamp":1764975444267,"level":"info","message":"pptx generation was finished","meta":{"rootId":"9tf2mrgnvq8tqbe","id":"9tf2mrgnvq8tqbe"},"id":"p0bv9g12xs8gcvt","previousOperationId":"91lraigd9gk3trb"}
{"type":"operationEnd","operationId":"91lraigd9gk3trb","timestamp":1764975444270,"id":"45s025272wjc8cu","previousEventId":"h0y940vwpo85vij","previousOperationId":"91lraigd9gk3trb"}
{"type":"log","timestamp":1764975444271,"level":"debug","message":"Skipping storing report.","meta":{"rootId":"9tf2mrgnvq8tqbe","id":"9tf2mrgnvq8tqbe"},"id":"el05518uyekyyqg","previousOperationId":"91lraigd9gk3trb"}
{"type":"log","timestamp":1764975444271,"level":"info","message":"Rendering request 6 finished in 322 ms","meta":{"rootId":"9tf2mrgnvq8tqbe","id":"9tf2mrgnvq8tqbe"},"id":"1rdlcmikz8a9kux","previousOperationId":"91lraigd9gk3trb"}
{"type":"operationEnd","subtype":"render","operationId":"gvjgbitxa3065xq","timestamp":1764975444271,"id":"2mxu8dec98dicqs","previousEventId":"45s025272wjc8cu","previousOperationId":"91lraigd9gk3trb"}
{"type":"operationEnd","doDiffs":false,"previousEventId":"g35lwzf5lzog8l1","previousOperationId":"irorgza3101898h","operationId":"irorgza3101898h","timestamp":1764975444276,"id":"1wh62jmzqdadsdx"}
