{"type":"operationStart","subtype":"profile","data":{"_id":"TFc0muF0q9c7ztRa","timestamp":"2025-12-06T14:41:08.263Z","state":"running","mode":"standard","creationDate":"2025-12-06T14:41:08.265Z","modificationDate":"2025-12-06T14:41:08.265Z","shortid":"qtdAIHQ","$entitySet":"profiles","timeout":60000},"doDiffs":false,"timestamp":1765032068264,"id":"hnov9nqmn0kud3d","previousOperationId":null,"operationId":"yn2f4m0dx1vlbk2"}
{"type":"log","level":"info","message":"Render request 5 queued for execution and waiting for available worker","previousOperationId":"yn2f4m0dx1vlbk2","timestamp":1765032068264,"id":"g6wuxuhbdn7sxbz"}
{"type":"operationStart","subtype":"render","name":"anonymous","previousOperationId":"yn2f4m0dx1vlbk2","timestamp":1765032068277,"id":"s6yzt0wsuup27qi","previousEventId":"hnov9nqmn0kud3d","operationId":"jeqi0g4svt2xlvb"}
{"type":"log","timestamp":1765032068277,"level":"info","message":"Starting rendering request 5","meta":{"rootId":"9u5lox26en6dur4","id":"9u5lox26en6dur4"},"id":"ev15q1ukz9dknzg","previousOperationId":"jeqi0g4svt2xlvb"}
{"type":"log","timestamp":1765032068278,"level":"info","message":"Rendering anonymous template { recipe: pptx, engine: handlebars }","meta":{"rootId":"9u5lox26en6dur4","id":"9u5lox26en6dur4"},"id":"3bt5q1lsh2h5g1m","previousOperationId":"jeqi0g4svt2xlvb"}
{"type":"log","timestamp":1765032068278,"level":"debug","message":"Inline data specified.","meta":{"rootId":"9u5lox26en6dur4","id":"9u5lox26en6dur4"},"id":"9wtm552k970h5cf","previousOperationId":"jeqi0g4svt2xlvb"}
{"type":"log","timestamp":1765032068280,"level":"debug","message":"Base url not specified, skipping its injection.","meta":{"rootId":"9u5lox26en6dur4","id":"9u5lox26en6dur4"},"id":"7ua475bv4p8af4t","previousOperationId":"jeqi0g4svt2xlvb"}
{"type":"operationStart","subtype":"engine","name":"handlebars","timestamp":1765032068281,"id":"0hriu6z004j9zcx","previousEventId":"s6yzt0wsuup27qi","operationId":"6fs3zb79ah3g99h","previousOperationId":"jeqi0g4svt2xlvb"}
{"type":"log","timestamp":1765032068281,"level":"debug","message":"Rendering engine handlebars","meta":{"rootId":"9u5lox26en6dur4","id":"9u5lox26en6dur4"},"id":"ngnd43jiwspc10r","previousOperationId":"6fs3zb79ah3g99h"}
{"type":"operationEnd","operationId":"6fs3zb79ah3g99h","timestamp":1765032068296,"id":"clxblny7gt89a3g","previousEventId":"0hriu6z004j9zcx","previousOperationId":"6fs3zb79ah3g99h"}
{"type":"operationStart","subtype":"recipe","name":"pptx","timestamp":1765032068297,"id":"byz6c4g6vgznbh7","previousEventId":"clxblny7gt89a3g","operationId":"66nhj6xkzdge7rc","previousOperationId":"6fs3zb79ah3g99h"}
{"type":"log","timestamp":1765032068297,"level":"debug","message":"Executing recipe pptx","meta":{"rootId":"9u5lox26en6dur4","id":"9u5lox26en6dur4"},"id":"ycy98ftk582tg32","previousOperationId":"66nhj6xkzdge7rc"}
{"type":"log","timestamp":1765032068297,"level":"info","message":"pptx generation is starting","meta":{"rootId":"9u5lox26en6dur4","id":"9u5lox26en6dur4"},"id":"koqmybs13zvvemi","previousOperationId":"66nhj6xkzdge7rc"}
{"type":"log","timestamp":1765032068408,"level":"debug","message":"Starting child request to render pptx dynamic parts","meta":{"rootId":"9u5lox26en6dur4","id":"9u5lox26en6dur4"},"id":"uh5674e46k8stnr","previousOperationId":"66nhj6xkzdge7rc"}
{"type":"operationStart","subtype":"render","name":"anonymous","previousOperationId":"66nhj6xkzdge7rc","timestamp":1765032068409,"id":"qxp0daopqh7chc1","previousEventId":"byz6c4g6vgznbh7","operationId":"j3ccz6160qz5m5o"}
{"type":"log","timestamp":1765032068409,"level":"info","message":"Starting rendering (child) request","meta":{"rootId":"9u5lox26en6dur4","id":"yk2flbbog4sn48h"},"id":"ymy6upcuo5s65ev","previousOperationId":"j3ccz6160qz5m5o"}
{"type":"log","timestamp":1765032068409,"level":"info","message":"Rendering anonymous template { recipe: html, engine: handlebars }","meta":{"rootId":"9u5lox26en6dur4","id":"yk2flbbog4sn48h"},"id":"8vyhl48atu5eox7","previousOperationId":"j3ccz6160qz5m5o"}
{"type":"log","timestamp":1765032068409,"level":"debug","message":"Inline data specified.","meta":{"rootId":"9u5lox26en6dur4","id":"yk2flbbog4sn48h"},"id":"36n9axmujzfg23t","previousOperationId":"j3ccz6160qz5m5o"}
{"type":"log","timestamp":1765032068418,"level":"debug","message":"Base url not specified, skipping its injection.","meta":{"rootId":"9u5lox26en6dur4","id":"yk2flbbog4sn48h"},"id":"nfdv798uelqv7zj","previousOperationId":"j3ccz6160qz5m5o"}
{"type":"operationStart","subtype":"engine","name":"handlebars","timestamp":1765032068419,"id":"5th7gq171cgidlz","previousEventId":"qxp0daopqh7chc1","operationId":"1ieex0x0fxqubb3","previousOperationId":"j3ccz6160qz5m5o"}
{"type":"log","timestamp":1765032068419,"level":"debug","message":"Rendering engine handlebars","meta":{"rootId":"9u5lox26en6dur4","id":"yk2flbbog4sn48h"},"id":"14qbdutqadr96sm","previousOperationId":"1ieex0x0fxqubb3"}
{"type":"operationEnd","operationId":"1ieex0x0fxqubb3","timestamp":1765032068439,"id":"me596j0nsh871h1","previousEventId":"5th7gq171cgidlz","previousOperationId":"1ieex0x0fxqubb3"}
{"type":"operationStart","subtype":"recipe","name":"html","timestamp":1765032068441,"id":"0ap8nxwaimgzeb0","previousEventId":"me596j0nsh871h1","operationId":"005kf8958k2x5i5","previousOperationId":"1ieex0x0fxqubb3"}
{"type":"log","timestamp":1765032068441,"level":"debug","message":"Executing recipe html","meta":{"rootId":"9u5lox26en6dur4","id":"yk2flbbog4sn48h"},"id":"jt7ej94y5op4z8c","previousOperationId":"005kf8958k2x5i5"}
{"type":"operationEnd","operationId":"005kf8958k2x5i5","timestamp":1765032068441,"id":"yx06yx1rhyu9odb","previousEventId":"0ap8nxwaimgzeb0","previousOperationId":"005kf8958k2x5i5"}
{"type":"log","timestamp":1765032068441,"level":"debug","message":"Skipping storing report.","meta":{"rootId":"9u5lox26en6dur4","id":"yk2flbbog4sn48h"},"id":"0urqxnb4w4otzf9","previousOperationId":"005kf8958k2x5i5"}
{"type":"log","timestamp":1765032068441,"level":"info","message":"Rendering (child) request finished in 179 ms","meta":{"rootId":"9u5lox26en6dur4","id":"yk2flbbog4sn48h"},"id":"pflzqmv61dkpd8l","previousOperationId":"005kf8958k2x5i5"}
{"type":"operationEnd","subtype":"render","operationId":"j3ccz6160qz5m5o","timestamp":1765032068441,"id":"6ojm68ao8nq4ivs","previousEventId":"yx06yx1rhyu9odb","previousOperationId":"005kf8958k2x5i5"}
{"type":"log","timestamp":1765032070071,"level":"debug","message":"pptx successfully zipped","meta":{"rootId":"9u5lox26en6dur4","id":"9u5lox26en6dur4"},"id":"a0q123qoy2vqwsc","previousOperationId":"66nhj6xkzdge7rc"}
{"type":"log","timestamp":1765032070071,"level":"info","message":"pptx generation was finished","meta":{"rootId":"9u5lox26en6dur4","id":"9u5lox26en6dur4"},"id":"g2ldiewsirv9ekt","previousOperationId":"66nhj6xkzdge7rc"}
{"type":"operationEnd","operationId":"66nhj6xkzdge7rc","timestamp":1765032070076,"id":"d5ywt0ekec0h985","previousEventId":"byz6c4g6vgznbh7","previousOperationId":"66nhj6xkzdge7rc"}
{"type":"log","timestamp":1765032070076,"level":"debug","message":"Skipping storing report.","meta":{"rootId":"9u5lox26en6dur4","id":"9u5lox26en6dur4"},"id":"arjc2jwize1zljr","previousOperationId":"66nhj6xkzdge7rc"}
{"type":"log","timestamp":1765032070077,"level":"info","message":"Rendering request 5 finished in 1815 ms","meta":{"rootId":"9u5lox26en6dur4","id":"9u5lox26en6dur4"},"id":"r5jtwbrz4ah6thh","previousOperationId":"66nhj6xkzdge7rc"}
{"type":"operationEnd","subtype":"render","operationId":"jeqi0g4svt2xlvb","timestamp":1765032070077,"id":"yix10a7fekdocle","previousEventId":"d5ywt0ekec0h985","previousOperationId":"66nhj6xkzdge7rc"}
{"type":"operationEnd","doDiffs":false,"previousEventId":"hnov9nqmn0kud3d","previousOperationId":"yn2f4m0dx1vlbk2","operationId":"yn2f4m0dx1vlbk2","timestamp":1765032070080,"id":"heb30pzpxyc6e6l"}
