{"type":"operationStart","subtype":"profile","data":{"_id":"DyEiW0vhPcyRsgF7","timestamp":"2025-12-05T16:28:49.625Z","state":"running","mode":"standard","creationDate":"2025-12-05T16:28:49.631Z","modificationDate":"2025-12-05T16:28:49.631Z","shortid":"McfHhRg","$entitySet":"profiles","timeout":60000},"doDiffs":false,"timestamp":1764952129629,"id":"95zgbe4yncf088a","previousOperationId":null,"operationId":"50tu6gxztdtpw8f"}
{"type":"log","level":"info","message":"Render request 2 queued for execution and waiting for available worker","previousOperationId":"50tu6gxztdtpw8f","timestamp":1764952129629,"id":"po5n0vyehslpgdw"}
{"type":"operationStart","subtype":"render","name":"anonymous","previousOperationId":"50tu6gxztdtpw8f","timestamp":1764952129658,"id":"m8z5q4us9i1c395","previousEventId":"95zgbe4yncf088a","operationId":"7vqine49ekxjhm6"}
{"type":"log","timestamp":1764952129660,"level":"info","message":"Starting rendering request 2","meta":{"rootId":"9ypwwv3f1il3rp4","id":"9ypwwv3f1il3rp4"},"id":"er5vxjg235bfla3","previousOperationId":"7vqine49ekxjhm6"}
{"type":"log","timestamp":1764952129664,"level":"info","message":"Rendering anonymous template { recipe: pptx, engine: handlebars }","meta":{"rootId":"9ypwwv3f1il3rp4","id":"9ypwwv3f1il3rp4"},"id":"c2xrp021qap90s0","previousOperationId":"7vqine49ekxjhm6"}
{"type":"log","timestamp":1764952129665,"level":"debug","message":"Inline data specified.","meta":{"rootId":"9ypwwv3f1il3rp4","id":"9ypwwv3f1il3rp4"},"id":"thegr208ovivm0s","previousOperationId":"7vqine49ekxjhm6"}
{"type":"log","timestamp":1764952129671,"level":"debug","message":"Base url not specified, skipping its injection.","meta":{"rootId":"9ypwwv3f1il3rp4","id":"9ypwwv3f1il3rp4"},"id":"yjbhkjbxu5koaz1","previousOperationId":"7vqine49ekxjhm6"}
{"type":"operationStart","subtype":"engine","name":"handlebars","timestamp":1764952129674,"id":"cr016hg2c4fkpzk","previousEventId":"m8z5q4us9i1c395","operationId":"sya6pdbz5kzgiu4","previousOperationId":"7vqine49ekxjhm6"}
{"type":"log","timestamp":1764952129674,"level":"debug","message":"Rendering engine handlebars","meta":{"rootId":"9ypwwv3f1il3rp4","id":"9ypwwv3f1il3rp4"},"id":"nt0sd9tuw6bsa5g","previousOperationId":"sya6pdbz5kzgiu4"}
{"type":"operationEnd","operationId":"sya6pdbz5kzgiu4","timestamp":1764952130874,"id":"93sy0fk2e3j30lf","previousEventId":"cr016hg2c4fkpzk","previousOperationId":"sya6pdbz5kzgiu4"}
{"type":"operationStart","subtype":"recipe","name":"pptx","timestamp":1764952130875,"id":"bsrbnriwpfem6q2","previousEventId":"93sy0fk2e3j30lf","operationId":"l9ctnnzeq50fgza","previousOperationId":"sya6pdbz5kzgiu4"}
{"type":"log","timestamp":1764952130875,"level":"debug","message":"Executing recipe pptx","meta":{"rootId":"9ypwwv3f1il3rp4","id":"9ypwwv3f1il3rp4"},"id":"ymxpa0s0a1qrisv","previousOperationId":"l9ctnnzeq50fgza"}
{"type":"log","timestamp":1764952131098,"level":"info","message":"pptx generation is starting","meta":{"rootId":"9ypwwv3f1il3rp4","id":"9ypwwv3f1il3rp4"},"id":"h0gcz50h9e7os6x","previousOperationId":"l9ctnnzeq50fgza"}
{"type":"log","timestamp":1764952131271,"level":"debug","message":"Starting child request to render pptx dynamic parts","meta":{"rootId":"9ypwwv3f1il3rp4","id":"9ypwwv3f1il3rp4"},"id":"71o0f9803rvmwnu","previousOperationId":"l9ctnnzeq50fgza"}
{"type":"operationStart","subtype":"render","name":"anonymous","previousOperationId":"l9ctnnzeq50fgza","timestamp":1764952131273,"id":"98d4m8t7e6w7tz7","previousEventId":"bsrbnriwpfem6q2","operationId":"1o91trbotm2cdn2"}
{"type":"log","timestamp":1764952131273,"level":"info","message":"Starting rendering (child) request","meta":{"rootId":"9ypwwv3f1il3rp4","id":"9wwx4bdhdutc7gi"},"id":"x1uwdukpdex57oq","previousOperationId":"1o91trbotm2cdn2"}
{"type":"log","timestamp":1764952131273,"level":"info","message":"Rendering anonymous template { recipe: html, engine: handlebars }","meta":{"rootId":"9ypwwv3f1il3rp4","id":"9wwx4bdhdutc7gi"},"id":"0fqt3pol16z1q3a","previousOperationId":"1o91trbotm2cdn2"}
{"type":"log","timestamp":1764952131273,"level":"debug","message":"Inline data specified.","meta":{"rootId":"9ypwwv3f1il3rp4","id":"9wwx4bdhdutc7gi"},"id":"ympntcnk1mpd2qa","previousOperationId":"1o91trbotm2cdn2"}
{"type":"log","timestamp":1764952131279,"level":"debug","message":"Base url not specified, skipping its injection.","meta":{"rootId":"9ypwwv3f1il3rp4","id":"9wwx4bdhdutc7gi"},"id":"co2j22s1aol68w8","previousOperationId":"1o91trbotm2cdn2"}
{"type":"operationStart","subtype":"engine","name":"handlebars","timestamp":1764952131280,"id":"p3ew649q5lbj7qe","previousEventId":"98d4m8t7e6w7tz7","operationId":"tu8x404048e8zfj","previousOperationId":"1o91trbotm2cdn2"}
{"type":"log","timestamp":1764952131280,"level":"debug","message":"Rendering engine handlebars","meta":{"rootId":"9ypwwv3f1il3rp4","id":"9wwx4bdhdutc7gi"},"id":"heksq7xuf5262ur","previousOperationId":"tu8x404048e8zfj"}
{"type":"operationEnd","operationId":"tu8x404048e8zfj","timestamp":1764952131312,"id":"fotrq24uqw3ty2d","previousEventId":"p3ew649q5lbj7qe","previousOperationId":"tu8x404048e8zfj"}
{"type":"operationStart","subtype":"recipe","name":"html","timestamp":1764952131313,"id":"hcfaoc7ukslcq6g","previousEventId":"fotrq24uqw3ty2d","operationId":"fczrhhon6q0409n","previousOperationId":"tu8x404048e8zfj"}
{"type":"log","timestamp":1764952131313,"level":"debug","message":"Executing recipe html","meta":{"rootId":"9ypwwv3f1il3rp4","id":"9wwx4bdhdutc7gi"},"id":"5lc6v4h0r53jjj5","previousOperationId":"fczrhhon6q0409n"}
{"type":"operationEnd","operationId":"fczrhhon6q0409n","timestamp":1764952131313,"id":"dshik9ghyu22ms1","previousEventId":"hcfaoc7ukslcq6g","previousOperationId":"fczrhhon6q0409n"}
{"type":"log","timestamp":1764952131315,"level":"debug","message":"Skipping storing report.","meta":{"rootId":"9ypwwv3f1il3rp4","id":"9wwx4bdhdutc7gi"},"id":"ich8c5yipywpwym","previousOperationId":"fczrhhon6q0409n"}
{"type":"log","timestamp":1764952131315,"level":"info","message":"Rendering (child) request finished in 1690 ms","meta":{"rootId":"9ypwwv3f1il3rp4","id":"9wwx4bdhdutc7gi"},"id":"a1sr5jq2ybo2win","previousOperationId":"fczrhhon6q0409n"}
{"type":"operationEnd","subtype":"render","operationId":"1o91trbotm2cdn2","timestamp":1764952131315,"id":"8u5dlioq2uf2vli","previousEventId":"dshik9ghyu22ms1","previousOperationId":"fczrhhon6q0409n"}
{"type":"log","timestamp":1764952132004,"level":"debug","message":"pptx successfully zipped","meta":{"rootId":"9ypwwv3f1il3rp4","id":"9ypwwv3f1il3rp4"},"id":"0n4wq57z28er5my","previousOperationId":"l9ctnnzeq50fgza"}
{"type":"log","timestamp":1764952132004,"level":"info","message":"pptx generation was finished","meta":{"rootId":"9ypwwv3f1il3rp4","id":"9ypwwv3f1il3rp4"},"id":"lv0bnyswo8h5u4l","previousOperationId":"l9ctnnzeq50fgza"}
{"type":"operationEnd","operationId":"l9ctnnzeq50fgza","timestamp":1764952132013,"id":"jtleb2r3cd2tp1e","previousEventId":"bsrbnriwpfem6q2","previousOperationId":"l9ctnnzeq50fgza"}
{"type":"log","timestamp":1764952132013,"level":"debug","message":"Skipping storing report.","meta":{"rootId":"9ypwwv3f1il3rp4","id":"9ypwwv3f1il3rp4"},"id":"in2lbd0ei57c8ej","previousOperationId":"l9ctnnzeq50fgza"}
{"type":"log","timestamp":1764952132013,"level":"info","message":"Rendering request 2 finished in 2388 ms","meta":{"rootId":"9ypwwv3f1il3rp4","id":"9ypwwv3f1il3rp4"},"id":"ymjeal6551pihwk","previousOperationId":"l9ctnnzeq50fgza"}
{"type":"operationEnd","subtype":"render","operationId":"7vqine49ekxjhm6","timestamp":1764952132013,"id":"1k58ilafcx46h68","previousEventId":"jtleb2r3cd2tp1e","previousOperationId":"l9ctnnzeq50fgza"}
{"type":"operationEnd","doDiffs":false,"previousEventId":"95zgbe4yncf088a","previousOperationId":"50tu6gxztdtpw8f","operationId":"50tu6gxztdtpw8f","timestamp":1764952132020,"id":"683hqoo13mejpdl"}
