{"type":"operationStart","subtype":"profile","data":{"_id":"p615kLvwCuLlTO5K","timestamp":"2025-12-06T14:54:46.009Z","state":"running","mode":"standard","creationDate":"2025-12-06T14:54:46.012Z","modificationDate":"2025-12-06T14:54:46.012Z","shortid":"2b-pN6P","$entitySet":"profiles","timeout":60000},"doDiffs":false,"timestamp":1765032886011,"id":"xzzsbvzxdtdxmia","previousOperationId":null,"operationId":"upsm0trht769hr4"}
{"type":"log","level":"info","message":"Render request 12 queued for execution and waiting for available worker","previousOperationId":"upsm0trht769hr4","timestamp":1765032886011,"id":"kuifxn2x6494s68"}
{"type":"operationStart","subtype":"render","name":"anonymous","previousOperationId":"upsm0trht769hr4","timestamp":1765032886020,"id":"xh3g64xcnvg2uot","previousEventId":"xzzsbvzxdtdxmia","operationId":"i6e6bg0m0oqpfa5"}
{"type":"log","timestamp":1765032886020,"level":"info","message":"Starting rendering request 12","meta":{"rootId":"a18hire2zcxnl4o","id":"a18hire2zcxnl4o"},"id":"yaj47464wgbv3wx","previousOperationId":"i6e6bg0m0oqpfa5"}
{"type":"log","timestamp":1765032886021,"level":"info","message":"Rendering anonymous template { recipe: pptx, engine: handlebars }","meta":{"rootId":"a18hire2zcxnl4o","id":"a18hire2zcxnl4o"},"id":"y5fzqgjip4xflfk","previousOperationId":"i6e6bg0m0oqpfa5"}
{"type":"log","timestamp":1765032886021,"level":"debug","message":"Inline data specified.","meta":{"rootId":"a18hire2zcxnl4o","id":"a18hire2zcxnl4o"},"id":"suk4uuwqrtliwr1","previousOperationId":"i6e6bg0m0oqpfa5"}
{"type":"log","timestamp":1765032886023,"level":"debug","message":"Base url not specified, skipping its injection.","meta":{"rootId":"a18hire2zcxnl4o","id":"a18hire2zcxnl4o"},"id":"kp7deb0dv6yydn2","previousOperationId":"i6e6bg0m0oqpfa5"}
{"type":"operationStart","subtype":"engine","name":"handlebars","timestamp":1765032886023,"id":"oacna2nk0tx65hp","previousEventId":"xh3g64xcnvg2uot","operationId":"81u7bw5rhdtwwn6","previousOperationId":"i6e6bg0m0oqpfa5"}
{"type":"log","timestamp":1765032886023,"level":"debug","message":"Rendering engine handlebars","meta":{"rootId":"a18hire2zcxnl4o","id":"a18hire2zcxnl4o"},"id":"bg84v4kst9ckb9d","previousOperationId":"81u7bw5rhdtwwn6"}
{"type":"operationEnd","operationId":"81u7bw5rhdtwwn6","timestamp":1765032886034,"id":"n2klqf2rkwi5to3","previousEventId":"oacna2nk0tx65hp","previousOperationId":"81u7bw5rhdtwwn6"}
{"type":"operationStart","subtype":"recipe","name":"pptx","timestamp":1765032886035,"id":"ds6jxoyzmkt9ehx","previousEventId":"n2klqf2rkwi5to3","operationId":"f5uh7bfy4i71zzj","previousOperationId":"81u7bw5rhdtwwn6"}
{"type":"log","timestamp":1765032886035,"level":"debug","message":"Executing recipe pptx","meta":{"rootId":"a18hire2zcxnl4o","id":"a18hire2zcxnl4o"},"id":"a1vkmglimyoo3yh","previousOperationId":"f5uh7bfy4i71zzj"}
{"type":"log","timestamp":1765032886035,"level":"info","message":"pptx generation is starting","meta":{"rootId":"a18hire2zcxnl4o","id":"a18hire2zcxnl4o"},"id":"z7g6u8tb0ydz183","previousOperationId":"f5uh7bfy4i71zzj"}
{"type":"log","timestamp":1765032886120,"level":"debug","message":"Starting child request to render pptx dynamic parts","meta":{"rootId":"a18hire2zcxnl4o","id":"a18hire2zcxnl4o"},"id":"x909v4g8auhkpu4","previousOperationId":"f5uh7bfy4i71zzj"}
{"type":"operationStart","subtype":"render","name":"anonymous","previousOperationId":"f5uh7bfy4i71zzj","timestamp":1765032886120,"id":"ug05bbd1bggiqfz","previousEventId":"ds6jxoyzmkt9ehx","operationId":"xslwpnmlqxf23c1"}
{"type":"log","timestamp":1765032886120,"level":"info","message":"Starting rendering (child) request","meta":{"rootId":"a18hire2zcxnl4o","id":"pnj4i9fjq33jt3m"},"id":"bmqvkclzo3wuhqp","previousOperationId":"xslwpnmlqxf23c1"}
{"type":"log","timestamp":1765032886120,"level":"info","message":"Rendering anonymous template { recipe: html, engine: handlebars }","meta":{"rootId":"a18hire2zcxnl4o","id":"pnj4i9fjq33jt3m"},"id":"t5u5mjuc8w3fsee","previousOperationId":"xslwpnmlqxf23c1"}
{"type":"log","timestamp":1765032886120,"level":"debug","message":"Inline data specified.","meta":{"rootId":"a18hire2zcxnl4o","id":"pnj4i9fjq33jt3m"},"id":"7bfp48zro8989s8","previousOperationId":"xslwpnmlqxf23c1"}
{"type":"log","timestamp":1765032886129,"level":"debug","message":"Base url not specified, skipping its injection.","meta":{"rootId":"a18hire2zcxnl4o","id":"pnj4i9fjq33jt3m"},"id":"nd4yqbtp9wu2g6m","previousOperationId":"xslwpnmlqxf23c1"}
{"type":"operationStart","subtype":"engine","name":"handlebars","timestamp":1765032886130,"id":"numjndxy2m6ox0v","previousEventId":"ug05bbd1bggiqfz","operationId":"9n5h6k17r4ealji","previousOperationId":"xslwpnmlqxf23c1"}
{"type":"log","timestamp":1765032886130,"level":"debug","message":"Rendering engine handlebars","meta":{"rootId":"a18hire2zcxnl4o","id":"pnj4i9fjq33jt3m"},"id":"xf51s9y712gmh3q","previousOperationId":"9n5h6k17r4ealji"}
{"type":"operationEnd","operationId":"9n5h6k17r4ealji","timestamp":1765032886156,"id":"x0pud93y0vp0sew","previousEventId":"numjndxy2m6ox0v","previousOperationId":"9n5h6k17r4ealji"}
{"type":"operationStart","subtype":"recipe","name":"html","timestamp":1765032886158,"id":"645297gu4b69wb6","previousEventId":"x0pud93y0vp0sew","operationId":"kfj26ybw1j858yi","previousOperationId":"9n5h6k17r4ealji"}
{"type":"log","timestamp":1765032886158,"level":"debug","message":"Executing recipe html","meta":{"rootId":"a18hire2zcxnl4o","id":"pnj4i9fjq33jt3m"},"id":"p3fwh16h675ra8c","previousOperationId":"kfj26ybw1j858yi"}
{"type":"operationEnd","operationId":"kfj26ybw1j858yi","timestamp":1765032886158,"id":"lsvcvyqfbc2h0hr","previousEventId":"645297gu4b69wb6","previousOperationId":"kfj26ybw1j858yi"}
{"type":"log","timestamp":1765032886159,"level":"debug","message":"Skipping storing report.","meta":{"rootId":"a18hire2zcxnl4o","id":"pnj4i9fjq33jt3m"},"id":"v5fdntan7gke7f1","previousOperationId":"kfj26ybw1j858yi"}
{"type":"log","timestamp":1765032886159,"level":"info","message":"Rendering (child) request finished in 151 ms","meta":{"rootId":"a18hire2zcxnl4o","id":"pnj4i9fjq33jt3m"},"id":"sx93lomltlj1p23","previousOperationId":"kfj26ybw1j858yi"}
{"type":"operationEnd","subtype":"render","operationId":"xslwpnmlqxf23c1","timestamp":1765032886159,"id":"dq2j83z9bmdgaea","previousEventId":"lsvcvyqfbc2h0hr","previousOperationId":"kfj26ybw1j858yi"}
{"type":"log","timestamp":1765032887439,"level":"debug","message":"pptx successfully zipped","meta":{"rootId":"a18hire2zcxnl4o","id":"a18hire2zcxnl4o"},"id":"xy6k4nmbpmqqhog","previousOperationId":"f5uh7bfy4i71zzj"}
{"type":"log","timestamp":1765032887439,"level":"info","message":"pptx generation was finished","meta":{"rootId":"a18hire2zcxnl4o","id":"a18hire2zcxnl4o"},"id":"lufdqzt0ohwfvan","previousOperationId":"f5uh7bfy4i71zzj"}
{"type":"operationEnd","operationId":"f5uh7bfy4i71zzj","timestamp":1765032887442,"id":"l7u4239k0sfrj6r","previousEventId":"ds6jxoyzmkt9ehx","previousOperationId":"f5uh7bfy4i71zzj"}
{"type":"log","timestamp":1765032887442,"level":"debug","message":"Skipping storing report.","meta":{"rootId":"a18hire2zcxnl4o","id":"a18hire2zcxnl4o"},"id":"r8hbwi5o46mc5g5","previousOperationId":"f5uh7bfy4i71zzj"}
{"type":"log","timestamp":1765032887442,"level":"info","message":"Rendering request 12 finished in 1434 ms","meta":{"rootId":"a18hire2zcxnl4o","id":"a18hire2zcxnl4o"},"id":"1oclr7gx65iz4px","previousOperationId":"f5uh7bfy4i71zzj"}
{"type":"operationEnd","subtype":"render","operationId":"i6e6bg0m0oqpfa5","timestamp":1765032887442,"id":"bwk21jte91m2diq","previousEventId":"l7u4239k0sfrj6r","previousOperationId":"f5uh7bfy4i71zzj"}
{"type":"operationEnd","doDiffs":false,"previousEventId":"xzzsbvzxdtdxmia","previousOperationId":"upsm0trht769hr4","operationId":"upsm0trht769hr4","timestamp":1765032887447,"id":"zf14v0pbcseb3mp"}
