{"type":"operationStart","subtype":"profile","data":{"_id":"M5fvKMQQw5QUUlCp","timestamp":"2025-12-05T12:29:51.741Z","state":"running","mode":"standard","creationDate":"2025-12-05T12:29:51.744Z","modificationDate":"2025-12-05T12:29:51.744Z","shortid":"VDLN3w5","$entitySet":"profiles","timeout":60000},"doDiffs":false,"timestamp":1764937791742,"id":"tf6gkczmjsgvjk7","previousOperationId":null,"operationId":"2o7xbilqo7fbr2v"}
{"type":"log","level":"info","message":"Render request 8 queued for execution and waiting for available worker","previousOperationId":"2o7xbilqo7fbr2v","timestamp":1764937791743,"id":"a7wxqb5o1l01crr"}
{"type":"operationStart","subtype":"render","name":"anonymous","previousOperationId":"2o7xbilqo7fbr2v","timestamp":1764937791757,"id":"ojewn28dc8uqlgf","previousEventId":"tf6gkczmjsgvjk7","operationId":"i0ycz994i0gzle8"}
{"type":"log","timestamp":1764937791758,"level":"info","message":"Starting rendering request 8","meta":{"rootId":"a3jntt7rsz2fjn7","id":"a3jntt7rsz2fjn7"},"id":"su2ozvsuh78n2yc","previousOperationId":"i0ycz994i0gzle8"}
{"type":"log","timestamp":1764937791758,"level":"info","message":"Rendering anonymous template { recipe: pptx, engine: handlebars }","meta":{"rootId":"a3jntt7rsz2fjn7","id":"a3jntt7rsz2fjn7"},"id":"9gs0xb9kac48lrf","previousOperationId":"i0ycz994i0gzle8"}
{"type":"log","timestamp":1764937791759,"level":"debug","message":"Inline data specified.","meta":{"rootId":"a3jntt7rsz2fjn7","id":"a3jntt7rsz2fjn7"},"id":"v40b3c35m4ufj33","previousOperationId":"i0ycz994i0gzle8"}
{"type":"log","timestamp":1764937791764,"level":"debug","message":"Base url not specified, skipping its injection.","meta":{"rootId":"a3jntt7rsz2fjn7","id":"a3jntt7rsz2fjn7"},"id":"wlk8f14z8r1xvwa","previousOperationId":"i0ycz994i0gzle8"}
{"type":"operationStart","subtype":"engine","name":"handlebars","timestamp":1764937791768,"id":"nrd1k8w9f0kioxw","previousEventId":"ojewn28dc8uqlgf","operationId":"5cc2boi4xlcmf4q","previousOperationId":"i0ycz994i0gzle8"}
{"type":"log","timestamp":1764937791768,"level":"debug","message":"Rendering engine handlebars","meta":{"rootId":"a3jntt7rsz2fjn7","id":"a3jntt7rsz2fjn7"},"id":"2duujqssfeavrm0","previousOperationId":"5cc2boi4xlcmf4q"}
{"type":"operationEnd","operationId":"5cc2boi4xlcmf4q","timestamp":1764937791784,"id":"znaybi2kqsy6v83","previousEventId":"nrd1k8w9f0kioxw","previousOperationId":"5cc2boi4xlcmf4q"}
{"type":"operationStart","subtype":"recipe","name":"pptx","timestamp":1764937791785,"id":"7at5n1ldrxldxss","previousEventId":"znaybi2kqsy6v83","operationId":"d4xwxwcx0zdxdd8","previousOperationId":"5cc2boi4xlcmf4q"}
{"type":"log","timestamp":1764937791785,"level":"debug","message":"Executing recipe pptx","meta":{"rootId":"a3jntt7rsz2fjn7","id":"a3jntt7rsz2fjn7"},"id":"z6dqg8mcx9jza04","previousOperationId":"d4xwxwcx0zdxdd8"}
{"type":"log","timestamp":1764937791785,"level":"info","message":"pptx generation is starting","meta":{"rootId":"a3jntt7rsz2fjn7","id":"a3jntt7rsz2fjn7"},"id":"ywff3ffic778l4f","previousOperationId":"d4xwxwcx0zdxdd8"}
{"type":"log","timestamp":1764937791886,"level":"debug","message":"Starting child request to render pptx dynamic parts","meta":{"rootId":"a3jntt7rsz2fjn7","id":"a3jntt7rsz2fjn7"},"id":"jx7a8lcaap0m0f3","previousOperationId":"d4xwxwcx0zdxdd8"}
{"type":"operationStart","subtype":"render","name":"anonymous","previousOperationId":"d4xwxwcx0zdxdd8","timestamp":1764937791887,"id":"xddebojk4s55coy","previousEventId":"7at5n1ldrxldxss","operationId":"xi232fnthhddsip"}
{"type":"log","timestamp":1764937791887,"level":"info","message":"Starting rendering (child) request","meta":{"rootId":"a3jntt7rsz2fjn7","id":"ldw583d7mmf1pn6"},"id":"dxsykye7ipsbser","previousOperationId":"xi232fnthhddsip"}
{"type":"log","timestamp":1764937791887,"level":"info","message":"Rendering anonymous template { recipe: html, engine: handlebars }","meta":{"rootId":"a3jntt7rsz2fjn7","id":"ldw583d7mmf1pn6"},"id":"93ppcp1pxpaju8s","previousOperationId":"xi232fnthhddsip"}
{"type":"log","timestamp":1764937791887,"level":"debug","message":"Inline data specified.","meta":{"rootId":"a3jntt7rsz2fjn7","id":"ldw583d7mmf1pn6"},"id":"ixui1skr7bi6chq","previousOperationId":"xi232fnthhddsip"}
{"type":"log","timestamp":1764937791893,"level":"debug","message":"Base url not specified, skipping its injection.","meta":{"rootId":"a3jntt7rsz2fjn7","id":"ldw583d7mmf1pn6"},"id":"dp3ey4fz1g0iph2","previousOperationId":"xi232fnthhddsip"}
{"type":"operationStart","subtype":"engine","name":"handlebars","timestamp":1764937791893,"id":"861gubjc3fcm8ud","previousEventId":"xddebojk4s55coy","operationId":"xvte7h6uvo5gagc","previousOperationId":"xi232fnthhddsip"}
{"type":"log","timestamp":1764937791893,"level":"debug","message":"Rendering engine handlebars","meta":{"rootId":"a3jntt7rsz2fjn7","id":"ldw583d7mmf1pn6"},"id":"iz67g07vpug1xsg","previousOperationId":"xvte7h6uvo5gagc"}
{"type":"operationEnd","operationId":"xvte7h6uvo5gagc","timestamp":1764937791911,"id":"y7osoldr6onvcyz","previousEventId":"861gubjc3fcm8ud","previousOperationId":"xvte7h6uvo5gagc"}
{"type":"operationStart","subtype":"recipe","name":"html","timestamp":1764937791911,"id":"8r4gvofsoynbwvy","previousEventId":"y7osoldr6onvcyz","operationId":"7od2d4m77qsiche","previousOperationId":"xvte7h6uvo5gagc"}
{"type":"log","timestamp":1764937791911,"level":"debug","message":"Executing recipe html","meta":{"rootId":"a3jntt7rsz2fjn7","id":"ldw583d7mmf1pn6"},"id":"wh0lmo3q0wngj4h","previousOperationId":"7od2d4m77qsiche"}
{"type":"operationEnd","operationId":"7od2d4m77qsiche","timestamp":1764937791911,"id":"amk2066savp472s","previousEventId":"8r4gvofsoynbwvy","previousOperationId":"7od2d4m77qsiche"}
{"type":"log","timestamp":1764937791911,"level":"debug","message":"Skipping storing report.","meta":{"rootId":"a3jntt7rsz2fjn7","id":"ldw583d7mmf1pn6"},"id":"5niu1yupo58ztrt","previousOperationId":"7od2d4m77qsiche"}
{"type":"log","timestamp":1764937791911,"level":"info","message":"Rendering (child) request finished in 171 ms","meta":{"rootId":"a3jntt7rsz2fjn7","id":"ldw583d7mmf1pn6"},"id":"ouxtsezbkf0m1v6","previousOperationId":"7od2d4m77qsiche"}
{"type":"operationEnd","subtype":"render","operationId":"xi232fnthhddsip","timestamp":1764937791911,"id":"uuvcoazt09y7ohi","previousEventId":"amk2066savp472s","previousOperationId":"7od2d4m77qsiche"}
{"type":"log","timestamp":1764937792000,"level":"debug","message":"pptx successfully zipped","meta":{"rootId":"a3jntt7rsz2fjn7","id":"a3jntt7rsz2fjn7"},"id":"yefc4uedgrezsi0","previousOperationId":"d4xwxwcx0zdxdd8"}
{"type":"log","timestamp":1764937792000,"level":"info","message":"pptx generation was finished","meta":{"rootId":"a3jntt7rsz2fjn7","id":"a3jntt7rsz2fjn7"},"id":"b0oybcll6jcwsr9","previousOperationId":"d4xwxwcx0zdxdd8"}
{"type":"operationEnd","operationId":"d4xwxwcx0zdxdd8","timestamp":1764937792003,"id":"lvw0wjl5gki5y7k","previousEventId":"7at5n1ldrxldxss","previousOperationId":"d4xwxwcx0zdxdd8"}
{"type":"log","timestamp":1764937792003,"level":"debug","message":"Skipping storing report.","meta":{"rootId":"a3jntt7rsz2fjn7","id":"a3jntt7rsz2fjn7"},"id":"w21mzq4u45jodjv","previousOperationId":"d4xwxwcx0zdxdd8"}
{"type":"log","timestamp":1764937792003,"level":"info","message":"Rendering request 8 finished in 263 ms","meta":{"rootId":"a3jntt7rsz2fjn7","id":"a3jntt7rsz2fjn7"},"id":"ewyf5lki7ry5lmn","previousOperationId":"d4xwxwcx0zdxdd8"}
{"type":"operationEnd","subtype":"render","operationId":"i0ycz994i0gzle8","timestamp":1764937792003,"id":"jau6gtp92u8rqly","previousEventId":"lvw0wjl5gki5y7k","previousOperationId":"d4xwxwcx0zdxdd8"}
{"type":"operationEnd","doDiffs":false,"previousEventId":"tf6gkczmjsgvjk7","previousOperationId":"2o7xbilqo7fbr2v","operationId":"2o7xbilqo7fbr2v","timestamp":1764937792005,"id":"bntltrmaevqqrt2"}
