{"type":"operationStart","subtype":"profile","data":{"_id":"muz9CG7MB1oVo6pm","timestamp":"2025-12-05T16:55:48.760Z","state":"running","mode":"standard","creationDate":"2025-12-05T16:55:48.764Z","modificationDate":"2025-12-05T16:55:48.764Z","shortid":"BSF-pOM","$entitySet":"profiles","timeout":60000},"doDiffs":false,"timestamp":1764953748763,"id":"ad05ao7dz6roxv7","previousOperationId":null,"operationId":"6rxha3f83ezl64p"}
{"type":"log","level":"info","message":"Render request 8 queued for execution and waiting for available worker","previousOperationId":"6rxha3f83ezl64p","timestamp":1764953748763,"id":"bdk2lhtmzuc3i2d"}
{"type":"operationStart","subtype":"render","name":"anonymous","previousOperationId":"6rxha3f83ezl64p","timestamp":1764953748776,"id":"ou2v34h580wp3cu","previousEventId":"ad05ao7dz6roxv7","operationId":"hp6k6ha0ey0h7a8"}
{"type":"log","timestamp":1764953748776,"level":"info","message":"Starting rendering request 8","meta":{"rootId":"aliyfd5vsofi9xy","id":"aliyfd5vsofi9xy"},"id":"lk5e27hesxgo9pv","previousOperationId":"hp6k6ha0ey0h7a8"}
{"type":"log","timestamp":1764953748777,"level":"info","message":"Rendering anonymous template { recipe: pptx, engine: handlebars }","meta":{"rootId":"aliyfd5vsofi9xy","id":"aliyfd5vsofi9xy"},"id":"99rp3uibai7ctee","previousOperationId":"hp6k6ha0ey0h7a8"}
{"type":"log","timestamp":1764953748777,"level":"debug","message":"Inline data specified.","meta":{"rootId":"aliyfd5vsofi9xy","id":"aliyfd5vsofi9xy"},"id":"xb3v8fqo07kmogh","previousOperationId":"hp6k6ha0ey0h7a8"}
{"type":"log","timestamp":1764953748782,"level":"debug","message":"Base url not specified, skipping its injection.","meta":{"rootId":"aliyfd5vsofi9xy","id":"aliyfd5vsofi9xy"},"id":"fap6ru1zzct1b9m","previousOperationId":"hp6k6ha0ey0h7a8"}
{"type":"operationStart","subtype":"engine","name":"handlebars","timestamp":1764953748783,"id":"g6507ilqnml99p5","previousEventId":"ou2v34h580wp3cu","operationId":"6im744vj1aemsbl","previousOperationId":"hp6k6ha0ey0h7a8"}
{"type":"log","timestamp":1764953748783,"level":"debug","message":"Rendering engine handlebars","meta":{"rootId":"aliyfd5vsofi9xy","id":"aliyfd5vsofi9xy"},"id":"q924588q06zary1","previousOperationId":"6im744vj1aemsbl"}
{"type":"operationEnd","operationId":"6im744vj1aemsbl","timestamp":1764953748796,"id":"0x41sip1346j7gg","previousEventId":"g6507ilqnml99p5","previousOperationId":"6im744vj1aemsbl"}
{"type":"operationStart","subtype":"recipe","name":"pptx","timestamp":1764953748797,"id":"sfr9qevtiyf6e43","previousEventId":"0x41sip1346j7gg","operationId":"rh5jmqiw1ej0t5y","previousOperationId":"6im744vj1aemsbl"}
{"type":"log","timestamp":1764953748797,"level":"debug","message":"Executing recipe pptx","meta":{"rootId":"aliyfd5vsofi9xy","id":"aliyfd5vsofi9xy"},"id":"a3wx959wbx4m45v","previousOperationId":"rh5jmqiw1ej0t5y"}
{"type":"log","timestamp":1764953748797,"level":"info","message":"pptx generation is starting","meta":{"rootId":"aliyfd5vsofi9xy","id":"aliyfd5vsofi9xy"},"id":"bw5bym57uen2xyd","previousOperationId":"rh5jmqiw1ej0t5y"}
{"type":"log","timestamp":1764953748920,"level":"debug","message":"Starting child request to render pptx dynamic parts","meta":{"rootId":"aliyfd5vsofi9xy","id":"aliyfd5vsofi9xy"},"id":"zkp2ti844t5pyu8","previousOperationId":"rh5jmqiw1ej0t5y"}
{"type":"operationStart","subtype":"render","name":"anonymous","previousOperationId":"rh5jmqiw1ej0t5y","timestamp":1764953748921,"id":"b6ghfuhps8pghnf","previousEventId":"sfr9qevtiyf6e43","operationId":"vjx47xkxh0p17nl"}
{"type":"log","timestamp":1764953748921,"level":"info","message":"Starting rendering (child) request","meta":{"rootId":"aliyfd5vsofi9xy","id":"81aq1mgdiyv855t"},"id":"rj3eirrq6zewjb0","previousOperationId":"vjx47xkxh0p17nl"}
{"type":"log","timestamp":1764953748921,"level":"info","message":"Rendering anonymous template { recipe: html, engine: handlebars }","meta":{"rootId":"aliyfd5vsofi9xy","id":"81aq1mgdiyv855t"},"id":"elauy86t7xwawme","previousOperationId":"vjx47xkxh0p17nl"}
{"type":"log","timestamp":1764953748921,"level":"debug","message":"Inline data specified.","meta":{"rootId":"aliyfd5vsofi9xy","id":"81aq1mgdiyv855t"},"id":"n0qtispv59yg16u","previousOperationId":"vjx47xkxh0p17nl"}
{"type":"log","timestamp":1764953748928,"level":"debug","message":"Base url not specified, skipping its injection.","meta":{"rootId":"aliyfd5vsofi9xy","id":"81aq1mgdiyv855t"},"id":"oxneh32h9ap2u6w","previousOperationId":"vjx47xkxh0p17nl"}
{"type":"operationStart","subtype":"engine","name":"handlebars","timestamp":1764953748929,"id":"5f69pl75iszqrep","previousEventId":"b6ghfuhps8pghnf","operationId":"0ydx3btq18jxyly","previousOperationId":"vjx47xkxh0p17nl"}
{"type":"log","timestamp":1764953748929,"level":"debug","message":"Rendering engine handlebars","meta":{"rootId":"aliyfd5vsofi9xy","id":"81aq1mgdiyv855t"},"id":"1hu7bpplx9hhfd8","previousOperationId":"0ydx3btq18jxyly"}
{"type":"operationEnd","operationId":"0ydx3btq18jxyly","timestamp":1764953748953,"id":"2f8ior316rzk5vz","previousEventId":"5f69pl75iszqrep","previousOperationId":"0ydx3btq18jxyly"}
{"type":"operationStart","subtype":"recipe","name":"html","timestamp":1764953748955,"id":"16p9s3ggjcux9xz","previousEventId":"2f8ior316rzk5vz","operationId":"wm82ic6ib6o6md8","previousOperationId":"0ydx3btq18jxyly"}
{"type":"log","timestamp":1764953748955,"level":"debug","message":"Executing recipe html","meta":{"rootId":"aliyfd5vsofi9xy","id":"81aq1mgdiyv855t"},"id":"nl9fmzgijyjyxtz","previousOperationId":"wm82ic6ib6o6md8"}
{"type":"operationEnd","operationId":"wm82ic6ib6o6md8","timestamp":1764953748955,"id":"nlatric47uzi75y","previousEventId":"16p9s3ggjcux9xz","previousOperationId":"wm82ic6ib6o6md8"}
{"type":"log","timestamp":1764953748955,"level":"debug","message":"Skipping storing report.","meta":{"rootId":"aliyfd5vsofi9xy","id":"81aq1mgdiyv855t"},"id":"vtaw7783tsxdit0","previousOperationId":"wm82ic6ib6o6md8"}
{"type":"log","timestamp":1764953748956,"level":"info","message":"Rendering (child) request finished in 197 ms","meta":{"rootId":"aliyfd5vsofi9xy","id":"81aq1mgdiyv855t"},"id":"20v5jab5zge9h9y","previousOperationId":"wm82ic6ib6o6md8"}
{"type":"operationEnd","subtype":"render","operationId":"vjx47xkxh0p17nl","timestamp":1764953748956,"id":"sa2y889rep3vew9","previousEventId":"nlatric47uzi75y","previousOperationId":"wm82ic6ib6o6md8"}
{"type":"log","timestamp":1764953749085,"level":"debug","message":"pptx successfully zipped","meta":{"rootId":"aliyfd5vsofi9xy","id":"aliyfd5vsofi9xy"},"id":"m8symwa3ks9zwde","previousOperationId":"rh5jmqiw1ej0t5y"}
{"type":"log","timestamp":1764953749086,"level":"info","message":"pptx generation was finished","meta":{"rootId":"aliyfd5vsofi9xy","id":"aliyfd5vsofi9xy"},"id":"yh9jr3m59h80srh","previousOperationId":"rh5jmqiw1ej0t5y"}
{"type":"operationEnd","operationId":"rh5jmqiw1ej0t5y","timestamp":1764953749089,"id":"w5eqe0u5678j7ak","previousEventId":"sfr9qevtiyf6e43","previousOperationId":"rh5jmqiw1ej0t5y"}
{"type":"log","timestamp":1764953749090,"level":"debug","message":"Skipping storing report.","meta":{"rootId":"aliyfd5vsofi9xy","id":"aliyfd5vsofi9xy"},"id":"lyp8996pr6t880y","previousOperationId":"rh5jmqiw1ej0t5y"}
{"type":"log","timestamp":1764953749090,"level":"info","message":"Rendering request 8 finished in 331 ms","meta":{"rootId":"aliyfd5vsofi9xy","id":"aliyfd5vsofi9xy"},"id":"rrz70xw2mak2472","previousOperationId":"rh5jmqiw1ej0t5y"}
{"type":"operationEnd","subtype":"render","operationId":"hp6k6ha0ey0h7a8","timestamp":1764953749090,"id":"9jt7jloqy6kubwi","previousEventId":"w5eqe0u5678j7ak","previousOperationId":"rh5jmqiw1ej0t5y"}
{"type":"operationEnd","doDiffs":false,"previousEventId":"ad05ao7dz6roxv7","previousOperationId":"6rxha3f83ezl64p","operationId":"6rxha3f83ezl64p","timestamp":1764953749097,"id":"oxfqjcqd97up507"}
