{"type":"operationStart","subtype":"profile","data":{"_id":"kPy1kG5hYJMwP1gA","timestamp":"2025-12-06T14:20:59.863Z","state":"running","mode":"standard","creationDate":"2025-12-06T14:20:59.867Z","modificationDate":"2025-12-06T14:20:59.867Z","shortid":"Dlc6PTT","$entitySet":"profiles","timeout":60000},"doDiffs":false,"timestamp":1765030859866,"id":"6ktxzdn0s3nvvxf","previousOperationId":null,"operationId":"gikrnen7kvd5k09"}
{"type":"log","level":"info","message":"Render request 2 queued for execution and waiting for available worker","previousOperationId":"gikrnen7kvd5k09","timestamp":1765030859866,"id":"phn7xdxbp636snt"}
{"type":"operationStart","subtype":"render","name":"anonymous","previousOperationId":"gikrnen7kvd5k09","timestamp":1765030859882,"id":"9lx0cq5ne1fitqy","previousEventId":"6ktxzdn0s3nvvxf","operationId":"m142gwrkgp3wisi"}
{"type":"log","timestamp":1765030859883,"level":"info","message":"Starting rendering request 2","meta":{"rootId":"ay4d9rw0d8szu1p","id":"ay4d9rw0d8szu1p"},"id":"cykw5fciep0qfzm","previousOperationId":"m142gwrkgp3wisi"}
{"type":"log","timestamp":1765030859885,"level":"info","message":"Rendering anonymous template { recipe: pptx, engine: handlebars }","meta":{"rootId":"ay4d9rw0d8szu1p","id":"ay4d9rw0d8szu1p"},"id":"8evaf8mhyjszbrv","previousOperationId":"m142gwrkgp3wisi"}
{"type":"log","timestamp":1765030859886,"level":"debug","message":"Inline data specified.","meta":{"rootId":"ay4d9rw0d8szu1p","id":"ay4d9rw0d8szu1p"},"id":"juiok4qqraqiepj","previousOperationId":"m142gwrkgp3wisi"}
{"type":"log","timestamp":1765030859891,"level":"debug","message":"Base url not specified, skipping its injection.","meta":{"rootId":"ay4d9rw0d8szu1p","id":"ay4d9rw0d8szu1p"},"id":"pq5ffxjysh593k7","previousOperationId":"m142gwrkgp3wisi"}
{"type":"operationStart","subtype":"engine","name":"handlebars","timestamp":1765030859893,"id":"687ddbug9w5234e","previousEventId":"9lx0cq5ne1fitqy","operationId":"30sdl6ccipzbix4","previousOperationId":"m142gwrkgp3wisi"}
{"type":"log","timestamp":1765030859893,"level":"debug","message":"Rendering engine handlebars","meta":{"rootId":"ay4d9rw0d8szu1p","id":"ay4d9rw0d8szu1p"},"id":"j70943rm5bkhgn1","previousOperationId":"30sdl6ccipzbix4"}
{"type":"operationEnd","operationId":"30sdl6ccipzbix4","timestamp":1765030860749,"id":"hxo557svr3sp5vt","previousEventId":"687ddbug9w5234e","previousOperationId":"30sdl6ccipzbix4"}
{"type":"operationStart","subtype":"recipe","name":"pptx","timestamp":1765030860750,"id":"nsgu8q83tg80v8o","previousEventId":"hxo557svr3sp5vt","operationId":"4yu3sh85sxxpd3o","previousOperationId":"30sdl6ccipzbix4"}
{"type":"log","timestamp":1765030860750,"level":"debug","message":"Executing recipe pptx","meta":{"rootId":"ay4d9rw0d8szu1p","id":"ay4d9rw0d8szu1p"},"id":"8ql7xchiekmyhzq","previousOperationId":"4yu3sh85sxxpd3o"}
{"type":"log","timestamp":1765030860926,"level":"info","message":"pptx generation is starting","meta":{"rootId":"ay4d9rw0d8szu1p","id":"ay4d9rw0d8szu1p"},"id":"f0t0vuakvxgnahf","previousOperationId":"4yu3sh85sxxpd3o"}
{"type":"log","timestamp":1765030861075,"level":"debug","message":"Starting child request to render pptx dynamic parts","meta":{"rootId":"ay4d9rw0d8szu1p","id":"ay4d9rw0d8szu1p"},"id":"dq6iqu7w5i2n8gt","previousOperationId":"4yu3sh85sxxpd3o"}
{"type":"operationStart","subtype":"render","name":"anonymous","previousOperationId":"4yu3sh85sxxpd3o","timestamp":1765030861076,"id":"pzqooteqxjkn4aa","previousEventId":"nsgu8q83tg80v8o","operationId":"jgmyp4gh7nndy14"}
{"type":"log","timestamp":1765030861076,"level":"info","message":"Starting rendering (child) request","meta":{"rootId":"ay4d9rw0d8szu1p","id":"3amhd8sav5kogvd"},"id":"k28nvxd7w7h3y1m","previousOperationId":"jgmyp4gh7nndy14"}
{"type":"log","timestamp":1765030861077,"level":"info","message":"Rendering anonymous template { recipe: html, engine: handlebars }","meta":{"rootId":"ay4d9rw0d8szu1p","id":"3amhd8sav5kogvd"},"id":"p0w5pna2my0vytf","previousOperationId":"jgmyp4gh7nndy14"}
{"type":"log","timestamp":1765030861077,"level":"debug","message":"Inline data specified.","meta":{"rootId":"ay4d9rw0d8szu1p","id":"3amhd8sav5kogvd"},"id":"urnlpdt0qi6d26a","previousOperationId":"jgmyp4gh7nndy14"}
{"type":"log","timestamp":1765030861082,"level":"debug","message":"Base url not specified, skipping its injection.","meta":{"rootId":"ay4d9rw0d8szu1p","id":"3amhd8sav5kogvd"},"id":"wvai9n4zonbq834","previousOperationId":"jgmyp4gh7nndy14"}
{"type":"operationStart","subtype":"engine","name":"handlebars","timestamp":1765030861083,"id":"clyg1ma5jefn524","previousEventId":"pzqooteqxjkn4aa","operationId":"9od5016hh5xkpya","previousOperationId":"jgmyp4gh7nndy14"}
{"type":"log","timestamp":1765030861083,"level":"debug","message":"Rendering engine handlebars","meta":{"rootId":"ay4d9rw0d8szu1p","id":"3amhd8sav5kogvd"},"id":"fanfkqo1su3pqsf","previousOperationId":"9od5016hh5xkpya"}
{"type":"operationEnd","operationId":"9od5016hh5xkpya","timestamp":1765030861118,"id":"nvjlh6mirk01t6f","previousEventId":"clyg1ma5jefn524","previousOperationId":"9od5016hh5xkpya"}
{"type":"operationStart","subtype":"recipe","name":"html","timestamp":1765030861119,"id":"uu18l5lejh1hzfq","previousEventId":"nvjlh6mirk01t6f","operationId":"tr6zo5h0y0kh9dg","previousOperationId":"9od5016hh5xkpya"}
{"type":"log","timestamp":1765030861119,"level":"debug","message":"Executing recipe html","meta":{"rootId":"ay4d9rw0d8szu1p","id":"3amhd8sav5kogvd"},"id":"49lidgi8chz446h","previousOperationId":"tr6zo5h0y0kh9dg"}
{"type":"operationEnd","operationId":"tr6zo5h0y0kh9dg","timestamp":1765030861119,"id":"e420wn2qa8kjnk0","previousEventId":"uu18l5lejh1hzfq","previousOperationId":"tr6zo5h0y0kh9dg"}
{"type":"log","timestamp":1765030861120,"level":"debug","message":"Skipping storing report.","meta":{"rootId":"ay4d9rw0d8szu1p","id":"3amhd8sav5kogvd"},"id":"8nz89viwt7igizy","previousOperationId":"tr6zo5h0y0kh9dg"}
{"type":"log","timestamp":1765030861120,"level":"info","message":"Rendering (child) request finished in 1257 ms","meta":{"rootId":"ay4d9rw0d8szu1p","id":"3amhd8sav5kogvd"},"id":"zanf8bqn92kaa6g","previousOperationId":"tr6zo5h0y0kh9dg"}
{"type":"operationEnd","subtype":"render","operationId":"jgmyp4gh7nndy14","timestamp":1765030861120,"id":"1fn7p6fp4rs34nj","previousEventId":"e420wn2qa8kjnk0","previousOperationId":"tr6zo5h0y0kh9dg"}
{"type":"log","timestamp":1765030862266,"level":"debug","message":"pptx successfully zipped","meta":{"rootId":"ay4d9rw0d8szu1p","id":"ay4d9rw0d8szu1p"},"id":"o1q0ob622pvjhxj","previousOperationId":"4yu3sh85sxxpd3o"}
{"type":"log","timestamp":1765030862266,"level":"info","message":"pptx generation was finished","meta":{"rootId":"ay4d9rw0d8szu1p","id":"ay4d9rw0d8szu1p"},"id":"y6k2h251vof32tn","previousOperationId":"4yu3sh85sxxpd3o"}
{"type":"operationEnd","operationId":"4yu3sh85sxxpd3o","timestamp":1765030862274,"id":"ln79yi3misy1m17","previousEventId":"nsgu8q83tg80v8o","previousOperationId":"4yu3sh85sxxpd3o"}
{"type":"log","timestamp":1765030862274,"level":"debug","message":"Skipping storing report.","meta":{"rootId":"ay4d9rw0d8szu1p","id":"ay4d9rw0d8szu1p"},"id":"khn3set7rtoquvu","previousOperationId":"4yu3sh85sxxpd3o"}
{"type":"log","timestamp":1765030862274,"level":"info","message":"Rendering request 2 finished in 2411 ms","meta":{"rootId":"ay4d9rw0d8szu1p","id":"ay4d9rw0d8szu1p"},"id":"j44uh4p4z1r85oj","previousOperationId":"4yu3sh85sxxpd3o"}
{"type":"operationEnd","subtype":"render","operationId":"m142gwrkgp3wisi","timestamp":1765030862274,"id":"2j5961glbugy3ew","previousEventId":"ln79yi3misy1m17","previousOperationId":"4yu3sh85sxxpd3o"}
{"type":"operationEnd","doDiffs":false,"previousEventId":"6ktxzdn0s3nvvxf","previousOperationId":"gikrnen7kvd5k09","operationId":"gikrnen7kvd5k09","timestamp":1765030862279,"id":"8rc9v80cflk44pt"}
