{"type":"operationStart","subtype":"profile","data":{"_id":"awMCj6z3sC7fRe6E","timestamp":"2025-12-05T23:17:20.042Z","state":"running","mode":"standard","creationDate":"2025-12-05T23:17:20.046Z","modificationDate":"2025-12-05T23:17:20.046Z","shortid":"TIeQvkr","$entitySet":"profiles","timeout":60000},"doDiffs":false,"timestamp":1764976640045,"id":"lp786u94gliwv2k","previousOperationId":null,"operationId":"gs9yihrwt0qo28u"}
{"type":"log","level":"info","message":"Render request 4 queued for execution and waiting for available worker","previousOperationId":"gs9yihrwt0qo28u","timestamp":1764976640045,"id":"g5g067rnfu8sofi"}
{"type":"operationStart","subtype":"render","name":"anonymous","previousOperationId":"gs9yihrwt0qo28u","timestamp":1764976640068,"id":"42w8d2680q44pp3","previousEventId":"lp786u94gliwv2k","operationId":"yd3gkwf15ijtii4"}
{"type":"log","timestamp":1764976640068,"level":"info","message":"Starting rendering request 4","meta":{"rootId":"aynaa7450ky0xqb","id":"aynaa7450ky0xqb"},"id":"o2okv8rqhsq8ao7","previousOperationId":"yd3gkwf15ijtii4"}
{"type":"log","timestamp":1764976640069,"level":"info","message":"Rendering anonymous template { recipe: pptx, engine: handlebars }","meta":{"rootId":"aynaa7450ky0xqb","id":"aynaa7450ky0xqb"},"id":"f77kl2vuzbaeg2i","previousOperationId":"yd3gkwf15ijtii4"}
{"type":"log","timestamp":1764976640069,"level":"debug","message":"Inline data specified.","meta":{"rootId":"aynaa7450ky0xqb","id":"aynaa7450ky0xqb"},"id":"9eykaahv24wifbu","previousOperationId":"yd3gkwf15ijtii4"}
{"type":"log","timestamp":1764976640071,"level":"debug","message":"Base url not specified, skipping its injection.","meta":{"rootId":"aynaa7450ky0xqb","id":"aynaa7450ky0xqb"},"id":"a4lt5xri2vpyex4","previousOperationId":"yd3gkwf15ijtii4"}
{"type":"operationStart","subtype":"engine","name":"handlebars","timestamp":1764976640072,"id":"gw5s02rk3n8gt33","previousEventId":"42w8d2680q44pp3","operationId":"zoivqwud89nrmtr","previousOperationId":"yd3gkwf15ijtii4"}
{"type":"log","timestamp":1764976640072,"level":"debug","message":"Rendering engine handlebars","meta":{"rootId":"aynaa7450ky0xqb","id":"aynaa7450ky0xqb"},"id":"qovfx0noi41qb42","previousOperationId":"zoivqwud89nrmtr"}
{"type":"operationEnd","operationId":"zoivqwud89nrmtr","timestamp":1764976640089,"id":"s5xkx005mez7gy4","previousEventId":"gw5s02rk3n8gt33","previousOperationId":"zoivqwud89nrmtr"}
{"type":"operationStart","subtype":"recipe","name":"pptx","timestamp":1764976640090,"id":"1itppbwh7r2bjaz","previousEventId":"s5xkx005mez7gy4","operationId":"4sasmmw8koi66is","previousOperationId":"zoivqwud89nrmtr"}
{"type":"log","timestamp":1764976640090,"level":"debug","message":"Executing recipe pptx","meta":{"rootId":"aynaa7450ky0xqb","id":"aynaa7450ky0xqb"},"id":"giqwen68c7wmclf","previousOperationId":"4sasmmw8koi66is"}
{"type":"log","timestamp":1764976640090,"level":"info","message":"pptx generation is starting","meta":{"rootId":"aynaa7450ky0xqb","id":"aynaa7450ky0xqb"},"id":"ciu39my5i9hf106","previousOperationId":"4sasmmw8koi66is"}
{"type":"log","timestamp":1764976640282,"level":"debug","message":"Starting child request to render pptx dynamic parts","meta":{"rootId":"aynaa7450ky0xqb","id":"aynaa7450ky0xqb"},"id":"9jlzpqycaaodx8b","previousOperationId":"4sasmmw8koi66is"}
{"type":"operationStart","subtype":"render","name":"anonymous","previousOperationId":"4sasmmw8koi66is","timestamp":1764976640282,"id":"n9nywpcsjudgaqe","previousEventId":"1itppbwh7r2bjaz","operationId":"yphmek5qmt8njcy"}
{"type":"log","timestamp":1764976640282,"level":"info","message":"Starting rendering (child) request","meta":{"rootId":"aynaa7450ky0xqb","id":"mde9eitof1qgrzd"},"id":"6q4cztvt8002qgk","previousOperationId":"yphmek5qmt8njcy"}
{"type":"log","timestamp":1764976640282,"level":"info","message":"Rendering anonymous template { recipe: html, engine: handlebars }","meta":{"rootId":"aynaa7450ky0xqb","id":"mde9eitof1qgrzd"},"id":"mi0q3pzwl1urq3j","previousOperationId":"yphmek5qmt8njcy"}
{"type":"log","timestamp":1764976640282,"level":"debug","message":"Inline data specified.","meta":{"rootId":"aynaa7450ky0xqb","id":"mde9eitof1qgrzd"},"id":"3qr8i7wig5nhv2r","previousOperationId":"yphmek5qmt8njcy"}
{"type":"log","timestamp":1764976640292,"level":"debug","message":"Base url not specified, skipping its injection.","meta":{"rootId":"aynaa7450ky0xqb","id":"mde9eitof1qgrzd"},"id":"6dri8fk85gx35pp","previousOperationId":"yphmek5qmt8njcy"}
{"type":"operationStart","subtype":"engine","name":"handlebars","timestamp":1764976640294,"id":"7bo0e15nzsfdfk0","previousEventId":"n9nywpcsjudgaqe","operationId":"is6kkzwgth2zbdp","previousOperationId":"yphmek5qmt8njcy"}
{"type":"log","timestamp":1764976640294,"level":"debug","message":"Rendering engine handlebars","meta":{"rootId":"aynaa7450ky0xqb","id":"mde9eitof1qgrzd"},"id":"561puh4sh70c06j","previousOperationId":"is6kkzwgth2zbdp"}
{"type":"operationEnd","operationId":"is6kkzwgth2zbdp","timestamp":1764976640325,"id":"j3xrdqlv5b06j04","previousEventId":"7bo0e15nzsfdfk0","previousOperationId":"is6kkzwgth2zbdp"}
{"type":"operationStart","subtype":"recipe","name":"html","timestamp":1764976640329,"id":"6j7c3dqlkyn3zfe","previousEventId":"j3xrdqlv5b06j04","operationId":"moyfcfis4kwa7lb","previousOperationId":"is6kkzwgth2zbdp"}
{"type":"log","timestamp":1764976640329,"level":"debug","message":"Executing recipe html","meta":{"rootId":"aynaa7450ky0xqb","id":"mde9eitof1qgrzd"},"id":"uoz0pkbmtrgqx5l","previousOperationId":"moyfcfis4kwa7lb"}
{"type":"operationEnd","operationId":"moyfcfis4kwa7lb","timestamp":1764976640329,"id":"cz96vb6nur3pvyd","previousEventId":"6j7c3dqlkyn3zfe","previousOperationId":"moyfcfis4kwa7lb"}
{"type":"log","timestamp":1764976640331,"level":"debug","message":"Skipping storing report.","meta":{"rootId":"aynaa7450ky0xqb","id":"mde9eitof1qgrzd"},"id":"kqn8rk211f7hves","previousOperationId":"moyfcfis4kwa7lb"}
{"type":"log","timestamp":1764976640331,"level":"info","message":"Rendering (child) request finished in 290 ms","meta":{"rootId":"aynaa7450ky0xqb","id":"mde9eitof1qgrzd"},"id":"e3e3qi418clq6e4","previousOperationId":"moyfcfis4kwa7lb"}
{"type":"operationEnd","subtype":"render","operationId":"yphmek5qmt8njcy","timestamp":1764976640331,"id":"7vjlmjiqe6ckd0r","previousEventId":"cz96vb6nur3pvyd","previousOperationId":"moyfcfis4kwa7lb"}
{"type":"log","timestamp":1764976641138,"level":"debug","message":"pptx successfully zipped","meta":{"rootId":"aynaa7450ky0xqb","id":"aynaa7450ky0xqb"},"id":"7l1jvv11sujob0p","previousOperationId":"4sasmmw8koi66is"}
{"type":"log","timestamp":1764976641138,"level":"info","message":"pptx generation was finished","meta":{"rootId":"aynaa7450ky0xqb","id":"aynaa7450ky0xqb"},"id":"u5841ik969ezytt","previousOperationId":"4sasmmw8koi66is"}
{"type":"operationEnd","operationId":"4sasmmw8koi66is","timestamp":1764976641148,"id":"isjock73d4kvgxb","previousEventId":"1itppbwh7r2bjaz","previousOperationId":"4sasmmw8koi66is"}
{"type":"log","timestamp":1764976641148,"level":"debug","message":"Skipping storing report.","meta":{"rootId":"aynaa7450ky0xqb","id":"aynaa7450ky0xqb"},"id":"61l1rdeiak6dssb","previousOperationId":"4sasmmw8koi66is"}
{"type":"log","timestamp":1764976641148,"level":"info","message":"Rendering request 4 finished in 1107 ms","meta":{"rootId":"aynaa7450ky0xqb","id":"aynaa7450ky0xqb"},"id":"bh6vljl20k870em","previousOperationId":"4sasmmw8koi66is"}
{"type":"operationEnd","subtype":"render","operationId":"yd3gkwf15ijtii4","timestamp":1764976641148,"id":"457lbwq6j51qkj1","previousEventId":"isjock73d4kvgxb","previousOperationId":"4sasmmw8koi66is"}
{"type":"operationEnd","doDiffs":false,"previousEventId":"lp786u94gliwv2k","previousOperationId":"gs9yihrwt0qo28u","operationId":"gs9yihrwt0qo28u","timestamp":1764976641160,"id":"6qi80k0idfhjlgw"}
