{"type":"operationStart","subtype":"profile","data":{"_id":"GqARJBOV6XrHTw4R","timestamp":"2025-12-05T23:20:11.929Z","state":"running","mode":"standard","creationDate":"2025-12-05T23:20:11.934Z","modificationDate":"2025-12-05T23:20:11.934Z","shortid":"FpW9dcL","$entitySet":"profiles","timeout":60000},"doDiffs":false,"timestamp":1764976811932,"id":"qmdeexhom32fmgn","previousOperationId":null,"operationId":"s4rcoj6j7c7z93t"}
{"type":"log","level":"info","message":"Render request 6 queued for execution and waiting for available worker","previousOperationId":"s4rcoj6j7c7z93t","timestamp":1764976811932,"id":"ud9l9m82k4o7m16"}
{"type":"operationStart","subtype":"render","name":"anonymous","previousOperationId":"s4rcoj6j7c7z93t","timestamp":1764976811956,"id":"q4pte2hcuh86j87","previousEventId":"qmdeexhom32fmgn","operationId":"mb81zwubiagrkpq"}
{"type":"log","timestamp":1764976811956,"level":"info","message":"Starting rendering request 6","meta":{"rootId":"b5b6rhgo7coh4cg","id":"b5b6rhgo7coh4cg"},"id":"d4wkijn1u45syd9","previousOperationId":"mb81zwubiagrkpq"}
{"type":"log","timestamp":1764976811956,"level":"info","message":"Rendering anonymous template { recipe: pptx, engine: handlebars }","meta":{"rootId":"b5b6rhgo7coh4cg","id":"b5b6rhgo7coh4cg"},"id":"3wlzpvj626k66eb","previousOperationId":"mb81zwubiagrkpq"}
{"type":"log","timestamp":1764976811956,"level":"debug","message":"Inline data specified.","meta":{"rootId":"b5b6rhgo7coh4cg","id":"b5b6rhgo7coh4cg"},"id":"rk9qfrvjnzu70up","previousOperationId":"mb81zwubiagrkpq"}
{"type":"log","timestamp":1764976811959,"level":"debug","message":"Base url not specified, skipping its injection.","meta":{"rootId":"b5b6rhgo7coh4cg","id":"b5b6rhgo7coh4cg"},"id":"zbdzzj7i1l099u3","previousOperationId":"mb81zwubiagrkpq"}
{"type":"operationStart","subtype":"engine","name":"handlebars","timestamp":1764976811960,"id":"jfoj3psp6st3xcl","previousEventId":"q4pte2hcuh86j87","operationId":"h7mkw6b09wuub68","previousOperationId":"mb81zwubiagrkpq"}
{"type":"log","timestamp":1764976811961,"level":"debug","message":"Rendering engine handlebars","meta":{"rootId":"b5b6rhgo7coh4cg","id":"b5b6rhgo7coh4cg"},"id":"ox027tbl263zmpp","previousOperationId":"h7mkw6b09wuub68"}
{"type":"operationEnd","operationId":"h7mkw6b09wuub68","timestamp":1764976811979,"id":"5mycp07kvk5fnfu","previousEventId":"jfoj3psp6st3xcl","previousOperationId":"h7mkw6b09wuub68"}
{"type":"operationStart","subtype":"recipe","name":"pptx","timestamp":1764976811980,"id":"acgqid0031tbzw2","previousEventId":"5mycp07kvk5fnfu","operationId":"51qhmb5tgg24uuw","previousOperationId":"h7mkw6b09wuub68"}
{"type":"log","timestamp":1764976811980,"level":"debug","message":"Executing recipe pptx","meta":{"rootId":"b5b6rhgo7coh4cg","id":"b5b6rhgo7coh4cg"},"id":"pcdu156pdgt7csm","previousOperationId":"51qhmb5tgg24uuw"}
{"type":"log","timestamp":1764976811980,"level":"info","message":"pptx generation is starting","meta":{"rootId":"b5b6rhgo7coh4cg","id":"b5b6rhgo7coh4cg"},"id":"97x3qibdc35hoe9","previousOperationId":"51qhmb5tgg24uuw"}
{"type":"log","timestamp":1764976812167,"level":"debug","message":"Starting child request to render pptx dynamic parts","meta":{"rootId":"b5b6rhgo7coh4cg","id":"b5b6rhgo7coh4cg"},"id":"ar6b4xl0sfxs6in","previousOperationId":"51qhmb5tgg24uuw"}
{"type":"operationStart","subtype":"render","name":"anonymous","previousOperationId":"51qhmb5tgg24uuw","timestamp":1764976812168,"id":"rr3m4cq5zwr0ii7","previousEventId":"acgqid0031tbzw2","operationId":"nlwgz1seijwaro6"}
{"type":"log","timestamp":1764976812168,"level":"info","message":"Starting rendering (child) request","meta":{"rootId":"b5b6rhgo7coh4cg","id":"0psiekremv2fdz1"},"id":"mmx9065svhe7htu","previousOperationId":"nlwgz1seijwaro6"}
{"type":"log","timestamp":1764976812168,"level":"info","message":"Rendering anonymous template { recipe: html, engine: handlebars }","meta":{"rootId":"b5b6rhgo7coh4cg","id":"0psiekremv2fdz1"},"id":"d5oadsk0a0iv1j8","previousOperationId":"nlwgz1seijwaro6"}
{"type":"log","timestamp":1764976812168,"level":"debug","message":"Inline data specified.","meta":{"rootId":"b5b6rhgo7coh4cg","id":"0psiekremv2fdz1"},"id":"k5kvy2i3wta2ucv","previousOperationId":"nlwgz1seijwaro6"}
{"type":"log","timestamp":1764976812179,"level":"debug","message":"Base url not specified, skipping its injection.","meta":{"rootId":"b5b6rhgo7coh4cg","id":"0psiekremv2fdz1"},"id":"praagcy4cq84o35","previousOperationId":"nlwgz1seijwaro6"}
{"type":"operationStart","subtype":"engine","name":"handlebars","timestamp":1764976812180,"id":"fsag11tnmduna5s","previousEventId":"rr3m4cq5zwr0ii7","operationId":"e3wiyfxa3ypvx4z","previousOperationId":"nlwgz1seijwaro6"}
{"type":"log","timestamp":1764976812180,"level":"debug","message":"Rendering engine handlebars","meta":{"rootId":"b5b6rhgo7coh4cg","id":"0psiekremv2fdz1"},"id":"fsp8xopsewaw2rf","previousOperationId":"e3wiyfxa3ypvx4z"}
{"type":"operationEnd","operationId":"e3wiyfxa3ypvx4z","timestamp":1764976812210,"id":"9jdzi0wkcn093m0","previousEventId":"fsag11tnmduna5s","previousOperationId":"e3wiyfxa3ypvx4z"}
{"type":"operationStart","subtype":"recipe","name":"html","timestamp":1764976812213,"id":"lbgr6iml09ztbis","previousEventId":"9jdzi0wkcn093m0","operationId":"jwjm5uz3uv1nqsd","previousOperationId":"e3wiyfxa3ypvx4z"}
{"type":"log","timestamp":1764976812214,"level":"debug","message":"Executing recipe html","meta":{"rootId":"b5b6rhgo7coh4cg","id":"0psiekremv2fdz1"},"id":"6y4xqdq3edtkwgk","previousOperationId":"jwjm5uz3uv1nqsd"}
{"type":"operationEnd","operationId":"jwjm5uz3uv1nqsd","timestamp":1764976812214,"id":"ougwz74lpic95hc","previousEventId":"lbgr6iml09ztbis","previousOperationId":"jwjm5uz3uv1nqsd"}
{"type":"log","timestamp":1764976812214,"level":"debug","message":"Skipping storing report.","meta":{"rootId":"b5b6rhgo7coh4cg","id":"0psiekremv2fdz1"},"id":"bxv8nv81ezqqdje","previousOperationId":"jwjm5uz3uv1nqsd"}
{"type":"log","timestamp":1764976812214,"level":"info","message":"Rendering (child) request finished in 285 ms","meta":{"rootId":"b5b6rhgo7coh4cg","id":"0psiekremv2fdz1"},"id":"3pjc89x9xj1wq0n","previousOperationId":"jwjm5uz3uv1nqsd"}
{"type":"operationEnd","subtype":"render","operationId":"nlwgz1seijwaro6","timestamp":1764976812214,"id":"bsfi27a5orjfwbg","previousEventId":"ougwz74lpic95hc","previousOperationId":"jwjm5uz3uv1nqsd"}
{"type":"log","timestamp":1764976812361,"level":"debug","message":"pptx successfully zipped","meta":{"rootId":"b5b6rhgo7coh4cg","id":"b5b6rhgo7coh4cg"},"id":"d7wykbn3nhgbv4v","previousOperationId":"51qhmb5tgg24uuw"}
{"type":"log","timestamp":1764976812362,"level":"info","message":"pptx generation was finished","meta":{"rootId":"b5b6rhgo7coh4cg","id":"b5b6rhgo7coh4cg"},"id":"1yc1f4aj4l9z7js","previousOperationId":"51qhmb5tgg24uuw"}
{"type":"operationEnd","operationId":"51qhmb5tgg24uuw","timestamp":1764976812364,"id":"98aib7fi6jxz2v9","previousEventId":"acgqid0031tbzw2","previousOperationId":"51qhmb5tgg24uuw"}
{"type":"log","timestamp":1764976812364,"level":"debug","message":"Skipping storing report.","meta":{"rootId":"b5b6rhgo7coh4cg","id":"b5b6rhgo7coh4cg"},"id":"huabs3l4xu0mrr3","previousOperationId":"51qhmb5tgg24uuw"}
{"type":"log","timestamp":1764976812364,"level":"info","message":"Rendering request 6 finished in 435 ms","meta":{"rootId":"b5b6rhgo7coh4cg","id":"b5b6rhgo7coh4cg"},"id":"fdz1y27zee7fvnz","previousOperationId":"51qhmb5tgg24uuw"}
{"type":"operationEnd","subtype":"render","operationId":"mb81zwubiagrkpq","timestamp":1764976812364,"id":"gmuw5p3oddr0bm3","previousEventId":"98aib7fi6jxz2v9","previousOperationId":"51qhmb5tgg24uuw"}
{"type":"operationEnd","doDiffs":false,"previousEventId":"qmdeexhom32fmgn","previousOperationId":"s4rcoj6j7c7z93t","operationId":"s4rcoj6j7c7z93t","timestamp":1764976812368,"id":"vk4uumbdyueif5j"}
