{"type":"operationStart","subtype":"profile","data":{"_id":"M4wM9ZLOj4ym3eiV","timestamp":"2025-12-06T15:26:59.734Z","state":"running","mode":"standard","creationDate":"2025-12-06T15:26:59.737Z","modificationDate":"2025-12-06T15:26:59.737Z","shortid":"nzsq0a7","$entitySet":"profiles","timeout":60000},"doDiffs":false,"timestamp":1765034819736,"id":"r5ondup2k40ztta","previousOperationId":null,"operationId":"1lz9xobj32l9k88"}
{"type":"log","level":"info","message":"Render request 20 queued for execution and waiting for available worker","previousOperationId":"1lz9xobj32l9k88","timestamp":1765034819736,"id":"owaocjwc82hpp27"}
{"type":"operationStart","subtype":"render","name":"anonymous","previousOperationId":"1lz9xobj32l9k88","timestamp":1765034819747,"id":"dr6kpjzrmgyjz51","previousEventId":"r5ondup2k40ztta","operationId":"e9rxtnm0x4cny8f"}
{"type":"log","timestamp":1765034819747,"level":"info","message":"Starting rendering request 20","meta":{"rootId":"bnkm4n3nzxw23xb","id":"bnkm4n3nzxw23xb"},"id":"t117vdc7tywv6yd","previousOperationId":"e9rxtnm0x4cny8f"}
{"type":"log","timestamp":1765034819747,"level":"info","message":"Rendering anonymous template { recipe: pptx, engine: handlebars }","meta":{"rootId":"bnkm4n3nzxw23xb","id":"bnkm4n3nzxw23xb"},"id":"3sw5gnaeebotwp8","previousOperationId":"e9rxtnm0x4cny8f"}
{"type":"log","timestamp":1765034819747,"level":"debug","message":"Inline data specified.","meta":{"rootId":"bnkm4n3nzxw23xb","id":"bnkm4n3nzxw23xb"},"id":"r4f0w5e11yb3mfx","previousOperationId":"e9rxtnm0x4cny8f"}
{"type":"log","timestamp":1765034819748,"level":"debug","message":"Base url not specified, skipping its injection.","meta":{"rootId":"bnkm4n3nzxw23xb","id":"bnkm4n3nzxw23xb"},"id":"9gb6wi0uii8k8kd","previousOperationId":"e9rxtnm0x4cny8f"}
{"type":"operationStart","subtype":"engine","name":"handlebars","timestamp":1765034819748,"id":"byctrpznjfq0mko","previousEventId":"dr6kpjzrmgyjz51","operationId":"arf4elugixn9yma","previousOperationId":"e9rxtnm0x4cny8f"}
{"type":"log","timestamp":1765034819748,"level":"debug","message":"Rendering engine handlebars","meta":{"rootId":"bnkm4n3nzxw23xb","id":"bnkm4n3nzxw23xb"},"id":"saeh34ywksvh7fr","previousOperationId":"arf4elugixn9yma"}
{"type":"operationEnd","operationId":"arf4elugixn9yma","timestamp":1765034819760,"id":"6edxf7f09pnl2sv","previousEventId":"byctrpznjfq0mko","previousOperationId":"arf4elugixn9yma"}
{"type":"operationStart","subtype":"recipe","name":"pptx","timestamp":1765034819761,"id":"qc7eaa4ajfuo52g","previousEventId":"6edxf7f09pnl2sv","operationId":"lp643cs4w3fp1xi","previousOperationId":"arf4elugixn9yma"}
{"type":"log","timestamp":1765034819761,"level":"debug","message":"Executing recipe pptx","meta":{"rootId":"bnkm4n3nzxw23xb","id":"bnkm4n3nzxw23xb"},"id":"s0eqxk5cjrnqjdt","previousOperationId":"lp643cs4w3fp1xi"}
{"type":"log","timestamp":1765034819761,"level":"info","message":"pptx generation is starting","meta":{"rootId":"bnkm4n3nzxw23xb","id":"bnkm4n3nzxw23xb"},"id":"240k8pte6256s1k","previousOperationId":"lp643cs4w3fp1xi"}
{"type":"log","timestamp":1765034819836,"level":"debug","message":"Starting child request to render pptx dynamic parts","meta":{"rootId":"bnkm4n3nzxw23xb","id":"bnkm4n3nzxw23xb"},"id":"awjtho7lm0m3clp","previousOperationId":"lp643cs4w3fp1xi"}
{"type":"operationStart","subtype":"render","name":"anonymous","previousOperationId":"lp643cs4w3fp1xi","timestamp":1765034819836,"id":"koi7gl4a3i82dd1","previousEventId":"qc7eaa4ajfuo52g","operationId":"77567lu3u6wmltq"}
{"type":"log","timestamp":1765034819837,"level":"info","message":"Starting rendering (child) request","meta":{"rootId":"bnkm4n3nzxw23xb","id":"i7iga6msmlgbhjg"},"id":"tcdp2c7m1b2hhei","previousOperationId":"77567lu3u6wmltq"}
{"type":"log","timestamp":1765034819837,"level":"info","message":"Rendering anonymous template { recipe: html, engine: handlebars }","meta":{"rootId":"bnkm4n3nzxw23xb","id":"i7iga6msmlgbhjg"},"id":"ok6swb0hkciywiy","previousOperationId":"77567lu3u6wmltq"}
{"type":"log","timestamp":1765034819837,"level":"debug","message":"Inline data specified.","meta":{"rootId":"bnkm4n3nzxw23xb","id":"i7iga6msmlgbhjg"},"id":"ki289ixjlubj1z8","previousOperationId":"77567lu3u6wmltq"}
{"type":"log","timestamp":1765034819842,"level":"debug","message":"Base url not specified, skipping its injection.","meta":{"rootId":"bnkm4n3nzxw23xb","id":"i7iga6msmlgbhjg"},"id":"x0nmqh5ziwlujtj","previousOperationId":"77567lu3u6wmltq"}
{"type":"operationStart","subtype":"engine","name":"handlebars","timestamp":1765034819842,"id":"wnzd2zsvztt7vek","previousEventId":"koi7gl4a3i82dd1","operationId":"i2fxl8v57znzhar","previousOperationId":"77567lu3u6wmltq"}
{"type":"log","timestamp":1765034819842,"level":"debug","message":"Rendering engine handlebars","meta":{"rootId":"bnkm4n3nzxw23xb","id":"i7iga6msmlgbhjg"},"id":"e5a36siz3visj19","previousOperationId":"i2fxl8v57znzhar"}
{"type":"operationEnd","operationId":"i2fxl8v57znzhar","timestamp":1765034819866,"id":"2ifm8rvyopzq091","previousEventId":"wnzd2zsvztt7vek","previousOperationId":"i2fxl8v57znzhar"}
{"type":"operationStart","subtype":"recipe","name":"html","timestamp":1765034819867,"id":"cxkc5sb8vrebhbb","previousEventId":"2ifm8rvyopzq091","operationId":"od31onhxrujflpa","previousOperationId":"i2fxl8v57znzhar"}
{"type":"log","timestamp":1765034819867,"level":"debug","message":"Executing recipe html","meta":{"rootId":"bnkm4n3nzxw23xb","id":"i7iga6msmlgbhjg"},"id":"gjwe4eemarsff5a","previousOperationId":"od31onhxrujflpa"}
{"type":"operationEnd","operationId":"od31onhxrujflpa","timestamp":1765034819868,"id":"d8fa8pn79xrio7o","previousEventId":"cxkc5sb8vrebhbb","previousOperationId":"od31onhxrujflpa"}
{"type":"log","timestamp":1765034819868,"level":"debug","message":"Skipping storing report.","meta":{"rootId":"bnkm4n3nzxw23xb","id":"i7iga6msmlgbhjg"},"id":"v32m99jtuaxci5j","previousOperationId":"od31onhxrujflpa"}
{"type":"log","timestamp":1765034819868,"level":"info","message":"Rendering (child) request finished in 134 ms","meta":{"rootId":"bnkm4n3nzxw23xb","id":"i7iga6msmlgbhjg"},"id":"mynhkn694olxd58","previousOperationId":"od31onhxrujflpa"}
{"type":"operationEnd","subtype":"render","operationId":"77567lu3u6wmltq","timestamp":1765034819868,"id":"045bairxfnqvc9d","previousEventId":"d8fa8pn79xrio7o","previousOperationId":"od31onhxrujflpa"}
{"type":"log","timestamp":1765034824042,"level":"debug","message":"pptx successfully zipped","meta":{"rootId":"bnkm4n3nzxw23xb","id":"bnkm4n3nzxw23xb"},"id":"cgh4movya5bmmpa","previousOperationId":"lp643cs4w3fp1xi"}
{"type":"log","timestamp":1765034824042,"level":"info","message":"pptx generation was finished","meta":{"rootId":"bnkm4n3nzxw23xb","id":"bnkm4n3nzxw23xb"},"id":"gt5egd4ejv3v9tt","previousOperationId":"lp643cs4w3fp1xi"}
{"type":"operationEnd","operationId":"lp643cs4w3fp1xi","timestamp":1765034824044,"id":"m6yukpmq5htzpjg","previousEventId":"qc7eaa4ajfuo52g","previousOperationId":"lp643cs4w3fp1xi"}
{"type":"log","timestamp":1765034824044,"level":"debug","message":"Skipping storing report.","meta":{"rootId":"bnkm4n3nzxw23xb","id":"bnkm4n3nzxw23xb"},"id":"gdn8re2s8algr8p","previousOperationId":"lp643cs4w3fp1xi"}
{"type":"log","timestamp":1765034824044,"level":"info","message":"Rendering request 20 finished in 4310 ms","meta":{"rootId":"bnkm4n3nzxw23xb","id":"bnkm4n3nzxw23xb"},"id":"id0c8z6upzskj0z","previousOperationId":"lp643cs4w3fp1xi"}
{"type":"operationEnd","subtype":"render","operationId":"e9rxtnm0x4cny8f","timestamp":1765034824044,"id":"0bgj1am2hjifw67","previousEventId":"m6yukpmq5htzpjg","previousOperationId":"lp643cs4w3fp1xi"}
{"type":"operationEnd","doDiffs":false,"previousEventId":"r5ondup2k40ztta","previousOperationId":"1lz9xobj32l9k88","operationId":"1lz9xobj32l9k88","timestamp":1765034824047,"id":"ba3ug0geabxwtok"}
