{"type":"operationStart","subtype":"profile","data":{"_id":"PeCTldinBYJogqf1","timestamp":"2025-12-05T17:43:18.489Z","state":"running","mode":"standard","creationDate":"2025-12-05T17:43:18.491Z","modificationDate":"2025-12-05T17:43:18.491Z","shortid":"Re6N3f9","$entitySet":"profiles","timeout":60000},"doDiffs":false,"timestamp":1764956598490,"id":"jerlo1c1kbh31sx","previousOperationId":null,"operationId":"ac2bac6w04p3bio"}
{"type":"log","level":"info","message":"Render request 15 queued for execution and waiting for available worker","previousOperationId":"ac2bac6w04p3bio","timestamp":1764956598490,"id":"tcmx3h69vnsio6m"}
{"type":"operationStart","subtype":"render","name":"anonymous","previousOperationId":"ac2bac6w04p3bio","timestamp":1764956598505,"id":"h3h784uinz4inzm","previousEventId":"jerlo1c1kbh31sx","operationId":"p55sm3ly2aea9tp"}
{"type":"log","timestamp":1764956598505,"level":"info","message":"Starting rendering request 15","meta":{"rootId":"bpv3x8gr4byumhh","id":"bpv3x8gr4byumhh"},"id":"phep5gvbxnanzxq","previousOperationId":"p55sm3ly2aea9tp"}
{"type":"log","timestamp":1764956598506,"level":"info","message":"Rendering anonymous template { recipe: pptx, engine: handlebars }","meta":{"rootId":"bpv3x8gr4byumhh","id":"bpv3x8gr4byumhh"},"id":"fa2a37956kzaodx","previousOperationId":"p55sm3ly2aea9tp"}
{"type":"log","timestamp":1764956598506,"level":"debug","message":"Inline data specified.","meta":{"rootId":"bpv3x8gr4byumhh","id":"bpv3x8gr4byumhh"},"id":"rwt94bo6vrt8srl","previousOperationId":"p55sm3ly2aea9tp"}
{"type":"log","timestamp":1764956598507,"level":"debug","message":"Base url not specified, skipping its injection.","meta":{"rootId":"bpv3x8gr4byumhh","id":"bpv3x8gr4byumhh"},"id":"ikukjqg2gurr7zu","previousOperationId":"p55sm3ly2aea9tp"}
{"type":"operationStart","subtype":"engine","name":"handlebars","timestamp":1764956598507,"id":"3j9skbmchiu9nb9","previousEventId":"h3h784uinz4inzm","operationId":"ilkcb956dxfgzsi","previousOperationId":"p55sm3ly2aea9tp"}
{"type":"log","timestamp":1764956598507,"level":"debug","message":"Rendering engine handlebars","meta":{"rootId":"bpv3x8gr4byumhh","id":"bpv3x8gr4byumhh"},"id":"ri0i3agb2h6nukl","previousOperationId":"ilkcb956dxfgzsi"}
{"type":"operationEnd","operationId":"ilkcb956dxfgzsi","timestamp":1764956598516,"id":"lzva28ia4rkr7hp","previousEventId":"3j9skbmchiu9nb9","previousOperationId":"ilkcb956dxfgzsi"}
{"type":"operationStart","subtype":"recipe","name":"pptx","timestamp":1764956598516,"id":"wbghixj2t49rtvm","previousEventId":"lzva28ia4rkr7hp","operationId":"g59iwy8jf44i2jf","previousOperationId":"ilkcb956dxfgzsi"}
{"type":"log","timestamp":1764956598516,"level":"debug","message":"Executing recipe pptx","meta":{"rootId":"bpv3x8gr4byumhh","id":"bpv3x8gr4byumhh"},"id":"g585buwgdxk1u08","previousOperationId":"g59iwy8jf44i2jf"}
{"type":"log","timestamp":1764956598517,"level":"info","message":"pptx generation is starting","meta":{"rootId":"bpv3x8gr4byumhh","id":"bpv3x8gr4byumhh"},"id":"qe1zlqccf9gt2hw","previousOperationId":"g59iwy8jf44i2jf"}
{"type":"log","timestamp":1764956598584,"level":"debug","message":"Starting child request to render pptx dynamic parts","meta":{"rootId":"bpv3x8gr4byumhh","id":"bpv3x8gr4byumhh"},"id":"je99ozmwf5vedo2","previousOperationId":"g59iwy8jf44i2jf"}
{"type":"operationStart","subtype":"render","name":"anonymous","previousOperationId":"g59iwy8jf44i2jf","timestamp":1764956598584,"id":"n9of33lhaoycae6","previousEventId":"wbghixj2t49rtvm","operationId":"v7q04pnd7j4si8f"}
{"type":"log","timestamp":1764956598584,"level":"info","message":"Starting rendering (child) request","meta":{"rootId":"bpv3x8gr4byumhh","id":"ed7k322mj5h9gil"},"id":"xuknk81xpjkedxy","previousOperationId":"v7q04pnd7j4si8f"}
{"type":"log","timestamp":1764956598584,"level":"info","message":"Rendering anonymous template { recipe: html, engine: handlebars }","meta":{"rootId":"bpv3x8gr4byumhh","id":"ed7k322mj5h9gil"},"id":"ciiccr3u8fbx2oq","previousOperationId":"v7q04pnd7j4si8f"}
{"type":"log","timestamp":1764956598584,"level":"debug","message":"Inline data specified.","meta":{"rootId":"bpv3x8gr4byumhh","id":"ed7k322mj5h9gil"},"id":"8r8b04r9kcora12","previousOperationId":"v7q04pnd7j4si8f"}
{"type":"log","timestamp":1764956598585,"level":"debug","message":"Base url not specified, skipping its injection.","meta":{"rootId":"bpv3x8gr4byumhh","id":"ed7k322mj5h9gil"},"id":"5pudwxn5hx6mk58","previousOperationId":"v7q04pnd7j4si8f"}
{"type":"operationStart","subtype":"engine","name":"handlebars","timestamp":1764956598586,"id":"qh805yhf3vgpj1m","previousEventId":"n9of33lhaoycae6","operationId":"vdwtdfbcne11hfy","previousOperationId":"v7q04pnd7j4si8f"}
{"type":"log","timestamp":1764956598586,"level":"debug","message":"Rendering engine handlebars","meta":{"rootId":"bpv3x8gr4byumhh","id":"ed7k322mj5h9gil"},"id":"cmg1f2xwcsur9tn","previousOperationId":"vdwtdfbcne11hfy"}
{"type":"operationEnd","operationId":"vdwtdfbcne11hfy","timestamp":1764956598595,"id":"v3c5dcrxjhx0gqn","previousEventId":"qh805yhf3vgpj1m","previousOperationId":"vdwtdfbcne11hfy"}
{"type":"operationStart","subtype":"recipe","name":"html","timestamp":1764956598596,"id":"47g3mxwoktd2q8n","previousEventId":"v3c5dcrxjhx0gqn","operationId":"nu7vajllige7lmi","previousOperationId":"vdwtdfbcne11hfy"}
{"type":"log","timestamp":1764956598596,"level":"debug","message":"Executing recipe html","meta":{"rootId":"bpv3x8gr4byumhh","id":"ed7k322mj5h9gil"},"id":"c67zunvr79n2oba","previousOperationId":"nu7vajllige7lmi"}
{"type":"operationEnd","operationId":"nu7vajllige7lmi","timestamp":1764956598596,"id":"qvsie4jm4ud4ibb","previousEventId":"47g3mxwoktd2q8n","previousOperationId":"nu7vajllige7lmi"}
{"type":"log","timestamp":1764956598596,"level":"debug","message":"Skipping storing report.","meta":{"rootId":"bpv3x8gr4byumhh","id":"ed7k322mj5h9gil"},"id":"bldcb1e5n5aenz0","previousOperationId":"nu7vajllige7lmi"}
{"type":"log","timestamp":1764956598596,"level":"info","message":"Rendering (child) request finished in 107 ms","meta":{"rootId":"bpv3x8gr4byumhh","id":"ed7k322mj5h9gil"},"id":"h9jpjpy2lsx3iys","previousOperationId":"nu7vajllige7lmi"}
{"type":"operationEnd","subtype":"render","operationId":"v7q04pnd7j4si8f","timestamp":1764956598596,"id":"mzmdr9pdd0rn8bd","previousEventId":"qvsie4jm4ud4ibb","previousOperationId":"nu7vajllige7lmi"}
{"type":"log","timestamp":1764956598682,"level":"debug","message":"pptx successfully zipped","meta":{"rootId":"bpv3x8gr4byumhh","id":"bpv3x8gr4byumhh"},"id":"v65gzoe8oimvogh","previousOperationId":"g59iwy8jf44i2jf"}
{"type":"log","timestamp":1764956598682,"level":"info","message":"pptx generation was finished","meta":{"rootId":"bpv3x8gr4byumhh","id":"bpv3x8gr4byumhh"},"id":"zlg4rg40by7tp7e","previousOperationId":"g59iwy8jf44i2jf"}
{"type":"operationEnd","operationId":"g59iwy8jf44i2jf","timestamp":1764956598685,"id":"hz8pc4liq3po23y","previousEventId":"wbghixj2t49rtvm","previousOperationId":"g59iwy8jf44i2jf"}
{"type":"log","timestamp":1764956598685,"level":"debug","message":"Skipping storing report.","meta":{"rootId":"bpv3x8gr4byumhh","id":"bpv3x8gr4byumhh"},"id":"5y4agujgogotdjc","previousOperationId":"g59iwy8jf44i2jf"}
{"type":"log","timestamp":1764956598685,"level":"info","message":"Rendering request 15 finished in 196 ms","meta":{"rootId":"bpv3x8gr4byumhh","id":"bpv3x8gr4byumhh"},"id":"991f7ebcn0q8k9m","previousOperationId":"g59iwy8jf44i2jf"}
{"type":"operationEnd","subtype":"render","operationId":"p55sm3ly2aea9tp","timestamp":1764956598685,"id":"tu0nz6pbncm0y75","previousEventId":"hz8pc4liq3po23y","previousOperationId":"g59iwy8jf44i2jf"}
{"type":"operationEnd","doDiffs":false,"previousEventId":"jerlo1c1kbh31sx","previousOperationId":"ac2bac6w04p3bio","operationId":"ac2bac6w04p3bio","timestamp":1764956598689,"id":"hjjw1i22ez7kbv2"}
