{"type":"operationStart","subtype":"profile","data":{"_id":"hfHiprz9tq4Ox4o1","timestamp":"2025-12-06T14:53:56.744Z","state":"running","mode":"standard","creationDate":"2025-12-06T14:53:56.747Z","modificationDate":"2025-12-06T14:53:56.747Z","shortid":"2Mwo8sX","$entitySet":"profiles","timeout":60000},"doDiffs":false,"timestamp":1765032836746,"id":"o62d9qhaiq61crz","previousOperationId":null,"operationId":"pghw1mdzm0zn4j6"}
{"type":"log","level":"info","message":"Render request 11 queued for execution and waiting for available worker","previousOperationId":"pghw1mdzm0zn4j6","timestamp":1765032836746,"id":"0co4d8jt3dq9brl"}
{"type":"operationStart","subtype":"render","name":"anonymous","previousOperationId":"pghw1mdzm0zn4j6","timestamp":1765032836780,"id":"auz716jyeeacfbc","previousEventId":"o62d9qhaiq61crz","operationId":"dwxis2y6xe75vy3"}
{"type":"log","timestamp":1765032836780,"level":"info","message":"Starting rendering request 11","meta":{"rootId":"cdf2d5p01l1asnq","id":"cdf2d5p01l1asnq"},"id":"ecfz9v2r1e2g2fz","previousOperationId":"dwxis2y6xe75vy3"}
{"type":"log","timestamp":1765032836781,"level":"info","message":"Rendering anonymous template { recipe: pptx, engine: handlebars }","meta":{"rootId":"cdf2d5p01l1asnq","id":"cdf2d5p01l1asnq"},"id":"ukkwr5hyhtpvt20","previousOperationId":"dwxis2y6xe75vy3"}
{"type":"log","timestamp":1765032836781,"level":"debug","message":"Inline data specified.","meta":{"rootId":"cdf2d5p01l1asnq","id":"cdf2d5p01l1asnq"},"id":"b0a1x7oair9m2ss","previousOperationId":"dwxis2y6xe75vy3"}
{"type":"log","timestamp":1765032836782,"level":"debug","message":"Base url not specified, skipping its injection.","meta":{"rootId":"cdf2d5p01l1asnq","id":"cdf2d5p01l1asnq"},"id":"tsfyadef93ci1zr","previousOperationId":"dwxis2y6xe75vy3"}
{"type":"operationStart","subtype":"engine","name":"handlebars","timestamp":1765032836783,"id":"6nbow5zet2dfo3n","previousEventId":"auz716jyeeacfbc","operationId":"xqkeb9x2fmdfq3b","previousOperationId":"dwxis2y6xe75vy3"}
{"type":"log","timestamp":1765032836783,"level":"debug","message":"Rendering engine handlebars","meta":{"rootId":"cdf2d5p01l1asnq","id":"cdf2d5p01l1asnq"},"id":"coq3kxn0o6ag7gn","previousOperationId":"xqkeb9x2fmdfq3b"}
{"type":"operationEnd","operationId":"xqkeb9x2fmdfq3b","timestamp":1765032836795,"id":"ietmc1snjeafwvj","previousEventId":"6nbow5zet2dfo3n","previousOperationId":"xqkeb9x2fmdfq3b"}
{"type":"operationStart","subtype":"recipe","name":"pptx","timestamp":1765032836795,"id":"bw8k4r3guyj4rgo","previousEventId":"ietmc1snjeafwvj","operationId":"fl3e2oq0cxp276h","previousOperationId":"xqkeb9x2fmdfq3b"}
{"type":"log","timestamp":1765032836795,"level":"debug","message":"Executing recipe pptx","meta":{"rootId":"cdf2d5p01l1asnq","id":"cdf2d5p01l1asnq"},"id":"iyzsjzrpawjm485","previousOperationId":"fl3e2oq0cxp276h"}
{"type":"log","timestamp":1765032836795,"level":"info","message":"pptx generation is starting","meta":{"rootId":"cdf2d5p01l1asnq","id":"cdf2d5p01l1asnq"},"id":"sae2fqehxunrbrs","previousOperationId":"fl3e2oq0cxp276h"}
{"type":"log","timestamp":1765032836887,"level":"debug","message":"Starting child request to render pptx dynamic parts","meta":{"rootId":"cdf2d5p01l1asnq","id":"cdf2d5p01l1asnq"},"id":"hfab3ywb6oq00yy","previousOperationId":"fl3e2oq0cxp276h"}
{"type":"operationStart","subtype":"render","name":"anonymous","previousOperationId":"fl3e2oq0cxp276h","timestamp":1765032836888,"id":"wus40ehm0p11niw","previousEventId":"bw8k4r3guyj4rgo","operationId":"d0e5cjq6wq70h27"}
{"type":"log","timestamp":1765032836888,"level":"info","message":"Starting rendering (child) request","meta":{"rootId":"cdf2d5p01l1asnq","id":"8uhzrnvja6d5y63"},"id":"uu070amjddk9xr2","previousOperationId":"d0e5cjq6wq70h27"}
{"type":"log","timestamp":1765032836888,"level":"info","message":"Rendering anonymous template { recipe: html, engine: handlebars }","meta":{"rootId":"cdf2d5p01l1asnq","id":"8uhzrnvja6d5y63"},"id":"b4str78f5gwgj0r","previousOperationId":"d0e5cjq6wq70h27"}
{"type":"log","timestamp":1765032836888,"level":"debug","message":"Inline data specified.","meta":{"rootId":"cdf2d5p01l1asnq","id":"8uhzrnvja6d5y63"},"id":"rohte0n730d7mvc","previousOperationId":"d0e5cjq6wq70h27"}
{"type":"log","timestamp":1765032836895,"level":"debug","message":"Base url not specified, skipping its injection.","meta":{"rootId":"cdf2d5p01l1asnq","id":"8uhzrnvja6d5y63"},"id":"ztcne5ial1jvhnt","previousOperationId":"d0e5cjq6wq70h27"}
{"type":"operationStart","subtype":"engine","name":"handlebars","timestamp":1765032836896,"id":"lpzokmi7m2v10ia","previousEventId":"wus40ehm0p11niw","operationId":"tso6pr47wmxz030","previousOperationId":"d0e5cjq6wq70h27"}
{"type":"log","timestamp":1765032836896,"level":"debug","message":"Rendering engine handlebars","meta":{"rootId":"cdf2d5p01l1asnq","id":"8uhzrnvja6d5y63"},"id":"57nx9d2tbc1d3dl","previousOperationId":"tso6pr47wmxz030"}
{"type":"operationEnd","operationId":"tso6pr47wmxz030","timestamp":1765032836921,"id":"xprzmrg6i6ermoi","previousEventId":"lpzokmi7m2v10ia","previousOperationId":"tso6pr47wmxz030"}
{"type":"operationStart","subtype":"recipe","name":"html","timestamp":1765032836923,"id":"m40qix2lizn846u","previousEventId":"xprzmrg6i6ermoi","operationId":"8e8ipwzccj02brl","previousOperationId":"tso6pr47wmxz030"}
{"type":"log","timestamp":1765032836923,"level":"debug","message":"Executing recipe html","meta":{"rootId":"cdf2d5p01l1asnq","id":"8uhzrnvja6d5y63"},"id":"kpjjc58e8dhfz9p","previousOperationId":"8e8ipwzccj02brl"}
{"type":"operationEnd","operationId":"8e8ipwzccj02brl","timestamp":1765032836923,"id":"nn50cy5mrxnz69s","previousEventId":"m40qix2lizn846u","previousOperationId":"8e8ipwzccj02brl"}
{"type":"log","timestamp":1765032836923,"level":"debug","message":"Skipping storing report.","meta":{"rootId":"cdf2d5p01l1asnq","id":"8uhzrnvja6d5y63"},"id":"65jiw1t2lw4uccs","previousOperationId":"8e8ipwzccj02brl"}
{"type":"log","timestamp":1765032836923,"level":"info","message":"Rendering (child) request finished in 181 ms","meta":{"rootId":"cdf2d5p01l1asnq","id":"8uhzrnvja6d5y63"},"id":"gdey8mpj1tljejq","previousOperationId":"8e8ipwzccj02brl"}
{"type":"operationEnd","subtype":"render","operationId":"d0e5cjq6wq70h27","timestamp":1765032836923,"id":"aqpueygv0e04wqv","previousEventId":"nn50cy5mrxnz69s","previousOperationId":"8e8ipwzccj02brl"}
{"type":"log","timestamp":1765032838559,"level":"debug","message":"pptx successfully zipped","meta":{"rootId":"cdf2d5p01l1asnq","id":"cdf2d5p01l1asnq"},"id":"ztkvp2uucdfuxsv","previousOperationId":"fl3e2oq0cxp276h"}
{"type":"log","timestamp":1765032838559,"level":"info","message":"pptx generation was finished","meta":{"rootId":"cdf2d5p01l1asnq","id":"cdf2d5p01l1asnq"},"id":"th691mc1ym5xwyi","previousOperationId":"fl3e2oq0cxp276h"}
{"type":"operationEnd","operationId":"fl3e2oq0cxp276h","timestamp":1765032838563,"id":"iioa1wkcylmtb11","previousEventId":"bw8k4r3guyj4rgo","previousOperationId":"fl3e2oq0cxp276h"}
{"type":"log","timestamp":1765032838563,"level":"debug","message":"Skipping storing report.","meta":{"rootId":"cdf2d5p01l1asnq","id":"cdf2d5p01l1asnq"},"id":"xodcvhcpxv43z89","previousOperationId":"fl3e2oq0cxp276h"}
{"type":"log","timestamp":1765032838563,"level":"info","message":"Rendering request 11 finished in 1821 ms","meta":{"rootId":"cdf2d5p01l1asnq","id":"cdf2d5p01l1asnq"},"id":"y3cy6ki10v3yui1","previousOperationId":"fl3e2oq0cxp276h"}
{"type":"operationEnd","subtype":"render","operationId":"dwxis2y6xe75vy3","timestamp":1765032838563,"id":"p9q5z4u60zlql1l","previousEventId":"iioa1wkcylmtb11","previousOperationId":"fl3e2oq0cxp276h"}
{"type":"operationEnd","doDiffs":false,"previousEventId":"o62d9qhaiq61crz","previousOperationId":"pghw1mdzm0zn4j6","operationId":"pghw1mdzm0zn4j6","timestamp":1765032838568,"id":"tlqcl3w0gesp75q"}
