{"type":"operationStart","subtype":"profile","data":{"_id":"Ws0aaaQMhDszN8qu","timestamp":"2025-12-06T15:38:01.055Z","state":"running","mode":"standard","creationDate":"2025-12-06T15:38:01.058Z","modificationDate":"2025-12-06T15:38:01.058Z","shortid":"vKdSTfQ","$entitySet":"profiles","timeout":60000},"doDiffs":false,"timestamp":1765035481057,"id":"5gksdhuaz2p9z6c","previousOperationId":null,"operationId":"7nfme78qkgagn9a"}
{"type":"log","level":"info","message":"Render request 26 queued for execution and waiting for available worker","previousOperationId":"7nfme78qkgagn9a","timestamp":1765035481057,"id":"ssbnqgignyeymqw"}
{"type":"operationStart","subtype":"render","name":"anonymous","previousOperationId":"7nfme78qkgagn9a","timestamp":1765035481070,"id":"zgq6xh5lt5ubuin","previousEventId":"5gksdhuaz2p9z6c","operationId":"tjs8gld1xsxrqhj"}
{"type":"log","timestamp":1765035481070,"level":"info","message":"Starting rendering request 26","meta":{"rootId":"cekqlqgf36y8m76","id":"cekqlqgf36y8m76"},"id":"z1gbg9snpez4pma","previousOperationId":"tjs8gld1xsxrqhj"}
{"type":"log","timestamp":1765035481070,"level":"info","message":"Rendering anonymous template { recipe: pptx, engine: handlebars }","meta":{"rootId":"cekqlqgf36y8m76","id":"cekqlqgf36y8m76"},"id":"08izm7k05nbyabj","previousOperationId":"tjs8gld1xsxrqhj"}
{"type":"log","timestamp":1765035481071,"level":"debug","message":"Inline data specified.","meta":{"rootId":"cekqlqgf36y8m76","id":"cekqlqgf36y8m76"},"id":"qog764hwvpzaucu","previousOperationId":"tjs8gld1xsxrqhj"}
{"type":"log","timestamp":1765035481076,"level":"debug","message":"Base url not specified, skipping its injection.","meta":{"rootId":"cekqlqgf36y8m76","id":"cekqlqgf36y8m76"},"id":"4bkbpsay376yepy","previousOperationId":"tjs8gld1xsxrqhj"}
{"type":"operationStart","subtype":"engine","name":"handlebars","timestamp":1765035481076,"id":"ot51koaycu9s8fq","previousEventId":"zgq6xh5lt5ubuin","operationId":"mtvnbltoaqqtlfo","previousOperationId":"tjs8gld1xsxrqhj"}
{"type":"log","timestamp":1765035481076,"level":"debug","message":"Rendering engine handlebars","meta":{"rootId":"cekqlqgf36y8m76","id":"cekqlqgf36y8m76"},"id":"piy8q4turg0q9jx","previousOperationId":"mtvnbltoaqqtlfo"}
{"type":"operationEnd","operationId":"mtvnbltoaqqtlfo","timestamp":1765035481088,"id":"wkdlmespo2id2o7","previousEventId":"ot51koaycu9s8fq","previousOperationId":"mtvnbltoaqqtlfo"}
{"type":"operationStart","subtype":"recipe","name":"pptx","timestamp":1765035481089,"id":"06mun16sin16dju","previousEventId":"wkdlmespo2id2o7","operationId":"zvepweuujlrfvb6","previousOperationId":"mtvnbltoaqqtlfo"}
{"type":"log","timestamp":1765035481089,"level":"debug","message":"Executing recipe pptx","meta":{"rootId":"cekqlqgf36y8m76","id":"cekqlqgf36y8m76"},"id":"x9b90hwqylr3ga2","previousOperationId":"zvepweuujlrfvb6"}
{"type":"log","timestamp":1765035481090,"level":"info","message":"pptx generation is starting","meta":{"rootId":"cekqlqgf36y8m76","id":"cekqlqgf36y8m76"},"id":"bar2ks3atuekvs4","previousOperationId":"zvepweuujlrfvb6"}
{"type":"log","timestamp":1765035481225,"level":"debug","message":"Starting child request to render pptx dynamic parts","meta":{"rootId":"cekqlqgf36y8m76","id":"cekqlqgf36y8m76"},"id":"mxxs3cqyul7x49y","previousOperationId":"zvepweuujlrfvb6"}
{"type":"operationStart","subtype":"render","name":"anonymous","previousOperationId":"zvepweuujlrfvb6","timestamp":1765035481226,"id":"c8hnu68rfyytz7k","previousEventId":"06mun16sin16dju","operationId":"md1xarrjl1xddgd"}
{"type":"log","timestamp":1765035481226,"level":"info","message":"Starting rendering (child) request","meta":{"rootId":"cekqlqgf36y8m76","id":"etc53tvfbzmrr9q"},"id":"4pix36emhwwbrel","previousOperationId":"md1xarrjl1xddgd"}
{"type":"log","timestamp":1765035481226,"level":"info","message":"Rendering anonymous template { recipe: html, engine: handlebars }","meta":{"rootId":"cekqlqgf36y8m76","id":"etc53tvfbzmrr9q"},"id":"8pezo2lu60zg16r","previousOperationId":"md1xarrjl1xddgd"}
{"type":"log","timestamp":1765035481226,"level":"debug","message":"Inline data specified.","meta":{"rootId":"cekqlqgf36y8m76","id":"etc53tvfbzmrr9q"},"id":"axfagiipfsz8hnv","previousOperationId":"md1xarrjl1xddgd"}
{"type":"log","timestamp":1765035481230,"level":"debug","message":"Base url not specified, skipping its injection.","meta":{"rootId":"cekqlqgf36y8m76","id":"etc53tvfbzmrr9q"},"id":"ywxtwsqs4szmds5","previousOperationId":"md1xarrjl1xddgd"}
{"type":"operationStart","subtype":"engine","name":"handlebars","timestamp":1765035481230,"id":"jg7td8en67fcawq","previousEventId":"c8hnu68rfyytz7k","operationId":"km3cg0qa66b0sjq","previousOperationId":"md1xarrjl1xddgd"}
{"type":"log","timestamp":1765035481230,"level":"debug","message":"Rendering engine handlebars","meta":{"rootId":"cekqlqgf36y8m76","id":"etc53tvfbzmrr9q"},"id":"4rwmvp0dycjdvfa","previousOperationId":"km3cg0qa66b0sjq"}
{"type":"operationEnd","operationId":"km3cg0qa66b0sjq","timestamp":1765035481252,"id":"ksk4ou5papkeu7i","previousEventId":"jg7td8en67fcawq","previousOperationId":"km3cg0qa66b0sjq"}
{"type":"operationStart","subtype":"recipe","name":"html","timestamp":1765035481253,"id":"zkvxjue69yuagrw","previousEventId":"ksk4ou5papkeu7i","operationId":"1nwjqys2jacyd7c","previousOperationId":"km3cg0qa66b0sjq"}
{"type":"log","timestamp":1765035481253,"level":"debug","message":"Executing recipe html","meta":{"rootId":"cekqlqgf36y8m76","id":"etc53tvfbzmrr9q"},"id":"z849a7u8fg1bwmr","previousOperationId":"1nwjqys2jacyd7c"}
{"type":"operationEnd","operationId":"1nwjqys2jacyd7c","timestamp":1765035481253,"id":"0q2dzn9869zazcl","previousEventId":"zkvxjue69yuagrw","previousOperationId":"1nwjqys2jacyd7c"}
{"type":"log","timestamp":1765035481254,"level":"debug","message":"Skipping storing report.","meta":{"rootId":"cekqlqgf36y8m76","id":"etc53tvfbzmrr9q"},"id":"hhj9u7jkgwnvlx3","previousOperationId":"1nwjqys2jacyd7c"}
{"type":"log","timestamp":1765035481254,"level":"info","message":"Rendering (child) request finished in 199 ms","meta":{"rootId":"cekqlqgf36y8m76","id":"etc53tvfbzmrr9q"},"id":"x6rz7esed2kvkxa","previousOperationId":"1nwjqys2jacyd7c"}
{"type":"operationEnd","subtype":"render","operationId":"md1xarrjl1xddgd","timestamp":1765035481254,"id":"v75qlwjmsu88g6o","previousEventId":"0q2dzn9869zazcl","previousOperationId":"1nwjqys2jacyd7c"}
{"type":"log","timestamp":1765035483323,"level":"debug","message":"pptx successfully zipped","meta":{"rootId":"cekqlqgf36y8m76","id":"cekqlqgf36y8m76"},"id":"038wombpl5ni3ft","previousOperationId":"zvepweuujlrfvb6"}
{"type":"log","timestamp":1765035483323,"level":"info","message":"pptx generation was finished","meta":{"rootId":"cekqlqgf36y8m76","id":"cekqlqgf36y8m76"},"id":"z1otp0svye5rzl8","previousOperationId":"zvepweuujlrfvb6"}
{"type":"operationEnd","operationId":"zvepweuujlrfvb6","timestamp":1765035483329,"id":"cs9cgrxyfkwym3l","previousEventId":"06mun16sin16dju","previousOperationId":"zvepweuujlrfvb6"}
{"type":"log","timestamp":1765035483329,"level":"debug","message":"Skipping storing report.","meta":{"rootId":"cekqlqgf36y8m76","id":"cekqlqgf36y8m76"},"id":"o0wbrst2ps25hte","previousOperationId":"zvepweuujlrfvb6"}
{"type":"log","timestamp":1765035483329,"level":"info","message":"Rendering request 26 finished in 2274 ms","meta":{"rootId":"cekqlqgf36y8m76","id":"cekqlqgf36y8m76"},"id":"nqk5z3hpntx6vuo","previousOperationId":"zvepweuujlrfvb6"}
{"type":"operationEnd","subtype":"render","operationId":"tjs8gld1xsxrqhj","timestamp":1765035483329,"id":"iz8uua4lscvtn6j","previousEventId":"cs9cgrxyfkwym3l","previousOperationId":"zvepweuujlrfvb6"}
{"type":"operationEnd","doDiffs":false,"previousEventId":"5gksdhuaz2p9z6c","previousOperationId":"7nfme78qkgagn9a","operationId":"7nfme78qkgagn9a","timestamp":1765035483335,"id":"lhhob2m1q6n43a1"}
