{"type":"operationStart","subtype":"profile","data":{"_id":"evEekCwstNoE3iYh","timestamp":"2025-12-05T19:15:17.978Z","state":"running","mode":"standard","creationDate":"2025-12-05T19:15:17.981Z","modificationDate":"2025-12-05T19:15:17.981Z","shortid":"f_fFDYn","$entitySet":"profiles","timeout":60000},"doDiffs":false,"timestamp":1764962117979,"id":"f0m4dav6bodcrsq","previousOperationId":null,"operationId":"n718rsom9pnq0ag"}
{"type":"log","level":"info","message":"Render request 2 queued for execution and waiting for available worker","previousOperationId":"n718rsom9pnq0ag","timestamp":1764962117979,"id":"02tjejofqgitvv5"}
{"type":"operationStart","subtype":"render","name":"anonymous","previousOperationId":"n718rsom9pnq0ag","timestamp":1764962117995,"id":"rxdllr0bgzp05ot","previousEventId":"f0m4dav6bodcrsq","operationId":"gb5w8602il250aw"}
{"type":"log","timestamp":1764962117996,"level":"info","message":"Starting rendering request 2","meta":{"rootId":"cj4nfxmn83j18w8","id":"cj4nfxmn83j18w8"},"id":"8neg1g8h5pu308m","previousOperationId":"gb5w8602il250aw"}
{"type":"log","timestamp":1764962117998,"level":"info","message":"Rendering anonymous template { recipe: pptx, engine: handlebars }","meta":{"rootId":"cj4nfxmn83j18w8","id":"cj4nfxmn83j18w8"},"id":"n8autojnoamj3yb","previousOperationId":"gb5w8602il250aw"}
{"type":"log","timestamp":1764962117998,"level":"debug","message":"Inline data specified.","meta":{"rootId":"cj4nfxmn83j18w8","id":"cj4nfxmn83j18w8"},"id":"6yult2qwvy2ssol","previousOperationId":"gb5w8602il250aw"}
{"type":"log","timestamp":1764962118004,"level":"debug","message":"Base url not specified, skipping its injection.","meta":{"rootId":"cj4nfxmn83j18w8","id":"cj4nfxmn83j18w8"},"id":"a7hvgjndfl0s821","previousOperationId":"gb5w8602il250aw"}
{"type":"operationStart","subtype":"engine","name":"handlebars","timestamp":1764962118005,"id":"h95z3ywj9feorpe","previousEventId":"rxdllr0bgzp05ot","operationId":"o9ziu4sa87owd3n","previousOperationId":"gb5w8602il250aw"}
{"type":"log","timestamp":1764962118006,"level":"debug","message":"Rendering engine handlebars","meta":{"rootId":"cj4nfxmn83j18w8","id":"cj4nfxmn83j18w8"},"id":"7m4cvvrh9o1drkp","previousOperationId":"o9ziu4sa87owd3n"}
{"type":"operationEnd","operationId":"o9ziu4sa87owd3n","timestamp":1764962118983,"id":"nqduhmnq4i95jgr","previousEventId":"h95z3ywj9feorpe","previousOperationId":"o9ziu4sa87owd3n"}
{"type":"operationStart","subtype":"recipe","name":"pptx","timestamp":1764962118984,"id":"yrilkxfs049u90e","previousEventId":"nqduhmnq4i95jgr","operationId":"8szmqgycod4xw1u","previousOperationId":"o9ziu4sa87owd3n"}
{"type":"log","timestamp":1764962118984,"level":"debug","message":"Executing recipe pptx","meta":{"rootId":"cj4nfxmn83j18w8","id":"cj4nfxmn83j18w8"},"id":"kgc6z8h4ualrqpk","previousOperationId":"8szmqgycod4xw1u"}
{"type":"log","timestamp":1764962119123,"level":"info","message":"pptx generation is starting","meta":{"rootId":"cj4nfxmn83j18w8","id":"cj4nfxmn83j18w8"},"id":"0kmm5eikqwbcxep","previousOperationId":"8szmqgycod4xw1u"}
{"type":"log","timestamp":1764962119235,"level":"debug","message":"Starting child request to render pptx dynamic parts","meta":{"rootId":"cj4nfxmn83j18w8","id":"cj4nfxmn83j18w8"},"id":"ca6yqqerlpdd60a","previousOperationId":"8szmqgycod4xw1u"}
{"type":"operationStart","subtype":"render","name":"anonymous","previousOperationId":"8szmqgycod4xw1u","timestamp":1764962119236,"id":"w1oz516l5n52kuj","previousEventId":"yrilkxfs049u90e","operationId":"yjvjs9jhmy5wamx"}
{"type":"log","timestamp":1764962119236,"level":"info","message":"Starting rendering (child) request","meta":{"rootId":"cj4nfxmn83j18w8","id":"rfpnru3e17u72kf"},"id":"g1oxwobf40vgjx5","previousOperationId":"yjvjs9jhmy5wamx"}
{"type":"log","timestamp":1764962119236,"level":"info","message":"Rendering anonymous template { recipe: html, engine: handlebars }","meta":{"rootId":"cj4nfxmn83j18w8","id":"rfpnru3e17u72kf"},"id":"skt2nsapabn9lgh","previousOperationId":"yjvjs9jhmy5wamx"}
{"type":"log","timestamp":1764962119236,"level":"debug","message":"Inline data specified.","meta":{"rootId":"cj4nfxmn83j18w8","id":"rfpnru3e17u72kf"},"id":"9j84ghbgtrpe7lg","previousOperationId":"yjvjs9jhmy5wamx"}
{"type":"log","timestamp":1764962119239,"level":"debug","message":"Base url not specified, skipping its injection.","meta":{"rootId":"cj4nfxmn83j18w8","id":"rfpnru3e17u72kf"},"id":"s92m7wpv4v2lbmt","previousOperationId":"yjvjs9jhmy5wamx"}
{"type":"operationStart","subtype":"engine","name":"handlebars","timestamp":1764962119240,"id":"7a0l1ii2d53rubo","previousEventId":"w1oz516l5n52kuj","operationId":"s1qfbc1aao5sbrf","previousOperationId":"yjvjs9jhmy5wamx"}
{"type":"log","timestamp":1764962119240,"level":"debug","message":"Rendering engine handlebars","meta":{"rootId":"cj4nfxmn83j18w8","id":"rfpnru3e17u72kf"},"id":"uj040rt606j8ccw","previousOperationId":"s1qfbc1aao5sbrf"}
{"type":"operationEnd","operationId":"s1qfbc1aao5sbrf","timestamp":1764962119264,"id":"zdpo8gy0dli3ail","previousEventId":"7a0l1ii2d53rubo","previousOperationId":"s1qfbc1aao5sbrf"}
{"type":"operationStart","subtype":"recipe","name":"html","timestamp":1764962119264,"id":"d72rysnbi9x5fit","previousEventId":"zdpo8gy0dli3ail","operationId":"e2adwgvhatjl3cw","previousOperationId":"s1qfbc1aao5sbrf"}
{"type":"log","timestamp":1764962119265,"level":"debug","message":"Executing recipe html","meta":{"rootId":"cj4nfxmn83j18w8","id":"rfpnru3e17u72kf"},"id":"lb5one9pxs3dmo9","previousOperationId":"e2adwgvhatjl3cw"}
{"type":"operationEnd","operationId":"e2adwgvhatjl3cw","timestamp":1764962119265,"id":"7aghf8fvpiow6k5","previousEventId":"d72rysnbi9x5fit","previousOperationId":"e2adwgvhatjl3cw"}
{"type":"log","timestamp":1764962119265,"level":"debug","message":"Skipping storing report.","meta":{"rootId":"cj4nfxmn83j18w8","id":"rfpnru3e17u72kf"},"id":"rsju154rtfziyj6","previousOperationId":"e2adwgvhatjl3cw"}
{"type":"log","timestamp":1764962119265,"level":"info","message":"Rendering (child) request finished in 1288 ms","meta":{"rootId":"cj4nfxmn83j18w8","id":"rfpnru3e17u72kf"},"id":"djo5am2h05nlsjf","previousOperationId":"e2adwgvhatjl3cw"}
{"type":"operationEnd","subtype":"render","operationId":"yjvjs9jhmy5wamx","timestamp":1764962119265,"id":"2bqpucjyzh315eb","previousEventId":"7aghf8fvpiow6k5","previousOperationId":"e2adwgvhatjl3cw"}
{"type":"log","timestamp":1764962119727,"level":"debug","message":"pptx successfully zipped","meta":{"rootId":"cj4nfxmn83j18w8","id":"cj4nfxmn83j18w8"},"id":"u7ulx4yu1t0i2dm","previousOperationId":"8szmqgycod4xw1u"}
{"type":"log","timestamp":1764962119727,"level":"info","message":"pptx generation was finished","meta":{"rootId":"cj4nfxmn83j18w8","id":"cj4nfxmn83j18w8"},"id":"up1te2cn0umgipg","previousOperationId":"8szmqgycod4xw1u"}
{"type":"operationEnd","operationId":"8szmqgycod4xw1u","timestamp":1764962119734,"id":"lvu31gsug4sj1un","previousEventId":"yrilkxfs049u90e","previousOperationId":"8szmqgycod4xw1u"}
{"type":"log","timestamp":1764962119734,"level":"debug","message":"Skipping storing report.","meta":{"rootId":"cj4nfxmn83j18w8","id":"cj4nfxmn83j18w8"},"id":"a8gc3jokpxkl6bw","previousOperationId":"8szmqgycod4xw1u"}
{"type":"log","timestamp":1764962119734,"level":"info","message":"Rendering request 2 finished in 1757 ms","meta":{"rootId":"cj4nfxmn83j18w8","id":"cj4nfxmn83j18w8"},"id":"dmzr5jtlxejsjp4","previousOperationId":"8szmqgycod4xw1u"}
{"type":"operationEnd","subtype":"render","operationId":"gb5w8602il250aw","timestamp":1764962119734,"id":"ipub1zq1jmp3kws","previousEventId":"lvu31gsug4sj1un","previousOperationId":"8szmqgycod4xw1u"}
{"type":"operationEnd","doDiffs":false,"previousEventId":"f0m4dav6bodcrsq","previousOperationId":"n718rsom9pnq0ag","operationId":"n718rsom9pnq0ag","timestamp":1764962119744,"id":"0pa3pnjzugsikro"}
