{"type":"operationStart","subtype":"profile","data":{"_id":"csGdOiZSadJf6Dvo","timestamp":"2025-12-06T14:55:31.839Z","state":"running","mode":"standard","creationDate":"2025-12-06T14:55:31.841Z","modificationDate":"2025-12-06T14:55:31.841Z","shortid":"i0tMsI9","$entitySet":"profiles","timeout":60000},"doDiffs":false,"timestamp":1765032931840,"id":"50u4tt4a01wiaz8","previousOperationId":null,"operationId":"yydsxa35lbkivv5"}
{"type":"log","level":"info","message":"Render request 13 queued for execution and waiting for available worker","previousOperationId":"yydsxa35lbkivv5","timestamp":1765032931840,"id":"7f6nt0nifav1hxk"}
{"type":"operationStart","subtype":"render","name":"anonymous","previousOperationId":"yydsxa35lbkivv5","timestamp":1765032931850,"id":"efonjxton9n55y0","previousEventId":"50u4tt4a01wiaz8","operationId":"su3ohnd5safug3i"}
{"type":"log","timestamp":1765032931850,"level":"info","message":"Starting rendering request 13","meta":{"rootId":"cl14yj3qi9v6gjj","id":"cl14yj3qi9v6gjj"},"id":"uels4367ol9tq66","previousOperationId":"su3ohnd5safug3i"}
{"type":"log","timestamp":1765032931850,"level":"info","message":"Rendering anonymous template { recipe: pptx, engine: handlebars }","meta":{"rootId":"cl14yj3qi9v6gjj","id":"cl14yj3qi9v6gjj"},"id":"nlnybfnjq836ax4","previousOperationId":"su3ohnd5safug3i"}
{"type":"log","timestamp":1765032931850,"level":"debug","message":"Inline data specified.","meta":{"rootId":"cl14yj3qi9v6gjj","id":"cl14yj3qi9v6gjj"},"id":"cca5q8q3f0ejzld","previousOperationId":"su3ohnd5safug3i"}
{"type":"log","timestamp":1765032931851,"level":"debug","message":"Base url not specified, skipping its injection.","meta":{"rootId":"cl14yj3qi9v6gjj","id":"cl14yj3qi9v6gjj"},"id":"4qs1n8dbgafmimu","previousOperationId":"su3ohnd5safug3i"}
{"type":"operationStart","subtype":"engine","name":"handlebars","timestamp":1765032931851,"id":"lz68g6vwc0ctjac","previousEventId":"efonjxton9n55y0","operationId":"j8co1wh894hpxob","previousOperationId":"su3ohnd5safug3i"}
{"type":"log","timestamp":1765032931851,"level":"debug","message":"Rendering engine handlebars","meta":{"rootId":"cl14yj3qi9v6gjj","id":"cl14yj3qi9v6gjj"},"id":"n7aegsfwlwnuu26","previousOperationId":"j8co1wh894hpxob"}
{"type":"operationEnd","operationId":"j8co1wh894hpxob","timestamp":1765032931858,"id":"2ggoubvmedlck9t","previousEventId":"lz68g6vwc0ctjac","previousOperationId":"j8co1wh894hpxob"}
{"type":"operationStart","subtype":"recipe","name":"pptx","timestamp":1765032931858,"id":"v7ssytt47967rg7","previousEventId":"2ggoubvmedlck9t","operationId":"vei6r5ji08cl0de","previousOperationId":"j8co1wh894hpxob"}
{"type":"log","timestamp":1765032931858,"level":"debug","message":"Executing recipe pptx","meta":{"rootId":"cl14yj3qi9v6gjj","id":"cl14yj3qi9v6gjj"},"id":"f2mq8qwtab5cq45","previousOperationId":"vei6r5ji08cl0de"}
{"type":"log","timestamp":1765032931858,"level":"info","message":"pptx generation is starting","meta":{"rootId":"cl14yj3qi9v6gjj","id":"cl14yj3qi9v6gjj"},"id":"r9rj6w2pqtb707v","previousOperationId":"vei6r5ji08cl0de"}
{"type":"log","timestamp":1765032931926,"level":"debug","message":"Starting child request to render pptx dynamic parts","meta":{"rootId":"cl14yj3qi9v6gjj","id":"cl14yj3qi9v6gjj"},"id":"z9la6x10tvg0ar0","previousOperationId":"vei6r5ji08cl0de"}
{"type":"operationStart","subtype":"render","name":"anonymous","previousOperationId":"vei6r5ji08cl0de","timestamp":1765032931927,"id":"htmsnlswhubohlu","previousEventId":"v7ssytt47967rg7","operationId":"3u7g1g00nehcnzp"}
{"type":"log","timestamp":1765032931927,"level":"info","message":"Starting rendering (child) request","meta":{"rootId":"cl14yj3qi9v6gjj","id":"wk8gmh24s3w4hbf"},"id":"kseuxyjbrnkf8a3","previousOperationId":"3u7g1g00nehcnzp"}
{"type":"log","timestamp":1765032931927,"level":"info","message":"Rendering anonymous template { recipe: html, engine: handlebars }","meta":{"rootId":"cl14yj3qi9v6gjj","id":"wk8gmh24s3w4hbf"},"id":"6e90n0tmv2iydfv","previousOperationId":"3u7g1g00nehcnzp"}
{"type":"log","timestamp":1765032931927,"level":"debug","message":"Inline data specified.","meta":{"rootId":"cl14yj3qi9v6gjj","id":"wk8gmh24s3w4hbf"},"id":"71ws180o2fzhon5","previousOperationId":"3u7g1g00nehcnzp"}
{"type":"log","timestamp":1765032931928,"level":"debug","message":"Base url not specified, skipping its injection.","meta":{"rootId":"cl14yj3qi9v6gjj","id":"wk8gmh24s3w4hbf"},"id":"l02zx0t6xc1l9w9","previousOperationId":"3u7g1g00nehcnzp"}
{"type":"operationStart","subtype":"engine","name":"handlebars","timestamp":1765032931929,"id":"xhzoo4p77yha6tq","previousEventId":"htmsnlswhubohlu","operationId":"bj2piq3h8gs0kl2","previousOperationId":"3u7g1g00nehcnzp"}
{"type":"log","timestamp":1765032931929,"level":"debug","message":"Rendering engine handlebars","meta":{"rootId":"cl14yj3qi9v6gjj","id":"wk8gmh24s3w4hbf"},"id":"4l4upxzyfk8jr3t","previousOperationId":"bj2piq3h8gs0kl2"}
{"type":"operationEnd","operationId":"bj2piq3h8gs0kl2","timestamp":1765032931958,"id":"mnoaj0i3l40rg37","previousEventId":"xhzoo4p77yha6tq","previousOperationId":"bj2piq3h8gs0kl2"}
{"type":"operationStart","subtype":"recipe","name":"html","timestamp":1765032931960,"id":"qv50ruut2h9yc3c","previousEventId":"mnoaj0i3l40rg37","operationId":"5pppobxzu4hjg25","previousOperationId":"bj2piq3h8gs0kl2"}
{"type":"log","timestamp":1765032931960,"level":"debug","message":"Executing recipe html","meta":{"rootId":"cl14yj3qi9v6gjj","id":"wk8gmh24s3w4hbf"},"id":"cyutg1w04nnpgpg","previousOperationId":"5pppobxzu4hjg25"}
{"type":"operationEnd","operationId":"5pppobxzu4hjg25","timestamp":1765032931960,"id":"w8d7a1sp514gskg","previousEventId":"qv50ruut2h9yc3c","previousOperationId":"5pppobxzu4hjg25"}
{"type":"log","timestamp":1765032931960,"level":"debug","message":"Skipping storing report.","meta":{"rootId":"cl14yj3qi9v6gjj","id":"wk8gmh24s3w4hbf"},"id":"y5i3stimrr71iq7","previousOperationId":"5pppobxzu4hjg25"}
{"type":"log","timestamp":1765032931960,"level":"info","message":"Rendering (child) request finished in 122 ms","meta":{"rootId":"cl14yj3qi9v6gjj","id":"wk8gmh24s3w4hbf"},"id":"q4gpua1g52yhi7f","previousOperationId":"5pppobxzu4hjg25"}
{"type":"operationEnd","subtype":"render","operationId":"3u7g1g00nehcnzp","timestamp":1765032931960,"id":"e7o4ud8b41cvpvc","previousEventId":"w8d7a1sp514gskg","previousOperationId":"5pppobxzu4hjg25"}
{"type":"log","timestamp":1765032932915,"level":"debug","message":"pptx successfully zipped","meta":{"rootId":"cl14yj3qi9v6gjj","id":"cl14yj3qi9v6gjj"},"id":"dronqhr2mi408bp","previousOperationId":"vei6r5ji08cl0de"}
{"type":"log","timestamp":1765032932916,"level":"info","message":"pptx generation was finished","meta":{"rootId":"cl14yj3qi9v6gjj","id":"cl14yj3qi9v6gjj"},"id":"kdcwkifbpkegixx","previousOperationId":"vei6r5ji08cl0de"}
{"type":"operationEnd","operationId":"vei6r5ji08cl0de","timestamp":1765032932918,"id":"uyapv8mjtvujx12","previousEventId":"v7ssytt47967rg7","previousOperationId":"vei6r5ji08cl0de"}
{"type":"log","timestamp":1765032932918,"level":"debug","message":"Skipping storing report.","meta":{"rootId":"cl14yj3qi9v6gjj","id":"cl14yj3qi9v6gjj"},"id":"effwq40daq1h049","previousOperationId":"vei6r5ji08cl0de"}
{"type":"log","timestamp":1765032932918,"level":"info","message":"Rendering request 13 finished in 1080 ms","meta":{"rootId":"cl14yj3qi9v6gjj","id":"cl14yj3qi9v6gjj"},"id":"bikzlvndddpanhn","previousOperationId":"vei6r5ji08cl0de"}
{"type":"operationEnd","subtype":"render","operationId":"su3ohnd5safug3i","timestamp":1765032932918,"id":"gcbq93v0qqiglhe","previousEventId":"uyapv8mjtvujx12","previousOperationId":"vei6r5ji08cl0de"}
{"type":"operationEnd","doDiffs":false,"previousEventId":"50u4tt4a01wiaz8","previousOperationId":"yydsxa35lbkivv5","operationId":"yydsxa35lbkivv5","timestamp":1765032932922,"id":"grbosar5luh66ev"}
