{"type":"operationStart","subtype":"profile","data":{"_id":"L4RUenuFBLUzjzGA","timestamp":"2025-12-05T11:28:57.267Z","state":"running","mode":"standard","creationDate":"2025-12-05T11:28:57.276Z","modificationDate":"2025-12-05T11:28:57.276Z","shortid":"8ENKfhi","$entitySet":"profiles","timeout":60000},"doDiffs":false,"timestamp":1764934137272,"id":"alsyiytum0vrmwt","previousOperationId":null,"operationId":"fc3y4p659901rm8"}
{"type":"log","level":"info","message":"Render request 1 queued for execution and waiting for available worker","previousOperationId":"fc3y4p659901rm8","timestamp":1764934137272,"id":"kroopjphsliudnj"}
{"type":"operationStart","subtype":"render","name":"anonymous","previousOperationId":"fc3y4p659901rm8","timestamp":1764934137319,"id":"m3o5ld81na3oyg1","previousEventId":"alsyiytum0vrmwt","operationId":"9syg0glbbe3n6lq"}
{"type":"log","timestamp":1764934137320,"level":"info","message":"Starting rendering request 1","meta":{"rootId":"cr3md9728rdlm2n","id":"cr3md9728rdlm2n"},"id":"nmjgyokjl74vpkw","previousOperationId":"9syg0glbbe3n6lq"}
{"type":"log","timestamp":1764934137323,"level":"info","message":"Rendering anonymous template { recipe: pptx, engine: handlebars }","meta":{"rootId":"cr3md9728rdlm2n","id":"cr3md9728rdlm2n"},"id":"wr9xnr6b7c2bzqm","previousOperationId":"9syg0glbbe3n6lq"}
{"type":"log","timestamp":1764934137323,"level":"debug","message":"Inline data specified.","meta":{"rootId":"cr3md9728rdlm2n","id":"cr3md9728rdlm2n"},"id":"u4t9modyuo78ff3","previousOperationId":"9syg0glbbe3n6lq"}
{"type":"log","timestamp":1764934137337,"level":"debug","message":"Base url not specified, skipping its injection.","meta":{"rootId":"cr3md9728rdlm2n","id":"cr3md9728rdlm2n"},"id":"bvpkwglgnyib3pl","previousOperationId":"9syg0glbbe3n6lq"}
{"type":"operationStart","subtype":"engine","name":"handlebars","timestamp":1764934137341,"id":"mqukjee46uuedh3","previousEventId":"m3o5ld81na3oyg1","operationId":"4paoea3pi2s2lg5","previousOperationId":"9syg0glbbe3n6lq"}
{"type":"log","timestamp":1764934137342,"level":"debug","message":"Rendering engine handlebars","meta":{"rootId":"cr3md9728rdlm2n","id":"cr3md9728rdlm2n"},"id":"oav2r6qscap2we2","previousOperationId":"4paoea3pi2s2lg5"}
{"type":"operationEnd","operationId":"4paoea3pi2s2lg5","timestamp":1764934138591,"id":"ylokf52kcm89wfu","previousEventId":"mqukjee46uuedh3","previousOperationId":"4paoea3pi2s2lg5"}
{"type":"operationStart","subtype":"recipe","name":"pptx","timestamp":1764934138592,"id":"0vl72dujwppjz6c","previousEventId":"ylokf52kcm89wfu","operationId":"8rvgs0fyr6n0k0b","previousOperationId":"4paoea3pi2s2lg5"}
{"type":"log","timestamp":1764934138592,"level":"debug","message":"Executing recipe pptx","meta":{"rootId":"cr3md9728rdlm2n","id":"cr3md9728rdlm2n"},"id":"1y0yydu7n3hunfv","previousOperationId":"8rvgs0fyr6n0k0b"}
{"type":"log","timestamp":1764934138811,"level":"info","message":"pptx generation is starting","meta":{"rootId":"cr3md9728rdlm2n","id":"cr3md9728rdlm2n"},"id":"h0it682ej6fyhir","previousOperationId":"8rvgs0fyr6n0k0b"}
{"type":"log","timestamp":1764934138980,"level":"debug","message":"Starting child request to render pptx dynamic parts","meta":{"rootId":"cr3md9728rdlm2n","id":"cr3md9728rdlm2n"},"id":"ln8cxk8kssrbh1i","previousOperationId":"8rvgs0fyr6n0k0b"}
{"type":"operationStart","subtype":"render","name":"anonymous","previousOperationId":"8rvgs0fyr6n0k0b","timestamp":1764934138981,"id":"mx78mjxifyj6nek","previousEventId":"0vl72dujwppjz6c","operationId":"m7oe8jjb8cj7q5f"}
{"type":"log","timestamp":1764934138981,"level":"info","message":"Starting rendering (child) request","meta":{"rootId":"cr3md9728rdlm2n","id":"lubbq5f74xoehtu"},"id":"s9aawfy00s8aws8","previousOperationId":"m7oe8jjb8cj7q5f"}
{"type":"log","timestamp":1764934138982,"level":"info","message":"Rendering anonymous template { recipe: html, engine: handlebars }","meta":{"rootId":"cr3md9728rdlm2n","id":"lubbq5f74xoehtu"},"id":"55ybi1j1p1252i6","previousOperationId":"m7oe8jjb8cj7q5f"}
{"type":"log","timestamp":1764934138982,"level":"debug","message":"Inline data specified.","meta":{"rootId":"cr3md9728rdlm2n","id":"lubbq5f74xoehtu"},"id":"yrsbryvmhm3wrx7","previousOperationId":"m7oe8jjb8cj7q5f"}
{"type":"log","timestamp":1764934138988,"level":"debug","message":"Base url not specified, skipping its injection.","meta":{"rootId":"cr3md9728rdlm2n","id":"lubbq5f74xoehtu"},"id":"o654pos4xwfpi28","previousOperationId":"m7oe8jjb8cj7q5f"}
{"type":"operationStart","subtype":"engine","name":"handlebars","timestamp":1764934138988,"id":"ovgyruyxwx1su3q","previousEventId":"mx78mjxifyj6nek","operationId":"i7e3whtqu2qbvdz","previousOperationId":"m7oe8jjb8cj7q5f"}
{"type":"log","timestamp":1764934138988,"level":"debug","message":"Rendering engine handlebars","meta":{"rootId":"cr3md9728rdlm2n","id":"lubbq5f74xoehtu"},"id":"wolvw79gn0fcqyl","previousOperationId":"i7e3whtqu2qbvdz"}
{"type":"operationEnd","operationId":"i7e3whtqu2qbvdz","timestamp":1764934139033,"id":"h591ycxgbjk7ab5","previousEventId":"ovgyruyxwx1su3q","previousOperationId":"i7e3whtqu2qbvdz"}
{"type":"operationStart","subtype":"recipe","name":"html","timestamp":1764934139033,"id":"ihwc3cpcd6f07yh","previousEventId":"h591ycxgbjk7ab5","operationId":"t0f7gcaruxz5xfb","previousOperationId":"i7e3whtqu2qbvdz"}
{"type":"log","timestamp":1764934139033,"level":"debug","message":"Executing recipe html","meta":{"rootId":"cr3md9728rdlm2n","id":"lubbq5f74xoehtu"},"id":"3oemoo5bv990lj7","previousOperationId":"t0f7gcaruxz5xfb"}
{"type":"operationEnd","operationId":"t0f7gcaruxz5xfb","timestamp":1764934139034,"id":"lzg0yc94s5bn6mo","previousEventId":"ihwc3cpcd6f07yh","previousOperationId":"t0f7gcaruxz5xfb"}
{"type":"log","timestamp":1764934139035,"level":"debug","message":"Skipping storing report.","meta":{"rootId":"cr3md9728rdlm2n","id":"lubbq5f74xoehtu"},"id":"cx1gt2xepyogm3t","previousOperationId":"t0f7gcaruxz5xfb"}
{"type":"log","timestamp":1764934139035,"level":"info","message":"Rendering (child) request finished in 1771 ms","meta":{"rootId":"cr3md9728rdlm2n","id":"lubbq5f74xoehtu"},"id":"x92jdb0d3v70m8x","previousOperationId":"t0f7gcaruxz5xfb"}
{"type":"operationEnd","subtype":"render","operationId":"m7oe8jjb8cj7q5f","timestamp":1764934139035,"id":"vkeaelswveepthl","previousEventId":"lzg0yc94s5bn6mo","previousOperationId":"t0f7gcaruxz5xfb"}
{"type":"log","timestamp":1764934139729,"level":"debug","message":"pptx successfully zipped","meta":{"rootId":"cr3md9728rdlm2n","id":"cr3md9728rdlm2n"},"id":"828wtya86e2wp3x","previousOperationId":"8rvgs0fyr6n0k0b"}
{"type":"log","timestamp":1764934139729,"level":"info","message":"pptx generation was finished","meta":{"rootId":"cr3md9728rdlm2n","id":"cr3md9728rdlm2n"},"id":"p936ikwllw8b3sy","previousOperationId":"8rvgs0fyr6n0k0b"}
{"type":"operationEnd","operationId":"8rvgs0fyr6n0k0b","timestamp":1764934139737,"id":"uohfdxk8s27vb9h","previousEventId":"0vl72dujwppjz6c","previousOperationId":"8rvgs0fyr6n0k0b"}
{"type":"log","timestamp":1764934139737,"level":"debug","message":"Skipping storing report.","meta":{"rootId":"cr3md9728rdlm2n","id":"cr3md9728rdlm2n"},"id":"jdzzaij26rzzbmz","previousOperationId":"8rvgs0fyr6n0k0b"}
{"type":"log","timestamp":1764934139738,"level":"info","message":"Rendering request 1 finished in 2474 ms","meta":{"rootId":"cr3md9728rdlm2n","id":"cr3md9728rdlm2n"},"id":"hu44kmvjqjd98jv","previousOperationId":"8rvgs0fyr6n0k0b"}
{"type":"operationEnd","subtype":"render","operationId":"9syg0glbbe3n6lq","timestamp":1764934139738,"id":"sfosjkrvjc7luaq","previousEventId":"uohfdxk8s27vb9h","previousOperationId":"8rvgs0fyr6n0k0b"}
{"type":"operationEnd","doDiffs":false,"previousEventId":"alsyiytum0vrmwt","previousOperationId":"fc3y4p659901rm8","operationId":"fc3y4p659901rm8","timestamp":1764934139744,"id":"tsp6itjafynzzxs"}
