{"type":"operationStart","subtype":"profile","data":{"_id":"ew44jufZRwl7yYQ8","timestamp":"2025-12-04T23:04:42.508Z","state":"running","mode":"standard","creationDate":"2025-12-04T23:04:42.520Z","modificationDate":"2025-12-04T23:04:42.520Z","shortid":"n_VHurf","$entitySet":"profiles","timeout":60000},"doDiffs":false,"timestamp":1764889482516,"id":"t0n2jm0ycyozfuf","previousOperationId":null,"operationId":"p5lj4ve4y0u4tts"}
{"type":"log","level":"info","message":"Render request 1 queued for execution and waiting for available worker","previousOperationId":"p5lj4ve4y0u4tts","timestamp":1764889482517,"id":"ymv833ceoqy1psg"}
{"type":"operationStart","subtype":"render","name":"anonymous","previousOperationId":"p5lj4ve4y0u4tts","timestamp":1764889482574,"id":"99a0ksnr0txypci","previousEventId":"t0n2jm0ycyozfuf","operationId":"8fl4s5vh6na3jfy"}
{"type":"log","timestamp":1764889482576,"level":"info","message":"Starting rendering request 1","meta":{"rootId":"ct5gj8yz3f28x4y","id":"ct5gj8yz3f28x4y"},"id":"5bcthe9lqiyso51","previousOperationId":"8fl4s5vh6na3jfy"}
{"type":"log","timestamp":1764889482579,"level":"info","message":"Rendering anonymous template { recipe: pptx, engine: handlebars }","meta":{"rootId":"ct5gj8yz3f28x4y","id":"ct5gj8yz3f28x4y"},"id":"xb7xm53iayup8s1","previousOperationId":"8fl4s5vh6na3jfy"}
{"type":"log","timestamp":1764889482579,"level":"debug","message":"Inline data specified.","meta":{"rootId":"ct5gj8yz3f28x4y","id":"ct5gj8yz3f28x4y"},"id":"vfm0ippzcy5rnoz","previousOperationId":"8fl4s5vh6na3jfy"}
{"type":"log","timestamp":1764889482590,"level":"debug","message":"Base url not specified, skipping its injection.","meta":{"rootId":"ct5gj8yz3f28x4y","id":"ct5gj8yz3f28x4y"},"id":"73g2ewc1qdhcf74","previousOperationId":"8fl4s5vh6na3jfy"}
{"type":"operationStart","subtype":"engine","name":"handlebars","timestamp":1764889482594,"id":"totvzt7nwlcisrg","previousEventId":"99a0ksnr0txypci","operationId":"p23qghwv8ysdhqy","previousOperationId":"8fl4s5vh6na3jfy"}
{"type":"log","timestamp":1764889482594,"level":"debug","message":"Rendering engine handlebars","meta":{"rootId":"ct5gj8yz3f28x4y","id":"ct5gj8yz3f28x4y"},"id":"8562fkkjhb6uzxz","previousOperationId":"p23qghwv8ysdhqy"}
{"type":"operationEnd","operationId":"p23qghwv8ysdhqy","timestamp":1764889483469,"id":"j5lza5g40pistti","previousEventId":"totvzt7nwlcisrg","previousOperationId":"p23qghwv8ysdhqy"}
{"type":"operationStart","subtype":"recipe","name":"pptx","timestamp":1764889483470,"id":"i8ncb2fyyo3rff6","previousEventId":"j5lza5g40pistti","operationId":"g85kl239bf2m1tz","previousOperationId":"p23qghwv8ysdhqy"}
{"type":"log","timestamp":1764889483470,"level":"debug","message":"Executing recipe pptx","meta":{"rootId":"ct5gj8yz3f28x4y","id":"ct5gj8yz3f28x4y"},"id":"6sgkg9o66reksqj","previousOperationId":"g85kl239bf2m1tz"}
{"type":"log","timestamp":1764889483606,"level":"info","message":"pptx generation is starting","meta":{"rootId":"ct5gj8yz3f28x4y","id":"ct5gj8yz3f28x4y"},"id":"x0wvdyqehw0tsjj","previousOperationId":"g85kl239bf2m1tz"}
{"type":"log","timestamp":1764889483800,"level":"debug","message":"Starting child request to render pptx dynamic parts","meta":{"rootId":"ct5gj8yz3f28x4y","id":"ct5gj8yz3f28x4y"},"id":"ty0cb2ww0eu3zdo","previousOperationId":"g85kl239bf2m1tz"}
{"type":"operationStart","subtype":"render","name":"anonymous","previousOperationId":"g85kl239bf2m1tz","timestamp":1764889483800,"id":"r6gnintbe8i3zbp","previousEventId":"i8ncb2fyyo3rff6","operationId":"z7ok8vfwh4me6xz"}
{"type":"log","timestamp":1764889483800,"level":"info","message":"Starting rendering (child) request","meta":{"rootId":"ct5gj8yz3f28x4y","id":"5guj39epqfpnnrv"},"id":"prvyalvk7c9zndi","previousOperationId":"z7ok8vfwh4me6xz"}
{"type":"log","timestamp":1764889483801,"level":"info","message":"Rendering anonymous template { recipe: html, engine: handlebars }","meta":{"rootId":"ct5gj8yz3f28x4y","id":"5guj39epqfpnnrv"},"id":"15s4abl5k13pnfp","previousOperationId":"z7ok8vfwh4me6xz"}
{"type":"log","timestamp":1764889483801,"level":"debug","message":"Inline data specified.","meta":{"rootId":"ct5gj8yz3f28x4y","id":"5guj39epqfpnnrv"},"id":"9e6mzwstvdehtjy","previousOperationId":"z7ok8vfwh4me6xz"}
{"type":"log","timestamp":1764889483805,"level":"debug","message":"Base url not specified, skipping its injection.","meta":{"rootId":"ct5gj8yz3f28x4y","id":"5guj39epqfpnnrv"},"id":"1t8pjkfhx2zv4eh","previousOperationId":"z7ok8vfwh4me6xz"}
{"type":"operationStart","subtype":"engine","name":"handlebars","timestamp":1764889483806,"id":"mekj4imkp7oki0q","previousEventId":"r6gnintbe8i3zbp","operationId":"g6rhkxkbtdyqi3d","previousOperationId":"z7ok8vfwh4me6xz"}
{"type":"log","timestamp":1764889483806,"level":"debug","message":"Rendering engine handlebars","meta":{"rootId":"ct5gj8yz3f28x4y","id":"5guj39epqfpnnrv"},"id":"gk0wrq9unnh775p","previousOperationId":"g6rhkxkbtdyqi3d"}
{"type":"operationEnd","operationId":"g6rhkxkbtdyqi3d","timestamp":1764889483863,"id":"czbyu1gkxncm3jp","previousEventId":"mekj4imkp7oki0q","previousOperationId":"g6rhkxkbtdyqi3d"}
{"type":"operationStart","subtype":"recipe","name":"html","timestamp":1764889483866,"id":"ji05iwtct507cnn","previousEventId":"czbyu1gkxncm3jp","operationId":"61r2429250ssvbw","previousOperationId":"g6rhkxkbtdyqi3d"}
{"type":"log","timestamp":1764889483866,"level":"debug","message":"Executing recipe html","meta":{"rootId":"ct5gj8yz3f28x4y","id":"5guj39epqfpnnrv"},"id":"yft06l8gt40hhm7","previousOperationId":"61r2429250ssvbw"}
{"type":"operationEnd","operationId":"61r2429250ssvbw","timestamp":1764889483866,"id":"o62zg2lsb93cmid","previousEventId":"ji05iwtct507cnn","previousOperationId":"61r2429250ssvbw"}
{"type":"log","timestamp":1764889483867,"level":"debug","message":"Skipping storing report.","meta":{"rootId":"ct5gj8yz3f28x4y","id":"5guj39epqfpnnrv"},"id":"y9vjg77daezfwt8","previousOperationId":"61r2429250ssvbw"}
{"type":"log","timestamp":1764889483867,"level":"info","message":"Rendering (child) request finished in 1363 ms","meta":{"rootId":"ct5gj8yz3f28x4y","id":"5guj39epqfpnnrv"},"id":"792p3ssdr8fybmt","previousOperationId":"61r2429250ssvbw"}
{"type":"operationEnd","subtype":"render","operationId":"z7ok8vfwh4me6xz","timestamp":1764889483867,"id":"isrvyeuzskizgp5","previousEventId":"o62zg2lsb93cmid","previousOperationId":"61r2429250ssvbw"}
{"type":"log","timestamp":1764889484423,"level":"debug","message":"pptx successfully zipped","meta":{"rootId":"ct5gj8yz3f28x4y","id":"ct5gj8yz3f28x4y"},"id":"ibjjr3yw1vzyxty","previousOperationId":"g85kl239bf2m1tz"}
{"type":"log","timestamp":1764889484423,"level":"info","message":"pptx generation was finished","meta":{"rootId":"ct5gj8yz3f28x4y","id":"ct5gj8yz3f28x4y"},"id":"js2168gcssdlbfb","previousOperationId":"g85kl239bf2m1tz"}
{"type":"operationEnd","operationId":"g85kl239bf2m1tz","timestamp":1764889484431,"id":"e5bheccot7pe3ga","previousEventId":"i8ncb2fyyo3rff6","previousOperationId":"g85kl239bf2m1tz"}
{"type":"log","timestamp":1764889484431,"level":"debug","message":"Skipping storing report.","meta":{"rootId":"ct5gj8yz3f28x4y","id":"ct5gj8yz3f28x4y"},"id":"ckr4pvk3r536sps","previousOperationId":"g85kl239bf2m1tz"}
{"type":"log","timestamp":1764889484431,"level":"info","message":"Rendering request 1 finished in 1927 ms","meta":{"rootId":"ct5gj8yz3f28x4y","id":"ct5gj8yz3f28x4y"},"id":"bc7gu4vixq0yjqw","previousOperationId":"g85kl239bf2m1tz"}
{"type":"operationEnd","subtype":"render","operationId":"8fl4s5vh6na3jfy","timestamp":1764889484431,"id":"78m1vou37em9emt","previousEventId":"e5bheccot7pe3ga","previousOperationId":"g85kl239bf2m1tz"}
{"type":"operationEnd","doDiffs":false,"previousEventId":"t0n2jm0ycyozfuf","previousOperationId":"p5lj4ve4y0u4tts","operationId":"p5lj4ve4y0u4tts","timestamp":1764889484435,"id":"0ixtokyqmzokydg"}
