{"type":"operationStart","subtype":"profile","data":{"_id":"mShbhWqVZfpJrph7","timestamp":"2025-12-05T13:27:18.333Z","state":"running","mode":"standard","creationDate":"2025-12-05T13:27:18.336Z","modificationDate":"2025-12-05T13:27:18.336Z","shortid":"n5YmwJW","$entitySet":"profiles","timeout":60000},"doDiffs":false,"timestamp":1764941238335,"id":"wo9l7b42zx8kssx","previousOperationId":null,"operationId":"6t2yeqxhsppjle9"}
{"type":"log","level":"info","message":"Render request 4 queued for execution and waiting for available worker","previousOperationId":"6t2yeqxhsppjle9","timestamp":1764941238335,"id":"gm1vwdxrx5vb6g7"}
{"type":"operationStart","subtype":"render","name":"anonymous","previousOperationId":"6t2yeqxhsppjle9","timestamp":1764941238348,"id":"2xc682v3tpuvy7i","previousEventId":"wo9l7b42zx8kssx","operationId":"wt7qdosk0wjsnvf"}
{"type":"log","timestamp":1764941238348,"level":"info","message":"Starting rendering request 4","meta":{"rootId":"cuuy7yypfha4a3k","id":"cuuy7yypfha4a3k"},"id":"ew75pqjm5uy5v4d","previousOperationId":"wt7qdosk0wjsnvf"}
{"type":"log","timestamp":1764941238349,"level":"info","message":"Rendering anonymous template { recipe: pptx, engine: handlebars }","meta":{"rootId":"cuuy7yypfha4a3k","id":"cuuy7yypfha4a3k"},"id":"76nmgaqznbuo0gp","previousOperationId":"wt7qdosk0wjsnvf"}
{"type":"log","timestamp":1764941238349,"level":"debug","message":"Inline data specified.","meta":{"rootId":"cuuy7yypfha4a3k","id":"cuuy7yypfha4a3k"},"id":"lnyhusjnmeba118","previousOperationId":"wt7qdosk0wjsnvf"}
{"type":"log","timestamp":1764941238350,"level":"debug","message":"Base url not specified, skipping its injection.","meta":{"rootId":"cuuy7yypfha4a3k","id":"cuuy7yypfha4a3k"},"id":"yb6e3csxdtjsgzk","previousOperationId":"wt7qdosk0wjsnvf"}
{"type":"operationStart","subtype":"engine","name":"handlebars","timestamp":1764941238351,"id":"ttxp3wnejka5d3o","previousEventId":"2xc682v3tpuvy7i","operationId":"nay01p6dz7djdzw","previousOperationId":"wt7qdosk0wjsnvf"}
{"type":"log","timestamp":1764941238351,"level":"debug","message":"Rendering engine handlebars","meta":{"rootId":"cuuy7yypfha4a3k","id":"cuuy7yypfha4a3k"},"id":"fic54n2qv49dh1q","previousOperationId":"nay01p6dz7djdzw"}
{"type":"operationEnd","operationId":"nay01p6dz7djdzw","timestamp":1764941238364,"id":"kbep6l1emxj9wo7","previousEventId":"ttxp3wnejka5d3o","previousOperationId":"nay01p6dz7djdzw"}
{"type":"operationStart","subtype":"recipe","name":"pptx","timestamp":1764941238364,"id":"d7rv96q1p0xlziq","previousEventId":"kbep6l1emxj9wo7","operationId":"m97vd0tp9js22e2","previousOperationId":"nay01p6dz7djdzw"}
{"type":"log","timestamp":1764941238364,"level":"debug","message":"Executing recipe pptx","meta":{"rootId":"cuuy7yypfha4a3k","id":"cuuy7yypfha4a3k"},"id":"zm1rcc9l7p7xtvr","previousOperationId":"m97vd0tp9js22e2"}
{"type":"log","timestamp":1764941238365,"level":"info","message":"pptx generation is starting","meta":{"rootId":"cuuy7yypfha4a3k","id":"cuuy7yypfha4a3k"},"id":"vaoj2xc3qoe8v1w","previousOperationId":"m97vd0tp9js22e2"}
{"type":"log","timestamp":1764941238508,"level":"debug","message":"Starting child request to render pptx dynamic parts","meta":{"rootId":"cuuy7yypfha4a3k","id":"cuuy7yypfha4a3k"},"id":"fqacjgmm0lu0nmr","previousOperationId":"m97vd0tp9js22e2"}
{"type":"operationStart","subtype":"render","name":"anonymous","previousOperationId":"m97vd0tp9js22e2","timestamp":1764941238508,"id":"454cinzilzmlqgj","previousEventId":"d7rv96q1p0xlziq","operationId":"cs7vyh21usdqnxw"}
{"type":"log","timestamp":1764941238508,"level":"info","message":"Starting rendering (child) request","meta":{"rootId":"cuuy7yypfha4a3k","id":"rbxukps0wpllkbh"},"id":"9veq418vh35s2a0","previousOperationId":"cs7vyh21usdqnxw"}
{"type":"log","timestamp":1764941238508,"level":"info","message":"Rendering anonymous template { recipe: html, engine: handlebars }","meta":{"rootId":"cuuy7yypfha4a3k","id":"rbxukps0wpllkbh"},"id":"pvgbosr0kdviwkf","previousOperationId":"cs7vyh21usdqnxw"}
{"type":"log","timestamp":1764941238508,"level":"debug","message":"Inline data specified.","meta":{"rootId":"cuuy7yypfha4a3k","id":"rbxukps0wpllkbh"},"id":"fiupxmw3wsgltif","previousOperationId":"cs7vyh21usdqnxw"}
{"type":"log","timestamp":1764941238513,"level":"debug","message":"Base url not specified, skipping its injection.","meta":{"rootId":"cuuy7yypfha4a3k","id":"rbxukps0wpllkbh"},"id":"wjs56hk36qlyu2q","previousOperationId":"cs7vyh21usdqnxw"}
{"type":"operationStart","subtype":"engine","name":"handlebars","timestamp":1764941238514,"id":"0ks79syveoys9sc","previousEventId":"454cinzilzmlqgj","operationId":"5s8ss3fxniepb3v","previousOperationId":"cs7vyh21usdqnxw"}
{"type":"log","timestamp":1764941238514,"level":"debug","message":"Rendering engine handlebars","meta":{"rootId":"cuuy7yypfha4a3k","id":"rbxukps0wpllkbh"},"id":"hyetn57j5z9555t","previousOperationId":"5s8ss3fxniepb3v"}
{"type":"operationEnd","operationId":"5s8ss3fxniepb3v","timestamp":1764941238541,"id":"9y4mstle6nusz4d","previousEventId":"0ks79syveoys9sc","previousOperationId":"5s8ss3fxniepb3v"}
{"type":"operationStart","subtype":"recipe","name":"html","timestamp":1764941238542,"id":"o8d090zf5div8mf","previousEventId":"9y4mstle6nusz4d","operationId":"n1uyquxxxzp9iuz","previousOperationId":"5s8ss3fxniepb3v"}
{"type":"log","timestamp":1764941238542,"level":"debug","message":"Executing recipe html","meta":{"rootId":"cuuy7yypfha4a3k","id":"rbxukps0wpllkbh"},"id":"4460mq1r3g2n9zn","previousOperationId":"n1uyquxxxzp9iuz"}
{"type":"operationEnd","operationId":"n1uyquxxxzp9iuz","timestamp":1764941238543,"id":"rt53ey7hzoy7wun","previousEventId":"o8d090zf5div8mf","previousOperationId":"n1uyquxxxzp9iuz"}
{"type":"log","timestamp":1764941238543,"level":"debug","message":"Skipping storing report.","meta":{"rootId":"cuuy7yypfha4a3k","id":"rbxukps0wpllkbh"},"id":"v1vjrybudy17poa","previousOperationId":"n1uyquxxxzp9iuz"}
{"type":"log","timestamp":1764941238543,"level":"info","message":"Rendering (child) request finished in 210 ms","meta":{"rootId":"cuuy7yypfha4a3k","id":"rbxukps0wpllkbh"},"id":"4qp9exa65fnn75p","previousOperationId":"n1uyquxxxzp9iuz"}
{"type":"operationEnd","subtype":"render","operationId":"cs7vyh21usdqnxw","timestamp":1764941238543,"id":"j05a5cpikjn9bv4","previousEventId":"rt53ey7hzoy7wun","previousOperationId":"n1uyquxxxzp9iuz"}
{"type":"log","timestamp":1764941238647,"level":"debug","message":"pptx successfully zipped","meta":{"rootId":"cuuy7yypfha4a3k","id":"cuuy7yypfha4a3k"},"id":"h8r9l6eyr8ztqs7","previousOperationId":"m97vd0tp9js22e2"}
{"type":"log","timestamp":1764941238647,"level":"info","message":"pptx generation was finished","meta":{"rootId":"cuuy7yypfha4a3k","id":"cuuy7yypfha4a3k"},"id":"h01phxz2tkadcji","previousOperationId":"m97vd0tp9js22e2"}
{"type":"operationEnd","operationId":"m97vd0tp9js22e2","timestamp":1764941238650,"id":"xyk1dcacuzgztti","previousEventId":"d7rv96q1p0xlziq","previousOperationId":"m97vd0tp9js22e2"}
{"type":"log","timestamp":1764941238650,"level":"debug","message":"Skipping storing report.","meta":{"rootId":"cuuy7yypfha4a3k","id":"cuuy7yypfha4a3k"},"id":"jzy0pwpta5t6awc","previousOperationId":"m97vd0tp9js22e2"}
{"type":"log","timestamp":1764941238650,"level":"info","message":"Rendering request 4 finished in 317 ms","meta":{"rootId":"cuuy7yypfha4a3k","id":"cuuy7yypfha4a3k"},"id":"wc6hr92zou0vfpm","previousOperationId":"m97vd0tp9js22e2"}
{"type":"operationEnd","subtype":"render","operationId":"wt7qdosk0wjsnvf","timestamp":1764941238650,"id":"kk14no36pkll3qq","previousEventId":"xyk1dcacuzgztti","previousOperationId":"m97vd0tp9js22e2"}
{"type":"operationEnd","doDiffs":false,"previousEventId":"wo9l7b42zx8kssx","previousOperationId":"6t2yeqxhsppjle9","operationId":"6t2yeqxhsppjle9","timestamp":1764941238653,"id":"gjamjeojdn5syqr"}
