{"type":"operationStart","subtype":"profile","data":{"_id":"2PLhpY8heXzhTyuW","timestamp":"2025-12-07T13:07:41.412Z","state":"running","mode":"standard","creationDate":"2025-12-07T13:07:41.417Z","modificationDate":"2025-12-07T13:07:41.417Z","shortid":"_qi-BLU","$entitySet":"profiles","timeout":60000},"doDiffs":false,"timestamp":1765112861415,"id":"caujcr6usbmovbz","previousOperationId":null,"operationId":"9ebz28iaeo15vh9"}
{"type":"log","level":"info","message":"Render request 38 queued for execution and waiting for available worker","previousOperationId":"9ebz28iaeo15vh9","timestamp":1765112861415,"id":"wnie7u1jnzunelw"}
{"type":"operationStart","subtype":"render","name":"anonymous","previousOperationId":"9ebz28iaeo15vh9","timestamp":1765112861492,"id":"r8xliexttrncn9c","previousEventId":"caujcr6usbmovbz","operationId":"7weu6hh2yoqtpv1"}
{"type":"log","timestamp":1765112861493,"level":"info","message":"Starting rendering request 38","meta":{"rootId":"cva866kha5l9ugr","id":"cva866kha5l9ugr"},"id":"5zxmj1n1vuaoy3l","previousOperationId":"7weu6hh2yoqtpv1"}
{"type":"log","timestamp":1765112861493,"level":"info","message":"Rendering anonymous template { recipe: pptx, engine: handlebars }","meta":{"rootId":"cva866kha5l9ugr","id":"cva866kha5l9ugr"},"id":"0svrd1g2xd3l62k","previousOperationId":"7weu6hh2yoqtpv1"}
{"type":"log","timestamp":1765112861493,"level":"debug","message":"Inline data specified.","meta":{"rootId":"cva866kha5l9ugr","id":"cva866kha5l9ugr"},"id":"l8uk0h5ul1lvkjs","previousOperationId":"7weu6hh2yoqtpv1"}
{"type":"log","timestamp":1765112861502,"level":"debug","message":"Base url not specified, skipping its injection.","meta":{"rootId":"cva866kha5l9ugr","id":"cva866kha5l9ugr"},"id":"7izmppvrcqmi7nr","previousOperationId":"7weu6hh2yoqtpv1"}
{"type":"operationStart","subtype":"engine","name":"handlebars","timestamp":1765112861503,"id":"6j1pq6k5dg4eoby","previousEventId":"r8xliexttrncn9c","operationId":"plbkcsx70lhrjkg","previousOperationId":"7weu6hh2yoqtpv1"}
{"type":"log","timestamp":1765112861503,"level":"debug","message":"Rendering engine handlebars","meta":{"rootId":"cva866kha5l9ugr","id":"cva866kha5l9ugr"},"id":"sjc0i5qvcj5gupi","previousOperationId":"plbkcsx70lhrjkg"}
{"type":"operationEnd","operationId":"plbkcsx70lhrjkg","timestamp":1765112861522,"id":"m4jfw98ksckzwdh","previousEventId":"6j1pq6k5dg4eoby","previousOperationId":"plbkcsx70lhrjkg"}
{"type":"operationStart","subtype":"recipe","name":"pptx","timestamp":1765112861523,"id":"drbheyahif7k5zz","previousEventId":"m4jfw98ksckzwdh","operationId":"wus9u91owjh7tku","previousOperationId":"plbkcsx70lhrjkg"}
{"type":"log","timestamp":1765112861524,"level":"debug","message":"Executing recipe pptx","meta":{"rootId":"cva866kha5l9ugr","id":"cva866kha5l9ugr"},"id":"bwfrd2xwbr0txxi","previousOperationId":"wus9u91owjh7tku"}
{"type":"log","timestamp":1765112861552,"level":"info","message":"pptx generation is starting","meta":{"rootId":"cva866kha5l9ugr","id":"cva866kha5l9ugr"},"id":"v7o95sf2gf0sss4","previousOperationId":"wus9u91owjh7tku"}
{"type":"log","timestamp":1765112863126,"level":"debug","message":"Starting child request to render pptx dynamic parts","meta":{"rootId":"cva866kha5l9ugr","id":"cva866kha5l9ugr"},"id":"nh54w0171lcbeo5","previousOperationId":"wus9u91owjh7tku"}
{"type":"operationStart","subtype":"render","name":"anonymous","previousOperationId":"wus9u91owjh7tku","timestamp":1765112863127,"id":"k36cvbafd6im93n","previousEventId":"drbheyahif7k5zz","operationId":"2d1a22js7vpryhu"}
{"type":"log","timestamp":1765112863127,"level":"info","message":"Starting rendering (child) request","meta":{"rootId":"cva866kha5l9ugr","id":"z8qiuk0ntxfdl0v"},"id":"11myrfeye2yyva8","previousOperationId":"2d1a22js7vpryhu"}
{"type":"log","timestamp":1765112863127,"level":"info","message":"Rendering anonymous template { recipe: html, engine: handlebars }","meta":{"rootId":"cva866kha5l9ugr","id":"z8qiuk0ntxfdl0v"},"id":"wn2b3v4i7f4y6u6","previousOperationId":"2d1a22js7vpryhu"}
{"type":"log","timestamp":1765112863127,"level":"debug","message":"Inline data specified.","meta":{"rootId":"cva866kha5l9ugr","id":"z8qiuk0ntxfdl0v"},"id":"7ld323zu6gxsc4k","previousOperationId":"2d1a22js7vpryhu"}
{"type":"log","timestamp":1765112863134,"level":"debug","message":"Base url not specified, skipping its injection.","meta":{"rootId":"cva866kha5l9ugr","id":"z8qiuk0ntxfdl0v"},"id":"utulsjrycv100zu","previousOperationId":"2d1a22js7vpryhu"}
{"type":"operationStart","subtype":"engine","name":"handlebars","timestamp":1765112863135,"id":"6ooidhyqs35mn47","previousEventId":"k36cvbafd6im93n","operationId":"3sip5sbsyycjd2e","previousOperationId":"2d1a22js7vpryhu"}
{"type":"log","timestamp":1765112863135,"level":"debug","message":"Rendering engine handlebars","meta":{"rootId":"cva866kha5l9ugr","id":"z8qiuk0ntxfdl0v"},"id":"40bfsaj9fbpgeau","previousOperationId":"3sip5sbsyycjd2e"}
{"type":"operationEnd","operationId":"3sip5sbsyycjd2e","timestamp":1765112863242,"id":"26vy0kg0o80ffo6","previousEventId":"6ooidhyqs35mn47","previousOperationId":"3sip5sbsyycjd2e"}
{"type":"operationStart","subtype":"recipe","name":"html","timestamp":1765112863255,"id":"bdzs1uj71ng17da","previousEventId":"26vy0kg0o80ffo6","operationId":"frm13t2y2cqr0hk","previousOperationId":"3sip5sbsyycjd2e"}
{"type":"log","timestamp":1765112863255,"level":"debug","message":"Executing recipe html","meta":{"rootId":"cva866kha5l9ugr","id":"z8qiuk0ntxfdl0v"},"id":"joyhthe573fay9f","previousOperationId":"frm13t2y2cqr0hk"}
{"type":"operationEnd","operationId":"frm13t2y2cqr0hk","timestamp":1765112863255,"id":"392rbyhukrt30o4","previousEventId":"bdzs1uj71ng17da","previousOperationId":"frm13t2y2cqr0hk"}
{"type":"log","timestamp":1765112863255,"level":"debug","message":"Skipping storing report.","meta":{"rootId":"cva866kha5l9ugr","id":"z8qiuk0ntxfdl0v"},"id":"8dq3fjkl0zk7s5i","previousOperationId":"frm13t2y2cqr0hk"}
{"type":"log","timestamp":1765112863255,"level":"info","message":"Rendering (child) request finished in 1844 ms","meta":{"rootId":"cva866kha5l9ugr","id":"z8qiuk0ntxfdl0v"},"id":"3o69536ud7rp1d9","previousOperationId":"frm13t2y2cqr0hk"}
{"type":"operationEnd","subtype":"render","operationId":"2d1a22js7vpryhu","timestamp":1765112863255,"id":"39bc3c7i7hpjzb0","previousEventId":"392rbyhukrt30o4","previousOperationId":"frm13t2y2cqr0hk"}
{"type":"log","timestamp":1765112872902,"level":"debug","message":"pptx successfully zipped","meta":{"rootId":"cva866kha5l9ugr","id":"cva866kha5l9ugr"},"id":"hopoek5ysppkmhw","previousOperationId":"wus9u91owjh7tku"}
{"type":"log","timestamp":1765112872902,"level":"info","message":"pptx generation was finished","meta":{"rootId":"cva866kha5l9ugr","id":"cva866kha5l9ugr"},"id":"wxb7755rj0510gv","previousOperationId":"wus9u91owjh7tku"}
{"type":"operationEnd","operationId":"wus9u91owjh7tku","timestamp":1765112872912,"id":"rawho6ru2n6u3md","previousEventId":"drbheyahif7k5zz","previousOperationId":"wus9u91owjh7tku"}
{"type":"log","timestamp":1765112872912,"level":"debug","message":"Skipping storing report.","meta":{"rootId":"cva866kha5l9ugr","id":"cva866kha5l9ugr"},"id":"6chuk7io1fytib0","previousOperationId":"wus9u91owjh7tku"}
{"type":"log","timestamp":1765112872912,"level":"info","message":"Rendering request 38 finished in 11501 ms","meta":{"rootId":"cva866kha5l9ugr","id":"cva866kha5l9ugr"},"id":"w2652awzmfrejry","previousOperationId":"wus9u91owjh7tku"}
{"type":"operationEnd","subtype":"render","operationId":"7weu6hh2yoqtpv1","timestamp":1765112872912,"id":"nj3imuujx943r77","previousEventId":"rawho6ru2n6u3md","previousOperationId":"wus9u91owjh7tku"}
{"type":"operationEnd","doDiffs":false,"previousEventId":"caujcr6usbmovbz","previousOperationId":"9ebz28iaeo15vh9","operationId":"9ebz28iaeo15vh9","timestamp":1765112872917,"id":"eg4sqejntwgyvzp"}
