{"type":"operationStart","subtype":"profile","data":{"_id":"2Cw8Qlz6KE7HH8c6","timestamp":"2025-12-05T16:44:34.990Z","state":"running","mode":"standard","creationDate":"2025-12-05T16:44:34.994Z","modificationDate":"2025-12-05T16:44:34.994Z","shortid":"njCoaAz","$entitySet":"profiles","timeout":60000},"doDiffs":false,"timestamp":1764953074993,"id":"q25t9ibh5h1x5h6","previousOperationId":null,"operationId":"dy2f0a7g3yq84l2"}
{"type":"log","level":"info","message":"Render request 4 queued for execution and waiting for available worker","previousOperationId":"dy2f0a7g3yq84l2","timestamp":1764953074993,"id":"n97v5idadrre3qn"}
{"type":"operationStart","subtype":"render","name":"anonymous","previousOperationId":"dy2f0a7g3yq84l2","timestamp":1764953075012,"id":"mho3hzr0hczzojg","previousEventId":"q25t9ibh5h1x5h6","operationId":"vx4ffgeda55540i"}
{"type":"log","timestamp":1764953075012,"level":"info","message":"Starting rendering request 4","meta":{"rootId":"cvjikm4wmkhr7dy","id":"cvjikm4wmkhr7dy"},"id":"0od2ie26hgu4eoy","previousOperationId":"vx4ffgeda55540i"}
{"type":"log","timestamp":1764953075013,"level":"info","message":"Rendering anonymous template { recipe: pptx, engine: handlebars }","meta":{"rootId":"cvjikm4wmkhr7dy","id":"cvjikm4wmkhr7dy"},"id":"h5ybu7pwjigdhrc","previousOperationId":"vx4ffgeda55540i"}
{"type":"log","timestamp":1764953075013,"level":"debug","message":"Inline data specified.","meta":{"rootId":"cvjikm4wmkhr7dy","id":"cvjikm4wmkhr7dy"},"id":"lgzdfwsd0dm82r0","previousOperationId":"vx4ffgeda55540i"}
{"type":"log","timestamp":1764953075015,"level":"debug","message":"Base url not specified, skipping its injection.","meta":{"rootId":"cvjikm4wmkhr7dy","id":"cvjikm4wmkhr7dy"},"id":"qye6tq8uttyw0ia","previousOperationId":"vx4ffgeda55540i"}
{"type":"operationStart","subtype":"engine","name":"handlebars","timestamp":1764953075016,"id":"3cc9fqmyisaqcgp","previousEventId":"mho3hzr0hczzojg","operationId":"yqpxy4u5fune44x","previousOperationId":"vx4ffgeda55540i"}
{"type":"log","timestamp":1764953075016,"level":"debug","message":"Rendering engine handlebars","meta":{"rootId":"cvjikm4wmkhr7dy","id":"cvjikm4wmkhr7dy"},"id":"ncur19jxdv2ic6u","previousOperationId":"yqpxy4u5fune44x"}
{"type":"operationEnd","operationId":"yqpxy4u5fune44x","timestamp":1764953075036,"id":"4ynbb27puktmhw3","previousEventId":"3cc9fqmyisaqcgp","previousOperationId":"yqpxy4u5fune44x"}
{"type":"operationStart","subtype":"recipe","name":"pptx","timestamp":1764953075037,"id":"tida8echcx05ja8","previousEventId":"4ynbb27puktmhw3","operationId":"tiyraa1by5ebdg2","previousOperationId":"yqpxy4u5fune44x"}
{"type":"log","timestamp":1764953075037,"level":"debug","message":"Executing recipe pptx","meta":{"rootId":"cvjikm4wmkhr7dy","id":"cvjikm4wmkhr7dy"},"id":"x6tuztr5rpgvzr6","previousOperationId":"tiyraa1by5ebdg2"}
{"type":"log","timestamp":1764953075038,"level":"info","message":"pptx generation is starting","meta":{"rootId":"cvjikm4wmkhr7dy","id":"cvjikm4wmkhr7dy"},"id":"lyk2c0hbjmktoaq","previousOperationId":"tiyraa1by5ebdg2"}
{"type":"log","timestamp":1764953075189,"level":"debug","message":"Starting child request to render pptx dynamic parts","meta":{"rootId":"cvjikm4wmkhr7dy","id":"cvjikm4wmkhr7dy"},"id":"55cee8ndm04lb22","previousOperationId":"tiyraa1by5ebdg2"}
{"type":"operationStart","subtype":"render","name":"anonymous","previousOperationId":"tiyraa1by5ebdg2","timestamp":1764953075189,"id":"cjj43ekhpnb9eou","previousEventId":"tida8echcx05ja8","operationId":"bvkn9zq89w1784g"}
{"type":"log","timestamp":1764953075189,"level":"info","message":"Starting rendering (child) request","meta":{"rootId":"cvjikm4wmkhr7dy","id":"tr4kxeaevlo9f4y"},"id":"0ka6cs9k2lagncw","previousOperationId":"bvkn9zq89w1784g"}
{"type":"log","timestamp":1764953075190,"level":"info","message":"Rendering anonymous template { recipe: html, engine: handlebars }","meta":{"rootId":"cvjikm4wmkhr7dy","id":"tr4kxeaevlo9f4y"},"id":"rbn9j2anx1ttv09","previousOperationId":"bvkn9zq89w1784g"}
{"type":"log","timestamp":1764953075190,"level":"debug","message":"Inline data specified.","meta":{"rootId":"cvjikm4wmkhr7dy","id":"tr4kxeaevlo9f4y"},"id":"2ut1lwysk097tia","previousOperationId":"bvkn9zq89w1784g"}
{"type":"log","timestamp":1764953075195,"level":"debug","message":"Base url not specified, skipping its injection.","meta":{"rootId":"cvjikm4wmkhr7dy","id":"tr4kxeaevlo9f4y"},"id":"m4zpw0k3jkjkinc","previousOperationId":"bvkn9zq89w1784g"}
{"type":"operationStart","subtype":"engine","name":"handlebars","timestamp":1764953075196,"id":"sgp8s14vnf8gf86","previousEventId":"cjj43ekhpnb9eou","operationId":"xxjt7aijh1ny6w6","previousOperationId":"bvkn9zq89w1784g"}
{"type":"log","timestamp":1764953075196,"level":"debug","message":"Rendering engine handlebars","meta":{"rootId":"cvjikm4wmkhr7dy","id":"tr4kxeaevlo9f4y"},"id":"mg1s0pag4dkmp0o","previousOperationId":"xxjt7aijh1ny6w6"}
{"type":"operationEnd","operationId":"xxjt7aijh1ny6w6","timestamp":1764953075225,"id":"hl7v1igcxjfufd5","previousEventId":"sgp8s14vnf8gf86","previousOperationId":"xxjt7aijh1ny6w6"}
{"type":"operationStart","subtype":"recipe","name":"html","timestamp":1764953075226,"id":"87xttgixmeyu7cc","previousEventId":"hl7v1igcxjfufd5","operationId":"d1mw6l0irj6qqk1","previousOperationId":"xxjt7aijh1ny6w6"}
{"type":"log","timestamp":1764953075226,"level":"debug","message":"Executing recipe html","meta":{"rootId":"cvjikm4wmkhr7dy","id":"tr4kxeaevlo9f4y"},"id":"datwzma2jwawj1r","previousOperationId":"d1mw6l0irj6qqk1"}
{"type":"operationEnd","operationId":"d1mw6l0irj6qqk1","timestamp":1764953075226,"id":"j8kl5lpofskdxhx","previousEventId":"87xttgixmeyu7cc","previousOperationId":"d1mw6l0irj6qqk1"}
{"type":"log","timestamp":1764953075226,"level":"debug","message":"Skipping storing report.","meta":{"rootId":"cvjikm4wmkhr7dy","id":"tr4kxeaevlo9f4y"},"id":"qs6hkboh8kk2xcr","previousOperationId":"d1mw6l0irj6qqk1"}
{"type":"log","timestamp":1764953075227,"level":"info","message":"Rendering (child) request finished in 238 ms","meta":{"rootId":"cvjikm4wmkhr7dy","id":"tr4kxeaevlo9f4y"},"id":"al2w3t9yxxwfcfo","previousOperationId":"d1mw6l0irj6qqk1"}
{"type":"operationEnd","subtype":"render","operationId":"bvkn9zq89w1784g","timestamp":1764953075227,"id":"3rvrw03trv0ul8a","previousEventId":"j8kl5lpofskdxhx","previousOperationId":"d1mw6l0irj6qqk1"}
{"type":"log","timestamp":1764953075362,"level":"debug","message":"pptx successfully zipped","meta":{"rootId":"cvjikm4wmkhr7dy","id":"cvjikm4wmkhr7dy"},"id":"nb5iim83p7bl3jj","previousOperationId":"tiyraa1by5ebdg2"}
{"type":"log","timestamp":1764953075362,"level":"info","message":"pptx generation was finished","meta":{"rootId":"cvjikm4wmkhr7dy","id":"cvjikm4wmkhr7dy"},"id":"pb6bxm0nm6ygggw","previousOperationId":"tiyraa1by5ebdg2"}
{"type":"operationEnd","operationId":"tiyraa1by5ebdg2","timestamp":1764953075366,"id":"zbuli3b2vxu94s5","previousEventId":"tida8echcx05ja8","previousOperationId":"tiyraa1by5ebdg2"}
{"type":"log","timestamp":1764953075367,"level":"debug","message":"Skipping storing report.","meta":{"rootId":"cvjikm4wmkhr7dy","id":"cvjikm4wmkhr7dy"},"id":"a85rjtqrq67kx2r","previousOperationId":"tiyraa1by5ebdg2"}
{"type":"log","timestamp":1764953075367,"level":"info","message":"Rendering request 4 finished in 378 ms","meta":{"rootId":"cvjikm4wmkhr7dy","id":"cvjikm4wmkhr7dy"},"id":"1616ye9buskpetz","previousOperationId":"tiyraa1by5ebdg2"}
{"type":"operationEnd","subtype":"render","operationId":"vx4ffgeda55540i","timestamp":1764953075367,"id":"ei57ocsk2ikso3e","previousEventId":"zbuli3b2vxu94s5","previousOperationId":"tiyraa1by5ebdg2"}
{"type":"operationEnd","doDiffs":false,"previousEventId":"q25t9ibh5h1x5h6","previousOperationId":"dy2f0a7g3yq84l2","operationId":"dy2f0a7g3yq84l2","timestamp":1764953075372,"id":"7lotyans3gauubf"}
