{"type":"operationStart","subtype":"profile","data":{"_id":"DfHB4GFlPqvsJVj6","timestamp":"2025-12-04T23:00:34.529Z","state":"running","mode":"standard","creationDate":"2025-12-04T23:00:34.533Z","modificationDate":"2025-12-04T23:00:34.533Z","shortid":"Z3go7dI","$entitySet":"profiles","timeout":60000},"doDiffs":false,"timestamp":1764889234532,"id":"bos4kt4q44esabp","previousOperationId":null,"operationId":"h7kim9x3y9u4r8y"}
{"type":"log","level":"info","message":"Render request 2 queued for execution and waiting for available worker","previousOperationId":"h7kim9x3y9u4r8y","timestamp":1764889234532,"id":"yxfdvpmay13jkqu"}
{"type":"operationStart","subtype":"render","name":"anonymous","previousOperationId":"h7kim9x3y9u4r8y","timestamp":1764889234546,"id":"c1ziw7j8jgq80df","previousEventId":"bos4kt4q44esabp","operationId":"prwdz096uhtmhrq"}
{"type":"log","timestamp":1764889234549,"level":"info","message":"Starting rendering request 2","meta":{"rootId":"d243i0c3ioxj0jw","id":"d243i0c3ioxj0jw"},"id":"tzkczqxbed4knwh","previousOperationId":"prwdz096uhtmhrq"}
{"type":"log","timestamp":1764889234552,"level":"info","message":"Rendering anonymous template { recipe: pptx, engine: handlebars }","meta":{"rootId":"d243i0c3ioxj0jw","id":"d243i0c3ioxj0jw"},"id":"ux2kw13fm9uglof","previousOperationId":"prwdz096uhtmhrq"}
{"type":"log","timestamp":1764889234552,"level":"debug","message":"Inline data specified.","meta":{"rootId":"d243i0c3ioxj0jw","id":"d243i0c3ioxj0jw"},"id":"q7hxx0leekmwvud","previousOperationId":"prwdz096uhtmhrq"}
{"type":"log","timestamp":1764889234556,"level":"debug","message":"Base url not specified, skipping its injection.","meta":{"rootId":"d243i0c3ioxj0jw","id":"d243i0c3ioxj0jw"},"id":"cdq3r39w93wxo69","previousOperationId":"prwdz096uhtmhrq"}
{"type":"operationStart","subtype":"engine","name":"handlebars","timestamp":1764889234558,"id":"nz3xyreefbmlw29","previousEventId":"c1ziw7j8jgq80df","operationId":"jkbz6x34sc0tr2y","previousOperationId":"prwdz096uhtmhrq"}
{"type":"log","timestamp":1764889234558,"level":"debug","message":"Rendering engine handlebars","meta":{"rootId":"d243i0c3ioxj0jw","id":"d243i0c3ioxj0jw"},"id":"tzlet9jq9ibp80a","previousOperationId":"jkbz6x34sc0tr2y"}
{"type":"operationEnd","operationId":"jkbz6x34sc0tr2y","timestamp":1764889235413,"id":"rouo4mgn44frn8v","previousEventId":"nz3xyreefbmlw29","previousOperationId":"jkbz6x34sc0tr2y"}
{"type":"operationStart","subtype":"recipe","name":"pptx","timestamp":1764889235414,"id":"v3a8strjllowogz","previousEventId":"rouo4mgn44frn8v","operationId":"s1hzzvxltvt8q4r","previousOperationId":"jkbz6x34sc0tr2y"}
{"type":"log","timestamp":1764889235414,"level":"debug","message":"Executing recipe pptx","meta":{"rootId":"d243i0c3ioxj0jw","id":"d243i0c3ioxj0jw"},"id":"rgftyo0qk2mxp6w","previousOperationId":"s1hzzvxltvt8q4r"}
{"type":"log","timestamp":1764889235578,"level":"info","message":"pptx generation is starting","meta":{"rootId":"d243i0c3ioxj0jw","id":"d243i0c3ioxj0jw"},"id":"liy375ssgtxytpg","previousOperationId":"s1hzzvxltvt8q4r"}
{"type":"log","timestamp":1764889235739,"level":"debug","message":"Starting child request to render pptx dynamic parts","meta":{"rootId":"d243i0c3ioxj0jw","id":"d243i0c3ioxj0jw"},"id":"0s2xdjktcixyang","previousOperationId":"s1hzzvxltvt8q4r"}
{"type":"operationStart","subtype":"render","name":"anonymous","previousOperationId":"s1hzzvxltvt8q4r","timestamp":1764889235740,"id":"paazztefvwpggyz","previousEventId":"v3a8strjllowogz","operationId":"jui8qblh3ygh5mq"}
{"type":"log","timestamp":1764889235740,"level":"info","message":"Starting rendering (child) request","meta":{"rootId":"d243i0c3ioxj0jw","id":"x02alnv6oojxxxp"},"id":"1n3dxkfmbs6yih3","previousOperationId":"jui8qblh3ygh5mq"}
{"type":"log","timestamp":1764889235740,"level":"info","message":"Rendering anonymous template { recipe: html, engine: handlebars }","meta":{"rootId":"d243i0c3ioxj0jw","id":"x02alnv6oojxxxp"},"id":"nfayl4hgvatg2pm","previousOperationId":"jui8qblh3ygh5mq"}
{"type":"log","timestamp":1764889235740,"level":"debug","message":"Inline data specified.","meta":{"rootId":"d243i0c3ioxj0jw","id":"x02alnv6oojxxxp"},"id":"qpat4f8qufb5jqr","previousOperationId":"jui8qblh3ygh5mq"}
{"type":"log","timestamp":1764889235743,"level":"debug","message":"Base url not specified, skipping its injection.","meta":{"rootId":"d243i0c3ioxj0jw","id":"x02alnv6oojxxxp"},"id":"bq7wwd3ibgsz504","previousOperationId":"jui8qblh3ygh5mq"}
{"type":"operationStart","subtype":"engine","name":"handlebars","timestamp":1764889235744,"id":"ivcdaifdb0h9at7","previousEventId":"paazztefvwpggyz","operationId":"q4abrkeib5ax0gv","previousOperationId":"jui8qblh3ygh5mq"}
{"type":"log","timestamp":1764889235744,"level":"debug","message":"Rendering engine handlebars","meta":{"rootId":"d243i0c3ioxj0jw","id":"x02alnv6oojxxxp"},"id":"fn2wzv5q5w3g5ee","previousOperationId":"q4abrkeib5ax0gv"}
{"type":"operationEnd","operationId":"q4abrkeib5ax0gv","timestamp":1764889235776,"id":"a3doyovtjrhh7h5","previousEventId":"ivcdaifdb0h9at7","previousOperationId":"q4abrkeib5ax0gv"}
{"type":"operationStart","subtype":"recipe","name":"html","timestamp":1764889235778,"id":"ytp2xvxd19jp4ad","previousEventId":"a3doyovtjrhh7h5","operationId":"zd3s9mb0a0wsh48","previousOperationId":"q4abrkeib5ax0gv"}
{"type":"log","timestamp":1764889235778,"level":"debug","message":"Executing recipe html","meta":{"rootId":"d243i0c3ioxj0jw","id":"x02alnv6oojxxxp"},"id":"je727xethovl7jm","previousOperationId":"zd3s9mb0a0wsh48"}
{"type":"operationEnd","operationId":"zd3s9mb0a0wsh48","timestamp":1764889235778,"id":"278smcbr5ftkujb","previousEventId":"ytp2xvxd19jp4ad","previousOperationId":"zd3s9mb0a0wsh48"}
{"type":"log","timestamp":1764889235778,"level":"debug","message":"Skipping storing report.","meta":{"rootId":"d243i0c3ioxj0jw","id":"x02alnv6oojxxxp"},"id":"pezyvqfaid17dl9","previousOperationId":"zd3s9mb0a0wsh48"}
{"type":"log","timestamp":1764889235778,"level":"info","message":"Rendering (child) request finished in 1252 ms","meta":{"rootId":"d243i0c3ioxj0jw","id":"x02alnv6oojxxxp"},"id":"36opix312xqjzz5","previousOperationId":"zd3s9mb0a0wsh48"}
{"type":"operationEnd","subtype":"render","operationId":"jui8qblh3ygh5mq","timestamp":1764889235779,"id":"dbi74j5vkemf3zv","previousEventId":"278smcbr5ftkujb","previousOperationId":"zd3s9mb0a0wsh48"}
{"type":"log","timestamp":1764889236315,"level":"debug","message":"pptx successfully zipped","meta":{"rootId":"d243i0c3ioxj0jw","id":"d243i0c3ioxj0jw"},"id":"uw25ne20mcon97q","previousOperationId":"s1hzzvxltvt8q4r"}
{"type":"log","timestamp":1764889236316,"level":"info","message":"pptx generation was finished","meta":{"rootId":"d243i0c3ioxj0jw","id":"d243i0c3ioxj0jw"},"id":"wduvymyo8x54ge4","previousOperationId":"s1hzzvxltvt8q4r"}
{"type":"operationEnd","operationId":"s1hzzvxltvt8q4r","timestamp":1764889236322,"id":"ogvq5gvy4juqb5d","previousEventId":"v3a8strjllowogz","previousOperationId":"s1hzzvxltvt8q4r"}
{"type":"log","timestamp":1764889236322,"level":"debug","message":"Skipping storing report.","meta":{"rootId":"d243i0c3ioxj0jw","id":"d243i0c3ioxj0jw"},"id":"4nsmvydbwqyqoum","previousOperationId":"s1hzzvxltvt8q4r"}
{"type":"log","timestamp":1764889236322,"level":"info","message":"Rendering request 2 finished in 1796 ms","meta":{"rootId":"d243i0c3ioxj0jw","id":"d243i0c3ioxj0jw"},"id":"umun2tcd32sifqu","previousOperationId":"s1hzzvxltvt8q4r"}
{"type":"operationEnd","subtype":"render","operationId":"prwdz096uhtmhrq","timestamp":1764889236323,"id":"m1tj3ni5ntnrjwo","previousEventId":"ogvq5gvy4juqb5d","previousOperationId":"s1hzzvxltvt8q4r"}
{"type":"operationEnd","doDiffs":false,"previousEventId":"bos4kt4q44esabp","previousOperationId":"h7kim9x3y9u4r8y","operationId":"h7kim9x3y9u4r8y","timestamp":1764889236328,"id":"pkqcmg2ioztsvqa"}
