{"type":"operationStart","subtype":"profile","data":{"_id":"5wIV6BjVz7Tz5T7L","timestamp":"2025-12-05T17:41:48.640Z","state":"running","mode":"standard","creationDate":"2025-12-05T17:41:48.644Z","modificationDate":"2025-12-05T17:41:48.644Z","shortid":"dNWlJs-","$entitySet":"profiles","timeout":60000},"doDiffs":false,"timestamp":1764956508642,"id":"vujstktwmfu1vkl","previousOperationId":null,"operationId":"p41i3r020vmz4mn"}
{"type":"log","level":"info","message":"Render request 14 queued for execution and waiting for available worker","previousOperationId":"p41i3r020vmz4mn","timestamp":1764956508642,"id":"mlu56978b6psjnt"}
{"type":"operationStart","subtype":"render","name":"anonymous","previousOperationId":"p41i3r020vmz4mn","timestamp":1764956508654,"id":"blyp6pbkon1jr9d","previousEventId":"vujstktwmfu1vkl","operationId":"9ejzlajr379eb1u"}
{"type":"log","timestamp":1764956508654,"level":"info","message":"Starting rendering request 14","meta":{"rootId":"d5kwlxjipoz95ou","id":"d5kwlxjipoz95ou"},"id":"j35ainn9zbaeh7g","previousOperationId":"9ejzlajr379eb1u"}
{"type":"log","timestamp":1764956508654,"level":"info","message":"Rendering anonymous template { recipe: pptx, engine: handlebars }","meta":{"rootId":"d5kwlxjipoz95ou","id":"d5kwlxjipoz95ou"},"id":"dvroct6cpljy39o","previousOperationId":"9ejzlajr379eb1u"}
{"type":"log","timestamp":1764956508654,"level":"debug","message":"Inline data specified.","meta":{"rootId":"d5kwlxjipoz95ou","id":"d5kwlxjipoz95ou"},"id":"dtohqna4hn9vsr9","previousOperationId":"9ejzlajr379eb1u"}
{"type":"log","timestamp":1764956508656,"level":"debug","message":"Base url not specified, skipping its injection.","meta":{"rootId":"d5kwlxjipoz95ou","id":"d5kwlxjipoz95ou"},"id":"o4vcffmllzv3jjk","previousOperationId":"9ejzlajr379eb1u"}
{"type":"operationStart","subtype":"engine","name":"handlebars","timestamp":1764956508656,"id":"hvv1w86snd6fspb","previousEventId":"blyp6pbkon1jr9d","operationId":"wo0j8inhcfsadnp","previousOperationId":"9ejzlajr379eb1u"}
{"type":"log","timestamp":1764956508656,"level":"debug","message":"Rendering engine handlebars","meta":{"rootId":"d5kwlxjipoz95ou","id":"d5kwlxjipoz95ou"},"id":"6m4wiv4z8iaypw3","previousOperationId":"wo0j8inhcfsadnp"}
{"type":"operationEnd","operationId":"wo0j8inhcfsadnp","timestamp":1764956508670,"id":"s149ue5zh4guqu0","previousEventId":"hvv1w86snd6fspb","previousOperationId":"wo0j8inhcfsadnp"}
{"type":"operationStart","subtype":"recipe","name":"pptx","timestamp":1764956508670,"id":"goaberz3g1bjbvs","previousEventId":"s149ue5zh4guqu0","operationId":"rc4gdkxx1qqbtdk","previousOperationId":"wo0j8inhcfsadnp"}
{"type":"log","timestamp":1764956508670,"level":"debug","message":"Executing recipe pptx","meta":{"rootId":"d5kwlxjipoz95ou","id":"d5kwlxjipoz95ou"},"id":"3axt8sn7v7u50zn","previousOperationId":"rc4gdkxx1qqbtdk"}
{"type":"log","timestamp":1764956508671,"level":"info","message":"pptx generation is starting","meta":{"rootId":"d5kwlxjipoz95ou","id":"d5kwlxjipoz95ou"},"id":"udxow5vlhc9cfs1","previousOperationId":"rc4gdkxx1qqbtdk"}
{"type":"log","timestamp":1764956508747,"level":"debug","message":"Starting child request to render pptx dynamic parts","meta":{"rootId":"d5kwlxjipoz95ou","id":"d5kwlxjipoz95ou"},"id":"4ypu1ztogpoeskx","previousOperationId":"rc4gdkxx1qqbtdk"}
{"type":"operationStart","subtype":"render","name":"anonymous","previousOperationId":"rc4gdkxx1qqbtdk","timestamp":1764956508747,"id":"3pttorqhvi4v8sc","previousEventId":"goaberz3g1bjbvs","operationId":"s52vl8n2l33d6wp"}
{"type":"log","timestamp":1764956508747,"level":"info","message":"Starting rendering (child) request","meta":{"rootId":"d5kwlxjipoz95ou","id":"7irodzidysaowni"},"id":"asbr779j2p7ypic","previousOperationId":"s52vl8n2l33d6wp"}
{"type":"log","timestamp":1764956508747,"level":"info","message":"Rendering anonymous template { recipe: html, engine: handlebars }","meta":{"rootId":"d5kwlxjipoz95ou","id":"7irodzidysaowni"},"id":"ygmt80l7yw0xks0","previousOperationId":"s52vl8n2l33d6wp"}
{"type":"log","timestamp":1764956508747,"level":"debug","message":"Inline data specified.","meta":{"rootId":"d5kwlxjipoz95ou","id":"7irodzidysaowni"},"id":"e1vfricjfof9q7e","previousOperationId":"s52vl8n2l33d6wp"}
{"type":"log","timestamp":1764956508755,"level":"debug","message":"Base url not specified, skipping its injection.","meta":{"rootId":"d5kwlxjipoz95ou","id":"7irodzidysaowni"},"id":"u9j4gbp28z97910","previousOperationId":"s52vl8n2l33d6wp"}
{"type":"operationStart","subtype":"engine","name":"handlebars","timestamp":1764956508755,"id":"so3d4eoawz46yr9","previousEventId":"3pttorqhvi4v8sc","operationId":"a5c9sx8e44ebwfj","previousOperationId":"s52vl8n2l33d6wp"}
{"type":"log","timestamp":1764956508755,"level":"debug","message":"Rendering engine handlebars","meta":{"rootId":"d5kwlxjipoz95ou","id":"7irodzidysaowni"},"id":"nve17zxryzx0y0u","previousOperationId":"a5c9sx8e44ebwfj"}
{"type":"operationEnd","operationId":"a5c9sx8e44ebwfj","timestamp":1764956508763,"id":"ocv63xom6zw116y","previousEventId":"so3d4eoawz46yr9","previousOperationId":"a5c9sx8e44ebwfj"}
{"type":"operationStart","subtype":"recipe","name":"html","timestamp":1764956508764,"id":"ofsvb34msnlce2c","previousEventId":"ocv63xom6zw116y","operationId":"kjbd1no7oz20u1j","previousOperationId":"a5c9sx8e44ebwfj"}
{"type":"log","timestamp":1764956508764,"level":"debug","message":"Executing recipe html","meta":{"rootId":"d5kwlxjipoz95ou","id":"7irodzidysaowni"},"id":"8q3dbbu79bma5pu","previousOperationId":"kjbd1no7oz20u1j"}
{"type":"operationEnd","operationId":"kjbd1no7oz20u1j","timestamp":1764956508764,"id":"hybxkzags94s0ed","previousEventId":"ofsvb34msnlce2c","previousOperationId":"kjbd1no7oz20u1j"}
{"type":"log","timestamp":1764956508764,"level":"debug","message":"Skipping storing report.","meta":{"rootId":"d5kwlxjipoz95ou","id":"7irodzidysaowni"},"id":"eibxdlnyw1zg4bt","previousOperationId":"kjbd1no7oz20u1j"}
{"type":"log","timestamp":1764956508764,"level":"info","message":"Rendering (child) request finished in 124 ms","meta":{"rootId":"d5kwlxjipoz95ou","id":"7irodzidysaowni"},"id":"coz4hxmdaox8unv","previousOperationId":"kjbd1no7oz20u1j"}
{"type":"operationEnd","subtype":"render","operationId":"s52vl8n2l33d6wp","timestamp":1764956508764,"id":"5j751l1ylll2ixh","previousEventId":"hybxkzags94s0ed","previousOperationId":"kjbd1no7oz20u1j"}
{"type":"log","timestamp":1764956508864,"level":"debug","message":"pptx successfully zipped","meta":{"rootId":"d5kwlxjipoz95ou","id":"d5kwlxjipoz95ou"},"id":"99akf9tbohh93si","previousOperationId":"rc4gdkxx1qqbtdk"}
{"type":"log","timestamp":1764956508864,"level":"info","message":"pptx generation was finished","meta":{"rootId":"d5kwlxjipoz95ou","id":"d5kwlxjipoz95ou"},"id":"6nelcsrv251eef3","previousOperationId":"rc4gdkxx1qqbtdk"}
{"type":"operationEnd","operationId":"rc4gdkxx1qqbtdk","timestamp":1764956508867,"id":"4nop3vfx5y5fn3x","previousEventId":"goaberz3g1bjbvs","previousOperationId":"rc4gdkxx1qqbtdk"}
{"type":"log","timestamp":1764956508867,"level":"debug","message":"Skipping storing report.","meta":{"rootId":"d5kwlxjipoz95ou","id":"d5kwlxjipoz95ou"},"id":"k6oc3k5m1ug0osv","previousOperationId":"rc4gdkxx1qqbtdk"}
{"type":"log","timestamp":1764956508867,"level":"info","message":"Rendering request 14 finished in 227 ms","meta":{"rootId":"d5kwlxjipoz95ou","id":"d5kwlxjipoz95ou"},"id":"9zervgdj7gbyt12","previousOperationId":"rc4gdkxx1qqbtdk"}
{"type":"operationEnd","subtype":"render","operationId":"9ejzlajr379eb1u","timestamp":1764956508867,"id":"av4q6w9v9yp1bzp","previousEventId":"4nop3vfx5y5fn3x","previousOperationId":"rc4gdkxx1qqbtdk"}
{"type":"operationEnd","doDiffs":false,"previousEventId":"vujstktwmfu1vkl","previousOperationId":"p41i3r020vmz4mn","operationId":"p41i3r020vmz4mn","timestamp":1764956508872,"id":"q5pgikbfs3ay1u0"}
