{"type":"operationStart","subtype":"profile","data":{"_id":"YWD7eqgWOT7LlH5o","timestamp":"2025-12-07T12:58:57.126Z","state":"running","mode":"standard","creationDate":"2025-12-07T12:58:57.134Z","modificationDate":"2025-12-07T12:58:57.134Z","shortid":"Leud2r4","$entitySet":"profiles","timeout":60000},"doDiffs":false,"timestamp":1765112337132,"id":"6ad3fsel54d6m9c","previousOperationId":null,"operationId":"v1rpg5v72m2kuq9"}
{"type":"log","level":"info","message":"Render request 31 queued for execution and waiting for available worker","previousOperationId":"v1rpg5v72m2kuq9","timestamp":1765112337132,"id":"e470vmvzfydxdbh"}
{"type":"operationStart","subtype":"render","name":"anonymous","previousOperationId":"v1rpg5v72m2kuq9","timestamp":1765112337200,"id":"bmunu8tksmrzopz","previousEventId":"6ad3fsel54d6m9c","operationId":"47ephfi9dewauuw"}
{"type":"log","timestamp":1765112337200,"level":"info","message":"Starting rendering request 31","meta":{"rootId":"d8byooificdc8q7","id":"d8byooificdc8q7"},"id":"ybzuabvro44cflw","previousOperationId":"47ephfi9dewauuw"}
{"type":"log","timestamp":1765112337201,"level":"info","message":"Rendering anonymous template { recipe: pptx, engine: handlebars }","meta":{"rootId":"d8byooificdc8q7","id":"d8byooificdc8q7"},"id":"9x1dig78xij0he0","previousOperationId":"47ephfi9dewauuw"}
{"type":"log","timestamp":1765112337201,"level":"debug","message":"Inline data specified.","meta":{"rootId":"d8byooificdc8q7","id":"d8byooificdc8q7"},"id":"36bn33vy9rkpujj","previousOperationId":"47ephfi9dewauuw"}
{"type":"log","timestamp":1765112337207,"level":"debug","message":"Base url not specified, skipping its injection.","meta":{"rootId":"d8byooificdc8q7","id":"d8byooificdc8q7"},"id":"6yc9bcmqtx4kbrw","previousOperationId":"47ephfi9dewauuw"}
{"type":"operationStart","subtype":"engine","name":"handlebars","timestamp":1765112337207,"id":"k8n6oqvq91z9i7e","previousEventId":"bmunu8tksmrzopz","operationId":"fm16vhottyp72vm","previousOperationId":"47ephfi9dewauuw"}
{"type":"log","timestamp":1765112337208,"level":"debug","message":"Rendering engine handlebars","meta":{"rootId":"d8byooificdc8q7","id":"d8byooificdc8q7"},"id":"w67tx0k4igoj3bz","previousOperationId":"fm16vhottyp72vm"}
{"type":"operationEnd","operationId":"fm16vhottyp72vm","timestamp":1765112337218,"id":"34fe6yt8hv7687l","previousEventId":"k8n6oqvq91z9i7e","previousOperationId":"fm16vhottyp72vm"}
{"type":"operationStart","subtype":"recipe","name":"pptx","timestamp":1765112337218,"id":"200u7zyhkebv1px","previousEventId":"34fe6yt8hv7687l","operationId":"hfscc59ftj7qbdn","previousOperationId":"fm16vhottyp72vm"}
{"type":"log","timestamp":1765112337218,"level":"debug","message":"Executing recipe pptx","meta":{"rootId":"d8byooificdc8q7","id":"d8byooificdc8q7"},"id":"nc37ey9id0m4oeu","previousOperationId":"hfscc59ftj7qbdn"}
{"type":"log","timestamp":1765112337255,"level":"info","message":"pptx generation is starting","meta":{"rootId":"d8byooificdc8q7","id":"d8byooificdc8q7"},"id":"g4wkm9dwzrlr4mz","previousOperationId":"hfscc59ftj7qbdn"}
{"type":"log","timestamp":1765112338842,"level":"debug","message":"Starting child request to render pptx dynamic parts","meta":{"rootId":"d8byooificdc8q7","id":"d8byooificdc8q7"},"id":"vywjshlw7fkwouq","previousOperationId":"hfscc59ftj7qbdn"}
{"type":"operationStart","subtype":"render","name":"anonymous","previousOperationId":"hfscc59ftj7qbdn","timestamp":1765112338843,"id":"n0ymdd1awtlxbfd","previousEventId":"200u7zyhkebv1px","operationId":"0enuhs8j1igvjlb"}
{"type":"log","timestamp":1765112338843,"level":"info","message":"Starting rendering (child) request","meta":{"rootId":"d8byooificdc8q7","id":"39eb2f2to9i5m8o"},"id":"f9nwfjkb31s6ycu","previousOperationId":"0enuhs8j1igvjlb"}
{"type":"log","timestamp":1765112338843,"level":"info","message":"Rendering anonymous template { recipe: html, engine: handlebars }","meta":{"rootId":"d8byooificdc8q7","id":"39eb2f2to9i5m8o"},"id":"0p4hyth7cd1ttvq","previousOperationId":"0enuhs8j1igvjlb"}
{"type":"log","timestamp":1765112338843,"level":"debug","message":"Inline data specified.","meta":{"rootId":"d8byooificdc8q7","id":"39eb2f2to9i5m8o"},"id":"pzzbdcn3ahx3mwp","previousOperationId":"0enuhs8j1igvjlb"}
{"type":"log","timestamp":1765112338852,"level":"debug","message":"Base url not specified, skipping its injection.","meta":{"rootId":"d8byooificdc8q7","id":"39eb2f2to9i5m8o"},"id":"k6wkq5t7yylb7wt","previousOperationId":"0enuhs8j1igvjlb"}
{"type":"operationStart","subtype":"engine","name":"handlebars","timestamp":1765112338854,"id":"e7rjjb5genrrvw9","previousEventId":"n0ymdd1awtlxbfd","operationId":"pq2mxzqhq693v5r","previousOperationId":"0enuhs8j1igvjlb"}
{"type":"log","timestamp":1765112338854,"level":"debug","message":"Rendering engine handlebars","meta":{"rootId":"d8byooificdc8q7","id":"39eb2f2to9i5m8o"},"id":"s5fgxa4jd5jqmpv","previousOperationId":"pq2mxzqhq693v5r"}
{"type":"operationEnd","operationId":"pq2mxzqhq693v5r","timestamp":1765112338962,"id":"666746bbmjey26r","previousEventId":"e7rjjb5genrrvw9","previousOperationId":"pq2mxzqhq693v5r"}
{"type":"operationStart","subtype":"recipe","name":"html","timestamp":1765112338977,"id":"uf972uo7aa53d40","previousEventId":"666746bbmjey26r","operationId":"7p7ryoqqdgvxm52","previousOperationId":"pq2mxzqhq693v5r"}
{"type":"log","timestamp":1765112338977,"level":"debug","message":"Executing recipe html","meta":{"rootId":"d8byooificdc8q7","id":"39eb2f2to9i5m8o"},"id":"u9lr3yt1o8g5ckw","previousOperationId":"7p7ryoqqdgvxm52"}
{"type":"operationEnd","operationId":"7p7ryoqqdgvxm52","timestamp":1765112338977,"id":"3vfum4blwmwoi9g","previousEventId":"uf972uo7aa53d40","previousOperationId":"7p7ryoqqdgvxm52"}
{"type":"log","timestamp":1765112338977,"level":"debug","message":"Skipping storing report.","meta":{"rootId":"d8byooificdc8q7","id":"39eb2f2to9i5m8o"},"id":"rwfjxqqrjuozbr6","previousOperationId":"7p7ryoqqdgvxm52"}
{"type":"log","timestamp":1765112338977,"level":"info","message":"Rendering (child) request finished in 1852 ms","meta":{"rootId":"d8byooificdc8q7","id":"39eb2f2to9i5m8o"},"id":"e6aftfbxadmbpyl","previousOperationId":"7p7ryoqqdgvxm52"}
{"type":"operationEnd","subtype":"render","operationId":"0enuhs8j1igvjlb","timestamp":1765112338977,"id":"gr19e3jli9axlgw","previousEventId":"3vfum4blwmwoi9g","previousOperationId":"7p7ryoqqdgvxm52"}
{"type":"log","timestamp":1765112344771,"level":"debug","message":"pptx successfully zipped","meta":{"rootId":"d8byooificdc8q7","id":"d8byooificdc8q7"},"id":"48vxx4g3wtlop4l","previousOperationId":"hfscc59ftj7qbdn"}
{"type":"log","timestamp":1765112344771,"level":"info","message":"pptx generation was finished","meta":{"rootId":"d8byooificdc8q7","id":"d8byooificdc8q7"},"id":"6cswlk9djw82hig","previousOperationId":"hfscc59ftj7qbdn"}
{"type":"operationEnd","operationId":"hfscc59ftj7qbdn","timestamp":1765112344780,"id":"fimeyahh3u96lvd","previousEventId":"200u7zyhkebv1px","previousOperationId":"hfscc59ftj7qbdn"}
{"type":"log","timestamp":1765112344780,"level":"debug","message":"Skipping storing report.","meta":{"rootId":"d8byooificdc8q7","id":"d8byooificdc8q7"},"id":"p3k08lrkxfvrdt1","previousOperationId":"hfscc59ftj7qbdn"}
{"type":"log","timestamp":1765112344780,"level":"info","message":"Rendering request 31 finished in 7655 ms","meta":{"rootId":"d8byooificdc8q7","id":"d8byooificdc8q7"},"id":"rjjn2lhumr3d1y9","previousOperationId":"hfscc59ftj7qbdn"}
{"type":"operationEnd","subtype":"render","operationId":"47ephfi9dewauuw","timestamp":1765112344780,"id":"s1qdkdobh8aqnhv","previousEventId":"fimeyahh3u96lvd","previousOperationId":"hfscc59ftj7qbdn"}
{"type":"operationEnd","doDiffs":false,"previousEventId":"6ad3fsel54d6m9c","previousOperationId":"v1rpg5v72m2kuq9","operationId":"v1rpg5v72m2kuq9","timestamp":1765112344784,"id":"jjtbq3w8ya691hf"}
