{"type":"operationStart","subtype":"profile","data":{"_id":"vGAOwWFfZIe3hnpf","timestamp":"2025-12-05T12:40:10.279Z","state":"running","mode":"standard","creationDate":"2025-12-05T12:40:10.284Z","modificationDate":"2025-12-05T12:40:10.284Z","shortid":"aQF1hpc","$entitySet":"profiles","timeout":60000},"doDiffs":false,"timestamp":1764938410283,"id":"kodz1vgzr7dcgri","previousOperationId":null,"operationId":"6vyy1yo6r4q03wm"}
{"type":"log","level":"info","message":"Render request 11 queued for execution and waiting for available worker","previousOperationId":"6vyy1yo6r4q03wm","timestamp":1764938410283,"id":"hkal7eiion0c24k"}
{"type":"operationStart","subtype":"render","name":"anonymous","previousOperationId":"6vyy1yo6r4q03wm","timestamp":1764938410295,"id":"14pcq23mqmcsp0v","previousEventId":"kodz1vgzr7dcgri","operationId":"cmsy4becarzxz0i"}
{"type":"log","timestamp":1764938410296,"level":"info","message":"Starting rendering request 11","meta":{"rootId":"d91jhcs5pqqxi2l","id":"d91jhcs5pqqxi2l"},"id":"2i59rn5o5f4ktoj","previousOperationId":"cmsy4becarzxz0i"}
{"type":"log","timestamp":1764938410296,"level":"info","message":"Rendering anonymous template { recipe: pptx, engine: handlebars }","meta":{"rootId":"d91jhcs5pqqxi2l","id":"d91jhcs5pqqxi2l"},"id":"0bbbk63jl6et1sm","previousOperationId":"cmsy4becarzxz0i"}
{"type":"log","timestamp":1764938410296,"level":"debug","message":"Inline data specified.","meta":{"rootId":"d91jhcs5pqqxi2l","id":"d91jhcs5pqqxi2l"},"id":"1iz90jgpuz769ch","previousOperationId":"cmsy4becarzxz0i"}
{"type":"log","timestamp":1764938410302,"level":"debug","message":"Base url not specified, skipping its injection.","meta":{"rootId":"d91jhcs5pqqxi2l","id":"d91jhcs5pqqxi2l"},"id":"yupaofiimzp18mz","previousOperationId":"cmsy4becarzxz0i"}
{"type":"operationStart","subtype":"engine","name":"handlebars","timestamp":1764938410303,"id":"1ban7t7ias6sm8f","previousEventId":"14pcq23mqmcsp0v","operationId":"d5f0q6giff1wyba","previousOperationId":"cmsy4becarzxz0i"}
{"type":"log","timestamp":1764938410303,"level":"debug","message":"Rendering engine handlebars","meta":{"rootId":"d91jhcs5pqqxi2l","id":"d91jhcs5pqqxi2l"},"id":"uik50tw2w5rsh0o","previousOperationId":"d5f0q6giff1wyba"}
{"type":"operationEnd","operationId":"d5f0q6giff1wyba","timestamp":1764938410312,"id":"6houvlnmacqua23","previousEventId":"1ban7t7ias6sm8f","previousOperationId":"d5f0q6giff1wyba"}
{"type":"operationStart","subtype":"recipe","name":"pptx","timestamp":1764938410312,"id":"5wie5uat8t48l4u","previousEventId":"6houvlnmacqua23","operationId":"6spseyivt9jjy31","previousOperationId":"d5f0q6giff1wyba"}
{"type":"log","timestamp":1764938410312,"level":"debug","message":"Executing recipe pptx","meta":{"rootId":"d91jhcs5pqqxi2l","id":"d91jhcs5pqqxi2l"},"id":"je5ynchnk4lx5du","previousOperationId":"6spseyivt9jjy31"}
{"type":"log","timestamp":1764938410312,"level":"info","message":"pptx generation is starting","meta":{"rootId":"d91jhcs5pqqxi2l","id":"d91jhcs5pqqxi2l"},"id":"czzbbbg3msmothy","previousOperationId":"6spseyivt9jjy31"}
{"type":"log","timestamp":1764938410404,"level":"debug","message":"Starting child request to render pptx dynamic parts","meta":{"rootId":"d91jhcs5pqqxi2l","id":"d91jhcs5pqqxi2l"},"id":"erq3lwfst75seg9","previousOperationId":"6spseyivt9jjy31"}
{"type":"operationStart","subtype":"render","name":"anonymous","previousOperationId":"6spseyivt9jjy31","timestamp":1764938410405,"id":"ih1q55hiu6m05ef","previousEventId":"5wie5uat8t48l4u","operationId":"3pw6sh12z6ibhr7"}
{"type":"log","timestamp":1764938410405,"level":"info","message":"Starting rendering (child) request","meta":{"rootId":"d91jhcs5pqqxi2l","id":"3a7lr6fswa75t1i"},"id":"ae3h1h3m6nodp94","previousOperationId":"3pw6sh12z6ibhr7"}
{"type":"log","timestamp":1764938410405,"level":"info","message":"Rendering anonymous template { recipe: html, engine: handlebars }","meta":{"rootId":"d91jhcs5pqqxi2l","id":"3a7lr6fswa75t1i"},"id":"zrqoelskknbvj8k","previousOperationId":"3pw6sh12z6ibhr7"}
{"type":"log","timestamp":1764938410405,"level":"debug","message":"Inline data specified.","meta":{"rootId":"d91jhcs5pqqxi2l","id":"3a7lr6fswa75t1i"},"id":"mwffdwdarutuf8s","previousOperationId":"3pw6sh12z6ibhr7"}
{"type":"log","timestamp":1764938410412,"level":"debug","message":"Base url not specified, skipping its injection.","meta":{"rootId":"d91jhcs5pqqxi2l","id":"3a7lr6fswa75t1i"},"id":"7fi0wuvu6p7x78t","previousOperationId":"3pw6sh12z6ibhr7"}
{"type":"operationStart","subtype":"engine","name":"handlebars","timestamp":1764938410413,"id":"qodmkc33tdo4v2j","previousEventId":"ih1q55hiu6m05ef","operationId":"w6qbbp9n42g7rx5","previousOperationId":"3pw6sh12z6ibhr7"}
{"type":"log","timestamp":1764938410413,"level":"debug","message":"Rendering engine handlebars","meta":{"rootId":"d91jhcs5pqqxi2l","id":"3a7lr6fswa75t1i"},"id":"tmacfjrcc4dfeaf","previousOperationId":"w6qbbp9n42g7rx5"}
{"type":"operationEnd","operationId":"w6qbbp9n42g7rx5","timestamp":1764938410436,"id":"uk6kjgj2p58i4g3","previousEventId":"qodmkc33tdo4v2j","previousOperationId":"w6qbbp9n42g7rx5"}
{"type":"operationStart","subtype":"recipe","name":"html","timestamp":1764938410437,"id":"59lgeyx21tq7tza","previousEventId":"uk6kjgj2p58i4g3","operationId":"wm8xcuuwn3zs2vy","previousOperationId":"w6qbbp9n42g7rx5"}
{"type":"log","timestamp":1764938410437,"level":"debug","message":"Executing recipe html","meta":{"rootId":"d91jhcs5pqqxi2l","id":"3a7lr6fswa75t1i"},"id":"6h9mnko9tjsun1a","previousOperationId":"wm8xcuuwn3zs2vy"}
{"type":"operationEnd","operationId":"wm8xcuuwn3zs2vy","timestamp":1764938410437,"id":"k9om9udgmr1r9a3","previousEventId":"59lgeyx21tq7tza","previousOperationId":"wm8xcuuwn3zs2vy"}
{"type":"log","timestamp":1764938410437,"level":"debug","message":"Skipping storing report.","meta":{"rootId":"d91jhcs5pqqxi2l","id":"3a7lr6fswa75t1i"},"id":"hcvsn7xxkyn5o7d","previousOperationId":"wm8xcuuwn3zs2vy"}
{"type":"log","timestamp":1764938410437,"level":"info","message":"Rendering (child) request finished in 159 ms","meta":{"rootId":"d91jhcs5pqqxi2l","id":"3a7lr6fswa75t1i"},"id":"89j03qug7ytcvwx","previousOperationId":"wm8xcuuwn3zs2vy"}
{"type":"operationEnd","subtype":"render","operationId":"3pw6sh12z6ibhr7","timestamp":1764938410437,"id":"qdfs8q55h8zie06","previousEventId":"k9om9udgmr1r9a3","previousOperationId":"wm8xcuuwn3zs2vy"}
{"type":"log","timestamp":1764938410506,"level":"debug","message":"pptx successfully zipped","meta":{"rootId":"d91jhcs5pqqxi2l","id":"d91jhcs5pqqxi2l"},"id":"21pri5tru6xnhuv","previousOperationId":"6spseyivt9jjy31"}
{"type":"log","timestamp":1764938410506,"level":"info","message":"pptx generation was finished","meta":{"rootId":"d91jhcs5pqqxi2l","id":"d91jhcs5pqqxi2l"},"id":"6xqi9c5lec5hkpa","previousOperationId":"6spseyivt9jjy31"}
{"type":"operationEnd","operationId":"6spseyivt9jjy31","timestamp":1764938410510,"id":"jekw5y8osg9plg9","previousEventId":"5wie5uat8t48l4u","previousOperationId":"6spseyivt9jjy31"}
{"type":"log","timestamp":1764938410510,"level":"debug","message":"Skipping storing report.","meta":{"rootId":"d91jhcs5pqqxi2l","id":"d91jhcs5pqqxi2l"},"id":"4ize4ey49jl1bwn","previousOperationId":"6spseyivt9jjy31"}
{"type":"log","timestamp":1764938410510,"level":"info","message":"Rendering request 11 finished in 232 ms","meta":{"rootId":"d91jhcs5pqqxi2l","id":"d91jhcs5pqqxi2l"},"id":"rqz6kd8qdmrytiq","previousOperationId":"6spseyivt9jjy31"}
{"type":"operationEnd","subtype":"render","operationId":"cmsy4becarzxz0i","timestamp":1764938410510,"id":"9xxw05o4rmnfwws","previousEventId":"jekw5y8osg9plg9","previousOperationId":"6spseyivt9jjy31"}
{"type":"operationEnd","doDiffs":false,"previousEventId":"kodz1vgzr7dcgri","previousOperationId":"6vyy1yo6r4q03wm","operationId":"6vyy1yo6r4q03wm","timestamp":1764938410514,"id":"py3x0sp5301soqb"}
