{"type":"operationStart","subtype":"profile","data":{"_id":"uzqRS8crSufriPVB","timestamp":"2025-12-06T11:40:00.193Z","state":"running","mode":"standard","creationDate":"2025-12-06T11:40:00.195Z","modificationDate":"2025-12-06T11:40:00.195Z","shortid":"cLcfODC","$entitySet":"profiles","timeout":60000},"doDiffs":false,"timestamp":1765021200194,"id":"1jh4pw5qo4v4erj","previousOperationId":null,"operationId":"xbkbuo6t5btbssl"}
{"type":"log","level":"info","message":"Render request 3 queued for execution and waiting for available worker","previousOperationId":"xbkbuo6t5btbssl","timestamp":1765021200194,"id":"rrf1wg3mtrctvp6"}
{"type":"operationStart","subtype":"render","name":"anonymous","previousOperationId":"xbkbuo6t5btbssl","timestamp":1765021200203,"id":"cs8vm3197pnzt9e","previousEventId":"1jh4pw5qo4v4erj","operationId":"dnorxbgdtu35aho"}
{"type":"log","timestamp":1765021200203,"level":"info","message":"Starting rendering request 3","meta":{"rootId":"d98z37724oeuu2f","id":"d98z37724oeuu2f"},"id":"vqql93l5h7ovon5","previousOperationId":"dnorxbgdtu35aho"}
{"type":"log","timestamp":1765021200203,"level":"info","message":"Rendering anonymous template { recipe: pptx, engine: handlebars }","meta":{"rootId":"d98z37724oeuu2f","id":"d98z37724oeuu2f"},"id":"lebtail7yzh1h94","previousOperationId":"dnorxbgdtu35aho"}
{"type":"log","timestamp":1765021200203,"level":"debug","message":"Inline data specified.","meta":{"rootId":"d98z37724oeuu2f","id":"d98z37724oeuu2f"},"id":"74qugesytqvfv3r","previousOperationId":"dnorxbgdtu35aho"}
{"type":"log","timestamp":1765021200204,"level":"debug","message":"Base url not specified, skipping its injection.","meta":{"rootId":"d98z37724oeuu2f","id":"d98z37724oeuu2f"},"id":"t4qxa005plfcbf7","previousOperationId":"dnorxbgdtu35aho"}
{"type":"operationStart","subtype":"engine","name":"handlebars","timestamp":1765021200205,"id":"djp5zt4jzgdhmct","previousEventId":"cs8vm3197pnzt9e","operationId":"kql5kirmaw18my5","previousOperationId":"dnorxbgdtu35aho"}
{"type":"log","timestamp":1765021200205,"level":"debug","message":"Rendering engine handlebars","meta":{"rootId":"d98z37724oeuu2f","id":"d98z37724oeuu2f"},"id":"c64oyihrv2rvby4","previousOperationId":"kql5kirmaw18my5"}
{"type":"operationEnd","operationId":"kql5kirmaw18my5","timestamp":1765021200219,"id":"gyo5g48vvmz43c1","previousEventId":"djp5zt4jzgdhmct","previousOperationId":"kql5kirmaw18my5"}
{"type":"operationStart","subtype":"recipe","name":"pptx","timestamp":1765021200220,"id":"laieeovw6iqgmrn","previousEventId":"gyo5g48vvmz43c1","operationId":"f38vqdc3iz9cgtt","previousOperationId":"kql5kirmaw18my5"}
{"type":"log","timestamp":1765021200220,"level":"debug","message":"Executing recipe pptx","meta":{"rootId":"d98z37724oeuu2f","id":"d98z37724oeuu2f"},"id":"yvwkmig64t13zi4","previousOperationId":"f38vqdc3iz9cgtt"}
{"type":"log","timestamp":1765021200220,"level":"info","message":"pptx generation is starting","meta":{"rootId":"d98z37724oeuu2f","id":"d98z37724oeuu2f"},"id":"5q6v4rqs6neqvec","previousOperationId":"f38vqdc3iz9cgtt"}
{"type":"log","timestamp":1765021200338,"level":"debug","message":"Starting child request to render pptx dynamic parts","meta":{"rootId":"d98z37724oeuu2f","id":"d98z37724oeuu2f"},"id":"kqnepcgp7r90za8","previousOperationId":"f38vqdc3iz9cgtt"}
{"type":"operationStart","subtype":"render","name":"anonymous","previousOperationId":"f38vqdc3iz9cgtt","timestamp":1765021200338,"id":"qjx9iu4stfkjvod","previousEventId":"laieeovw6iqgmrn","operationId":"fwsun71570kqee4"}
{"type":"log","timestamp":1765021200338,"level":"info","message":"Starting rendering (child) request","meta":{"rootId":"d98z37724oeuu2f","id":"837ilv4gs68nnh9"},"id":"gdk6mk83j6knz6o","previousOperationId":"fwsun71570kqee4"}
{"type":"log","timestamp":1765021200338,"level":"info","message":"Rendering anonymous template { recipe: html, engine: handlebars }","meta":{"rootId":"d98z37724oeuu2f","id":"837ilv4gs68nnh9"},"id":"398fpl5bbycos6k","previousOperationId":"fwsun71570kqee4"}
{"type":"log","timestamp":1765021200338,"level":"debug","message":"Inline data specified.","meta":{"rootId":"d98z37724oeuu2f","id":"837ilv4gs68nnh9"},"id":"0vpmnbjh83ojj28","previousOperationId":"fwsun71570kqee4"}
{"type":"log","timestamp":1765021200344,"level":"debug","message":"Base url not specified, skipping its injection.","meta":{"rootId":"d98z37724oeuu2f","id":"837ilv4gs68nnh9"},"id":"a8x3n3drii9fu47","previousOperationId":"fwsun71570kqee4"}
{"type":"operationStart","subtype":"engine","name":"handlebars","timestamp":1765021200344,"id":"yagltrnioiyjudc","previousEventId":"qjx9iu4stfkjvod","operationId":"f8hv66u2mxz9ulx","previousOperationId":"fwsun71570kqee4"}
{"type":"log","timestamp":1765021200344,"level":"debug","message":"Rendering engine handlebars","meta":{"rootId":"d98z37724oeuu2f","id":"837ilv4gs68nnh9"},"id":"y8jv4ruwpvpkcl3","previousOperationId":"f8hv66u2mxz9ulx"}
{"type":"operationEnd","operationId":"f8hv66u2mxz9ulx","timestamp":1765021200359,"id":"tj5zkd6qxuva600","previousEventId":"yagltrnioiyjudc","previousOperationId":"f8hv66u2mxz9ulx"}
{"type":"operationStart","subtype":"recipe","name":"html","timestamp":1765021200362,"id":"ul32uengqhysm17","previousEventId":"tj5zkd6qxuva600","operationId":"4hir9nu2jtdejkd","previousOperationId":"f8hv66u2mxz9ulx"}
{"type":"log","timestamp":1765021200362,"level":"debug","message":"Executing recipe html","meta":{"rootId":"d98z37724oeuu2f","id":"837ilv4gs68nnh9"},"id":"10wwdr9ibyhsql0","previousOperationId":"4hir9nu2jtdejkd"}
{"type":"operationEnd","operationId":"4hir9nu2jtdejkd","timestamp":1765021200362,"id":"e2ynrjksg4vg77h","previousEventId":"ul32uengqhysm17","previousOperationId":"4hir9nu2jtdejkd"}
{"type":"log","timestamp":1765021200362,"level":"debug","message":"Skipping storing report.","meta":{"rootId":"d98z37724oeuu2f","id":"837ilv4gs68nnh9"},"id":"jnjqsnqrvp0rol8","previousOperationId":"4hir9nu2jtdejkd"}
{"type":"log","timestamp":1765021200362,"level":"info","message":"Rendering (child) request finished in 170 ms","meta":{"rootId":"d98z37724oeuu2f","id":"837ilv4gs68nnh9"},"id":"m4kc0l4ns1xd916","previousOperationId":"4hir9nu2jtdejkd"}
{"type":"operationEnd","subtype":"render","operationId":"fwsun71570kqee4","timestamp":1765021200362,"id":"9ah6m16fznziucm","previousEventId":"e2ynrjksg4vg77h","previousOperationId":"4hir9nu2jtdejkd"}
{"type":"log","timestamp":1765021201225,"level":"debug","message":"pptx successfully zipped","meta":{"rootId":"d98z37724oeuu2f","id":"d98z37724oeuu2f"},"id":"cit7ip7wdoag4l4","previousOperationId":"f38vqdc3iz9cgtt"}
{"type":"log","timestamp":1765021201225,"level":"info","message":"pptx generation was finished","meta":{"rootId":"d98z37724oeuu2f","id":"d98z37724oeuu2f"},"id":"keo272w8kjmpab9","previousOperationId":"f38vqdc3iz9cgtt"}
{"type":"operationEnd","operationId":"f38vqdc3iz9cgtt","timestamp":1765021201230,"id":"vmcpxu0kdyx9gsk","previousEventId":"laieeovw6iqgmrn","previousOperationId":"f38vqdc3iz9cgtt"}
{"type":"log","timestamp":1765021201230,"level":"debug","message":"Skipping storing report.","meta":{"rootId":"d98z37724oeuu2f","id":"d98z37724oeuu2f"},"id":"vt0td7yjd3rgo7j","previousOperationId":"f38vqdc3iz9cgtt"}
{"type":"log","timestamp":1765021201230,"level":"info","message":"Rendering request 3 finished in 1038 ms","meta":{"rootId":"d98z37724oeuu2f","id":"d98z37724oeuu2f"},"id":"08n00wd86e20q33","previousOperationId":"f38vqdc3iz9cgtt"}
{"type":"operationEnd","subtype":"render","operationId":"dnorxbgdtu35aho","timestamp":1765021201230,"id":"o0vj17ehzoridss","previousEventId":"vmcpxu0kdyx9gsk","previousOperationId":"f38vqdc3iz9cgtt"}
{"type":"operationEnd","doDiffs":false,"previousEventId":"1jh4pw5qo4v4erj","previousOperationId":"xbkbuo6t5btbssl","operationId":"xbkbuo6t5btbssl","timestamp":1765021201234,"id":"gnaxgow6f8f6kan"}
