{"type":"operationStart","subtype":"profile","data":{"_id":"XjI7t8Dm4vVfP11t","timestamp":"2025-12-07T14:45:22.551Z","state":"running","mode":"standard","creationDate":"2025-12-07T14:45:22.556Z","modificationDate":"2025-12-07T14:45:22.556Z","shortid":"YC5-9vC","$entitySet":"profiles","timeout":60000},"doDiffs":false,"timestamp":1765118722554,"id":"dzeh91yb767cxiy","previousOperationId":null,"operationId":"01teid8a4b2ht8v"}
{"type":"log","level":"info","message":"Render request 3 queued for execution and waiting for available worker","previousOperationId":"01teid8a4b2ht8v","timestamp":1765118722554,"id":"iyfngobc8vxapuy"}
{"type":"operationStart","subtype":"render","name":"anonymous","previousOperationId":"01teid8a4b2ht8v","timestamp":1765118722617,"id":"p6zxnmbqd224qme","previousEventId":"dzeh91yb767cxiy","operationId":"lhs3o8untgcasqr"}
{"type":"log","timestamp":1765118722618,"level":"info","message":"Starting rendering request 3","meta":{"rootId":"dato2mud36prrwh","id":"dato2mud36prrwh"},"id":"147rg0cd094u7hb","previousOperationId":"lhs3o8untgcasqr"}
{"type":"log","timestamp":1765118722618,"level":"info","message":"Rendering anonymous template { recipe: pptx, engine: handlebars }","meta":{"rootId":"dato2mud36prrwh","id":"dato2mud36prrwh"},"id":"2kdn0tvqe77jv34","previousOperationId":"lhs3o8untgcasqr"}
{"type":"log","timestamp":1765118722619,"level":"debug","message":"Inline data specified.","meta":{"rootId":"dato2mud36prrwh","id":"dato2mud36prrwh"},"id":"y5fcgvmssde2mev","previousOperationId":"lhs3o8untgcasqr"}
{"type":"log","timestamp":1765118722623,"level":"debug","message":"Base url not specified, skipping its injection.","meta":{"rootId":"dato2mud36prrwh","id":"dato2mud36prrwh"},"id":"1nl3rc4aifc6th6","previousOperationId":"lhs3o8untgcasqr"}
{"type":"operationStart","subtype":"engine","name":"handlebars","timestamp":1765118722624,"id":"b10fesbte977ecy","previousEventId":"p6zxnmbqd224qme","operationId":"sr6evke90p6tj2h","previousOperationId":"lhs3o8untgcasqr"}
{"type":"log","timestamp":1765118722625,"level":"debug","message":"Rendering engine handlebars","meta":{"rootId":"dato2mud36prrwh","id":"dato2mud36prrwh"},"id":"4bmsrg342pt059l","previousOperationId":"sr6evke90p6tj2h"}
{"type":"operationEnd","operationId":"sr6evke90p6tj2h","timestamp":1765118722722,"id":"ssllhcz84kcdkjy","previousEventId":"b10fesbte977ecy","previousOperationId":"sr6evke90p6tj2h"}
{"type":"operationStart","subtype":"recipe","name":"pptx","timestamp":1765118722723,"id":"kv3jqaqpb514gsh","previousEventId":"ssllhcz84kcdkjy","operationId":"g2sq9desysqxcwv","previousOperationId":"sr6evke90p6tj2h"}
{"type":"log","timestamp":1765118722723,"level":"debug","message":"Executing recipe pptx","meta":{"rootId":"dato2mud36prrwh","id":"dato2mud36prrwh"},"id":"7zb0geai137hofs","previousOperationId":"g2sq9desysqxcwv"}
{"type":"log","timestamp":1765118722746,"level":"info","message":"pptx generation is starting","meta":{"rootId":"dato2mud36prrwh","id":"dato2mud36prrwh"},"id":"qla5ajn1njxz1mi","previousOperationId":"g2sq9desysqxcwv"}
{"type":"log","timestamp":1765118724335,"level":"debug","message":"Starting child request to render pptx dynamic parts","meta":{"rootId":"dato2mud36prrwh","id":"dato2mud36prrwh"},"id":"agkpjgywjkwk1dh","previousOperationId":"g2sq9desysqxcwv"}
{"type":"operationStart","subtype":"render","name":"anonymous","previousOperationId":"g2sq9desysqxcwv","timestamp":1765118724336,"id":"4ayuh2wsu4m0vez","previousEventId":"kv3jqaqpb514gsh","operationId":"u3ah7wq3gjce9jg"}
{"type":"log","timestamp":1765118724336,"level":"info","message":"Starting rendering (child) request","meta":{"rootId":"dato2mud36prrwh","id":"f0d4yp5z0js1314"},"id":"ua7mvwle8fnjet8","previousOperationId":"u3ah7wq3gjce9jg"}
{"type":"log","timestamp":1765118724336,"level":"info","message":"Rendering anonymous template { recipe: html, engine: handlebars }","meta":{"rootId":"dato2mud36prrwh","id":"f0d4yp5z0js1314"},"id":"ft698zk7wu2e3x1","previousOperationId":"u3ah7wq3gjce9jg"}
{"type":"log","timestamp":1765118724336,"level":"debug","message":"Inline data specified.","meta":{"rootId":"dato2mud36prrwh","id":"f0d4yp5z0js1314"},"id":"1uwsofw6ddyo819","previousOperationId":"u3ah7wq3gjce9jg"}
{"type":"log","timestamp":1765118724345,"level":"debug","message":"Base url not specified, skipping its injection.","meta":{"rootId":"dato2mud36prrwh","id":"f0d4yp5z0js1314"},"id":"liyhal6sl0mwep8","previousOperationId":"u3ah7wq3gjce9jg"}
{"type":"operationStart","subtype":"engine","name":"handlebars","timestamp":1765118724348,"id":"zh0v2z4x0y5hvn5","previousEventId":"4ayuh2wsu4m0vez","operationId":"5yt59jas95u5g74","previousOperationId":"u3ah7wq3gjce9jg"}
{"type":"log","timestamp":1765118724348,"level":"debug","message":"Rendering engine handlebars","meta":{"rootId":"dato2mud36prrwh","id":"f0d4yp5z0js1314"},"id":"ip9xtsqow7zzqm2","previousOperationId":"5yt59jas95u5g74"}
{"type":"operationEnd","operationId":"5yt59jas95u5g74","timestamp":1765118724376,"id":"021w6fx3n878lj8","previousEventId":"zh0v2z4x0y5hvn5","previousOperationId":"5yt59jas95u5g74"}
{"type":"operationStart","subtype":"recipe","name":"html","timestamp":1765118724390,"id":"sk5a3mrrpywr9kd","previousEventId":"021w6fx3n878lj8","operationId":"3d4f88mdjmuljnx","previousOperationId":"5yt59jas95u5g74"}
{"type":"log","timestamp":1765118724390,"level":"debug","message":"Executing recipe html","meta":{"rootId":"dato2mud36prrwh","id":"f0d4yp5z0js1314"},"id":"tugw9jsxuzb2dee","previousOperationId":"3d4f88mdjmuljnx"}
{"type":"operationEnd","operationId":"3d4f88mdjmuljnx","timestamp":1765118724390,"id":"74b14hi31ls8cn7","previousEventId":"sk5a3mrrpywr9kd","previousOperationId":"3d4f88mdjmuljnx"}
{"type":"log","timestamp":1765118724390,"level":"debug","message":"Skipping storing report.","meta":{"rootId":"dato2mud36prrwh","id":"f0d4yp5z0js1314"},"id":"ixyib6ix2xtaumm","previousOperationId":"3d4f88mdjmuljnx"}
{"type":"log","timestamp":1765118724390,"level":"info","message":"Rendering (child) request finished in 1839 ms","meta":{"rootId":"dato2mud36prrwh","id":"f0d4yp5z0js1314"},"id":"u5yuepli8b6mkvy","previousOperationId":"3d4f88mdjmuljnx"}
{"type":"operationEnd","subtype":"render","operationId":"u3ah7wq3gjce9jg","timestamp":1765118724390,"id":"smfsmgg90jm8wmu","previousEventId":"74b14hi31ls8cn7","previousOperationId":"3d4f88mdjmuljnx"}
{"type":"log","timestamp":1765118734009,"level":"debug","message":"pptx successfully zipped","meta":{"rootId":"dato2mud36prrwh","id":"dato2mud36prrwh"},"id":"51asjju7oeux0z3","previousOperationId":"g2sq9desysqxcwv"}
{"type":"log","timestamp":1765118734009,"level":"info","message":"pptx generation was finished","meta":{"rootId":"dato2mud36prrwh","id":"dato2mud36prrwh"},"id":"zbsavgz25e2jlpk","previousOperationId":"g2sq9desysqxcwv"}
{"type":"operationEnd","operationId":"g2sq9desysqxcwv","timestamp":1765118734019,"id":"ysfm2v7uon47rlu","previousEventId":"kv3jqaqpb514gsh","previousOperationId":"g2sq9desysqxcwv"}
{"type":"log","timestamp":1765118734019,"level":"debug","message":"Skipping storing report.","meta":{"rootId":"dato2mud36prrwh","id":"dato2mud36prrwh"},"id":"kar2fmf93welo3k","previousOperationId":"g2sq9desysqxcwv"}
{"type":"log","timestamp":1765118734019,"level":"info","message":"Rendering request 3 finished in 11468 ms","meta":{"rootId":"dato2mud36prrwh","id":"dato2mud36prrwh"},"id":"0wrsdgo3tbemfl9","previousOperationId":"g2sq9desysqxcwv"}
{"type":"operationEnd","subtype":"render","operationId":"lhs3o8untgcasqr","timestamp":1765118734019,"id":"1uusbv1sisp9bfg","previousEventId":"ysfm2v7uon47rlu","previousOperationId":"g2sq9desysqxcwv"}
{"type":"operationEnd","doDiffs":false,"previousEventId":"dzeh91yb767cxiy","previousOperationId":"01teid8a4b2ht8v","operationId":"01teid8a4b2ht8v","timestamp":1765118734027,"id":"551zugmve6ehrre"}
