{"type":"operationStart","subtype":"profile","data":{"_id":"qDcZJwFiDKwNOzXd","timestamp":"2025-12-07T11:55:02.670Z","state":"running","mode":"standard","creationDate":"2025-12-07T11:55:02.676Z","modificationDate":"2025-12-07T11:55:02.676Z","shortid":"6TnR3uc","$entitySet":"profiles","timeout":60000},"doDiffs":false,"timestamp":1765108502674,"id":"68i8w3u59pmabst","previousOperationId":null,"operationId":"09gnvbl5eqcgl97"}
{"type":"log","level":"info","message":"Render request 19 queued for execution and waiting for available worker","previousOperationId":"09gnvbl5eqcgl97","timestamp":1765108502674,"id":"7vw1o0fvklxc005"}
{"type":"operationStart","subtype":"render","name":"anonymous","previousOperationId":"09gnvbl5eqcgl97","timestamp":1765108502757,"id":"zsolmx13f1w51c6","previousEventId":"68i8w3u59pmabst","operationId":"xlj5r8587tgtu2x"}
{"type":"log","timestamp":1765108502757,"level":"info","message":"Starting rendering request 19","meta":{"rootId":"ddqxdys0rn0arr0","id":"ddqxdys0rn0arr0"},"id":"0es4xf0ugjbm5qm","previousOperationId":"xlj5r8587tgtu2x"}
{"type":"log","timestamp":1765108502757,"level":"info","message":"Rendering anonymous template { recipe: pptx, engine: handlebars }","meta":{"rootId":"ddqxdys0rn0arr0","id":"ddqxdys0rn0arr0"},"id":"833r21niakrxb1t","previousOperationId":"xlj5r8587tgtu2x"}
{"type":"log","timestamp":1765108502758,"level":"debug","message":"Inline data specified.","meta":{"rootId":"ddqxdys0rn0arr0","id":"ddqxdys0rn0arr0"},"id":"xn0t04fdimqdxp1","previousOperationId":"xlj5r8587tgtu2x"}
{"type":"log","timestamp":1765108502760,"level":"debug","message":"Base url not specified, skipping its injection.","meta":{"rootId":"ddqxdys0rn0arr0","id":"ddqxdys0rn0arr0"},"id":"xe7golftf534fk9","previousOperationId":"xlj5r8587tgtu2x"}
{"type":"operationStart","subtype":"engine","name":"handlebars","timestamp":1765108502761,"id":"hwk66qof1tg8bsg","previousEventId":"zsolmx13f1w51c6","operationId":"k9dvg7l4hqv9g97","previousOperationId":"xlj5r8587tgtu2x"}
{"type":"log","timestamp":1765108502761,"level":"debug","message":"Rendering engine handlebars","meta":{"rootId":"ddqxdys0rn0arr0","id":"ddqxdys0rn0arr0"},"id":"2ksqd9e43il5idu","previousOperationId":"k9dvg7l4hqv9g97"}
{"type":"operationEnd","operationId":"k9dvg7l4hqv9g97","timestamp":1765108502776,"id":"if7f1eqwjpx171l","previousEventId":"hwk66qof1tg8bsg","previousOperationId":"k9dvg7l4hqv9g97"}
{"type":"operationStart","subtype":"recipe","name":"pptx","timestamp":1765108502777,"id":"j2fw1smsn9h7dal","previousEventId":"if7f1eqwjpx171l","operationId":"fl8irc1rh7y6fri","previousOperationId":"k9dvg7l4hqv9g97"}
{"type":"log","timestamp":1765108502777,"level":"debug","message":"Executing recipe pptx","meta":{"rootId":"ddqxdys0rn0arr0","id":"ddqxdys0rn0arr0"},"id":"ld7hdsafr2ddn0f","previousOperationId":"fl8irc1rh7y6fri"}
{"type":"log","timestamp":1765108502809,"level":"info","message":"pptx generation is starting","meta":{"rootId":"ddqxdys0rn0arr0","id":"ddqxdys0rn0arr0"},"id":"y8ukkkzqp6i62oo","previousOperationId":"fl8irc1rh7y6fri"}
{"type":"log","timestamp":1765108504508,"level":"debug","message":"Starting child request to render pptx dynamic parts","meta":{"rootId":"ddqxdys0rn0arr0","id":"ddqxdys0rn0arr0"},"id":"jn0jdahhdbwh0q2","previousOperationId":"fl8irc1rh7y6fri"}
{"type":"operationStart","subtype":"render","name":"anonymous","previousOperationId":"fl8irc1rh7y6fri","timestamp":1765108504509,"id":"kenatoape54lw8d","previousEventId":"j2fw1smsn9h7dal","operationId":"x1066js3wpbcnbz"}
{"type":"log","timestamp":1765108504509,"level":"info","message":"Starting rendering (child) request","meta":{"rootId":"ddqxdys0rn0arr0","id":"vvrj96opqlkwnk0"},"id":"e1d48unttensbqu","previousOperationId":"x1066js3wpbcnbz"}
{"type":"log","timestamp":1765108504509,"level":"info","message":"Rendering anonymous template { recipe: html, engine: handlebars }","meta":{"rootId":"ddqxdys0rn0arr0","id":"vvrj96opqlkwnk0"},"id":"n61g2hs1x4x79ek","previousOperationId":"x1066js3wpbcnbz"}
{"type":"log","timestamp":1765108504509,"level":"debug","message":"Inline data specified.","meta":{"rootId":"ddqxdys0rn0arr0","id":"vvrj96opqlkwnk0"},"id":"040a8c7r38mkpco","previousOperationId":"x1066js3wpbcnbz"}
{"type":"log","timestamp":1765108504515,"level":"debug","message":"Base url not specified, skipping its injection.","meta":{"rootId":"ddqxdys0rn0arr0","id":"vvrj96opqlkwnk0"},"id":"qpmq25p3ko2g9vx","previousOperationId":"x1066js3wpbcnbz"}
{"type":"operationStart","subtype":"engine","name":"handlebars","timestamp":1765108504517,"id":"bxs3utywbj5ynm1","previousEventId":"kenatoape54lw8d","operationId":"lu8fjyn69l7wedw","previousOperationId":"x1066js3wpbcnbz"}
{"type":"log","timestamp":1765108504517,"level":"debug","message":"Rendering engine handlebars","meta":{"rootId":"ddqxdys0rn0arr0","id":"vvrj96opqlkwnk0"},"id":"14l5xi36s9law6m","previousOperationId":"lu8fjyn69l7wedw"}
{"type":"operationEnd","operationId":"lu8fjyn69l7wedw","timestamp":1765108504628,"id":"3dt8m3fdhdzicon","previousEventId":"bxs3utywbj5ynm1","previousOperationId":"lu8fjyn69l7wedw"}
{"type":"operationStart","subtype":"recipe","name":"html","timestamp":1765108504644,"id":"b20e4rji3dtnqah","previousEventId":"3dt8m3fdhdzicon","operationId":"xkhzxjriav1qsiy","previousOperationId":"lu8fjyn69l7wedw"}
{"type":"log","timestamp":1765108504644,"level":"debug","message":"Executing recipe html","meta":{"rootId":"ddqxdys0rn0arr0","id":"vvrj96opqlkwnk0"},"id":"kwuypfrnpjvccxl","previousOperationId":"xkhzxjriav1qsiy"}
{"type":"operationEnd","operationId":"xkhzxjriav1qsiy","timestamp":1765108504644,"id":"61xh43gvnyd8s14","previousEventId":"b20e4rji3dtnqah","previousOperationId":"xkhzxjriav1qsiy"}
{"type":"log","timestamp":1765108504644,"level":"debug","message":"Skipping storing report.","meta":{"rootId":"ddqxdys0rn0arr0","id":"vvrj96opqlkwnk0"},"id":"y55w0nfb1v2fkwx","previousOperationId":"xkhzxjriav1qsiy"}
{"type":"log","timestamp":1765108504644,"level":"info","message":"Rendering (child) request finished in 1975 ms","meta":{"rootId":"ddqxdys0rn0arr0","id":"vvrj96opqlkwnk0"},"id":"pjbxqqzqeq0sria","previousOperationId":"xkhzxjriav1qsiy"}
{"type":"operationEnd","subtype":"render","operationId":"x1066js3wpbcnbz","timestamp":1765108504644,"id":"2scmsdm955ui32c","previousEventId":"61xh43gvnyd8s14","previousOperationId":"xkhzxjriav1qsiy"}
{"type":"log","timestamp":1765108509134,"level":"debug","message":"pptx successfully zipped","meta":{"rootId":"ddqxdys0rn0arr0","id":"ddqxdys0rn0arr0"},"id":"24evr98lez14wbc","previousOperationId":"fl8irc1rh7y6fri"}
{"type":"log","timestamp":1765108509135,"level":"info","message":"pptx generation was finished","meta":{"rootId":"ddqxdys0rn0arr0","id":"ddqxdys0rn0arr0"},"id":"2qt4g8cxskz4ywt","previousOperationId":"fl8irc1rh7y6fri"}
{"type":"operationEnd","operationId":"fl8irc1rh7y6fri","timestamp":1765108509145,"id":"tcajto1hpluxg8b","previousEventId":"j2fw1smsn9h7dal","previousOperationId":"fl8irc1rh7y6fri"}
{"type":"log","timestamp":1765108509145,"level":"debug","message":"Skipping storing report.","meta":{"rootId":"ddqxdys0rn0arr0","id":"ddqxdys0rn0arr0"},"id":"0lrp9xwj6qp7slt","previousOperationId":"fl8irc1rh7y6fri"}
{"type":"log","timestamp":1765108509145,"level":"info","message":"Rendering request 19 finished in 6476 ms","meta":{"rootId":"ddqxdys0rn0arr0","id":"ddqxdys0rn0arr0"},"id":"ls4idy4tteraesw","previousOperationId":"fl8irc1rh7y6fri"}
{"type":"operationEnd","subtype":"render","operationId":"xlj5r8587tgtu2x","timestamp":1765108509145,"id":"relr45zm6oa3t78","previousEventId":"tcajto1hpluxg8b","previousOperationId":"fl8irc1rh7y6fri"}
{"type":"operationEnd","doDiffs":false,"previousEventId":"68i8w3u59pmabst","previousOperationId":"09gnvbl5eqcgl97","operationId":"09gnvbl5eqcgl97","timestamp":1765108509157,"id":"qcre9nc5yhapu5a"}
