{"type":"operationStart","subtype":"profile","data":{"_id":"KD3R3H093UXtqA1y","timestamp":"2025-12-05T17:11:58.068Z","state":"running","mode":"standard","creationDate":"2025-12-05T17:11:58.074Z","modificationDate":"2025-12-05T17:11:58.074Z","shortid":"joIfQTG","$entitySet":"profiles","timeout":60000},"doDiffs":false,"timestamp":1764954718072,"id":"xhd9p24gh1g4wm8","previousOperationId":null,"operationId":"9uoc1mph589qv4h"}
{"type":"log","level":"info","message":"Render request 9 queued for execution and waiting for available worker","previousOperationId":"9uoc1mph589qv4h","timestamp":1764954718072,"id":"j443n5ji70dsr62"}
{"type":"operationStart","subtype":"render","name":"anonymous","previousOperationId":"9uoc1mph589qv4h","timestamp":1764954718096,"id":"kp0hk06qffbdy4g","previousEventId":"xhd9p24gh1g4wm8","operationId":"fexzjxk7d919j3f"}
{"type":"log","timestamp":1764954718096,"level":"info","message":"Starting rendering request 9","meta":{"rootId":"dk03a894kh55wa8","id":"dk03a894kh55wa8"},"id":"rfwi1wv2ycel2he","previousOperationId":"fexzjxk7d919j3f"}
{"type":"log","timestamp":1764954718096,"level":"info","message":"Rendering anonymous template { recipe: pptx, engine: handlebars }","meta":{"rootId":"dk03a894kh55wa8","id":"dk03a894kh55wa8"},"id":"bsdqd5pd2y7b3r0","previousOperationId":"fexzjxk7d919j3f"}
{"type":"log","timestamp":1764954718096,"level":"debug","message":"Inline data specified.","meta":{"rootId":"dk03a894kh55wa8","id":"dk03a894kh55wa8"},"id":"thrs8mo5n8okudv","previousOperationId":"fexzjxk7d919j3f"}
{"type":"log","timestamp":1764954718099,"level":"debug","message":"Base url not specified, skipping its injection.","meta":{"rootId":"dk03a894kh55wa8","id":"dk03a894kh55wa8"},"id":"74vi9qd6so2q4z5","previousOperationId":"fexzjxk7d919j3f"}
{"type":"operationStart","subtype":"engine","name":"handlebars","timestamp":1764954718100,"id":"urgx0ug2xccf80r","previousEventId":"kp0hk06qffbdy4g","operationId":"9fb8hfntmdihvn2","previousOperationId":"fexzjxk7d919j3f"}
{"type":"log","timestamp":1764954718100,"level":"debug","message":"Rendering engine handlebars","meta":{"rootId":"dk03a894kh55wa8","id":"dk03a894kh55wa8"},"id":"hqr5fgflz3bs7bz","previousOperationId":"9fb8hfntmdihvn2"}
{"type":"operationEnd","operationId":"9fb8hfntmdihvn2","timestamp":1764954718122,"id":"coyb1d8rvheiqhf","previousEventId":"urgx0ug2xccf80r","previousOperationId":"9fb8hfntmdihvn2"}
{"type":"operationStart","subtype":"recipe","name":"pptx","timestamp":1764954718123,"id":"8smk2fd30qroscl","previousEventId":"coyb1d8rvheiqhf","operationId":"xj5mu6ilapnlffz","previousOperationId":"9fb8hfntmdihvn2"}
{"type":"log","timestamp":1764954718123,"level":"debug","message":"Executing recipe pptx","meta":{"rootId":"dk03a894kh55wa8","id":"dk03a894kh55wa8"},"id":"gml0fl0gvzk1ltj","previousOperationId":"xj5mu6ilapnlffz"}
{"type":"log","timestamp":1764954718123,"level":"info","message":"pptx generation is starting","meta":{"rootId":"dk03a894kh55wa8","id":"dk03a894kh55wa8"},"id":"7bllf38decx6dte","previousOperationId":"xj5mu6ilapnlffz"}
{"type":"log","timestamp":1764954718223,"level":"debug","message":"Starting child request to render pptx dynamic parts","meta":{"rootId":"dk03a894kh55wa8","id":"dk03a894kh55wa8"},"id":"xrernnuj577oam8","previousOperationId":"xj5mu6ilapnlffz"}
{"type":"operationStart","subtype":"render","name":"anonymous","previousOperationId":"xj5mu6ilapnlffz","timestamp":1764954718224,"id":"jmfann5afo0ozwu","previousEventId":"8smk2fd30qroscl","operationId":"f32cnavaxrrtzqx"}
{"type":"log","timestamp":1764954718224,"level":"info","message":"Starting rendering (child) request","meta":{"rootId":"dk03a894kh55wa8","id":"xnqigix79rwh4zt"},"id":"fx8nd2p1n6u14ys","previousOperationId":"f32cnavaxrrtzqx"}
{"type":"log","timestamp":1764954718224,"level":"info","message":"Rendering anonymous template { recipe: html, engine: handlebars }","meta":{"rootId":"dk03a894kh55wa8","id":"xnqigix79rwh4zt"},"id":"76p8dxy1ep5lwvz","previousOperationId":"f32cnavaxrrtzqx"}
{"type":"log","timestamp":1764954718224,"level":"debug","message":"Inline data specified.","meta":{"rootId":"dk03a894kh55wa8","id":"xnqigix79rwh4zt"},"id":"qdi4aperg70f7p3","previousOperationId":"f32cnavaxrrtzqx"}
{"type":"log","timestamp":1764954718231,"level":"debug","message":"Base url not specified, skipping its injection.","meta":{"rootId":"dk03a894kh55wa8","id":"xnqigix79rwh4zt"},"id":"0sw3qdf3mwhkoq9","previousOperationId":"f32cnavaxrrtzqx"}
{"type":"operationStart","subtype":"engine","name":"handlebars","timestamp":1764954718232,"id":"slp6dzmy3k097v1","previousEventId":"jmfann5afo0ozwu","operationId":"opwmfp5gjn8u9q4","previousOperationId":"f32cnavaxrrtzqx"}
{"type":"log","timestamp":1764954718232,"level":"debug","message":"Rendering engine handlebars","meta":{"rootId":"dk03a894kh55wa8","id":"xnqigix79rwh4zt"},"id":"3xbbcohax5nb94r","previousOperationId":"opwmfp5gjn8u9q4"}
{"type":"operationEnd","operationId":"opwmfp5gjn8u9q4","timestamp":1764954718259,"id":"6qw6aruandommrm","previousEventId":"slp6dzmy3k097v1","previousOperationId":"opwmfp5gjn8u9q4"}
{"type":"operationStart","subtype":"recipe","name":"html","timestamp":1764954718264,"id":"gjjxcec7g3q2zj8","previousEventId":"6qw6aruandommrm","operationId":"h330la3d0xqvgx9","previousOperationId":"opwmfp5gjn8u9q4"}
{"type":"log","timestamp":1764954718264,"level":"debug","message":"Executing recipe html","meta":{"rootId":"dk03a894kh55wa8","id":"xnqigix79rwh4zt"},"id":"16ua20h2b345us0","previousOperationId":"h330la3d0xqvgx9"}
{"type":"operationEnd","operationId":"h330la3d0xqvgx9","timestamp":1764954718264,"id":"w7fozwqoa82omon","previousEventId":"gjjxcec7g3q2zj8","previousOperationId":"h330la3d0xqvgx9"}
{"type":"log","timestamp":1764954718264,"level":"debug","message":"Skipping storing report.","meta":{"rootId":"dk03a894kh55wa8","id":"xnqigix79rwh4zt"},"id":"wf5l414251c9l7b","previousOperationId":"h330la3d0xqvgx9"}
{"type":"log","timestamp":1764954718264,"level":"info","message":"Rendering (child) request finished in 197 ms","meta":{"rootId":"dk03a894kh55wa8","id":"xnqigix79rwh4zt"},"id":"nqh7wj4ul0q0jjg","previousOperationId":"h330la3d0xqvgx9"}
{"type":"operationEnd","subtype":"render","operationId":"f32cnavaxrrtzqx","timestamp":1764954718265,"id":"m3cf2wxa6ywefha","previousEventId":"w7fozwqoa82omon","previousOperationId":"h330la3d0xqvgx9"}
{"type":"log","timestamp":1764954718397,"level":"debug","message":"pptx successfully zipped","meta":{"rootId":"dk03a894kh55wa8","id":"dk03a894kh55wa8"},"id":"vchrj11jdxpxtxv","previousOperationId":"xj5mu6ilapnlffz"}
{"type":"log","timestamp":1764954718398,"level":"info","message":"pptx generation was finished","meta":{"rootId":"dk03a894kh55wa8","id":"dk03a894kh55wa8"},"id":"jdkc7mrvfg80y14","previousOperationId":"xj5mu6ilapnlffz"}
{"type":"operationEnd","operationId":"xj5mu6ilapnlffz","timestamp":1764954718405,"id":"vialp7bunwfdjas","previousEventId":"8smk2fd30qroscl","previousOperationId":"xj5mu6ilapnlffz"}
{"type":"log","timestamp":1764954718405,"level":"debug","message":"Skipping storing report.","meta":{"rootId":"dk03a894kh55wa8","id":"dk03a894kh55wa8"},"id":"6ql2jqm2p1eq8x5","previousOperationId":"xj5mu6ilapnlffz"}
{"type":"log","timestamp":1764954718405,"level":"info","message":"Rendering request 9 finished in 338 ms","meta":{"rootId":"dk03a894kh55wa8","id":"dk03a894kh55wa8"},"id":"njg8zi2kfrncr8b","previousOperationId":"xj5mu6ilapnlffz"}
{"type":"operationEnd","subtype":"render","operationId":"fexzjxk7d919j3f","timestamp":1764954718405,"id":"hj98uvybsbm48do","previousEventId":"vialp7bunwfdjas","previousOperationId":"xj5mu6ilapnlffz"}
{"type":"operationEnd","doDiffs":false,"previousEventId":"xhd9p24gh1g4wm8","previousOperationId":"9uoc1mph589qv4h","operationId":"9uoc1mph589qv4h","timestamp":1764954718412,"id":"l9sy0ih9kf8ckiq"}
