{"type":"operationStart","subtype":"profile","data":{"_id":"sGKhJ1WsTnzXYRt6","timestamp":"2025-12-05T17:16:50.233Z","state":"running","mode":"standard","creationDate":"2025-12-05T17:16:50.244Z","modificationDate":"2025-12-05T17:16:50.244Z","shortid":"Wcao5Po","$entitySet":"profiles","timeout":60000},"doDiffs":false,"timestamp":1764955010242,"id":"6spymubokvy8c8u","previousOperationId":null,"operationId":"8v9csx4anopnimb"}
{"type":"log","level":"info","message":"Render request 10 queued for execution and waiting for available worker","previousOperationId":"8v9csx4anopnimb","timestamp":1764955010243,"id":"zkh49st3tzyk7dd"}
{"type":"operationStart","subtype":"render","name":"anonymous","previousOperationId":"8v9csx4anopnimb","timestamp":1764955010259,"id":"fz8za6y3pdzdkic","previousEventId":"6spymubokvy8c8u","operationId":"n1wrebywio3v7x9"}
{"type":"log","timestamp":1764955010259,"level":"info","message":"Starting rendering request 10","meta":{"rootId":"dm1x2dd77phx4l0","id":"dm1x2dd77phx4l0"},"id":"l9kmj6k8plbkzma","previousOperationId":"n1wrebywio3v7x9"}
{"type":"log","timestamp":1764955010259,"level":"info","message":"Rendering anonymous template { recipe: pptx, engine: handlebars }","meta":{"rootId":"dm1x2dd77phx4l0","id":"dm1x2dd77phx4l0"},"id":"0rxceycbynr1oiv","previousOperationId":"n1wrebywio3v7x9"}
{"type":"log","timestamp":1764955010259,"level":"debug","message":"Inline data specified.","meta":{"rootId":"dm1x2dd77phx4l0","id":"dm1x2dd77phx4l0"},"id":"u29ceivp6b9458o","previousOperationId":"n1wrebywio3v7x9"}
{"type":"log","timestamp":1764955010262,"level":"debug","message":"Base url not specified, skipping its injection.","meta":{"rootId":"dm1x2dd77phx4l0","id":"dm1x2dd77phx4l0"},"id":"q7lu4y58icfecrs","previousOperationId":"n1wrebywio3v7x9"}
{"type":"operationStart","subtype":"engine","name":"handlebars","timestamp":1764955010262,"id":"iudvx8frp6hr8zu","previousEventId":"fz8za6y3pdzdkic","operationId":"rqk33gu5whubkfl","previousOperationId":"n1wrebywio3v7x9"}
{"type":"log","timestamp":1764955010263,"level":"debug","message":"Rendering engine handlebars","meta":{"rootId":"dm1x2dd77phx4l0","id":"dm1x2dd77phx4l0"},"id":"o5ba91fobxkf9od","previousOperationId":"rqk33gu5whubkfl"}
{"type":"operationEnd","operationId":"rqk33gu5whubkfl","timestamp":1764955010294,"id":"t9f965vcwsyi5qw","previousEventId":"iudvx8frp6hr8zu","previousOperationId":"rqk33gu5whubkfl"}
{"type":"operationStart","subtype":"recipe","name":"pptx","timestamp":1764955010294,"id":"ssn5rjpdoqypcre","previousEventId":"t9f965vcwsyi5qw","operationId":"hii573n0og26yyo","previousOperationId":"rqk33gu5whubkfl"}
{"type":"log","timestamp":1764955010294,"level":"debug","message":"Executing recipe pptx","meta":{"rootId":"dm1x2dd77phx4l0","id":"dm1x2dd77phx4l0"},"id":"oq76sy89ort7e0z","previousOperationId":"hii573n0og26yyo"}
{"type":"log","timestamp":1764955010295,"level":"info","message":"pptx generation is starting","meta":{"rootId":"dm1x2dd77phx4l0","id":"dm1x2dd77phx4l0"},"id":"sbanzknx7pkprg6","previousOperationId":"hii573n0og26yyo"}
{"type":"log","timestamp":1764955010415,"level":"debug","message":"Starting child request to render pptx dynamic parts","meta":{"rootId":"dm1x2dd77phx4l0","id":"dm1x2dd77phx4l0"},"id":"6zdzo7b9pq28gje","previousOperationId":"hii573n0og26yyo"}
{"type":"operationStart","subtype":"render","name":"anonymous","previousOperationId":"hii573n0og26yyo","timestamp":1764955010416,"id":"gyplu0r7l5gyzl5","previousEventId":"ssn5rjpdoqypcre","operationId":"pkkgfr9fr9ht2eo"}
{"type":"log","timestamp":1764955010416,"level":"info","message":"Starting rendering (child) request","meta":{"rootId":"dm1x2dd77phx4l0","id":"ezz0boapreo2lde"},"id":"aibgf9pdfwmakuv","previousOperationId":"pkkgfr9fr9ht2eo"}
{"type":"log","timestamp":1764955010416,"level":"info","message":"Rendering anonymous template { recipe: html, engine: handlebars }","meta":{"rootId":"dm1x2dd77phx4l0","id":"ezz0boapreo2lde"},"id":"8m7acyoz051u2sb","previousOperationId":"pkkgfr9fr9ht2eo"}
{"type":"log","timestamp":1764955010416,"level":"debug","message":"Inline data specified.","meta":{"rootId":"dm1x2dd77phx4l0","id":"ezz0boapreo2lde"},"id":"o4ij4029ou11jsf","previousOperationId":"pkkgfr9fr9ht2eo"}
{"type":"log","timestamp":1764955010417,"level":"debug","message":"Base url not specified, skipping its injection.","meta":{"rootId":"dm1x2dd77phx4l0","id":"ezz0boapreo2lde"},"id":"nckzsde61vn8cu0","previousOperationId":"pkkgfr9fr9ht2eo"}
{"type":"operationStart","subtype":"engine","name":"handlebars","timestamp":1764955010418,"id":"i8b4tobzhnu3u4q","previousEventId":"gyplu0r7l5gyzl5","operationId":"0sr8qc9wzai29ck","previousOperationId":"pkkgfr9fr9ht2eo"}
{"type":"log","timestamp":1764955010418,"level":"debug","message":"Rendering engine handlebars","meta":{"rootId":"dm1x2dd77phx4l0","id":"ezz0boapreo2lde"},"id":"lflgobjlukqinpp","previousOperationId":"0sr8qc9wzai29ck"}
{"type":"operationEnd","operationId":"0sr8qc9wzai29ck","timestamp":1764955010445,"id":"pmmwh6juot78uyt","previousEventId":"i8b4tobzhnu3u4q","previousOperationId":"0sr8qc9wzai29ck"}
{"type":"operationStart","subtype":"recipe","name":"html","timestamp":1764955010446,"id":"dw859zwkc561iuj","previousEventId":"pmmwh6juot78uyt","operationId":"p8zcw6d7tdwpliq","previousOperationId":"0sr8qc9wzai29ck"}
{"type":"log","timestamp":1764955010446,"level":"debug","message":"Executing recipe html","meta":{"rootId":"dm1x2dd77phx4l0","id":"ezz0boapreo2lde"},"id":"g37tesei3jd0qlm","previousOperationId":"p8zcw6d7tdwpliq"}
{"type":"operationEnd","operationId":"p8zcw6d7tdwpliq","timestamp":1764955010446,"id":"x1kuwer44hk77ni","previousEventId":"dw859zwkc561iuj","previousOperationId":"p8zcw6d7tdwpliq"}
{"type":"log","timestamp":1764955010446,"level":"debug","message":"Skipping storing report.","meta":{"rootId":"dm1x2dd77phx4l0","id":"ezz0boapreo2lde"},"id":"00yakhc093xp2hh","previousOperationId":"p8zcw6d7tdwpliq"}
{"type":"log","timestamp":1764955010446,"level":"info","message":"Rendering (child) request finished in 214 ms","meta":{"rootId":"dm1x2dd77phx4l0","id":"ezz0boapreo2lde"},"id":"wu9t04nw3rf3nnh","previousOperationId":"p8zcw6d7tdwpliq"}
{"type":"operationEnd","subtype":"render","operationId":"pkkgfr9fr9ht2eo","timestamp":1764955010446,"id":"iajkpna9oieipuj","previousEventId":"x1kuwer44hk77ni","previousOperationId":"p8zcw6d7tdwpliq"}
{"type":"log","timestamp":1764955010581,"level":"debug","message":"pptx successfully zipped","meta":{"rootId":"dm1x2dd77phx4l0","id":"dm1x2dd77phx4l0"},"id":"pg89ndoh0qm1mql","previousOperationId":"hii573n0og26yyo"}
{"type":"log","timestamp":1764955010582,"level":"info","message":"pptx generation was finished","meta":{"rootId":"dm1x2dd77phx4l0","id":"dm1x2dd77phx4l0"},"id":"jhk61ys14n1hkop","previousOperationId":"hii573n0og26yyo"}
{"type":"operationEnd","operationId":"hii573n0og26yyo","timestamp":1764955010586,"id":"6ofy45lhxpzam2g","previousEventId":"ssn5rjpdoqypcre","previousOperationId":"hii573n0og26yyo"}
{"type":"log","timestamp":1764955010586,"level":"debug","message":"Skipping storing report.","meta":{"rootId":"dm1x2dd77phx4l0","id":"dm1x2dd77phx4l0"},"id":"108wm513u59hfip","previousOperationId":"hii573n0og26yyo"}
{"type":"log","timestamp":1764955010586,"level":"info","message":"Rendering request 10 finished in 354 ms","meta":{"rootId":"dm1x2dd77phx4l0","id":"dm1x2dd77phx4l0"},"id":"c1iar7x0awnf6h9","previousOperationId":"hii573n0og26yyo"}
{"type":"operationEnd","subtype":"render","operationId":"n1wrebywio3v7x9","timestamp":1764955010586,"id":"gc95xn4zcyh6q4b","previousEventId":"6ofy45lhxpzam2g","previousOperationId":"hii573n0og26yyo"}
{"type":"operationEnd","doDiffs":false,"previousEventId":"6spymubokvy8c8u","previousOperationId":"8v9csx4anopnimb","operationId":"8v9csx4anopnimb","timestamp":1764955010592,"id":"kbk7bzmlgdi5s46"}
