{"type":"operationStart","subtype":"profile","data":{"_id":"o4Bf7m7XQMXtJrUS","timestamp":"2025-12-07T11:15:41.091Z","state":"running","mode":"standard","creationDate":"2025-12-07T11:15:41.094Z","modificationDate":"2025-12-07T11:15:41.094Z","shortid":"8aozIgy","$entitySet":"profiles","timeout":60000},"doDiffs":false,"timestamp":1765106141093,"id":"tmc8z6bdet7y8pr","previousOperationId":null,"operationId":"0s78afpaejab764"}
{"type":"log","level":"info","message":"Render request 2 queued for execution and waiting for available worker","previousOperationId":"0s78afpaejab764","timestamp":1765106141093,"id":"djctldy9jud2un0"}
{"type":"operationStart","subtype":"render","name":"anonymous","previousOperationId":"0s78afpaejab764","timestamp":1765106141155,"id":"ax406zg7ltf9sof","previousEventId":"tmc8z6bdet7y8pr","operationId":"3o77lfzxclvqa1m"}
{"type":"log","timestamp":1765106141157,"level":"info","message":"Starting rendering request 2","meta":{"rootId":"dsyv6de9n0m7kxm","id":"dsyv6de9n0m7kxm"},"id":"da0pkq34jqu9dcw","previousOperationId":"3o77lfzxclvqa1m"}
{"type":"log","timestamp":1765106141159,"level":"info","message":"Rendering anonymous template { recipe: pptx, engine: handlebars }","meta":{"rootId":"dsyv6de9n0m7kxm","id":"dsyv6de9n0m7kxm"},"id":"ljcjhdrs13p83pj","previousOperationId":"3o77lfzxclvqa1m"}
{"type":"log","timestamp":1765106141160,"level":"debug","message":"Inline data specified.","meta":{"rootId":"dsyv6de9n0m7kxm","id":"dsyv6de9n0m7kxm"},"id":"39f7qq0qs1hm4w2","previousOperationId":"3o77lfzxclvqa1m"}
{"type":"log","timestamp":1765106141168,"level":"debug","message":"Base url not specified, skipping its injection.","meta":{"rootId":"dsyv6de9n0m7kxm","id":"dsyv6de9n0m7kxm"},"id":"yqa5wr4r4r8a7tl","previousOperationId":"3o77lfzxclvqa1m"}
{"type":"operationStart","subtype":"engine","name":"handlebars","timestamp":1765106141172,"id":"xpffips8ncvvqw8","previousEventId":"ax406zg7ltf9sof","operationId":"qe2cq2hq3p3xhyz","previousOperationId":"3o77lfzxclvqa1m"}
{"type":"log","timestamp":1765106141173,"level":"debug","message":"Rendering engine handlebars","meta":{"rootId":"dsyv6de9n0m7kxm","id":"dsyv6de9n0m7kxm"},"id":"fwwc7t0v3hzwxgs","previousOperationId":"qe2cq2hq3p3xhyz"}
{"type":"operationEnd","operationId":"qe2cq2hq3p3xhyz","timestamp":1765106141979,"id":"l17co8ejo4fuptv","previousEventId":"xpffips8ncvvqw8","previousOperationId":"qe2cq2hq3p3xhyz"}
{"type":"operationStart","subtype":"recipe","name":"pptx","timestamp":1765106141980,"id":"tw3msuday5kxcff","previousEventId":"l17co8ejo4fuptv","operationId":"kw33vl28jwrnzs5","previousOperationId":"qe2cq2hq3p3xhyz"}
{"type":"log","timestamp":1765106141980,"level":"debug","message":"Executing recipe pptx","meta":{"rootId":"dsyv6de9n0m7kxm","id":"dsyv6de9n0m7kxm"},"id":"892je7oclpedkxn","previousOperationId":"kw33vl28jwrnzs5"}
{"type":"log","timestamp":1765106142151,"level":"info","message":"pptx generation is starting","meta":{"rootId":"dsyv6de9n0m7kxm","id":"dsyv6de9n0m7kxm"},"id":"rlzf9zliopgu6vm","previousOperationId":"kw33vl28jwrnzs5"}
{"type":"log","timestamp":1765106143177,"level":"debug","message":"Starting child request to render pptx dynamic parts","meta":{"rootId":"dsyv6de9n0m7kxm","id":"dsyv6de9n0m7kxm"},"id":"jup012ygl3qupro","previousOperationId":"kw33vl28jwrnzs5"}
{"type":"operationStart","subtype":"render","name":"anonymous","previousOperationId":"kw33vl28jwrnzs5","timestamp":1765106143178,"id":"otk7vuej9ia0qbh","previousEventId":"tw3msuday5kxcff","operationId":"kisdjnyk73miol2"}
{"type":"log","timestamp":1765106143178,"level":"info","message":"Starting rendering (child) request","meta":{"rootId":"dsyv6de9n0m7kxm","id":"6lgf3ncru93amq2"},"id":"zmxgrsfxqqxidu3","previousOperationId":"kisdjnyk73miol2"}
{"type":"log","timestamp":1765106143178,"level":"info","message":"Rendering anonymous template { recipe: html, engine: handlebars }","meta":{"rootId":"dsyv6de9n0m7kxm","id":"6lgf3ncru93amq2"},"id":"m2japka33l6gd3g","previousOperationId":"kisdjnyk73miol2"}
{"type":"log","timestamp":1765106143178,"level":"debug","message":"Inline data specified.","meta":{"rootId":"dsyv6de9n0m7kxm","id":"6lgf3ncru93amq2"},"id":"p5g6kjm2it0koiz","previousOperationId":"kisdjnyk73miol2"}
{"type":"log","timestamp":1765106143183,"level":"debug","message":"Base url not specified, skipping its injection.","meta":{"rootId":"dsyv6de9n0m7kxm","id":"6lgf3ncru93amq2"},"id":"3xu5pzbsszgw0zw","previousOperationId":"kisdjnyk73miol2"}
{"type":"operationStart","subtype":"engine","name":"handlebars","timestamp":1765106143184,"id":"r2emv8wie9tkxzj","previousEventId":"otk7vuej9ia0qbh","operationId":"s0dtb1onuzffa7s","previousOperationId":"kisdjnyk73miol2"}
{"type":"log","timestamp":1765106143184,"level":"debug","message":"Rendering engine handlebars","meta":{"rootId":"dsyv6de9n0m7kxm","id":"6lgf3ncru93amq2"},"id":"8rn1b0g405vyhik","previousOperationId":"s0dtb1onuzffa7s"}
{"type":"operationEnd","operationId":"s0dtb1onuzffa7s","timestamp":1765106143221,"id":"5yq4huobndjywh0","previousEventId":"r2emv8wie9tkxzj","previousOperationId":"s0dtb1onuzffa7s"}
{"type":"operationStart","subtype":"recipe","name":"html","timestamp":1765106143230,"id":"32dmmya19quvukl","previousEventId":"5yq4huobndjywh0","operationId":"ayz8ug6nbre2cof","previousOperationId":"s0dtb1onuzffa7s"}
{"type":"log","timestamp":1765106143230,"level":"debug","message":"Executing recipe html","meta":{"rootId":"dsyv6de9n0m7kxm","id":"6lgf3ncru93amq2"},"id":"m5lf74hayqf2j6w","previousOperationId":"ayz8ug6nbre2cof"}
{"type":"operationEnd","operationId":"ayz8ug6nbre2cof","timestamp":1765106143230,"id":"o6e8jvgwwzpddiq","previousEventId":"32dmmya19quvukl","previousOperationId":"ayz8ug6nbre2cof"}
{"type":"log","timestamp":1765106143231,"level":"debug","message":"Skipping storing report.","meta":{"rootId":"dsyv6de9n0m7kxm","id":"6lgf3ncru93amq2"},"id":"06wehvq1kt7lkzk","previousOperationId":"ayz8ug6nbre2cof"}
{"type":"log","timestamp":1765106143231,"level":"info","message":"Rendering (child) request finished in 2141 ms","meta":{"rootId":"dsyv6de9n0m7kxm","id":"6lgf3ncru93amq2"},"id":"c2wahhmmfx4qkx3","previousOperationId":"ayz8ug6nbre2cof"}
{"type":"operationEnd","subtype":"render","operationId":"kisdjnyk73miol2","timestamp":1765106143231,"id":"toqh4lvo4pq774k","previousEventId":"o6e8jvgwwzpddiq","previousOperationId":"ayz8ug6nbre2cof"}
{"type":"log","timestamp":1765106145198,"level":"debug","message":"pptx successfully zipped","meta":{"rootId":"dsyv6de9n0m7kxm","id":"dsyv6de9n0m7kxm"},"id":"cegy6xqraek5rmz","previousOperationId":"kw33vl28jwrnzs5"}
{"type":"log","timestamp":1765106145198,"level":"info","message":"pptx generation was finished","meta":{"rootId":"dsyv6de9n0m7kxm","id":"dsyv6de9n0m7kxm"},"id":"2ti1a6b55t87g0s","previousOperationId":"kw33vl28jwrnzs5"}
{"type":"operationEnd","operationId":"kw33vl28jwrnzs5","timestamp":1765106145214,"id":"vn9j7dvikwfork3","previousEventId":"tw3msuday5kxcff","previousOperationId":"kw33vl28jwrnzs5"}
{"type":"log","timestamp":1765106145215,"level":"debug","message":"Skipping storing report.","meta":{"rootId":"dsyv6de9n0m7kxm","id":"dsyv6de9n0m7kxm"},"id":"qxxb346tz3mv98p","previousOperationId":"kw33vl28jwrnzs5"}
{"type":"log","timestamp":1765106145215,"level":"info","message":"Rendering request 2 finished in 4125 ms","meta":{"rootId":"dsyv6de9n0m7kxm","id":"dsyv6de9n0m7kxm"},"id":"a8412aw1hvyo0yv","previousOperationId":"kw33vl28jwrnzs5"}
{"type":"operationEnd","subtype":"render","operationId":"3o77lfzxclvqa1m","timestamp":1765106145215,"id":"z9xqm944ad15ly6","previousEventId":"vn9j7dvikwfork3","previousOperationId":"kw33vl28jwrnzs5"}
{"type":"operationEnd","doDiffs":false,"previousEventId":"tmc8z6bdet7y8pr","previousOperationId":"0s78afpaejab764","operationId":"0s78afpaejab764","timestamp":1765106145224,"id":"oz3esg85zcvw8g4"}
