{"type":"operationStart","subtype":"profile","data":{"_id":"yENajqSOO1U1lc6k","timestamp":"2025-12-05T16:47:51.947Z","state":"running","mode":"standard","creationDate":"2025-12-05T16:47:51.952Z","modificationDate":"2025-12-05T16:47:51.952Z","shortid":"cXunz2X","$entitySet":"profiles","timeout":60000},"doDiffs":false,"timestamp":1764953271949,"id":"6b6j6aku90xmhbh","previousOperationId":null,"operationId":"5t66bq3djkvf85u"}
{"type":"log","level":"info","message":"Render request 5 queued for execution and waiting for available worker","previousOperationId":"5t66bq3djkvf85u","timestamp":1764953271949,"id":"t2hfkdnz0pd47yv"}
{"type":"operationStart","subtype":"render","name":"anonymous","previousOperationId":"5t66bq3djkvf85u","timestamp":1764953271971,"id":"r1hff363dcx6p7a","previousEventId":"6b6j6aku90xmhbh","operationId":"y3kimq1hv7222lu"}
{"type":"log","timestamp":1764953271972,"level":"info","message":"Starting rendering request 5","meta":{"rootId":"eggzw9p1bau1lu5","id":"eggzw9p1bau1lu5"},"id":"0slw4c19x360nu1","previousOperationId":"y3kimq1hv7222lu"}
{"type":"log","timestamp":1764953271972,"level":"info","message":"Rendering anonymous template { recipe: pptx, engine: handlebars }","meta":{"rootId":"eggzw9p1bau1lu5","id":"eggzw9p1bau1lu5"},"id":"5ygchi5m1gsyesn","previousOperationId":"y3kimq1hv7222lu"}
{"type":"log","timestamp":1764953271973,"level":"debug","message":"Inline data specified.","meta":{"rootId":"eggzw9p1bau1lu5","id":"eggzw9p1bau1lu5"},"id":"5mi59zdu9m8nll8","previousOperationId":"y3kimq1hv7222lu"}
{"type":"log","timestamp":1764953271976,"level":"debug","message":"Base url not specified, skipping its injection.","meta":{"rootId":"eggzw9p1bau1lu5","id":"eggzw9p1bau1lu5"},"id":"bbwt5nfa7rta8n4","previousOperationId":"y3kimq1hv7222lu"}
{"type":"operationStart","subtype":"engine","name":"handlebars","timestamp":1764953271976,"id":"x91v1u87yxnjbsa","previousEventId":"r1hff363dcx6p7a","operationId":"aeciv9lb9wr4oka","previousOperationId":"y3kimq1hv7222lu"}
{"type":"log","timestamp":1764953271977,"level":"debug","message":"Rendering engine handlebars","meta":{"rootId":"eggzw9p1bau1lu5","id":"eggzw9p1bau1lu5"},"id":"4goaa0uwxzi0gtf","previousOperationId":"aeciv9lb9wr4oka"}
{"type":"operationEnd","operationId":"aeciv9lb9wr4oka","timestamp":1764953271993,"id":"qujkd10c45jk244","previousEventId":"x91v1u87yxnjbsa","previousOperationId":"aeciv9lb9wr4oka"}
{"type":"operationStart","subtype":"recipe","name":"pptx","timestamp":1764953271994,"id":"tu0h5shq8daljva","previousEventId":"qujkd10c45jk244","operationId":"uvpma4tng8qz3uy","previousOperationId":"aeciv9lb9wr4oka"}
{"type":"log","timestamp":1764953271994,"level":"debug","message":"Executing recipe pptx","meta":{"rootId":"eggzw9p1bau1lu5","id":"eggzw9p1bau1lu5"},"id":"5wesq9c1l7zubs7","previousOperationId":"uvpma4tng8qz3uy"}
{"type":"log","timestamp":1764953271994,"level":"info","message":"pptx generation is starting","meta":{"rootId":"eggzw9p1bau1lu5","id":"eggzw9p1bau1lu5"},"id":"e5j145jlutqnkok","previousOperationId":"uvpma4tng8qz3uy"}
{"type":"log","timestamp":1764953272107,"level":"debug","message":"Starting child request to render pptx dynamic parts","meta":{"rootId":"eggzw9p1bau1lu5","id":"eggzw9p1bau1lu5"},"id":"nkbm09mmt4m6z7c","previousOperationId":"uvpma4tng8qz3uy"}
{"type":"operationStart","subtype":"render","name":"anonymous","previousOperationId":"uvpma4tng8qz3uy","timestamp":1764953272107,"id":"owpijgqqvfrrxzn","previousEventId":"tu0h5shq8daljva","operationId":"04i56j7ohwd9fsz"}
{"type":"log","timestamp":1764953272107,"level":"info","message":"Starting rendering (child) request","meta":{"rootId":"eggzw9p1bau1lu5","id":"b4yb821kmbxyxa3"},"id":"imasglea4gnajwv","previousOperationId":"04i56j7ohwd9fsz"}
{"type":"log","timestamp":1764953272108,"level":"info","message":"Rendering anonymous template { recipe: html, engine: handlebars }","meta":{"rootId":"eggzw9p1bau1lu5","id":"b4yb821kmbxyxa3"},"id":"f7uyetv1y4711h7","previousOperationId":"04i56j7ohwd9fsz"}
{"type":"log","timestamp":1764953272108,"level":"debug","message":"Inline data specified.","meta":{"rootId":"eggzw9p1bau1lu5","id":"b4yb821kmbxyxa3"},"id":"k04pkgb4wzqud0o","previousOperationId":"04i56j7ohwd9fsz"}
{"type":"log","timestamp":1764953272109,"level":"debug","message":"Base url not specified, skipping its injection.","meta":{"rootId":"eggzw9p1bau1lu5","id":"b4yb821kmbxyxa3"},"id":"19g02m3ej3zgnwl","previousOperationId":"04i56j7ohwd9fsz"}
{"type":"operationStart","subtype":"engine","name":"handlebars","timestamp":1764953272110,"id":"72a03zcx10o7kp7","previousEventId":"owpijgqqvfrrxzn","operationId":"31k8x1qb1vdf9bl","previousOperationId":"04i56j7ohwd9fsz"}
{"type":"log","timestamp":1764953272110,"level":"debug","message":"Rendering engine handlebars","meta":{"rootId":"eggzw9p1bau1lu5","id":"b4yb821kmbxyxa3"},"id":"xxfoxz64fjkjwcx","previousOperationId":"31k8x1qb1vdf9bl"}
{"type":"operationEnd","operationId":"31k8x1qb1vdf9bl","timestamp":1764953272140,"id":"s0xr24fpfmwp0ab","previousEventId":"72a03zcx10o7kp7","previousOperationId":"31k8x1qb1vdf9bl"}
{"type":"operationStart","subtype":"recipe","name":"html","timestamp":1764953272141,"id":"vf7j0y53rfhbo21","previousEventId":"s0xr24fpfmwp0ab","operationId":"clmsfp2rmjcfski","previousOperationId":"31k8x1qb1vdf9bl"}
{"type":"log","timestamp":1764953272141,"level":"debug","message":"Executing recipe html","meta":{"rootId":"eggzw9p1bau1lu5","id":"b4yb821kmbxyxa3"},"id":"xjtnoc7ytbd1izj","previousOperationId":"clmsfp2rmjcfski"}
{"type":"operationEnd","operationId":"clmsfp2rmjcfski","timestamp":1764953272142,"id":"gkh5zoxy6jxp3nr","previousEventId":"vf7j0y53rfhbo21","previousOperationId":"clmsfp2rmjcfski"}
{"type":"log","timestamp":1764953272142,"level":"debug","message":"Skipping storing report.","meta":{"rootId":"eggzw9p1bau1lu5","id":"b4yb821kmbxyxa3"},"id":"0vde291wfcftfav","previousOperationId":"clmsfp2rmjcfski"}
{"type":"log","timestamp":1764953272142,"level":"info","message":"Rendering (child) request finished in 196 ms","meta":{"rootId":"eggzw9p1bau1lu5","id":"b4yb821kmbxyxa3"},"id":"a3qf9ajmirkefx1","previousOperationId":"clmsfp2rmjcfski"}
{"type":"operationEnd","subtype":"render","operationId":"04i56j7ohwd9fsz","timestamp":1764953272142,"id":"6ow6qaxhae9cqt1","previousEventId":"gkh5zoxy6jxp3nr","previousOperationId":"clmsfp2rmjcfski"}
{"type":"log","timestamp":1764953272281,"level":"debug","message":"pptx successfully zipped","meta":{"rootId":"eggzw9p1bau1lu5","id":"eggzw9p1bau1lu5"},"id":"yiej3l08ihu866b","previousOperationId":"uvpma4tng8qz3uy"}
{"type":"log","timestamp":1764953272281,"level":"info","message":"pptx generation was finished","meta":{"rootId":"eggzw9p1bau1lu5","id":"eggzw9p1bau1lu5"},"id":"8petqs0b6m2vb1n","previousOperationId":"uvpma4tng8qz3uy"}
{"type":"operationEnd","operationId":"uvpma4tng8qz3uy","timestamp":1764953272285,"id":"qf5jw76orgt0nt9","previousEventId":"tu0h5shq8daljva","previousOperationId":"uvpma4tng8qz3uy"}
{"type":"log","timestamp":1764953272285,"level":"debug","message":"Skipping storing report.","meta":{"rootId":"eggzw9p1bau1lu5","id":"eggzw9p1bau1lu5"},"id":"etkg1v0pzpvemmt","previousOperationId":"uvpma4tng8qz3uy"}
{"type":"log","timestamp":1764953272285,"level":"info","message":"Rendering request 5 finished in 339 ms","meta":{"rootId":"eggzw9p1bau1lu5","id":"eggzw9p1bau1lu5"},"id":"gs3v8jnk4k8pf30","previousOperationId":"uvpma4tng8qz3uy"}
{"type":"operationEnd","subtype":"render","operationId":"y3kimq1hv7222lu","timestamp":1764953272285,"id":"eckp8d4p684c104","previousEventId":"qf5jw76orgt0nt9","previousOperationId":"uvpma4tng8qz3uy"}
{"type":"operationEnd","doDiffs":false,"previousEventId":"6b6j6aku90xmhbh","previousOperationId":"5t66bq3djkvf85u","operationId":"5t66bq3djkvf85u","timestamp":1764953272291,"id":"y3heekx5jpwq2dp"}
