{"type":"operationStart","subtype":"profile","data":{"_id":"pspICgY83UGspo0J","timestamp":"2025-12-07T11:31:22.728Z","state":"running","mode":"standard","creationDate":"2025-12-07T11:31:22.733Z","modificationDate":"2025-12-07T11:31:22.733Z","shortid":"wYG-qJX","$entitySet":"profiles","timeout":60000},"doDiffs":false,"timestamp":1765107082731,"id":"tdni1f6n38qsd90","previousOperationId":null,"operationId":"roytst7g8ukgvn3"}
{"type":"log","level":"info","message":"Render request 4 queued for execution and waiting for available worker","previousOperationId":"roytst7g8ukgvn3","timestamp":1765107082731,"id":"a4z35dssy25w37s"}
{"type":"operationStart","subtype":"render","name":"anonymous","previousOperationId":"roytst7g8ukgvn3","timestamp":1765107082814,"id":"kt6j7n1xyqrwhlp","previousEventId":"tdni1f6n38qsd90","operationId":"wkolmid5y5yb9tc"}
{"type":"log","timestamp":1765107082814,"level":"info","message":"Starting rendering request 4","meta":{"rootId":"ejbyes7xr4z7dxe","id":"ejbyes7xr4z7dxe"},"id":"er1n568kdrec87k","previousOperationId":"wkolmid5y5yb9tc"}
{"type":"log","timestamp":1765107082814,"level":"info","message":"Rendering anonymous template { recipe: pptx, engine: handlebars }","meta":{"rootId":"ejbyes7xr4z7dxe","id":"ejbyes7xr4z7dxe"},"id":"uqohdd4m24kuhmy","previousOperationId":"wkolmid5y5yb9tc"}
{"type":"log","timestamp":1765107082814,"level":"debug","message":"Inline data specified.","meta":{"rootId":"ejbyes7xr4z7dxe","id":"ejbyes7xr4z7dxe"},"id":"7en6s2quzruas8l","previousOperationId":"wkolmid5y5yb9tc"}
{"type":"log","timestamp":1765107082818,"level":"debug","message":"Base url not specified, skipping its injection.","meta":{"rootId":"ejbyes7xr4z7dxe","id":"ejbyes7xr4z7dxe"},"id":"zsp5p45o1hnb11q","previousOperationId":"wkolmid5y5yb9tc"}
{"type":"operationStart","subtype":"engine","name":"handlebars","timestamp":1765107082819,"id":"15gczpk78ksvsbq","previousEventId":"kt6j7n1xyqrwhlp","operationId":"xzc3wk3949jh3oy","previousOperationId":"wkolmid5y5yb9tc"}
{"type":"log","timestamp":1765107082819,"level":"debug","message":"Rendering engine handlebars","meta":{"rootId":"ejbyes7xr4z7dxe","id":"ejbyes7xr4z7dxe"},"id":"pjpllw2xbtekix0","previousOperationId":"xzc3wk3949jh3oy"}
{"type":"operationEnd","operationId":"xzc3wk3949jh3oy","timestamp":1765107082851,"id":"bf3q57pt99n0pjz","previousEventId":"15gczpk78ksvsbq","previousOperationId":"xzc3wk3949jh3oy"}
{"type":"operationStart","subtype":"recipe","name":"pptx","timestamp":1765107082851,"id":"kptchkf5ij56ple","previousEventId":"bf3q57pt99n0pjz","operationId":"2kwdzv42ls8msa6","previousOperationId":"xzc3wk3949jh3oy"}
{"type":"log","timestamp":1765107082851,"level":"debug","message":"Executing recipe pptx","meta":{"rootId":"ejbyes7xr4z7dxe","id":"ejbyes7xr4z7dxe"},"id":"yi3s7g4n888tcdz","previousOperationId":"2kwdzv42ls8msa6"}
{"type":"log","timestamp":1765107082881,"level":"info","message":"pptx generation is starting","meta":{"rootId":"ejbyes7xr4z7dxe","id":"ejbyes7xr4z7dxe"},"id":"26xgrkb3f3m840b","previousOperationId":"2kwdzv42ls8msa6"}
{"type":"log","timestamp":1765107084476,"level":"debug","message":"Starting child request to render pptx dynamic parts","meta":{"rootId":"ejbyes7xr4z7dxe","id":"ejbyes7xr4z7dxe"},"id":"a9ennj2g7ucsd7a","previousOperationId":"2kwdzv42ls8msa6"}
{"type":"operationStart","subtype":"render","name":"anonymous","previousOperationId":"2kwdzv42ls8msa6","timestamp":1765107084476,"id":"0d31xhgfglxfnvi","previousEventId":"kptchkf5ij56ple","operationId":"64hxh4cfxvz5alz"}
{"type":"log","timestamp":1765107084477,"level":"info","message":"Starting rendering (child) request","meta":{"rootId":"ejbyes7xr4z7dxe","id":"k1oc3a3mc2xaoxd"},"id":"yid5n5swsy262oz","previousOperationId":"64hxh4cfxvz5alz"}
{"type":"log","timestamp":1765107084477,"level":"info","message":"Rendering anonymous template { recipe: html, engine: handlebars }","meta":{"rootId":"ejbyes7xr4z7dxe","id":"k1oc3a3mc2xaoxd"},"id":"9bz5289fju0f4p9","previousOperationId":"64hxh4cfxvz5alz"}
{"type":"log","timestamp":1765107084477,"level":"debug","message":"Inline data specified.","meta":{"rootId":"ejbyes7xr4z7dxe","id":"k1oc3a3mc2xaoxd"},"id":"owru3w1x949e48b","previousOperationId":"64hxh4cfxvz5alz"}
{"type":"log","timestamp":1765107084484,"level":"debug","message":"Base url not specified, skipping its injection.","meta":{"rootId":"ejbyes7xr4z7dxe","id":"k1oc3a3mc2xaoxd"},"id":"hlf7qge5il6spek","previousOperationId":"64hxh4cfxvz5alz"}
{"type":"operationStart","subtype":"engine","name":"handlebars","timestamp":1765107084487,"id":"iyc6a8nrqi9vmtl","previousEventId":"0d31xhgfglxfnvi","operationId":"v7fmzhlluv4sahe","previousOperationId":"64hxh4cfxvz5alz"}
{"type":"log","timestamp":1765107084487,"level":"debug","message":"Rendering engine handlebars","meta":{"rootId":"ejbyes7xr4z7dxe","id":"k1oc3a3mc2xaoxd"},"id":"z183h16c42zfdoi","previousOperationId":"v7fmzhlluv4sahe"}
{"type":"operationEnd","operationId":"v7fmzhlluv4sahe","timestamp":1765107084630,"id":"4k1f9c4wpkk3siq","previousEventId":"iyc6a8nrqi9vmtl","previousOperationId":"v7fmzhlluv4sahe"}
{"type":"operationStart","subtype":"recipe","name":"html","timestamp":1765107084645,"id":"gnes3xq8doaozkh","previousEventId":"4k1f9c4wpkk3siq","operationId":"8vxagdaputbpn8q","previousOperationId":"v7fmzhlluv4sahe"}
{"type":"log","timestamp":1765107084645,"level":"debug","message":"Executing recipe html","meta":{"rootId":"ejbyes7xr4z7dxe","id":"k1oc3a3mc2xaoxd"},"id":"bgxu3o4bjv9ppyi","previousOperationId":"8vxagdaputbpn8q"}
{"type":"operationEnd","operationId":"8vxagdaputbpn8q","timestamp":1765107084645,"id":"xewdek02vnwzprm","previousEventId":"gnes3xq8doaozkh","previousOperationId":"8vxagdaputbpn8q"}
{"type":"log","timestamp":1765107084646,"level":"debug","message":"Skipping storing report.","meta":{"rootId":"ejbyes7xr4z7dxe","id":"k1oc3a3mc2xaoxd"},"id":"3r4qx4dw3fz3nbg","previousOperationId":"8vxagdaputbpn8q"}
{"type":"log","timestamp":1765107084646,"level":"info","message":"Rendering (child) request finished in 1920 ms","meta":{"rootId":"ejbyes7xr4z7dxe","id":"k1oc3a3mc2xaoxd"},"id":"3jzo1brntad9q8h","previousOperationId":"8vxagdaputbpn8q"}
{"type":"operationEnd","subtype":"render","operationId":"64hxh4cfxvz5alz","timestamp":1765107084646,"id":"65it0mhxlkrrlgm","previousEventId":"xewdek02vnwzprm","previousOperationId":"8vxagdaputbpn8q"}
{"type":"log","timestamp":1765107096180,"level":"debug","message":"pptx successfully zipped","meta":{"rootId":"ejbyes7xr4z7dxe","id":"ejbyes7xr4z7dxe"},"id":"fiwb90tqtg9pvgx","previousOperationId":"2kwdzv42ls8msa6"}
{"type":"log","timestamp":1765107096180,"level":"info","message":"pptx generation was finished","meta":{"rootId":"ejbyes7xr4z7dxe","id":"ejbyes7xr4z7dxe"},"id":"qm8p23x53z5zblq","previousOperationId":"2kwdzv42ls8msa6"}
{"type":"operationEnd","operationId":"2kwdzv42ls8msa6","timestamp":1765107096191,"id":"6pkh68rolsgbr8k","previousEventId":"kptchkf5ij56ple","previousOperationId":"2kwdzv42ls8msa6"}
{"type":"log","timestamp":1765107096191,"level":"debug","message":"Skipping storing report.","meta":{"rootId":"ejbyes7xr4z7dxe","id":"ejbyes7xr4z7dxe"},"id":"6snt0qkn1eq4fpt","previousOperationId":"2kwdzv42ls8msa6"}
{"type":"log","timestamp":1765107096191,"level":"info","message":"Rendering request 4 finished in 13465 ms","meta":{"rootId":"ejbyes7xr4z7dxe","id":"ejbyes7xr4z7dxe"},"id":"r9hio4ni56df3jg","previousOperationId":"2kwdzv42ls8msa6"}
{"type":"operationEnd","subtype":"render","operationId":"wkolmid5y5yb9tc","timestamp":1765107096191,"id":"2af9jnvs7vi3bbv","previousEventId":"6pkh68rolsgbr8k","previousOperationId":"2kwdzv42ls8msa6"}
{"type":"operationEnd","doDiffs":false,"previousEventId":"tdni1f6n38qsd90","previousOperationId":"roytst7g8ukgvn3","operationId":"roytst7g8ukgvn3","timestamp":1765107096199,"id":"ligah22gzncs3s4"}
