{"type":"operationStart","subtype":"profile","data":{"_id":"1HYRph6TlzqgX2qp","timestamp":"2025-12-04T23:00:36.349Z","state":"running","mode":"standard","creationDate":"2025-12-04T23:00:36.354Z","modificationDate":"2025-12-04T23:00:36.354Z","shortid":"21mI-rY","$entitySet":"profiles","timeout":60000},"doDiffs":false,"timestamp":1764889236352,"id":"8gstwjk1aoggbtp","previousOperationId":null,"operationId":"l5xpenifl0omj8j"}
{"type":"log","level":"info","message":"Render request 3 queued for execution and waiting for available worker","previousOperationId":"l5xpenifl0omj8j","timestamp":1764889236352,"id":"9yr039ck9903rhf"}
{"type":"operationStart","subtype":"render","name":"anonymous","previousOperationId":"l5xpenifl0omj8j","timestamp":1764889236373,"id":"qsqjwupizmeaax1","previousEventId":"8gstwjk1aoggbtp","operationId":"z15zrj4mbipyg6s"}
{"type":"log","timestamp":1764889236373,"level":"info","message":"Starting rendering request 3","meta":{"rootId":"ejmflpl0fxb8mmw","id":"ejmflpl0fxb8mmw"},"id":"ilqkfou0l7byzbu","previousOperationId":"z15zrj4mbipyg6s"}
{"type":"log","timestamp":1764889236373,"level":"info","message":"Rendering anonymous template { recipe: pptx, engine: handlebars }","meta":{"rootId":"ejmflpl0fxb8mmw","id":"ejmflpl0fxb8mmw"},"id":"xxd04xncrfyxe5a","previousOperationId":"z15zrj4mbipyg6s"}
{"type":"log","timestamp":1764889236373,"level":"debug","message":"Inline data specified.","meta":{"rootId":"ejmflpl0fxb8mmw","id":"ejmflpl0fxb8mmw"},"id":"fzfletq1ub84scc","previousOperationId":"z15zrj4mbipyg6s"}
{"type":"log","timestamp":1764889236374,"level":"debug","message":"Base url not specified, skipping its injection.","meta":{"rootId":"ejmflpl0fxb8mmw","id":"ejmflpl0fxb8mmw"},"id":"lbeq2q93pp4auto","previousOperationId":"z15zrj4mbipyg6s"}
{"type":"operationStart","subtype":"engine","name":"handlebars","timestamp":1764889236374,"id":"o9b91s0p34uku71","previousEventId":"qsqjwupizmeaax1","operationId":"fnga18unmm0mcmf","previousOperationId":"z15zrj4mbipyg6s"}
{"type":"log","timestamp":1764889236374,"level":"debug","message":"Rendering engine handlebars","meta":{"rootId":"ejmflpl0fxb8mmw","id":"ejmflpl0fxb8mmw"},"id":"oerypgh4v3n0y27","previousOperationId":"fnga18unmm0mcmf"}
{"type":"operationEnd","operationId":"fnga18unmm0mcmf","timestamp":1764889236385,"id":"orbepluqwhg13m2","previousEventId":"o9b91s0p34uku71","previousOperationId":"fnga18unmm0mcmf"}
{"type":"operationStart","subtype":"recipe","name":"pptx","timestamp":1764889236386,"id":"i7ezw4ndo7gpx12","previousEventId":"orbepluqwhg13m2","operationId":"0zhqe7j6qua4dj7","previousOperationId":"fnga18unmm0mcmf"}
{"type":"log","timestamp":1764889236386,"level":"debug","message":"Executing recipe pptx","meta":{"rootId":"ejmflpl0fxb8mmw","id":"ejmflpl0fxb8mmw"},"id":"marbmvv4o1bdy7n","previousOperationId":"0zhqe7j6qua4dj7"}
{"type":"log","timestamp":1764889236386,"level":"info","message":"pptx generation is starting","meta":{"rootId":"ejmflpl0fxb8mmw","id":"ejmflpl0fxb8mmw"},"id":"sbiwb0fuwg6ljiq","previousOperationId":"0zhqe7j6qua4dj7"}
{"type":"log","timestamp":1764889236507,"level":"debug","message":"Starting child request to render pptx dynamic parts","meta":{"rootId":"ejmflpl0fxb8mmw","id":"ejmflpl0fxb8mmw"},"id":"tmgfwz5v88oqmhm","previousOperationId":"0zhqe7j6qua4dj7"}
{"type":"operationStart","subtype":"render","name":"anonymous","previousOperationId":"0zhqe7j6qua4dj7","timestamp":1764889236508,"id":"ndshwpj8dc5hlet","previousEventId":"i7ezw4ndo7gpx12","operationId":"92j4ikijsd82wns"}
{"type":"log","timestamp":1764889236508,"level":"info","message":"Starting rendering (child) request","meta":{"rootId":"ejmflpl0fxb8mmw","id":"3defh0zirixlnpi"},"id":"iwet1rpnkglkqio","previousOperationId":"92j4ikijsd82wns"}
{"type":"log","timestamp":1764889236508,"level":"info","message":"Rendering anonymous template { recipe: html, engine: handlebars }","meta":{"rootId":"ejmflpl0fxb8mmw","id":"3defh0zirixlnpi"},"id":"mltdrnptcr25b2b","previousOperationId":"92j4ikijsd82wns"}
{"type":"log","timestamp":1764889236508,"level":"debug","message":"Inline data specified.","meta":{"rootId":"ejmflpl0fxb8mmw","id":"3defh0zirixlnpi"},"id":"jrdm36jqpeyejr5","previousOperationId":"92j4ikijsd82wns"}
{"type":"log","timestamp":1764889236511,"level":"debug","message":"Base url not specified, skipping its injection.","meta":{"rootId":"ejmflpl0fxb8mmw","id":"3defh0zirixlnpi"},"id":"ao7tuereo6y4ari","previousOperationId":"92j4ikijsd82wns"}
{"type":"operationStart","subtype":"engine","name":"handlebars","timestamp":1764889236511,"id":"9vurz8wxisw8csi","previousEventId":"ndshwpj8dc5hlet","operationId":"ljweeltv5rz6p6j","previousOperationId":"92j4ikijsd82wns"}
{"type":"log","timestamp":1764889236511,"level":"debug","message":"Rendering engine handlebars","meta":{"rootId":"ejmflpl0fxb8mmw","id":"3defh0zirixlnpi"},"id":"qhl2l7w4nfmu6w7","previousOperationId":"ljweeltv5rz6p6j"}
{"type":"operationEnd","operationId":"ljweeltv5rz6p6j","timestamp":1764889236520,"id":"dj315dntktzmxkp","previousEventId":"9vurz8wxisw8csi","previousOperationId":"ljweeltv5rz6p6j"}
{"type":"operationStart","subtype":"recipe","name":"html","timestamp":1764889236522,"id":"ww12nn5okc4qgka","previousEventId":"dj315dntktzmxkp","operationId":"ea9gphpf7b2zf7n","previousOperationId":"ljweeltv5rz6p6j"}
{"type":"log","timestamp":1764889236522,"level":"debug","message":"Executing recipe html","meta":{"rootId":"ejmflpl0fxb8mmw","id":"3defh0zirixlnpi"},"id":"gtynmqcf5e4qirf","previousOperationId":"ea9gphpf7b2zf7n"}
{"type":"operationEnd","operationId":"ea9gphpf7b2zf7n","timestamp":1764889236522,"id":"y4qh16woodlsnt9","previousEventId":"ww12nn5okc4qgka","previousOperationId":"ea9gphpf7b2zf7n"}
{"type":"log","timestamp":1764889236522,"level":"debug","message":"Skipping storing report.","meta":{"rootId":"ejmflpl0fxb8mmw","id":"3defh0zirixlnpi"},"id":"898euroapuo4qgt","previousOperationId":"ea9gphpf7b2zf7n"}
{"type":"log","timestamp":1764889236522,"level":"info","message":"Rendering (child) request finished in 175 ms","meta":{"rootId":"ejmflpl0fxb8mmw","id":"3defh0zirixlnpi"},"id":"g8ic1hmf5wekgm2","previousOperationId":"ea9gphpf7b2zf7n"}
{"type":"operationEnd","subtype":"render","operationId":"92j4ikijsd82wns","timestamp":1764889236522,"id":"z0atzlk3n3pj7hu","previousEventId":"y4qh16woodlsnt9","previousOperationId":"ea9gphpf7b2zf7n"}
{"type":"log","timestamp":1764889236630,"level":"debug","message":"pptx successfully zipped","meta":{"rootId":"ejmflpl0fxb8mmw","id":"ejmflpl0fxb8mmw"},"id":"2t2bbv30hk88sly","previousOperationId":"0zhqe7j6qua4dj7"}
{"type":"log","timestamp":1764889236631,"level":"info","message":"pptx generation was finished","meta":{"rootId":"ejmflpl0fxb8mmw","id":"ejmflpl0fxb8mmw"},"id":"axrkad01ihn30ds","previousOperationId":"0zhqe7j6qua4dj7"}
{"type":"operationEnd","operationId":"0zhqe7j6qua4dj7","timestamp":1764889236633,"id":"3d6x0ctybtjzw2s","previousEventId":"i7ezw4ndo7gpx12","previousOperationId":"0zhqe7j6qua4dj7"}
{"type":"log","timestamp":1764889236633,"level":"debug","message":"Skipping storing report.","meta":{"rootId":"ejmflpl0fxb8mmw","id":"ejmflpl0fxb8mmw"},"id":"dllfhn9ltlh9gn5","previousOperationId":"0zhqe7j6qua4dj7"}
{"type":"log","timestamp":1764889236633,"level":"info","message":"Rendering request 3 finished in 286 ms","meta":{"rootId":"ejmflpl0fxb8mmw","id":"ejmflpl0fxb8mmw"},"id":"cdb9kenpn4bbz70","previousOperationId":"0zhqe7j6qua4dj7"}
{"type":"operationEnd","subtype":"render","operationId":"z15zrj4mbipyg6s","timestamp":1764889236633,"id":"7c3r3of0xmo7ihu","previousEventId":"3d6x0ctybtjzw2s","previousOperationId":"0zhqe7j6qua4dj7"}
{"type":"operationEnd","doDiffs":false,"previousEventId":"8gstwjk1aoggbtp","previousOperationId":"l5xpenifl0omj8j","operationId":"l5xpenifl0omj8j","timestamp":1764889236635,"id":"60lybj686u586rk"}
