{"type":"operationStart","subtype":"profile","data":{"_id":"Dm9YxiO0N7GbmFXy","timestamp":"2025-12-07T12:33:33.853Z","state":"running","mode":"standard","creationDate":"2025-12-07T12:33:33.857Z","modificationDate":"2025-12-07T12:33:33.857Z","shortid":"ybYxirf","$entitySet":"profiles","timeout":60000},"doDiffs":false,"timestamp":1765110813856,"id":"sjtoor5vl4sfm9y","previousOperationId":null,"operationId":"y32sf3jhoqfr8y6"}
{"type":"log","level":"info","message":"Render request 23 queued for execution and waiting for available worker","previousOperationId":"y32sf3jhoqfr8y6","timestamp":1765110813856,"id":"t5monqimultrr7x"}
{"type":"operationStart","subtype":"render","name":"anonymous","previousOperationId":"y32sf3jhoqfr8y6","timestamp":1765110813917,"id":"kizskpjvgb0g7f9","previousEventId":"sjtoor5vl4sfm9y","operationId":"ev7jpu1s1uksxvd"}
{"type":"log","timestamp":1765110813918,"level":"info","message":"Starting rendering request 23","meta":{"rootId":"er2h9ry8llis2qy","id":"er2h9ry8llis2qy"},"id":"t22vslpupn8zrhh","previousOperationId":"ev7jpu1s1uksxvd"}
{"type":"log","timestamp":1765110813918,"level":"info","message":"Rendering anonymous template { recipe: pptx, engine: handlebars }","meta":{"rootId":"er2h9ry8llis2qy","id":"er2h9ry8llis2qy"},"id":"oyxc9kxfskcr82s","previousOperationId":"ev7jpu1s1uksxvd"}
{"type":"log","timestamp":1765110813918,"level":"debug","message":"Inline data specified.","meta":{"rootId":"er2h9ry8llis2qy","id":"er2h9ry8llis2qy"},"id":"bvvhmrnaaprm4ir","previousOperationId":"ev7jpu1s1uksxvd"}
{"type":"log","timestamp":1765110813925,"level":"debug","message":"Base url not specified, skipping its injection.","meta":{"rootId":"er2h9ry8llis2qy","id":"er2h9ry8llis2qy"},"id":"bsx730ey7pgkind","previousOperationId":"ev7jpu1s1uksxvd"}
{"type":"operationStart","subtype":"engine","name":"handlebars","timestamp":1765110813926,"id":"qfpqxflgufwmicm","previousEventId":"kizskpjvgb0g7f9","operationId":"ojycsjtgo5uyklh","previousOperationId":"ev7jpu1s1uksxvd"}
{"type":"log","timestamp":1765110813926,"level":"debug","message":"Rendering engine handlebars","meta":{"rootId":"er2h9ry8llis2qy","id":"er2h9ry8llis2qy"},"id":"7pktuezjkqicpat","previousOperationId":"ojycsjtgo5uyklh"}
{"type":"operationEnd","operationId":"ojycsjtgo5uyklh","timestamp":1765110813945,"id":"pldfprvq3m59wuy","previousEventId":"qfpqxflgufwmicm","previousOperationId":"ojycsjtgo5uyklh"}
{"type":"operationStart","subtype":"recipe","name":"pptx","timestamp":1765110813946,"id":"g6efyd6yrwyor1z","previousEventId":"pldfprvq3m59wuy","operationId":"x0qf0rmeu28b1dy","previousOperationId":"ojycsjtgo5uyklh"}
{"type":"log","timestamp":1765110813946,"level":"debug","message":"Executing recipe pptx","meta":{"rootId":"er2h9ry8llis2qy","id":"er2h9ry8llis2qy"},"id":"tb9jgw3zkrz0vff","previousOperationId":"x0qf0rmeu28b1dy"}
{"type":"log","timestamp":1765110813979,"level":"info","message":"pptx generation is starting","meta":{"rootId":"er2h9ry8llis2qy","id":"er2h9ry8llis2qy"},"id":"5sw1397ahg7k8yn","previousOperationId":"x0qf0rmeu28b1dy"}
{"type":"log","timestamp":1765110815575,"level":"debug","message":"Starting child request to render pptx dynamic parts","meta":{"rootId":"er2h9ry8llis2qy","id":"er2h9ry8llis2qy"},"id":"0xw4g3iaxuwtajh","previousOperationId":"x0qf0rmeu28b1dy"}
{"type":"operationStart","subtype":"render","name":"anonymous","previousOperationId":"x0qf0rmeu28b1dy","timestamp":1765110815575,"id":"msgr50wp6m5hoz1","previousEventId":"g6efyd6yrwyor1z","operationId":"zoy8bxeybv4l97e"}
{"type":"log","timestamp":1765110815576,"level":"info","message":"Starting rendering (child) request","meta":{"rootId":"er2h9ry8llis2qy","id":"ru9t5c5colp1lan"},"id":"v9qv8x20aqgorn3","previousOperationId":"zoy8bxeybv4l97e"}
{"type":"log","timestamp":1765110815576,"level":"info","message":"Rendering anonymous template { recipe: html, engine: handlebars }","meta":{"rootId":"er2h9ry8llis2qy","id":"ru9t5c5colp1lan"},"id":"n1ydk7ib4bcfaoo","previousOperationId":"zoy8bxeybv4l97e"}
{"type":"log","timestamp":1765110815576,"level":"debug","message":"Inline data specified.","meta":{"rootId":"er2h9ry8llis2qy","id":"ru9t5c5colp1lan"},"id":"5vyeqqjnx0zheau","previousOperationId":"zoy8bxeybv4l97e"}
{"type":"log","timestamp":1765110815581,"level":"debug","message":"Base url not specified, skipping its injection.","meta":{"rootId":"er2h9ry8llis2qy","id":"ru9t5c5colp1lan"},"id":"k9xr23d1ab64w89","previousOperationId":"zoy8bxeybv4l97e"}
{"type":"operationStart","subtype":"engine","name":"handlebars","timestamp":1765110815583,"id":"iflp6rs7aj3v2d1","previousEventId":"msgr50wp6m5hoz1","operationId":"l3vatpde0njmxqw","previousOperationId":"zoy8bxeybv4l97e"}
{"type":"log","timestamp":1765110815583,"level":"debug","message":"Rendering engine handlebars","meta":{"rootId":"er2h9ry8llis2qy","id":"ru9t5c5colp1lan"},"id":"d14ze7khsjq9n7s","previousOperationId":"l3vatpde0njmxqw"}
{"type":"operationEnd","operationId":"l3vatpde0njmxqw","timestamp":1765110815703,"id":"j862nmlnj0in70e","previousEventId":"iflp6rs7aj3v2d1","previousOperationId":"l3vatpde0njmxqw"}
{"type":"operationStart","subtype":"recipe","name":"html","timestamp":1765110815717,"id":"7s3w966nkl4rsri","previousEventId":"j862nmlnj0in70e","operationId":"btdxuv2jhygu5tz","previousOperationId":"l3vatpde0njmxqw"}
{"type":"log","timestamp":1765110815717,"level":"debug","message":"Executing recipe html","meta":{"rootId":"er2h9ry8llis2qy","id":"ru9t5c5colp1lan"},"id":"k0dfumopalzy0v4","previousOperationId":"btdxuv2jhygu5tz"}
{"type":"operationEnd","operationId":"btdxuv2jhygu5tz","timestamp":1765110815717,"id":"mcfpsifmwshcsua","previousEventId":"7s3w966nkl4rsri","previousOperationId":"btdxuv2jhygu5tz"}
{"type":"log","timestamp":1765110815718,"level":"debug","message":"Skipping storing report.","meta":{"rootId":"er2h9ry8llis2qy","id":"ru9t5c5colp1lan"},"id":"2bs5ub91knh5a94","previousOperationId":"btdxuv2jhygu5tz"}
{"type":"log","timestamp":1765110815718,"level":"info","message":"Rendering (child) request finished in 1865 ms","meta":{"rootId":"er2h9ry8llis2qy","id":"ru9t5c5colp1lan"},"id":"b3ei26ezycqyxia","previousOperationId":"btdxuv2jhygu5tz"}
{"type":"operationEnd","subtype":"render","operationId":"zoy8bxeybv4l97e","timestamp":1765110815718,"id":"o9hyg0ca6phbi63","previousEventId":"mcfpsifmwshcsua","previousOperationId":"btdxuv2jhygu5tz"}
{"type":"log","timestamp":1765110822397,"level":"debug","message":"pptx successfully zipped","meta":{"rootId":"er2h9ry8llis2qy","id":"er2h9ry8llis2qy"},"id":"fwll5glj856r0lk","previousOperationId":"x0qf0rmeu28b1dy"}
{"type":"log","timestamp":1765110822397,"level":"info","message":"pptx generation was finished","meta":{"rootId":"er2h9ry8llis2qy","id":"er2h9ry8llis2qy"},"id":"e8puwuwjk5yf9wa","previousOperationId":"x0qf0rmeu28b1dy"}
{"type":"operationEnd","operationId":"x0qf0rmeu28b1dy","timestamp":1765110822419,"id":"58463zb3n3y2jxk","previousEventId":"g6efyd6yrwyor1z","previousOperationId":"x0qf0rmeu28b1dy"}
{"type":"log","timestamp":1765110822419,"level":"debug","message":"Skipping storing report.","meta":{"rootId":"er2h9ry8llis2qy","id":"er2h9ry8llis2qy"},"id":"9ybgq1efdtfplvr","previousOperationId":"x0qf0rmeu28b1dy"}
{"type":"log","timestamp":1765110822419,"level":"info","message":"Rendering request 23 finished in 8566 ms","meta":{"rootId":"er2h9ry8llis2qy","id":"er2h9ry8llis2qy"},"id":"l4y4dyz88fs11kc","previousOperationId":"x0qf0rmeu28b1dy"}
{"type":"operationEnd","subtype":"render","operationId":"ev7jpu1s1uksxvd","timestamp":1765110822419,"id":"xg83dezwtxtji0q","previousEventId":"58463zb3n3y2jxk","previousOperationId":"x0qf0rmeu28b1dy"}
{"type":"operationEnd","doDiffs":false,"previousEventId":"sjtoor5vl4sfm9y","previousOperationId":"y32sf3jhoqfr8y6","operationId":"y32sf3jhoqfr8y6","timestamp":1765110822425,"id":"lmo2vrmchdri34p"}
