{"type":"operationStart","subtype":"profile","data":{"_id":"fbVNRFIHyxO7bWRp","timestamp":"2025-12-06T11:47:26.100Z","state":"running","mode":"standard","creationDate":"2025-12-06T11:47:26.103Z","modificationDate":"2025-12-06T11:47:26.103Z","shortid":"VF92UJn","$entitySet":"profiles","timeout":60000},"doDiffs":false,"timestamp":1765021646102,"id":"xen62hzo0hgxw84","previousOperationId":null,"operationId":"m4l66i501kjml71"}
{"type":"log","level":"info","message":"Render request 2 queued for execution and waiting for available worker","previousOperationId":"m4l66i501kjml71","timestamp":1765021646102,"id":"ns8oi1gvignqdu8"}
{"type":"operationStart","subtype":"render","name":"anonymous","previousOperationId":"m4l66i501kjml71","timestamp":1765021646113,"id":"fw8ct6lq5w8t3w6","previousEventId":"xen62hzo0hgxw84","operationId":"rdn2tyugdzdj3je"}
{"type":"log","timestamp":1765021646115,"level":"info","message":"Starting rendering request 2","meta":{"rootId":"f53oq6yx792d7i6","id":"f53oq6yx792d7i6"},"id":"8w237wyp7wr0cd2","previousOperationId":"rdn2tyugdzdj3je"}
{"type":"log","timestamp":1765021646117,"level":"info","message":"Rendering anonymous template { recipe: pptx, engine: handlebars }","meta":{"rootId":"f53oq6yx792d7i6","id":"f53oq6yx792d7i6"},"id":"z7gzeh42pqecyuy","previousOperationId":"rdn2tyugdzdj3je"}
{"type":"log","timestamp":1765021646118,"level":"debug","message":"Inline data specified.","meta":{"rootId":"f53oq6yx792d7i6","id":"f53oq6yx792d7i6"},"id":"2fqdsfsoj9yq3ot","previousOperationId":"rdn2tyugdzdj3je"}
{"type":"log","timestamp":1765021646123,"level":"debug","message":"Base url not specified, skipping its injection.","meta":{"rootId":"f53oq6yx792d7i6","id":"f53oq6yx792d7i6"},"id":"w3hqivipbg0myhu","previousOperationId":"rdn2tyugdzdj3je"}
{"type":"operationStart","subtype":"engine","name":"handlebars","timestamp":1765021646125,"id":"pklw4tqydcbdthk","previousEventId":"fw8ct6lq5w8t3w6","operationId":"0sd6oz06xclq6rl","previousOperationId":"rdn2tyugdzdj3je"}
{"type":"log","timestamp":1765021646125,"level":"debug","message":"Rendering engine handlebars","meta":{"rootId":"f53oq6yx792d7i6","id":"f53oq6yx792d7i6"},"id":"t71uuyta8q0ip95","previousOperationId":"0sd6oz06xclq6rl"}
{"type":"operationEnd","operationId":"0sd6oz06xclq6rl","timestamp":1765021646941,"id":"9lchc224ref3ep0","previousEventId":"pklw4tqydcbdthk","previousOperationId":"0sd6oz06xclq6rl"}
{"type":"operationStart","subtype":"recipe","name":"pptx","timestamp":1765021646942,"id":"6phrdg632wxibv7","previousEventId":"9lchc224ref3ep0","operationId":"u29uhb3hfsqpnav","previousOperationId":"0sd6oz06xclq6rl"}
{"type":"log","timestamp":1765021646942,"level":"debug","message":"Executing recipe pptx","meta":{"rootId":"f53oq6yx792d7i6","id":"f53oq6yx792d7i6"},"id":"5ygyrmbugvmy2o2","previousOperationId":"u29uhb3hfsqpnav"}
{"type":"log","timestamp":1765021647109,"level":"info","message":"pptx generation is starting","meta":{"rootId":"f53oq6yx792d7i6","id":"f53oq6yx792d7i6"},"id":"2snu5otqgb7ys2s","previousOperationId":"u29uhb3hfsqpnav"}
{"type":"log","timestamp":1765021647267,"level":"debug","message":"Starting child request to render pptx dynamic parts","meta":{"rootId":"f53oq6yx792d7i6","id":"f53oq6yx792d7i6"},"id":"f04klzoyyj9oub3","previousOperationId":"u29uhb3hfsqpnav"}
{"type":"operationStart","subtype":"render","name":"anonymous","previousOperationId":"u29uhb3hfsqpnav","timestamp":1765021647268,"id":"wtq0iaguj5s9krj","previousEventId":"6phrdg632wxibv7","operationId":"wxkjk8h6u08eiti"}
{"type":"log","timestamp":1765021647268,"level":"info","message":"Starting rendering (child) request","meta":{"rootId":"f53oq6yx792d7i6","id":"nvjofjijs90cwjw"},"id":"w8nvlbc6rtnb43q","previousOperationId":"wxkjk8h6u08eiti"}
{"type":"log","timestamp":1765021647268,"level":"info","message":"Rendering anonymous template { recipe: html, engine: handlebars }","meta":{"rootId":"f53oq6yx792d7i6","id":"nvjofjijs90cwjw"},"id":"ni1yb3cv4ec4h0k","previousOperationId":"wxkjk8h6u08eiti"}
{"type":"log","timestamp":1765021647268,"level":"debug","message":"Inline data specified.","meta":{"rootId":"f53oq6yx792d7i6","id":"nvjofjijs90cwjw"},"id":"rbm34vl71tf9tll","previousOperationId":"wxkjk8h6u08eiti"}
{"type":"log","timestamp":1765021647272,"level":"debug","message":"Base url not specified, skipping its injection.","meta":{"rootId":"f53oq6yx792d7i6","id":"nvjofjijs90cwjw"},"id":"b5lbbdm94nyaxs9","previousOperationId":"wxkjk8h6u08eiti"}
{"type":"operationStart","subtype":"engine","name":"handlebars","timestamp":1765021647273,"id":"ovwwr86xngc11fc","previousEventId":"wtq0iaguj5s9krj","operationId":"a4bzhr0eocpl7u3","previousOperationId":"wxkjk8h6u08eiti"}
{"type":"log","timestamp":1765021647273,"level":"debug","message":"Rendering engine handlebars","meta":{"rootId":"f53oq6yx792d7i6","id":"nvjofjijs90cwjw"},"id":"7qzd3ssoo04nss2","previousOperationId":"a4bzhr0eocpl7u3"}
{"type":"operationEnd","operationId":"a4bzhr0eocpl7u3","timestamp":1765021647294,"id":"ocrvxh8fu12ezxp","previousEventId":"ovwwr86xngc11fc","previousOperationId":"a4bzhr0eocpl7u3"}
{"type":"operationStart","subtype":"recipe","name":"html","timestamp":1765021647297,"id":"9x7za7p21h6db95","previousEventId":"ocrvxh8fu12ezxp","operationId":"y0pyl3wk13ntfqb","previousOperationId":"a4bzhr0eocpl7u3"}
{"type":"log","timestamp":1765021647297,"level":"debug","message":"Executing recipe html","meta":{"rootId":"f53oq6yx792d7i6","id":"nvjofjijs90cwjw"},"id":"fiuao2x9nwvbk8w","previousOperationId":"y0pyl3wk13ntfqb"}
{"type":"operationEnd","operationId":"y0pyl3wk13ntfqb","timestamp":1765021647297,"id":"07f0mr1cmrz5n96","previousEventId":"9x7za7p21h6db95","previousOperationId":"y0pyl3wk13ntfqb"}
{"type":"log","timestamp":1765021647299,"level":"debug","message":"Skipping storing report.","meta":{"rootId":"f53oq6yx792d7i6","id":"nvjofjijs90cwjw"},"id":"ofxbial0nxpdab2","previousOperationId":"y0pyl3wk13ntfqb"}
{"type":"log","timestamp":1765021647299,"level":"info","message":"Rendering (child) request finished in 1199 ms","meta":{"rootId":"f53oq6yx792d7i6","id":"nvjofjijs90cwjw"},"id":"0u1uen6mq5rke3z","previousOperationId":"y0pyl3wk13ntfqb"}
{"type":"operationEnd","subtype":"render","operationId":"wxkjk8h6u08eiti","timestamp":1765021647299,"id":"oksiemxfhuyedop","previousEventId":"07f0mr1cmrz5n96","previousOperationId":"y0pyl3wk13ntfqb"}
{"type":"log","timestamp":1765021647861,"level":"debug","message":"pptx successfully zipped","meta":{"rootId":"f53oq6yx792d7i6","id":"f53oq6yx792d7i6"},"id":"hv25f9xck9tk2nd","previousOperationId":"u29uhb3hfsqpnav"}
{"type":"log","timestamp":1765021647861,"level":"info","message":"pptx generation was finished","meta":{"rootId":"f53oq6yx792d7i6","id":"f53oq6yx792d7i6"},"id":"2r94tpl5u1p59de","previousOperationId":"u29uhb3hfsqpnav"}
{"type":"operationEnd","operationId":"u29uhb3hfsqpnav","timestamp":1765021647868,"id":"jkkpilkudyhoh1q","previousEventId":"6phrdg632wxibv7","previousOperationId":"u29uhb3hfsqpnav"}
{"type":"log","timestamp":1765021647868,"level":"debug","message":"Skipping storing report.","meta":{"rootId":"f53oq6yx792d7i6","id":"f53oq6yx792d7i6"},"id":"htdve70li9ybsa0","previousOperationId":"u29uhb3hfsqpnav"}
{"type":"log","timestamp":1765021647868,"level":"info","message":"Rendering request 2 finished in 1768 ms","meta":{"rootId":"f53oq6yx792d7i6","id":"f53oq6yx792d7i6"},"id":"knfozpxjkk1kbpz","previousOperationId":"u29uhb3hfsqpnav"}
{"type":"operationEnd","subtype":"render","operationId":"rdn2tyugdzdj3je","timestamp":1765021647868,"id":"k8sny9ky2w020p4","previousEventId":"jkkpilkudyhoh1q","previousOperationId":"u29uhb3hfsqpnav"}
{"type":"operationEnd","doDiffs":false,"previousEventId":"xen62hzo0hgxw84","previousOperationId":"m4l66i501kjml71","operationId":"m4l66i501kjml71","timestamp":1765021647874,"id":"6u3nmgs00m2irzj"}
