{"type":"operationStart","subtype":"profile","data":{"_id":"gcm6XViQyqdkDQTl","timestamp":"2025-12-07T13:13:02.192Z","state":"running","mode":"standard","creationDate":"2025-12-07T13:13:02.197Z","modificationDate":"2025-12-07T13:13:02.197Z","shortid":"CMSGuK2","$entitySet":"profiles","timeout":60000},"doDiffs":false,"timestamp":1765113182195,"id":"95s0d24uswymgs5","previousOperationId":null,"operationId":"pmvi6xxyuq8d2a5"}
{"type":"log","level":"info","message":"Render request 42 queued for execution and waiting for available worker","previousOperationId":"pmvi6xxyuq8d2a5","timestamp":1765113182195,"id":"0xps2cwgkjtobax"}
{"type":"operationStart","subtype":"render","name":"anonymous","previousOperationId":"pmvi6xxyuq8d2a5","timestamp":1765113182247,"id":"f1kgtwajbk1hxx2","previousEventId":"95s0d24uswymgs5","operationId":"0q1fxa6wccn3qf5"}
{"type":"log","timestamp":1765113182248,"level":"info","message":"Starting rendering request 42","meta":{"rootId":"f5czjzbo06s58a9","id":"f5czjzbo06s58a9"},"id":"vwahcg5ry0xx2ug","previousOperationId":"0q1fxa6wccn3qf5"}
{"type":"log","timestamp":1765113182248,"level":"info","message":"Rendering anonymous template { recipe: pptx, engine: handlebars }","meta":{"rootId":"f5czjzbo06s58a9","id":"f5czjzbo06s58a9"},"id":"unihl1ufgew9mt9","previousOperationId":"0q1fxa6wccn3qf5"}
{"type":"log","timestamp":1765113182248,"level":"debug","message":"Inline data specified.","meta":{"rootId":"f5czjzbo06s58a9","id":"f5czjzbo06s58a9"},"id":"hzsffgp7i3391vy","previousOperationId":"0q1fxa6wccn3qf5"}
{"type":"log","timestamp":1765113182251,"level":"debug","message":"Base url not specified, skipping its injection.","meta":{"rootId":"f5czjzbo06s58a9","id":"f5czjzbo06s58a9"},"id":"ppda0zl305hbsgn","previousOperationId":"0q1fxa6wccn3qf5"}
{"type":"operationStart","subtype":"engine","name":"handlebars","timestamp":1765113182252,"id":"v1g46wbmxga55nb","previousEventId":"f1kgtwajbk1hxx2","operationId":"88h4bvufwg4aca6","previousOperationId":"0q1fxa6wccn3qf5"}
{"type":"log","timestamp":1765113182252,"level":"debug","message":"Rendering engine handlebars","meta":{"rootId":"f5czjzbo06s58a9","id":"f5czjzbo06s58a9"},"id":"54by0hk2v12b3cx","previousOperationId":"88h4bvufwg4aca6"}
{"type":"operationEnd","operationId":"88h4bvufwg4aca6","timestamp":1765113182268,"id":"20295wm81eqjoqo","previousEventId":"v1g46wbmxga55nb","previousOperationId":"88h4bvufwg4aca6"}
{"type":"operationStart","subtype":"recipe","name":"pptx","timestamp":1765113182268,"id":"n381t3q417fyjxa","previousEventId":"20295wm81eqjoqo","operationId":"vpfzu8zplibbuiv","previousOperationId":"88h4bvufwg4aca6"}
{"type":"log","timestamp":1765113182268,"level":"debug","message":"Executing recipe pptx","meta":{"rootId":"f5czjzbo06s58a9","id":"f5czjzbo06s58a9"},"id":"fp516vyk8vyi653","previousOperationId":"vpfzu8zplibbuiv"}
{"type":"log","timestamp":1765113182290,"level":"info","message":"pptx generation is starting","meta":{"rootId":"f5czjzbo06s58a9","id":"f5czjzbo06s58a9"},"id":"et7nl5tuyruteb4","previousOperationId":"vpfzu8zplibbuiv"}
{"type":"log","timestamp":1765113183870,"level":"debug","message":"Starting child request to render pptx dynamic parts","meta":{"rootId":"f5czjzbo06s58a9","id":"f5czjzbo06s58a9"},"id":"18mag98g7j8lokx","previousOperationId":"vpfzu8zplibbuiv"}
{"type":"operationStart","subtype":"render","name":"anonymous","previousOperationId":"vpfzu8zplibbuiv","timestamp":1765113183870,"id":"96z1x96iapdkwv2","previousEventId":"n381t3q417fyjxa","operationId":"oqd1rkwqpemi2ki"}
{"type":"log","timestamp":1765113183870,"level":"info","message":"Starting rendering (child) request","meta":{"rootId":"f5czjzbo06s58a9","id":"uv5znfvx3evl220"},"id":"ggco46t30uxsk9c","previousOperationId":"oqd1rkwqpemi2ki"}
{"type":"log","timestamp":1765113183870,"level":"info","message":"Rendering anonymous template { recipe: html, engine: handlebars }","meta":{"rootId":"f5czjzbo06s58a9","id":"uv5znfvx3evl220"},"id":"tre4e1jjmx6m2ak","previousOperationId":"oqd1rkwqpemi2ki"}
{"type":"log","timestamp":1765113183870,"level":"debug","message":"Inline data specified.","meta":{"rootId":"f5czjzbo06s58a9","id":"uv5znfvx3evl220"},"id":"gaxgj52z3oc4wmz","previousOperationId":"oqd1rkwqpemi2ki"}
{"type":"log","timestamp":1765113183877,"level":"debug","message":"Base url not specified, skipping its injection.","meta":{"rootId":"f5czjzbo06s58a9","id":"uv5znfvx3evl220"},"id":"43356khzb9010wm","previousOperationId":"oqd1rkwqpemi2ki"}
{"type":"operationStart","subtype":"engine","name":"handlebars","timestamp":1765113183879,"id":"xjhuuo4rxcce8ch","previousEventId":"96z1x96iapdkwv2","operationId":"12uvfvm0hjb5as3","previousOperationId":"oqd1rkwqpemi2ki"}
{"type":"log","timestamp":1765113183879,"level":"debug","message":"Rendering engine handlebars","meta":{"rootId":"f5czjzbo06s58a9","id":"uv5znfvx3evl220"},"id":"s502qufut1ka7qm","previousOperationId":"12uvfvm0hjb5as3"}
{"type":"operationEnd","operationId":"12uvfvm0hjb5as3","timestamp":1765113183976,"id":"h1cgz76pntt4wtl","previousEventId":"xjhuuo4rxcce8ch","previousOperationId":"12uvfvm0hjb5as3"}
{"type":"operationStart","subtype":"recipe","name":"html","timestamp":1765113183991,"id":"19157sai6uba0sa","previousEventId":"h1cgz76pntt4wtl","operationId":"x9262wv9ta8nl84","previousOperationId":"12uvfvm0hjb5as3"}
{"type":"log","timestamp":1765113183991,"level":"debug","message":"Executing recipe html","meta":{"rootId":"f5czjzbo06s58a9","id":"uv5znfvx3evl220"},"id":"t5pm1e4rwzqct2m","previousOperationId":"x9262wv9ta8nl84"}
{"type":"operationEnd","operationId":"x9262wv9ta8nl84","timestamp":1765113183991,"id":"u4gocd9gf3m0l4f","previousEventId":"19157sai6uba0sa","previousOperationId":"x9262wv9ta8nl84"}
{"type":"log","timestamp":1765113183991,"level":"debug","message":"Skipping storing report.","meta":{"rootId":"f5czjzbo06s58a9","id":"uv5znfvx3evl220"},"id":"0b755os66z6kk4r","previousOperationId":"x9262wv9ta8nl84"}
{"type":"log","timestamp":1765113183991,"level":"info","message":"Rendering (child) request finished in 1800 ms","meta":{"rootId":"f5czjzbo06s58a9","id":"uv5znfvx3evl220"},"id":"3a6vfm0co5fl5j2","previousOperationId":"x9262wv9ta8nl84"}
{"type":"operationEnd","subtype":"render","operationId":"oqd1rkwqpemi2ki","timestamp":1765113183991,"id":"etlqhcdgwvv5cx8","previousEventId":"u4gocd9gf3m0l4f","previousOperationId":"x9262wv9ta8nl84"}
{"type":"log","timestamp":1765113191106,"level":"debug","message":"pptx successfully zipped","meta":{"rootId":"f5czjzbo06s58a9","id":"f5czjzbo06s58a9"},"id":"oca8v8a9iisswq4","previousOperationId":"vpfzu8zplibbuiv"}
{"type":"log","timestamp":1765113191106,"level":"info","message":"pptx generation was finished","meta":{"rootId":"f5czjzbo06s58a9","id":"f5czjzbo06s58a9"},"id":"mmuo9cwgv84jcin","previousOperationId":"vpfzu8zplibbuiv"}
{"type":"operationEnd","operationId":"vpfzu8zplibbuiv","timestamp":1765113191116,"id":"y0orw2okgy7xzmx","previousEventId":"n381t3q417fyjxa","previousOperationId":"vpfzu8zplibbuiv"}
{"type":"log","timestamp":1765113191116,"level":"debug","message":"Skipping storing report.","meta":{"rootId":"f5czjzbo06s58a9","id":"f5czjzbo06s58a9"},"id":"51u4ouf5zy8jg4q","previousOperationId":"vpfzu8zplibbuiv"}
{"type":"log","timestamp":1765113191116,"level":"info","message":"Rendering request 42 finished in 8925 ms","meta":{"rootId":"f5czjzbo06s58a9","id":"f5czjzbo06s58a9"},"id":"46sj1xtgqwu6rwu","previousOperationId":"vpfzu8zplibbuiv"}
{"type":"operationEnd","subtype":"render","operationId":"0q1fxa6wccn3qf5","timestamp":1765113191116,"id":"07gyhl99vaj3xjc","previousEventId":"y0orw2okgy7xzmx","previousOperationId":"vpfzu8zplibbuiv"}
{"type":"operationEnd","doDiffs":false,"previousEventId":"95s0d24uswymgs5","previousOperationId":"pmvi6xxyuq8d2a5","operationId":"pmvi6xxyuq8d2a5","timestamp":1765113191120,"id":"gcay0evyddjj6ky"}
