{"type":"operationStart","subtype":"profile","data":{"_id":"bD56M2p5sf0NxMBw","timestamp":"2025-12-06T11:14:01.619Z","state":"running","mode":"standard","creationDate":"2025-12-06T11:14:01.622Z","modificationDate":"2025-12-06T11:14:01.622Z","shortid":"GN3Og3n","$entitySet":"profiles","timeout":60000},"doDiffs":false,"timestamp":1765019641621,"id":"y1a0dxs2qmn82hb","previousOperationId":null,"operationId":"zrrxu1bqqwi4zyj"}
{"type":"log","level":"info","message":"Render request 1 queued for execution and waiting for available worker","previousOperationId":"zrrxu1bqqwi4zyj","timestamp":1765019641621,"id":"e8d2qjq8n899qsb"}
{"type":"operationStart","subtype":"render","name":"anonymous","previousOperationId":"zrrxu1bqqwi4zyj","timestamp":1765019641650,"id":"y64rzibdbr3jxty","previousEventId":"y1a0dxs2qmn82hb","operationId":"fvteqdq8on9vusg"}
{"type":"log","timestamp":1765019641651,"level":"info","message":"Starting rendering request 1","meta":{"rootId":"fa40wkmagwrx3xr","id":"fa40wkmagwrx3xr"},"id":"3c9orop8lfry1dp","previousOperationId":"fvteqdq8on9vusg"}
{"type":"log","timestamp":1765019641652,"level":"info","message":"Rendering anonymous template { recipe: pptx, engine: handlebars }","meta":{"rootId":"fa40wkmagwrx3xr","id":"fa40wkmagwrx3xr"},"id":"sr2vby9b73114cm","previousOperationId":"fvteqdq8on9vusg"}
{"type":"log","timestamp":1765019641652,"level":"debug","message":"Inline data specified.","meta":{"rootId":"fa40wkmagwrx3xr","id":"fa40wkmagwrx3xr"},"id":"2xl83z2vso8xos1","previousOperationId":"fvteqdq8on9vusg"}
{"type":"log","timestamp":1765019641657,"level":"debug","message":"Base url not specified, skipping its injection.","meta":{"rootId":"fa40wkmagwrx3xr","id":"fa40wkmagwrx3xr"},"id":"n2gtdnx1fq4f0x8","previousOperationId":"fvteqdq8on9vusg"}
{"type":"operationStart","subtype":"engine","name":"handlebars","timestamp":1765019641658,"id":"buczf5xcc8incrn","previousEventId":"y64rzibdbr3jxty","operationId":"os5lvy9nsep4bbg","previousOperationId":"fvteqdq8on9vusg"}
{"type":"log","timestamp":1765019641658,"level":"debug","message":"Rendering engine handlebars","meta":{"rootId":"fa40wkmagwrx3xr","id":"fa40wkmagwrx3xr"},"id":"rapcb8zfozadfq4","previousOperationId":"os5lvy9nsep4bbg"}
{"type":"operationEnd","operationId":"os5lvy9nsep4bbg","timestamp":1765019642415,"id":"vfw6xqz4dyw47p3","previousEventId":"buczf5xcc8incrn","previousOperationId":"os5lvy9nsep4bbg"}
{"type":"operationStart","subtype":"recipe","name":"pptx","timestamp":1765019642415,"id":"ge02k5a3c038nbf","previousEventId":"vfw6xqz4dyw47p3","operationId":"evf5v2457w2u63q","previousOperationId":"os5lvy9nsep4bbg"}
{"type":"log","timestamp":1765019642415,"level":"debug","message":"Executing recipe pptx","meta":{"rootId":"fa40wkmagwrx3xr","id":"fa40wkmagwrx3xr"},"id":"6q1agh8iave80y0","previousOperationId":"evf5v2457w2u63q"}
{"type":"log","timestamp":1765019642550,"level":"info","message":"pptx generation is starting","meta":{"rootId":"fa40wkmagwrx3xr","id":"fa40wkmagwrx3xr"},"id":"nrsbfvfhggvqyf9","previousOperationId":"evf5v2457w2u63q"}
{"type":"log","timestamp":1765019642699,"level":"debug","message":"Starting child request to render pptx dynamic parts","meta":{"rootId":"fa40wkmagwrx3xr","id":"fa40wkmagwrx3xr"},"id":"x937b568bp5md8y","previousOperationId":"evf5v2457w2u63q"}
{"type":"operationStart","subtype":"render","name":"anonymous","previousOperationId":"evf5v2457w2u63q","timestamp":1765019642701,"id":"i9z5r4gx4rcumy8","previousEventId":"ge02k5a3c038nbf","operationId":"bjpcz9j239p257x"}
{"type":"log","timestamp":1765019642701,"level":"info","message":"Starting rendering (child) request","meta":{"rootId":"fa40wkmagwrx3xr","id":"oicnimojq6j0p6x"},"id":"l9nhx6ishuzw6bl","previousOperationId":"bjpcz9j239p257x"}
{"type":"log","timestamp":1765019642701,"level":"info","message":"Rendering anonymous template { recipe: html, engine: handlebars }","meta":{"rootId":"fa40wkmagwrx3xr","id":"oicnimojq6j0p6x"},"id":"a8bfsj7xqi3uqx3","previousOperationId":"bjpcz9j239p257x"}
{"type":"log","timestamp":1765019642701,"level":"debug","message":"Inline data specified.","meta":{"rootId":"fa40wkmagwrx3xr","id":"oicnimojq6j0p6x"},"id":"fqyw2yg2q5u1w7d","previousOperationId":"bjpcz9j239p257x"}
{"type":"log","timestamp":1765019642705,"level":"debug","message":"Base url not specified, skipping its injection.","meta":{"rootId":"fa40wkmagwrx3xr","id":"oicnimojq6j0p6x"},"id":"si391navgwtot29","previousOperationId":"bjpcz9j239p257x"}
{"type":"operationStart","subtype":"engine","name":"handlebars","timestamp":1765019642706,"id":"uymhzs7bysic37u","previousEventId":"i9z5r4gx4rcumy8","operationId":"f1gh2cld5pcz7vf","previousOperationId":"bjpcz9j239p257x"}
{"type":"log","timestamp":1765019642706,"level":"debug","message":"Rendering engine handlebars","meta":{"rootId":"fa40wkmagwrx3xr","id":"oicnimojq6j0p6x"},"id":"3foih9iqqn31aue","previousOperationId":"f1gh2cld5pcz7vf"}
{"type":"operationEnd","operationId":"f1gh2cld5pcz7vf","timestamp":1765019642725,"id":"d9qgnarphb54afk","previousEventId":"uymhzs7bysic37u","previousOperationId":"f1gh2cld5pcz7vf"}
{"type":"operationStart","subtype":"recipe","name":"html","timestamp":1765019642727,"id":"61we15n2nxmjtu5","previousEventId":"d9qgnarphb54afk","operationId":"n5b6qjqgfqfbpc8","previousOperationId":"f1gh2cld5pcz7vf"}
{"type":"log","timestamp":1765019642727,"level":"debug","message":"Executing recipe html","meta":{"rootId":"fa40wkmagwrx3xr","id":"oicnimojq6j0p6x"},"id":"qacrpuhka9u25ta","previousOperationId":"n5b6qjqgfqfbpc8"}
{"type":"operationEnd","operationId":"n5b6qjqgfqfbpc8","timestamp":1765019642727,"id":"y6qgo9xv6jf8q3t","previousEventId":"61we15n2nxmjtu5","previousOperationId":"n5b6qjqgfqfbpc8"}
{"type":"log","timestamp":1765019642728,"level":"debug","message":"Skipping storing report.","meta":{"rootId":"fa40wkmagwrx3xr","id":"oicnimojq6j0p6x"},"id":"3rbsgaxrkdjcbn5","previousOperationId":"n5b6qjqgfqfbpc8"}
{"type":"log","timestamp":1765019642728,"level":"info","message":"Rendering (child) request finished in 1111 ms","meta":{"rootId":"fa40wkmagwrx3xr","id":"oicnimojq6j0p6x"},"id":"0mfler0cpk9mick","previousOperationId":"n5b6qjqgfqfbpc8"}
{"type":"operationEnd","subtype":"render","operationId":"bjpcz9j239p257x","timestamp":1765019642728,"id":"doicjt4bwkjzi9d","previousEventId":"y6qgo9xv6jf8q3t","previousOperationId":"n5b6qjqgfqfbpc8"}
{"type":"log","timestamp":1765019644247,"level":"debug","message":"pptx successfully zipped","meta":{"rootId":"fa40wkmagwrx3xr","id":"fa40wkmagwrx3xr"},"id":"4pmfsco1w8d9umo","previousOperationId":"evf5v2457w2u63q"}
{"type":"log","timestamp":1765019644247,"level":"info","message":"pptx generation was finished","meta":{"rootId":"fa40wkmagwrx3xr","id":"fa40wkmagwrx3xr"},"id":"bojfrirt5fi4tf1","previousOperationId":"evf5v2457w2u63q"}
{"type":"operationEnd","operationId":"evf5v2457w2u63q","timestamp":1765019644253,"id":"wjeedrpya12ma6b","previousEventId":"ge02k5a3c038nbf","previousOperationId":"evf5v2457w2u63q"}
{"type":"log","timestamp":1765019644253,"level":"debug","message":"Skipping storing report.","meta":{"rootId":"fa40wkmagwrx3xr","id":"fa40wkmagwrx3xr"},"id":"6aghdtt5bm9uzdt","previousOperationId":"evf5v2457w2u63q"}
{"type":"log","timestamp":1765019644253,"level":"info","message":"Rendering request 1 finished in 2636 ms","meta":{"rootId":"fa40wkmagwrx3xr","id":"fa40wkmagwrx3xr"},"id":"mjcxej6n56o0x57","previousOperationId":"evf5v2457w2u63q"}
{"type":"operationEnd","subtype":"render","operationId":"fvteqdq8on9vusg","timestamp":1765019644253,"id":"j5t3u1ymd7rvtn7","previousEventId":"wjeedrpya12ma6b","previousOperationId":"evf5v2457w2u63q"}
{"type":"operationEnd","doDiffs":false,"previousEventId":"y1a0dxs2qmn82hb","previousOperationId":"zrrxu1bqqwi4zyj","operationId":"zrrxu1bqqwi4zyj","timestamp":1765019644259,"id":"xlc4apfv49x59so"}
