{"type":"operationStart","subtype":"profile","data":{"_id":"DceL8YgULfFaF4AJ","timestamp":"2025-12-05T12:03:21.504Z","state":"running","mode":"standard","creationDate":"2025-12-05T12:03:21.508Z","modificationDate":"2025-12-05T12:03:21.508Z","shortid":"_nnWhGg","$entitySet":"profiles","timeout":60000},"doDiffs":false,"timestamp":1764936201507,"id":"f8syzqckqcbqx9c","previousOperationId":null,"operationId":"e4rybbqauluirl1"}
{"type":"log","level":"info","message":"Render request 7 queued for execution and waiting for available worker","previousOperationId":"e4rybbqauluirl1","timestamp":1764936201507,"id":"c4ss9nq78ocynhb"}
{"type":"operationStart","subtype":"render","name":"anonymous","previousOperationId":"e4rybbqauluirl1","timestamp":1764936201517,"id":"m0e48sqa7d6hipp","previousEventId":"f8syzqckqcbqx9c","operationId":"vk9ybn0yir9gdxl"}
{"type":"log","timestamp":1764936201517,"level":"info","message":"Starting rendering request 7","meta":{"rootId":"fq1mfxkbt96fdgv","id":"fq1mfxkbt96fdgv"},"id":"v2gnxzmttg2eypp","previousOperationId":"vk9ybn0yir9gdxl"}
{"type":"log","timestamp":1764936201517,"level":"info","message":"Rendering anonymous template { recipe: pptx, engine: handlebars }","meta":{"rootId":"fq1mfxkbt96fdgv","id":"fq1mfxkbt96fdgv"},"id":"bbsr4yjl28r7135","previousOperationId":"vk9ybn0yir9gdxl"}
{"type":"log","timestamp":1764936201517,"level":"debug","message":"Inline data specified.","meta":{"rootId":"fq1mfxkbt96fdgv","id":"fq1mfxkbt96fdgv"},"id":"4c7ug4ucmejyv6g","previousOperationId":"vk9ybn0yir9gdxl"}
{"type":"log","timestamp":1764936201519,"level":"debug","message":"Base url not specified, skipping its injection.","meta":{"rootId":"fq1mfxkbt96fdgv","id":"fq1mfxkbt96fdgv"},"id":"4dw2dsicw3euvzr","previousOperationId":"vk9ybn0yir9gdxl"}
{"type":"operationStart","subtype":"engine","name":"handlebars","timestamp":1764936201520,"id":"nxqo7xeqofbzyif","previousEventId":"m0e48sqa7d6hipp","operationId":"kh17umdnf6jf5zp","previousOperationId":"vk9ybn0yir9gdxl"}
{"type":"log","timestamp":1764936201520,"level":"debug","message":"Rendering engine handlebars","meta":{"rootId":"fq1mfxkbt96fdgv","id":"fq1mfxkbt96fdgv"},"id":"izpipa0wpw0u52k","previousOperationId":"kh17umdnf6jf5zp"}
{"type":"operationEnd","operationId":"kh17umdnf6jf5zp","timestamp":1764936201535,"id":"154b4piomobzyo5","previousEventId":"nxqo7xeqofbzyif","previousOperationId":"kh17umdnf6jf5zp"}
{"type":"operationStart","subtype":"recipe","name":"pptx","timestamp":1764936201535,"id":"06fqmv90crd11e0","previousEventId":"154b4piomobzyo5","operationId":"20j02jj2rkdbfgc","previousOperationId":"kh17umdnf6jf5zp"}
{"type":"log","timestamp":1764936201535,"level":"debug","message":"Executing recipe pptx","meta":{"rootId":"fq1mfxkbt96fdgv","id":"fq1mfxkbt96fdgv"},"id":"zzw77fbpnzo5df7","previousOperationId":"20j02jj2rkdbfgc"}
{"type":"log","timestamp":1764936201536,"level":"info","message":"pptx generation is starting","meta":{"rootId":"fq1mfxkbt96fdgv","id":"fq1mfxkbt96fdgv"},"id":"79jyt4k8q4wumt6","previousOperationId":"20j02jj2rkdbfgc"}
{"type":"log","timestamp":1764936201611,"level":"debug","message":"Starting child request to render pptx dynamic parts","meta":{"rootId":"fq1mfxkbt96fdgv","id":"fq1mfxkbt96fdgv"},"id":"6g2fe0ilcsbwane","previousOperationId":"20j02jj2rkdbfgc"}
{"type":"operationStart","subtype":"render","name":"anonymous","previousOperationId":"20j02jj2rkdbfgc","timestamp":1764936201611,"id":"75djjsmdvi49i33","previousEventId":"06fqmv90crd11e0","operationId":"shh6ao4vm9usa78"}
{"type":"log","timestamp":1764936201611,"level":"info","message":"Starting rendering (child) request","meta":{"rootId":"fq1mfxkbt96fdgv","id":"dmna0u11v6jav32"},"id":"4zk22gkuzdx0pvi","previousOperationId":"shh6ao4vm9usa78"}
{"type":"log","timestamp":1764936201611,"level":"info","message":"Rendering anonymous template { recipe: html, engine: handlebars }","meta":{"rootId":"fq1mfxkbt96fdgv","id":"dmna0u11v6jav32"},"id":"yxtrgiy2yo1w05y","previousOperationId":"shh6ao4vm9usa78"}
{"type":"log","timestamp":1764936201611,"level":"debug","message":"Inline data specified.","meta":{"rootId":"fq1mfxkbt96fdgv","id":"dmna0u11v6jav32"},"id":"tjp0tutp8va4tl5","previousOperationId":"shh6ao4vm9usa78"}
{"type":"log","timestamp":1764936201617,"level":"debug","message":"Base url not specified, skipping its injection.","meta":{"rootId":"fq1mfxkbt96fdgv","id":"dmna0u11v6jav32"},"id":"prncqbrtmojitx9","previousOperationId":"shh6ao4vm9usa78"}
{"type":"operationStart","subtype":"engine","name":"handlebars","timestamp":1764936201617,"id":"ezxazv912jvhtdc","previousEventId":"75djjsmdvi49i33","operationId":"sp47oajtzjsnmm1","previousOperationId":"shh6ao4vm9usa78"}
{"type":"log","timestamp":1764936201617,"level":"debug","message":"Rendering engine handlebars","meta":{"rootId":"fq1mfxkbt96fdgv","id":"dmna0u11v6jav32"},"id":"qan4r86ar43howg","previousOperationId":"sp47oajtzjsnmm1"}
{"type":"operationEnd","operationId":"sp47oajtzjsnmm1","timestamp":1764936201639,"id":"ppt5zb37fjwvb48","previousEventId":"ezxazv912jvhtdc","previousOperationId":"sp47oajtzjsnmm1"}
{"type":"operationStart","subtype":"recipe","name":"html","timestamp":1764936201640,"id":"pvrq2qz8p4i9cdd","previousEventId":"ppt5zb37fjwvb48","operationId":"lw9kthp6enao70w","previousOperationId":"sp47oajtzjsnmm1"}
{"type":"log","timestamp":1764936201640,"level":"debug","message":"Executing recipe html","meta":{"rootId":"fq1mfxkbt96fdgv","id":"dmna0u11v6jav32"},"id":"ncd9dsbd55f2vzg","previousOperationId":"lw9kthp6enao70w"}
{"type":"operationEnd","operationId":"lw9kthp6enao70w","timestamp":1764936201641,"id":"fd86ifk0cbw1y9i","previousEventId":"pvrq2qz8p4i9cdd","previousOperationId":"lw9kthp6enao70w"}
{"type":"log","timestamp":1764936201641,"level":"debug","message":"Skipping storing report.","meta":{"rootId":"fq1mfxkbt96fdgv","id":"dmna0u11v6jav32"},"id":"6ocu9tcw7ww7nia","previousOperationId":"lw9kthp6enao70w"}
{"type":"log","timestamp":1764936201641,"level":"info","message":"Rendering (child) request finished in 138 ms","meta":{"rootId":"fq1mfxkbt96fdgv","id":"dmna0u11v6jav32"},"id":"6lj96jo2eac9osb","previousOperationId":"lw9kthp6enao70w"}
{"type":"operationEnd","subtype":"render","operationId":"shh6ao4vm9usa78","timestamp":1764936201641,"id":"u8qeb3f8zijm058","previousEventId":"fd86ifk0cbw1y9i","previousOperationId":"lw9kthp6enao70w"}
{"type":"log","timestamp":1764936201707,"level":"debug","message":"pptx successfully zipped","meta":{"rootId":"fq1mfxkbt96fdgv","id":"fq1mfxkbt96fdgv"},"id":"j0zbzp22ywedakd","previousOperationId":"20j02jj2rkdbfgc"}
{"type":"log","timestamp":1764936201707,"level":"info","message":"pptx generation was finished","meta":{"rootId":"fq1mfxkbt96fdgv","id":"fq1mfxkbt96fdgv"},"id":"q4cxmy9j6mr8ldh","previousOperationId":"20j02jj2rkdbfgc"}
{"type":"operationEnd","operationId":"20j02jj2rkdbfgc","timestamp":1764936201709,"id":"z0dtn2n42732lrk","previousEventId":"06fqmv90crd11e0","previousOperationId":"20j02jj2rkdbfgc"}
{"type":"log","timestamp":1764936201709,"level":"debug","message":"Skipping storing report.","meta":{"rootId":"fq1mfxkbt96fdgv","id":"fq1mfxkbt96fdgv"},"id":"jzm56tmpn57ne5c","previousOperationId":"20j02jj2rkdbfgc"}
{"type":"log","timestamp":1764936201710,"level":"info","message":"Rendering request 7 finished in 207 ms","meta":{"rootId":"fq1mfxkbt96fdgv","id":"fq1mfxkbt96fdgv"},"id":"ifqaxu2pv8y7x8x","previousOperationId":"20j02jj2rkdbfgc"}
{"type":"operationEnd","subtype":"render","operationId":"vk9ybn0yir9gdxl","timestamp":1764936201710,"id":"l4d97p4fbcpky84","previousEventId":"z0dtn2n42732lrk","previousOperationId":"20j02jj2rkdbfgc"}
{"type":"operationEnd","doDiffs":false,"previousEventId":"f8syzqckqcbqx9c","previousOperationId":"e4rybbqauluirl1","operationId":"e4rybbqauluirl1","timestamp":1764936201713,"id":"vyxd0qtzgipkg1y"}
