{"type":"operationStart","subtype":"profile","data":{"_id":"HbuvtzXUX9hZBeLC","timestamp":"2025-12-05T17:59:31.446Z","state":"running","mode":"standard","creationDate":"2025-12-05T17:59:31.450Z","modificationDate":"2025-12-05T17:59:31.450Z","shortid":"3l8SN15","$entitySet":"profiles","timeout":60000},"doDiffs":false,"timestamp":1764957571449,"id":"kzharc22v12k4xe","previousOperationId":null,"operationId":"cmod6jl1fhqqy9a"}
{"type":"log","level":"info","message":"Render request 6 queued for execution and waiting for available worker","previousOperationId":"cmod6jl1fhqqy9a","timestamp":1764957571449,"id":"ga8cumxqm3ydot1"}
{"type":"operationStart","subtype":"render","name":"anonymous","previousOperationId":"cmod6jl1fhqqy9a","timestamp":1764957571461,"id":"s1xtsglm62rw6ho","previousEventId":"kzharc22v12k4xe","operationId":"ccuazm3ynaircrj"}
{"type":"log","timestamp":1764957571461,"level":"info","message":"Starting rendering request 6","meta":{"rootId":"fqz4bhkydq1pu7j","id":"fqz4bhkydq1pu7j"},"id":"8vjisbtg0kx6y6v","previousOperationId":"ccuazm3ynaircrj"}
{"type":"log","timestamp":1764957571461,"level":"info","message":"Rendering anonymous template { recipe: pptx, engine: handlebars }","meta":{"rootId":"fqz4bhkydq1pu7j","id":"fqz4bhkydq1pu7j"},"id":"s4nukizj85zkk2f","previousOperationId":"ccuazm3ynaircrj"}
{"type":"log","timestamp":1764957571461,"level":"debug","message":"Inline data specified.","meta":{"rootId":"fqz4bhkydq1pu7j","id":"fqz4bhkydq1pu7j"},"id":"v5zql54khfn258r","previousOperationId":"ccuazm3ynaircrj"}
{"type":"log","timestamp":1764957571464,"level":"debug","message":"Base url not specified, skipping its injection.","meta":{"rootId":"fqz4bhkydq1pu7j","id":"fqz4bhkydq1pu7j"},"id":"rufjijccuvnaxew","previousOperationId":"ccuazm3ynaircrj"}
{"type":"operationStart","subtype":"engine","name":"handlebars","timestamp":1764957571464,"id":"ue1cx0j0m1eqjyh","previousEventId":"s1xtsglm62rw6ho","operationId":"o7bqrms44dysscr","previousOperationId":"ccuazm3ynaircrj"}
{"type":"log","timestamp":1764957571464,"level":"debug","message":"Rendering engine handlebars","meta":{"rootId":"fqz4bhkydq1pu7j","id":"fqz4bhkydq1pu7j"},"id":"q8lmgnpbkhs1ps7","previousOperationId":"o7bqrms44dysscr"}
{"type":"operationEnd","operationId":"o7bqrms44dysscr","timestamp":1764957571481,"id":"s7ggo7cvc63kgl5","previousEventId":"ue1cx0j0m1eqjyh","previousOperationId":"o7bqrms44dysscr"}
{"type":"operationStart","subtype":"recipe","name":"pptx","timestamp":1764957571481,"id":"i9yoqjhhmun5sqt","previousEventId":"s7ggo7cvc63kgl5","operationId":"lqomgl0uz8m0jja","previousOperationId":"o7bqrms44dysscr"}
{"type":"log","timestamp":1764957571482,"level":"debug","message":"Executing recipe pptx","meta":{"rootId":"fqz4bhkydq1pu7j","id":"fqz4bhkydq1pu7j"},"id":"j9uou9kncceawe9","previousOperationId":"lqomgl0uz8m0jja"}
{"type":"log","timestamp":1764957571482,"level":"info","message":"pptx generation is starting","meta":{"rootId":"fqz4bhkydq1pu7j","id":"fqz4bhkydq1pu7j"},"id":"kgzdefh73kbc053","previousOperationId":"lqomgl0uz8m0jja"}
{"type":"log","timestamp":1764957571575,"level":"debug","message":"Starting child request to render pptx dynamic parts","meta":{"rootId":"fqz4bhkydq1pu7j","id":"fqz4bhkydq1pu7j"},"id":"25msbp6ktdkotzj","previousOperationId":"lqomgl0uz8m0jja"}
{"type":"operationStart","subtype":"render","name":"anonymous","previousOperationId":"lqomgl0uz8m0jja","timestamp":1764957571575,"id":"4clw5ve8dbnpu9o","previousEventId":"i9yoqjhhmun5sqt","operationId":"fh12b1wrbrz4lba"}
{"type":"log","timestamp":1764957571575,"level":"info","message":"Starting rendering (child) request","meta":{"rootId":"fqz4bhkydq1pu7j","id":"9ngmkt6ad9xqhxn"},"id":"elgqh5vrkeibleo","previousOperationId":"fh12b1wrbrz4lba"}
{"type":"log","timestamp":1764957571575,"level":"info","message":"Rendering anonymous template { recipe: html, engine: handlebars }","meta":{"rootId":"fqz4bhkydq1pu7j","id":"9ngmkt6ad9xqhxn"},"id":"gzo0yg8iggz4a1f","previousOperationId":"fh12b1wrbrz4lba"}
{"type":"log","timestamp":1764957571575,"level":"debug","message":"Inline data specified.","meta":{"rootId":"fqz4bhkydq1pu7j","id":"9ngmkt6ad9xqhxn"},"id":"7msrp2q9h0rrfkz","previousOperationId":"fh12b1wrbrz4lba"}
{"type":"log","timestamp":1764957571581,"level":"debug","message":"Base url not specified, skipping its injection.","meta":{"rootId":"fqz4bhkydq1pu7j","id":"9ngmkt6ad9xqhxn"},"id":"mun0mhwupe8jubm","previousOperationId":"fh12b1wrbrz4lba"}
{"type":"operationStart","subtype":"engine","name":"handlebars","timestamp":1764957571582,"id":"ndfwy29pp3dz7iw","previousEventId":"4clw5ve8dbnpu9o","operationId":"p6zptsntnbu8npg","previousOperationId":"fh12b1wrbrz4lba"}
{"type":"log","timestamp":1764957571582,"level":"debug","message":"Rendering engine handlebars","meta":{"rootId":"fqz4bhkydq1pu7j","id":"9ngmkt6ad9xqhxn"},"id":"zn9krb130fialts","previousOperationId":"p6zptsntnbu8npg"}
{"type":"operationEnd","operationId":"p6zptsntnbu8npg","timestamp":1764957571605,"id":"k3quiwg2bvcm3lv","previousEventId":"ndfwy29pp3dz7iw","previousOperationId":"p6zptsntnbu8npg"}
{"type":"operationStart","subtype":"recipe","name":"html","timestamp":1764957571606,"id":"6ho7v8dmqu9qwix","previousEventId":"k3quiwg2bvcm3lv","operationId":"3i7gwt86fhgnr36","previousOperationId":"p6zptsntnbu8npg"}
{"type":"log","timestamp":1764957571606,"level":"debug","message":"Executing recipe html","meta":{"rootId":"fqz4bhkydq1pu7j","id":"9ngmkt6ad9xqhxn"},"id":"9zlj6bx6bre4wqr","previousOperationId":"3i7gwt86fhgnr36"}
{"type":"operationEnd","operationId":"3i7gwt86fhgnr36","timestamp":1764957571606,"id":"fh2ggcxaqxk2246","previousEventId":"6ho7v8dmqu9qwix","previousOperationId":"3i7gwt86fhgnr36"}
{"type":"log","timestamp":1764957571606,"level":"debug","message":"Skipping storing report.","meta":{"rootId":"fqz4bhkydq1pu7j","id":"9ngmkt6ad9xqhxn"},"id":"9owg5h6f8f8j13m","previousOperationId":"3i7gwt86fhgnr36"}
{"type":"log","timestamp":1764957571606,"level":"info","message":"Rendering (child) request finished in 161 ms","meta":{"rootId":"fqz4bhkydq1pu7j","id":"9ngmkt6ad9xqhxn"},"id":"kslir5jnvcq1pq1","previousOperationId":"3i7gwt86fhgnr36"}
{"type":"operationEnd","subtype":"render","operationId":"fh12b1wrbrz4lba","timestamp":1764957571606,"id":"nhib5cxd3b3s3j4","previousEventId":"fh2ggcxaqxk2246","previousOperationId":"3i7gwt86fhgnr36"}
{"type":"log","timestamp":1764957571694,"level":"debug","message":"pptx successfully zipped","meta":{"rootId":"fqz4bhkydq1pu7j","id":"fqz4bhkydq1pu7j"},"id":"y3ggvjjwrl33vor","previousOperationId":"lqomgl0uz8m0jja"}
{"type":"log","timestamp":1764957571694,"level":"info","message":"pptx generation was finished","meta":{"rootId":"fqz4bhkydq1pu7j","id":"fqz4bhkydq1pu7j"},"id":"fd4lgezvmf8h0j9","previousOperationId":"lqomgl0uz8m0jja"}
{"type":"operationEnd","operationId":"lqomgl0uz8m0jja","timestamp":1764957571697,"id":"81g8r6cvtfbohs9","previousEventId":"i9yoqjhhmun5sqt","previousOperationId":"lqomgl0uz8m0jja"}
{"type":"log","timestamp":1764957571698,"level":"debug","message":"Skipping storing report.","meta":{"rootId":"fqz4bhkydq1pu7j","id":"fqz4bhkydq1pu7j"},"id":"mjtmjhzotki866z","previousOperationId":"lqomgl0uz8m0jja"}
{"type":"log","timestamp":1764957571698,"level":"info","message":"Rendering request 6 finished in 253 ms","meta":{"rootId":"fqz4bhkydq1pu7j","id":"fqz4bhkydq1pu7j"},"id":"6sps1xm82nrquva","previousOperationId":"lqomgl0uz8m0jja"}
{"type":"operationEnd","subtype":"render","operationId":"ccuazm3ynaircrj","timestamp":1764957571698,"id":"ejnbtbg6rptcrhy","previousEventId":"81g8r6cvtfbohs9","previousOperationId":"lqomgl0uz8m0jja"}
{"type":"operationEnd","doDiffs":false,"previousEventId":"kzharc22v12k4xe","previousOperationId":"cmod6jl1fhqqy9a","operationId":"cmod6jl1fhqqy9a","timestamp":1764957571702,"id":"u5t64pahtj8z5bp"}
