{"type":"operationStart","subtype":"profile","data":{"_id":"6KzRwAAmyT4au0aY","timestamp":"2025-12-04T23:01:28.562Z","state":"running","mode":"standard","creationDate":"2025-12-04T23:01:28.571Z","modificationDate":"2025-12-04T23:01:28.571Z","shortid":"sz_LWbh","$entitySet":"profiles","timeout":60000},"doDiffs":false,"timestamp":1764889288568,"id":"yqtsk30bra23ai8","previousOperationId":null,"operationId":"fqo515l7fqxkvyb"}
{"type":"log","level":"info","message":"Render request 2 queued for execution and waiting for available worker","previousOperationId":"fqo515l7fqxkvyb","timestamp":1764889288569,"id":"ltoqwf1z8ptrrmw"}
{"type":"operationStart","subtype":"render","name":"anonymous","previousOperationId":"fqo515l7fqxkvyb","timestamp":1764889288591,"id":"58x889bstxybu1t","previousEventId":"yqtsk30bra23ai8","operationId":"p70q4d3gcq1v4qx"}
{"type":"log","timestamp":1764889288592,"level":"info","message":"Starting rendering request 2","meta":{"rootId":"g27oyf2dkskwl55","id":"g27oyf2dkskwl55"},"id":"ccbt2hvk7hj9y06","previousOperationId":"p70q4d3gcq1v4qx"}
{"type":"log","timestamp":1764889288593,"level":"info","message":"Rendering anonymous template { recipe: pptx, engine: handlebars }","meta":{"rootId":"g27oyf2dkskwl55","id":"g27oyf2dkskwl55"},"id":"kdafk15t9ncwb9u","previousOperationId":"p70q4d3gcq1v4qx"}
{"type":"log","timestamp":1764889288593,"level":"debug","message":"Inline data specified.","meta":{"rootId":"g27oyf2dkskwl55","id":"g27oyf2dkskwl55"},"id":"2cxvv20iffn4wvs","previousOperationId":"p70q4d3gcq1v4qx"}
{"type":"log","timestamp":1764889288595,"level":"debug","message":"Base url not specified, skipping its injection.","meta":{"rootId":"g27oyf2dkskwl55","id":"g27oyf2dkskwl55"},"id":"b05r9i63n49gjo3","previousOperationId":"p70q4d3gcq1v4qx"}
{"type":"operationStart","subtype":"engine","name":"handlebars","timestamp":1764889288598,"id":"9jdd7wnekkujzk6","previousEventId":"58x889bstxybu1t","operationId":"wovpyi4mwqdsfui","previousOperationId":"p70q4d3gcq1v4qx"}
{"type":"log","timestamp":1764889288598,"level":"debug","message":"Rendering engine handlebars","meta":{"rootId":"g27oyf2dkskwl55","id":"g27oyf2dkskwl55"},"id":"42kqej0r10re8hv","previousOperationId":"wovpyi4mwqdsfui"}
{"type":"operationEnd","operationId":"wovpyi4mwqdsfui","timestamp":1764889289386,"id":"83kwt5fj5fv10pg","previousEventId":"9jdd7wnekkujzk6","previousOperationId":"wovpyi4mwqdsfui"}
{"type":"operationStart","subtype":"recipe","name":"pptx","timestamp":1764889289387,"id":"tzk086ug0gz7wn7","previousEventId":"83kwt5fj5fv10pg","operationId":"wvnr32hxy8mmprl","previousOperationId":"wovpyi4mwqdsfui"}
{"type":"log","timestamp":1764889289388,"level":"debug","message":"Executing recipe pptx","meta":{"rootId":"g27oyf2dkskwl55","id":"g27oyf2dkskwl55"},"id":"yzbg0rvectl0dzh","previousOperationId":"wvnr32hxy8mmprl"}
{"type":"log","timestamp":1764889289543,"level":"info","message":"pptx generation is starting","meta":{"rootId":"g27oyf2dkskwl55","id":"g27oyf2dkskwl55"},"id":"o52he2nv4oa52oz","previousOperationId":"wvnr32hxy8mmprl"}
{"type":"log","timestamp":1764889289745,"level":"debug","message":"Starting child request to render pptx dynamic parts","meta":{"rootId":"g27oyf2dkskwl55","id":"g27oyf2dkskwl55"},"id":"2lclgxnxwcc2wye","previousOperationId":"wvnr32hxy8mmprl"}
{"type":"operationStart","subtype":"render","name":"anonymous","previousOperationId":"wvnr32hxy8mmprl","timestamp":1764889289746,"id":"ntcoa514r464syt","previousEventId":"tzk086ug0gz7wn7","operationId":"l6zrul22fa2ajyw"}
{"type":"log","timestamp":1764889289746,"level":"info","message":"Starting rendering (child) request","meta":{"rootId":"g27oyf2dkskwl55","id":"mglw5vx5wrsxrr2"},"id":"woj5xrkgpu3a8wj","previousOperationId":"l6zrul22fa2ajyw"}
{"type":"log","timestamp":1764889289747,"level":"info","message":"Rendering anonymous template { recipe: html, engine: handlebars }","meta":{"rootId":"g27oyf2dkskwl55","id":"mglw5vx5wrsxrr2"},"id":"fzv6ox50sfzu15b","previousOperationId":"l6zrul22fa2ajyw"}
{"type":"log","timestamp":1764889289747,"level":"debug","message":"Inline data specified.","meta":{"rootId":"g27oyf2dkskwl55","id":"mglw5vx5wrsxrr2"},"id":"p9f0pz78ldbze5r","previousOperationId":"l6zrul22fa2ajyw"}
{"type":"log","timestamp":1764889289751,"level":"debug","message":"Base url not specified, skipping its injection.","meta":{"rootId":"g27oyf2dkskwl55","id":"mglw5vx5wrsxrr2"},"id":"fe5oqxujxpf5wp7","previousOperationId":"l6zrul22fa2ajyw"}
{"type":"operationStart","subtype":"engine","name":"handlebars","timestamp":1764889289752,"id":"szbcu2ooccf02f7","previousEventId":"ntcoa514r464syt","operationId":"6q74s96zkt10s12","previousOperationId":"l6zrul22fa2ajyw"}
{"type":"log","timestamp":1764889289752,"level":"debug","message":"Rendering engine handlebars","meta":{"rootId":"g27oyf2dkskwl55","id":"mglw5vx5wrsxrr2"},"id":"s37tb2h6wpvzwqo","previousOperationId":"6q74s96zkt10s12"}
{"type":"operationEnd","operationId":"6q74s96zkt10s12","timestamp":1764889289807,"id":"f1cah5jbgzy1zcq","previousEventId":"szbcu2ooccf02f7","previousOperationId":"6q74s96zkt10s12"}
{"type":"operationStart","subtype":"recipe","name":"html","timestamp":1764889289810,"id":"462t2jo4et2ib7u","previousEventId":"f1cah5jbgzy1zcq","operationId":"9i9ka0jci2sv659","previousOperationId":"6q74s96zkt10s12"}
{"type":"log","timestamp":1764889289810,"level":"debug","message":"Executing recipe html","meta":{"rootId":"g27oyf2dkskwl55","id":"mglw5vx5wrsxrr2"},"id":"ljh4hji7uj77kqz","previousOperationId":"9i9ka0jci2sv659"}
{"type":"operationEnd","operationId":"9i9ka0jci2sv659","timestamp":1764889289810,"id":"wddg1qfd517ua6x","previousEventId":"462t2jo4et2ib7u","previousOperationId":"9i9ka0jci2sv659"}
{"type":"log","timestamp":1764889289812,"level":"debug","message":"Skipping storing report.","meta":{"rootId":"g27oyf2dkskwl55","id":"mglw5vx5wrsxrr2"},"id":"fwnwju2ani2q7zu","previousOperationId":"9i9ka0jci2sv659"}
{"type":"log","timestamp":1764889289812,"level":"info","message":"Rendering (child) request finished in 1250 ms","meta":{"rootId":"g27oyf2dkskwl55","id":"mglw5vx5wrsxrr2"},"id":"qd295r1wxqop7rz","previousOperationId":"9i9ka0jci2sv659"}
{"type":"operationEnd","subtype":"render","operationId":"l6zrul22fa2ajyw","timestamp":1764889289812,"id":"ehrzxp5mtwwzfv8","previousEventId":"wddg1qfd517ua6x","previousOperationId":"9i9ka0jci2sv659"}
{"type":"log","timestamp":1764889290371,"level":"debug","message":"pptx successfully zipped","meta":{"rootId":"g27oyf2dkskwl55","id":"g27oyf2dkskwl55"},"id":"f4ssyy2mmwwm4zg","previousOperationId":"wvnr32hxy8mmprl"}
{"type":"log","timestamp":1764889290371,"level":"info","message":"pptx generation was finished","meta":{"rootId":"g27oyf2dkskwl55","id":"g27oyf2dkskwl55"},"id":"s0d66fpqdm15oua","previousOperationId":"wvnr32hxy8mmprl"}
{"type":"operationEnd","operationId":"wvnr32hxy8mmprl","timestamp":1764889290376,"id":"z72npmsbctfead6","previousEventId":"tzk086ug0gz7wn7","previousOperationId":"wvnr32hxy8mmprl"}
{"type":"log","timestamp":1764889290377,"level":"debug","message":"Skipping storing report.","meta":{"rootId":"g27oyf2dkskwl55","id":"g27oyf2dkskwl55"},"id":"qg7enlj5of1hah7","previousOperationId":"wvnr32hxy8mmprl"}
{"type":"log","timestamp":1764889290377,"level":"info","message":"Rendering request 2 finished in 1815 ms","meta":{"rootId":"g27oyf2dkskwl55","id":"g27oyf2dkskwl55"},"id":"3zvv1j4ai6hev38","previousOperationId":"wvnr32hxy8mmprl"}
{"type":"operationEnd","subtype":"render","operationId":"p70q4d3gcq1v4qx","timestamp":1764889290377,"id":"bwzoj35lk9j2dgw","previousEventId":"z72npmsbctfead6","previousOperationId":"wvnr32hxy8mmprl"}
{"type":"operationEnd","doDiffs":false,"previousEventId":"yqtsk30bra23ai8","previousOperationId":"fqo515l7fqxkvyb","operationId":"fqo515l7fqxkvyb","timestamp":1764889290381,"id":"w71ghkth4c93ypf"}
