{"type":"operationStart","subtype":"profile","data":{"_id":"KLtWmLDPT5vOQWYz","timestamp":"2025-12-07T12:37:36.858Z","state":"running","mode":"standard","creationDate":"2025-12-07T12:37:36.866Z","modificationDate":"2025-12-07T12:37:36.866Z","shortid":"ldYgCs-","$entitySet":"profiles","timeout":60000},"doDiffs":false,"timestamp":1765111056864,"id":"9a4izcosp8z0bi8","previousOperationId":null,"operationId":"mc4hhz5nhsgv2fh"}
{"type":"log","level":"info","message":"Render request 25 queued for execution and waiting for available worker","previousOperationId":"mc4hhz5nhsgv2fh","timestamp":1765111056864,"id":"hnfqbwm1gyfls5g"}
{"type":"operationStart","subtype":"render","name":"anonymous","previousOperationId":"mc4hhz5nhsgv2fh","timestamp":1765111056933,"id":"28kwthmmgni30sa","previousEventId":"9a4izcosp8z0bi8","operationId":"0t6ebhm4xjj3fll"}
{"type":"log","timestamp":1765111056933,"level":"info","message":"Starting rendering request 25","meta":{"rootId":"g35ogzj7deyh44d","id":"g35ogzj7deyh44d"},"id":"0187f4kjp0jb6nw","previousOperationId":"0t6ebhm4xjj3fll"}
{"type":"log","timestamp":1765111056934,"level":"info","message":"Rendering anonymous template { recipe: pptx, engine: handlebars }","meta":{"rootId":"g35ogzj7deyh44d","id":"g35ogzj7deyh44d"},"id":"1qhe0ht1ar0k96w","previousOperationId":"0t6ebhm4xjj3fll"}
{"type":"log","timestamp":1765111056934,"level":"debug","message":"Inline data specified.","meta":{"rootId":"g35ogzj7deyh44d","id":"g35ogzj7deyh44d"},"id":"1hciq1gpnkcs1sw","previousOperationId":"0t6ebhm4xjj3fll"}
{"type":"log","timestamp":1765111056936,"level":"debug","message":"Base url not specified, skipping its injection.","meta":{"rootId":"g35ogzj7deyh44d","id":"g35ogzj7deyh44d"},"id":"scr4k80hqf780gt","previousOperationId":"0t6ebhm4xjj3fll"}
{"type":"operationStart","subtype":"engine","name":"handlebars","timestamp":1765111056936,"id":"v7r2atyulndx3vv","previousEventId":"28kwthmmgni30sa","operationId":"sc04puh66j5sd72","previousOperationId":"0t6ebhm4xjj3fll"}
{"type":"log","timestamp":1765111056937,"level":"debug","message":"Rendering engine handlebars","meta":{"rootId":"g35ogzj7deyh44d","id":"g35ogzj7deyh44d"},"id":"0x3ydgwppi0ad6y","previousOperationId":"sc04puh66j5sd72"}
{"type":"operationEnd","operationId":"sc04puh66j5sd72","timestamp":1765111056948,"id":"8zy6htsnyne712k","previousEventId":"v7r2atyulndx3vv","previousOperationId":"sc04puh66j5sd72"}
{"type":"operationStart","subtype":"recipe","name":"pptx","timestamp":1765111056948,"id":"dhyriqh8q8dadxp","previousEventId":"8zy6htsnyne712k","operationId":"hczkx2vzs8f176k","previousOperationId":"sc04puh66j5sd72"}
{"type":"log","timestamp":1765111056948,"level":"debug","message":"Executing recipe pptx","meta":{"rootId":"g35ogzj7deyh44d","id":"g35ogzj7deyh44d"},"id":"rqublteuuye3rej","previousOperationId":"hczkx2vzs8f176k"}
{"type":"log","timestamp":1765111056979,"level":"info","message":"pptx generation is starting","meta":{"rootId":"g35ogzj7deyh44d","id":"g35ogzj7deyh44d"},"id":"hzsqtkl105r0o9b","previousOperationId":"hczkx2vzs8f176k"}
{"type":"log","timestamp":1765111058567,"level":"debug","message":"Starting child request to render pptx dynamic parts","meta":{"rootId":"g35ogzj7deyh44d","id":"g35ogzj7deyh44d"},"id":"ehxdh04p6whmbup","previousOperationId":"hczkx2vzs8f176k"}
{"type":"operationStart","subtype":"render","name":"anonymous","previousOperationId":"hczkx2vzs8f176k","timestamp":1765111058567,"id":"noq1kcjjbiq8duv","previousEventId":"dhyriqh8q8dadxp","operationId":"b9lbpuoryhvz7c4"}
{"type":"log","timestamp":1765111058567,"level":"info","message":"Starting rendering (child) request","meta":{"rootId":"g35ogzj7deyh44d","id":"hco5vbot3tz47qm"},"id":"2kjqx6f1xze9ayb","previousOperationId":"b9lbpuoryhvz7c4"}
{"type":"log","timestamp":1765111058568,"level":"info","message":"Rendering anonymous template { recipe: html, engine: handlebars }","meta":{"rootId":"g35ogzj7deyh44d","id":"hco5vbot3tz47qm"},"id":"cmdxbcr15rmcmzz","previousOperationId":"b9lbpuoryhvz7c4"}
{"type":"log","timestamp":1765111058568,"level":"debug","message":"Inline data specified.","meta":{"rootId":"g35ogzj7deyh44d","id":"hco5vbot3tz47qm"},"id":"uyvoqew9h3e1rdj","previousOperationId":"b9lbpuoryhvz7c4"}
{"type":"log","timestamp":1765111058578,"level":"debug","message":"Base url not specified, skipping its injection.","meta":{"rootId":"g35ogzj7deyh44d","id":"hco5vbot3tz47qm"},"id":"4bxlpowu9demmpz","previousOperationId":"b9lbpuoryhvz7c4"}
{"type":"operationStart","subtype":"engine","name":"handlebars","timestamp":1765111058579,"id":"os5e8eorv3zklsh","previousEventId":"noq1kcjjbiq8duv","operationId":"s37zih9stfw94yi","previousOperationId":"b9lbpuoryhvz7c4"}
{"type":"log","timestamp":1765111058579,"level":"debug","message":"Rendering engine handlebars","meta":{"rootId":"g35ogzj7deyh44d","id":"hco5vbot3tz47qm"},"id":"6aw400zio8h4aa1","previousOperationId":"s37zih9stfw94yi"}
{"type":"operationEnd","operationId":"s37zih9stfw94yi","timestamp":1765111058686,"id":"lcpb2rhjlq3192t","previousEventId":"os5e8eorv3zklsh","previousOperationId":"s37zih9stfw94yi"}
{"type":"operationStart","subtype":"recipe","name":"html","timestamp":1765111058702,"id":"1hbxa54diy38exw","previousEventId":"lcpb2rhjlq3192t","operationId":"0fxsgi2zrl219ii","previousOperationId":"s37zih9stfw94yi"}
{"type":"log","timestamp":1765111058702,"level":"debug","message":"Executing recipe html","meta":{"rootId":"g35ogzj7deyh44d","id":"hco5vbot3tz47qm"},"id":"zjyjs07xyl40mzd","previousOperationId":"0fxsgi2zrl219ii"}
{"type":"operationEnd","operationId":"0fxsgi2zrl219ii","timestamp":1765111058702,"id":"5g31hfcrk9bc6rk","previousEventId":"1hbxa54diy38exw","previousOperationId":"0fxsgi2zrl219ii"}
{"type":"log","timestamp":1765111058702,"level":"debug","message":"Skipping storing report.","meta":{"rootId":"g35ogzj7deyh44d","id":"hco5vbot3tz47qm"},"id":"d4jka3dxzwqg4q5","previousOperationId":"0fxsgi2zrl219ii"}
{"type":"log","timestamp":1765111058702,"level":"info","message":"Rendering (child) request finished in 1845 ms","meta":{"rootId":"g35ogzj7deyh44d","id":"hco5vbot3tz47qm"},"id":"lyiwfqkp58tph1j","previousOperationId":"0fxsgi2zrl219ii"}
{"type":"operationEnd","subtype":"render","operationId":"b9lbpuoryhvz7c4","timestamp":1765111058702,"id":"eoerddmbob44kpj","previousEventId":"5g31hfcrk9bc6rk","previousOperationId":"0fxsgi2zrl219ii"}
{"type":"log","timestamp":1765111075109,"level":"debug","message":"pptx successfully zipped","meta":{"rootId":"g35ogzj7deyh44d","id":"g35ogzj7deyh44d"},"id":"2ovkrbmlopxe75j","previousOperationId":"hczkx2vzs8f176k"}
{"type":"log","timestamp":1765111075109,"level":"info","message":"pptx generation was finished","meta":{"rootId":"g35ogzj7deyh44d","id":"g35ogzj7deyh44d"},"id":"4opar4euh5zqana","previousOperationId":"hczkx2vzs8f176k"}
{"type":"operationEnd","operationId":"hczkx2vzs8f176k","timestamp":1765111075120,"id":"og10kgqdvy0j8ka","previousEventId":"dhyriqh8q8dadxp","previousOperationId":"hczkx2vzs8f176k"}
{"type":"log","timestamp":1765111075121,"level":"debug","message":"Skipping storing report.","meta":{"rootId":"g35ogzj7deyh44d","id":"g35ogzj7deyh44d"},"id":"p914omzgiruye7z","previousOperationId":"hczkx2vzs8f176k"}
{"type":"log","timestamp":1765111075121,"level":"info","message":"Rendering request 25 finished in 18264 ms","meta":{"rootId":"g35ogzj7deyh44d","id":"g35ogzj7deyh44d"},"id":"mndb0vy46oqraf1","previousOperationId":"hczkx2vzs8f176k"}
{"type":"operationEnd","subtype":"render","operationId":"0t6ebhm4xjj3fll","timestamp":1765111075121,"id":"ruxheuagfzg9dym","previousEventId":"og10kgqdvy0j8ka","previousOperationId":"hczkx2vzs8f176k"}
{"type":"operationEnd","doDiffs":false,"previousEventId":"9a4izcosp8z0bi8","previousOperationId":"mc4hhz5nhsgv2fh","operationId":"mc4hhz5nhsgv2fh","timestamp":1765111075128,"id":"qadsaqskzwpcrq3"}
