{"type":"operationStart","subtype":"profile","data":{"_id":"AOapR8akNvtYppbD","timestamp":"2025-12-07T13:35:41.043Z","state":"running","mode":"standard","creationDate":"2025-12-07T13:35:41.058Z","modificationDate":"2025-12-07T13:35:41.058Z","shortid":"FmI4V2o","$entitySet":"profiles","timeout":60000},"doDiffs":false,"timestamp":1765114541055,"id":"gxt3we7wju0i48i","previousOperationId":null,"operationId":"a3ft66s0ese01rl"}
{"type":"log","level":"info","message":"Render request 2 queued for execution and waiting for available worker","previousOperationId":"a3ft66s0ese01rl","timestamp":1765114541055,"id":"ow1ohq4xoyqdlil"}
{"type":"operationStart","subtype":"render","name":"anonymous","previousOperationId":"a3ft66s0ese01rl","timestamp":1765114541128,"id":"g4e09txmy06rxmc","previousEventId":"gxt3we7wju0i48i","operationId":"j1y7c392hp4stqq"}
{"type":"log","timestamp":1765114541130,"level":"info","message":"Starting rendering request 2","meta":{"rootId":"gh7g2be7lanuvwf","id":"gh7g2be7lanuvwf"},"id":"9rui45gmjeg7o0m","previousOperationId":"j1y7c392hp4stqq"}
{"type":"log","timestamp":1765114541133,"level":"info","message":"Rendering anonymous template { recipe: pptx, engine: handlebars }","meta":{"rootId":"gh7g2be7lanuvwf","id":"gh7g2be7lanuvwf"},"id":"v7n0f3s8sgwjs0c","previousOperationId":"j1y7c392hp4stqq"}
{"type":"log","timestamp":1765114541134,"level":"debug","message":"Inline data specified.","meta":{"rootId":"gh7g2be7lanuvwf","id":"gh7g2be7lanuvwf"},"id":"vfoxmd3dhkjxi1y","previousOperationId":"j1y7c392hp4stqq"}
{"type":"log","timestamp":1765114541152,"level":"debug","message":"Base url not specified, skipping its injection.","meta":{"rootId":"gh7g2be7lanuvwf","id":"gh7g2be7lanuvwf"},"id":"5emcbz7vdymu6o7","previousOperationId":"j1y7c392hp4stqq"}
{"type":"operationStart","subtype":"engine","name":"handlebars","timestamp":1765114541157,"id":"e6652bgsxga1tma","previousEventId":"g4e09txmy06rxmc","operationId":"am0bqzr9641s7go","previousOperationId":"j1y7c392hp4stqq"}
{"type":"log","timestamp":1765114541157,"level":"debug","message":"Rendering engine handlebars","meta":{"rootId":"gh7g2be7lanuvwf","id":"gh7g2be7lanuvwf"},"id":"dbewbjmtolx3mvy","previousOperationId":"am0bqzr9641s7go"}
{"type":"operationEnd","operationId":"am0bqzr9641s7go","timestamp":1765114542372,"id":"i77pckn6nyzh5c7","previousEventId":"e6652bgsxga1tma","previousOperationId":"am0bqzr9641s7go"}
{"type":"operationStart","subtype":"recipe","name":"pptx","timestamp":1765114542373,"id":"qxd8h36ymtgwhxk","previousEventId":"i77pckn6nyzh5c7","operationId":"6mco33vlh6z13o0","previousOperationId":"am0bqzr9641s7go"}
{"type":"log","timestamp":1765114542374,"level":"debug","message":"Executing recipe pptx","meta":{"rootId":"gh7g2be7lanuvwf","id":"gh7g2be7lanuvwf"},"id":"5xifom5h9lhvj0r","previousOperationId":"6mco33vlh6z13o0"}
{"type":"log","timestamp":1765114542645,"level":"info","message":"pptx generation is starting","meta":{"rootId":"gh7g2be7lanuvwf","id":"gh7g2be7lanuvwf"},"id":"a0gaacm9r60cmm5","previousOperationId":"6mco33vlh6z13o0"}
{"type":"log","timestamp":1765114544409,"level":"debug","message":"Starting child request to render pptx dynamic parts","meta":{"rootId":"gh7g2be7lanuvwf","id":"gh7g2be7lanuvwf"},"id":"xld2e62eg2f5kzv","previousOperationId":"6mco33vlh6z13o0"}
{"type":"operationStart","subtype":"render","name":"anonymous","previousOperationId":"6mco33vlh6z13o0","timestamp":1765114544411,"id":"fr494lepbqb38k7","previousEventId":"qxd8h36ymtgwhxk","operationId":"2tvj4gvhkzviw08"}
{"type":"log","timestamp":1765114544411,"level":"info","message":"Starting rendering (child) request","meta":{"rootId":"gh7g2be7lanuvwf","id":"9t78o1ur4vicxg7"},"id":"j376hhkq6ycx564","previousOperationId":"2tvj4gvhkzviw08"}
{"type":"log","timestamp":1765114544411,"level":"info","message":"Rendering anonymous template { recipe: html, engine: handlebars }","meta":{"rootId":"gh7g2be7lanuvwf","id":"9t78o1ur4vicxg7"},"id":"gptx31w06drlimp","previousOperationId":"2tvj4gvhkzviw08"}
{"type":"log","timestamp":1765114544411,"level":"debug","message":"Inline data specified.","meta":{"rootId":"gh7g2be7lanuvwf","id":"9t78o1ur4vicxg7"},"id":"e58amfk4l6jcq3b","previousOperationId":"2tvj4gvhkzviw08"}
{"type":"log","timestamp":1765114544418,"level":"debug","message":"Base url not specified, skipping its injection.","meta":{"rootId":"gh7g2be7lanuvwf","id":"9t78o1ur4vicxg7"},"id":"p5lle0haxsvgw0b","previousOperationId":"2tvj4gvhkzviw08"}
{"type":"operationStart","subtype":"engine","name":"handlebars","timestamp":1765114544421,"id":"j4p7vv2auswrsoc","previousEventId":"fr494lepbqb38k7","operationId":"a28om1z95j2ddl9","previousOperationId":"2tvj4gvhkzviw08"}
{"type":"log","timestamp":1765114544421,"level":"debug","message":"Rendering engine handlebars","meta":{"rootId":"gh7g2be7lanuvwf","id":"9t78o1ur4vicxg7"},"id":"o6s0hko2evs8206","previousOperationId":"a28om1z95j2ddl9"}
{"type":"operationEnd","operationId":"a28om1z95j2ddl9","timestamp":1765114544558,"id":"bk4hog4qpzeygz0","previousEventId":"j4p7vv2auswrsoc","previousOperationId":"a28om1z95j2ddl9"}
{"type":"operationStart","subtype":"recipe","name":"html","timestamp":1765114544573,"id":"l918zmfu4d1fmnf","previousEventId":"bk4hog4qpzeygz0","operationId":"js3a4jd2qutfwys","previousOperationId":"a28om1z95j2ddl9"}
{"type":"log","timestamp":1765114544573,"level":"debug","message":"Executing recipe html","meta":{"rootId":"gh7g2be7lanuvwf","id":"9t78o1ur4vicxg7"},"id":"o2ihuoie3rtno9h","previousOperationId":"js3a4jd2qutfwys"}
{"type":"operationEnd","operationId":"js3a4jd2qutfwys","timestamp":1765114544573,"id":"wjjphtknqyv64kc","previousEventId":"l918zmfu4d1fmnf","previousOperationId":"js3a4jd2qutfwys"}
{"type":"log","timestamp":1765114544575,"level":"debug","message":"Skipping storing report.","meta":{"rootId":"gh7g2be7lanuvwf","id":"9t78o1ur4vicxg7"},"id":"il5xfy8v8qmma46","previousOperationId":"js3a4jd2qutfwys"}
{"type":"log","timestamp":1765114544575,"level":"info","message":"Rendering (child) request finished in 3533 ms","meta":{"rootId":"gh7g2be7lanuvwf","id":"9t78o1ur4vicxg7"},"id":"8wie5rs8mcwzyq4","previousOperationId":"js3a4jd2qutfwys"}
{"type":"operationEnd","subtype":"render","operationId":"2tvj4gvhkzviw08","timestamp":1765114544575,"id":"w908wn9yd49b86f","previousEventId":"wjjphtknqyv64kc","previousOperationId":"js3a4jd2qutfwys"}
{"type":"log","timestamp":1765114549809,"level":"debug","message":"pptx successfully zipped","meta":{"rootId":"gh7g2be7lanuvwf","id":"gh7g2be7lanuvwf"},"id":"eg66eq92hi40kcw","previousOperationId":"6mco33vlh6z13o0"}
{"type":"log","timestamp":1765114549809,"level":"info","message":"pptx generation was finished","meta":{"rootId":"gh7g2be7lanuvwf","id":"gh7g2be7lanuvwf"},"id":"3wcta952exjcgi6","previousOperationId":"6mco33vlh6z13o0"}
{"type":"operationEnd","operationId":"6mco33vlh6z13o0","timestamp":1765114549823,"id":"ms2bmirw68agysi","previousEventId":"qxd8h36ymtgwhxk","previousOperationId":"6mco33vlh6z13o0"}
{"type":"log","timestamp":1765114549823,"level":"debug","message":"Skipping storing report.","meta":{"rootId":"gh7g2be7lanuvwf","id":"gh7g2be7lanuvwf"},"id":"z0a0ji4a6zmyz4w","previousOperationId":"6mco33vlh6z13o0"}
{"type":"log","timestamp":1765114549823,"level":"info","message":"Rendering request 2 finished in 8781 ms","meta":{"rootId":"gh7g2be7lanuvwf","id":"gh7g2be7lanuvwf"},"id":"ltbxhu1xzjo0mkb","previousOperationId":"6mco33vlh6z13o0"}
{"type":"operationEnd","subtype":"render","operationId":"j1y7c392hp4stqq","timestamp":1765114549823,"id":"erwwqthc9dtpgh8","previousEventId":"ms2bmirw68agysi","previousOperationId":"6mco33vlh6z13o0"}
{"type":"operationEnd","doDiffs":false,"previousEventId":"gxt3we7wju0i48i","previousOperationId":"a3ft66s0ese01rl","operationId":"a3ft66s0ese01rl","timestamp":1765114549829,"id":"w30wls9ss3yao0z"}
