{"type":"operationStart","subtype":"profile","data":{"_id":"ZLVEvRk8PsC9tQOi","timestamp":"2025-12-07T11:41:23.616Z","state":"running","mode":"standard","creationDate":"2025-12-07T11:41:23.621Z","modificationDate":"2025-12-07T11:41:23.621Z","shortid":"MX_4d6h","$entitySet":"profiles","timeout":60000},"doDiffs":false,"timestamp":1765107683619,"id":"36n9ehspw39p1jk","previousOperationId":null,"operationId":"xtrgnp2hqz9oe77"}
{"type":"log","level":"info","message":"Render request 6 queued for execution and waiting for available worker","previousOperationId":"xtrgnp2hqz9oe77","timestamp":1765107683619,"id":"it6m3m4jcczmmdy"}
{"type":"operationStart","subtype":"render","name":"anonymous","previousOperationId":"xtrgnp2hqz9oe77","timestamp":1765107683686,"id":"lfa0ppukjm4wos9","previousEventId":"36n9ehspw39p1jk","operationId":"zxrge5tdtlywqm0"}
{"type":"log","timestamp":1765107683687,"level":"info","message":"Starting rendering request 6","meta":{"rootId":"gqqttvr91lqcbwv","id":"gqqttvr91lqcbwv"},"id":"1kp8zff3ro5g5or","previousOperationId":"zxrge5tdtlywqm0"}
{"type":"log","timestamp":1765107683687,"level":"info","message":"Rendering anonymous template { recipe: pptx, engine: handlebars }","meta":{"rootId":"gqqttvr91lqcbwv","id":"gqqttvr91lqcbwv"},"id":"vjdmewikz3ke4fr","previousOperationId":"zxrge5tdtlywqm0"}
{"type":"log","timestamp":1765107683687,"level":"debug","message":"Inline data specified.","meta":{"rootId":"gqqttvr91lqcbwv","id":"gqqttvr91lqcbwv"},"id":"7sdbn8e2ii1uyg4","previousOperationId":"zxrge5tdtlywqm0"}
{"type":"log","timestamp":1765107683696,"level":"debug","message":"Base url not specified, skipping its injection.","meta":{"rootId":"gqqttvr91lqcbwv","id":"gqqttvr91lqcbwv"},"id":"rax26xnmu7af3fi","previousOperationId":"zxrge5tdtlywqm0"}
{"type":"operationStart","subtype":"engine","name":"handlebars","timestamp":1765107683697,"id":"70hh6ctdb3j94rw","previousEventId":"lfa0ppukjm4wos9","operationId":"tiqc9hg4y621h2u","previousOperationId":"zxrge5tdtlywqm0"}
{"type":"log","timestamp":1765107683697,"level":"debug","message":"Rendering engine handlebars","meta":{"rootId":"gqqttvr91lqcbwv","id":"gqqttvr91lqcbwv"},"id":"mu0bxcb7u020819","previousOperationId":"tiqc9hg4y621h2u"}
{"type":"operationEnd","operationId":"tiqc9hg4y621h2u","timestamp":1765107683712,"id":"li57t81bhulvo2x","previousEventId":"70hh6ctdb3j94rw","previousOperationId":"tiqc9hg4y621h2u"}
{"type":"operationStart","subtype":"recipe","name":"pptx","timestamp":1765107683713,"id":"iq0bxa2vm6pxxer","previousEventId":"li57t81bhulvo2x","operationId":"e64017scwru4non","previousOperationId":"tiqc9hg4y621h2u"}
{"type":"log","timestamp":1765107683713,"level":"debug","message":"Executing recipe pptx","meta":{"rootId":"gqqttvr91lqcbwv","id":"gqqttvr91lqcbwv"},"id":"dmyof20hn5aw5j2","previousOperationId":"e64017scwru4non"}
{"type":"log","timestamp":1765107683738,"level":"info","message":"pptx generation is starting","meta":{"rootId":"gqqttvr91lqcbwv","id":"gqqttvr91lqcbwv"},"id":"dfzsawkf410ziym","previousOperationId":"e64017scwru4non"}
{"type":"log","timestamp":1765107685267,"level":"debug","message":"Starting child request to render pptx dynamic parts","meta":{"rootId":"gqqttvr91lqcbwv","id":"gqqttvr91lqcbwv"},"id":"g771icbaq7in3bu","previousOperationId":"e64017scwru4non"}
{"type":"operationStart","subtype":"render","name":"anonymous","previousOperationId":"e64017scwru4non","timestamp":1765107685268,"id":"a1yjxbnce7bkcg9","previousEventId":"iq0bxa2vm6pxxer","operationId":"y0x5n31jyszzevt"}
{"type":"log","timestamp":1765107685268,"level":"info","message":"Starting rendering (child) request","meta":{"rootId":"gqqttvr91lqcbwv","id":"xuyfk5mozjutq2r"},"id":"5zp79f5jjctjvsf","previousOperationId":"y0x5n31jyszzevt"}
{"type":"log","timestamp":1765107685268,"level":"info","message":"Rendering anonymous template { recipe: html, engine: handlebars }","meta":{"rootId":"gqqttvr91lqcbwv","id":"xuyfk5mozjutq2r"},"id":"pxskrhh267r5p7k","previousOperationId":"y0x5n31jyszzevt"}
{"type":"log","timestamp":1765107685268,"level":"debug","message":"Inline data specified.","meta":{"rootId":"gqqttvr91lqcbwv","id":"xuyfk5mozjutq2r"},"id":"18ip4rvjlfmu4xd","previousOperationId":"y0x5n31jyszzevt"}
{"type":"log","timestamp":1765107685279,"level":"debug","message":"Base url not specified, skipping its injection.","meta":{"rootId":"gqqttvr91lqcbwv","id":"xuyfk5mozjutq2r"},"id":"961bbqcxhg6b02m","previousOperationId":"y0x5n31jyszzevt"}
{"type":"operationStart","subtype":"engine","name":"handlebars","timestamp":1765107685281,"id":"vds6yf1d1b7diws","previousEventId":"a1yjxbnce7bkcg9","operationId":"wucddtyuldjpgy1","previousOperationId":"y0x5n31jyszzevt"}
{"type":"log","timestamp":1765107685281,"level":"debug","message":"Rendering engine handlebars","meta":{"rootId":"gqqttvr91lqcbwv","id":"xuyfk5mozjutq2r"},"id":"p2n4d4lp25jfoho","previousOperationId":"wucddtyuldjpgy1"}
{"type":"operationEnd","operationId":"wucddtyuldjpgy1","timestamp":1765107685383,"id":"8o6tlwck7f36hlf","previousEventId":"vds6yf1d1b7diws","previousOperationId":"wucddtyuldjpgy1"}
{"type":"operationStart","subtype":"recipe","name":"html","timestamp":1765107685397,"id":"43kgsjhqb87kcki","previousEventId":"8o6tlwck7f36hlf","operationId":"mn9cl9bbt6baq6d","previousOperationId":"wucddtyuldjpgy1"}
{"type":"log","timestamp":1765107685397,"level":"debug","message":"Executing recipe html","meta":{"rootId":"gqqttvr91lqcbwv","id":"xuyfk5mozjutq2r"},"id":"gzcyalzec7x2vp7","previousOperationId":"mn9cl9bbt6baq6d"}
{"type":"operationEnd","operationId":"mn9cl9bbt6baq6d","timestamp":1765107685397,"id":"errqev2irzzwr6k","previousEventId":"43kgsjhqb87kcki","previousOperationId":"mn9cl9bbt6baq6d"}
{"type":"log","timestamp":1765107685397,"level":"debug","message":"Skipping storing report.","meta":{"rootId":"gqqttvr91lqcbwv","id":"xuyfk5mozjutq2r"},"id":"riunzokhlfw9lma","previousOperationId":"mn9cl9bbt6baq6d"}
{"type":"log","timestamp":1765107685397,"level":"info","message":"Rendering (child) request finished in 1782 ms","meta":{"rootId":"gqqttvr91lqcbwv","id":"xuyfk5mozjutq2r"},"id":"pq6nmhh1q4lpmav","previousOperationId":"mn9cl9bbt6baq6d"}
{"type":"operationEnd","subtype":"render","operationId":"y0x5n31jyszzevt","timestamp":1765107685397,"id":"jyec1mwlnsw7355","previousEventId":"errqev2irzzwr6k","previousOperationId":"mn9cl9bbt6baq6d"}
{"type":"log","timestamp":1765107698547,"level":"debug","message":"pptx successfully zipped","meta":{"rootId":"gqqttvr91lqcbwv","id":"gqqttvr91lqcbwv"},"id":"enrdwp50yj266xb","previousOperationId":"e64017scwru4non"}
{"type":"log","timestamp":1765107698547,"level":"info","message":"pptx generation was finished","meta":{"rootId":"gqqttvr91lqcbwv","id":"gqqttvr91lqcbwv"},"id":"kg9lpmjfjynj202","previousOperationId":"e64017scwru4non"}
{"type":"operationEnd","operationId":"e64017scwru4non","timestamp":1765107698557,"id":"6s2r6645xmrrqym","previousEventId":"iq0bxa2vm6pxxer","previousOperationId":"e64017scwru4non"}
{"type":"log","timestamp":1765107698558,"level":"debug","message":"Skipping storing report.","meta":{"rootId":"gqqttvr91lqcbwv","id":"gqqttvr91lqcbwv"},"id":"dowlfgj085qv6yp","previousOperationId":"e64017scwru4non"}
{"type":"log","timestamp":1765107698558,"level":"info","message":"Rendering request 6 finished in 14943 ms","meta":{"rootId":"gqqttvr91lqcbwv","id":"gqqttvr91lqcbwv"},"id":"bu9pexu1v7b15ow","previousOperationId":"e64017scwru4non"}
{"type":"operationEnd","subtype":"render","operationId":"zxrge5tdtlywqm0","timestamp":1765107698558,"id":"2lw8sl46klr95r6","previousEventId":"6s2r6645xmrrqym","previousOperationId":"e64017scwru4non"}
{"type":"operationEnd","doDiffs":false,"previousEventId":"36n9ehspw39p1jk","previousOperationId":"xtrgnp2hqz9oe77","operationId":"xtrgnp2hqz9oe77","timestamp":1765107698567,"id":"ttk9fga1d6yxkfz"}
