{"type":"operationStart","subtype":"profile","data":{"_id":"lJfwkXK9iiP6z1Lc","timestamp":"2025-12-05T13:30:15.535Z","state":"running","mode":"standard","creationDate":"2025-12-05T13:30:15.539Z","modificationDate":"2025-12-05T13:30:15.539Z","shortid":"5NrMyNm","$entitySet":"profiles","timeout":60000},"doDiffs":false,"timestamp":1764941415537,"id":"fr7q8f79shba426","previousOperationId":null,"operationId":"b670828hnpq4leu"}
{"type":"log","level":"info","message":"Render request 6 queued for execution and waiting for available worker","previousOperationId":"b670828hnpq4leu","timestamp":1764941415537,"id":"j193mkfxv9fm5k6"}
{"type":"operationStart","subtype":"render","name":"anonymous","previousOperationId":"b670828hnpq4leu","timestamp":1764941415549,"id":"21qen9gvn91j5l8","previousEventId":"fr7q8f79shba426","operationId":"r1jc135sm3ev8qk"}
{"type":"log","timestamp":1764941415550,"level":"info","message":"Starting rendering request 6","meta":{"rootId":"gt1momh5p4kthag","id":"gt1momh5p4kthag"},"id":"erby2oy9pwcmiy0","previousOperationId":"r1jc135sm3ev8qk"}
{"type":"log","timestamp":1764941415550,"level":"info","message":"Rendering anonymous template { recipe: pptx, engine: handlebars }","meta":{"rootId":"gt1momh5p4kthag","id":"gt1momh5p4kthag"},"id":"idbkhicmhbpw3f6","previousOperationId":"r1jc135sm3ev8qk"}
{"type":"log","timestamp":1764941415550,"level":"debug","message":"Inline data specified.","meta":{"rootId":"gt1momh5p4kthag","id":"gt1momh5p4kthag"},"id":"few7by3x5xk1hnj","previousOperationId":"r1jc135sm3ev8qk"}
{"type":"log","timestamp":1764941415552,"level":"debug","message":"Base url not specified, skipping its injection.","meta":{"rootId":"gt1momh5p4kthag","id":"gt1momh5p4kthag"},"id":"xew72ro99bl1lhn","previousOperationId":"r1jc135sm3ev8qk"}
{"type":"operationStart","subtype":"engine","name":"handlebars","timestamp":1764941415552,"id":"awk4mv38ri8g9pr","previousEventId":"21qen9gvn91j5l8","operationId":"casag4lormem3ws","previousOperationId":"r1jc135sm3ev8qk"}
{"type":"log","timestamp":1764941415552,"level":"debug","message":"Rendering engine handlebars","meta":{"rootId":"gt1momh5p4kthag","id":"gt1momh5p4kthag"},"id":"jbapi6hezpk14yi","previousOperationId":"casag4lormem3ws"}
{"type":"operationEnd","operationId":"casag4lormem3ws","timestamp":1764941415560,"id":"3eh6alhzoyr2mur","previousEventId":"awk4mv38ri8g9pr","previousOperationId":"casag4lormem3ws"}
{"type":"operationStart","subtype":"recipe","name":"pptx","timestamp":1764941415560,"id":"6s57xz3v48xwogz","previousEventId":"3eh6alhzoyr2mur","operationId":"2wdi48k1s9rph3k","previousOperationId":"casag4lormem3ws"}
{"type":"log","timestamp":1764941415561,"level":"debug","message":"Executing recipe pptx","meta":{"rootId":"gt1momh5p4kthag","id":"gt1momh5p4kthag"},"id":"5ojpu3mm0thwvbc","previousOperationId":"2wdi48k1s9rph3k"}
{"type":"log","timestamp":1764941415561,"level":"info","message":"pptx generation is starting","meta":{"rootId":"gt1momh5p4kthag","id":"gt1momh5p4kthag"},"id":"9j1nodln8wp5mv1","previousOperationId":"2wdi48k1s9rph3k"}
{"type":"log","timestamp":1764941415657,"level":"debug","message":"Starting child request to render pptx dynamic parts","meta":{"rootId":"gt1momh5p4kthag","id":"gt1momh5p4kthag"},"id":"qgobd7nxwup35j5","previousOperationId":"2wdi48k1s9rph3k"}
{"type":"operationStart","subtype":"render","name":"anonymous","previousOperationId":"2wdi48k1s9rph3k","timestamp":1764941415657,"id":"9ok8ma7spwgahmo","previousEventId":"6s57xz3v48xwogz","operationId":"ps0swezz54kf5he"}
{"type":"log","timestamp":1764941415657,"level":"info","message":"Starting rendering (child) request","meta":{"rootId":"gt1momh5p4kthag","id":"kjbnchxmarwgufu"},"id":"89e25p932jgwipg","previousOperationId":"ps0swezz54kf5he"}
{"type":"log","timestamp":1764941415657,"level":"info","message":"Rendering anonymous template { recipe: html, engine: handlebars }","meta":{"rootId":"gt1momh5p4kthag","id":"kjbnchxmarwgufu"},"id":"xnezpnuxuxtqu9a","previousOperationId":"ps0swezz54kf5he"}
{"type":"log","timestamp":1764941415657,"level":"debug","message":"Inline data specified.","meta":{"rootId":"gt1momh5p4kthag","id":"kjbnchxmarwgufu"},"id":"1nheu8s78ojz7bt","previousOperationId":"ps0swezz54kf5he"}
{"type":"log","timestamp":1764941415663,"level":"debug","message":"Base url not specified, skipping its injection.","meta":{"rootId":"gt1momh5p4kthag","id":"kjbnchxmarwgufu"},"id":"9kdcwlpqlc62zz7","previousOperationId":"ps0swezz54kf5he"}
{"type":"operationStart","subtype":"engine","name":"handlebars","timestamp":1764941415664,"id":"3jzb04l63smp1go","previousEventId":"9ok8ma7spwgahmo","operationId":"4usrgcxbgiwq5qn","previousOperationId":"ps0swezz54kf5he"}
{"type":"log","timestamp":1764941415664,"level":"debug","message":"Rendering engine handlebars","meta":{"rootId":"gt1momh5p4kthag","id":"kjbnchxmarwgufu"},"id":"n9i5jb7epcstely","previousOperationId":"4usrgcxbgiwq5qn"}
{"type":"operationEnd","operationId":"4usrgcxbgiwq5qn","timestamp":1764941415702,"id":"jkqb7sim6eqneaf","previousEventId":"3jzb04l63smp1go","previousOperationId":"4usrgcxbgiwq5qn"}
{"type":"operationStart","subtype":"recipe","name":"html","timestamp":1764941415703,"id":"jjhf90r2ilxihyz","previousEventId":"jkqb7sim6eqneaf","operationId":"l4pi9o17anv6aed","previousOperationId":"4usrgcxbgiwq5qn"}
{"type":"log","timestamp":1764941415703,"level":"debug","message":"Executing recipe html","meta":{"rootId":"gt1momh5p4kthag","id":"kjbnchxmarwgufu"},"id":"8iwwka7u4k0eh8z","previousOperationId":"l4pi9o17anv6aed"}
{"type":"operationEnd","operationId":"l4pi9o17anv6aed","timestamp":1764941415703,"id":"m8xar5o9ubxoum0","previousEventId":"jjhf90r2ilxihyz","previousOperationId":"l4pi9o17anv6aed"}
{"type":"log","timestamp":1764941415703,"level":"debug","message":"Skipping storing report.","meta":{"rootId":"gt1momh5p4kthag","id":"kjbnchxmarwgufu"},"id":"8cr3v110ypw7nag","previousOperationId":"l4pi9o17anv6aed"}
{"type":"log","timestamp":1764941415703,"level":"info","message":"Rendering (child) request finished in 168 ms","meta":{"rootId":"gt1momh5p4kthag","id":"kjbnchxmarwgufu"},"id":"yi8llr6zkx09lm8","previousOperationId":"l4pi9o17anv6aed"}
{"type":"operationEnd","subtype":"render","operationId":"ps0swezz54kf5he","timestamp":1764941415704,"id":"x1m1zjbvatsv3le","previousEventId":"m8xar5o9ubxoum0","previousOperationId":"l4pi9o17anv6aed"}
{"type":"log","timestamp":1764941416813,"level":"debug","message":"pptx successfully zipped","meta":{"rootId":"gt1momh5p4kthag","id":"gt1momh5p4kthag"},"id":"bog9w19500cnsi3","previousOperationId":"2wdi48k1s9rph3k"}
{"type":"log","timestamp":1764941416813,"level":"info","message":"pptx generation was finished","meta":{"rootId":"gt1momh5p4kthag","id":"gt1momh5p4kthag"},"id":"mqyn5vvn88wgnq3","previousOperationId":"2wdi48k1s9rph3k"}
{"type":"operationEnd","operationId":"2wdi48k1s9rph3k","timestamp":1764941416815,"id":"e42zkg8va86ds7s","previousEventId":"6s57xz3v48xwogz","previousOperationId":"2wdi48k1s9rph3k"}
{"type":"log","timestamp":1764941416815,"level":"debug","message":"Skipping storing report.","meta":{"rootId":"gt1momh5p4kthag","id":"gt1momh5p4kthag"},"id":"fo64rjrj08vqtb5","previousOperationId":"2wdi48k1s9rph3k"}
{"type":"log","timestamp":1764941416815,"level":"info","message":"Rendering request 6 finished in 1280 ms","meta":{"rootId":"gt1momh5p4kthag","id":"gt1momh5p4kthag"},"id":"8a4uow1hl0uvvqq","previousOperationId":"2wdi48k1s9rph3k"}
{"type":"operationEnd","subtype":"render","operationId":"r1jc135sm3ev8qk","timestamp":1764941416816,"id":"rsed37xyx2mqa6j","previousEventId":"e42zkg8va86ds7s","previousOperationId":"2wdi48k1s9rph3k"}
{"type":"operationEnd","doDiffs":false,"previousEventId":"fr7q8f79shba426","previousOperationId":"b670828hnpq4leu","operationId":"b670828hnpq4leu","timestamp":1764941416818,"id":"o6gosigxjmw76l6"}
