{"type":"operationStart","subtype":"profile","data":{"_id":"UIbOVUP27QZvQ0YD","timestamp":"2025-12-07T12:47:30.899Z","state":"running","mode":"standard","creationDate":"2025-12-07T12:47:30.904Z","modificationDate":"2025-12-07T12:47:30.904Z","shortid":"siFEsZY","$entitySet":"profiles","timeout":60000},"doDiffs":false,"timestamp":1765111650902,"id":"39hvkqau3md461f","previousOperationId":null,"operationId":"y6pwmhag6f730wu"}
{"type":"log","level":"info","message":"Render request 28 queued for execution and waiting for available worker","previousOperationId":"y6pwmhag6f730wu","timestamp":1765111650903,"id":"5q675k9nvpvh27m"}
{"type":"operationStart","subtype":"render","name":"anonymous","previousOperationId":"y6pwmhag6f730wu","timestamp":1765111650969,"id":"yd136bijzq9o617","previousEventId":"39hvkqau3md461f","operationId":"8htxwm3qv15dmkc"}
{"type":"log","timestamp":1765111650969,"level":"info","message":"Starting rendering request 28","meta":{"rootId":"gyea7tpapvfofqx","id":"gyea7tpapvfofqx"},"id":"z3vjsng0emyls79","previousOperationId":"8htxwm3qv15dmkc"}
{"type":"log","timestamp":1765111650970,"level":"info","message":"Rendering anonymous template { recipe: pptx, engine: handlebars }","meta":{"rootId":"gyea7tpapvfofqx","id":"gyea7tpapvfofqx"},"id":"40kdvqz5qrm5ra7","previousOperationId":"8htxwm3qv15dmkc"}
{"type":"log","timestamp":1765111650970,"level":"debug","message":"Inline data specified.","meta":{"rootId":"gyea7tpapvfofqx","id":"gyea7tpapvfofqx"},"id":"tja72op7u75h57b","previousOperationId":"8htxwm3qv15dmkc"}
{"type":"log","timestamp":1765111650974,"level":"debug","message":"Base url not specified, skipping its injection.","meta":{"rootId":"gyea7tpapvfofqx","id":"gyea7tpapvfofqx"},"id":"gr1y1xvng8pfzrr","previousOperationId":"8htxwm3qv15dmkc"}
{"type":"operationStart","subtype":"engine","name":"handlebars","timestamp":1765111650975,"id":"70gci7mnwj2jr54","previousEventId":"yd136bijzq9o617","operationId":"y4w1f0u5g39svxc","previousOperationId":"8htxwm3qv15dmkc"}
{"type":"log","timestamp":1765111650975,"level":"debug","message":"Rendering engine handlebars","meta":{"rootId":"gyea7tpapvfofqx","id":"gyea7tpapvfofqx"},"id":"ygpsnzwn44fca8k","previousOperationId":"y4w1f0u5g39svxc"}
{"type":"operationEnd","operationId":"y4w1f0u5g39svxc","timestamp":1765111650992,"id":"ifwinzuzzflh56q","previousEventId":"70gci7mnwj2jr54","previousOperationId":"y4w1f0u5g39svxc"}
{"type":"operationStart","subtype":"recipe","name":"pptx","timestamp":1765111650993,"id":"9zfzex2oevjspip","previousEventId":"ifwinzuzzflh56q","operationId":"5ld4j6o8zhn3bu2","previousOperationId":"y4w1f0u5g39svxc"}
{"type":"log","timestamp":1765111650993,"level":"debug","message":"Executing recipe pptx","meta":{"rootId":"gyea7tpapvfofqx","id":"gyea7tpapvfofqx"},"id":"vfsfy0h01x7wpyn","previousOperationId":"5ld4j6o8zhn3bu2"}
{"type":"log","timestamp":1765111651017,"level":"info","message":"pptx generation is starting","meta":{"rootId":"gyea7tpapvfofqx","id":"gyea7tpapvfofqx"},"id":"dmkzgfcq5r0utgx","previousOperationId":"5ld4j6o8zhn3bu2"}
{"type":"log","timestamp":1765111652542,"level":"debug","message":"Starting child request to render pptx dynamic parts","meta":{"rootId":"gyea7tpapvfofqx","id":"gyea7tpapvfofqx"},"id":"7ro11rwn9tlif0w","previousOperationId":"5ld4j6o8zhn3bu2"}
{"type":"operationStart","subtype":"render","name":"anonymous","previousOperationId":"5ld4j6o8zhn3bu2","timestamp":1765111652542,"id":"9migamalycr3b69","previousEventId":"9zfzex2oevjspip","operationId":"k7vl828mnecadhn"}
{"type":"log","timestamp":1765111652543,"level":"info","message":"Starting rendering (child) request","meta":{"rootId":"gyea7tpapvfofqx","id":"gs45itss9if5148"},"id":"lovtotoxby1swu8","previousOperationId":"k7vl828mnecadhn"}
{"type":"log","timestamp":1765111652543,"level":"info","message":"Rendering anonymous template { recipe: html, engine: handlebars }","meta":{"rootId":"gyea7tpapvfofqx","id":"gs45itss9if5148"},"id":"ipom8lb1mw904yh","previousOperationId":"k7vl828mnecadhn"}
{"type":"log","timestamp":1765111652543,"level":"debug","message":"Inline data specified.","meta":{"rootId":"gyea7tpapvfofqx","id":"gs45itss9if5148"},"id":"hpn3spmqms7lcgy","previousOperationId":"k7vl828mnecadhn"}
{"type":"log","timestamp":1765111652549,"level":"debug","message":"Base url not specified, skipping its injection.","meta":{"rootId":"gyea7tpapvfofqx","id":"gs45itss9if5148"},"id":"q7bw7nn0af2usap","previousOperationId":"k7vl828mnecadhn"}
{"type":"operationStart","subtype":"engine","name":"handlebars","timestamp":1765111652550,"id":"pd793nr0c3t6rdi","previousEventId":"9migamalycr3b69","operationId":"a6zxtbu10hjf2td","previousOperationId":"k7vl828mnecadhn"}
{"type":"log","timestamp":1765111652550,"level":"debug","message":"Rendering engine handlebars","meta":{"rootId":"gyea7tpapvfofqx","id":"gs45itss9if5148"},"id":"tdmg9x9xeppivau","previousOperationId":"a6zxtbu10hjf2td"}
{"type":"operationEnd","operationId":"a6zxtbu10hjf2td","timestamp":1765111652649,"id":"3bx18gi2k0l3wmg","previousEventId":"pd793nr0c3t6rdi","previousOperationId":"a6zxtbu10hjf2td"}
{"type":"operationStart","subtype":"recipe","name":"html","timestamp":1765111652663,"id":"2zyww2i9roq80h6","previousEventId":"3bx18gi2k0l3wmg","operationId":"9zqj6ia4m735qv9","previousOperationId":"a6zxtbu10hjf2td"}
{"type":"log","timestamp":1765111652663,"level":"debug","message":"Executing recipe html","meta":{"rootId":"gyea7tpapvfofqx","id":"gs45itss9if5148"},"id":"gufd7epgzjoj0yq","previousOperationId":"9zqj6ia4m735qv9"}
{"type":"operationEnd","operationId":"9zqj6ia4m735qv9","timestamp":1765111652663,"id":"txe8o3427ti4h5b","previousEventId":"2zyww2i9roq80h6","previousOperationId":"9zqj6ia4m735qv9"}
{"type":"log","timestamp":1765111652663,"level":"debug","message":"Skipping storing report.","meta":{"rootId":"gyea7tpapvfofqx","id":"gs45itss9if5148"},"id":"k7gqy6sjpi5m8po","previousOperationId":"9zqj6ia4m735qv9"}
{"type":"log","timestamp":1765111652663,"level":"info","message":"Rendering (child) request finished in 1765 ms","meta":{"rootId":"gyea7tpapvfofqx","id":"gs45itss9if5148"},"id":"3t736sz1x8pud2k","previousOperationId":"9zqj6ia4m735qv9"}
{"type":"operationEnd","subtype":"render","operationId":"k7vl828mnecadhn","timestamp":1765111652663,"id":"vunq9kaztmm913w","previousEventId":"txe8o3427ti4h5b","previousOperationId":"9zqj6ia4m735qv9"}
{"type":"log","timestamp":1765111658800,"level":"debug","message":"pptx successfully zipped","meta":{"rootId":"gyea7tpapvfofqx","id":"gyea7tpapvfofqx"},"id":"u0snp0kt6tjh4ph","previousOperationId":"5ld4j6o8zhn3bu2"}
{"type":"log","timestamp":1765111658800,"level":"info","message":"pptx generation was finished","meta":{"rootId":"gyea7tpapvfofqx","id":"gyea7tpapvfofqx"},"id":"ned13symks685f0","previousOperationId":"5ld4j6o8zhn3bu2"}
{"type":"operationEnd","operationId":"5ld4j6o8zhn3bu2","timestamp":1765111658810,"id":"3syew58l0r5wvh5","previousEventId":"9zfzex2oevjspip","previousOperationId":"5ld4j6o8zhn3bu2"}
{"type":"log","timestamp":1765111658810,"level":"debug","message":"Skipping storing report.","meta":{"rootId":"gyea7tpapvfofqx","id":"gyea7tpapvfofqx"},"id":"so3ugnyz3oo6jss","previousOperationId":"5ld4j6o8zhn3bu2"}
{"type":"log","timestamp":1765111658810,"level":"info","message":"Rendering request 28 finished in 7912 ms","meta":{"rootId":"gyea7tpapvfofqx","id":"gyea7tpapvfofqx"},"id":"d6z7bi3ag2fessh","previousOperationId":"5ld4j6o8zhn3bu2"}
{"type":"operationEnd","subtype":"render","operationId":"8htxwm3qv15dmkc","timestamp":1765111658810,"id":"dmcxc7xmdyqdafn","previousEventId":"3syew58l0r5wvh5","previousOperationId":"5ld4j6o8zhn3bu2"}
{"type":"operationEnd","doDiffs":false,"previousEventId":"39hvkqau3md461f","previousOperationId":"y6pwmhag6f730wu","operationId":"y6pwmhag6f730wu","timestamp":1765111658815,"id":"jfyra1343tpt9h9"}
