{"type":"operationStart","subtype":"profile","data":{"_id":"3Lk96UwWnHaPguwC","timestamp":"2025-12-07T13:04:23.874Z","state":"running","mode":"standard","creationDate":"2025-12-07T13:04:23.879Z","modificationDate":"2025-12-07T13:04:23.879Z","shortid":"J8cZUAF","$entitySet":"profiles","timeout":60000},"doDiffs":false,"timestamp":1765112663877,"id":"57l4ct09wkir2ph","previousOperationId":null,"operationId":"wbqr7ty6aza8pqz"}
{"type":"log","level":"info","message":"Render request 36 queued for execution and waiting for available worker","previousOperationId":"wbqr7ty6aza8pqz","timestamp":1765112663877,"id":"cjpnsevki1bf1ae"}
{"type":"operationStart","subtype":"render","name":"anonymous","previousOperationId":"wbqr7ty6aza8pqz","timestamp":1765112663962,"id":"i4phr2oeyqvd6oj","previousEventId":"57l4ct09wkir2ph","operationId":"wr2tcbjdyi5phaz"}
{"type":"log","timestamp":1765112663962,"level":"info","message":"Starting rendering request 36","meta":{"rootId":"h0vk8qawka8pi3q","id":"h0vk8qawka8pi3q"},"id":"xsx1a08c44xd6ya","previousOperationId":"wr2tcbjdyi5phaz"}
{"type":"log","timestamp":1765112663963,"level":"info","message":"Rendering anonymous template { recipe: pptx, engine: handlebars }","meta":{"rootId":"h0vk8qawka8pi3q","id":"h0vk8qawka8pi3q"},"id":"1eyhd7ivopur21n","previousOperationId":"wr2tcbjdyi5phaz"}
{"type":"log","timestamp":1765112663963,"level":"debug","message":"Inline data specified.","meta":{"rootId":"h0vk8qawka8pi3q","id":"h0vk8qawka8pi3q"},"id":"o0nt76eh9qvyiw4","previousOperationId":"wr2tcbjdyi5phaz"}
{"type":"log","timestamp":1765112663969,"level":"debug","message":"Base url not specified, skipping its injection.","meta":{"rootId":"h0vk8qawka8pi3q","id":"h0vk8qawka8pi3q"},"id":"nzfa8xdbq3ao9mh","previousOperationId":"wr2tcbjdyi5phaz"}
{"type":"operationStart","subtype":"engine","name":"handlebars","timestamp":1765112663970,"id":"rfzdsyysjti6s8b","previousEventId":"i4phr2oeyqvd6oj","operationId":"ghqd08kcllak7ov","previousOperationId":"wr2tcbjdyi5phaz"}
{"type":"log","timestamp":1765112663970,"level":"debug","message":"Rendering engine handlebars","meta":{"rootId":"h0vk8qawka8pi3q","id":"h0vk8qawka8pi3q"},"id":"oq1no7c92jnbjdw","previousOperationId":"ghqd08kcllak7ov"}
{"type":"operationEnd","operationId":"ghqd08kcllak7ov","timestamp":1765112663982,"id":"fpulz3jat1t5p6u","previousEventId":"rfzdsyysjti6s8b","previousOperationId":"ghqd08kcllak7ov"}
{"type":"operationStart","subtype":"recipe","name":"pptx","timestamp":1765112663982,"id":"0yumjw2vy33oapu","previousEventId":"fpulz3jat1t5p6u","operationId":"2upsmz90e6py117","previousOperationId":"ghqd08kcllak7ov"}
{"type":"log","timestamp":1765112663982,"level":"debug","message":"Executing recipe pptx","meta":{"rootId":"h0vk8qawka8pi3q","id":"h0vk8qawka8pi3q"},"id":"dvnke1y2yfki16r","previousOperationId":"2upsmz90e6py117"}
{"type":"log","timestamp":1765112664016,"level":"info","message":"pptx generation is starting","meta":{"rootId":"h0vk8qawka8pi3q","id":"h0vk8qawka8pi3q"},"id":"7j45rg8e0itvjx6","previousOperationId":"2upsmz90e6py117"}
{"type":"log","timestamp":1765112665656,"level":"debug","message":"Starting child request to render pptx dynamic parts","meta":{"rootId":"h0vk8qawka8pi3q","id":"h0vk8qawka8pi3q"},"id":"hu6wc8xvsff11rd","previousOperationId":"2upsmz90e6py117"}
{"type":"operationStart","subtype":"render","name":"anonymous","previousOperationId":"2upsmz90e6py117","timestamp":1765112665656,"id":"ci75rrt5meeg9w8","previousEventId":"0yumjw2vy33oapu","operationId":"7m1lobierf0swuv"}
{"type":"log","timestamp":1765112665656,"level":"info","message":"Starting rendering (child) request","meta":{"rootId":"h0vk8qawka8pi3q","id":"c2oa1png895i209"},"id":"8ecllf0krmg3t4e","previousOperationId":"7m1lobierf0swuv"}
{"type":"log","timestamp":1765112665656,"level":"info","message":"Rendering anonymous template { recipe: html, engine: handlebars }","meta":{"rootId":"h0vk8qawka8pi3q","id":"c2oa1png895i209"},"id":"h3bqwe3c4lwho5q","previousOperationId":"7m1lobierf0swuv"}
{"type":"log","timestamp":1765112665656,"level":"debug","message":"Inline data specified.","meta":{"rootId":"h0vk8qawka8pi3q","id":"c2oa1png895i209"},"id":"ye9zbazozwezn7k","previousOperationId":"7m1lobierf0swuv"}
{"type":"log","timestamp":1765112665666,"level":"debug","message":"Base url not specified, skipping its injection.","meta":{"rootId":"h0vk8qawka8pi3q","id":"c2oa1png895i209"},"id":"i93p58hvqrlvr81","previousOperationId":"7m1lobierf0swuv"}
{"type":"operationStart","subtype":"engine","name":"handlebars","timestamp":1765112665667,"id":"br0f57xffup4fek","previousEventId":"ci75rrt5meeg9w8","operationId":"h3fubbdz7umr4qf","previousOperationId":"7m1lobierf0swuv"}
{"type":"log","timestamp":1765112665667,"level":"debug","message":"Rendering engine handlebars","meta":{"rootId":"h0vk8qawka8pi3q","id":"c2oa1png895i209"},"id":"fars6td4t7dkus3","previousOperationId":"h3fubbdz7umr4qf"}
{"type":"operationEnd","operationId":"h3fubbdz7umr4qf","timestamp":1765112665819,"id":"p76rkk78qqv8dka","previousEventId":"br0f57xffup4fek","previousOperationId":"h3fubbdz7umr4qf"}
{"type":"operationStart","subtype":"recipe","name":"html","timestamp":1765112665834,"id":"6yvgbxscn8hr1rf","previousEventId":"p76rkk78qqv8dka","operationId":"gsqwwzte5ijs3rb","previousOperationId":"h3fubbdz7umr4qf"}
{"type":"log","timestamp":1765112665834,"level":"debug","message":"Executing recipe html","meta":{"rootId":"h0vk8qawka8pi3q","id":"c2oa1png895i209"},"id":"4wsj6iyilisfpfi","previousOperationId":"gsqwwzte5ijs3rb"}
{"type":"operationEnd","operationId":"gsqwwzte5ijs3rb","timestamp":1765112665834,"id":"9532koejt94ec98","previousEventId":"6yvgbxscn8hr1rf","previousOperationId":"gsqwwzte5ijs3rb"}
{"type":"log","timestamp":1765112665834,"level":"debug","message":"Skipping storing report.","meta":{"rootId":"h0vk8qawka8pi3q","id":"c2oa1png895i209"},"id":"p9tm7bcibhnf2hf","previousOperationId":"gsqwwzte5ijs3rb"}
{"type":"log","timestamp":1765112665834,"level":"info","message":"Rendering (child) request finished in 1965 ms","meta":{"rootId":"h0vk8qawka8pi3q","id":"c2oa1png895i209"},"id":"82877d9sjuoeiva","previousOperationId":"gsqwwzte5ijs3rb"}
{"type":"operationEnd","subtype":"render","operationId":"7m1lobierf0swuv","timestamp":1765112665834,"id":"hw83c3c5ujdaqy7","previousEventId":"9532koejt94ec98","previousOperationId":"gsqwwzte5ijs3rb"}
{"type":"log","timestamp":1765112675707,"level":"debug","message":"pptx successfully zipped","meta":{"rootId":"h0vk8qawka8pi3q","id":"h0vk8qawka8pi3q"},"id":"fctgzf7loiqwmez","previousOperationId":"2upsmz90e6py117"}
{"type":"log","timestamp":1765112675707,"level":"info","message":"pptx generation was finished","meta":{"rootId":"h0vk8qawka8pi3q","id":"h0vk8qawka8pi3q"},"id":"ftccodifwsuu2v9","previousOperationId":"2upsmz90e6py117"}
{"type":"operationEnd","operationId":"2upsmz90e6py117","timestamp":1765112675717,"id":"j0ybdy0gdq1me32","previousEventId":"0yumjw2vy33oapu","previousOperationId":"2upsmz90e6py117"}
{"type":"log","timestamp":1765112675717,"level":"debug","message":"Skipping storing report.","meta":{"rootId":"h0vk8qawka8pi3q","id":"h0vk8qawka8pi3q"},"id":"9v17in54yzfpi3u","previousOperationId":"2upsmz90e6py117"}
{"type":"log","timestamp":1765112675717,"level":"info","message":"Rendering request 36 finished in 11848 ms","meta":{"rootId":"h0vk8qawka8pi3q","id":"h0vk8qawka8pi3q"},"id":"p959xtee0r41i4h","previousOperationId":"2upsmz90e6py117"}
{"type":"operationEnd","subtype":"render","operationId":"wr2tcbjdyi5phaz","timestamp":1765112675717,"id":"th3oelwu8dmcvqt","previousEventId":"j0ybdy0gdq1me32","previousOperationId":"2upsmz90e6py117"}
{"type":"operationEnd","doDiffs":false,"previousEventId":"57l4ct09wkir2ph","previousOperationId":"wbqr7ty6aza8pqz","operationId":"wbqr7ty6aza8pqz","timestamp":1765112675721,"id":"dbt1igi8d7maecr"}
