{"type":"operationStart","subtype":"profile","data":{"_id":"3i22DYBZxs2ZCEvo","timestamp":"2025-12-05T13:37:12.699Z","state":"running","mode":"standard","creationDate":"2025-12-05T13:37:12.702Z","modificationDate":"2025-12-05T13:37:12.702Z","shortid":"3NLrROy","$entitySet":"profiles","timeout":60000},"doDiffs":false,"timestamp":1764941832701,"id":"0w6vniwnbzsgep7","previousOperationId":null,"operationId":"0hruiarnt4mamxh"}
{"type":"log","level":"info","message":"Render request 12 queued for execution and waiting for available worker","previousOperationId":"0hruiarnt4mamxh","timestamp":1764941832701,"id":"vgvd8swryuuh3gq"}
{"type":"operationStart","subtype":"render","name":"anonymous","previousOperationId":"0hruiarnt4mamxh","timestamp":1764941832713,"id":"g6zsry964xvae9y","previousEventId":"0w6vniwnbzsgep7","operationId":"8sda6e28kq7qmsm"}
{"type":"log","timestamp":1764941832713,"level":"info","message":"Starting rendering request 12","meta":{"rootId":"h9fxxliibvvp1t3","id":"h9fxxliibvvp1t3"},"id":"364dqif52j03t8s","previousOperationId":"8sda6e28kq7qmsm"}
{"type":"log","timestamp":1764941832714,"level":"info","message":"Rendering anonymous template { recipe: pptx, engine: handlebars }","meta":{"rootId":"h9fxxliibvvp1t3","id":"h9fxxliibvvp1t3"},"id":"zloadbpuqbnmsjy","previousOperationId":"8sda6e28kq7qmsm"}
{"type":"log","timestamp":1764941832714,"level":"debug","message":"Inline data specified.","meta":{"rootId":"h9fxxliibvvp1t3","id":"h9fxxliibvvp1t3"},"id":"2uozsm1o33xs5yn","previousOperationId":"8sda6e28kq7qmsm"}
{"type":"log","timestamp":1764941832719,"level":"debug","message":"Base url not specified, skipping its injection.","meta":{"rootId":"h9fxxliibvvp1t3","id":"h9fxxliibvvp1t3"},"id":"log7fxogstbprp7","previousOperationId":"8sda6e28kq7qmsm"}
{"type":"operationStart","subtype":"engine","name":"handlebars","timestamp":1764941832719,"id":"hn0kranrea4glk0","previousEventId":"g6zsry964xvae9y","operationId":"wj8dalxvcyhkwkf","previousOperationId":"8sda6e28kq7qmsm"}
{"type":"log","timestamp":1764941832719,"level":"debug","message":"Rendering engine handlebars","meta":{"rootId":"h9fxxliibvvp1t3","id":"h9fxxliibvvp1t3"},"id":"w80d1b96h6qi96k","previousOperationId":"wj8dalxvcyhkwkf"}
{"type":"operationEnd","operationId":"wj8dalxvcyhkwkf","timestamp":1764941832735,"id":"pbgffsy8u6n63pr","previousEventId":"hn0kranrea4glk0","previousOperationId":"wj8dalxvcyhkwkf"}
{"type":"operationStart","subtype":"recipe","name":"pptx","timestamp":1764941832735,"id":"juogkgdy4i1v75k","previousEventId":"pbgffsy8u6n63pr","operationId":"t0iwaftb3syy4zm","previousOperationId":"wj8dalxvcyhkwkf"}
{"type":"log","timestamp":1764941832735,"level":"debug","message":"Executing recipe pptx","meta":{"rootId":"h9fxxliibvvp1t3","id":"h9fxxliibvvp1t3"},"id":"y4a89wr5svkcm9z","previousOperationId":"t0iwaftb3syy4zm"}
{"type":"log","timestamp":1764941832736,"level":"info","message":"pptx generation is starting","meta":{"rootId":"h9fxxliibvvp1t3","id":"h9fxxliibvvp1t3"},"id":"yq9hjzg0y3gz404","previousOperationId":"t0iwaftb3syy4zm"}
{"type":"log","timestamp":1764941832904,"level":"debug","message":"Starting child request to render pptx dynamic parts","meta":{"rootId":"h9fxxliibvvp1t3","id":"h9fxxliibvvp1t3"},"id":"z2kqe9oa6mwd6o7","previousOperationId":"t0iwaftb3syy4zm"}
{"type":"operationStart","subtype":"render","name":"anonymous","previousOperationId":"t0iwaftb3syy4zm","timestamp":1764941832904,"id":"7j0oykzpwnjwyf4","previousEventId":"juogkgdy4i1v75k","operationId":"qoxrdn2g8mqlwq8"}
{"type":"log","timestamp":1764941832904,"level":"info","message":"Starting rendering (child) request","meta":{"rootId":"h9fxxliibvvp1t3","id":"9hyx2wkil8o5itb"},"id":"s9nfuhix8kngkgz","previousOperationId":"qoxrdn2g8mqlwq8"}
{"type":"log","timestamp":1764941832904,"level":"info","message":"Rendering anonymous template { recipe: html, engine: handlebars }","meta":{"rootId":"h9fxxliibvvp1t3","id":"9hyx2wkil8o5itb"},"id":"epf084f9d3sqfwt","previousOperationId":"qoxrdn2g8mqlwq8"}
{"type":"log","timestamp":1764941832904,"level":"debug","message":"Inline data specified.","meta":{"rootId":"h9fxxliibvvp1t3","id":"9hyx2wkil8o5itb"},"id":"dfqzhzzjm1wk2n8","previousOperationId":"qoxrdn2g8mqlwq8"}
{"type":"log","timestamp":1764941832909,"level":"debug","message":"Base url not specified, skipping its injection.","meta":{"rootId":"h9fxxliibvvp1t3","id":"9hyx2wkil8o5itb"},"id":"an9i0x0cp7v7ihq","previousOperationId":"qoxrdn2g8mqlwq8"}
{"type":"operationStart","subtype":"engine","name":"handlebars","timestamp":1764941832910,"id":"zpqk81dmigzsqh5","previousEventId":"7j0oykzpwnjwyf4","operationId":"p5j1jrauuk6p266","previousOperationId":"qoxrdn2g8mqlwq8"}
{"type":"log","timestamp":1764941832910,"level":"debug","message":"Rendering engine handlebars","meta":{"rootId":"h9fxxliibvvp1t3","id":"9hyx2wkil8o5itb"},"id":"o4dc3l581626utw","previousOperationId":"p5j1jrauuk6p266"}
{"type":"operationEnd","operationId":"p5j1jrauuk6p266","timestamp":1764941832944,"id":"3d6984itssjaoql","previousEventId":"zpqk81dmigzsqh5","previousOperationId":"p5j1jrauuk6p266"}
{"type":"operationStart","subtype":"recipe","name":"html","timestamp":1764941832948,"id":"3isu4o0stjnk93b","previousEventId":"3d6984itssjaoql","operationId":"wrpbcacr20hjrdf","previousOperationId":"p5j1jrauuk6p266"}
{"type":"log","timestamp":1764941832948,"level":"debug","message":"Executing recipe html","meta":{"rootId":"h9fxxliibvvp1t3","id":"9hyx2wkil8o5itb"},"id":"pmugec0k4bnhvzh","previousOperationId":"wrpbcacr20hjrdf"}
{"type":"operationEnd","operationId":"wrpbcacr20hjrdf","timestamp":1764941832948,"id":"4zkrmz12hc2ogt5","previousEventId":"3isu4o0stjnk93b","previousOperationId":"wrpbcacr20hjrdf"}
{"type":"log","timestamp":1764941832948,"level":"debug","message":"Skipping storing report.","meta":{"rootId":"h9fxxliibvvp1t3","id":"9hyx2wkil8o5itb"},"id":"osrq9e5q4dti8ru","previousOperationId":"wrpbcacr20hjrdf"}
{"type":"log","timestamp":1764941832948,"level":"info","message":"Rendering (child) request finished in 249 ms","meta":{"rootId":"h9fxxliibvvp1t3","id":"9hyx2wkil8o5itb"},"id":"eya5fmyv4w3x1x7","previousOperationId":"wrpbcacr20hjrdf"}
{"type":"operationEnd","subtype":"render","operationId":"qoxrdn2g8mqlwq8","timestamp":1764941832949,"id":"82v97sljlntnzdx","previousEventId":"4zkrmz12hc2ogt5","previousOperationId":"wrpbcacr20hjrdf"}
{"type":"log","timestamp":1764941833090,"level":"debug","message":"pptx successfully zipped","meta":{"rootId":"h9fxxliibvvp1t3","id":"h9fxxliibvvp1t3"},"id":"4z3bivx99uooyey","previousOperationId":"t0iwaftb3syy4zm"}
{"type":"log","timestamp":1764941833090,"level":"info","message":"pptx generation was finished","meta":{"rootId":"h9fxxliibvvp1t3","id":"h9fxxliibvvp1t3"},"id":"gwh2mfzxazjvx4n","previousOperationId":"t0iwaftb3syy4zm"}
{"type":"operationEnd","operationId":"t0iwaftb3syy4zm","timestamp":1764941833094,"id":"05nlepd0d3jkwtj","previousEventId":"juogkgdy4i1v75k","previousOperationId":"t0iwaftb3syy4zm"}
{"type":"log","timestamp":1764941833094,"level":"debug","message":"Skipping storing report.","meta":{"rootId":"h9fxxliibvvp1t3","id":"h9fxxliibvvp1t3"},"id":"vbk691ju4thh9nq","previousOperationId":"t0iwaftb3syy4zm"}
{"type":"log","timestamp":1764941833094,"level":"info","message":"Rendering request 12 finished in 395 ms","meta":{"rootId":"h9fxxliibvvp1t3","id":"h9fxxliibvvp1t3"},"id":"5ghcel2vmfppukx","previousOperationId":"t0iwaftb3syy4zm"}
{"type":"operationEnd","subtype":"render","operationId":"8sda6e28kq7qmsm","timestamp":1764941833094,"id":"exfqf5xtcmyj6kq","previousEventId":"05nlepd0d3jkwtj","previousOperationId":"t0iwaftb3syy4zm"}
{"type":"operationEnd","doDiffs":false,"previousEventId":"0w6vniwnbzsgep7","previousOperationId":"0hruiarnt4mamxh","operationId":"0hruiarnt4mamxh","timestamp":1764941833100,"id":"jfcuh0sq21l0mme"}
