{"type":"operationStart","subtype":"profile","data":{"_id":"1jSgCr8gmqIXeMkU","timestamp":"2025-12-06T15:59:42.769Z","state":"running","mode":"standard","creationDate":"2025-12-06T15:59:42.771Z","modificationDate":"2025-12-06T15:59:42.771Z","shortid":"EVc7ds8","$entitySet":"profiles","timeout":60000},"doDiffs":false,"timestamp":1765036782770,"id":"d2mgurqt33fvwbn","previousOperationId":null,"operationId":"h6y7bfoys4u59dh"}
{"type":"log","level":"info","message":"Render request 33 queued for execution and waiting for available worker","previousOperationId":"h6y7bfoys4u59dh","timestamp":1765036782770,"id":"lnev638o1zxpeft"}
{"type":"operationStart","subtype":"render","name":"anonymous","previousOperationId":"h6y7bfoys4u59dh","timestamp":1765036782781,"id":"1qo91sy136e4tnr","previousEventId":"d2mgurqt33fvwbn","operationId":"4cjwprdnql1wcva"}
{"type":"log","timestamp":1765036782781,"level":"info","message":"Starting rendering request 33","meta":{"rootId":"hhzmpym13o47phe","id":"hhzmpym13o47phe"},"id":"tjttsrcec6txyru","previousOperationId":"4cjwprdnql1wcva"}
{"type":"log","timestamp":1765036782781,"level":"info","message":"Rendering anonymous template { recipe: pptx, engine: handlebars }","meta":{"rootId":"hhzmpym13o47phe","id":"hhzmpym13o47phe"},"id":"uc0owx31u33donv","previousOperationId":"4cjwprdnql1wcva"}
{"type":"log","timestamp":1765036782781,"level":"debug","message":"Inline data specified.","meta":{"rootId":"hhzmpym13o47phe","id":"hhzmpym13o47phe"},"id":"koca7e4i092xneu","previousOperationId":"4cjwprdnql1wcva"}
{"type":"log","timestamp":1765036782784,"level":"debug","message":"Base url not specified, skipping its injection.","meta":{"rootId":"hhzmpym13o47phe","id":"hhzmpym13o47phe"},"id":"y29g4si9pptw1p7","previousOperationId":"4cjwprdnql1wcva"}
{"type":"operationStart","subtype":"engine","name":"handlebars","timestamp":1765036782784,"id":"sjskf7laj44gt2l","previousEventId":"1qo91sy136e4tnr","operationId":"jf9rx83mo5fubvi","previousOperationId":"4cjwprdnql1wcva"}
{"type":"log","timestamp":1765036782784,"level":"debug","message":"Rendering engine handlebars","meta":{"rootId":"hhzmpym13o47phe","id":"hhzmpym13o47phe"},"id":"8ntzy5ibw3ikm40","previousOperationId":"jf9rx83mo5fubvi"}
{"type":"operationEnd","operationId":"jf9rx83mo5fubvi","timestamp":1765036782792,"id":"2vtejor8u3vhi8f","previousEventId":"sjskf7laj44gt2l","previousOperationId":"jf9rx83mo5fubvi"}
{"type":"operationStart","subtype":"recipe","name":"pptx","timestamp":1765036782793,"id":"5hzqgcthuh1iszb","previousEventId":"2vtejor8u3vhi8f","operationId":"4gpb3ou189ki5z9","previousOperationId":"jf9rx83mo5fubvi"}
{"type":"log","timestamp":1765036782793,"level":"debug","message":"Executing recipe pptx","meta":{"rootId":"hhzmpym13o47phe","id":"hhzmpym13o47phe"},"id":"pl47v7fufbcgshi","previousOperationId":"4gpb3ou189ki5z9"}
{"type":"log","timestamp":1765036782793,"level":"info","message":"pptx generation is starting","meta":{"rootId":"hhzmpym13o47phe","id":"hhzmpym13o47phe"},"id":"s7mp56wna7s93iw","previousOperationId":"4gpb3ou189ki5z9"}
{"type":"log","timestamp":1765036782869,"level":"debug","message":"Starting child request to render pptx dynamic parts","meta":{"rootId":"hhzmpym13o47phe","id":"hhzmpym13o47phe"},"id":"ffaaicjr2085h3s","previousOperationId":"4gpb3ou189ki5z9"}
{"type":"operationStart","subtype":"render","name":"anonymous","previousOperationId":"4gpb3ou189ki5z9","timestamp":1765036782869,"id":"7r1ab8rhhk66uve","previousEventId":"5hzqgcthuh1iszb","operationId":"72vw0q23mjp8c5x"}
{"type":"log","timestamp":1765036782869,"level":"info","message":"Starting rendering (child) request","meta":{"rootId":"hhzmpym13o47phe","id":"ahz3xynz6u5pp77"},"id":"08zp5k53vtui7xi","previousOperationId":"72vw0q23mjp8c5x"}
{"type":"log","timestamp":1765036782870,"level":"info","message":"Rendering anonymous template { recipe: html, engine: handlebars }","meta":{"rootId":"hhzmpym13o47phe","id":"ahz3xynz6u5pp77"},"id":"is9hyt1u1iq6ykk","previousOperationId":"72vw0q23mjp8c5x"}
{"type":"log","timestamp":1765036782870,"level":"debug","message":"Inline data specified.","meta":{"rootId":"hhzmpym13o47phe","id":"ahz3xynz6u5pp77"},"id":"g8vaadn2pnsxz71","previousOperationId":"72vw0q23mjp8c5x"}
{"type":"log","timestamp":1765036782871,"level":"debug","message":"Base url not specified, skipping its injection.","meta":{"rootId":"hhzmpym13o47phe","id":"ahz3xynz6u5pp77"},"id":"scfv9t2srq8lqj1","previousOperationId":"72vw0q23mjp8c5x"}
{"type":"operationStart","subtype":"engine","name":"handlebars","timestamp":1765036782871,"id":"kdcrbfs80dcl8kk","previousEventId":"7r1ab8rhhk66uve","operationId":"kv9uljhsw3x2qwq","previousOperationId":"72vw0q23mjp8c5x"}
{"type":"log","timestamp":1765036782871,"level":"debug","message":"Rendering engine handlebars","meta":{"rootId":"hhzmpym13o47phe","id":"ahz3xynz6u5pp77"},"id":"4dy08za974n53aw","previousOperationId":"kv9uljhsw3x2qwq"}
{"type":"operationEnd","operationId":"kv9uljhsw3x2qwq","timestamp":1765036782899,"id":"2qi89v5yana9kro","previousEventId":"kdcrbfs80dcl8kk","previousOperationId":"kv9uljhsw3x2qwq"}
{"type":"operationStart","subtype":"recipe","name":"html","timestamp":1765036782901,"id":"5v8l0pj7cf6t8e8","previousEventId":"2qi89v5yana9kro","operationId":"zkq1s5suto40phz","previousOperationId":"kv9uljhsw3x2qwq"}
{"type":"log","timestamp":1765036782901,"level":"debug","message":"Executing recipe html","meta":{"rootId":"hhzmpym13o47phe","id":"ahz3xynz6u5pp77"},"id":"i57qma31fbzl6db","previousOperationId":"zkq1s5suto40phz"}
{"type":"operationEnd","operationId":"zkq1s5suto40phz","timestamp":1765036782901,"id":"whbf2c0jv6y9xbr","previousEventId":"5v8l0pj7cf6t8e8","previousOperationId":"zkq1s5suto40phz"}
{"type":"log","timestamp":1765036782901,"level":"debug","message":"Skipping storing report.","meta":{"rootId":"hhzmpym13o47phe","id":"ahz3xynz6u5pp77"},"id":"tvahpnq4qf75z3v","previousOperationId":"zkq1s5suto40phz"}
{"type":"log","timestamp":1765036782901,"level":"info","message":"Rendering (child) request finished in 132 ms","meta":{"rootId":"hhzmpym13o47phe","id":"ahz3xynz6u5pp77"},"id":"01q39jpfbczbn59","previousOperationId":"zkq1s5suto40phz"}
{"type":"operationEnd","subtype":"render","operationId":"72vw0q23mjp8c5x","timestamp":1765036782901,"id":"f1j5pq8ilcsh9vq","previousEventId":"whbf2c0jv6y9xbr","previousOperationId":"zkq1s5suto40phz"}
{"type":"log","timestamp":1765036784343,"level":"debug","message":"pptx successfully zipped","meta":{"rootId":"hhzmpym13o47phe","id":"hhzmpym13o47phe"},"id":"cnogyf0oatksyps","previousOperationId":"4gpb3ou189ki5z9"}
{"type":"log","timestamp":1765036784343,"level":"info","message":"pptx generation was finished","meta":{"rootId":"hhzmpym13o47phe","id":"hhzmpym13o47phe"},"id":"cl9mh84rg24ukyj","previousOperationId":"4gpb3ou189ki5z9"}
{"type":"operationEnd","operationId":"4gpb3ou189ki5z9","timestamp":1765036784346,"id":"rg4anw3dbwa3v5l","previousEventId":"5hzqgcthuh1iszb","previousOperationId":"4gpb3ou189ki5z9"}
{"type":"log","timestamp":1765036784346,"level":"debug","message":"Skipping storing report.","meta":{"rootId":"hhzmpym13o47phe","id":"hhzmpym13o47phe"},"id":"w40asr1e6r0wjie","previousOperationId":"4gpb3ou189ki5z9"}
{"type":"log","timestamp":1765036784346,"level":"info","message":"Rendering request 33 finished in 1577 ms","meta":{"rootId":"hhzmpym13o47phe","id":"hhzmpym13o47phe"},"id":"ovv7e63q5xa23uw","previousOperationId":"4gpb3ou189ki5z9"}
{"type":"operationEnd","subtype":"render","operationId":"4cjwprdnql1wcva","timestamp":1765036784346,"id":"8kv17bbn5jxb7tf","previousEventId":"rg4anw3dbwa3v5l","previousOperationId":"4gpb3ou189ki5z9"}
{"type":"operationEnd","doDiffs":false,"previousEventId":"d2mgurqt33fvwbn","previousOperationId":"h6y7bfoys4u59dh","operationId":"h6y7bfoys4u59dh","timestamp":1765036784350,"id":"llxmpczr9h3un1f"}
