{"type":"operationStart","subtype":"profile","data":{"_id":"MEShAwP2LP806acg","timestamp":"2025-12-06T14:34:01.410Z","state":"running","mode":"standard","creationDate":"2025-12-06T14:34:01.414Z","modificationDate":"2025-12-06T14:34:01.414Z","shortid":"TRZDWso","$entitySet":"profiles","timeout":60000},"doDiffs":false,"timestamp":1765031641412,"id":"wzghlbunqa4obia","previousOperationId":null,"operationId":"vhgv4m39i1gxn5z"}
{"type":"log","level":"info","message":"Render request 2 queued for execution and waiting for available worker","previousOperationId":"vhgv4m39i1gxn5z","timestamp":1765031641412,"id":"pqsimlpk0j481et"}
{"type":"operationStart","subtype":"render","name":"anonymous","previousOperationId":"vhgv4m39i1gxn5z","timestamp":1765031641433,"id":"k420l3c1f4rb31p","previousEventId":"wzghlbunqa4obia","operationId":"ztqe168x1phztel"}
{"type":"log","timestamp":1765031641434,"level":"info","message":"Starting rendering request 2","meta":{"rootId":"hm6d9u8tjp9mduw","id":"hm6d9u8tjp9mduw"},"id":"lg9ze2iokenv1gl","previousOperationId":"ztqe168x1phztel"}
{"type":"log","timestamp":1765031641436,"level":"info","message":"Rendering anonymous template { recipe: pptx, engine: handlebars }","meta":{"rootId":"hm6d9u8tjp9mduw","id":"hm6d9u8tjp9mduw"},"id":"c712r6ds5vnh5ej","previousOperationId":"ztqe168x1phztel"}
{"type":"log","timestamp":1765031641436,"level":"debug","message":"Inline data specified.","meta":{"rootId":"hm6d9u8tjp9mduw","id":"hm6d9u8tjp9mduw"},"id":"9tj9fmxvv2iq28a","previousOperationId":"ztqe168x1phztel"}
{"type":"log","timestamp":1765031641440,"level":"debug","message":"Base url not specified, skipping its injection.","meta":{"rootId":"hm6d9u8tjp9mduw","id":"hm6d9u8tjp9mduw"},"id":"n7owhdhzxn6qcbq","previousOperationId":"ztqe168x1phztel"}
{"type":"operationStart","subtype":"engine","name":"handlebars","timestamp":1765031641444,"id":"r2uqmq9w8s7mnen","previousEventId":"k420l3c1f4rb31p","operationId":"ql11x2torup7j7b","previousOperationId":"ztqe168x1phztel"}
{"type":"log","timestamp":1765031641444,"level":"debug","message":"Rendering engine handlebars","meta":{"rootId":"hm6d9u8tjp9mduw","id":"hm6d9u8tjp9mduw"},"id":"nttjm435pfnodso","previousOperationId":"ql11x2torup7j7b"}
{"type":"operationEnd","operationId":"ql11x2torup7j7b","timestamp":1765031642337,"id":"wkv6eumt2xxjkrf","previousEventId":"r2uqmq9w8s7mnen","previousOperationId":"ql11x2torup7j7b"}
{"type":"operationStart","subtype":"recipe","name":"pptx","timestamp":1765031642338,"id":"ijob92u052gfv46","previousEventId":"wkv6eumt2xxjkrf","operationId":"gms54muc63wu2qq","previousOperationId":"ql11x2torup7j7b"}
{"type":"log","timestamp":1765031642338,"level":"debug","message":"Executing recipe pptx","meta":{"rootId":"hm6d9u8tjp9mduw","id":"hm6d9u8tjp9mduw"},"id":"pwo010dkay3muuh","previousOperationId":"gms54muc63wu2qq"}
{"type":"log","timestamp":1765031642494,"level":"info","message":"pptx generation is starting","meta":{"rootId":"hm6d9u8tjp9mduw","id":"hm6d9u8tjp9mduw"},"id":"ya0bosw8jkppovz","previousOperationId":"gms54muc63wu2qq"}
{"type":"log","timestamp":1765031642619,"level":"debug","message":"Starting child request to render pptx dynamic parts","meta":{"rootId":"hm6d9u8tjp9mduw","id":"hm6d9u8tjp9mduw"},"id":"me1l7p36nng3jo8","previousOperationId":"gms54muc63wu2qq"}
{"type":"operationStart","subtype":"render","name":"anonymous","previousOperationId":"gms54muc63wu2qq","timestamp":1765031642620,"id":"5pjxvsv9kfb7230","previousEventId":"ijob92u052gfv46","operationId":"c45b8xtn4gjfqsa"}
{"type":"log","timestamp":1765031642620,"level":"info","message":"Starting rendering (child) request","meta":{"rootId":"hm6d9u8tjp9mduw","id":"apmc6vp4bnay7pw"},"id":"oyaqfpdr2ky176o","previousOperationId":"c45b8xtn4gjfqsa"}
{"type":"log","timestamp":1765031642621,"level":"info","message":"Rendering anonymous template { recipe: html, engine: handlebars }","meta":{"rootId":"hm6d9u8tjp9mduw","id":"apmc6vp4bnay7pw"},"id":"g3da1c4lpqqoz85","previousOperationId":"c45b8xtn4gjfqsa"}
{"type":"log","timestamp":1765031642621,"level":"debug","message":"Inline data specified.","meta":{"rootId":"hm6d9u8tjp9mduw","id":"apmc6vp4bnay7pw"},"id":"skn7rjnf2vibb0p","previousOperationId":"c45b8xtn4gjfqsa"}
{"type":"log","timestamp":1765031642626,"level":"debug","message":"Base url not specified, skipping its injection.","meta":{"rootId":"hm6d9u8tjp9mduw","id":"apmc6vp4bnay7pw"},"id":"8irkmii5xckrjtl","previousOperationId":"c45b8xtn4gjfqsa"}
{"type":"operationStart","subtype":"engine","name":"handlebars","timestamp":1765031642626,"id":"fahqufb8867tvyf","previousEventId":"5pjxvsv9kfb7230","operationId":"ht52pe4vb6mlmc0","previousOperationId":"c45b8xtn4gjfqsa"}
{"type":"log","timestamp":1765031642626,"level":"debug","message":"Rendering engine handlebars","meta":{"rootId":"hm6d9u8tjp9mduw","id":"apmc6vp4bnay7pw"},"id":"vdo18ipl0ckz3r8","previousOperationId":"ht52pe4vb6mlmc0"}
{"type":"operationEnd","operationId":"ht52pe4vb6mlmc0","timestamp":1765031642653,"id":"3mlmccpm99lijxl","previousEventId":"fahqufb8867tvyf","previousOperationId":"ht52pe4vb6mlmc0"}
{"type":"operationStart","subtype":"recipe","name":"html","timestamp":1765031642655,"id":"0cirlaapx6maeao","previousEventId":"3mlmccpm99lijxl","operationId":"psig8e2fe4peqob","previousOperationId":"ht52pe4vb6mlmc0"}
{"type":"log","timestamp":1765031642655,"level":"debug","message":"Executing recipe html","meta":{"rootId":"hm6d9u8tjp9mduw","id":"apmc6vp4bnay7pw"},"id":"o6ye5wlhjdojcqo","previousOperationId":"psig8e2fe4peqob"}
{"type":"operationEnd","operationId":"psig8e2fe4peqob","timestamp":1765031642655,"id":"ucvma3l1wffm5ho","previousEventId":"0cirlaapx6maeao","previousOperationId":"psig8e2fe4peqob"}
{"type":"log","timestamp":1765031642656,"level":"debug","message":"Skipping storing report.","meta":{"rootId":"hm6d9u8tjp9mduw","id":"apmc6vp4bnay7pw"},"id":"qddyz3fijql4ngw","previousOperationId":"psig8e2fe4peqob"}
{"type":"log","timestamp":1765031642656,"level":"info","message":"Rendering (child) request finished in 1247 ms","meta":{"rootId":"hm6d9u8tjp9mduw","id":"apmc6vp4bnay7pw"},"id":"prr84zrd5epxh9k","previousOperationId":"psig8e2fe4peqob"}
{"type":"operationEnd","subtype":"render","operationId":"c45b8xtn4gjfqsa","timestamp":1765031642657,"id":"dfbxsd1v7c0a69o","previousEventId":"ucvma3l1wffm5ho","previousOperationId":"psig8e2fe4peqob"}
{"type":"log","timestamp":1765031644027,"level":"debug","message":"pptx successfully zipped","meta":{"rootId":"hm6d9u8tjp9mduw","id":"hm6d9u8tjp9mduw"},"id":"aexbe1n637hwlc7","previousOperationId":"gms54muc63wu2qq"}
{"type":"log","timestamp":1765031644027,"level":"info","message":"pptx generation was finished","meta":{"rootId":"hm6d9u8tjp9mduw","id":"hm6d9u8tjp9mduw"},"id":"14xq4sn8yuecdws","previousOperationId":"gms54muc63wu2qq"}
{"type":"operationEnd","operationId":"gms54muc63wu2qq","timestamp":1765031644035,"id":"43ntvdrt54xr0de","previousEventId":"ijob92u052gfv46","previousOperationId":"gms54muc63wu2qq"}
{"type":"log","timestamp":1765031644035,"level":"debug","message":"Skipping storing report.","meta":{"rootId":"hm6d9u8tjp9mduw","id":"hm6d9u8tjp9mduw"},"id":"l0gj9bwi1u3qfg8","previousOperationId":"gms54muc63wu2qq"}
{"type":"log","timestamp":1765031644035,"level":"info","message":"Rendering request 2 finished in 2626 ms","meta":{"rootId":"hm6d9u8tjp9mduw","id":"hm6d9u8tjp9mduw"},"id":"35ey2whmo8ru2ds","previousOperationId":"gms54muc63wu2qq"}
{"type":"operationEnd","subtype":"render","operationId":"ztqe168x1phztel","timestamp":1765031644035,"id":"j7htaehncdvtojh","previousEventId":"43ntvdrt54xr0de","previousOperationId":"gms54muc63wu2qq"}
{"type":"operationEnd","doDiffs":false,"previousEventId":"wzghlbunqa4obia","previousOperationId":"vhgv4m39i1gxn5z","operationId":"vhgv4m39i1gxn5z","timestamp":1765031644041,"id":"sbsz7j25eme937l"}
