{"type":"operationStart","subtype":"profile","data":{"_id":"jiTbuVJFAcXY1CAR","timestamp":"2025-12-06T15:35:37.781Z","state":"running","mode":"standard","creationDate":"2025-12-06T15:35:37.784Z","modificationDate":"2025-12-06T15:35:37.784Z","shortid":"ysmk3o8","$entitySet":"profiles","timeout":60000},"doDiffs":false,"timestamp":1765035337783,"id":"r6cezxow8t09e0f","previousOperationId":null,"operationId":"jbpytdrqxb4kjc8"}
{"type":"log","level":"info","message":"Render request 24 queued for execution and waiting for available worker","previousOperationId":"jbpytdrqxb4kjc8","timestamp":1765035337783,"id":"87abyqn3jfxv6ev"}
{"type":"operationStart","subtype":"render","name":"anonymous","previousOperationId":"jbpytdrqxb4kjc8","timestamp":1765035337794,"id":"46f18aa02focdps","previousEventId":"r6cezxow8t09e0f","operationId":"tvq5wma3ck3zipb"}
{"type":"log","timestamp":1765035337794,"level":"info","message":"Starting rendering request 24","meta":{"rootId":"hs6xt4yp9a7s1zz","id":"hs6xt4yp9a7s1zz"},"id":"naa75wisqqh11xg","previousOperationId":"tvq5wma3ck3zipb"}
{"type":"log","timestamp":1765035337795,"level":"info","message":"Rendering anonymous template { recipe: pptx, engine: handlebars }","meta":{"rootId":"hs6xt4yp9a7s1zz","id":"hs6xt4yp9a7s1zz"},"id":"ea9ah0gsy1d32tg","previousOperationId":"tvq5wma3ck3zipb"}
{"type":"log","timestamp":1765035337795,"level":"debug","message":"Inline data specified.","meta":{"rootId":"hs6xt4yp9a7s1zz","id":"hs6xt4yp9a7s1zz"},"id":"ax65l58po72gbqq","previousOperationId":"tvq5wma3ck3zipb"}
{"type":"log","timestamp":1765035337796,"level":"debug","message":"Base url not specified, skipping its injection.","meta":{"rootId":"hs6xt4yp9a7s1zz","id":"hs6xt4yp9a7s1zz"},"id":"jotg98bov7ia6tm","previousOperationId":"tvq5wma3ck3zipb"}
{"type":"operationStart","subtype":"engine","name":"handlebars","timestamp":1765035337796,"id":"l5kbi90ib5dyjav","previousEventId":"46f18aa02focdps","operationId":"5h2jan3d1nni1v2","previousOperationId":"tvq5wma3ck3zipb"}
{"type":"log","timestamp":1765035337796,"level":"debug","message":"Rendering engine handlebars","meta":{"rootId":"hs6xt4yp9a7s1zz","id":"hs6xt4yp9a7s1zz"},"id":"e5lqvcjn59qqnln","previousOperationId":"5h2jan3d1nni1v2"}
{"type":"operationEnd","operationId":"5h2jan3d1nni1v2","timestamp":1765035337808,"id":"wegacd5u3x27ifa","previousEventId":"l5kbi90ib5dyjav","previousOperationId":"5h2jan3d1nni1v2"}
{"type":"operationStart","subtype":"recipe","name":"pptx","timestamp":1765035337808,"id":"s1clccb5dvj4r6u","previousEventId":"wegacd5u3x27ifa","operationId":"vlv1r7538d7s9oc","previousOperationId":"5h2jan3d1nni1v2"}
{"type":"log","timestamp":1765035337808,"level":"debug","message":"Executing recipe pptx","meta":{"rootId":"hs6xt4yp9a7s1zz","id":"hs6xt4yp9a7s1zz"},"id":"4346t1wxcd1txz6","previousOperationId":"vlv1r7538d7s9oc"}
{"type":"log","timestamp":1765035337808,"level":"info","message":"pptx generation is starting","meta":{"rootId":"hs6xt4yp9a7s1zz","id":"hs6xt4yp9a7s1zz"},"id":"z7obfbjzqj7rjd1","previousOperationId":"vlv1r7538d7s9oc"}
{"type":"log","timestamp":1765035337887,"level":"debug","message":"Starting child request to render pptx dynamic parts","meta":{"rootId":"hs6xt4yp9a7s1zz","id":"hs6xt4yp9a7s1zz"},"id":"su7greyhi2f4eaq","previousOperationId":"vlv1r7538d7s9oc"}
{"type":"operationStart","subtype":"render","name":"anonymous","previousOperationId":"vlv1r7538d7s9oc","timestamp":1765035337888,"id":"o1cij85tuspcuc6","previousEventId":"s1clccb5dvj4r6u","operationId":"oa7asaq44cp4k0j"}
{"type":"log","timestamp":1765035337888,"level":"info","message":"Starting rendering (child) request","meta":{"rootId":"hs6xt4yp9a7s1zz","id":"5qws6h4jv4n7gth"},"id":"r5ki5o1tvhjqwaq","previousOperationId":"oa7asaq44cp4k0j"}
{"type":"log","timestamp":1765035337888,"level":"info","message":"Rendering anonymous template { recipe: html, engine: handlebars }","meta":{"rootId":"hs6xt4yp9a7s1zz","id":"5qws6h4jv4n7gth"},"id":"nunq4b7eagx2hkc","previousOperationId":"oa7asaq44cp4k0j"}
{"type":"log","timestamp":1765035337888,"level":"debug","message":"Inline data specified.","meta":{"rootId":"hs6xt4yp9a7s1zz","id":"5qws6h4jv4n7gth"},"id":"nodrw4va82ge98s","previousOperationId":"oa7asaq44cp4k0j"}
{"type":"log","timestamp":1765035337892,"level":"debug","message":"Base url not specified, skipping its injection.","meta":{"rootId":"hs6xt4yp9a7s1zz","id":"5qws6h4jv4n7gth"},"id":"qw7dsujjra0xphv","previousOperationId":"oa7asaq44cp4k0j"}
{"type":"operationStart","subtype":"engine","name":"handlebars","timestamp":1765035337893,"id":"p94jscal7u0ganz","previousEventId":"o1cij85tuspcuc6","operationId":"wh1nrm15mandlph","previousOperationId":"oa7asaq44cp4k0j"}
{"type":"log","timestamp":1765035337893,"level":"debug","message":"Rendering engine handlebars","meta":{"rootId":"hs6xt4yp9a7s1zz","id":"5qws6h4jv4n7gth"},"id":"6vufhyk25ypzymz","previousOperationId":"wh1nrm15mandlph"}
{"type":"operationEnd","operationId":"wh1nrm15mandlph","timestamp":1765035337909,"id":"3owtgnxigovevek","previousEventId":"p94jscal7u0ganz","previousOperationId":"wh1nrm15mandlph"}
{"type":"operationStart","subtype":"recipe","name":"html","timestamp":1765035337911,"id":"91d4pi50k6k1zp5","previousEventId":"3owtgnxigovevek","operationId":"5vs7gwny01l3x8m","previousOperationId":"wh1nrm15mandlph"}
{"type":"log","timestamp":1765035337911,"level":"debug","message":"Executing recipe html","meta":{"rootId":"hs6xt4yp9a7s1zz","id":"5qws6h4jv4n7gth"},"id":"l90k8fr0rpvwc0n","previousOperationId":"5vs7gwny01l3x8m"}
{"type":"operationEnd","operationId":"5vs7gwny01l3x8m","timestamp":1765035337911,"id":"nocvswv9dy77gc4","previousEventId":"91d4pi50k6k1zp5","previousOperationId":"5vs7gwny01l3x8m"}
{"type":"log","timestamp":1765035337911,"level":"debug","message":"Skipping storing report.","meta":{"rootId":"hs6xt4yp9a7s1zz","id":"5qws6h4jv4n7gth"},"id":"fdnktyiguyxwjb0","previousOperationId":"5vs7gwny01l3x8m"}
{"type":"log","timestamp":1765035337911,"level":"info","message":"Rendering (child) request finished in 130 ms","meta":{"rootId":"hs6xt4yp9a7s1zz","id":"5qws6h4jv4n7gth"},"id":"rrhwf2pt119zp3y","previousOperationId":"5vs7gwny01l3x8m"}
{"type":"operationEnd","subtype":"render","operationId":"oa7asaq44cp4k0j","timestamp":1765035337911,"id":"hj128kn4dbb63uy","previousEventId":"nocvswv9dy77gc4","previousOperationId":"5vs7gwny01l3x8m"}
{"type":"log","timestamp":1765035339299,"level":"debug","message":"pptx successfully zipped","meta":{"rootId":"hs6xt4yp9a7s1zz","id":"hs6xt4yp9a7s1zz"},"id":"jm3ftp368xtrf5r","previousOperationId":"vlv1r7538d7s9oc"}
{"type":"log","timestamp":1765035339299,"level":"info","message":"pptx generation was finished","meta":{"rootId":"hs6xt4yp9a7s1zz","id":"hs6xt4yp9a7s1zz"},"id":"us7ovyq2e9zmigs","previousOperationId":"vlv1r7538d7s9oc"}
{"type":"operationEnd","operationId":"vlv1r7538d7s9oc","timestamp":1765035339302,"id":"05xfs7uz5yhvtmt","previousEventId":"s1clccb5dvj4r6u","previousOperationId":"vlv1r7538d7s9oc"}
{"type":"log","timestamp":1765035339303,"level":"debug","message":"Skipping storing report.","meta":{"rootId":"hs6xt4yp9a7s1zz","id":"hs6xt4yp9a7s1zz"},"id":"j1ykav0u85z9nv9","previousOperationId":"vlv1r7538d7s9oc"}
{"type":"log","timestamp":1765035339303,"level":"info","message":"Rendering request 24 finished in 1522 ms","meta":{"rootId":"hs6xt4yp9a7s1zz","id":"hs6xt4yp9a7s1zz"},"id":"xbyvt65jjlpp4ew","previousOperationId":"vlv1r7538d7s9oc"}
{"type":"operationEnd","subtype":"render","operationId":"tvq5wma3ck3zipb","timestamp":1765035339303,"id":"wdvx8koxv2xyv15","previousEventId":"05xfs7uz5yhvtmt","previousOperationId":"vlv1r7538d7s9oc"}
{"type":"operationEnd","doDiffs":false,"previousEventId":"r6cezxow8t09e0f","previousOperationId":"jbpytdrqxb4kjc8","operationId":"jbpytdrqxb4kjc8","timestamp":1765035339306,"id":"aw86xxqy3ouy6s2"}
