{"type":"operationStart","subtype":"profile","data":{"_id":"XOXODYtH4SeQ5I2K","timestamp":"2025-12-05T22:48:15.317Z","state":"running","mode":"standard","creationDate":"2025-12-05T22:48:15.321Z","modificationDate":"2025-12-05T22:48:15.321Z","shortid":"MyBUabV","$entitySet":"profiles","timeout":60000},"doDiffs":false,"timestamp":1764974895319,"id":"ngdzogd22gpkton","previousOperationId":null,"operationId":"6vq5f27g9ddjd39"}
{"type":"log","level":"info","message":"Render request 5 queued for execution and waiting for available worker","previousOperationId":"6vq5f27g9ddjd39","timestamp":1764974895319,"id":"fucw4yn9m1jhkiu"}
{"type":"operationStart","subtype":"render","name":"anonymous","previousOperationId":"6vq5f27g9ddjd39","timestamp":1764974895335,"id":"g2u9ief01gsrfp1","previousEventId":"ngdzogd22gpkton","operationId":"1n1q5vb7driecn8"}
{"type":"log","timestamp":1764974895335,"level":"info","message":"Starting rendering request 5","meta":{"rootId":"iej8uud1rrl388z","id":"iej8uud1rrl388z"},"id":"hik4dbo5zzelyzq","previousOperationId":"1n1q5vb7driecn8"}
{"type":"log","timestamp":1764974895336,"level":"info","message":"Rendering anonymous template { recipe: pptx, engine: handlebars }","meta":{"rootId":"iej8uud1rrl388z","id":"iej8uud1rrl388z"},"id":"h0m2grs2mrxc7sc","previousOperationId":"1n1q5vb7driecn8"}
{"type":"log","timestamp":1764974895336,"level":"debug","message":"Inline data specified.","meta":{"rootId":"iej8uud1rrl388z","id":"iej8uud1rrl388z"},"id":"gzkhdfxcnz79283","previousOperationId":"1n1q5vb7driecn8"}
{"type":"log","timestamp":1764974895339,"level":"debug","message":"Base url not specified, skipping its injection.","meta":{"rootId":"iej8uud1rrl388z","id":"iej8uud1rrl388z"},"id":"b7sdhotn6107azs","previousOperationId":"1n1q5vb7driecn8"}
{"type":"operationStart","subtype":"engine","name":"handlebars","timestamp":1764974895340,"id":"g9yfhrrk0pb7fke","previousEventId":"g2u9ief01gsrfp1","operationId":"qpee2uvqa1cqs2o","previousOperationId":"1n1q5vb7driecn8"}
{"type":"log","timestamp":1764974895340,"level":"debug","message":"Rendering engine handlebars","meta":{"rootId":"iej8uud1rrl388z","id":"iej8uud1rrl388z"},"id":"mytrh8syehu1ia5","previousOperationId":"qpee2uvqa1cqs2o"}
{"type":"operationEnd","operationId":"qpee2uvqa1cqs2o","timestamp":1764974895354,"id":"8gaozov74y4w0uf","previousEventId":"g9yfhrrk0pb7fke","previousOperationId":"qpee2uvqa1cqs2o"}
{"type":"operationStart","subtype":"recipe","name":"pptx","timestamp":1764974895355,"id":"nix5yhl5nd6ugt6","previousEventId":"8gaozov74y4w0uf","operationId":"cm0kdd40nlj5vj6","previousOperationId":"qpee2uvqa1cqs2o"}
{"type":"log","timestamp":1764974895355,"level":"debug","message":"Executing recipe pptx","meta":{"rootId":"iej8uud1rrl388z","id":"iej8uud1rrl388z"},"id":"l3x7a5vetmhqwbn","previousOperationId":"cm0kdd40nlj5vj6"}
{"type":"log","timestamp":1764974895355,"level":"info","message":"pptx generation is starting","meta":{"rootId":"iej8uud1rrl388z","id":"iej8uud1rrl388z"},"id":"hkbntvx8og4lhuu","previousOperationId":"cm0kdd40nlj5vj6"}
{"type":"log","timestamp":1764974895464,"level":"debug","message":"Starting child request to render pptx dynamic parts","meta":{"rootId":"iej8uud1rrl388z","id":"iej8uud1rrl388z"},"id":"2tv3ihs6iug2yzh","previousOperationId":"cm0kdd40nlj5vj6"}
{"type":"operationStart","subtype":"render","name":"anonymous","previousOperationId":"cm0kdd40nlj5vj6","timestamp":1764974895465,"id":"kfyq51aexfjkng3","previousEventId":"nix5yhl5nd6ugt6","operationId":"i5frgfiqfd4ptrj"}
{"type":"log","timestamp":1764974895465,"level":"info","message":"Starting rendering (child) request","meta":{"rootId":"iej8uud1rrl388z","id":"n548wdptnf9udct"},"id":"fh7vtoked63x3n6","previousOperationId":"i5frgfiqfd4ptrj"}
{"type":"log","timestamp":1764974895465,"level":"info","message":"Rendering anonymous template { recipe: html, engine: handlebars }","meta":{"rootId":"iej8uud1rrl388z","id":"n548wdptnf9udct"},"id":"qikrqs6f6i944df","previousOperationId":"i5frgfiqfd4ptrj"}
{"type":"log","timestamp":1764974895465,"level":"debug","message":"Inline data specified.","meta":{"rootId":"iej8uud1rrl388z","id":"n548wdptnf9udct"},"id":"500c5zgn1p27rl5","previousOperationId":"i5frgfiqfd4ptrj"}
{"type":"log","timestamp":1764974895467,"level":"debug","message":"Base url not specified, skipping its injection.","meta":{"rootId":"iej8uud1rrl388z","id":"n548wdptnf9udct"},"id":"rffctj1f1hbdn3s","previousOperationId":"i5frgfiqfd4ptrj"}
{"type":"operationStart","subtype":"engine","name":"handlebars","timestamp":1764974895467,"id":"n5mo4n2gielr0w3","previousEventId":"kfyq51aexfjkng3","operationId":"qrqv1knywqejzny","previousOperationId":"i5frgfiqfd4ptrj"}
{"type":"log","timestamp":1764974895467,"level":"debug","message":"Rendering engine handlebars","meta":{"rootId":"iej8uud1rrl388z","id":"n548wdptnf9udct"},"id":"7mxg86l8b4ig2pp","previousOperationId":"qrqv1knywqejzny"}
{"type":"operationEnd","operationId":"qrqv1knywqejzny","timestamp":1764974895499,"id":"xhu65u60a61ho9o","previousEventId":"n5mo4n2gielr0w3","previousOperationId":"qrqv1knywqejzny"}
{"type":"operationStart","subtype":"recipe","name":"html","timestamp":1764974895501,"id":"uabwoc3wqnqb4ca","previousEventId":"xhu65u60a61ho9o","operationId":"ozd1w2umksivl28","previousOperationId":"qrqv1knywqejzny"}
{"type":"log","timestamp":1764974895501,"level":"debug","message":"Executing recipe html","meta":{"rootId":"iej8uud1rrl388z","id":"n548wdptnf9udct"},"id":"vs6ni29q4l32j28","previousOperationId":"ozd1w2umksivl28"}
{"type":"operationEnd","operationId":"ozd1w2umksivl28","timestamp":1764974895501,"id":"3k1vwym5s8vf4rc","previousEventId":"uabwoc3wqnqb4ca","previousOperationId":"ozd1w2umksivl28"}
{"type":"log","timestamp":1764974895502,"level":"debug","message":"Skipping storing report.","meta":{"rootId":"iej8uud1rrl388z","id":"n548wdptnf9udct"},"id":"5l2uo0lohf2hsee","previousOperationId":"ozd1w2umksivl28"}
{"type":"log","timestamp":1764974895502,"level":"info","message":"Rendering (child) request finished in 186 ms","meta":{"rootId":"iej8uud1rrl388z","id":"n548wdptnf9udct"},"id":"zomam21m5cluci8","previousOperationId":"ozd1w2umksivl28"}
{"type":"operationEnd","subtype":"render","operationId":"i5frgfiqfd4ptrj","timestamp":1764974895502,"id":"5z94u3k2kazjho1","previousEventId":"3k1vwym5s8vf4rc","previousOperationId":"ozd1w2umksivl28"}
{"type":"log","timestamp":1764974896522,"level":"debug","message":"pptx successfully zipped","meta":{"rootId":"iej8uud1rrl388z","id":"iej8uud1rrl388z"},"id":"m6i3j7lagennmlm","previousOperationId":"cm0kdd40nlj5vj6"}
{"type":"log","timestamp":1764974896522,"level":"info","message":"pptx generation was finished","meta":{"rootId":"iej8uud1rrl388z","id":"iej8uud1rrl388z"},"id":"55iucq3unm9id7q","previousOperationId":"cm0kdd40nlj5vj6"}
{"type":"operationEnd","operationId":"cm0kdd40nlj5vj6","timestamp":1764974896525,"id":"rut2isnczh5c8a3","previousEventId":"nix5yhl5nd6ugt6","previousOperationId":"cm0kdd40nlj5vj6"}
{"type":"log","timestamp":1764974896525,"level":"debug","message":"Skipping storing report.","meta":{"rootId":"iej8uud1rrl388z","id":"iej8uud1rrl388z"},"id":"zegla4h373xafyb","previousOperationId":"cm0kdd40nlj5vj6"}
{"type":"log","timestamp":1764974896525,"level":"info","message":"Rendering request 5 finished in 1209 ms","meta":{"rootId":"iej8uud1rrl388z","id":"iej8uud1rrl388z"},"id":"xv5bnhqpe7d5qry","previousOperationId":"cm0kdd40nlj5vj6"}
{"type":"operationEnd","subtype":"render","operationId":"1n1q5vb7driecn8","timestamp":1764974896525,"id":"cwkaq8g57s036ht","previousEventId":"rut2isnczh5c8a3","previousOperationId":"cm0kdd40nlj5vj6"}
{"type":"operationEnd","doDiffs":false,"previousEventId":"ngdzogd22gpkton","previousOperationId":"6vq5f27g9ddjd39","operationId":"6vq5f27g9ddjd39","timestamp":1764974896531,"id":"012ahgx910shg5y"}
