{"type":"operationStart","subtype":"profile","data":{"_id":"qAHvXDxNugrVXpPv","timestamp":"2025-12-05T11:18:12.848Z","state":"running","mode":"standard","creationDate":"2025-12-05T11:18:12.856Z","modificationDate":"2025-12-05T11:18:12.856Z","shortid":"-gPLwwR","$entitySet":"profiles","timeout":60000},"doDiffs":false,"timestamp":1764933492852,"id":"q6eujvvl3avcfva","previousOperationId":null,"operationId":"7b5rk8mbfk719f5"}
{"type":"log","level":"info","message":"Render request 1 queued for execution and waiting for available worker","previousOperationId":"7b5rk8mbfk719f5","timestamp":1764933492852,"id":"3a22hujhb76mi94"}
{"type":"operationStart","subtype":"render","name":"anonymous","previousOperationId":"7b5rk8mbfk719f5","timestamp":1764933492892,"id":"zxfeejd1tafzb52","previousEventId":"q6eujvvl3avcfva","operationId":"hj3prqca294x3qa"}
{"type":"log","timestamp":1764933492894,"level":"info","message":"Starting rendering request 1","meta":{"rootId":"ilwqkopg3xqkzcx","id":"ilwqkopg3xqkzcx"},"id":"5cmzxn2q4knex78","previousOperationId":"hj3prqca294x3qa"}
{"type":"log","timestamp":1764933492896,"level":"info","message":"Rendering anonymous template { recipe: pptx, engine: handlebars }","meta":{"rootId":"ilwqkopg3xqkzcx","id":"ilwqkopg3xqkzcx"},"id":"tgiqt55lxxgrmpb","previousOperationId":"hj3prqca294x3qa"}
{"type":"log","timestamp":1764933492897,"level":"debug","message":"Inline data specified.","meta":{"rootId":"ilwqkopg3xqkzcx","id":"ilwqkopg3xqkzcx"},"id":"jgiamut9qeg6eyx","previousOperationId":"hj3prqca294x3qa"}
{"type":"log","timestamp":1764933492904,"level":"debug","message":"Base url not specified, skipping its injection.","meta":{"rootId":"ilwqkopg3xqkzcx","id":"ilwqkopg3xqkzcx"},"id":"opqn025mnw5mlyt","previousOperationId":"hj3prqca294x3qa"}
{"type":"operationStart","subtype":"engine","name":"handlebars","timestamp":1764933492908,"id":"2x9ivvi4gjttlow","previousEventId":"zxfeejd1tafzb52","operationId":"n5gbkbhkxiilery","previousOperationId":"hj3prqca294x3qa"}
{"type":"log","timestamp":1764933492908,"level":"debug","message":"Rendering engine handlebars","meta":{"rootId":"ilwqkopg3xqkzcx","id":"ilwqkopg3xqkzcx"},"id":"b62bh8ebxfufof6","previousOperationId":"n5gbkbhkxiilery"}
{"type":"operationEnd","operationId":"n5gbkbhkxiilery","timestamp":1764933494123,"id":"f7n6kghietqd1km","previousEventId":"2x9ivvi4gjttlow","previousOperationId":"n5gbkbhkxiilery"}
{"type":"operationStart","subtype":"recipe","name":"pptx","timestamp":1764933494124,"id":"svn9dv2jtnj24bx","previousEventId":"f7n6kghietqd1km","operationId":"wnusbjcl6nsfcbj","previousOperationId":"n5gbkbhkxiilery"}
{"type":"log","timestamp":1764933494124,"level":"debug","message":"Executing recipe pptx","meta":{"rootId":"ilwqkopg3xqkzcx","id":"ilwqkopg3xqkzcx"},"id":"ythag5x1sssrdwb","previousOperationId":"wnusbjcl6nsfcbj"}
{"type":"log","timestamp":1764933494356,"level":"info","message":"pptx generation is starting","meta":{"rootId":"ilwqkopg3xqkzcx","id":"ilwqkopg3xqkzcx"},"id":"ta42pqc0oukrwph","previousOperationId":"wnusbjcl6nsfcbj"}
{"type":"log","timestamp":1764933494554,"level":"debug","message":"Starting child request to render pptx dynamic parts","meta":{"rootId":"ilwqkopg3xqkzcx","id":"ilwqkopg3xqkzcx"},"id":"1fsdf9vz6fpsycc","previousOperationId":"wnusbjcl6nsfcbj"}
{"type":"operationStart","subtype":"render","name":"anonymous","previousOperationId":"wnusbjcl6nsfcbj","timestamp":1764933494556,"id":"2qm9w17iwwq3qa4","previousEventId":"svn9dv2jtnj24bx","operationId":"wp8psisbxo7ranq"}
{"type":"log","timestamp":1764933494556,"level":"info","message":"Starting rendering (child) request","meta":{"rootId":"ilwqkopg3xqkzcx","id":"6ctmgukyp3ja3lo"},"id":"6b98iiljeeezi37","previousOperationId":"wp8psisbxo7ranq"}
{"type":"log","timestamp":1764933494556,"level":"info","message":"Rendering anonymous template { recipe: html, engine: handlebars }","meta":{"rootId":"ilwqkopg3xqkzcx","id":"6ctmgukyp3ja3lo"},"id":"ylx7qtdssgssj0y","previousOperationId":"wp8psisbxo7ranq"}
{"type":"log","timestamp":1764933494556,"level":"debug","message":"Inline data specified.","meta":{"rootId":"ilwqkopg3xqkzcx","id":"6ctmgukyp3ja3lo"},"id":"bc601y7gqcq5so5","previousOperationId":"wp8psisbxo7ranq"}
{"type":"log","timestamp":1764933494564,"level":"debug","message":"Base url not specified, skipping its injection.","meta":{"rootId":"ilwqkopg3xqkzcx","id":"6ctmgukyp3ja3lo"},"id":"44v98flke7mvmgi","previousOperationId":"wp8psisbxo7ranq"}
{"type":"operationStart","subtype":"engine","name":"handlebars","timestamp":1764933494564,"id":"0dcefjibl9txu7u","previousEventId":"2qm9w17iwwq3qa4","operationId":"9puy7nkxqd0ww6b","previousOperationId":"wp8psisbxo7ranq"}
{"type":"log","timestamp":1764933494564,"level":"debug","message":"Rendering engine handlebars","meta":{"rootId":"ilwqkopg3xqkzcx","id":"6ctmgukyp3ja3lo"},"id":"ty1gomwlbzofj9e","previousOperationId":"9puy7nkxqd0ww6b"}
{"type":"operationEnd","operationId":"9puy7nkxqd0ww6b","timestamp":1764933494601,"id":"ea6hp7727nrnc5b","previousEventId":"0dcefjibl9txu7u","previousOperationId":"9puy7nkxqd0ww6b"}
{"type":"operationStart","subtype":"recipe","name":"html","timestamp":1764933494603,"id":"nuwoff5801uy7x3","previousEventId":"ea6hp7727nrnc5b","operationId":"47zkhev1cey5avg","previousOperationId":"9puy7nkxqd0ww6b"}
{"type":"log","timestamp":1764933494603,"level":"debug","message":"Executing recipe html","meta":{"rootId":"ilwqkopg3xqkzcx","id":"6ctmgukyp3ja3lo"},"id":"3l3qhpi8zgjzzlq","previousOperationId":"47zkhev1cey5avg"}
{"type":"operationEnd","operationId":"47zkhev1cey5avg","timestamp":1764933494603,"id":"67gm5oh9w5ps91p","previousEventId":"nuwoff5801uy7x3","previousOperationId":"47zkhev1cey5avg"}
{"type":"log","timestamp":1764933494604,"level":"debug","message":"Skipping storing report.","meta":{"rootId":"ilwqkopg3xqkzcx","id":"6ctmgukyp3ja3lo"},"id":"b4jcqwq5kx6ighg","previousOperationId":"47zkhev1cey5avg"}
{"type":"log","timestamp":1764933494604,"level":"info","message":"Rendering (child) request finished in 1758 ms","meta":{"rootId":"ilwqkopg3xqkzcx","id":"6ctmgukyp3ja3lo"},"id":"sjsyyevt7x2fzdb","previousOperationId":"47zkhev1cey5avg"}
{"type":"operationEnd","subtype":"render","operationId":"wp8psisbxo7ranq","timestamp":1764933494605,"id":"s4xflr6gnivv5fj","previousEventId":"67gm5oh9w5ps91p","previousOperationId":"47zkhev1cey5avg"}
{"type":"log","timestamp":1764933495323,"level":"debug","message":"pptx successfully zipped","meta":{"rootId":"ilwqkopg3xqkzcx","id":"ilwqkopg3xqkzcx"},"id":"f698336j1e1xo6p","previousOperationId":"wnusbjcl6nsfcbj"}
{"type":"log","timestamp":1764933495323,"level":"info","message":"pptx generation was finished","meta":{"rootId":"ilwqkopg3xqkzcx","id":"ilwqkopg3xqkzcx"},"id":"72dpechwsavoqct","previousOperationId":"wnusbjcl6nsfcbj"}
{"type":"operationEnd","operationId":"wnusbjcl6nsfcbj","timestamp":1764933495332,"id":"gp164qvwpawkkmb","previousEventId":"svn9dv2jtnj24bx","previousOperationId":"wnusbjcl6nsfcbj"}
{"type":"log","timestamp":1764933495333,"level":"debug","message":"Skipping storing report.","meta":{"rootId":"ilwqkopg3xqkzcx","id":"ilwqkopg3xqkzcx"},"id":"u7nztk9hd2r4s6n","previousOperationId":"wnusbjcl6nsfcbj"}
{"type":"log","timestamp":1764933495333,"level":"info","message":"Rendering request 1 finished in 2487 ms","meta":{"rootId":"ilwqkopg3xqkzcx","id":"ilwqkopg3xqkzcx"},"id":"i22ntqf33729nb7","previousOperationId":"wnusbjcl6nsfcbj"}
{"type":"operationEnd","subtype":"render","operationId":"hj3prqca294x3qa","timestamp":1764933495333,"id":"of6b0eoiyvc18gl","previousEventId":"gp164qvwpawkkmb","previousOperationId":"wnusbjcl6nsfcbj"}
{"type":"operationEnd","doDiffs":false,"previousEventId":"q6eujvvl3avcfva","previousOperationId":"7b5rk8mbfk719f5","operationId":"7b5rk8mbfk719f5","timestamp":1764933495339,"id":"ynqr3x30aj6hju8"}
