{"type":"operationStart","subtype":"profile","data":{"_id":"axDSgI8OCxtVpmhk","timestamp":"2025-12-05T21:39:39.157Z","state":"running","mode":"standard","creationDate":"2025-12-05T21:39:39.165Z","modificationDate":"2025-12-05T21:39:39.165Z","shortid":"LqTVNBe","$entitySet":"profiles","timeout":60000},"doDiffs":false,"timestamp":1764970779161,"id":"ftj90i02ehquvmx","previousOperationId":null,"operationId":"lepjwqg1910vm5q"}
{"type":"log","level":"info","message":"Render request 1 queued for execution and waiting for available worker","previousOperationId":"lepjwqg1910vm5q","timestamp":1764970779162,"id":"gm1jftq5t9gp0eu"}
{"type":"operationStart","subtype":"render","name":"anonymous","previousOperationId":"lepjwqg1910vm5q","timestamp":1764970779206,"id":"kzzis523hg4athm","previousEventId":"ftj90i02ehquvmx","operationId":"3tsaq6qpkg7vylh"}
{"type":"log","timestamp":1764970779207,"level":"info","message":"Starting rendering request 1","meta":{"rootId":"io61gp18098wqtm","id":"io61gp18098wqtm"},"id":"0xo3bk3ypn3fq4o","previousOperationId":"3tsaq6qpkg7vylh"}
{"type":"log","timestamp":1764970779210,"level":"info","message":"Rendering anonymous template { recipe: pptx, engine: handlebars }","meta":{"rootId":"io61gp18098wqtm","id":"io61gp18098wqtm"},"id":"zs0cjxo7h5b2ung","previousOperationId":"3tsaq6qpkg7vylh"}
{"type":"log","timestamp":1764970779210,"level":"debug","message":"Inline data specified.","meta":{"rootId":"io61gp18098wqtm","id":"io61gp18098wqtm"},"id":"53bqdyguqk87hcn","previousOperationId":"3tsaq6qpkg7vylh"}
{"type":"log","timestamp":1764970779216,"level":"debug","message":"Base url not specified, skipping its injection.","meta":{"rootId":"io61gp18098wqtm","id":"io61gp18098wqtm"},"id":"mzvxli9s8aw55co","previousOperationId":"3tsaq6qpkg7vylh"}
{"type":"operationStart","subtype":"engine","name":"handlebars","timestamp":1764970779218,"id":"af6f03wvkpr5y8t","previousEventId":"kzzis523hg4athm","operationId":"8blytresflmkkzx","previousOperationId":"3tsaq6qpkg7vylh"}
{"type":"log","timestamp":1764970779218,"level":"debug","message":"Rendering engine handlebars","meta":{"rootId":"io61gp18098wqtm","id":"io61gp18098wqtm"},"id":"4cnzbp3k4x03fdf","previousOperationId":"8blytresflmkkzx"}
{"type":"operationEnd","operationId":"8blytresflmkkzx","timestamp":1764970780722,"id":"c0ks3b64j35g306","previousEventId":"af6f03wvkpr5y8t","previousOperationId":"8blytresflmkkzx"}
{"type":"operationStart","subtype":"recipe","name":"pptx","timestamp":1764970780723,"id":"qvo20yqkkjgb0ua","previousEventId":"c0ks3b64j35g306","operationId":"wt2blnof6q63bmc","previousOperationId":"8blytresflmkkzx"}
{"type":"log","timestamp":1764970780724,"level":"debug","message":"Executing recipe pptx","meta":{"rootId":"io61gp18098wqtm","id":"io61gp18098wqtm"},"id":"w87ttqklr7h5glm","previousOperationId":"wt2blnof6q63bmc"}
{"type":"log","timestamp":1764970781055,"level":"info","message":"pptx generation is starting","meta":{"rootId":"io61gp18098wqtm","id":"io61gp18098wqtm"},"id":"mi5zobnd0d5vc93","previousOperationId":"wt2blnof6q63bmc"}
{"type":"log","timestamp":1764970781254,"level":"debug","message":"Starting child request to render pptx dynamic parts","meta":{"rootId":"io61gp18098wqtm","id":"io61gp18098wqtm"},"id":"sbu6e8saaqco09g","previousOperationId":"wt2blnof6q63bmc"}
{"type":"operationStart","subtype":"render","name":"anonymous","previousOperationId":"wt2blnof6q63bmc","timestamp":1764970781255,"id":"gxhwrk78rd9vu9v","previousEventId":"qvo20yqkkjgb0ua","operationId":"prefqsbs0zoryzn"}
{"type":"log","timestamp":1764970781256,"level":"info","message":"Starting rendering (child) request","meta":{"rootId":"io61gp18098wqtm","id":"e4c4lhgicekfw2z"},"id":"hf0zp9f8d6yfet5","previousOperationId":"prefqsbs0zoryzn"}
{"type":"log","timestamp":1764970781256,"level":"info","message":"Rendering anonymous template { recipe: html, engine: handlebars }","meta":{"rootId":"io61gp18098wqtm","id":"e4c4lhgicekfw2z"},"id":"dnx50iop86h3h90","previousOperationId":"prefqsbs0zoryzn"}
{"type":"log","timestamp":1764970781256,"level":"debug","message":"Inline data specified.","meta":{"rootId":"io61gp18098wqtm","id":"e4c4lhgicekfw2z"},"id":"96731g3wi55sx8g","previousOperationId":"prefqsbs0zoryzn"}
{"type":"log","timestamp":1764970781264,"level":"debug","message":"Base url not specified, skipping its injection.","meta":{"rootId":"io61gp18098wqtm","id":"e4c4lhgicekfw2z"},"id":"ja7o0ostdnp10s7","previousOperationId":"prefqsbs0zoryzn"}
{"type":"operationStart","subtype":"engine","name":"handlebars","timestamp":1764970781265,"id":"b1ej1d4aoxkctwb","previousEventId":"gxhwrk78rd9vu9v","operationId":"1bvat381dh815p1","previousOperationId":"prefqsbs0zoryzn"}
{"type":"log","timestamp":1764970781265,"level":"debug","message":"Rendering engine handlebars","meta":{"rootId":"io61gp18098wqtm","id":"e4c4lhgicekfw2z"},"id":"ohkz9dysmpkedrv","previousOperationId":"1bvat381dh815p1"}
{"type":"operationEnd","operationId":"1bvat381dh815p1","timestamp":1764970781299,"id":"igdhnxwjts63gx5","previousEventId":"b1ej1d4aoxkctwb","previousOperationId":"1bvat381dh815p1"}
{"type":"operationStart","subtype":"recipe","name":"html","timestamp":1764970781299,"id":"9takinggi9pqkkk","previousEventId":"igdhnxwjts63gx5","operationId":"hpe7occyy6ntoeh","previousOperationId":"1bvat381dh815p1"}
{"type":"log","timestamp":1764970781299,"level":"debug","message":"Executing recipe html","meta":{"rootId":"io61gp18098wqtm","id":"e4c4lhgicekfw2z"},"id":"izcpistcw9bkapc","previousOperationId":"hpe7occyy6ntoeh"}
{"type":"operationEnd","operationId":"hpe7occyy6ntoeh","timestamp":1764970781300,"id":"7crujigg8qc2998","previousEventId":"9takinggi9pqkkk","previousOperationId":"hpe7occyy6ntoeh"}
{"type":"log","timestamp":1764970781301,"level":"debug","message":"Skipping storing report.","meta":{"rootId":"io61gp18098wqtm","id":"e4c4lhgicekfw2z"},"id":"fh3e42dg424l5wl","previousOperationId":"hpe7occyy6ntoeh"}
{"type":"log","timestamp":1764970781301,"level":"info","message":"Rendering (child) request finished in 2147 ms","meta":{"rootId":"io61gp18098wqtm","id":"e4c4lhgicekfw2z"},"id":"3u6r0jwk2b89e9o","previousOperationId":"hpe7occyy6ntoeh"}
{"type":"operationEnd","subtype":"render","operationId":"prefqsbs0zoryzn","timestamp":1764970781301,"id":"8fu5moaa3rpkce2","previousEventId":"7crujigg8qc2998","previousOperationId":"hpe7occyy6ntoeh"}
{"type":"log","timestamp":1764970782043,"level":"debug","message":"pptx successfully zipped","meta":{"rootId":"io61gp18098wqtm","id":"io61gp18098wqtm"},"id":"mmltkmehdfxicqm","previousOperationId":"wt2blnof6q63bmc"}
{"type":"log","timestamp":1764970782043,"level":"info","message":"pptx generation was finished","meta":{"rootId":"io61gp18098wqtm","id":"io61gp18098wqtm"},"id":"ecxnxy0z83rcwbk","previousOperationId":"wt2blnof6q63bmc"}
{"type":"operationEnd","operationId":"wt2blnof6q63bmc","timestamp":1764970782053,"id":"i2rvbzv4r7sxgjb","previousEventId":"qvo20yqkkjgb0ua","previousOperationId":"wt2blnof6q63bmc"}
{"type":"log","timestamp":1764970782053,"level":"debug","message":"Skipping storing report.","meta":{"rootId":"io61gp18098wqtm","id":"io61gp18098wqtm"},"id":"bm3z9s963v88mpz","previousOperationId":"wt2blnof6q63bmc"}
{"type":"log","timestamp":1764970782054,"level":"info","message":"Rendering request 1 finished in 2900 ms","meta":{"rootId":"io61gp18098wqtm","id":"io61gp18098wqtm"},"id":"lfxa4z1321zylqj","previousOperationId":"wt2blnof6q63bmc"}
{"type":"operationEnd","subtype":"render","operationId":"3tsaq6qpkg7vylh","timestamp":1764970782054,"id":"e2e5rd9gob09wzd","previousEventId":"i2rvbzv4r7sxgjb","previousOperationId":"wt2blnof6q63bmc"}
{"type":"operationEnd","doDiffs":false,"previousEventId":"ftj90i02ehquvmx","previousOperationId":"lepjwqg1910vm5q","operationId":"lepjwqg1910vm5q","timestamp":1764970782058,"id":"sdxua74bwz3iox2"}
