{"type":"operationStart","subtype":"profile","data":{"_id":"dSGcpGPmwaKERFWG","timestamp":"2025-12-06T15:52:00.422Z","state":"running","mode":"standard","creationDate":"2025-12-06T15:52:00.426Z","modificationDate":"2025-12-06T15:52:00.426Z","shortid":"Z1pmPXo","$entitySet":"profiles","timeout":60000},"doDiffs":false,"timestamp":1765036320425,"id":"v1oxmn7lpbjnxuo","previousOperationId":null,"operationId":"tmg2ojh1ttgbugb"}
{"type":"log","level":"info","message":"Render request 30 queued for execution and waiting for available worker","previousOperationId":"tmg2ojh1ttgbugb","timestamp":1765036320425,"id":"go8zjtbyz48zut5"}
{"type":"operationStart","subtype":"render","name":"anonymous","previousOperationId":"tmg2ojh1ttgbugb","timestamp":1765036320441,"id":"7w0qy5h5k37uvm8","previousEventId":"v1oxmn7lpbjnxuo","operationId":"svchpsvj78zofa7"}
{"type":"log","timestamp":1765036320441,"level":"info","message":"Starting rendering request 30","meta":{"rootId":"j26n73gtfvqcb93","id":"j26n73gtfvqcb93"},"id":"88xssm2jzk9e0vb","previousOperationId":"svchpsvj78zofa7"}
{"type":"log","timestamp":1765036320442,"level":"info","message":"Rendering anonymous template { recipe: pptx, engine: handlebars }","meta":{"rootId":"j26n73gtfvqcb93","id":"j26n73gtfvqcb93"},"id":"avw19k725ypqo8s","previousOperationId":"svchpsvj78zofa7"}
{"type":"log","timestamp":1765036320442,"level":"debug","message":"Inline data specified.","meta":{"rootId":"j26n73gtfvqcb93","id":"j26n73gtfvqcb93"},"id":"lbdk19q07rimvkq","previousOperationId":"svchpsvj78zofa7"}
{"type":"log","timestamp":1765036320444,"level":"debug","message":"Base url not specified, skipping its injection.","meta":{"rootId":"j26n73gtfvqcb93","id":"j26n73gtfvqcb93"},"id":"lpw8w4fuogy09db","previousOperationId":"svchpsvj78zofa7"}
{"type":"operationStart","subtype":"engine","name":"handlebars","timestamp":1765036320444,"id":"2ogg5krbhfkbym6","previousEventId":"7w0qy5h5k37uvm8","operationId":"qhej4921qs4x3ak","previousOperationId":"svchpsvj78zofa7"}
{"type":"log","timestamp":1765036320444,"level":"debug","message":"Rendering engine handlebars","meta":{"rootId":"j26n73gtfvqcb93","id":"j26n73gtfvqcb93"},"id":"jovjtuzxks12djv","previousOperationId":"qhej4921qs4x3ak"}
{"type":"operationEnd","operationId":"qhej4921qs4x3ak","timestamp":1765036320462,"id":"uprn9h27hnibrsr","previousEventId":"2ogg5krbhfkbym6","previousOperationId":"qhej4921qs4x3ak"}
{"type":"operationStart","subtype":"recipe","name":"pptx","timestamp":1765036320462,"id":"su3j8iw1hpfos45","previousEventId":"uprn9h27hnibrsr","operationId":"9tbtzskowc9p7f9","previousOperationId":"qhej4921qs4x3ak"}
{"type":"log","timestamp":1765036320462,"level":"debug","message":"Executing recipe pptx","meta":{"rootId":"j26n73gtfvqcb93","id":"j26n73gtfvqcb93"},"id":"7n3nbez748hjrnd","previousOperationId":"9tbtzskowc9p7f9"}
{"type":"log","timestamp":1765036320463,"level":"info","message":"pptx generation is starting","meta":{"rootId":"j26n73gtfvqcb93","id":"j26n73gtfvqcb93"},"id":"11lkruqo69dgbwh","previousOperationId":"9tbtzskowc9p7f9"}
{"type":"log","timestamp":1765036320547,"level":"debug","message":"Starting child request to render pptx dynamic parts","meta":{"rootId":"j26n73gtfvqcb93","id":"j26n73gtfvqcb93"},"id":"ksm2oe42khdcpdj","previousOperationId":"9tbtzskowc9p7f9"}
{"type":"operationStart","subtype":"render","name":"anonymous","previousOperationId":"9tbtzskowc9p7f9","timestamp":1765036320548,"id":"gdrd6hy83ft4hjo","previousEventId":"su3j8iw1hpfos45","operationId":"q5mpus8xa8fyuip"}
{"type":"log","timestamp":1765036320548,"level":"info","message":"Starting rendering (child) request","meta":{"rootId":"j26n73gtfvqcb93","id":"t1q4cz2hcj2bvkz"},"id":"e5ojq39x592g0ow","previousOperationId":"q5mpus8xa8fyuip"}
{"type":"log","timestamp":1765036320548,"level":"info","message":"Rendering anonymous template { recipe: html, engine: handlebars }","meta":{"rootId":"j26n73gtfvqcb93","id":"t1q4cz2hcj2bvkz"},"id":"ay9b6s57sduzmqf","previousOperationId":"q5mpus8xa8fyuip"}
{"type":"log","timestamp":1765036320548,"level":"debug","message":"Inline data specified.","meta":{"rootId":"j26n73gtfvqcb93","id":"t1q4cz2hcj2bvkz"},"id":"jza9y65yhcxfhex","previousOperationId":"q5mpus8xa8fyuip"}
{"type":"log","timestamp":1765036320549,"level":"debug","message":"Base url not specified, skipping its injection.","meta":{"rootId":"j26n73gtfvqcb93","id":"t1q4cz2hcj2bvkz"},"id":"fcdlkel2zzfpie4","previousOperationId":"q5mpus8xa8fyuip"}
{"type":"operationStart","subtype":"engine","name":"handlebars","timestamp":1765036320550,"id":"7lan0dpj0dbzo1i","previousEventId":"gdrd6hy83ft4hjo","operationId":"2xi8bjan0tc1sar","previousOperationId":"q5mpus8xa8fyuip"}
{"type":"log","timestamp":1765036320550,"level":"debug","message":"Rendering engine handlebars","meta":{"rootId":"j26n73gtfvqcb93","id":"t1q4cz2hcj2bvkz"},"id":"koi27h8qeepewib","previousOperationId":"2xi8bjan0tc1sar"}
{"type":"operationEnd","operationId":"2xi8bjan0tc1sar","timestamp":1765036320586,"id":"wr3kznfp4cms023","previousEventId":"7lan0dpj0dbzo1i","previousOperationId":"2xi8bjan0tc1sar"}
{"type":"operationStart","subtype":"recipe","name":"html","timestamp":1765036320589,"id":"tbtp7ib8qhia6ts","previousEventId":"wr3kznfp4cms023","operationId":"9mq18n6iwkm791x","previousOperationId":"2xi8bjan0tc1sar"}
{"type":"log","timestamp":1765036320589,"level":"debug","message":"Executing recipe html","meta":{"rootId":"j26n73gtfvqcb93","id":"t1q4cz2hcj2bvkz"},"id":"zc8c7blw3v45zb2","previousOperationId":"9mq18n6iwkm791x"}
{"type":"operationEnd","operationId":"9mq18n6iwkm791x","timestamp":1765036320589,"id":"kwuyk2s1t7z8wwp","previousEventId":"tbtp7ib8qhia6ts","previousOperationId":"9mq18n6iwkm791x"}
{"type":"log","timestamp":1765036320589,"level":"debug","message":"Skipping storing report.","meta":{"rootId":"j26n73gtfvqcb93","id":"t1q4cz2hcj2bvkz"},"id":"xuwi7jw2a7ginks","previousOperationId":"9mq18n6iwkm791x"}
{"type":"log","timestamp":1765036320589,"level":"info","message":"Rendering (child) request finished in 168 ms","meta":{"rootId":"j26n73gtfvqcb93","id":"t1q4cz2hcj2bvkz"},"id":"r8kw01ql502ay3o","previousOperationId":"9mq18n6iwkm791x"}
{"type":"operationEnd","subtype":"render","operationId":"q5mpus8xa8fyuip","timestamp":1765036320589,"id":"idmacifcvtx72qr","previousEventId":"kwuyk2s1t7z8wwp","previousOperationId":"9mq18n6iwkm791x"}
{"type":"log","timestamp":1765036322867,"level":"debug","message":"pptx successfully zipped","meta":{"rootId":"j26n73gtfvqcb93","id":"j26n73gtfvqcb93"},"id":"jvc0wbx2ywhdaaa","previousOperationId":"9tbtzskowc9p7f9"}
{"type":"log","timestamp":1765036322867,"level":"info","message":"pptx generation was finished","meta":{"rootId":"j26n73gtfvqcb93","id":"j26n73gtfvqcb93"},"id":"917dppw71kcxijm","previousOperationId":"9tbtzskowc9p7f9"}
{"type":"operationEnd","operationId":"9tbtzskowc9p7f9","timestamp":1765036322870,"id":"tr1k4ycqopa06nf","previousEventId":"su3j8iw1hpfos45","previousOperationId":"9tbtzskowc9p7f9"}
{"type":"log","timestamp":1765036322870,"level":"debug","message":"Skipping storing report.","meta":{"rootId":"j26n73gtfvqcb93","id":"j26n73gtfvqcb93"},"id":"gs9qybp94e6boqq","previousOperationId":"9tbtzskowc9p7f9"}
{"type":"log","timestamp":1765036322870,"level":"info","message":"Rendering request 30 finished in 2449 ms","meta":{"rootId":"j26n73gtfvqcb93","id":"j26n73gtfvqcb93"},"id":"vvsmmuwund1tms8","previousOperationId":"9tbtzskowc9p7f9"}
{"type":"operationEnd","subtype":"render","operationId":"svchpsvj78zofa7","timestamp":1765036322870,"id":"rix966do8tb80i4","previousEventId":"tr1k4ycqopa06nf","previousOperationId":"9tbtzskowc9p7f9"}
{"type":"operationEnd","doDiffs":false,"previousEventId":"v1oxmn7lpbjnxuo","previousOperationId":"tmg2ojh1ttgbugb","operationId":"tmg2ojh1ttgbugb","timestamp":1765036322873,"id":"z6kcv4esr7n4doj"}
