{"type":"operationStart","subtype":"profile","data":{"_id":"Su0zcHeDQ2tWouoq","timestamp":"2025-12-06T15:36:47.635Z","state":"running","mode":"standard","creationDate":"2025-12-06T15:36:47.639Z","modificationDate":"2025-12-06T15:36:47.639Z","shortid":"733emyj","$entitySet":"profiles","timeout":60000},"doDiffs":false,"timestamp":1765035407638,"id":"wza41itrqqa22ki","previousOperationId":null,"operationId":"dtibiniq07jbsxr"}
{"type":"log","level":"info","message":"Render request 25 queued for execution and waiting for available worker","previousOperationId":"dtibiniq07jbsxr","timestamp":1765035407638,"id":"jcsv5cefl5i946k"}
{"type":"operationStart","subtype":"render","name":"anonymous","previousOperationId":"dtibiniq07jbsxr","timestamp":1765035407653,"id":"bjgkuza0u1nbth7","previousEventId":"wza41itrqqa22ki","operationId":"eels3adyeep8g04"}
{"type":"log","timestamp":1765035407653,"level":"info","message":"Starting rendering request 25","meta":{"rootId":"j7kmls0t5rk1ba8","id":"j7kmls0t5rk1ba8"},"id":"67kaz3ybp4a8nyc","previousOperationId":"eels3adyeep8g04"}
{"type":"log","timestamp":1765035407653,"level":"info","message":"Rendering anonymous template { recipe: pptx, engine: handlebars }","meta":{"rootId":"j7kmls0t5rk1ba8","id":"j7kmls0t5rk1ba8"},"id":"b04zzbbjdpmk1z6","previousOperationId":"eels3adyeep8g04"}
{"type":"log","timestamp":1765035407654,"level":"debug","message":"Inline data specified.","meta":{"rootId":"j7kmls0t5rk1ba8","id":"j7kmls0t5rk1ba8"},"id":"0l5z4tt8ujl94kb","previousOperationId":"eels3adyeep8g04"}
{"type":"log","timestamp":1765035407658,"level":"debug","message":"Base url not specified, skipping its injection.","meta":{"rootId":"j7kmls0t5rk1ba8","id":"j7kmls0t5rk1ba8"},"id":"kiaoc6aefp56ykb","previousOperationId":"eels3adyeep8g04"}
{"type":"operationStart","subtype":"engine","name":"handlebars","timestamp":1765035407658,"id":"1dj7gsznjyi6od5","previousEventId":"bjgkuza0u1nbth7","operationId":"09h1oltbbjjripa","previousOperationId":"eels3adyeep8g04"}
{"type":"log","timestamp":1765035407658,"level":"debug","message":"Rendering engine handlebars","meta":{"rootId":"j7kmls0t5rk1ba8","id":"j7kmls0t5rk1ba8"},"id":"a4d9udclhu5c1za","previousOperationId":"09h1oltbbjjripa"}
{"type":"operationEnd","operationId":"09h1oltbbjjripa","timestamp":1765035407670,"id":"ybu6r579u9vow7q","previousEventId":"1dj7gsznjyi6od5","previousOperationId":"09h1oltbbjjripa"}
{"type":"operationStart","subtype":"recipe","name":"pptx","timestamp":1765035407671,"id":"uy9szhqhwhb7dsa","previousEventId":"ybu6r579u9vow7q","operationId":"r0fbdyr2kx30w8k","previousOperationId":"09h1oltbbjjripa"}
{"type":"log","timestamp":1765035407671,"level":"debug","message":"Executing recipe pptx","meta":{"rootId":"j7kmls0t5rk1ba8","id":"j7kmls0t5rk1ba8"},"id":"e9mdnd55k6ok9nv","previousOperationId":"r0fbdyr2kx30w8k"}
{"type":"log","timestamp":1765035407672,"level":"info","message":"pptx generation is starting","meta":{"rootId":"j7kmls0t5rk1ba8","id":"j7kmls0t5rk1ba8"},"id":"043i306tnupp08x","previousOperationId":"r0fbdyr2kx30w8k"}
{"type":"log","timestamp":1765035407759,"level":"debug","message":"Starting child request to render pptx dynamic parts","meta":{"rootId":"j7kmls0t5rk1ba8","id":"j7kmls0t5rk1ba8"},"id":"i4cjl1ewpenh246","previousOperationId":"r0fbdyr2kx30w8k"}
{"type":"operationStart","subtype":"render","name":"anonymous","previousOperationId":"r0fbdyr2kx30w8k","timestamp":1765035407760,"id":"chmzcb4mn5y345j","previousEventId":"uy9szhqhwhb7dsa","operationId":"sgjbqz0fbl88lti"}
{"type":"log","timestamp":1765035407760,"level":"info","message":"Starting rendering (child) request","meta":{"rootId":"j7kmls0t5rk1ba8","id":"nunlhvtvht7cvun"},"id":"5wa51aubl5k0hc8","previousOperationId":"sgjbqz0fbl88lti"}
{"type":"log","timestamp":1765035407760,"level":"info","message":"Rendering anonymous template { recipe: html, engine: handlebars }","meta":{"rootId":"j7kmls0t5rk1ba8","id":"nunlhvtvht7cvun"},"id":"jbbkveijynoavpq","previousOperationId":"sgjbqz0fbl88lti"}
{"type":"log","timestamp":1765035407760,"level":"debug","message":"Inline data specified.","meta":{"rootId":"j7kmls0t5rk1ba8","id":"nunlhvtvht7cvun"},"id":"vjhvsnmtf202qkt","previousOperationId":"sgjbqz0fbl88lti"}
{"type":"log","timestamp":1765035407765,"level":"debug","message":"Base url not specified, skipping its injection.","meta":{"rootId":"j7kmls0t5rk1ba8","id":"nunlhvtvht7cvun"},"id":"zhkoo7116appmky","previousOperationId":"sgjbqz0fbl88lti"}
{"type":"operationStart","subtype":"engine","name":"handlebars","timestamp":1765035407765,"id":"ksxae7zk3gulae9","previousEventId":"chmzcb4mn5y345j","operationId":"n4q75i4kt2ivre8","previousOperationId":"sgjbqz0fbl88lti"}
{"type":"log","timestamp":1765035407765,"level":"debug","message":"Rendering engine handlebars","meta":{"rootId":"j7kmls0t5rk1ba8","id":"nunlhvtvht7cvun"},"id":"1nsg9282ixse9vn","previousOperationId":"n4q75i4kt2ivre8"}
{"type":"operationEnd","operationId":"n4q75i4kt2ivre8","timestamp":1765035407783,"id":"2n1hwm4dwnsf2gv","previousEventId":"ksxae7zk3gulae9","previousOperationId":"n4q75i4kt2ivre8"}
{"type":"operationStart","subtype":"recipe","name":"html","timestamp":1765035407785,"id":"a0borefnluyddb9","previousEventId":"2n1hwm4dwnsf2gv","operationId":"fe8zpmko3ojvk6g","previousOperationId":"n4q75i4kt2ivre8"}
{"type":"log","timestamp":1765035407785,"level":"debug","message":"Executing recipe html","meta":{"rootId":"j7kmls0t5rk1ba8","id":"nunlhvtvht7cvun"},"id":"expajg63ev7sbys","previousOperationId":"fe8zpmko3ojvk6g"}
{"type":"operationEnd","operationId":"fe8zpmko3ojvk6g","timestamp":1765035407785,"id":"sihkmbulmwk7449","previousEventId":"a0borefnluyddb9","previousOperationId":"fe8zpmko3ojvk6g"}
{"type":"log","timestamp":1765035407785,"level":"debug","message":"Skipping storing report.","meta":{"rootId":"j7kmls0t5rk1ba8","id":"nunlhvtvht7cvun"},"id":"zd0pp86ekqtvelp","previousOperationId":"fe8zpmko3ojvk6g"}
{"type":"log","timestamp":1765035407785,"level":"info","message":"Rendering (child) request finished in 151 ms","meta":{"rootId":"j7kmls0t5rk1ba8","id":"nunlhvtvht7cvun"},"id":"8vwfgf8wirpmfij","previousOperationId":"fe8zpmko3ojvk6g"}
{"type":"operationEnd","subtype":"render","operationId":"sgjbqz0fbl88lti","timestamp":1765035407785,"id":"zia6ectwwo9tu4d","previousEventId":"sihkmbulmwk7449","previousOperationId":"fe8zpmko3ojvk6g"}
{"type":"log","timestamp":1765035409404,"level":"debug","message":"pptx successfully zipped","meta":{"rootId":"j7kmls0t5rk1ba8","id":"j7kmls0t5rk1ba8"},"id":"lros9azn32s2vsb","previousOperationId":"r0fbdyr2kx30w8k"}
{"type":"log","timestamp":1765035409404,"level":"info","message":"pptx generation was finished","meta":{"rootId":"j7kmls0t5rk1ba8","id":"j7kmls0t5rk1ba8"},"id":"f0dqyjj7hkamrwd","previousOperationId":"r0fbdyr2kx30w8k"}
{"type":"operationEnd","operationId":"r0fbdyr2kx30w8k","timestamp":1765035409406,"id":"timl1rsrzmhz6wm","previousEventId":"uy9szhqhwhb7dsa","previousOperationId":"r0fbdyr2kx30w8k"}
{"type":"log","timestamp":1765035409406,"level":"debug","message":"Skipping storing report.","meta":{"rootId":"j7kmls0t5rk1ba8","id":"j7kmls0t5rk1ba8"},"id":"h66pzkskil6b4bt","previousOperationId":"r0fbdyr2kx30w8k"}
{"type":"log","timestamp":1765035409407,"level":"info","message":"Rendering request 25 finished in 1773 ms","meta":{"rootId":"j7kmls0t5rk1ba8","id":"j7kmls0t5rk1ba8"},"id":"w8v36vsjohj1ldx","previousOperationId":"r0fbdyr2kx30w8k"}
{"type":"operationEnd","subtype":"render","operationId":"eels3adyeep8g04","timestamp":1765035409407,"id":"cmajlu3y7iwnwyi","previousEventId":"timl1rsrzmhz6wm","previousOperationId":"r0fbdyr2kx30w8k"}
{"type":"operationEnd","doDiffs":false,"previousEventId":"wza41itrqqa22ki","previousOperationId":"dtibiniq07jbsxr","operationId":"dtibiniq07jbsxr","timestamp":1765035409410,"id":"tw8sejfjrod0oyp"}
