{"type":"operationStart","subtype":"profile","data":{"_id":"m4iRvjcFlQryQDZq","timestamp":"2025-12-05T17:50:26.696Z","state":"running","mode":"standard","creationDate":"2025-12-05T17:50:26.700Z","modificationDate":"2025-12-05T17:50:26.700Z","shortid":"ywBb9qM","$entitySet":"profiles","timeout":60000},"doDiffs":false,"timestamp":1764957026698,"id":"6e4ma9owfqn1hdu","previousOperationId":null,"operationId":"s55dsm5oezlu3nk"}
{"type":"log","level":"info","message":"Render request 2 queued for execution and waiting for available worker","previousOperationId":"s55dsm5oezlu3nk","timestamp":1764957026698,"id":"tpswbnk1lpg5odp"}
{"type":"operationStart","subtype":"render","name":"anonymous","previousOperationId":"s55dsm5oezlu3nk","timestamp":1764957026718,"id":"91ywtx38iv1zat9","previousEventId":"6e4ma9owfqn1hdu","operationId":"9jtzwgl3qcnocxg"}
{"type":"log","timestamp":1764957026719,"level":"info","message":"Starting rendering request 2","meta":{"rootId":"jg1k3bz104upfzb","id":"jg1k3bz104upfzb"},"id":"ipkeaixqbzjuw5k","previousOperationId":"9jtzwgl3qcnocxg"}
{"type":"log","timestamp":1764957026720,"level":"info","message":"Rendering anonymous template { recipe: pptx, engine: handlebars }","meta":{"rootId":"jg1k3bz104upfzb","id":"jg1k3bz104upfzb"},"id":"m34f1kjumy1yzcu","previousOperationId":"9jtzwgl3qcnocxg"}
{"type":"log","timestamp":1764957026721,"level":"debug","message":"Inline data specified.","meta":{"rootId":"jg1k3bz104upfzb","id":"jg1k3bz104upfzb"},"id":"48b6m79r86ojbvd","previousOperationId":"9jtzwgl3qcnocxg"}
{"type":"log","timestamp":1764957026724,"level":"debug","message":"Base url not specified, skipping its injection.","meta":{"rootId":"jg1k3bz104upfzb","id":"jg1k3bz104upfzb"},"id":"dw1d2rvxzlob70t","previousOperationId":"9jtzwgl3qcnocxg"}
{"type":"operationStart","subtype":"engine","name":"handlebars","timestamp":1764957026728,"id":"5h7g0vuqunylg5t","previousEventId":"91ywtx38iv1zat9","operationId":"8qsf3uo9grscorp","previousOperationId":"9jtzwgl3qcnocxg"}
{"type":"log","timestamp":1764957026728,"level":"debug","message":"Rendering engine handlebars","meta":{"rootId":"jg1k3bz104upfzb","id":"jg1k3bz104upfzb"},"id":"3sxc2uohms4e2w8","previousOperationId":"8qsf3uo9grscorp"}
{"type":"operationEnd","operationId":"8qsf3uo9grscorp","timestamp":1764957027638,"id":"vloktru2vbspn7w","previousEventId":"5h7g0vuqunylg5t","previousOperationId":"8qsf3uo9grscorp"}
{"type":"operationStart","subtype":"recipe","name":"pptx","timestamp":1764957027638,"id":"g7m5cusmm96689y","previousEventId":"vloktru2vbspn7w","operationId":"ywzfs7a9967o18o","previousOperationId":"8qsf3uo9grscorp"}
{"type":"log","timestamp":1764957027638,"level":"debug","message":"Executing recipe pptx","meta":{"rootId":"jg1k3bz104upfzb","id":"jg1k3bz104upfzb"},"id":"y8tbd3fhrc5xzw2","previousOperationId":"ywzfs7a9967o18o"}
{"type":"log","timestamp":1764957027776,"level":"info","message":"pptx generation is starting","meta":{"rootId":"jg1k3bz104upfzb","id":"jg1k3bz104upfzb"},"id":"jck02vvkr4la9xg","previousOperationId":"ywzfs7a9967o18o"}
{"type":"log","timestamp":1764957027904,"level":"debug","message":"Starting child request to render pptx dynamic parts","meta":{"rootId":"jg1k3bz104upfzb","id":"jg1k3bz104upfzb"},"id":"d1ytlk91c4ozkhn","previousOperationId":"ywzfs7a9967o18o"}
{"type":"operationStart","subtype":"render","name":"anonymous","previousOperationId":"ywzfs7a9967o18o","timestamp":1764957027905,"id":"ib67ezkgdrskj1z","previousEventId":"g7m5cusmm96689y","operationId":"886dgoaleac7pem"}
{"type":"log","timestamp":1764957027905,"level":"info","message":"Starting rendering (child) request","meta":{"rootId":"jg1k3bz104upfzb","id":"45vxy8feivdqb4q"},"id":"eif24e4g63y5s0u","previousOperationId":"886dgoaleac7pem"}
{"type":"log","timestamp":1764957027905,"level":"info","message":"Rendering anonymous template { recipe: html, engine: handlebars }","meta":{"rootId":"jg1k3bz104upfzb","id":"45vxy8feivdqb4q"},"id":"qgeueeg9khfuum9","previousOperationId":"886dgoaleac7pem"}
{"type":"log","timestamp":1764957027905,"level":"debug","message":"Inline data specified.","meta":{"rootId":"jg1k3bz104upfzb","id":"45vxy8feivdqb4q"},"id":"c3nbbi6coos34mi","previousOperationId":"886dgoaleac7pem"}
{"type":"log","timestamp":1764957027909,"level":"debug","message":"Base url not specified, skipping its injection.","meta":{"rootId":"jg1k3bz104upfzb","id":"45vxy8feivdqb4q"},"id":"5zpsace9zorjmm4","previousOperationId":"886dgoaleac7pem"}
{"type":"operationStart","subtype":"engine","name":"handlebars","timestamp":1764957027909,"id":"799rcav062r03i5","previousEventId":"ib67ezkgdrskj1z","operationId":"rtgwjrzynf36cbf","previousOperationId":"886dgoaleac7pem"}
{"type":"log","timestamp":1764957027909,"level":"debug","message":"Rendering engine handlebars","meta":{"rootId":"jg1k3bz104upfzb","id":"45vxy8feivdqb4q"},"id":"powhhv25qocwlfr","previousOperationId":"rtgwjrzynf36cbf"}
{"type":"operationEnd","operationId":"rtgwjrzynf36cbf","timestamp":1764957027933,"id":"bko9vsz3ycwsty7","previousEventId":"799rcav062r03i5","previousOperationId":"rtgwjrzynf36cbf"}
{"type":"operationStart","subtype":"recipe","name":"html","timestamp":1764957027934,"id":"lwdm5n0ch0nqo6o","previousEventId":"bko9vsz3ycwsty7","operationId":"980jhzwhnas8fhy","previousOperationId":"rtgwjrzynf36cbf"}
{"type":"log","timestamp":1764957027934,"level":"debug","message":"Executing recipe html","meta":{"rootId":"jg1k3bz104upfzb","id":"45vxy8feivdqb4q"},"id":"6w9r390crbmwa5x","previousOperationId":"980jhzwhnas8fhy"}
{"type":"operationEnd","operationId":"980jhzwhnas8fhy","timestamp":1764957027934,"id":"375ow78w625uku7","previousEventId":"lwdm5n0ch0nqo6o","previousOperationId":"980jhzwhnas8fhy"}
{"type":"log","timestamp":1764957027934,"level":"debug","message":"Skipping storing report.","meta":{"rootId":"jg1k3bz104upfzb","id":"45vxy8feivdqb4q"},"id":"ias9fwm4q0gh9o4","previousOperationId":"980jhzwhnas8fhy"}
{"type":"log","timestamp":1764957027935,"level":"info","message":"Rendering (child) request finished in 1240 ms","meta":{"rootId":"jg1k3bz104upfzb","id":"45vxy8feivdqb4q"},"id":"3ak04n9ebzclap4","previousOperationId":"980jhzwhnas8fhy"}
{"type":"operationEnd","subtype":"render","operationId":"886dgoaleac7pem","timestamp":1764957027935,"id":"iyn5yfy8r5iqr7e","previousEventId":"375ow78w625uku7","previousOperationId":"980jhzwhnas8fhy"}
{"type":"log","timestamp":1764957028400,"level":"debug","message":"pptx successfully zipped","meta":{"rootId":"jg1k3bz104upfzb","id":"jg1k3bz104upfzb"},"id":"qtjyumwfke0ant1","previousOperationId":"ywzfs7a9967o18o"}
{"type":"log","timestamp":1764957028400,"level":"info","message":"pptx generation was finished","meta":{"rootId":"jg1k3bz104upfzb","id":"jg1k3bz104upfzb"},"id":"colu77bxkp9n4gx","previousOperationId":"ywzfs7a9967o18o"}
{"type":"operationEnd","operationId":"ywzfs7a9967o18o","timestamp":1764957028415,"id":"ljgc6fc03scds9g","previousEventId":"g7m5cusmm96689y","previousOperationId":"ywzfs7a9967o18o"}
{"type":"log","timestamp":1764957028416,"level":"debug","message":"Skipping storing report.","meta":{"rootId":"jg1k3bz104upfzb","id":"jg1k3bz104upfzb"},"id":"rhn81423uxjvucs","previousOperationId":"ywzfs7a9967o18o"}
{"type":"log","timestamp":1764957028416,"level":"info","message":"Rendering request 2 finished in 1721 ms","meta":{"rootId":"jg1k3bz104upfzb","id":"jg1k3bz104upfzb"},"id":"dlx06voug2n6e9i","previousOperationId":"ywzfs7a9967o18o"}
{"type":"operationEnd","subtype":"render","operationId":"9jtzwgl3qcnocxg","timestamp":1764957028416,"id":"8ndy8hsjgjs9kov","previousEventId":"ljgc6fc03scds9g","previousOperationId":"ywzfs7a9967o18o"}
{"type":"operationEnd","doDiffs":false,"previousEventId":"6e4ma9owfqn1hdu","previousOperationId":"s55dsm5oezlu3nk","operationId":"s55dsm5oezlu3nk","timestamp":1764957028420,"id":"zcklikpne72muv9"}
