{"type":"operationStart","subtype":"profile","data":{"_id":"KBn3RaLSWsT13VZH","timestamp":"2025-12-06T11:00:09.652Z","state":"running","mode":"standard","creationDate":"2025-12-06T11:00:09.658Z","modificationDate":"2025-12-06T11:00:09.658Z","shortid":"QUFZnKd","$entitySet":"profiles","timeout":60000},"doDiffs":false,"timestamp":1765018809656,"id":"2itp34vg8tw9fid","previousOperationId":null,"operationId":"gxgai59c7wlc860"}
{"type":"log","level":"info","message":"Render request 3 queued for execution and waiting for available worker","previousOperationId":"gxgai59c7wlc860","timestamp":1765018809656,"id":"1mvsy8vztl2rkrf"}
{"type":"operationStart","subtype":"render","name":"anonymous","previousOperationId":"gxgai59c7wlc860","timestamp":1765018809669,"id":"zks4pxbrxd4vx7f","previousEventId":"2itp34vg8tw9fid","operationId":"et2n3jxbgiyrg7d"}
{"type":"log","timestamp":1765018809669,"level":"info","message":"Starting rendering request 3","meta":{"rootId":"ji1fkk5yjbti6zp","id":"ji1fkk5yjbti6zp"},"id":"3s04rgixmokegf7","previousOperationId":"et2n3jxbgiyrg7d"}
{"type":"log","timestamp":1765018809670,"level":"info","message":"Rendering anonymous template { recipe: pptx, engine: handlebars }","meta":{"rootId":"ji1fkk5yjbti6zp","id":"ji1fkk5yjbti6zp"},"id":"1fcag1j2ajwtvo6","previousOperationId":"et2n3jxbgiyrg7d"}
{"type":"log","timestamp":1765018809670,"level":"debug","message":"Inline data specified.","meta":{"rootId":"ji1fkk5yjbti6zp","id":"ji1fkk5yjbti6zp"},"id":"0dyvv85l0tle5fl","previousOperationId":"et2n3jxbgiyrg7d"}
{"type":"log","timestamp":1765018809673,"level":"debug","message":"Base url not specified, skipping its injection.","meta":{"rootId":"ji1fkk5yjbti6zp","id":"ji1fkk5yjbti6zp"},"id":"rddpw6bbsomume8","previousOperationId":"et2n3jxbgiyrg7d"}
{"type":"operationStart","subtype":"engine","name":"handlebars","timestamp":1765018809673,"id":"d83on8rk30pyzlk","previousEventId":"zks4pxbrxd4vx7f","operationId":"umsaaid412xl349","previousOperationId":"et2n3jxbgiyrg7d"}
{"type":"log","timestamp":1765018809674,"level":"debug","message":"Rendering engine handlebars","meta":{"rootId":"ji1fkk5yjbti6zp","id":"ji1fkk5yjbti6zp"},"id":"7fwjbqgihcwcdlc","previousOperationId":"umsaaid412xl349"}
{"type":"operationEnd","operationId":"umsaaid412xl349","timestamp":1765018809690,"id":"mym1ykjh66440mx","previousEventId":"d83on8rk30pyzlk","previousOperationId":"umsaaid412xl349"}
{"type":"operationStart","subtype":"recipe","name":"pptx","timestamp":1765018809690,"id":"o86gmfunm85jtk8","previousEventId":"mym1ykjh66440mx","operationId":"uo6cxtplemvl3bo","previousOperationId":"umsaaid412xl349"}
{"type":"log","timestamp":1765018809690,"level":"debug","message":"Executing recipe pptx","meta":{"rootId":"ji1fkk5yjbti6zp","id":"ji1fkk5yjbti6zp"},"id":"oo41oo1rkhwavy7","previousOperationId":"uo6cxtplemvl3bo"}
{"type":"log","timestamp":1765018809690,"level":"info","message":"pptx generation is starting","meta":{"rootId":"ji1fkk5yjbti6zp","id":"ji1fkk5yjbti6zp"},"id":"h4tizih40y21oad","previousOperationId":"uo6cxtplemvl3bo"}
{"type":"log","timestamp":1765018809838,"level":"debug","message":"Starting child request to render pptx dynamic parts","meta":{"rootId":"ji1fkk5yjbti6zp","id":"ji1fkk5yjbti6zp"},"id":"e3tnyr38hibi466","previousOperationId":"uo6cxtplemvl3bo"}
{"type":"operationStart","subtype":"render","name":"anonymous","previousOperationId":"uo6cxtplemvl3bo","timestamp":1765018809838,"id":"182ud0sgmozp0yq","previousEventId":"o86gmfunm85jtk8","operationId":"xhtrifi7awj0m45"}
{"type":"log","timestamp":1765018809838,"level":"info","message":"Starting rendering (child) request","meta":{"rootId":"ji1fkk5yjbti6zp","id":"9s6ozu078r327na"},"id":"atom6c0nfrpqs6t","previousOperationId":"xhtrifi7awj0m45"}
{"type":"log","timestamp":1765018809838,"level":"info","message":"Rendering anonymous template { recipe: html, engine: handlebars }","meta":{"rootId":"ji1fkk5yjbti6zp","id":"9s6ozu078r327na"},"id":"f7t6pos8w24oxt8","previousOperationId":"xhtrifi7awj0m45"}
{"type":"log","timestamp":1765018809838,"level":"debug","message":"Inline data specified.","meta":{"rootId":"ji1fkk5yjbti6zp","id":"9s6ozu078r327na"},"id":"dwkyr5kxmpht1xu","previousOperationId":"xhtrifi7awj0m45"}
{"type":"log","timestamp":1765018809844,"level":"debug","message":"Base url not specified, skipping its injection.","meta":{"rootId":"ji1fkk5yjbti6zp","id":"9s6ozu078r327na"},"id":"ycemy00cax0xsvu","previousOperationId":"xhtrifi7awj0m45"}
{"type":"operationStart","subtype":"engine","name":"handlebars","timestamp":1765018809844,"id":"q6es12ihqdugn51","previousEventId":"182ud0sgmozp0yq","operationId":"yczlfvtw6sd5ph9","previousOperationId":"xhtrifi7awj0m45"}
{"type":"log","timestamp":1765018809844,"level":"debug","message":"Rendering engine handlebars","meta":{"rootId":"ji1fkk5yjbti6zp","id":"9s6ozu078r327na"},"id":"2olhvc52ci4b0xl","previousOperationId":"yczlfvtw6sd5ph9"}
{"type":"operationEnd","operationId":"yczlfvtw6sd5ph9","timestamp":1765018809868,"id":"vp4mryyayp6yydo","previousEventId":"q6es12ihqdugn51","previousOperationId":"yczlfvtw6sd5ph9"}
{"type":"operationStart","subtype":"recipe","name":"html","timestamp":1765018809872,"id":"o7xj8jha1ooq049","previousEventId":"vp4mryyayp6yydo","operationId":"1zqd2xsgm255ned","previousOperationId":"yczlfvtw6sd5ph9"}
{"type":"log","timestamp":1765018809872,"level":"debug","message":"Executing recipe html","meta":{"rootId":"ji1fkk5yjbti6zp","id":"9s6ozu078r327na"},"id":"aoaq1bf4wl4is4u","previousOperationId":"1zqd2xsgm255ned"}
{"type":"operationEnd","operationId":"1zqd2xsgm255ned","timestamp":1765018809872,"id":"8e3j1m56se8lvvh","previousEventId":"o7xj8jha1ooq049","previousOperationId":"1zqd2xsgm255ned"}
{"type":"log","timestamp":1765018809872,"level":"debug","message":"Skipping storing report.","meta":{"rootId":"ji1fkk5yjbti6zp","id":"9s6ozu078r327na"},"id":"mbqea2qqmhoiqjj","previousOperationId":"1zqd2xsgm255ned"}
{"type":"log","timestamp":1765018809872,"level":"info","message":"Rendering (child) request finished in 221 ms","meta":{"rootId":"ji1fkk5yjbti6zp","id":"9s6ozu078r327na"},"id":"ctbkk53mz9xrecq","previousOperationId":"1zqd2xsgm255ned"}
{"type":"operationEnd","subtype":"render","operationId":"xhtrifi7awj0m45","timestamp":1765018809872,"id":"yk9z7vjr3162qbx","previousEventId":"8e3j1m56se8lvvh","previousOperationId":"1zqd2xsgm255ned"}
{"type":"log","timestamp":1765018812728,"level":"debug","message":"pptx successfully zipped","meta":{"rootId":"ji1fkk5yjbti6zp","id":"ji1fkk5yjbti6zp"},"id":"u4lmif4rtxwcfxu","previousOperationId":"uo6cxtplemvl3bo"}
{"type":"log","timestamp":1765018812728,"level":"info","message":"pptx generation was finished","meta":{"rootId":"ji1fkk5yjbti6zp","id":"ji1fkk5yjbti6zp"},"id":"i5ndcntad9r7l21","previousOperationId":"uo6cxtplemvl3bo"}
{"type":"operationEnd","operationId":"uo6cxtplemvl3bo","timestamp":1765018812731,"id":"2e2pep2n900mvbi","previousEventId":"o86gmfunm85jtk8","previousOperationId":"uo6cxtplemvl3bo"}
{"type":"log","timestamp":1765018812731,"level":"debug","message":"Skipping storing report.","meta":{"rootId":"ji1fkk5yjbti6zp","id":"ji1fkk5yjbti6zp"},"id":"t8iobvhkeax86tc","previousOperationId":"uo6cxtplemvl3bo"}
{"type":"log","timestamp":1765018812731,"level":"info","message":"Rendering request 3 finished in 3080 ms","meta":{"rootId":"ji1fkk5yjbti6zp","id":"ji1fkk5yjbti6zp"},"id":"01ofxfp6pe3ve3b","previousOperationId":"uo6cxtplemvl3bo"}
{"type":"operationEnd","subtype":"render","operationId":"et2n3jxbgiyrg7d","timestamp":1765018812731,"id":"rwfuhgn0jqrzfnw","previousEventId":"2e2pep2n900mvbi","previousOperationId":"uo6cxtplemvl3bo"}
{"type":"operationEnd","doDiffs":false,"previousEventId":"2itp34vg8tw9fid","previousOperationId":"gxgai59c7wlc860","operationId":"gxgai59c7wlc860","timestamp":1765018812737,"id":"bytvtgyoajpotj8"}
