{"type":"operationStart","subtype":"profile","data":{"_id":"U7hflhW6NtTdKuTo","timestamp":"2025-12-07T13:01:11.874Z","state":"running","mode":"standard","creationDate":"2025-12-07T13:01:11.882Z","modificationDate":"2025-12-07T13:01:11.882Z","shortid":"O9x9zuJ","$entitySet":"profiles","timeout":60000},"doDiffs":false,"timestamp":1765112471880,"id":"sm4c4axcrivaqi2","previousOperationId":null,"operationId":"37dawnlx4ogi9ks"}
{"type":"log","level":"info","message":"Render request 33 queued for execution and waiting for available worker","previousOperationId":"37dawnlx4ogi9ks","timestamp":1765112471880,"id":"xnkee8eokpwac7t"}
{"type":"operationStart","subtype":"render","name":"anonymous","previousOperationId":"37dawnlx4ogi9ks","timestamp":1765112471965,"id":"mb4hriwu3ill2ni","previousEventId":"sm4c4axcrivaqi2","operationId":"75wc4lx99t3xacm"}
{"type":"log","timestamp":1765112471966,"level":"info","message":"Starting rendering request 33","meta":{"rootId":"jiprq2e1qc8qgys","id":"jiprq2e1qc8qgys"},"id":"p1yelg3atczvkbs","previousOperationId":"75wc4lx99t3xacm"}
{"type":"log","timestamp":1765112471966,"level":"info","message":"Rendering anonymous template { recipe: pptx, engine: handlebars }","meta":{"rootId":"jiprq2e1qc8qgys","id":"jiprq2e1qc8qgys"},"id":"8hm9yxi2g676ojx","previousOperationId":"75wc4lx99t3xacm"}
{"type":"log","timestamp":1765112471967,"level":"debug","message":"Inline data specified.","meta":{"rootId":"jiprq2e1qc8qgys","id":"jiprq2e1qc8qgys"},"id":"ni7989crhxbi6sg","previousOperationId":"75wc4lx99t3xacm"}
{"type":"log","timestamp":1765112471976,"level":"debug","message":"Base url not specified, skipping its injection.","meta":{"rootId":"jiprq2e1qc8qgys","id":"jiprq2e1qc8qgys"},"id":"vtr393s5tmxn3nl","previousOperationId":"75wc4lx99t3xacm"}
{"type":"operationStart","subtype":"engine","name":"handlebars","timestamp":1765112471978,"id":"47j5n0cnp2oa0bt","previousEventId":"mb4hriwu3ill2ni","operationId":"45s0lcw6me710f6","previousOperationId":"75wc4lx99t3xacm"}
{"type":"log","timestamp":1765112471978,"level":"debug","message":"Rendering engine handlebars","meta":{"rootId":"jiprq2e1qc8qgys","id":"jiprq2e1qc8qgys"},"id":"f1tta86kxrlv5dz","previousOperationId":"45s0lcw6me710f6"}
{"type":"operationEnd","operationId":"45s0lcw6me710f6","timestamp":1765112472003,"id":"5oaymhu7sp5ch6s","previousEventId":"47j5n0cnp2oa0bt","previousOperationId":"45s0lcw6me710f6"}
{"type":"operationStart","subtype":"recipe","name":"pptx","timestamp":1765112472004,"id":"p1w5r9lx2vcsxur","previousEventId":"5oaymhu7sp5ch6s","operationId":"w1h18q8nblluadc","previousOperationId":"45s0lcw6me710f6"}
{"type":"log","timestamp":1765112472004,"level":"debug","message":"Executing recipe pptx","meta":{"rootId":"jiprq2e1qc8qgys","id":"jiprq2e1qc8qgys"},"id":"ltxhtmp08kqollf","previousOperationId":"w1h18q8nblluadc"}
{"type":"log","timestamp":1765112472038,"level":"info","message":"pptx generation is starting","meta":{"rootId":"jiprq2e1qc8qgys","id":"jiprq2e1qc8qgys"},"id":"39yh06mtl1b6mbe","previousOperationId":"w1h18q8nblluadc"}
{"type":"log","timestamp":1765112473660,"level":"debug","message":"Starting child request to render pptx dynamic parts","meta":{"rootId":"jiprq2e1qc8qgys","id":"jiprq2e1qc8qgys"},"id":"8qwkx2ez81o96dz","previousOperationId":"w1h18q8nblluadc"}
{"type":"operationStart","subtype":"render","name":"anonymous","previousOperationId":"w1h18q8nblluadc","timestamp":1765112473661,"id":"b8wbd6tgmuutc3x","previousEventId":"p1w5r9lx2vcsxur","operationId":"noyn0qc4r2klf0a"}
{"type":"log","timestamp":1765112473661,"level":"info","message":"Starting rendering (child) request","meta":{"rootId":"jiprq2e1qc8qgys","id":"kp541ngyephe14x"},"id":"bpkktfnyx5ofb5l","previousOperationId":"noyn0qc4r2klf0a"}
{"type":"log","timestamp":1765112473661,"level":"info","message":"Rendering anonymous template { recipe: html, engine: handlebars }","meta":{"rootId":"jiprq2e1qc8qgys","id":"kp541ngyephe14x"},"id":"n3flx9xudcswthu","previousOperationId":"noyn0qc4r2klf0a"}
{"type":"log","timestamp":1765112473661,"level":"debug","message":"Inline data specified.","meta":{"rootId":"jiprq2e1qc8qgys","id":"kp541ngyephe14x"},"id":"7w0s5rlbcsjnw5o","previousOperationId":"noyn0qc4r2klf0a"}
{"type":"log","timestamp":1765112473670,"level":"debug","message":"Base url not specified, skipping its injection.","meta":{"rootId":"jiprq2e1qc8qgys","id":"kp541ngyephe14x"},"id":"mfescmoy5j1k4xf","previousOperationId":"noyn0qc4r2klf0a"}
{"type":"operationStart","subtype":"engine","name":"handlebars","timestamp":1765112473672,"id":"qt8w8i96hzrij5g","previousEventId":"b8wbd6tgmuutc3x","operationId":"78cls6bctb7cboi","previousOperationId":"noyn0qc4r2klf0a"}
{"type":"log","timestamp":1765112473672,"level":"debug","message":"Rendering engine handlebars","meta":{"rootId":"jiprq2e1qc8qgys","id":"kp541ngyephe14x"},"id":"1oerwzsi0epn4as","previousOperationId":"78cls6bctb7cboi"}
{"type":"operationEnd","operationId":"78cls6bctb7cboi","timestamp":1765112473781,"id":"lpsx691n74ols0t","previousEventId":"qt8w8i96hzrij5g","previousOperationId":"78cls6bctb7cboi"}
{"type":"operationStart","subtype":"recipe","name":"html","timestamp":1765112473796,"id":"cgz88b8y05010n2","previousEventId":"lpsx691n74ols0t","operationId":"3w5ij7zokk9hng5","previousOperationId":"78cls6bctb7cboi"}
{"type":"log","timestamp":1765112473796,"level":"debug","message":"Executing recipe html","meta":{"rootId":"jiprq2e1qc8qgys","id":"kp541ngyephe14x"},"id":"ee5et1vpm8cnqa3","previousOperationId":"3w5ij7zokk9hng5"}
{"type":"operationEnd","operationId":"3w5ij7zokk9hng5","timestamp":1765112473796,"id":"lqv5aswjhdnprnz","previousEventId":"cgz88b8y05010n2","previousOperationId":"3w5ij7zokk9hng5"}
{"type":"log","timestamp":1765112473796,"level":"debug","message":"Skipping storing report.","meta":{"rootId":"jiprq2e1qc8qgys","id":"kp541ngyephe14x"},"id":"0d1ft2pkyi3pgf9","previousOperationId":"3w5ij7zokk9hng5"}
{"type":"log","timestamp":1765112473796,"level":"info","message":"Rendering (child) request finished in 1923 ms","meta":{"rootId":"jiprq2e1qc8qgys","id":"kp541ngyephe14x"},"id":"zcbpsfr0rr98sqm","previousOperationId":"3w5ij7zokk9hng5"}
{"type":"operationEnd","subtype":"render","operationId":"noyn0qc4r2klf0a","timestamp":1765112473796,"id":"515kcij1s2cjpo7","previousEventId":"lqv5aswjhdnprnz","previousOperationId":"3w5ij7zokk9hng5"}
{"type":"log","timestamp":1765112479469,"level":"debug","message":"pptx successfully zipped","meta":{"rootId":"jiprq2e1qc8qgys","id":"jiprq2e1qc8qgys"},"id":"ojshb8r34nu3i1o","previousOperationId":"w1h18q8nblluadc"}
{"type":"log","timestamp":1765112479469,"level":"info","message":"pptx generation was finished","meta":{"rootId":"jiprq2e1qc8qgys","id":"jiprq2e1qc8qgys"},"id":"q5pxkptmna8ml1y","previousOperationId":"w1h18q8nblluadc"}
{"type":"operationEnd","operationId":"w1h18q8nblluadc","timestamp":1765112479479,"id":"848p3o93z9easgi","previousEventId":"p1w5r9lx2vcsxur","previousOperationId":"w1h18q8nblluadc"}
{"type":"log","timestamp":1765112479479,"level":"debug","message":"Skipping storing report.","meta":{"rootId":"jiprq2e1qc8qgys","id":"jiprq2e1qc8qgys"},"id":"4ig9fesf9syc4pw","previousOperationId":"w1h18q8nblluadc"}
{"type":"log","timestamp":1765112479479,"level":"info","message":"Rendering request 33 finished in 7606 ms","meta":{"rootId":"jiprq2e1qc8qgys","id":"jiprq2e1qc8qgys"},"id":"y7e7ro21e6wqco1","previousOperationId":"w1h18q8nblluadc"}
{"type":"operationEnd","subtype":"render","operationId":"75wc4lx99t3xacm","timestamp":1765112479480,"id":"o8vbyimt6ibnh78","previousEventId":"848p3o93z9easgi","previousOperationId":"w1h18q8nblluadc"}
{"type":"operationEnd","doDiffs":false,"previousEventId":"sm4c4axcrivaqi2","previousOperationId":"37dawnlx4ogi9ks","operationId":"37dawnlx4ogi9ks","timestamp":1765112479486,"id":"xm095ngt3k1d3yc"}
