{"type":"operationStart","subtype":"profile","data":{"_id":"0YSsXH4ck3C1QDPd","timestamp":"2025-12-06T15:22:33.123Z","state":"running","mode":"standard","creationDate":"2025-12-06T15:22:33.126Z","modificationDate":"2025-12-06T15:22:33.126Z","shortid":"IMhWPO6","$entitySet":"profiles","timeout":60000},"doDiffs":false,"timestamp":1765034553125,"id":"d2fuqb32njszhjl","previousOperationId":null,"operationId":"xthm3jl56hesv5l"}
{"type":"log","level":"info","message":"Render request 19 queued for execution and waiting for available worker","previousOperationId":"xthm3jl56hesv5l","timestamp":1765034553125,"id":"w644tge5u3h9tut"}
{"type":"operationStart","subtype":"render","name":"anonymous","previousOperationId":"xthm3jl56hesv5l","timestamp":1765034553139,"id":"u34yka0a4nykhx1","previousEventId":"d2fuqb32njszhjl","operationId":"waqlhowvxbz2uuc"}
{"type":"log","timestamp":1765034553139,"level":"info","message":"Starting rendering request 19","meta":{"rootId":"jv3uufztqgi7xg0","id":"jv3uufztqgi7xg0"},"id":"4lb50012q46wri8","previousOperationId":"waqlhowvxbz2uuc"}
{"type":"log","timestamp":1765034553140,"level":"info","message":"Rendering anonymous template { recipe: pptx, engine: handlebars }","meta":{"rootId":"jv3uufztqgi7xg0","id":"jv3uufztqgi7xg0"},"id":"yw4f2ecv9uberbr","previousOperationId":"waqlhowvxbz2uuc"}
{"type":"log","timestamp":1765034553140,"level":"debug","message":"Inline data specified.","meta":{"rootId":"jv3uufztqgi7xg0","id":"jv3uufztqgi7xg0"},"id":"p0bmthlt7egrz2d","previousOperationId":"waqlhowvxbz2uuc"}
{"type":"log","timestamp":1765034553142,"level":"debug","message":"Base url not specified, skipping its injection.","meta":{"rootId":"jv3uufztqgi7xg0","id":"jv3uufztqgi7xg0"},"id":"zopla6qspvvkaw6","previousOperationId":"waqlhowvxbz2uuc"}
{"type":"operationStart","subtype":"engine","name":"handlebars","timestamp":1765034553142,"id":"qbe401o650ojsna","previousEventId":"u34yka0a4nykhx1","operationId":"iqg6ooainbe0ygo","previousOperationId":"waqlhowvxbz2uuc"}
{"type":"log","timestamp":1765034553142,"level":"debug","message":"Rendering engine handlebars","meta":{"rootId":"jv3uufztqgi7xg0","id":"jv3uufztqgi7xg0"},"id":"9wfcokdvg7uyrh9","previousOperationId":"iqg6ooainbe0ygo"}
{"type":"operationEnd","operationId":"iqg6ooainbe0ygo","timestamp":1765034553158,"id":"vgwrx3962yzrwj5","previousEventId":"qbe401o650ojsna","previousOperationId":"iqg6ooainbe0ygo"}
{"type":"operationStart","subtype":"recipe","name":"pptx","timestamp":1765034553159,"id":"170i7ologlc012a","previousEventId":"vgwrx3962yzrwj5","operationId":"3cw1ghpj6j9qoik","previousOperationId":"iqg6ooainbe0ygo"}
{"type":"log","timestamp":1765034553159,"level":"debug","message":"Executing recipe pptx","meta":{"rootId":"jv3uufztqgi7xg0","id":"jv3uufztqgi7xg0"},"id":"onpcf3aky94oe34","previousOperationId":"3cw1ghpj6j9qoik"}
{"type":"log","timestamp":1765034553159,"level":"info","message":"pptx generation is starting","meta":{"rootId":"jv3uufztqgi7xg0","id":"jv3uufztqgi7xg0"},"id":"ybtl0ovzfk4xx4c","previousOperationId":"3cw1ghpj6j9qoik"}
{"type":"log","timestamp":1765034553255,"level":"debug","message":"Starting child request to render pptx dynamic parts","meta":{"rootId":"jv3uufztqgi7xg0","id":"jv3uufztqgi7xg0"},"id":"mmc8wmpjmdzn2q7","previousOperationId":"3cw1ghpj6j9qoik"}
{"type":"operationStart","subtype":"render","name":"anonymous","previousOperationId":"3cw1ghpj6j9qoik","timestamp":1765034553255,"id":"ahxv0mpaq2cwtrb","previousEventId":"170i7ologlc012a","operationId":"kyci7ihp0lydl8o"}
{"type":"log","timestamp":1765034553255,"level":"info","message":"Starting rendering (child) request","meta":{"rootId":"jv3uufztqgi7xg0","id":"eudczwaig5ax3ff"},"id":"0gzhmns7n4zxgg7","previousOperationId":"kyci7ihp0lydl8o"}
{"type":"log","timestamp":1765034553255,"level":"info","message":"Rendering anonymous template { recipe: html, engine: handlebars }","meta":{"rootId":"jv3uufztqgi7xg0","id":"eudczwaig5ax3ff"},"id":"npm0v8arvp21ojz","previousOperationId":"kyci7ihp0lydl8o"}
{"type":"log","timestamp":1765034553255,"level":"debug","message":"Inline data specified.","meta":{"rootId":"jv3uufztqgi7xg0","id":"eudczwaig5ax3ff"},"id":"30tp20rx0eg2kc5","previousOperationId":"kyci7ihp0lydl8o"}
{"type":"log","timestamp":1765034553260,"level":"debug","message":"Base url not specified, skipping its injection.","meta":{"rootId":"jv3uufztqgi7xg0","id":"eudczwaig5ax3ff"},"id":"4e92a7kt66k4f64","previousOperationId":"kyci7ihp0lydl8o"}
{"type":"operationStart","subtype":"engine","name":"handlebars","timestamp":1765034553260,"id":"mb8y3vlu5zezcfa","previousEventId":"ahxv0mpaq2cwtrb","operationId":"ymoqzjqyy69jmkf","previousOperationId":"kyci7ihp0lydl8o"}
{"type":"log","timestamp":1765034553261,"level":"debug","message":"Rendering engine handlebars","meta":{"rootId":"jv3uufztqgi7xg0","id":"eudczwaig5ax3ff"},"id":"e1gwnuxzzdq8b7r","previousOperationId":"ymoqzjqyy69jmkf"}
{"type":"operationEnd","operationId":"ymoqzjqyy69jmkf","timestamp":1765034553278,"id":"msjm8341hd1lif6","previousEventId":"mb8y3vlu5zezcfa","previousOperationId":"ymoqzjqyy69jmkf"}
{"type":"operationStart","subtype":"recipe","name":"html","timestamp":1765034553279,"id":"34c20cybcugs5gm","previousEventId":"msjm8341hd1lif6","operationId":"vxhz2xzogem4oke","previousOperationId":"ymoqzjqyy69jmkf"}
{"type":"log","timestamp":1765034553279,"level":"debug","message":"Executing recipe html","meta":{"rootId":"jv3uufztqgi7xg0","id":"eudczwaig5ax3ff"},"id":"5mfy23hdfvzqgt1","previousOperationId":"vxhz2xzogem4oke"}
{"type":"operationEnd","operationId":"vxhz2xzogem4oke","timestamp":1765034553279,"id":"959vudxzovn6gmu","previousEventId":"34c20cybcugs5gm","previousOperationId":"vxhz2xzogem4oke"}
{"type":"log","timestamp":1765034553279,"level":"debug","message":"Skipping storing report.","meta":{"rootId":"jv3uufztqgi7xg0","id":"eudczwaig5ax3ff"},"id":"vj5y6wtvifh5hfn","previousOperationId":"vxhz2xzogem4oke"}
{"type":"log","timestamp":1765034553279,"level":"info","message":"Rendering (child) request finished in 156 ms","meta":{"rootId":"jv3uufztqgi7xg0","id":"eudczwaig5ax3ff"},"id":"0n35r75avqs276l","previousOperationId":"vxhz2xzogem4oke"}
{"type":"operationEnd","subtype":"render","operationId":"kyci7ihp0lydl8o","timestamp":1765034553279,"id":"38en5zwyhx6wk6k","previousEventId":"959vudxzovn6gmu","previousOperationId":"vxhz2xzogem4oke"}
{"type":"log","timestamp":1765034555865,"level":"debug","message":"pptx successfully zipped","meta":{"rootId":"jv3uufztqgi7xg0","id":"jv3uufztqgi7xg0"},"id":"ccy98b1m1iuis96","previousOperationId":"3cw1ghpj6j9qoik"}
{"type":"log","timestamp":1765034555865,"level":"info","message":"pptx generation was finished","meta":{"rootId":"jv3uufztqgi7xg0","id":"jv3uufztqgi7xg0"},"id":"jwy560wzr62pyq4","previousOperationId":"3cw1ghpj6j9qoik"}
{"type":"operationEnd","operationId":"3cw1ghpj6j9qoik","timestamp":1765034555867,"id":"1nnn80x7drdfeci","previousEventId":"170i7ologlc012a","previousOperationId":"3cw1ghpj6j9qoik"}
{"type":"log","timestamp":1765034555868,"level":"debug","message":"Skipping storing report.","meta":{"rootId":"jv3uufztqgi7xg0","id":"jv3uufztqgi7xg0"},"id":"5s4pvtos12p75ra","previousOperationId":"3cw1ghpj6j9qoik"}
{"type":"log","timestamp":1765034555868,"level":"info","message":"Rendering request 19 finished in 2745 ms","meta":{"rootId":"jv3uufztqgi7xg0","id":"jv3uufztqgi7xg0"},"id":"c6etwv90kkcrq04","previousOperationId":"3cw1ghpj6j9qoik"}
{"type":"operationEnd","subtype":"render","operationId":"waqlhowvxbz2uuc","timestamp":1765034555868,"id":"158v29q5q2jqg9y","previousEventId":"1nnn80x7drdfeci","previousOperationId":"3cw1ghpj6j9qoik"}
{"type":"operationEnd","doDiffs":false,"previousEventId":"d2fuqb32njszhjl","previousOperationId":"xthm3jl56hesv5l","operationId":"xthm3jl56hesv5l","timestamp":1765034555871,"id":"y9ffbci8akb2r98"}
