{"type":"operationStart","subtype":"profile","data":{"_id":"pp3sYLqzgenVOe3u","timestamp":"2025-12-07T11:54:19.751Z","state":"running","mode":"standard","creationDate":"2025-12-07T11:54:19.757Z","modificationDate":"2025-12-07T11:54:19.757Z","shortid":"Onwk6-q","$entitySet":"profiles","timeout":60000},"doDiffs":false,"timestamp":1765108459755,"id":"ouk7bsk4943lh1q","previousOperationId":null,"operationId":"hpvifts5uujxzct"}
{"type":"log","level":"info","message":"Render request 18 queued for execution and waiting for available worker","previousOperationId":"hpvifts5uujxzct","timestamp":1765108459755,"id":"p9yl4kr6rilq09m"}
{"type":"operationStart","subtype":"render","name":"anonymous","previousOperationId":"hpvifts5uujxzct","timestamp":1765108459841,"id":"vb7awer9i1n81p0","previousEventId":"ouk7bsk4943lh1q","operationId":"7q02ewc8qprfs7f"}
{"type":"log","timestamp":1765108459842,"level":"info","message":"Starting rendering request 18","meta":{"rootId":"jwzsk865gzccjtm","id":"jwzsk865gzccjtm"},"id":"ai3akn4i48ur0hl","previousOperationId":"7q02ewc8qprfs7f"}
{"type":"log","timestamp":1765108459842,"level":"info","message":"Rendering anonymous template { recipe: pptx, engine: handlebars }","meta":{"rootId":"jwzsk865gzccjtm","id":"jwzsk865gzccjtm"},"id":"jmdqzbza9kfht5h","previousOperationId":"7q02ewc8qprfs7f"}
{"type":"log","timestamp":1765108459842,"level":"debug","message":"Inline data specified.","meta":{"rootId":"jwzsk865gzccjtm","id":"jwzsk865gzccjtm"},"id":"ko61hbf8zhwotd3","previousOperationId":"7q02ewc8qprfs7f"}
{"type":"log","timestamp":1765108459850,"level":"debug","message":"Base url not specified, skipping its injection.","meta":{"rootId":"jwzsk865gzccjtm","id":"jwzsk865gzccjtm"},"id":"ciudo84fx5fnzbn","previousOperationId":"7q02ewc8qprfs7f"}
{"type":"operationStart","subtype":"engine","name":"handlebars","timestamp":1765108459851,"id":"sazmjj1hki7xe91","previousEventId":"vb7awer9i1n81p0","operationId":"7idhuc75zcza4lc","previousOperationId":"7q02ewc8qprfs7f"}
{"type":"log","timestamp":1765108459851,"level":"debug","message":"Rendering engine handlebars","meta":{"rootId":"jwzsk865gzccjtm","id":"jwzsk865gzccjtm"},"id":"qlgrvhr7iq93d39","previousOperationId":"7idhuc75zcza4lc"}
{"type":"operationEnd","operationId":"7idhuc75zcza4lc","timestamp":1765108459869,"id":"kvwbg4jrae9rw1y","previousEventId":"sazmjj1hki7xe91","previousOperationId":"7idhuc75zcza4lc"}
{"type":"operationStart","subtype":"recipe","name":"pptx","timestamp":1765108459869,"id":"k0tdyy6iomglgpn","previousEventId":"kvwbg4jrae9rw1y","operationId":"blztfysmrtm2gqu","previousOperationId":"7idhuc75zcza4lc"}
{"type":"log","timestamp":1765108459869,"level":"debug","message":"Executing recipe pptx","meta":{"rootId":"jwzsk865gzccjtm","id":"jwzsk865gzccjtm"},"id":"sez2mxqiaoeohcg","previousOperationId":"blztfysmrtm2gqu"}
{"type":"log","timestamp":1765108459904,"level":"info","message":"pptx generation is starting","meta":{"rootId":"jwzsk865gzccjtm","id":"jwzsk865gzccjtm"},"id":"mifxl11tc4ywt8x","previousOperationId":"blztfysmrtm2gqu"}
{"type":"log","timestamp":1765108461496,"level":"debug","message":"Starting child request to render pptx dynamic parts","meta":{"rootId":"jwzsk865gzccjtm","id":"jwzsk865gzccjtm"},"id":"wauwvfk6iz8nydp","previousOperationId":"blztfysmrtm2gqu"}
{"type":"operationStart","subtype":"render","name":"anonymous","previousOperationId":"blztfysmrtm2gqu","timestamp":1765108461497,"id":"29k3dpbj6ogzmk2","previousEventId":"k0tdyy6iomglgpn","operationId":"5lyytkunsn6rpcv"}
{"type":"log","timestamp":1765108461497,"level":"info","message":"Starting rendering (child) request","meta":{"rootId":"jwzsk865gzccjtm","id":"jy6v5cswngvjznw"},"id":"54scz6aajelk3gv","previousOperationId":"5lyytkunsn6rpcv"}
{"type":"log","timestamp":1765108461497,"level":"info","message":"Rendering anonymous template { recipe: html, engine: handlebars }","meta":{"rootId":"jwzsk865gzccjtm","id":"jy6v5cswngvjznw"},"id":"0h0izxhe9k2a4a7","previousOperationId":"5lyytkunsn6rpcv"}
{"type":"log","timestamp":1765108461497,"level":"debug","message":"Inline data specified.","meta":{"rootId":"jwzsk865gzccjtm","id":"jy6v5cswngvjznw"},"id":"j6wbvue6siu3mm2","previousOperationId":"5lyytkunsn6rpcv"}
{"type":"log","timestamp":1765108461503,"level":"debug","message":"Base url not specified, skipping its injection.","meta":{"rootId":"jwzsk865gzccjtm","id":"jy6v5cswngvjznw"},"id":"sg0gng0odmq3sck","previousOperationId":"5lyytkunsn6rpcv"}
{"type":"operationStart","subtype":"engine","name":"handlebars","timestamp":1765108461505,"id":"41vgpicd6ri0qmv","previousEventId":"29k3dpbj6ogzmk2","operationId":"yxzraa4hsjxfmzf","previousOperationId":"5lyytkunsn6rpcv"}
{"type":"log","timestamp":1765108461505,"level":"debug","message":"Rendering engine handlebars","meta":{"rootId":"jwzsk865gzccjtm","id":"jy6v5cswngvjznw"},"id":"y6tpx3qyq8kw3ca","previousOperationId":"yxzraa4hsjxfmzf"}
{"type":"operationEnd","operationId":"yxzraa4hsjxfmzf","timestamp":1765108461615,"id":"gp3mzdlqbtd1ywx","previousEventId":"41vgpicd6ri0qmv","previousOperationId":"yxzraa4hsjxfmzf"}
{"type":"operationStart","subtype":"recipe","name":"html","timestamp":1765108461629,"id":"zb2ymlpmrss41l3","previousEventId":"gp3mzdlqbtd1ywx","operationId":"bxw2mtr3tsxz57q","previousOperationId":"yxzraa4hsjxfmzf"}
{"type":"log","timestamp":1765108461629,"level":"debug","message":"Executing recipe html","meta":{"rootId":"jwzsk865gzccjtm","id":"jy6v5cswngvjznw"},"id":"z3mjuzv9abx1mol","previousOperationId":"bxw2mtr3tsxz57q"}
{"type":"operationEnd","operationId":"bxw2mtr3tsxz57q","timestamp":1765108461630,"id":"n4qqf67wr11jmaq","previousEventId":"zb2ymlpmrss41l3","previousOperationId":"bxw2mtr3tsxz57q"}
{"type":"log","timestamp":1765108461630,"level":"debug","message":"Skipping storing report.","meta":{"rootId":"jwzsk865gzccjtm","id":"jy6v5cswngvjznw"},"id":"oubk20rvzb5q3rf","previousOperationId":"bxw2mtr3tsxz57q"}
{"type":"log","timestamp":1765108461630,"level":"info","message":"Rendering (child) request finished in 1879 ms","meta":{"rootId":"jwzsk865gzccjtm","id":"jy6v5cswngvjznw"},"id":"fz1of7yywaxomg4","previousOperationId":"bxw2mtr3tsxz57q"}
{"type":"operationEnd","subtype":"render","operationId":"5lyytkunsn6rpcv","timestamp":1765108461630,"id":"u1h44byz8fixt61","previousEventId":"n4qqf67wr11jmaq","previousOperationId":"bxw2mtr3tsxz57q"}
{"type":"log","timestamp":1765108467646,"level":"debug","message":"pptx successfully zipped","meta":{"rootId":"jwzsk865gzccjtm","id":"jwzsk865gzccjtm"},"id":"omab12hd4jl4kbh","previousOperationId":"blztfysmrtm2gqu"}
{"type":"log","timestamp":1765108467646,"level":"info","message":"pptx generation was finished","meta":{"rootId":"jwzsk865gzccjtm","id":"jwzsk865gzccjtm"},"id":"8wug09zn8rirtkx","previousOperationId":"blztfysmrtm2gqu"}
{"type":"operationEnd","operationId":"blztfysmrtm2gqu","timestamp":1765108467659,"id":"q75pz2qrwp85lh9","previousEventId":"k0tdyy6iomglgpn","previousOperationId":"blztfysmrtm2gqu"}
{"type":"log","timestamp":1765108467660,"level":"debug","message":"Skipping storing report.","meta":{"rootId":"jwzsk865gzccjtm","id":"jwzsk865gzccjtm"},"id":"ytdfv0258lqseou","previousOperationId":"blztfysmrtm2gqu"}
{"type":"log","timestamp":1765108467660,"level":"info","message":"Rendering request 18 finished in 7909 ms","meta":{"rootId":"jwzsk865gzccjtm","id":"jwzsk865gzccjtm"},"id":"ivuz0ovcwtnj12e","previousOperationId":"blztfysmrtm2gqu"}
{"type":"operationEnd","subtype":"render","operationId":"7q02ewc8qprfs7f","timestamp":1765108467660,"id":"3ud66wc2kh0y88y","previousEventId":"q75pz2qrwp85lh9","previousOperationId":"blztfysmrtm2gqu"}
{"type":"operationEnd","doDiffs":false,"previousEventId":"ouk7bsk4943lh1q","previousOperationId":"hpvifts5uujxzct","operationId":"hpvifts5uujxzct","timestamp":1765108467667,"id":"i5mzdwamskc1s8w"}
