{"type":"operationStart","subtype":"profile","data":{"_id":"6t8TfeGAFXCa7KHN","timestamp":"2025-12-05T17:57:18.407Z","state":"running","mode":"standard","creationDate":"2025-12-05T17:57:18.412Z","modificationDate":"2025-12-05T17:57:18.412Z","shortid":"1eMPqwG","$entitySet":"profiles","timeout":60000},"doDiffs":false,"timestamp":1764957438411,"id":"3w5qatx6km6b6cj","previousOperationId":null,"operationId":"3j5qkmi4gqz1nzn"}
{"type":"log","level":"info","message":"Render request 5 queued for execution and waiting for available worker","previousOperationId":"3j5qkmi4gqz1nzn","timestamp":1764957438411,"id":"7w71qth4ji83a4b"}
{"type":"operationStart","subtype":"render","name":"anonymous","previousOperationId":"3j5qkmi4gqz1nzn","timestamp":1764957438426,"id":"o3j8kqaqqyuf85i","previousEventId":"3w5qatx6km6b6cj","operationId":"7t9ygu1tcvm4beh"}
{"type":"log","timestamp":1764957438427,"level":"info","message":"Starting rendering request 5","meta":{"rootId":"k52uvag8kkdumja","id":"k52uvag8kkdumja"},"id":"8xzpgqlw3rh34m7","previousOperationId":"7t9ygu1tcvm4beh"}
{"type":"log","timestamp":1764957438427,"level":"info","message":"Rendering anonymous template { recipe: pptx, engine: handlebars }","meta":{"rootId":"k52uvag8kkdumja","id":"k52uvag8kkdumja"},"id":"ug6qv9tfzvsvnmw","previousOperationId":"7t9ygu1tcvm4beh"}
{"type":"log","timestamp":1764957438427,"level":"debug","message":"Inline data specified.","meta":{"rootId":"k52uvag8kkdumja","id":"k52uvag8kkdumja"},"id":"5fshi9bp19akfe1","previousOperationId":"7t9ygu1tcvm4beh"}
{"type":"log","timestamp":1764957438428,"level":"debug","message":"Base url not specified, skipping its injection.","meta":{"rootId":"k52uvag8kkdumja","id":"k52uvag8kkdumja"},"id":"o1lex6o2zjrnne3","previousOperationId":"7t9ygu1tcvm4beh"}
{"type":"operationStart","subtype":"engine","name":"handlebars","timestamp":1764957438428,"id":"qdli6vc04g565fu","previousEventId":"o3j8kqaqqyuf85i","operationId":"w28w2j7h9u0nb6c","previousOperationId":"7t9ygu1tcvm4beh"}
{"type":"log","timestamp":1764957438428,"level":"debug","message":"Rendering engine handlebars","meta":{"rootId":"k52uvag8kkdumja","id":"k52uvag8kkdumja"},"id":"0qqtyemo1c9rdco","previousOperationId":"w28w2j7h9u0nb6c"}
{"type":"operationEnd","operationId":"w28w2j7h9u0nb6c","timestamp":1764957438442,"id":"yowra2rm45y5ri9","previousEventId":"qdli6vc04g565fu","previousOperationId":"w28w2j7h9u0nb6c"}
{"type":"operationStart","subtype":"recipe","name":"pptx","timestamp":1764957438442,"id":"49kzdku3xe0viay","previousEventId":"yowra2rm45y5ri9","operationId":"g0ewa0t34h1x6lo","previousOperationId":"w28w2j7h9u0nb6c"}
{"type":"log","timestamp":1764957438442,"level":"debug","message":"Executing recipe pptx","meta":{"rootId":"k52uvag8kkdumja","id":"k52uvag8kkdumja"},"id":"82m83fpcfpgi3tj","previousOperationId":"g0ewa0t34h1x6lo"}
{"type":"log","timestamp":1764957438443,"level":"info","message":"pptx generation is starting","meta":{"rootId":"k52uvag8kkdumja","id":"k52uvag8kkdumja"},"id":"9cnqqaxi1k1zgag","previousOperationId":"g0ewa0t34h1x6lo"}
{"type":"log","timestamp":1764957438543,"level":"debug","message":"Starting child request to render pptx dynamic parts","meta":{"rootId":"k52uvag8kkdumja","id":"k52uvag8kkdumja"},"id":"ot3am7ia9o61jar","previousOperationId":"g0ewa0t34h1x6lo"}
{"type":"operationStart","subtype":"render","name":"anonymous","previousOperationId":"g0ewa0t34h1x6lo","timestamp":1764957438543,"id":"r1trl6i06ywa588","previousEventId":"49kzdku3xe0viay","operationId":"h6zao6a7i7sutqs"}
{"type":"log","timestamp":1764957438543,"level":"info","message":"Starting rendering (child) request","meta":{"rootId":"k52uvag8kkdumja","id":"bwo5orox3hddwlc"},"id":"978sz3i7spj9bta","previousOperationId":"h6zao6a7i7sutqs"}
{"type":"log","timestamp":1764957438544,"level":"info","message":"Rendering anonymous template { recipe: html, engine: handlebars }","meta":{"rootId":"k52uvag8kkdumja","id":"bwo5orox3hddwlc"},"id":"ofyzbky4bpoz6dk","previousOperationId":"h6zao6a7i7sutqs"}
{"type":"log","timestamp":1764957438544,"level":"debug","message":"Inline data specified.","meta":{"rootId":"k52uvag8kkdumja","id":"bwo5orox3hddwlc"},"id":"ei9bhsm1bqyjvbx","previousOperationId":"h6zao6a7i7sutqs"}
{"type":"log","timestamp":1764957438550,"level":"debug","message":"Base url not specified, skipping its injection.","meta":{"rootId":"k52uvag8kkdumja","id":"bwo5orox3hddwlc"},"id":"vruerr7y776w3z0","previousOperationId":"h6zao6a7i7sutqs"}
{"type":"operationStart","subtype":"engine","name":"handlebars","timestamp":1764957438551,"id":"tadpguk4tk6d68n","previousEventId":"r1trl6i06ywa588","operationId":"t22k7vnkekeh2ia","previousOperationId":"h6zao6a7i7sutqs"}
{"type":"log","timestamp":1764957438551,"level":"debug","message":"Rendering engine handlebars","meta":{"rootId":"k52uvag8kkdumja","id":"bwo5orox3hddwlc"},"id":"ss09mmm85uf5r2j","previousOperationId":"t22k7vnkekeh2ia"}
{"type":"operationEnd","operationId":"t22k7vnkekeh2ia","timestamp":1764957438577,"id":"pzut5khelto5zpi","previousEventId":"tadpguk4tk6d68n","previousOperationId":"t22k7vnkekeh2ia"}
{"type":"operationStart","subtype":"recipe","name":"html","timestamp":1764957438578,"id":"5fcpyrb1leky8d1","previousEventId":"pzut5khelto5zpi","operationId":"f02o90ojn0g3w7g","previousOperationId":"t22k7vnkekeh2ia"}
{"type":"log","timestamp":1764957438578,"level":"debug","message":"Executing recipe html","meta":{"rootId":"k52uvag8kkdumja","id":"bwo5orox3hddwlc"},"id":"8dr6p6i1nsg6we3","previousOperationId":"f02o90ojn0g3w7g"}
{"type":"operationEnd","operationId":"f02o90ojn0g3w7g","timestamp":1764957438578,"id":"2468d1swoz9k21e","previousEventId":"5fcpyrb1leky8d1","previousOperationId":"f02o90ojn0g3w7g"}
{"type":"log","timestamp":1764957438578,"level":"debug","message":"Skipping storing report.","meta":{"rootId":"k52uvag8kkdumja","id":"bwo5orox3hddwlc"},"id":"6z1zeh91gt4ur0j","previousOperationId":"f02o90ojn0g3w7g"}
{"type":"log","timestamp":1764957438578,"level":"info","message":"Rendering (child) request finished in 172 ms","meta":{"rootId":"k52uvag8kkdumja","id":"bwo5orox3hddwlc"},"id":"i3miwoovxyrlba4","previousOperationId":"f02o90ojn0g3w7g"}
{"type":"operationEnd","subtype":"render","operationId":"h6zao6a7i7sutqs","timestamp":1764957438578,"id":"bnn30up66cp41j9","previousEventId":"2468d1swoz9k21e","previousOperationId":"f02o90ojn0g3w7g"}
{"type":"log","timestamp":1764957438687,"level":"debug","message":"pptx successfully zipped","meta":{"rootId":"k52uvag8kkdumja","id":"k52uvag8kkdumja"},"id":"bn7dpgcentoyokg","previousOperationId":"g0ewa0t34h1x6lo"}
{"type":"log","timestamp":1764957438687,"level":"info","message":"pptx generation was finished","meta":{"rootId":"k52uvag8kkdumja","id":"k52uvag8kkdumja"},"id":"pf3ne3nxte8fqgk","previousOperationId":"g0ewa0t34h1x6lo"}
{"type":"operationEnd","operationId":"g0ewa0t34h1x6lo","timestamp":1764957438690,"id":"bmqxc3pwpv92ukr","previousEventId":"49kzdku3xe0viay","previousOperationId":"g0ewa0t34h1x6lo"}
{"type":"log","timestamp":1764957438691,"level":"debug","message":"Skipping storing report.","meta":{"rootId":"k52uvag8kkdumja","id":"k52uvag8kkdumja"},"id":"971tpdgsgs5uh9l","previousOperationId":"g0ewa0t34h1x6lo"}
{"type":"log","timestamp":1764957438691,"level":"info","message":"Rendering request 5 finished in 285 ms","meta":{"rootId":"k52uvag8kkdumja","id":"k52uvag8kkdumja"},"id":"pvawfj2a5z2cbxp","previousOperationId":"g0ewa0t34h1x6lo"}
{"type":"operationEnd","subtype":"render","operationId":"7t9ygu1tcvm4beh","timestamp":1764957438691,"id":"6ir47g0r0nof54q","previousEventId":"bmqxc3pwpv92ukr","previousOperationId":"g0ewa0t34h1x6lo"}
{"type":"operationEnd","doDiffs":false,"previousEventId":"3w5qatx6km6b6cj","previousOperationId":"3j5qkmi4gqz1nzn","operationId":"3j5qkmi4gqz1nzn","timestamp":1764957438694,"id":"yjogtl1i95xhqid"}
