{"type":"operationStart","subtype":"profile","data":{"_id":"RUvssGukJr0l6PsL","timestamp":"2025-12-05T18:15:56.964Z","state":"running","mode":"standard","creationDate":"2025-12-05T18:15:56.969Z","modificationDate":"2025-12-05T18:15:56.969Z","shortid":"CEBnpn1","$entitySet":"profiles","timeout":60000},"doDiffs":false,"timestamp":1764958556967,"id":"km5dl5xs6qjw0l0","previousOperationId":null,"operationId":"x2losx14b0gu2js"}
{"type":"log","level":"info","message":"Render request 13 queued for execution and waiting for available worker","previousOperationId":"x2losx14b0gu2js","timestamp":1764958556967,"id":"y0q0jzuor8jvjr6"}
{"type":"operationStart","subtype":"render","name":"anonymous","previousOperationId":"x2losx14b0gu2js","timestamp":1764958556978,"id":"7mrkky9ozkfd46w","previousEventId":"km5dl5xs6qjw0l0","operationId":"4z1b5o3k2j1f7vy"}
{"type":"log","timestamp":1764958556978,"level":"info","message":"Starting rendering request 13","meta":{"rootId":"kam49dli21krylh","id":"kam49dli21krylh"},"id":"vpxuki7sop0ifzc","previousOperationId":"4z1b5o3k2j1f7vy"}
{"type":"log","timestamp":1764958556978,"level":"info","message":"Rendering anonymous template { recipe: pptx, engine: handlebars }","meta":{"rootId":"kam49dli21krylh","id":"kam49dli21krylh"},"id":"yovr7oqvgqc2qmn","previousOperationId":"4z1b5o3k2j1f7vy"}
{"type":"log","timestamp":1764958556978,"level":"debug","message":"Inline data specified.","meta":{"rootId":"kam49dli21krylh","id":"kam49dli21krylh"},"id":"hmw76irav4jd0a0","previousOperationId":"4z1b5o3k2j1f7vy"}
{"type":"log","timestamp":1764958556979,"level":"debug","message":"Base url not specified, skipping its injection.","meta":{"rootId":"kam49dli21krylh","id":"kam49dli21krylh"},"id":"bbujdts2ul6kkt5","previousOperationId":"4z1b5o3k2j1f7vy"}
{"type":"operationStart","subtype":"engine","name":"handlebars","timestamp":1764958556979,"id":"4fdxn95r5831aud","previousEventId":"7mrkky9ozkfd46w","operationId":"o02p77rg484a6ax","previousOperationId":"4z1b5o3k2j1f7vy"}
{"type":"log","timestamp":1764958556979,"level":"debug","message":"Rendering engine handlebars","meta":{"rootId":"kam49dli21krylh","id":"kam49dli21krylh"},"id":"lk14jnb64gc1ly5","previousOperationId":"o02p77rg484a6ax"}
{"type":"operationEnd","operationId":"o02p77rg484a6ax","timestamp":1764958557007,"id":"mtxzwjr2b9xmhiw","previousEventId":"4fdxn95r5831aud","previousOperationId":"o02p77rg484a6ax"}
{"type":"operationStart","subtype":"recipe","name":"pptx","timestamp":1764958557008,"id":"ns44576pba6hr34","previousEventId":"mtxzwjr2b9xmhiw","operationId":"32gyzmq2aerw5wj","previousOperationId":"o02p77rg484a6ax"}
{"type":"log","timestamp":1764958557008,"level":"debug","message":"Executing recipe pptx","meta":{"rootId":"kam49dli21krylh","id":"kam49dli21krylh"},"id":"sudflogvin0jpbc","previousOperationId":"32gyzmq2aerw5wj"}
{"type":"log","timestamp":1764958557009,"level":"info","message":"pptx generation is starting","meta":{"rootId":"kam49dli21krylh","id":"kam49dli21krylh"},"id":"iwn1guwsxo952yh","previousOperationId":"32gyzmq2aerw5wj"}
{"type":"log","timestamp":1764958557092,"level":"debug","message":"Starting child request to render pptx dynamic parts","meta":{"rootId":"kam49dli21krylh","id":"kam49dli21krylh"},"id":"09l870kszdyaj3k","previousOperationId":"32gyzmq2aerw5wj"}
{"type":"operationStart","subtype":"render","name":"anonymous","previousOperationId":"32gyzmq2aerw5wj","timestamp":1764958557092,"id":"90qllpc3spdbl7j","previousEventId":"ns44576pba6hr34","operationId":"s4aaskvwufbcods"}
{"type":"log","timestamp":1764958557092,"level":"info","message":"Starting rendering (child) request","meta":{"rootId":"kam49dli21krylh","id":"kem0eaj3crhl505"},"id":"52vxcrvrvg48i49","previousOperationId":"s4aaskvwufbcods"}
{"type":"log","timestamp":1764958557092,"level":"info","message":"Rendering anonymous template { recipe: html, engine: handlebars }","meta":{"rootId":"kam49dli21krylh","id":"kem0eaj3crhl505"},"id":"yrd10sz2h9gpaqi","previousOperationId":"s4aaskvwufbcods"}
{"type":"log","timestamp":1764958557093,"level":"debug","message":"Inline data specified.","meta":{"rootId":"kam49dli21krylh","id":"kem0eaj3crhl505"},"id":"tl8e368y8q5tynd","previousOperationId":"s4aaskvwufbcods"}
{"type":"log","timestamp":1764958557094,"level":"debug","message":"Base url not specified, skipping its injection.","meta":{"rootId":"kam49dli21krylh","id":"kem0eaj3crhl505"},"id":"nqo4po0utgxui58","previousOperationId":"s4aaskvwufbcods"}
{"type":"operationStart","subtype":"engine","name":"handlebars","timestamp":1764958557094,"id":"wilflpngjyf2zbz","previousEventId":"90qllpc3spdbl7j","operationId":"gh2cajapr957kpe","previousOperationId":"s4aaskvwufbcods"}
{"type":"log","timestamp":1764958557095,"level":"debug","message":"Rendering engine handlebars","meta":{"rootId":"kam49dli21krylh","id":"kem0eaj3crhl505"},"id":"4x7jdmxgjpcy7qc","previousOperationId":"gh2cajapr957kpe"}
{"type":"operationEnd","operationId":"gh2cajapr957kpe","timestamp":1764958557121,"id":"yairkyew4gl9a4o","previousEventId":"wilflpngjyf2zbz","previousOperationId":"gh2cajapr957kpe"}
{"type":"operationStart","subtype":"recipe","name":"html","timestamp":1764958557123,"id":"fl5b95o7duyl4rh","previousEventId":"yairkyew4gl9a4o","operationId":"takl0emdcg5tc07","previousOperationId":"gh2cajapr957kpe"}
{"type":"log","timestamp":1764958557123,"level":"debug","message":"Executing recipe html","meta":{"rootId":"kam49dli21krylh","id":"kem0eaj3crhl505"},"id":"ynzz4tk74m87ue5","previousOperationId":"takl0emdcg5tc07"}
{"type":"operationEnd","operationId":"takl0emdcg5tc07","timestamp":1764958557123,"id":"h10g7ychb4p5jyo","previousEventId":"fl5b95o7duyl4rh","previousOperationId":"takl0emdcg5tc07"}
{"type":"log","timestamp":1764958557123,"level":"debug","message":"Skipping storing report.","meta":{"rootId":"kam49dli21krylh","id":"kem0eaj3crhl505"},"id":"jsnzw1tah88pml3","previousOperationId":"takl0emdcg5tc07"}
{"type":"log","timestamp":1764958557123,"level":"info","message":"Rendering (child) request finished in 159 ms","meta":{"rootId":"kam49dli21krylh","id":"kem0eaj3crhl505"},"id":"77ksj9n5ailqr27","previousOperationId":"takl0emdcg5tc07"}
{"type":"operationEnd","subtype":"render","operationId":"s4aaskvwufbcods","timestamp":1764958557123,"id":"sp67kl3c16vslgs","previousEventId":"h10g7ychb4p5jyo","previousOperationId":"takl0emdcg5tc07"}
{"type":"log","timestamp":1764958557207,"level":"debug","message":"pptx successfully zipped","meta":{"rootId":"kam49dli21krylh","id":"kam49dli21krylh"},"id":"62pzmvo3g8vhtts","previousOperationId":"32gyzmq2aerw5wj"}
{"type":"log","timestamp":1764958557207,"level":"info","message":"pptx generation was finished","meta":{"rootId":"kam49dli21krylh","id":"kam49dli21krylh"},"id":"t3tf45uwceurrbf","previousOperationId":"32gyzmq2aerw5wj"}
{"type":"operationEnd","operationId":"32gyzmq2aerw5wj","timestamp":1764958557210,"id":"jy6c0eccknp24rb","previousEventId":"ns44576pba6hr34","previousOperationId":"32gyzmq2aerw5wj"}
{"type":"log","timestamp":1764958557210,"level":"debug","message":"Skipping storing report.","meta":{"rootId":"kam49dli21krylh","id":"kam49dli21krylh"},"id":"a3rnz6mmptiufhe","previousOperationId":"32gyzmq2aerw5wj"}
{"type":"log","timestamp":1764958557210,"level":"info","message":"Rendering request 13 finished in 246 ms","meta":{"rootId":"kam49dli21krylh","id":"kam49dli21krylh"},"id":"bo0aifgwq3f7rrt","previousOperationId":"32gyzmq2aerw5wj"}
{"type":"operationEnd","subtype":"render","operationId":"4z1b5o3k2j1f7vy","timestamp":1764958557210,"id":"qp4k4gtku9aytvu","previousEventId":"jy6c0eccknp24rb","previousOperationId":"32gyzmq2aerw5wj"}
{"type":"operationEnd","doDiffs":false,"previousEventId":"km5dl5xs6qjw0l0","previousOperationId":"x2losx14b0gu2js","operationId":"x2losx14b0gu2js","timestamp":1764958557214,"id":"s0xuf13yyk8t361"}
