{"type":"operationStart","subtype":"profile","data":{"_id":"3d7hJ2F8a8Z65uSn","timestamp":"2025-12-04T17:24:00.017Z","state":"running","mode":"standard","creationDate":"2025-12-04T17:24:00.027Z","modificationDate":"2025-12-04T17:24:00.027Z","shortid":"vFAQ-7c","$entitySet":"profiles","timeout":60000},"doDiffs":false,"timestamp":1764869040020,"id":"jibqkyiqiuxze30","previousOperationId":null,"operationId":"esiow1xjuu4w1uq"}
{"type":"log","level":"info","message":"Render request 1 queued for execution and waiting for available worker","previousOperationId":"esiow1xjuu4w1uq","timestamp":1764869040020,"id":"ziludx1lmgdk5d7"}
{"type":"operationStart","subtype":"render","name":"anonymous","previousOperationId":"esiow1xjuu4w1uq","timestamp":1764869040061,"id":"cb1fnhbe33ns0zl","previousEventId":"jibqkyiqiuxze30","operationId":"8go2m6dh31sz404"}
{"type":"log","timestamp":1764869040063,"level":"info","message":"Starting rendering request 1","meta":{"rootId":"kfyhjigobgdcuv0","id":"kfyhjigobgdcuv0"},"id":"ydkbwohll4ergt0","previousOperationId":"8go2m6dh31sz404"}
{"type":"log","timestamp":1764869040066,"level":"info","message":"Rendering anonymous template { recipe: pptx, engine: handlebars }","meta":{"rootId":"kfyhjigobgdcuv0","id":"kfyhjigobgdcuv0"},"id":"xjm59pw0ob1dnxe","previousOperationId":"8go2m6dh31sz404"}
{"type":"log","timestamp":1764869040067,"level":"debug","message":"Inline data specified.","meta":{"rootId":"kfyhjigobgdcuv0","id":"kfyhjigobgdcuv0"},"id":"kt46uzugv9hrx5k","previousOperationId":"8go2m6dh31sz404"}
{"type":"log","timestamp":1764869040076,"level":"debug","message":"Base url not specified, skipping its injection.","meta":{"rootId":"kfyhjigobgdcuv0","id":"kfyhjigobgdcuv0"},"id":"mnqw2my1qk5jjqv","previousOperationId":"8go2m6dh31sz404"}
{"type":"operationStart","subtype":"engine","name":"handlebars","timestamp":1764869040079,"id":"0yz3j3thkn9aodg","previousEventId":"cb1fnhbe33ns0zl","operationId":"w568z9inat3uewl","previousOperationId":"8go2m6dh31sz404"}
{"type":"log","timestamp":1764869040080,"level":"debug","message":"Rendering engine handlebars","meta":{"rootId":"kfyhjigobgdcuv0","id":"kfyhjigobgdcuv0"},"id":"x2lk8qpr613rj0s","previousOperationId":"w568z9inat3uewl"}
{"type":"operationEnd","operationId":"w568z9inat3uewl","timestamp":1764869041384,"id":"q7kw5t0u0mtk54m","previousEventId":"0yz3j3thkn9aodg","previousOperationId":"w568z9inat3uewl"}
{"type":"operationStart","subtype":"recipe","name":"pptx","timestamp":1764869041386,"id":"d4rjkrgf0pm2x6h","previousEventId":"q7kw5t0u0mtk54m","operationId":"gzw230rjob5ypgu","previousOperationId":"w568z9inat3uewl"}
{"type":"log","timestamp":1764869041386,"level":"debug","message":"Executing recipe pptx","meta":{"rootId":"kfyhjigobgdcuv0","id":"kfyhjigobgdcuv0"},"id":"3vdveo42c8dcs81","previousOperationId":"gzw230rjob5ypgu"}
{"type":"log","timestamp":1764869041631,"level":"info","message":"pptx generation is starting","meta":{"rootId":"kfyhjigobgdcuv0","id":"kfyhjigobgdcuv0"},"id":"l5ncy75rjiw186a","previousOperationId":"gzw230rjob5ypgu"}
{"type":"log","timestamp":1764869041947,"level":"debug","message":"Starting child request to render pptx dynamic parts","meta":{"rootId":"kfyhjigobgdcuv0","id":"kfyhjigobgdcuv0"},"id":"0bwte31v1kk2ct8","previousOperationId":"gzw230rjob5ypgu"}
{"type":"operationStart","subtype":"render","name":"anonymous","previousOperationId":"gzw230rjob5ypgu","timestamp":1764869041949,"id":"gift1u5ylug456w","previousEventId":"d4rjkrgf0pm2x6h","operationId":"cg7njq8izmf4inm"}
{"type":"log","timestamp":1764869041949,"level":"info","message":"Starting rendering (child) request","meta":{"rootId":"kfyhjigobgdcuv0","id":"rceoqhgaqyww0hl"},"id":"pehkrr1zw0jzw74","previousOperationId":"cg7njq8izmf4inm"}
{"type":"log","timestamp":1764869041949,"level":"info","message":"Rendering anonymous template { recipe: html, engine: handlebars }","meta":{"rootId":"kfyhjigobgdcuv0","id":"rceoqhgaqyww0hl"},"id":"r7egdorlt3vtesn","previousOperationId":"cg7njq8izmf4inm"}
{"type":"log","timestamp":1764869041949,"level":"debug","message":"Inline data specified.","meta":{"rootId":"kfyhjigobgdcuv0","id":"rceoqhgaqyww0hl"},"id":"6hrd31a76qzvxxd","previousOperationId":"cg7njq8izmf4inm"}
{"type":"log","timestamp":1764869041959,"level":"debug","message":"Base url not specified, skipping its injection.","meta":{"rootId":"kfyhjigobgdcuv0","id":"rceoqhgaqyww0hl"},"id":"82qfj59sb07fypi","previousOperationId":"cg7njq8izmf4inm"}
{"type":"operationStart","subtype":"engine","name":"handlebars","timestamp":1764869041960,"id":"yhk0hfbrcfaprhc","previousEventId":"gift1u5ylug456w","operationId":"rk6neb24l73pmrs","previousOperationId":"cg7njq8izmf4inm"}
{"type":"log","timestamp":1764869041961,"level":"debug","message":"Rendering engine handlebars","meta":{"rootId":"kfyhjigobgdcuv0","id":"rceoqhgaqyww0hl"},"id":"ynl4lv4j18cs9og","previousOperationId":"rk6neb24l73pmrs"}
{"type":"operationEnd","operationId":"rk6neb24l73pmrs","timestamp":1764869042018,"id":"b7guw9ty5g0qhqe","previousEventId":"yhk0hfbrcfaprhc","previousOperationId":"rk6neb24l73pmrs"}
{"type":"operationStart","subtype":"recipe","name":"html","timestamp":1764869042022,"id":"g4ngvd0j3hd6z4n","previousEventId":"b7guw9ty5g0qhqe","operationId":"vf9fuo41s8k9bre","previousOperationId":"rk6neb24l73pmrs"}
{"type":"log","timestamp":1764869042022,"level":"debug","message":"Executing recipe html","meta":{"rootId":"kfyhjigobgdcuv0","id":"rceoqhgaqyww0hl"},"id":"01d01zqt8qq0txe","previousOperationId":"vf9fuo41s8k9bre"}
{"type":"operationEnd","operationId":"vf9fuo41s8k9bre","timestamp":1764869042022,"id":"nwhzmr10nt1e8af","previousEventId":"g4ngvd0j3hd6z4n","previousOperationId":"vf9fuo41s8k9bre"}
{"type":"log","timestamp":1764869042023,"level":"debug","message":"Skipping storing report.","meta":{"rootId":"kfyhjigobgdcuv0","id":"rceoqhgaqyww0hl"},"id":"wle79r7rphl8n3z","previousOperationId":"vf9fuo41s8k9bre"}
{"type":"log","timestamp":1764869042024,"level":"info","message":"Rendering (child) request finished in 2009 ms","meta":{"rootId":"kfyhjigobgdcuv0","id":"rceoqhgaqyww0hl"},"id":"9c0eobiagaopr6t","previousOperationId":"vf9fuo41s8k9bre"}
{"type":"operationEnd","subtype":"render","operationId":"cg7njq8izmf4inm","timestamp":1764869042024,"id":"5nx38tpb7k3xtd8","previousEventId":"nwhzmr10nt1e8af","previousOperationId":"vf9fuo41s8k9bre"}
{"type":"log","timestamp":1764869043125,"level":"debug","message":"pptx successfully zipped","meta":{"rootId":"kfyhjigobgdcuv0","id":"kfyhjigobgdcuv0"},"id":"cl9c7ayo04qjh79","previousOperationId":"gzw230rjob5ypgu"}
{"type":"log","timestamp":1764869043125,"level":"info","message":"pptx generation was finished","meta":{"rootId":"kfyhjigobgdcuv0","id":"kfyhjigobgdcuv0"},"id":"g5xmyx9x1wyfdfn","previousOperationId":"gzw230rjob5ypgu"}
{"type":"operationEnd","operationId":"gzw230rjob5ypgu","timestamp":1764869043138,"id":"i9eohhvn8hstu47","previousEventId":"d4rjkrgf0pm2x6h","previousOperationId":"gzw230rjob5ypgu"}
{"type":"log","timestamp":1764869043138,"level":"debug","message":"Skipping storing report.","meta":{"rootId":"kfyhjigobgdcuv0","id":"kfyhjigobgdcuv0"},"id":"z0vuudetrxwlnyk","previousOperationId":"gzw230rjob5ypgu"}
{"type":"log","timestamp":1764869043138,"level":"info","message":"Rendering request 1 finished in 3123 ms","meta":{"rootId":"kfyhjigobgdcuv0","id":"kfyhjigobgdcuv0"},"id":"vsvr9ygv17qpxya","previousOperationId":"gzw230rjob5ypgu"}
{"type":"operationEnd","subtype":"render","operationId":"8go2m6dh31sz404","timestamp":1764869043138,"id":"ku0jklsudj72hhv","previousEventId":"i9eohhvn8hstu47","previousOperationId":"gzw230rjob5ypgu"}
{"type":"operationEnd","doDiffs":false,"previousEventId":"jibqkyiqiuxze30","previousOperationId":"esiow1xjuu4w1uq","operationId":"esiow1xjuu4w1uq","timestamp":1764869043147,"id":"hnodhx8usiptl73"}
