{"type":"operationStart","subtype":"profile","data":{"_id":"8IFHkd1SgDtRCWt2","timestamp":"2025-12-05T23:16:33.740Z","state":"running","mode":"standard","creationDate":"2025-12-05T23:16:33.744Z","modificationDate":"2025-12-05T23:16:33.744Z","shortid":"B1oIC08","$entitySet":"profiles","timeout":60000},"doDiffs":false,"timestamp":1764976593743,"id":"j6q9zga0yw6vcdt","previousOperationId":null,"operationId":"zwnz4x0y0ftfz4a"}
{"type":"log","level":"info","message":"Render request 3 queued for execution and waiting for available worker","previousOperationId":"zwnz4x0y0ftfz4a","timestamp":1764976593743,"id":"469e5xxf3s3455u"}
{"type":"operationStart","subtype":"render","name":"anonymous","previousOperationId":"zwnz4x0y0ftfz4a","timestamp":1764976593764,"id":"rahn3oo00faa6y3","previousEventId":"j6q9zga0yw6vcdt","operationId":"t4v6kjsjmbkbgiu"}
{"type":"log","timestamp":1764976593764,"level":"info","message":"Starting rendering request 3","meta":{"rootId":"knwks5k5bib7c45","id":"knwks5k5bib7c45"},"id":"8dovjlnrrp17ysx","previousOperationId":"t4v6kjsjmbkbgiu"}
{"type":"log","timestamp":1764976593765,"level":"info","message":"Rendering anonymous template { recipe: pptx, engine: handlebars }","meta":{"rootId":"knwks5k5bib7c45","id":"knwks5k5bib7c45"},"id":"9sy9wo0jvb0i17v","previousOperationId":"t4v6kjsjmbkbgiu"}
{"type":"log","timestamp":1764976593765,"level":"debug","message":"Inline data specified.","meta":{"rootId":"knwks5k5bib7c45","id":"knwks5k5bib7c45"},"id":"jr2oudiyfx5o2aw","previousOperationId":"t4v6kjsjmbkbgiu"}
{"type":"log","timestamp":1764976593769,"level":"debug","message":"Base url not specified, skipping its injection.","meta":{"rootId":"knwks5k5bib7c45","id":"knwks5k5bib7c45"},"id":"zg6z61mu0vazbfc","previousOperationId":"t4v6kjsjmbkbgiu"}
{"type":"operationStart","subtype":"engine","name":"handlebars","timestamp":1764976593769,"id":"ybesb054mmlbhwg","previousEventId":"rahn3oo00faa6y3","operationId":"3td8vf3lw60eqh8","previousOperationId":"t4v6kjsjmbkbgiu"}
{"type":"log","timestamp":1764976593769,"level":"debug","message":"Rendering engine handlebars","meta":{"rootId":"knwks5k5bib7c45","id":"knwks5k5bib7c45"},"id":"sx5wg5vnm9ff42c","previousOperationId":"3td8vf3lw60eqh8"}
{"type":"operationEnd","operationId":"3td8vf3lw60eqh8","timestamp":1764976593785,"id":"je00m8zsbkqsx85","previousEventId":"ybesb054mmlbhwg","previousOperationId":"3td8vf3lw60eqh8"}
{"type":"operationStart","subtype":"recipe","name":"pptx","timestamp":1764976593785,"id":"rx2z7qe56ej8wgq","previousEventId":"je00m8zsbkqsx85","operationId":"pxd7kmn5e6z2hnv","previousOperationId":"3td8vf3lw60eqh8"}
{"type":"log","timestamp":1764976593785,"level":"debug","message":"Executing recipe pptx","meta":{"rootId":"knwks5k5bib7c45","id":"knwks5k5bib7c45"},"id":"abbvrc8n7q6coqu","previousOperationId":"pxd7kmn5e6z2hnv"}
{"type":"log","timestamp":1764976593786,"level":"info","message":"pptx generation is starting","meta":{"rootId":"knwks5k5bib7c45","id":"knwks5k5bib7c45"},"id":"xy26j4t5gz1xkhl","previousOperationId":"pxd7kmn5e6z2hnv"}
{"type":"log","timestamp":1764976593985,"level":"debug","message":"Starting child request to render pptx dynamic parts","meta":{"rootId":"knwks5k5bib7c45","id":"knwks5k5bib7c45"},"id":"o8w6qe684pdgrcp","previousOperationId":"pxd7kmn5e6z2hnv"}
{"type":"operationStart","subtype":"render","name":"anonymous","previousOperationId":"pxd7kmn5e6z2hnv","timestamp":1764976593985,"id":"wvw87jzlypbchq8","previousEventId":"rx2z7qe56ej8wgq","operationId":"23mpe3nrjrudm7u"}
{"type":"log","timestamp":1764976593985,"level":"info","message":"Starting rendering (child) request","meta":{"rootId":"knwks5k5bib7c45","id":"2rratnscemo3v6h"},"id":"odq3vu8rh2xjs8w","previousOperationId":"23mpe3nrjrudm7u"}
{"type":"log","timestamp":1764976593985,"level":"info","message":"Rendering anonymous template { recipe: html, engine: handlebars }","meta":{"rootId":"knwks5k5bib7c45","id":"2rratnscemo3v6h"},"id":"ccqzf7wvlt3bd31","previousOperationId":"23mpe3nrjrudm7u"}
{"type":"log","timestamp":1764976593985,"level":"debug","message":"Inline data specified.","meta":{"rootId":"knwks5k5bib7c45","id":"2rratnscemo3v6h"},"id":"gyqnhqw3hsio47k","previousOperationId":"23mpe3nrjrudm7u"}
{"type":"log","timestamp":1764976593994,"level":"debug","message":"Base url not specified, skipping its injection.","meta":{"rootId":"knwks5k5bib7c45","id":"2rratnscemo3v6h"},"id":"uptkvt0swy7wc52","previousOperationId":"23mpe3nrjrudm7u"}
{"type":"operationStart","subtype":"engine","name":"handlebars","timestamp":1764976593995,"id":"d64noqhc3jibk4m","previousEventId":"wvw87jzlypbchq8","operationId":"lo8oqa9pkl8mamc","previousOperationId":"23mpe3nrjrudm7u"}
{"type":"log","timestamp":1764976593995,"level":"debug","message":"Rendering engine handlebars","meta":{"rootId":"knwks5k5bib7c45","id":"2rratnscemo3v6h"},"id":"gxzg505gas9uq55","previousOperationId":"lo8oqa9pkl8mamc"}
{"type":"operationEnd","operationId":"lo8oqa9pkl8mamc","timestamp":1764976594037,"id":"g9mit7i8197b5mn","previousEventId":"d64noqhc3jibk4m","previousOperationId":"lo8oqa9pkl8mamc"}
{"type":"operationStart","subtype":"recipe","name":"html","timestamp":1764976594040,"id":"t5sddixjt0mwmnc","previousEventId":"g9mit7i8197b5mn","operationId":"ginvgr02cqrfitd","previousOperationId":"lo8oqa9pkl8mamc"}
{"type":"log","timestamp":1764976594040,"level":"debug","message":"Executing recipe html","meta":{"rootId":"knwks5k5bib7c45","id":"2rratnscemo3v6h"},"id":"pdbzi81sfckbx96","previousOperationId":"ginvgr02cqrfitd"}
{"type":"operationEnd","operationId":"ginvgr02cqrfitd","timestamp":1764976594041,"id":"r5sv3z5upt7wif1","previousEventId":"t5sddixjt0mwmnc","previousOperationId":"ginvgr02cqrfitd"}
{"type":"log","timestamp":1764976594042,"level":"debug","message":"Skipping storing report.","meta":{"rootId":"knwks5k5bib7c45","id":"2rratnscemo3v6h"},"id":"3wm9on5cffkgji2","previousOperationId":"ginvgr02cqrfitd"}
{"type":"log","timestamp":1764976594042,"level":"info","message":"Rendering (child) request finished in 303 ms","meta":{"rootId":"knwks5k5bib7c45","id":"2rratnscemo3v6h"},"id":"9d9rbgkqdfoxt4s","previousOperationId":"ginvgr02cqrfitd"}
{"type":"operationEnd","subtype":"render","operationId":"23mpe3nrjrudm7u","timestamp":1764976594042,"id":"2s0k9rgtqvwzbbc","previousEventId":"r5sv3z5upt7wif1","previousOperationId":"ginvgr02cqrfitd"}
{"type":"log","timestamp":1764976594875,"level":"debug","message":"pptx successfully zipped","meta":{"rootId":"knwks5k5bib7c45","id":"knwks5k5bib7c45"},"id":"l44k6k6cllxw1rc","previousOperationId":"pxd7kmn5e6z2hnv"}
{"type":"log","timestamp":1764976594875,"level":"info","message":"pptx generation was finished","meta":{"rootId":"knwks5k5bib7c45","id":"knwks5k5bib7c45"},"id":"cgyxm9ix9nm6x23","previousOperationId":"pxd7kmn5e6z2hnv"}
{"type":"operationEnd","operationId":"pxd7kmn5e6z2hnv","timestamp":1764976594885,"id":"jq171cxt0bupaej","previousEventId":"rx2z7qe56ej8wgq","previousOperationId":"pxd7kmn5e6z2hnv"}
{"type":"log","timestamp":1764976594886,"level":"debug","message":"Skipping storing report.","meta":{"rootId":"knwks5k5bib7c45","id":"knwks5k5bib7c45"},"id":"nky7kt68muef3bl","previousOperationId":"pxd7kmn5e6z2hnv"}
{"type":"log","timestamp":1764976594886,"level":"info","message":"Rendering request 3 finished in 1147 ms","meta":{"rootId":"knwks5k5bib7c45","id":"knwks5k5bib7c45"},"id":"bqp1hy63qrnzagq","previousOperationId":"pxd7kmn5e6z2hnv"}
{"type":"operationEnd","subtype":"render","operationId":"t4v6kjsjmbkbgiu","timestamp":1764976594886,"id":"gzm3al48mq80k6q","previousEventId":"jq171cxt0bupaej","previousOperationId":"pxd7kmn5e6z2hnv"}
{"type":"operationEnd","doDiffs":false,"previousEventId":"j6q9zga0yw6vcdt","previousOperationId":"zwnz4x0y0ftfz4a","operationId":"zwnz4x0y0ftfz4a","timestamp":1764976594892,"id":"juqza47bhqyw0wf"}
