{"type":"operationStart","subtype":"profile","data":{"_id":"xfwiEd2JBvkHkyRK","timestamp":"2025-12-05T18:00:41.660Z","state":"running","mode":"standard","creationDate":"2025-12-05T18:00:41.663Z","modificationDate":"2025-12-05T18:00:41.663Z","shortid":"WyURzve","$entitySet":"profiles","timeout":60000},"doDiffs":false,"timestamp":1764957641663,"id":"tlvatngej28ss91","previousOperationId":null,"operationId":"l2mh6brqce0bxh8"}
{"type":"log","level":"info","message":"Render request 7 queued for execution and waiting for available worker","previousOperationId":"l2mh6brqce0bxh8","timestamp":1764957641663,"id":"txuizm4hf87syei"}
{"type":"operationStart","subtype":"render","name":"anonymous","previousOperationId":"l2mh6brqce0bxh8","timestamp":1764957641672,"id":"3e6ddregzku2qqa","previousEventId":"tlvatngej28ss91","operationId":"bwip8agkx31lu99"}
{"type":"log","timestamp":1764957641672,"level":"info","message":"Starting rendering request 7","meta":{"rootId":"kudwbw9cbz2g804","id":"kudwbw9cbz2g804"},"id":"ss366cgcn12yf51","previousOperationId":"bwip8agkx31lu99"}
{"type":"log","timestamp":1764957641672,"level":"info","message":"Rendering anonymous template { recipe: pptx, engine: handlebars }","meta":{"rootId":"kudwbw9cbz2g804","id":"kudwbw9cbz2g804"},"id":"udp1j2d76rbc4x1","previousOperationId":"bwip8agkx31lu99"}
{"type":"log","timestamp":1764957641673,"level":"debug","message":"Inline data specified.","meta":{"rootId":"kudwbw9cbz2g804","id":"kudwbw9cbz2g804"},"id":"r5m1cehh7qm2efq","previousOperationId":"bwip8agkx31lu99"}
{"type":"log","timestamp":1764957641675,"level":"debug","message":"Base url not specified, skipping its injection.","meta":{"rootId":"kudwbw9cbz2g804","id":"kudwbw9cbz2g804"},"id":"ypf2oy7hcf262hc","previousOperationId":"bwip8agkx31lu99"}
{"type":"operationStart","subtype":"engine","name":"handlebars","timestamp":1764957641675,"id":"53feac3k7ok9o2e","previousEventId":"3e6ddregzku2qqa","operationId":"dnw5j6sheiliu4l","previousOperationId":"bwip8agkx31lu99"}
{"type":"log","timestamp":1764957641675,"level":"debug","message":"Rendering engine handlebars","meta":{"rootId":"kudwbw9cbz2g804","id":"kudwbw9cbz2g804"},"id":"ebom6522rf3pu08","previousOperationId":"dnw5j6sheiliu4l"}
{"type":"operationEnd","operationId":"dnw5j6sheiliu4l","timestamp":1764957641684,"id":"0tnvabon4qq1422","previousEventId":"53feac3k7ok9o2e","previousOperationId":"dnw5j6sheiliu4l"}
{"type":"operationStart","subtype":"recipe","name":"pptx","timestamp":1764957641684,"id":"yoehfiy4b6z9pu7","previousEventId":"0tnvabon4qq1422","operationId":"2t74zv7cb9yeq6p","previousOperationId":"dnw5j6sheiliu4l"}
{"type":"log","timestamp":1764957641684,"level":"debug","message":"Executing recipe pptx","meta":{"rootId":"kudwbw9cbz2g804","id":"kudwbw9cbz2g804"},"id":"f2ny7g6bsur2lcm","previousOperationId":"2t74zv7cb9yeq6p"}
{"type":"log","timestamp":1764957641684,"level":"info","message":"pptx generation is starting","meta":{"rootId":"kudwbw9cbz2g804","id":"kudwbw9cbz2g804"},"id":"jna1s468bca60k9","previousOperationId":"2t74zv7cb9yeq6p"}
{"type":"log","timestamp":1764957641769,"level":"debug","message":"Starting child request to render pptx dynamic parts","meta":{"rootId":"kudwbw9cbz2g804","id":"kudwbw9cbz2g804"},"id":"hypxd15lpytiwdo","previousOperationId":"2t74zv7cb9yeq6p"}
{"type":"operationStart","subtype":"render","name":"anonymous","previousOperationId":"2t74zv7cb9yeq6p","timestamp":1764957641769,"id":"39zdhf5bbtdnrdt","previousEventId":"yoehfiy4b6z9pu7","operationId":"r901nii9zwu2tm0"}
{"type":"log","timestamp":1764957641769,"level":"info","message":"Starting rendering (child) request","meta":{"rootId":"kudwbw9cbz2g804","id":"b6yksuftynws0vq"},"id":"5b36msg9jjpkukr","previousOperationId":"r901nii9zwu2tm0"}
{"type":"log","timestamp":1764957641769,"level":"info","message":"Rendering anonymous template { recipe: html, engine: handlebars }","meta":{"rootId":"kudwbw9cbz2g804","id":"b6yksuftynws0vq"},"id":"szd8abrmw8zm8ro","previousOperationId":"r901nii9zwu2tm0"}
{"type":"log","timestamp":1764957641769,"level":"debug","message":"Inline data specified.","meta":{"rootId":"kudwbw9cbz2g804","id":"b6yksuftynws0vq"},"id":"dw8bu6qwpyhb2rb","previousOperationId":"r901nii9zwu2tm0"}
{"type":"log","timestamp":1764957641776,"level":"debug","message":"Base url not specified, skipping its injection.","meta":{"rootId":"kudwbw9cbz2g804","id":"b6yksuftynws0vq"},"id":"beik1iiwvf984lb","previousOperationId":"r901nii9zwu2tm0"}
{"type":"operationStart","subtype":"engine","name":"handlebars","timestamp":1764957641777,"id":"yjghbzrj5qhpkhw","previousEventId":"39zdhf5bbtdnrdt","operationId":"j53oihzl4y2i65c","previousOperationId":"r901nii9zwu2tm0"}
{"type":"log","timestamp":1764957641777,"level":"debug","message":"Rendering engine handlebars","meta":{"rootId":"kudwbw9cbz2g804","id":"b6yksuftynws0vq"},"id":"tic5t8ehnjf09u2","previousOperationId":"j53oihzl4y2i65c"}
{"type":"operationEnd","operationId":"j53oihzl4y2i65c","timestamp":1764957641807,"id":"tm7yonztt52oypk","previousEventId":"yjghbzrj5qhpkhw","previousOperationId":"j53oihzl4y2i65c"}
{"type":"operationStart","subtype":"recipe","name":"html","timestamp":1764957641809,"id":"4652slk8m9fluny","previousEventId":"tm7yonztt52oypk","operationId":"2lubr3amhoi97bl","previousOperationId":"j53oihzl4y2i65c"}
{"type":"log","timestamp":1764957641809,"level":"debug","message":"Executing recipe html","meta":{"rootId":"kudwbw9cbz2g804","id":"b6yksuftynws0vq"},"id":"vkm1cvg63yctbye","previousOperationId":"2lubr3amhoi97bl"}
{"type":"operationEnd","operationId":"2lubr3amhoi97bl","timestamp":1764957641809,"id":"0m827xr5a92ao49","previousEventId":"4652slk8m9fluny","previousOperationId":"2lubr3amhoi97bl"}
{"type":"log","timestamp":1764957641809,"level":"debug","message":"Skipping storing report.","meta":{"rootId":"kudwbw9cbz2g804","id":"b6yksuftynws0vq"},"id":"90xrygf297ntohv","previousOperationId":"2lubr3amhoi97bl"}
{"type":"log","timestamp":1764957641809,"level":"info","message":"Rendering (child) request finished in 150 ms","meta":{"rootId":"kudwbw9cbz2g804","id":"b6yksuftynws0vq"},"id":"vgpq6gyppj6nvzn","previousOperationId":"2lubr3amhoi97bl"}
{"type":"operationEnd","subtype":"render","operationId":"r901nii9zwu2tm0","timestamp":1764957641809,"id":"53pgflmoblunxce","previousEventId":"0m827xr5a92ao49","previousOperationId":"2lubr3amhoi97bl"}
{"type":"log","timestamp":1764957641910,"level":"debug","message":"pptx successfully zipped","meta":{"rootId":"kudwbw9cbz2g804","id":"kudwbw9cbz2g804"},"id":"u7885tstj5uwuqi","previousOperationId":"2t74zv7cb9yeq6p"}
{"type":"log","timestamp":1764957641910,"level":"info","message":"pptx generation was finished","meta":{"rootId":"kudwbw9cbz2g804","id":"kudwbw9cbz2g804"},"id":"wdmtd3zjimsd37x","previousOperationId":"2t74zv7cb9yeq6p"}
{"type":"operationEnd","operationId":"2t74zv7cb9yeq6p","timestamp":1764957641914,"id":"18f9hwy0fwsoytd","previousEventId":"yoehfiy4b6z9pu7","previousOperationId":"2t74zv7cb9yeq6p"}
{"type":"log","timestamp":1764957641914,"level":"debug","message":"Skipping storing report.","meta":{"rootId":"kudwbw9cbz2g804","id":"kudwbw9cbz2g804"},"id":"dlkkh8traw2u8rx","previousOperationId":"2t74zv7cb9yeq6p"}
{"type":"log","timestamp":1764957641914,"level":"info","message":"Rendering request 7 finished in 255 ms","meta":{"rootId":"kudwbw9cbz2g804","id":"kudwbw9cbz2g804"},"id":"z1amg0ypryz9fh1","previousOperationId":"2t74zv7cb9yeq6p"}
{"type":"operationEnd","subtype":"render","operationId":"bwip8agkx31lu99","timestamp":1764957641914,"id":"t1sx0vj6fpt82nl","previousEventId":"18f9hwy0fwsoytd","previousOperationId":"2t74zv7cb9yeq6p"}
{"type":"operationEnd","doDiffs":false,"previousEventId":"tlvatngej28ss91","previousOperationId":"l2mh6brqce0bxh8","operationId":"l2mh6brqce0bxh8","timestamp":1764957641921,"id":"ug9ahdwr3n9ud7f"}
