{"type":"operationStart","subtype":"profile","data":{"_id":"xo6sXGTdeO8AeXw5","timestamp":"2025-12-05T13:36:48.437Z","state":"running","mode":"standard","creationDate":"2025-12-05T13:36:48.441Z","modificationDate":"2025-12-05T13:36:48.441Z","shortid":"EzJO76P","$entitySet":"profiles","timeout":60000},"doDiffs":false,"timestamp":1764941808440,"id":"xpydbtf7hses3fd","previousOperationId":null,"operationId":"77enma14jsj7crv"}
{"type":"log","level":"info","message":"Render request 11 queued for execution and waiting for available worker","previousOperationId":"77enma14jsj7crv","timestamp":1764941808440,"id":"b1aftxzk9bokbjw"}
{"type":"operationStart","subtype":"render","name":"anonymous","previousOperationId":"77enma14jsj7crv","timestamp":1764941808450,"id":"5gor18pl789dl24","previousEventId":"xpydbtf7hses3fd","operationId":"8r92bjh7ikr0lkj"}
{"type":"log","timestamp":1764941808450,"level":"info","message":"Starting rendering request 11","meta":{"rootId":"kyg3bhvmlilrxrt","id":"kyg3bhvmlilrxrt"},"id":"p32for85zr0il7m","previousOperationId":"8r92bjh7ikr0lkj"}
{"type":"log","timestamp":1764941808450,"level":"info","message":"Rendering anonymous template { recipe: pptx, engine: handlebars }","meta":{"rootId":"kyg3bhvmlilrxrt","id":"kyg3bhvmlilrxrt"},"id":"b5tx5cyblkznnxu","previousOperationId":"8r92bjh7ikr0lkj"}
{"type":"log","timestamp":1764941808450,"level":"debug","message":"Inline data specified.","meta":{"rootId":"kyg3bhvmlilrxrt","id":"kyg3bhvmlilrxrt"},"id":"23myvofxvvlmal0","previousOperationId":"8r92bjh7ikr0lkj"}
{"type":"log","timestamp":1764941808453,"level":"debug","message":"Base url not specified, skipping its injection.","meta":{"rootId":"kyg3bhvmlilrxrt","id":"kyg3bhvmlilrxrt"},"id":"3342q437di7wkyc","previousOperationId":"8r92bjh7ikr0lkj"}
{"type":"operationStart","subtype":"engine","name":"handlebars","timestamp":1764941808453,"id":"u4a7v7f7o1p27fh","previousEventId":"5gor18pl789dl24","operationId":"e9fkz6wbg7hb98e","previousOperationId":"8r92bjh7ikr0lkj"}
{"type":"log","timestamp":1764941808453,"level":"debug","message":"Rendering engine handlebars","meta":{"rootId":"kyg3bhvmlilrxrt","id":"kyg3bhvmlilrxrt"},"id":"yk3uol0jjjlktlo","previousOperationId":"e9fkz6wbg7hb98e"}
{"type":"operationEnd","operationId":"e9fkz6wbg7hb98e","timestamp":1764941808467,"id":"2em4decicxnx9cs","previousEventId":"u4a7v7f7o1p27fh","previousOperationId":"e9fkz6wbg7hb98e"}
{"type":"operationStart","subtype":"recipe","name":"pptx","timestamp":1764941808468,"id":"k9yn5c369yph8tf","previousEventId":"2em4decicxnx9cs","operationId":"gjomdmdbiawr6fs","previousOperationId":"e9fkz6wbg7hb98e"}
{"type":"log","timestamp":1764941808468,"level":"debug","message":"Executing recipe pptx","meta":{"rootId":"kyg3bhvmlilrxrt","id":"kyg3bhvmlilrxrt"},"id":"m2s88rz1bnz8zg0","previousOperationId":"gjomdmdbiawr6fs"}
{"type":"log","timestamp":1764941808468,"level":"info","message":"pptx generation is starting","meta":{"rootId":"kyg3bhvmlilrxrt","id":"kyg3bhvmlilrxrt"},"id":"l8osnthjpi1bkri","previousOperationId":"gjomdmdbiawr6fs"}
{"type":"log","timestamp":1764941808584,"level":"debug","message":"Starting child request to render pptx dynamic parts","meta":{"rootId":"kyg3bhvmlilrxrt","id":"kyg3bhvmlilrxrt"},"id":"l41kyk61gcnb6xc","previousOperationId":"gjomdmdbiawr6fs"}
{"type":"operationStart","subtype":"render","name":"anonymous","previousOperationId":"gjomdmdbiawr6fs","timestamp":1764941808584,"id":"xwpz6410au3p01m","previousEventId":"k9yn5c369yph8tf","operationId":"fdirijzasw5055z"}
{"type":"log","timestamp":1764941808584,"level":"info","message":"Starting rendering (child) request","meta":{"rootId":"kyg3bhvmlilrxrt","id":"jkpkd91ajaijo96"},"id":"mo3u480cxr0dh2e","previousOperationId":"fdirijzasw5055z"}
{"type":"log","timestamp":1764941808584,"level":"info","message":"Rendering anonymous template { recipe: html, engine: handlebars }","meta":{"rootId":"kyg3bhvmlilrxrt","id":"jkpkd91ajaijo96"},"id":"2vrzsajiszboike","previousOperationId":"fdirijzasw5055z"}
{"type":"log","timestamp":1764941808585,"level":"debug","message":"Inline data specified.","meta":{"rootId":"kyg3bhvmlilrxrt","id":"jkpkd91ajaijo96"},"id":"e2dem59j7m0zmf8","previousOperationId":"fdirijzasw5055z"}
{"type":"log","timestamp":1764941808586,"level":"debug","message":"Base url not specified, skipping its injection.","meta":{"rootId":"kyg3bhvmlilrxrt","id":"jkpkd91ajaijo96"},"id":"8qutzwxcwlrrld8","previousOperationId":"fdirijzasw5055z"}
{"type":"operationStart","subtype":"engine","name":"handlebars","timestamp":1764941808586,"id":"flbtbwo2zwjdmtu","previousEventId":"xwpz6410au3p01m","operationId":"h1fvml66tfzlr12","previousOperationId":"fdirijzasw5055z"}
{"type":"log","timestamp":1764941808586,"level":"debug","message":"Rendering engine handlebars","meta":{"rootId":"kyg3bhvmlilrxrt","id":"jkpkd91ajaijo96"},"id":"ff1s08j2ibf6an4","previousOperationId":"h1fvml66tfzlr12"}
{"type":"operationEnd","operationId":"h1fvml66tfzlr12","timestamp":1764941808619,"id":"w1kcm8n843lslkt","previousEventId":"flbtbwo2zwjdmtu","previousOperationId":"h1fvml66tfzlr12"}
{"type":"operationStart","subtype":"recipe","name":"html","timestamp":1764941808621,"id":"ud012ls7fgudke3","previousEventId":"w1kcm8n843lslkt","operationId":"03p3czk4jx5vp31","previousOperationId":"h1fvml66tfzlr12"}
{"type":"log","timestamp":1764941808621,"level":"debug","message":"Executing recipe html","meta":{"rootId":"kyg3bhvmlilrxrt","id":"jkpkd91ajaijo96"},"id":"xuyt5qyet2nau8l","previousOperationId":"03p3czk4jx5vp31"}
{"type":"operationEnd","operationId":"03p3czk4jx5vp31","timestamp":1764941808622,"id":"8rpzhusap44fys4","previousEventId":"ud012ls7fgudke3","previousOperationId":"03p3czk4jx5vp31"}
{"type":"log","timestamp":1764941808622,"level":"debug","message":"Skipping storing report.","meta":{"rootId":"kyg3bhvmlilrxrt","id":"jkpkd91ajaijo96"},"id":"dmoh8q3665opeib","previousOperationId":"03p3czk4jx5vp31"}
{"type":"log","timestamp":1764941808622,"level":"info","message":"Rendering (child) request finished in 185 ms","meta":{"rootId":"kyg3bhvmlilrxrt","id":"jkpkd91ajaijo96"},"id":"y0ckcs86ia5cign","previousOperationId":"03p3czk4jx5vp31"}
{"type":"operationEnd","subtype":"render","operationId":"fdirijzasw5055z","timestamp":1764941808622,"id":"c092nz2jcrmvmo9","previousEventId":"8rpzhusap44fys4","previousOperationId":"03p3czk4jx5vp31"}
{"type":"log","timestamp":1764941809243,"level":"debug","message":"pptx successfully zipped","meta":{"rootId":"kyg3bhvmlilrxrt","id":"kyg3bhvmlilrxrt"},"id":"pwjq0rjgixtfxpv","previousOperationId":"gjomdmdbiawr6fs"}
{"type":"log","timestamp":1764941809243,"level":"info","message":"pptx generation was finished","meta":{"rootId":"kyg3bhvmlilrxrt","id":"kyg3bhvmlilrxrt"},"id":"wu886giik86u3gr","previousOperationId":"gjomdmdbiawr6fs"}
{"type":"operationEnd","operationId":"gjomdmdbiawr6fs","timestamp":1764941809246,"id":"xbdsdp27wun0b77","previousEventId":"k9yn5c369yph8tf","previousOperationId":"gjomdmdbiawr6fs"}
{"type":"log","timestamp":1764941809246,"level":"debug","message":"Skipping storing report.","meta":{"rootId":"kyg3bhvmlilrxrt","id":"kyg3bhvmlilrxrt"},"id":"201bbbajxo29liu","previousOperationId":"gjomdmdbiawr6fs"}
{"type":"log","timestamp":1764941809246,"level":"info","message":"Rendering request 11 finished in 809 ms","meta":{"rootId":"kyg3bhvmlilrxrt","id":"kyg3bhvmlilrxrt"},"id":"i8vii1nw3c2nnv7","previousOperationId":"gjomdmdbiawr6fs"}
{"type":"operationEnd","subtype":"render","operationId":"8r92bjh7ikr0lkj","timestamp":1764941809246,"id":"0wtlqoj5p3s1t4d","previousEventId":"xbdsdp27wun0b77","previousOperationId":"gjomdmdbiawr6fs"}
{"type":"operationEnd","doDiffs":false,"previousEventId":"xpydbtf7hses3fd","previousOperationId":"77enma14jsj7crv","operationId":"77enma14jsj7crv","timestamp":1764941809249,"id":"rgz4ruoju5dm2tp"}
