{"type":"operationStart","subtype":"profile","data":{"_id":"271FU6vNRX0RacHZ","timestamp":"2025-12-05T17:25:39.154Z","state":"running","mode":"standard","creationDate":"2025-12-05T17:25:39.159Z","modificationDate":"2025-12-05T17:25:39.159Z","shortid":"-jgs67C","$entitySet":"profiles","timeout":60000},"doDiffs":false,"timestamp":1764955539156,"id":"m08aor9ay42rwl6","previousOperationId":null,"operationId":"ro92xhe5e4l9k5d"}
{"type":"log","level":"info","message":"Render request 12 queued for execution and waiting for available worker","previousOperationId":"ro92xhe5e4l9k5d","timestamp":1764955539156,"id":"9cuq1an5odtyf36"}
{"type":"operationStart","subtype":"render","name":"anonymous","previousOperationId":"ro92xhe5e4l9k5d","timestamp":1764955539175,"id":"zcqt53we6ebhrc7","previousEventId":"m08aor9ay42rwl6","operationId":"qdp6cxsmnhbhip6"}
{"type":"log","timestamp":1764955539176,"level":"info","message":"Starting rendering request 12","meta":{"rootId":"lwcriq8bwwjja9m","id":"lwcriq8bwwjja9m"},"id":"od03w97uoyw7lo7","previousOperationId":"qdp6cxsmnhbhip6"}
{"type":"log","timestamp":1764955539176,"level":"info","message":"Rendering anonymous template { recipe: pptx, engine: handlebars }","meta":{"rootId":"lwcriq8bwwjja9m","id":"lwcriq8bwwjja9m"},"id":"92i0iv9qwnkurpw","previousOperationId":"qdp6cxsmnhbhip6"}
{"type":"log","timestamp":1764955539176,"level":"debug","message":"Inline data specified.","meta":{"rootId":"lwcriq8bwwjja9m","id":"lwcriq8bwwjja9m"},"id":"92xxonpuaf80080","previousOperationId":"qdp6cxsmnhbhip6"}
{"type":"log","timestamp":1764955539179,"level":"debug","message":"Base url not specified, skipping its injection.","meta":{"rootId":"lwcriq8bwwjja9m","id":"lwcriq8bwwjja9m"},"id":"4ozctg0awarj66d","previousOperationId":"qdp6cxsmnhbhip6"}
{"type":"operationStart","subtype":"engine","name":"handlebars","timestamp":1764955539179,"id":"i0czs3wynzp4wl0","previousEventId":"zcqt53we6ebhrc7","operationId":"86tp935lvpqyn0n","previousOperationId":"qdp6cxsmnhbhip6"}
{"type":"log","timestamp":1764955539179,"level":"debug","message":"Rendering engine handlebars","meta":{"rootId":"lwcriq8bwwjja9m","id":"lwcriq8bwwjja9m"},"id":"h2uhomuxuxsl01l","previousOperationId":"86tp935lvpqyn0n"}
{"type":"operationEnd","operationId":"86tp935lvpqyn0n","timestamp":1764955539197,"id":"m9y6dc0n3a46z5a","previousEventId":"i0czs3wynzp4wl0","previousOperationId":"86tp935lvpqyn0n"}
{"type":"operationStart","subtype":"recipe","name":"pptx","timestamp":1764955539198,"id":"ywo633o1gjfaqq9","previousEventId":"m9y6dc0n3a46z5a","operationId":"47eff1dmm4m8611","previousOperationId":"86tp935lvpqyn0n"}
{"type":"log","timestamp":1764955539198,"level":"debug","message":"Executing recipe pptx","meta":{"rootId":"lwcriq8bwwjja9m","id":"lwcriq8bwwjja9m"},"id":"a2dn2r8mp4l2r2w","previousOperationId":"47eff1dmm4m8611"}
{"type":"log","timestamp":1764955539199,"level":"info","message":"pptx generation is starting","meta":{"rootId":"lwcriq8bwwjja9m","id":"lwcriq8bwwjja9m"},"id":"cvh1o1zf72nk4q9","previousOperationId":"47eff1dmm4m8611"}
{"type":"log","timestamp":1764955539301,"level":"debug","message":"Starting child request to render pptx dynamic parts","meta":{"rootId":"lwcriq8bwwjja9m","id":"lwcriq8bwwjja9m"},"id":"5aoiguzsnkux208","previousOperationId":"47eff1dmm4m8611"}
{"type":"operationStart","subtype":"render","name":"anonymous","previousOperationId":"47eff1dmm4m8611","timestamp":1764955539301,"id":"m4p1tmdqakwmqdh","previousEventId":"ywo633o1gjfaqq9","operationId":"vo1f0vr7xa4wzq3"}
{"type":"log","timestamp":1764955539301,"level":"info","message":"Starting rendering (child) request","meta":{"rootId":"lwcriq8bwwjja9m","id":"1l7lcf54fnb5ef3"},"id":"a5r3v0bobbyaca2","previousOperationId":"vo1f0vr7xa4wzq3"}
{"type":"log","timestamp":1764955539302,"level":"info","message":"Rendering anonymous template { recipe: html, engine: handlebars }","meta":{"rootId":"lwcriq8bwwjja9m","id":"1l7lcf54fnb5ef3"},"id":"rr60z43eodwenuj","previousOperationId":"vo1f0vr7xa4wzq3"}
{"type":"log","timestamp":1764955539302,"level":"debug","message":"Inline data specified.","meta":{"rootId":"lwcriq8bwwjja9m","id":"1l7lcf54fnb5ef3"},"id":"ldh1661v7hmq1pi","previousOperationId":"vo1f0vr7xa4wzq3"}
{"type":"log","timestamp":1764955539308,"level":"debug","message":"Base url not specified, skipping its injection.","meta":{"rootId":"lwcriq8bwwjja9m","id":"1l7lcf54fnb5ef3"},"id":"szvbb2mt9db25yp","previousOperationId":"vo1f0vr7xa4wzq3"}
{"type":"operationStart","subtype":"engine","name":"handlebars","timestamp":1764955539309,"id":"3zgr3mtlq3m4idz","previousEventId":"m4p1tmdqakwmqdh","operationId":"bzs9ou44e1bhpc2","previousOperationId":"vo1f0vr7xa4wzq3"}
{"type":"log","timestamp":1764955539309,"level":"debug","message":"Rendering engine handlebars","meta":{"rootId":"lwcriq8bwwjja9m","id":"1l7lcf54fnb5ef3"},"id":"rl8yhi6m4mh32nu","previousOperationId":"bzs9ou44e1bhpc2"}
{"type":"operationEnd","operationId":"bzs9ou44e1bhpc2","timestamp":1764955539318,"id":"7iz01f2o0pcu4l6","previousEventId":"3zgr3mtlq3m4idz","previousOperationId":"bzs9ou44e1bhpc2"}
{"type":"operationStart","subtype":"recipe","name":"html","timestamp":1764955539318,"id":"0bmxl2ckt14ipj5","previousEventId":"7iz01f2o0pcu4l6","operationId":"oc0mkapgsnbpjsm","previousOperationId":"bzs9ou44e1bhpc2"}
{"type":"log","timestamp":1764955539318,"level":"debug","message":"Executing recipe html","meta":{"rootId":"lwcriq8bwwjja9m","id":"1l7lcf54fnb5ef3"},"id":"grcv43nt8gelcj5","previousOperationId":"oc0mkapgsnbpjsm"}
{"type":"operationEnd","operationId":"oc0mkapgsnbpjsm","timestamp":1764955539318,"id":"o7ryxhc2cgjpc3k","previousEventId":"0bmxl2ckt14ipj5","previousOperationId":"oc0mkapgsnbpjsm"}
{"type":"log","timestamp":1764955539318,"level":"debug","message":"Skipping storing report.","meta":{"rootId":"lwcriq8bwwjja9m","id":"1l7lcf54fnb5ef3"},"id":"3xd9yglup1xxnzg","previousOperationId":"oc0mkapgsnbpjsm"}
{"type":"log","timestamp":1764955539318,"level":"info","message":"Rendering (child) request finished in 164 ms","meta":{"rootId":"lwcriq8bwwjja9m","id":"1l7lcf54fnb5ef3"},"id":"0gggkj1jdth5zwh","previousOperationId":"oc0mkapgsnbpjsm"}
{"type":"operationEnd","subtype":"render","operationId":"vo1f0vr7xa4wzq3","timestamp":1764955539318,"id":"j1r39b3msonacjh","previousEventId":"o7ryxhc2cgjpc3k","previousOperationId":"oc0mkapgsnbpjsm"}
{"type":"log","timestamp":1764955539428,"level":"debug","message":"pptx successfully zipped","meta":{"rootId":"lwcriq8bwwjja9m","id":"lwcriq8bwwjja9m"},"id":"ro7prpg3n8skuc3","previousOperationId":"47eff1dmm4m8611"}
{"type":"log","timestamp":1764955539428,"level":"info","message":"pptx generation was finished","meta":{"rootId":"lwcriq8bwwjja9m","id":"lwcriq8bwwjja9m"},"id":"cavxdc3zxt9glj5","previousOperationId":"47eff1dmm4m8611"}
{"type":"operationEnd","operationId":"47eff1dmm4m8611","timestamp":1764955539431,"id":"la37si9u1hszzte","previousEventId":"ywo633o1gjfaqq9","previousOperationId":"47eff1dmm4m8611"}
{"type":"log","timestamp":1764955539431,"level":"debug","message":"Skipping storing report.","meta":{"rootId":"lwcriq8bwwjja9m","id":"lwcriq8bwwjja9m"},"id":"95e8vcbfwcyswmt","previousOperationId":"47eff1dmm4m8611"}
{"type":"log","timestamp":1764955539431,"level":"info","message":"Rendering request 12 finished in 277 ms","meta":{"rootId":"lwcriq8bwwjja9m","id":"lwcriq8bwwjja9m"},"id":"j3non5w20y2bn3z","previousOperationId":"47eff1dmm4m8611"}
{"type":"operationEnd","subtype":"render","operationId":"qdp6cxsmnhbhip6","timestamp":1764955539431,"id":"pel338igb4u2k1n","previousEventId":"la37si9u1hszzte","previousOperationId":"47eff1dmm4m8611"}
{"type":"operationEnd","doDiffs":false,"previousEventId":"m08aor9ay42rwl6","previousOperationId":"ro92xhe5e4l9k5d","operationId":"ro92xhe5e4l9k5d","timestamp":1764955539436,"id":"y7yzqzzyv7hkb7l"}
