{"type":"operationStart","subtype":"profile","data":{"_id":"i8UzJvP3UlWAlsKA","timestamp":"2025-12-07T11:53:36.146Z","state":"running","mode":"standard","creationDate":"2025-12-07T11:53:36.152Z","modificationDate":"2025-12-07T11:53:36.152Z","shortid":"G3KEDKG","$entitySet":"profiles","timeout":60000},"doDiffs":false,"timestamp":1765108416150,"id":"p8hvwevy2zkgjkh","previousOperationId":null,"operationId":"vblmq9tlccsy62j"}
{"type":"log","level":"info","message":"Render request 17 queued for execution and waiting for available worker","previousOperationId":"vblmq9tlccsy62j","timestamp":1765108416150,"id":"bfypchhn51ekxj5"}
{"type":"operationStart","subtype":"render","name":"anonymous","previousOperationId":"vblmq9tlccsy62j","timestamp":1765108416228,"id":"idufgiih6f7yrty","previousEventId":"p8hvwevy2zkgjkh","operationId":"d71jnms5e7h7t1y"}
{"type":"log","timestamp":1765108416229,"level":"info","message":"Starting rendering request 17","meta":{"rootId":"m3kfle1du5u8hce","id":"m3kfle1du5u8hce"},"id":"um60fnwi42udgrm","previousOperationId":"d71jnms5e7h7t1y"}
{"type":"log","timestamp":1765108416229,"level":"info","message":"Rendering anonymous template { recipe: pptx, engine: handlebars }","meta":{"rootId":"m3kfle1du5u8hce","id":"m3kfle1du5u8hce"},"id":"zwtxr5bi7n2pv4r","previousOperationId":"d71jnms5e7h7t1y"}
{"type":"log","timestamp":1765108416229,"level":"debug","message":"Inline data specified.","meta":{"rootId":"m3kfle1du5u8hce","id":"m3kfle1du5u8hce"},"id":"azs6xfs0omjhrx7","previousOperationId":"d71jnms5e7h7t1y"}
{"type":"log","timestamp":1765108416233,"level":"debug","message":"Base url not specified, skipping its injection.","meta":{"rootId":"m3kfle1du5u8hce","id":"m3kfle1du5u8hce"},"id":"5qftijrj3eusmny","previousOperationId":"d71jnms5e7h7t1y"}
{"type":"operationStart","subtype":"engine","name":"handlebars","timestamp":1765108416233,"id":"au1kbnd6sagsip5","previousEventId":"idufgiih6f7yrty","operationId":"1h77o6ozzxqqhh2","previousOperationId":"d71jnms5e7h7t1y"}
{"type":"log","timestamp":1765108416234,"level":"debug","message":"Rendering engine handlebars","meta":{"rootId":"m3kfle1du5u8hce","id":"m3kfle1du5u8hce"},"id":"wbg8udjdolffx5p","previousOperationId":"1h77o6ozzxqqhh2"}
{"type":"operationEnd","operationId":"1h77o6ozzxqqhh2","timestamp":1765108416254,"id":"racarurkvr8zwvw","previousEventId":"au1kbnd6sagsip5","previousOperationId":"1h77o6ozzxqqhh2"}
{"type":"operationStart","subtype":"recipe","name":"pptx","timestamp":1765108416254,"id":"op98xw8q50m4xnk","previousEventId":"racarurkvr8zwvw","operationId":"xsy6ym67qvrocv8","previousOperationId":"1h77o6ozzxqqhh2"}
{"type":"log","timestamp":1765108416254,"level":"debug","message":"Executing recipe pptx","meta":{"rootId":"m3kfle1du5u8hce","id":"m3kfle1du5u8hce"},"id":"ehp6oyg7h4yph1a","previousOperationId":"xsy6ym67qvrocv8"}
{"type":"log","timestamp":1765108416288,"level":"info","message":"pptx generation is starting","meta":{"rootId":"m3kfle1du5u8hce","id":"m3kfle1du5u8hce"},"id":"ghnu8ggdoyvw0fw","previousOperationId":"xsy6ym67qvrocv8"}
{"type":"log","timestamp":1765108418038,"level":"debug","message":"Starting child request to render pptx dynamic parts","meta":{"rootId":"m3kfle1du5u8hce","id":"m3kfle1du5u8hce"},"id":"0tdos6s07vl9md3","previousOperationId":"xsy6ym67qvrocv8"}
{"type":"operationStart","subtype":"render","name":"anonymous","previousOperationId":"xsy6ym67qvrocv8","timestamp":1765108418039,"id":"iv0brrqmpyxe5an","previousEventId":"op98xw8q50m4xnk","operationId":"98r4xebkwg8f2oq"}
{"type":"log","timestamp":1765108418039,"level":"info","message":"Starting rendering (child) request","meta":{"rootId":"m3kfle1du5u8hce","id":"924v0ocqjejiqmh"},"id":"s91ipw2e7ix9un4","previousOperationId":"98r4xebkwg8f2oq"}
{"type":"log","timestamp":1765108418039,"level":"info","message":"Rendering anonymous template { recipe: html, engine: handlebars }","meta":{"rootId":"m3kfle1du5u8hce","id":"924v0ocqjejiqmh"},"id":"5btucj3u1ajg196","previousOperationId":"98r4xebkwg8f2oq"}
{"type":"log","timestamp":1765108418039,"level":"debug","message":"Inline data specified.","meta":{"rootId":"m3kfle1du5u8hce","id":"924v0ocqjejiqmh"},"id":"0ixir014clbqb7q","previousOperationId":"98r4xebkwg8f2oq"}
{"type":"log","timestamp":1765108418047,"level":"debug","message":"Base url not specified, skipping its injection.","meta":{"rootId":"m3kfle1du5u8hce","id":"924v0ocqjejiqmh"},"id":"gh4po34j34vvqah","previousOperationId":"98r4xebkwg8f2oq"}
{"type":"operationStart","subtype":"engine","name":"handlebars","timestamp":1765108418049,"id":"8v0s6331v2b7zv2","previousEventId":"iv0brrqmpyxe5an","operationId":"ts98v7ofakhm3os","previousOperationId":"98r4xebkwg8f2oq"}
{"type":"log","timestamp":1765108418049,"level":"debug","message":"Rendering engine handlebars","meta":{"rootId":"m3kfle1du5u8hce","id":"924v0ocqjejiqmh"},"id":"a95sudwe72bre9c","previousOperationId":"ts98v7ofakhm3os"}
{"type":"operationEnd","operationId":"ts98v7ofakhm3os","timestamp":1765108418156,"id":"0ukvfnfn967chix","previousEventId":"8v0s6331v2b7zv2","previousOperationId":"ts98v7ofakhm3os"}
{"type":"operationStart","subtype":"recipe","name":"html","timestamp":1765108418171,"id":"3iorzm11w81a34v","previousEventId":"0ukvfnfn967chix","operationId":"oxreo096dibkaz3","previousOperationId":"ts98v7ofakhm3os"}
{"type":"log","timestamp":1765108418171,"level":"debug","message":"Executing recipe html","meta":{"rootId":"m3kfle1du5u8hce","id":"924v0ocqjejiqmh"},"id":"k4k79q47cqq3pov","previousOperationId":"oxreo096dibkaz3"}
{"type":"operationEnd","operationId":"oxreo096dibkaz3","timestamp":1765108418171,"id":"3tzhsaytc02c5q5","previousEventId":"3iorzm11w81a34v","previousOperationId":"oxreo096dibkaz3"}
{"type":"log","timestamp":1765108418171,"level":"debug","message":"Skipping storing report.","meta":{"rootId":"m3kfle1du5u8hce","id":"924v0ocqjejiqmh"},"id":"b70g4csmlrxsziu","previousOperationId":"oxreo096dibkaz3"}
{"type":"log","timestamp":1765108418171,"level":"info","message":"Rendering (child) request finished in 2026 ms","meta":{"rootId":"m3kfle1du5u8hce","id":"924v0ocqjejiqmh"},"id":"n4buiwb1vmuqaah","previousOperationId":"oxreo096dibkaz3"}
{"type":"operationEnd","subtype":"render","operationId":"98r4xebkwg8f2oq","timestamp":1765108418171,"id":"7cij6qqbdeq6tj3","previousEventId":"3tzhsaytc02c5q5","previousOperationId":"oxreo096dibkaz3"}
{"type":"log","timestamp":1765108426890,"level":"debug","message":"pptx successfully zipped","meta":{"rootId":"m3kfle1du5u8hce","id":"m3kfle1du5u8hce"},"id":"yp0eq05tum1z63v","previousOperationId":"xsy6ym67qvrocv8"}
{"type":"log","timestamp":1765108426890,"level":"info","message":"pptx generation was finished","meta":{"rootId":"m3kfle1du5u8hce","id":"m3kfle1du5u8hce"},"id":"7r3npjytga6d04n","previousOperationId":"xsy6ym67qvrocv8"}
{"type":"operationEnd","operationId":"xsy6ym67qvrocv8","timestamp":1765108426900,"id":"7r8762sswgya6lf","previousEventId":"op98xw8q50m4xnk","previousOperationId":"xsy6ym67qvrocv8"}
{"type":"log","timestamp":1765108426900,"level":"debug","message":"Skipping storing report.","meta":{"rootId":"m3kfle1du5u8hce","id":"m3kfle1du5u8hce"},"id":"6j1tbxhhbejqubb","previousOperationId":"xsy6ym67qvrocv8"}
{"type":"log","timestamp":1765108426900,"level":"info","message":"Rendering request 17 finished in 10755 ms","meta":{"rootId":"m3kfle1du5u8hce","id":"m3kfle1du5u8hce"},"id":"ji7jee3tj36r39r","previousOperationId":"xsy6ym67qvrocv8"}
{"type":"operationEnd","subtype":"render","operationId":"d71jnms5e7h7t1y","timestamp":1765108426900,"id":"dfh1odex8bdgaqg","previousEventId":"7r8762sswgya6lf","previousOperationId":"xsy6ym67qvrocv8"}
{"type":"operationEnd","doDiffs":false,"previousEventId":"p8hvwevy2zkgjkh","previousOperationId":"vblmq9tlccsy62j","operationId":"vblmq9tlccsy62j","timestamp":1765108426905,"id":"ylu2rm6mbr26djr"}
