{"type":"operationStart","subtype":"profile","data":{"_id":"Koiu8FJxHQh4G3vy","timestamp":"2025-12-04T22:49:51.122Z","state":"running","mode":"standard","creationDate":"2025-12-04T22:49:51.133Z","modificationDate":"2025-12-04T22:49:51.133Z","shortid":"S04rVuO","$entitySet":"profiles","timeout":60000},"doDiffs":false,"timestamp":1764888591125,"id":"m26h57mtp4piox2","previousOperationId":null,"operationId":"38g8p10tavy8npp"}
{"type":"log","level":"info","message":"Render request 1 queued for execution and waiting for available worker","previousOperationId":"38g8p10tavy8npp","timestamp":1764888591125,"id":"wr99u8dfyllyns4"}
{"type":"operationStart","subtype":"render","name":"anonymous","previousOperationId":"38g8p10tavy8npp","timestamp":1764888591166,"id":"nbbn2c7fhg2unn9","previousEventId":"m26h57mtp4piox2","operationId":"jjgpjhop432kbe7"}
{"type":"log","timestamp":1764888591169,"level":"info","message":"Starting rendering request 1","meta":{"rootId":"m3q9w0735r3ryx5","id":"m3q9w0735r3ryx5"},"id":"lcgjfdprz8ujc0l","previousOperationId":"jjgpjhop432kbe7"}
{"type":"log","timestamp":1764888591170,"level":"info","message":"Rendering anonymous template { recipe: pptx, engine: handlebars }","meta":{"rootId":"m3q9w0735r3ryx5","id":"m3q9w0735r3ryx5"},"id":"b44yfx8rg5h57ar","previousOperationId":"jjgpjhop432kbe7"}
{"type":"log","timestamp":1764888591171,"level":"debug","message":"Inline data specified.","meta":{"rootId":"m3q9w0735r3ryx5","id":"m3q9w0735r3ryx5"},"id":"q6vn2yle64yqd5i","previousOperationId":"jjgpjhop432kbe7"}
{"type":"log","timestamp":1764888591179,"level":"debug","message":"Base url not specified, skipping its injection.","meta":{"rootId":"m3q9w0735r3ryx5","id":"m3q9w0735r3ryx5"},"id":"9ijf7uy1pn40v7j","previousOperationId":"jjgpjhop432kbe7"}
{"type":"operationStart","subtype":"engine","name":"handlebars","timestamp":1764888591182,"id":"mj8grltxpje3foy","previousEventId":"nbbn2c7fhg2unn9","operationId":"m4ob2qc1wvur8c3","previousOperationId":"jjgpjhop432kbe7"}
{"type":"log","timestamp":1764888591182,"level":"debug","message":"Rendering engine handlebars","meta":{"rootId":"m3q9w0735r3ryx5","id":"m3q9w0735r3ryx5"},"id":"j349ymlvj2ygwws","previousOperationId":"m4ob2qc1wvur8c3"}
{"type":"operationEnd","operationId":"m4ob2qc1wvur8c3","timestamp":1764888592086,"id":"9yjboa41a60vwdd","previousEventId":"mj8grltxpje3foy","previousOperationId":"m4ob2qc1wvur8c3"}
{"type":"operationStart","subtype":"recipe","name":"pptx","timestamp":1764888592087,"id":"i7dz1x8w8at2o7k","previousEventId":"9yjboa41a60vwdd","operationId":"xwpfc0p4klaza13","previousOperationId":"m4ob2qc1wvur8c3"}
{"type":"log","timestamp":1764888592088,"level":"debug","message":"Executing recipe pptx","meta":{"rootId":"m3q9w0735r3ryx5","id":"m3q9w0735r3ryx5"},"id":"x4wfi5oaz8s1i8c","previousOperationId":"xwpfc0p4klaza13"}
{"type":"log","timestamp":1764888592241,"level":"info","message":"pptx generation is starting","meta":{"rootId":"m3q9w0735r3ryx5","id":"m3q9w0735r3ryx5"},"id":"keljykheiw8ml1t","previousOperationId":"xwpfc0p4klaza13"}
{"type":"log","timestamp":1764888592419,"level":"debug","message":"Starting child request to render pptx dynamic parts","meta":{"rootId":"m3q9w0735r3ryx5","id":"m3q9w0735r3ryx5"},"id":"ze2jedyvqf46ljo","previousOperationId":"xwpfc0p4klaza13"}
{"type":"operationStart","subtype":"render","name":"anonymous","previousOperationId":"xwpfc0p4klaza13","timestamp":1764888592420,"id":"l0imkzwkonj4kv1","previousEventId":"i7dz1x8w8at2o7k","operationId":"09ft98hmegvgzji"}
{"type":"log","timestamp":1764888592420,"level":"info","message":"Starting rendering (child) request","meta":{"rootId":"m3q9w0735r3ryx5","id":"uw8dfubgh3w0h30"},"id":"jj00qluegl511cd","previousOperationId":"09ft98hmegvgzji"}
{"type":"log","timestamp":1764888592420,"level":"info","message":"Rendering anonymous template { recipe: html, engine: handlebars }","meta":{"rootId":"m3q9w0735r3ryx5","id":"uw8dfubgh3w0h30"},"id":"kt14g7f9hqa4suc","previousOperationId":"09ft98hmegvgzji"}
{"type":"log","timestamp":1764888592420,"level":"debug","message":"Inline data specified.","meta":{"rootId":"m3q9w0735r3ryx5","id":"uw8dfubgh3w0h30"},"id":"7rb0libgdf62g6o","previousOperationId":"09ft98hmegvgzji"}
{"type":"log","timestamp":1764888592424,"level":"debug","message":"Base url not specified, skipping its injection.","meta":{"rootId":"m3q9w0735r3ryx5","id":"uw8dfubgh3w0h30"},"id":"raob7fxu2fv80gq","previousOperationId":"09ft98hmegvgzji"}
{"type":"operationStart","subtype":"engine","name":"handlebars","timestamp":1764888592425,"id":"ezfmwygt3vie8bz","previousEventId":"l0imkzwkonj4kv1","operationId":"ewra9knh91egu77","previousOperationId":"09ft98hmegvgzji"}
{"type":"log","timestamp":1764888592425,"level":"debug","message":"Rendering engine handlebars","meta":{"rootId":"m3q9w0735r3ryx5","id":"uw8dfubgh3w0h30"},"id":"9f9et2sam0psmzu","previousOperationId":"ewra9knh91egu77"}
{"type":"operationEnd","operationId":"ewra9knh91egu77","timestamp":1764888592466,"id":"mgg1znpc3a2hebg","previousEventId":"ezfmwygt3vie8bz","previousOperationId":"ewra9knh91egu77"}
{"type":"operationStart","subtype":"recipe","name":"html","timestamp":1764888592469,"id":"vys53c86yrxcjrc","previousEventId":"mgg1znpc3a2hebg","operationId":"ersarprcfawymr9","previousOperationId":"ewra9knh91egu77"}
{"type":"log","timestamp":1764888592469,"level":"debug","message":"Executing recipe html","meta":{"rootId":"m3q9w0735r3ryx5","id":"uw8dfubgh3w0h30"},"id":"1vff94r4q76l14g","previousOperationId":"ersarprcfawymr9"}
{"type":"operationEnd","operationId":"ersarprcfawymr9","timestamp":1764888592469,"id":"0qnkjv7f3fn9pwp","previousEventId":"vys53c86yrxcjrc","previousOperationId":"ersarprcfawymr9"}
{"type":"log","timestamp":1764888592470,"level":"debug","message":"Skipping storing report.","meta":{"rootId":"m3q9w0735r3ryx5","id":"uw8dfubgh3w0h30"},"id":"22ongm40ukjm1wq","previousOperationId":"ersarprcfawymr9"}
{"type":"log","timestamp":1764888592470,"level":"info","message":"Rendering (child) request finished in 1349 ms","meta":{"rootId":"m3q9w0735r3ryx5","id":"uw8dfubgh3w0h30"},"id":"wjfm8ctmnohomho","previousOperationId":"ersarprcfawymr9"}
{"type":"operationEnd","subtype":"render","operationId":"09ft98hmegvgzji","timestamp":1764888592471,"id":"1fn1ka4u4aic8pv","previousEventId":"0qnkjv7f3fn9pwp","previousOperationId":"ersarprcfawymr9"}
{"type":"log","timestamp":1764888592992,"level":"debug","message":"pptx successfully zipped","meta":{"rootId":"m3q9w0735r3ryx5","id":"m3q9w0735r3ryx5"},"id":"mxjlg106cyltfng","previousOperationId":"xwpfc0p4klaza13"}
{"type":"log","timestamp":1764888592992,"level":"info","message":"pptx generation was finished","meta":{"rootId":"m3q9w0735r3ryx5","id":"m3q9w0735r3ryx5"},"id":"yze1pwmwazp7tw4","previousOperationId":"xwpfc0p4klaza13"}
{"type":"operationEnd","operationId":"xwpfc0p4klaza13","timestamp":1764888592999,"id":"ue6ek918tj7x43m","previousEventId":"i7dz1x8w8at2o7k","previousOperationId":"xwpfc0p4klaza13"}
{"type":"log","timestamp":1764888592999,"level":"debug","message":"Skipping storing report.","meta":{"rootId":"m3q9w0735r3ryx5","id":"m3q9w0735r3ryx5"},"id":"sixmt7yk5ohqxj8","previousOperationId":"xwpfc0p4klaza13"}
{"type":"log","timestamp":1764888593000,"level":"info","message":"Rendering request 1 finished in 1879 ms","meta":{"rootId":"m3q9w0735r3ryx5","id":"m3q9w0735r3ryx5"},"id":"mk54wyfujipw5pg","previousOperationId":"xwpfc0p4klaza13"}
{"type":"operationEnd","subtype":"render","operationId":"jjgpjhop432kbe7","timestamp":1764888593000,"id":"4lvg4pw1a0j3e76","previousEventId":"ue6ek918tj7x43m","previousOperationId":"xwpfc0p4klaza13"}
{"type":"operationEnd","doDiffs":false,"previousEventId":"m26h57mtp4piox2","previousOperationId":"38g8p10tavy8npp","operationId":"38g8p10tavy8npp","timestamp":1764888593004,"id":"8lugo0lioe330o9"}
