{"type":"operationStart","subtype":"profile","data":{"_id":"XdK8RNezkc3HwOQx","timestamp":"2025-12-06T11:05:49.430Z","state":"running","mode":"standard","creationDate":"2025-12-06T11:05:49.439Z","modificationDate":"2025-12-06T11:05:49.439Z","shortid":"3bLjtLM","$entitySet":"profiles","timeout":60000},"doDiffs":false,"timestamp":1765019149436,"id":"7mj8ipeu5ok6vt3","previousOperationId":null,"operationId":"beyigodbqb0m1ih"}
{"type":"log","level":"info","message":"Render request 1 queued for execution and waiting for available worker","previousOperationId":"beyigodbqb0m1ih","timestamp":1765019149437,"id":"542ixd2bmnom2fo"}
{"type":"operationStart","subtype":"render","name":"anonymous","previousOperationId":"beyigodbqb0m1ih","timestamp":1765019149481,"id":"576ig8vq7xpceda","previousEventId":"7mj8ipeu5ok6vt3","operationId":"acpsu0fdcpil76a"}
{"type":"log","timestamp":1765019149483,"level":"info","message":"Starting rendering request 1","meta":{"rootId":"m6bhpzuvo4nzck5","id":"m6bhpzuvo4nzck5"},"id":"b5o21lnjyf4ya22","previousOperationId":"acpsu0fdcpil76a"}
{"type":"log","timestamp":1765019149486,"level":"info","message":"Rendering anonymous template { recipe: pptx, engine: handlebars }","meta":{"rootId":"m6bhpzuvo4nzck5","id":"m6bhpzuvo4nzck5"},"id":"e1dgwi2ywou1e50","previousOperationId":"acpsu0fdcpil76a"}
{"type":"log","timestamp":1765019149486,"level":"debug","message":"Inline data specified.","meta":{"rootId":"m6bhpzuvo4nzck5","id":"m6bhpzuvo4nzck5"},"id":"xwwyk9ayotrpvyb","previousOperationId":"acpsu0fdcpil76a"}
{"type":"log","timestamp":1765019149495,"level":"debug","message":"Base url not specified, skipping its injection.","meta":{"rootId":"m6bhpzuvo4nzck5","id":"m6bhpzuvo4nzck5"},"id":"nbfsf7bso9l9hr3","previousOperationId":"acpsu0fdcpil76a"}
{"type":"operationStart","subtype":"engine","name":"handlebars","timestamp":1765019149498,"id":"bt6hsxfhleku151","previousEventId":"576ig8vq7xpceda","operationId":"jeypvfmuek5666l","previousOperationId":"acpsu0fdcpil76a"}
{"type":"log","timestamp":1765019149498,"level":"debug","message":"Rendering engine handlebars","meta":{"rootId":"m6bhpzuvo4nzck5","id":"m6bhpzuvo4nzck5"},"id":"qm6o1ejzc9cg75s","previousOperationId":"jeypvfmuek5666l"}
{"type":"operationEnd","operationId":"jeypvfmuek5666l","timestamp":1765019150354,"id":"dr7k776ehek97xf","previousEventId":"bt6hsxfhleku151","previousOperationId":"jeypvfmuek5666l"}
{"type":"operationStart","subtype":"recipe","name":"pptx","timestamp":1765019150355,"id":"axbqcdy9507kjog","previousEventId":"dr7k776ehek97xf","operationId":"2edyo1q1bgr9kg8","previousOperationId":"jeypvfmuek5666l"}
{"type":"log","timestamp":1765019150355,"level":"debug","message":"Executing recipe pptx","meta":{"rootId":"m6bhpzuvo4nzck5","id":"m6bhpzuvo4nzck5"},"id":"hxizo97ysp7x50u","previousOperationId":"2edyo1q1bgr9kg8"}
{"type":"log","timestamp":1765019150508,"level":"info","message":"pptx generation is starting","meta":{"rootId":"m6bhpzuvo4nzck5","id":"m6bhpzuvo4nzck5"},"id":"6ilpnrpfo76e0b3","previousOperationId":"2edyo1q1bgr9kg8"}
{"type":"log","timestamp":1765019150639,"level":"debug","message":"Starting child request to render pptx dynamic parts","meta":{"rootId":"m6bhpzuvo4nzck5","id":"m6bhpzuvo4nzck5"},"id":"v1i9yikfsykasl3","previousOperationId":"2edyo1q1bgr9kg8"}
{"type":"operationStart","subtype":"render","name":"anonymous","previousOperationId":"2edyo1q1bgr9kg8","timestamp":1765019150640,"id":"qf0uvxqlaq81cpf","previousEventId":"axbqcdy9507kjog","operationId":"95y9vnb5u8igpok"}
{"type":"log","timestamp":1765019150640,"level":"info","message":"Starting rendering (child) request","meta":{"rootId":"m6bhpzuvo4nzck5","id":"itp9bjomi66qhc4"},"id":"5bcapt6vu6kdqn3","previousOperationId":"95y9vnb5u8igpok"}
{"type":"log","timestamp":1765019150640,"level":"info","message":"Rendering anonymous template { recipe: html, engine: handlebars }","meta":{"rootId":"m6bhpzuvo4nzck5","id":"itp9bjomi66qhc4"},"id":"ocz54ee9hkolf80","previousOperationId":"95y9vnb5u8igpok"}
{"type":"log","timestamp":1765019150640,"level":"debug","message":"Inline data specified.","meta":{"rootId":"m6bhpzuvo4nzck5","id":"itp9bjomi66qhc4"},"id":"mqetug5ryn7g2jd","previousOperationId":"95y9vnb5u8igpok"}
{"type":"log","timestamp":1765019150645,"level":"debug","message":"Base url not specified, skipping its injection.","meta":{"rootId":"m6bhpzuvo4nzck5","id":"itp9bjomi66qhc4"},"id":"ufur417otui9y2y","previousOperationId":"95y9vnb5u8igpok"}
{"type":"operationStart","subtype":"engine","name":"handlebars","timestamp":1765019150645,"id":"58keftv4u6nxqnn","previousEventId":"qf0uvxqlaq81cpf","operationId":"2ni6qmeh4ikocaf","previousOperationId":"95y9vnb5u8igpok"}
{"type":"log","timestamp":1765019150645,"level":"debug","message":"Rendering engine handlebars","meta":{"rootId":"m6bhpzuvo4nzck5","id":"itp9bjomi66qhc4"},"id":"do09jwcwmyazx2b","previousOperationId":"2ni6qmeh4ikocaf"}
{"type":"operationEnd","operationId":"2ni6qmeh4ikocaf","timestamp":1765019150665,"id":"cukeo7ywtukvcjv","previousEventId":"58keftv4u6nxqnn","previousOperationId":"2ni6qmeh4ikocaf"}
{"type":"operationStart","subtype":"recipe","name":"html","timestamp":1765019150667,"id":"1lt45s72qd1heoo","previousEventId":"cukeo7ywtukvcjv","operationId":"14m7ith5gj72bt9","previousOperationId":"2ni6qmeh4ikocaf"}
{"type":"log","timestamp":1765019150667,"level":"debug","message":"Executing recipe html","meta":{"rootId":"m6bhpzuvo4nzck5","id":"itp9bjomi66qhc4"},"id":"g7rfd28wce8a053","previousOperationId":"14m7ith5gj72bt9"}
{"type":"operationEnd","operationId":"14m7ith5gj72bt9","timestamp":1765019150667,"id":"zqvhf8uzk35z98e","previousEventId":"1lt45s72qd1heoo","previousOperationId":"14m7ith5gj72bt9"}
{"type":"log","timestamp":1765019150667,"level":"debug","message":"Skipping storing report.","meta":{"rootId":"m6bhpzuvo4nzck5","id":"itp9bjomi66qhc4"},"id":"k3aujayvmkoujrt","previousOperationId":"14m7ith5gj72bt9"}
{"type":"log","timestamp":1765019150667,"level":"info","message":"Rendering (child) request finished in 1240 ms","meta":{"rootId":"m6bhpzuvo4nzck5","id":"itp9bjomi66qhc4"},"id":"gkha2bgdvjkq8xq","previousOperationId":"14m7ith5gj72bt9"}
{"type":"operationEnd","subtype":"render","operationId":"95y9vnb5u8igpok","timestamp":1765019150667,"id":"ykxhvacc8wcae0l","previousEventId":"zqvhf8uzk35z98e","previousOperationId":"14m7ith5gj72bt9"}
{"type":"log","timestamp":1765019152066,"level":"debug","message":"pptx successfully zipped","meta":{"rootId":"m6bhpzuvo4nzck5","id":"m6bhpzuvo4nzck5"},"id":"r3yad84tsvnh99s","previousOperationId":"2edyo1q1bgr9kg8"}
{"type":"log","timestamp":1765019152066,"level":"info","message":"pptx generation was finished","meta":{"rootId":"m6bhpzuvo4nzck5","id":"m6bhpzuvo4nzck5"},"id":"xp6b23wyov7dn6j","previousOperationId":"2edyo1q1bgr9kg8"}
{"type":"operationEnd","operationId":"2edyo1q1bgr9kg8","timestamp":1765019152072,"id":"9wyom8rhtlwkwgs","previousEventId":"axbqcdy9507kjog","previousOperationId":"2edyo1q1bgr9kg8"}
{"type":"log","timestamp":1765019152072,"level":"debug","message":"Skipping storing report.","meta":{"rootId":"m6bhpzuvo4nzck5","id":"m6bhpzuvo4nzck5"},"id":"v9w4zx0tavuldzo","previousOperationId":"2edyo1q1bgr9kg8"}
{"type":"log","timestamp":1765019152073,"level":"info","message":"Rendering request 1 finished in 2646 ms","meta":{"rootId":"m6bhpzuvo4nzck5","id":"m6bhpzuvo4nzck5"},"id":"qbb3m7hf1awbghk","previousOperationId":"2edyo1q1bgr9kg8"}
{"type":"operationEnd","subtype":"render","operationId":"acpsu0fdcpil76a","timestamp":1765019152073,"id":"tab6gvt9fy9ynle","previousEventId":"9wyom8rhtlwkwgs","previousOperationId":"2edyo1q1bgr9kg8"}
{"type":"operationEnd","doDiffs":false,"previousEventId":"7mj8ipeu5ok6vt3","previousOperationId":"beyigodbqb0m1ih","operationId":"beyigodbqb0m1ih","timestamp":1765019152080,"id":"6czn02xqp43twtj"}
