{"type":"operationStart","subtype":"profile","data":{"_id":"9Q40Kcte8heqYi5U","timestamp":"2025-12-05T18:02:29.288Z","state":"running","mode":"standard","creationDate":"2025-12-05T18:02:29.292Z","modificationDate":"2025-12-05T18:02:29.292Z","shortid":"fnGShgQ","$entitySet":"profiles","timeout":60000},"doDiffs":false,"timestamp":1764957749291,"id":"jgh2h8nkde2cwer","previousOperationId":null,"operationId":"7hqri9husqp0l5b"}
{"type":"log","level":"info","message":"Render request 8 queued for execution and waiting for available worker","previousOperationId":"7hqri9husqp0l5b","timestamp":1764957749291,"id":"044be2jds9m0tt2"}
{"type":"operationStart","subtype":"render","name":"anonymous","previousOperationId":"7hqri9husqp0l5b","timestamp":1764957749304,"id":"pdn2713m4yylsel","previousEventId":"jgh2h8nkde2cwer","operationId":"y8y34g79brqqqhm"}
{"type":"log","timestamp":1764957749305,"level":"info","message":"Starting rendering request 8","meta":{"rootId":"mllldf2hnu6q1a4","id":"mllldf2hnu6q1a4"},"id":"ydf42dygljwyf8a","previousOperationId":"y8y34g79brqqqhm"}
{"type":"log","timestamp":1764957749305,"level":"info","message":"Rendering anonymous template { recipe: pptx, engine: handlebars }","meta":{"rootId":"mllldf2hnu6q1a4","id":"mllldf2hnu6q1a4"},"id":"xvyqqx52n9jdvqe","previousOperationId":"y8y34g79brqqqhm"}
{"type":"log","timestamp":1764957749305,"level":"debug","message":"Inline data specified.","meta":{"rootId":"mllldf2hnu6q1a4","id":"mllldf2hnu6q1a4"},"id":"9whelygyn9x4uec","previousOperationId":"y8y34g79brqqqhm"}
{"type":"log","timestamp":1764957749307,"level":"debug","message":"Base url not specified, skipping its injection.","meta":{"rootId":"mllldf2hnu6q1a4","id":"mllldf2hnu6q1a4"},"id":"fwj9dfg09p3q7kl","previousOperationId":"y8y34g79brqqqhm"}
{"type":"operationStart","subtype":"engine","name":"handlebars","timestamp":1764957749307,"id":"ewtxa8guoehk3h9","previousEventId":"pdn2713m4yylsel","operationId":"txur10eva2aur0p","previousOperationId":"y8y34g79brqqqhm"}
{"type":"log","timestamp":1764957749307,"level":"debug","message":"Rendering engine handlebars","meta":{"rootId":"mllldf2hnu6q1a4","id":"mllldf2hnu6q1a4"},"id":"y301d51zxjm2eeg","previousOperationId":"txur10eva2aur0p"}
{"type":"operationEnd","operationId":"txur10eva2aur0p","timestamp":1764957749319,"id":"1ivra0ivt5alxrq","previousEventId":"ewtxa8guoehk3h9","previousOperationId":"txur10eva2aur0p"}
{"type":"operationStart","subtype":"recipe","name":"pptx","timestamp":1764957749320,"id":"qym724kmoy5b99e","previousEventId":"1ivra0ivt5alxrq","operationId":"6dfdvr4z173ki0a","previousOperationId":"txur10eva2aur0p"}
{"type":"log","timestamp":1764957749320,"level":"debug","message":"Executing recipe pptx","meta":{"rootId":"mllldf2hnu6q1a4","id":"mllldf2hnu6q1a4"},"id":"oc6654am7sjydqv","previousOperationId":"6dfdvr4z173ki0a"}
{"type":"log","timestamp":1764957749320,"level":"info","message":"pptx generation is starting","meta":{"rootId":"mllldf2hnu6q1a4","id":"mllldf2hnu6q1a4"},"id":"b70lezakkosdj7s","previousOperationId":"6dfdvr4z173ki0a"}
{"type":"log","timestamp":1764957749401,"level":"debug","message":"Starting child request to render pptx dynamic parts","meta":{"rootId":"mllldf2hnu6q1a4","id":"mllldf2hnu6q1a4"},"id":"77chn8vpgli0mdl","previousOperationId":"6dfdvr4z173ki0a"}
{"type":"operationStart","subtype":"render","name":"anonymous","previousOperationId":"6dfdvr4z173ki0a","timestamp":1764957749402,"id":"fohq14c8gp36k52","previousEventId":"qym724kmoy5b99e","operationId":"y31ic1x0mmn8i8l"}
{"type":"log","timestamp":1764957749402,"level":"info","message":"Starting rendering (child) request","meta":{"rootId":"mllldf2hnu6q1a4","id":"0h46rkvxfydt3m3"},"id":"o9h0mn6hlglpd9k","previousOperationId":"y31ic1x0mmn8i8l"}
{"type":"log","timestamp":1764957749402,"level":"info","message":"Rendering anonymous template { recipe: html, engine: handlebars }","meta":{"rootId":"mllldf2hnu6q1a4","id":"0h46rkvxfydt3m3"},"id":"ws408zlg1uvl7bz","previousOperationId":"y31ic1x0mmn8i8l"}
{"type":"log","timestamp":1764957749402,"level":"debug","message":"Inline data specified.","meta":{"rootId":"mllldf2hnu6q1a4","id":"0h46rkvxfydt3m3"},"id":"8b1whdcaa9zaidi","previousOperationId":"y31ic1x0mmn8i8l"}
{"type":"log","timestamp":1764957749406,"level":"debug","message":"Base url not specified, skipping its injection.","meta":{"rootId":"mllldf2hnu6q1a4","id":"0h46rkvxfydt3m3"},"id":"f34jn13p8kuhzyh","previousOperationId":"y31ic1x0mmn8i8l"}
{"type":"operationStart","subtype":"engine","name":"handlebars","timestamp":1764957749407,"id":"0q9o7whdfqgniat","previousEventId":"fohq14c8gp36k52","operationId":"ba83fev9grrqoll","previousOperationId":"y31ic1x0mmn8i8l"}
{"type":"log","timestamp":1764957749407,"level":"debug","message":"Rendering engine handlebars","meta":{"rootId":"mllldf2hnu6q1a4","id":"0h46rkvxfydt3m3"},"id":"83osuyabllp2k0p","previousOperationId":"ba83fev9grrqoll"}
{"type":"operationEnd","operationId":"ba83fev9grrqoll","timestamp":1764957749430,"id":"luuc9urkhim3uz3","previousEventId":"0q9o7whdfqgniat","previousOperationId":"ba83fev9grrqoll"}
{"type":"operationStart","subtype":"recipe","name":"html","timestamp":1764957749432,"id":"hqjd1hu4alpq05z","previousEventId":"luuc9urkhim3uz3","operationId":"b6gli5b1jugs2wt","previousOperationId":"ba83fev9grrqoll"}
{"type":"log","timestamp":1764957749432,"level":"debug","message":"Executing recipe html","meta":{"rootId":"mllldf2hnu6q1a4","id":"0h46rkvxfydt3m3"},"id":"wyn4a61im8lcv2x","previousOperationId":"b6gli5b1jugs2wt"}
{"type":"operationEnd","operationId":"b6gli5b1jugs2wt","timestamp":1764957749432,"id":"mee8tbgbg4xunts","previousEventId":"hqjd1hu4alpq05z","previousOperationId":"b6gli5b1jugs2wt"}
{"type":"log","timestamp":1764957749432,"level":"debug","message":"Skipping storing report.","meta":{"rootId":"mllldf2hnu6q1a4","id":"0h46rkvxfydt3m3"},"id":"165g9oidf320ie7","previousOperationId":"b6gli5b1jugs2wt"}
{"type":"log","timestamp":1764957749432,"level":"info","message":"Rendering (child) request finished in 145 ms","meta":{"rootId":"mllldf2hnu6q1a4","id":"0h46rkvxfydt3m3"},"id":"eta1fazwmfgja2g","previousOperationId":"b6gli5b1jugs2wt"}
{"type":"operationEnd","subtype":"render","operationId":"y31ic1x0mmn8i8l","timestamp":1764957749432,"id":"muy4crggdwa63q7","previousEventId":"mee8tbgbg4xunts","previousOperationId":"b6gli5b1jugs2wt"}
{"type":"log","timestamp":1764957749523,"level":"debug","message":"pptx successfully zipped","meta":{"rootId":"mllldf2hnu6q1a4","id":"mllldf2hnu6q1a4"},"id":"v5yycaq2x4c9aut","previousOperationId":"6dfdvr4z173ki0a"}
{"type":"log","timestamp":1764957749523,"level":"info","message":"pptx generation was finished","meta":{"rootId":"mllldf2hnu6q1a4","id":"mllldf2hnu6q1a4"},"id":"dtyel2j6lkzqod5","previousOperationId":"6dfdvr4z173ki0a"}
{"type":"operationEnd","operationId":"6dfdvr4z173ki0a","timestamp":1764957749526,"id":"apd93a4ejjbga7u","previousEventId":"qym724kmoy5b99e","previousOperationId":"6dfdvr4z173ki0a"}
{"type":"log","timestamp":1764957749526,"level":"debug","message":"Skipping storing report.","meta":{"rootId":"mllldf2hnu6q1a4","id":"mllldf2hnu6q1a4"},"id":"3mherojf2qtngrc","previousOperationId":"6dfdvr4z173ki0a"}
{"type":"log","timestamp":1764957749527,"level":"info","message":"Rendering request 8 finished in 240 ms","meta":{"rootId":"mllldf2hnu6q1a4","id":"mllldf2hnu6q1a4"},"id":"sipapf62iwvu9sz","previousOperationId":"6dfdvr4z173ki0a"}
{"type":"operationEnd","subtype":"render","operationId":"y8y34g79brqqqhm","timestamp":1764957749527,"id":"rflnwb1nf4jjc34","previousEventId":"apd93a4ejjbga7u","previousOperationId":"6dfdvr4z173ki0a"}
{"type":"operationEnd","doDiffs":false,"previousEventId":"jgh2h8nkde2cwer","previousOperationId":"7hqri9husqp0l5b","operationId":"7hqri9husqp0l5b","timestamp":1764957749533,"id":"iu8c6hjaqsgg60m"}
