{"type":"operationStart","subtype":"profile","data":{"_id":"XN3xnahYqJY525OD","timestamp":"2025-12-05T12:33:15.921Z","state":"running","mode":"standard","creationDate":"2025-12-05T12:33:15.925Z","modificationDate":"2025-12-05T12:33:15.925Z","shortid":"MNmxcZs","$entitySet":"profiles","timeout":60000},"doDiffs":false,"timestamp":1764937995923,"id":"xm5xio2o62nt78f","previousOperationId":null,"operationId":"18bjtoseza2k1h6"}
{"type":"log","level":"info","message":"Render request 9 queued for execution and waiting for available worker","previousOperationId":"18bjtoseza2k1h6","timestamp":1764937995923,"id":"jm4tien4bp5xs1h"}
{"type":"operationStart","subtype":"render","name":"anonymous","previousOperationId":"18bjtoseza2k1h6","timestamp":1764937995942,"id":"1t2nwgq8aijovav","previousEventId":"xm5xio2o62nt78f","operationId":"w5s9cphzrkow1d1"}
{"type":"log","timestamp":1764937995942,"level":"info","message":"Starting rendering request 9","meta":{"rootId":"msv9h227t978a1n","id":"msv9h227t978a1n"},"id":"nhpy2jppzoa8lz6","previousOperationId":"w5s9cphzrkow1d1"}
{"type":"log","timestamp":1764937995942,"level":"info","message":"Rendering anonymous template { recipe: pptx, engine: handlebars }","meta":{"rootId":"msv9h227t978a1n","id":"msv9h227t978a1n"},"id":"rpqfo0a4j7vycsx","previousOperationId":"w5s9cphzrkow1d1"}
{"type":"log","timestamp":1764937995942,"level":"debug","message":"Inline data specified.","meta":{"rootId":"msv9h227t978a1n","id":"msv9h227t978a1n"},"id":"xawvpgmhsmpgw6u","previousOperationId":"w5s9cphzrkow1d1"}
{"type":"log","timestamp":1764937995945,"level":"debug","message":"Base url not specified, skipping its injection.","meta":{"rootId":"msv9h227t978a1n","id":"msv9h227t978a1n"},"id":"pt786gmc5mh9sbf","previousOperationId":"w5s9cphzrkow1d1"}
{"type":"operationStart","subtype":"engine","name":"handlebars","timestamp":1764937995946,"id":"bso36ynglpci6td","previousEventId":"1t2nwgq8aijovav","operationId":"tjgzgqg3kg2tp6j","previousOperationId":"w5s9cphzrkow1d1"}
{"type":"log","timestamp":1764937995946,"level":"debug","message":"Rendering engine handlebars","meta":{"rootId":"msv9h227t978a1n","id":"msv9h227t978a1n"},"id":"04vv9bvp6pg1gug","previousOperationId":"tjgzgqg3kg2tp6j"}
{"type":"operationEnd","operationId":"tjgzgqg3kg2tp6j","timestamp":1764937995965,"id":"yp7syv81i7stduy","previousEventId":"bso36ynglpci6td","previousOperationId":"tjgzgqg3kg2tp6j"}
{"type":"operationStart","subtype":"recipe","name":"pptx","timestamp":1764937995966,"id":"91x6isoor1bsle1","previousEventId":"yp7syv81i7stduy","operationId":"pqd5ojb23uepjs1","previousOperationId":"tjgzgqg3kg2tp6j"}
{"type":"log","timestamp":1764937995966,"level":"debug","message":"Executing recipe pptx","meta":{"rootId":"msv9h227t978a1n","id":"msv9h227t978a1n"},"id":"yf39h79izvab2p7","previousOperationId":"pqd5ojb23uepjs1"}
{"type":"log","timestamp":1764937995966,"level":"info","message":"pptx generation is starting","meta":{"rootId":"msv9h227t978a1n","id":"msv9h227t978a1n"},"id":"871cnum7jh6d8rn","previousOperationId":"pqd5ojb23uepjs1"}
{"type":"log","timestamp":1764937996046,"level":"debug","message":"Starting child request to render pptx dynamic parts","meta":{"rootId":"msv9h227t978a1n","id":"msv9h227t978a1n"},"id":"6jh6jaw7eexwddp","previousOperationId":"pqd5ojb23uepjs1"}
{"type":"operationStart","subtype":"render","name":"anonymous","previousOperationId":"pqd5ojb23uepjs1","timestamp":1764937996046,"id":"ieqmozezgbhavza","previousEventId":"91x6isoor1bsle1","operationId":"ygay9y59xt0jgly"}
{"type":"log","timestamp":1764937996047,"level":"info","message":"Starting rendering (child) request","meta":{"rootId":"msv9h227t978a1n","id":"kdsvydm6tojppro"},"id":"wjzounphzfc5po9","previousOperationId":"ygay9y59xt0jgly"}
{"type":"log","timestamp":1764937996047,"level":"info","message":"Rendering anonymous template { recipe: html, engine: handlebars }","meta":{"rootId":"msv9h227t978a1n","id":"kdsvydm6tojppro"},"id":"yjxv1qqpez0ve7v","previousOperationId":"ygay9y59xt0jgly"}
{"type":"log","timestamp":1764937996047,"level":"debug","message":"Inline data specified.","meta":{"rootId":"msv9h227t978a1n","id":"kdsvydm6tojppro"},"id":"w5kbxbfk7xh9pwy","previousOperationId":"ygay9y59xt0jgly"}
{"type":"log","timestamp":1764937996053,"level":"debug","message":"Base url not specified, skipping its injection.","meta":{"rootId":"msv9h227t978a1n","id":"kdsvydm6tojppro"},"id":"5q9v8snfkz3j85h","previousOperationId":"ygay9y59xt0jgly"}
{"type":"operationStart","subtype":"engine","name":"handlebars","timestamp":1764937996053,"id":"z376r5b37ejqito","previousEventId":"ieqmozezgbhavza","operationId":"e8jx6xocdf8sbjm","previousOperationId":"ygay9y59xt0jgly"}
{"type":"log","timestamp":1764937996053,"level":"debug","message":"Rendering engine handlebars","meta":{"rootId":"msv9h227t978a1n","id":"kdsvydm6tojppro"},"id":"oe4isuwzag67h93","previousOperationId":"e8jx6xocdf8sbjm"}
{"type":"operationEnd","operationId":"e8jx6xocdf8sbjm","timestamp":1764937996080,"id":"l93ihm6undsqie3","previousEventId":"z376r5b37ejqito","previousOperationId":"e8jx6xocdf8sbjm"}
{"type":"operationStart","subtype":"recipe","name":"html","timestamp":1764937996080,"id":"fypbaimdcdfqcoy","previousEventId":"l93ihm6undsqie3","operationId":"x58wbpfewuh62a8","previousOperationId":"e8jx6xocdf8sbjm"}
{"type":"log","timestamp":1764937996080,"level":"debug","message":"Executing recipe html","meta":{"rootId":"msv9h227t978a1n","id":"kdsvydm6tojppro"},"id":"xxpgd856hylfgx0","previousOperationId":"x58wbpfewuh62a8"}
{"type":"operationEnd","operationId":"x58wbpfewuh62a8","timestamp":1764937996081,"id":"h33mk7spqy6jv89","previousEventId":"fypbaimdcdfqcoy","previousOperationId":"x58wbpfewuh62a8"}
{"type":"log","timestamp":1764937996081,"level":"debug","message":"Skipping storing report.","meta":{"rootId":"msv9h227t978a1n","id":"kdsvydm6tojppro"},"id":"trxae3nynmdoxci","previousOperationId":"x58wbpfewuh62a8"}
{"type":"log","timestamp":1764937996081,"level":"info","message":"Rendering (child) request finished in 161 ms","meta":{"rootId":"msv9h227t978a1n","id":"kdsvydm6tojppro"},"id":"ovlmc6aiqos3s8z","previousOperationId":"x58wbpfewuh62a8"}
{"type":"operationEnd","subtype":"render","operationId":"ygay9y59xt0jgly","timestamp":1764937996081,"id":"fkmvc2r8rsnvp1t","previousEventId":"h33mk7spqy6jv89","previousOperationId":"x58wbpfewuh62a8"}
{"type":"log","timestamp":1764937996179,"level":"debug","message":"pptx successfully zipped","meta":{"rootId":"msv9h227t978a1n","id":"msv9h227t978a1n"},"id":"wk0zqedhfkm3qfk","previousOperationId":"pqd5ojb23uepjs1"}
{"type":"log","timestamp":1764937996179,"level":"info","message":"pptx generation was finished","meta":{"rootId":"msv9h227t978a1n","id":"msv9h227t978a1n"},"id":"r753goh0c154quy","previousOperationId":"pqd5ojb23uepjs1"}
{"type":"operationEnd","operationId":"pqd5ojb23uepjs1","timestamp":1764937996183,"id":"e9n36bdr0uortuk","previousEventId":"91x6isoor1bsle1","previousOperationId":"pqd5ojb23uepjs1"}
{"type":"log","timestamp":1764937996183,"level":"debug","message":"Skipping storing report.","meta":{"rootId":"msv9h227t978a1n","id":"msv9h227t978a1n"},"id":"wlg6a1ykbnd5bie","previousOperationId":"pqd5ojb23uepjs1"}
{"type":"log","timestamp":1764937996184,"level":"info","message":"Rendering request 9 finished in 264 ms","meta":{"rootId":"msv9h227t978a1n","id":"msv9h227t978a1n"},"id":"041xz1566hbssmv","previousOperationId":"pqd5ojb23uepjs1"}
{"type":"operationEnd","subtype":"render","operationId":"w5s9cphzrkow1d1","timestamp":1764937996184,"id":"o3whgk62tlryil7","previousEventId":"e9n36bdr0uortuk","previousOperationId":"pqd5ojb23uepjs1"}
{"type":"operationEnd","doDiffs":false,"previousEventId":"xm5xio2o62nt78f","previousOperationId":"18bjtoseza2k1h6","operationId":"18bjtoseza2k1h6","timestamp":1764937996188,"id":"ggm26rtrxxkwq13"}
