{"type":"operationStart","subtype":"profile","data":{"_id":"mXwOE1kBcDLhdLsA","timestamp":"2025-12-06T10:58:08.019Z","state":"running","mode":"standard","creationDate":"2025-12-06T10:58:08.022Z","modificationDate":"2025-12-06T10:58:08.022Z","shortid":"V-u64wn","$entitySet":"profiles","timeout":60000},"doDiffs":false,"timestamp":1765018688021,"id":"pvofg9buxu923g3","previousOperationId":null,"operationId":"3tvgnfmbzsfb6nq"}
{"type":"log","level":"info","message":"Render request 2 queued for execution and waiting for available worker","previousOperationId":"3tvgnfmbzsfb6nq","timestamp":1765018688021,"id":"vr8lti14v45t6pc"}
{"type":"operationStart","subtype":"render","name":"anonymous","previousOperationId":"3tvgnfmbzsfb6nq","timestamp":1765018688044,"id":"4065t41fsd74523","previousEventId":"pvofg9buxu923g3","operationId":"2dah69iyvor8qzc"}
{"type":"log","timestamp":1765018688045,"level":"info","message":"Starting rendering request 2","meta":{"rootId":"mxmq5tvmta070zl","id":"mxmq5tvmta070zl"},"id":"iq17selyzvyy8f8","previousOperationId":"2dah69iyvor8qzc"}
{"type":"log","timestamp":1765018688046,"level":"info","message":"Rendering anonymous template { recipe: pptx, engine: handlebars }","meta":{"rootId":"mxmq5tvmta070zl","id":"mxmq5tvmta070zl"},"id":"57pqsen3ycpxgt2","previousOperationId":"2dah69iyvor8qzc"}
{"type":"log","timestamp":1765018688046,"level":"debug","message":"Inline data specified.","meta":{"rootId":"mxmq5tvmta070zl","id":"mxmq5tvmta070zl"},"id":"3p4rt8gl22hp3b0","previousOperationId":"2dah69iyvor8qzc"}
{"type":"log","timestamp":1765018688050,"level":"debug","message":"Base url not specified, skipping its injection.","meta":{"rootId":"mxmq5tvmta070zl","id":"mxmq5tvmta070zl"},"id":"b0cfy26pdmk5i3b","previousOperationId":"2dah69iyvor8qzc"}
{"type":"operationStart","subtype":"engine","name":"handlebars","timestamp":1765018688052,"id":"7j42tzgvjzsxzwr","previousEventId":"4065t41fsd74523","operationId":"usifrw2t56g2506","previousOperationId":"2dah69iyvor8qzc"}
{"type":"log","timestamp":1765018688052,"level":"debug","message":"Rendering engine handlebars","meta":{"rootId":"mxmq5tvmta070zl","id":"mxmq5tvmta070zl"},"id":"yypw2i4isji6ix4","previousOperationId":"usifrw2t56g2506"}
{"type":"operationEnd","operationId":"usifrw2t56g2506","timestamp":1765018688894,"id":"nez6zfoa91gjser","previousEventId":"7j42tzgvjzsxzwr","previousOperationId":"usifrw2t56g2506"}
{"type":"operationStart","subtype":"recipe","name":"pptx","timestamp":1765018688896,"id":"0kccgk3c7e9ze2g","previousEventId":"nez6zfoa91gjser","operationId":"667gzjq07vls489","previousOperationId":"usifrw2t56g2506"}
{"type":"log","timestamp":1765018688896,"level":"debug","message":"Executing recipe pptx","meta":{"rootId":"mxmq5tvmta070zl","id":"mxmq5tvmta070zl"},"id":"trx4bzlcl1bguii","previousOperationId":"667gzjq07vls489"}
{"type":"log","timestamp":1765018689061,"level":"info","message":"pptx generation is starting","meta":{"rootId":"mxmq5tvmta070zl","id":"mxmq5tvmta070zl"},"id":"f0apmzmxytuypa7","previousOperationId":"667gzjq07vls489"}
{"type":"log","timestamp":1765018689204,"level":"debug","message":"Starting child request to render pptx dynamic parts","meta":{"rootId":"mxmq5tvmta070zl","id":"mxmq5tvmta070zl"},"id":"vhlx9c98reudi34","previousOperationId":"667gzjq07vls489"}
{"type":"operationStart","subtype":"render","name":"anonymous","previousOperationId":"667gzjq07vls489","timestamp":1765018689205,"id":"w8c9cox1sd8vspp","previousEventId":"0kccgk3c7e9ze2g","operationId":"c6cmi8jykhjfp8c"}
{"type":"log","timestamp":1765018689205,"level":"info","message":"Starting rendering (child) request","meta":{"rootId":"mxmq5tvmta070zl","id":"buvby96lipeqe6l"},"id":"vek2pek4av5xe0s","previousOperationId":"c6cmi8jykhjfp8c"}
{"type":"log","timestamp":1765018689205,"level":"info","message":"Rendering anonymous template { recipe: html, engine: handlebars }","meta":{"rootId":"mxmq5tvmta070zl","id":"buvby96lipeqe6l"},"id":"wboxbi9aa8q6iv1","previousOperationId":"c6cmi8jykhjfp8c"}
{"type":"log","timestamp":1765018689205,"level":"debug","message":"Inline data specified.","meta":{"rootId":"mxmq5tvmta070zl","id":"buvby96lipeqe6l"},"id":"wlvz1r4gmjhrmqu","previousOperationId":"c6cmi8jykhjfp8c"}
{"type":"log","timestamp":1765018689209,"level":"debug","message":"Base url not specified, skipping its injection.","meta":{"rootId":"mxmq5tvmta070zl","id":"buvby96lipeqe6l"},"id":"qgt40llxuczj74l","previousOperationId":"c6cmi8jykhjfp8c"}
{"type":"operationStart","subtype":"engine","name":"handlebars","timestamp":1765018689210,"id":"ga34z11vz3l5gph","previousEventId":"w8c9cox1sd8vspp","operationId":"ej1pqsf982b02fi","previousOperationId":"c6cmi8jykhjfp8c"}
{"type":"log","timestamp":1765018689210,"level":"debug","message":"Rendering engine handlebars","meta":{"rootId":"mxmq5tvmta070zl","id":"buvby96lipeqe6l"},"id":"6f1btgnbo3dnnio","previousOperationId":"ej1pqsf982b02fi"}
{"type":"operationEnd","operationId":"ej1pqsf982b02fi","timestamp":1765018689230,"id":"xt0k3l2axiyjibg","previousEventId":"ga34z11vz3l5gph","previousOperationId":"ej1pqsf982b02fi"}
{"type":"operationStart","subtype":"recipe","name":"html","timestamp":1765018689232,"id":"ivj49qdbpcfnvvz","previousEventId":"xt0k3l2axiyjibg","operationId":"3o08sywb6s6ci6k","previousOperationId":"ej1pqsf982b02fi"}
{"type":"log","timestamp":1765018689232,"level":"debug","message":"Executing recipe html","meta":{"rootId":"mxmq5tvmta070zl","id":"buvby96lipeqe6l"},"id":"6tfs2o4l5bvh3z1","previousOperationId":"3o08sywb6s6ci6k"}
{"type":"operationEnd","operationId":"3o08sywb6s6ci6k","timestamp":1765018689233,"id":"82oyanq4xewo89j","previousEventId":"ivj49qdbpcfnvvz","previousOperationId":"3o08sywb6s6ci6k"}
{"type":"log","timestamp":1765018689233,"level":"debug","message":"Skipping storing report.","meta":{"rootId":"mxmq5tvmta070zl","id":"buvby96lipeqe6l"},"id":"f1oms6f1f3vidiq","previousOperationId":"3o08sywb6s6ci6k"}
{"type":"log","timestamp":1765018689233,"level":"info","message":"Rendering (child) request finished in 1214 ms","meta":{"rootId":"mxmq5tvmta070zl","id":"buvby96lipeqe6l"},"id":"wxvw2zghymwi0ts","previousOperationId":"3o08sywb6s6ci6k"}
{"type":"operationEnd","subtype":"render","operationId":"c6cmi8jykhjfp8c","timestamp":1765018689233,"id":"6wgpgdkmmyti523","previousEventId":"82oyanq4xewo89j","previousOperationId":"3o08sywb6s6ci6k"}
{"type":"log","timestamp":1765018690185,"level":"debug","message":"pptx successfully zipped","meta":{"rootId":"mxmq5tvmta070zl","id":"mxmq5tvmta070zl"},"id":"tk6ck3ckejqgb8q","previousOperationId":"667gzjq07vls489"}
{"type":"log","timestamp":1765018690185,"level":"info","message":"pptx generation was finished","meta":{"rootId":"mxmq5tvmta070zl","id":"mxmq5tvmta070zl"},"id":"fjye5elscwhwojp","previousOperationId":"667gzjq07vls489"}
{"type":"operationEnd","operationId":"667gzjq07vls489","timestamp":1765018690189,"id":"dxpnz7peajt7hg5","previousEventId":"0kccgk3c7e9ze2g","previousOperationId":"667gzjq07vls489"}
{"type":"log","timestamp":1765018690189,"level":"debug","message":"Skipping storing report.","meta":{"rootId":"mxmq5tvmta070zl","id":"mxmq5tvmta070zl"},"id":"c6izhuw8dsclcy7","previousOperationId":"667gzjq07vls489"}
{"type":"log","timestamp":1765018690190,"level":"info","message":"Rendering request 2 finished in 2171 ms","meta":{"rootId":"mxmq5tvmta070zl","id":"mxmq5tvmta070zl"},"id":"e7yxmhx1f3b5v0v","previousOperationId":"667gzjq07vls489"}
{"type":"operationEnd","subtype":"render","operationId":"2dah69iyvor8qzc","timestamp":1765018690190,"id":"2dquu9irw5etspv","previousEventId":"dxpnz7peajt7hg5","previousOperationId":"667gzjq07vls489"}
{"type":"operationEnd","doDiffs":false,"previousEventId":"pvofg9buxu923g3","previousOperationId":"3tvgnfmbzsfb6nq","operationId":"3tvgnfmbzsfb6nq","timestamp":1765018690193,"id":"nw4mg7bf6w7ebpd"}
