{"type":"operationStart","subtype":"profile","data":{"_id":"fn3SuDxoODrEQeuv","timestamp":"2025-12-07T12:54:47.456Z","state":"running","mode":"standard","creationDate":"2025-12-07T12:54:47.461Z","modificationDate":"2025-12-07T12:54:47.461Z","shortid":"_AyisNu","$entitySet":"profiles","timeout":60000},"doDiffs":false,"timestamp":1765112087459,"id":"5l0yhxrjxjl6q8m","previousOperationId":null,"operationId":"x6rxqiscjno4olc"}
{"type":"log","level":"info","message":"Render request 30 queued for execution and waiting for available worker","previousOperationId":"x6rxqiscjno4olc","timestamp":1765112087459,"id":"zlrj2vpqdvzliug"}
{"type":"operationStart","subtype":"render","name":"anonymous","previousOperationId":"x6rxqiscjno4olc","timestamp":1765112087520,"id":"6nwsub1w3zis9ta","previousEventId":"5l0yhxrjxjl6q8m","operationId":"f0rrcsdsqdwr5vv"}
{"type":"log","timestamp":1765112087520,"level":"info","message":"Starting rendering request 30","meta":{"rootId":"my4kql02lfpxq3l","id":"my4kql02lfpxq3l"},"id":"a6gcv4m5t3kxhsl","previousOperationId":"f0rrcsdsqdwr5vv"}
{"type":"log","timestamp":1765112087521,"level":"info","message":"Rendering anonymous template { recipe: pptx, engine: handlebars }","meta":{"rootId":"my4kql02lfpxq3l","id":"my4kql02lfpxq3l"},"id":"i03w4wus6bpxx1t","previousOperationId":"f0rrcsdsqdwr5vv"}
{"type":"log","timestamp":1765112087521,"level":"debug","message":"Inline data specified.","meta":{"rootId":"my4kql02lfpxq3l","id":"my4kql02lfpxq3l"},"id":"zli8xn0t0n4oz1a","previousOperationId":"f0rrcsdsqdwr5vv"}
{"type":"log","timestamp":1765112087527,"level":"debug","message":"Base url not specified, skipping its injection.","meta":{"rootId":"my4kql02lfpxq3l","id":"my4kql02lfpxq3l"},"id":"hotyrup3k8em9i6","previousOperationId":"f0rrcsdsqdwr5vv"}
{"type":"operationStart","subtype":"engine","name":"handlebars","timestamp":1765112087527,"id":"5pte7jpsi5tf9oq","previousEventId":"6nwsub1w3zis9ta","operationId":"gn1n0oyxw23v7qh","previousOperationId":"f0rrcsdsqdwr5vv"}
{"type":"log","timestamp":1765112087528,"level":"debug","message":"Rendering engine handlebars","meta":{"rootId":"my4kql02lfpxq3l","id":"my4kql02lfpxq3l"},"id":"5a1fv37l2efk9it","previousOperationId":"gn1n0oyxw23v7qh"}
{"type":"operationEnd","operationId":"gn1n0oyxw23v7qh","timestamp":1765112087546,"id":"qdveln9478qrhb3","previousEventId":"5pte7jpsi5tf9oq","previousOperationId":"gn1n0oyxw23v7qh"}
{"type":"operationStart","subtype":"recipe","name":"pptx","timestamp":1765112087547,"id":"g110ksqgzqyo88u","previousEventId":"qdveln9478qrhb3","operationId":"k1aqvit5emu2m4k","previousOperationId":"gn1n0oyxw23v7qh"}
{"type":"log","timestamp":1765112087547,"level":"debug","message":"Executing recipe pptx","meta":{"rootId":"my4kql02lfpxq3l","id":"my4kql02lfpxq3l"},"id":"go221r63goqbt4k","previousOperationId":"k1aqvit5emu2m4k"}
{"type":"log","timestamp":1765112087567,"level":"info","message":"pptx generation is starting","meta":{"rootId":"my4kql02lfpxq3l","id":"my4kql02lfpxq3l"},"id":"rax69ifuxm8sip3","previousOperationId":"k1aqvit5emu2m4k"}
{"type":"log","timestamp":1765112089111,"level":"debug","message":"Starting child request to render pptx dynamic parts","meta":{"rootId":"my4kql02lfpxq3l","id":"my4kql02lfpxq3l"},"id":"hze3cgtcofesaq5","previousOperationId":"k1aqvit5emu2m4k"}
{"type":"operationStart","subtype":"render","name":"anonymous","previousOperationId":"k1aqvit5emu2m4k","timestamp":1765112089111,"id":"4gyb1bqarqvkwyc","previousEventId":"g110ksqgzqyo88u","operationId":"urtq7tm4egebp0y"}
{"type":"log","timestamp":1765112089111,"level":"info","message":"Starting rendering (child) request","meta":{"rootId":"my4kql02lfpxq3l","id":"9r79ry6aj18yeec"},"id":"ddxzdf4sh5s48r2","previousOperationId":"urtq7tm4egebp0y"}
{"type":"log","timestamp":1765112089114,"level":"info","message":"Rendering anonymous template { recipe: html, engine: handlebars }","meta":{"rootId":"my4kql02lfpxq3l","id":"9r79ry6aj18yeec"},"id":"3a07430aqvbpg1a","previousOperationId":"urtq7tm4egebp0y"}
{"type":"log","timestamp":1765112089115,"level":"debug","message":"Inline data specified.","meta":{"rootId":"my4kql02lfpxq3l","id":"9r79ry6aj18yeec"},"id":"m8whaz0uxfu262k","previousOperationId":"urtq7tm4egebp0y"}
{"type":"log","timestamp":1765112089123,"level":"debug","message":"Base url not specified, skipping its injection.","meta":{"rootId":"my4kql02lfpxq3l","id":"9r79ry6aj18yeec"},"id":"ljqy88uip3ot5bf","previousOperationId":"urtq7tm4egebp0y"}
{"type":"operationStart","subtype":"engine","name":"handlebars","timestamp":1765112089125,"id":"ccokrv7klkp7bl0","previousEventId":"4gyb1bqarqvkwyc","operationId":"aehjh99ycxdt3ox","previousOperationId":"urtq7tm4egebp0y"}
{"type":"log","timestamp":1765112089125,"level":"debug","message":"Rendering engine handlebars","meta":{"rootId":"my4kql02lfpxq3l","id":"9r79ry6aj18yeec"},"id":"s8gc0d55mufwwqr","previousOperationId":"aehjh99ycxdt3ox"}
{"type":"operationEnd","operationId":"aehjh99ycxdt3ox","timestamp":1765112089225,"id":"to76km3lifpyake","previousEventId":"ccokrv7klkp7bl0","previousOperationId":"aehjh99ycxdt3ox"}
{"type":"operationStart","subtype":"recipe","name":"html","timestamp":1765112089238,"id":"kf308acpo44le1j","previousEventId":"to76km3lifpyake","operationId":"j8ecmpajt7fqopi","previousOperationId":"aehjh99ycxdt3ox"}
{"type":"log","timestamp":1765112089238,"level":"debug","message":"Executing recipe html","meta":{"rootId":"my4kql02lfpxq3l","id":"9r79ry6aj18yeec"},"id":"yaqwvmytjciuthn","previousOperationId":"j8ecmpajt7fqopi"}
{"type":"operationEnd","operationId":"j8ecmpajt7fqopi","timestamp":1765112089238,"id":"lhhmtxe9r6r2isa","previousEventId":"kf308acpo44le1j","previousOperationId":"j8ecmpajt7fqopi"}
{"type":"log","timestamp":1765112089238,"level":"debug","message":"Skipping storing report.","meta":{"rootId":"my4kql02lfpxq3l","id":"9r79ry6aj18yeec"},"id":"64odvpgq4r6409r","previousOperationId":"j8ecmpajt7fqopi"}
{"type":"log","timestamp":1765112089238,"level":"info","message":"Rendering (child) request finished in 1783 ms","meta":{"rootId":"my4kql02lfpxq3l","id":"9r79ry6aj18yeec"},"id":"4555tty3uxf7tnp","previousOperationId":"j8ecmpajt7fqopi"}
{"type":"operationEnd","subtype":"render","operationId":"urtq7tm4egebp0y","timestamp":1765112089238,"id":"4mh0ovn7nvz5skb","previousEventId":"lhhmtxe9r6r2isa","previousOperationId":"j8ecmpajt7fqopi"}
{"type":"log","timestamp":1765112095623,"level":"debug","message":"pptx successfully zipped","meta":{"rootId":"my4kql02lfpxq3l","id":"my4kql02lfpxq3l"},"id":"eqshkwo6brurot3","previousOperationId":"k1aqvit5emu2m4k"}
{"type":"log","timestamp":1765112095623,"level":"info","message":"pptx generation was finished","meta":{"rootId":"my4kql02lfpxq3l","id":"my4kql02lfpxq3l"},"id":"wpe9lc9uxkw9dfo","previousOperationId":"k1aqvit5emu2m4k"}
{"type":"operationEnd","operationId":"k1aqvit5emu2m4k","timestamp":1765112095633,"id":"ao9vlodtvoh78e8","previousEventId":"g110ksqgzqyo88u","previousOperationId":"k1aqvit5emu2m4k"}
{"type":"log","timestamp":1765112095633,"level":"debug","message":"Skipping storing report.","meta":{"rootId":"my4kql02lfpxq3l","id":"my4kql02lfpxq3l"},"id":"nq2wrd1kscycu3q","previousOperationId":"k1aqvit5emu2m4k"}
{"type":"log","timestamp":1765112095633,"level":"info","message":"Rendering request 30 finished in 8178 ms","meta":{"rootId":"my4kql02lfpxq3l","id":"my4kql02lfpxq3l"},"id":"fc37nstyxrl38gf","previousOperationId":"k1aqvit5emu2m4k"}
{"type":"operationEnd","subtype":"render","operationId":"f0rrcsdsqdwr5vv","timestamp":1765112095633,"id":"mpabn2mq6hku1tb","previousEventId":"ao9vlodtvoh78e8","previousOperationId":"k1aqvit5emu2m4k"}
{"type":"operationEnd","doDiffs":false,"previousEventId":"5l0yhxrjxjl6q8m","previousOperationId":"x6rxqiscjno4olc","operationId":"x6rxqiscjno4olc","timestamp":1765112095637,"id":"8ysgs0ldgv08z5r"}
