{"type":"operationStart","subtype":"profile","data":{"_id":"CbjA1CA6KDsxBl35","timestamp":"2025-12-07T13:33:40.531Z","state":"running","mode":"standard","creationDate":"2025-12-07T13:33:40.538Z","modificationDate":"2025-12-07T13:33:40.538Z","shortid":"9ku9HlC","$entitySet":"profiles","timeout":60000},"doDiffs":false,"timestamp":1765114420535,"id":"muige0ykn1wpbgi","previousOperationId":null,"operationId":"2iqbreg5x95sg5w"}
{"type":"log","level":"info","message":"Render request 4 queued for execution and waiting for available worker","previousOperationId":"2iqbreg5x95sg5w","timestamp":1765114420536,"id":"my2ool5phxjqx6i"}
{"type":"operationStart","subtype":"render","name":"anonymous","previousOperationId":"2iqbreg5x95sg5w","timestamp":1765114420620,"id":"u114tk835t8t9ik","previousEventId":"muige0ykn1wpbgi","operationId":"lu98c1b6s6wqy5l"}
{"type":"log","timestamp":1765114420621,"level":"info","message":"Starting rendering request 4","meta":{"rootId":"n38fur4xs57lwpf","id":"n38fur4xs57lwpf"},"id":"6z3b2p079i71qf0","previousOperationId":"lu98c1b6s6wqy5l"}
{"type":"log","timestamp":1765114420621,"level":"info","message":"Rendering anonymous template { recipe: pptx, engine: handlebars }","meta":{"rootId":"n38fur4xs57lwpf","id":"n38fur4xs57lwpf"},"id":"57kqzdxn3icpeda","previousOperationId":"lu98c1b6s6wqy5l"}
{"type":"log","timestamp":1765114420621,"level":"debug","message":"Inline data specified.","meta":{"rootId":"n38fur4xs57lwpf","id":"n38fur4xs57lwpf"},"id":"zkri2aqukg7dlrd","previousOperationId":"lu98c1b6s6wqy5l"}
{"type":"log","timestamp":1765114420624,"level":"debug","message":"Base url not specified, skipping its injection.","meta":{"rootId":"n38fur4xs57lwpf","id":"n38fur4xs57lwpf"},"id":"5as92lkr6cs17wx","previousOperationId":"lu98c1b6s6wqy5l"}
{"type":"operationStart","subtype":"engine","name":"handlebars","timestamp":1765114420625,"id":"1i0po5ehfgmqjoh","previousEventId":"u114tk835t8t9ik","operationId":"ns246ie3xf1jdrh","previousOperationId":"lu98c1b6s6wqy5l"}
{"type":"log","timestamp":1765114420625,"level":"debug","message":"Rendering engine handlebars","meta":{"rootId":"n38fur4xs57lwpf","id":"n38fur4xs57lwpf"},"id":"ahf7vf37gm3j3il","previousOperationId":"ns246ie3xf1jdrh"}
{"type":"operationEnd","operationId":"ns246ie3xf1jdrh","timestamp":1765114420682,"id":"az91c5l3fzkad3n","previousEventId":"1i0po5ehfgmqjoh","previousOperationId":"ns246ie3xf1jdrh"}
{"type":"operationStart","subtype":"recipe","name":"pptx","timestamp":1765114420683,"id":"qv5voeud0l6o32n","previousEventId":"az91c5l3fzkad3n","operationId":"2qevgy4183fmlk9","previousOperationId":"ns246ie3xf1jdrh"}
{"type":"log","timestamp":1765114420684,"level":"debug","message":"Executing recipe pptx","meta":{"rootId":"n38fur4xs57lwpf","id":"n38fur4xs57lwpf"},"id":"ffty6k1dfwrka8n","previousOperationId":"2qevgy4183fmlk9"}
{"type":"log","timestamp":1765114420726,"level":"info","message":"pptx generation is starting","meta":{"rootId":"n38fur4xs57lwpf","id":"n38fur4xs57lwpf"},"id":"p7qm35d4a6guxzy","previousOperationId":"2qevgy4183fmlk9"}
{"type":"log","timestamp":1765114422369,"level":"debug","message":"Starting child request to render pptx dynamic parts","meta":{"rootId":"n38fur4xs57lwpf","id":"n38fur4xs57lwpf"},"id":"zmcv60zvmq66qtj","previousOperationId":"2qevgy4183fmlk9"}
{"type":"operationStart","subtype":"render","name":"anonymous","previousOperationId":"2qevgy4183fmlk9","timestamp":1765114422369,"id":"idx6xyh3823posm","previousEventId":"qv5voeud0l6o32n","operationId":"18nr4nwy3ls9g8w"}
{"type":"log","timestamp":1765114422370,"level":"info","message":"Starting rendering (child) request","meta":{"rootId":"n38fur4xs57lwpf","id":"8p3r0nbtcpn3ke4"},"id":"r4sk9wnthyf7lbr","previousOperationId":"18nr4nwy3ls9g8w"}
{"type":"log","timestamp":1765114422370,"level":"info","message":"Rendering anonymous template { recipe: html, engine: handlebars }","meta":{"rootId":"n38fur4xs57lwpf","id":"8p3r0nbtcpn3ke4"},"id":"pzm0y92mi754z72","previousOperationId":"18nr4nwy3ls9g8w"}
{"type":"log","timestamp":1765114422370,"level":"debug","message":"Inline data specified.","meta":{"rootId":"n38fur4xs57lwpf","id":"8p3r0nbtcpn3ke4"},"id":"u81dtntvdlm8ar9","previousOperationId":"18nr4nwy3ls9g8w"}
{"type":"log","timestamp":1765114422377,"level":"debug","message":"Base url not specified, skipping its injection.","meta":{"rootId":"n38fur4xs57lwpf","id":"8p3r0nbtcpn3ke4"},"id":"c1nvo3r3mi84ojo","previousOperationId":"18nr4nwy3ls9g8w"}
{"type":"operationStart","subtype":"engine","name":"handlebars","timestamp":1765114422379,"id":"5r5a8lnp6eu0ktk","previousEventId":"idx6xyh3823posm","operationId":"rizy7qne1jpowcn","previousOperationId":"18nr4nwy3ls9g8w"}
{"type":"log","timestamp":1765114422379,"level":"debug","message":"Rendering engine handlebars","meta":{"rootId":"n38fur4xs57lwpf","id":"8p3r0nbtcpn3ke4"},"id":"ryopvchny5cd30r","previousOperationId":"rizy7qne1jpowcn"}
{"type":"operationEnd","operationId":"rizy7qne1jpowcn","timestamp":1765114422498,"id":"81vdbslp0mnkg1w","previousEventId":"5r5a8lnp6eu0ktk","previousOperationId":"rizy7qne1jpowcn"}
{"type":"operationStart","subtype":"recipe","name":"html","timestamp":1765114422514,"id":"vik82tpvfej2131","previousEventId":"81vdbslp0mnkg1w","operationId":"wanyg0wwxnnknlc","previousOperationId":"rizy7qne1jpowcn"}
{"type":"log","timestamp":1765114422514,"level":"debug","message":"Executing recipe html","meta":{"rootId":"n38fur4xs57lwpf","id":"8p3r0nbtcpn3ke4"},"id":"ka2fig6pn784oap","previousOperationId":"wanyg0wwxnnknlc"}
{"type":"operationEnd","operationId":"wanyg0wwxnnknlc","timestamp":1765114422514,"id":"vvshqbi7t8o5p2p","previousEventId":"vik82tpvfej2131","previousOperationId":"wanyg0wwxnnknlc"}
{"type":"log","timestamp":1765114422514,"level":"debug","message":"Skipping storing report.","meta":{"rootId":"n38fur4xs57lwpf","id":"8p3r0nbtcpn3ke4"},"id":"kxb6rjhsa42hg8o","previousOperationId":"wanyg0wwxnnknlc"}
{"type":"log","timestamp":1765114422514,"level":"info","message":"Rendering (child) request finished in 1985 ms","meta":{"rootId":"n38fur4xs57lwpf","id":"8p3r0nbtcpn3ke4"},"id":"xvh0qokym0pzmly","previousOperationId":"wanyg0wwxnnknlc"}
{"type":"operationEnd","subtype":"render","operationId":"18nr4nwy3ls9g8w","timestamp":1765114422514,"id":"a2pwuwry7cq1tgh","previousEventId":"vvshqbi7t8o5p2p","previousOperationId":"wanyg0wwxnnknlc"}
{"type":"log","timestamp":1765114434341,"level":"debug","message":"pptx successfully zipped","meta":{"rootId":"n38fur4xs57lwpf","id":"n38fur4xs57lwpf"},"id":"glq65ec555v2pgm","previousOperationId":"2qevgy4183fmlk9"}
{"type":"log","timestamp":1765114434341,"level":"info","message":"pptx generation was finished","meta":{"rootId":"n38fur4xs57lwpf","id":"n38fur4xs57lwpf"},"id":"4w1xwmmbuby4rd2","previousOperationId":"2qevgy4183fmlk9"}
{"type":"operationEnd","operationId":"2qevgy4183fmlk9","timestamp":1765114434350,"id":"zuh7udsoifwfk0w","previousEventId":"qv5voeud0l6o32n","previousOperationId":"2qevgy4183fmlk9"}
{"type":"log","timestamp":1765114434351,"level":"debug","message":"Skipping storing report.","meta":{"rootId":"n38fur4xs57lwpf","id":"n38fur4xs57lwpf"},"id":"fadbd095mcvldvi","previousOperationId":"2qevgy4183fmlk9"}
{"type":"log","timestamp":1765114434351,"level":"info","message":"Rendering request 4 finished in 13822 ms","meta":{"rootId":"n38fur4xs57lwpf","id":"n38fur4xs57lwpf"},"id":"onn07jf98e8driw","previousOperationId":"2qevgy4183fmlk9"}
{"type":"operationEnd","subtype":"render","operationId":"lu98c1b6s6wqy5l","timestamp":1765114434351,"id":"m3hmo441bmc252e","previousEventId":"zuh7udsoifwfk0w","previousOperationId":"2qevgy4183fmlk9"}
{"type":"operationEnd","doDiffs":false,"previousEventId":"muige0ykn1wpbgi","previousOperationId":"2iqbreg5x95sg5w","operationId":"2iqbreg5x95sg5w","timestamp":1765114434357,"id":"ndmhttmzvpzc63z"}
