{"type":"operationStart","subtype":"profile","data":{"_id":"Q3urozAwYYPj9E5s","timestamp":"2025-12-05T13:01:21.874Z","state":"running","mode":"standard","creationDate":"2025-12-05T13:01:21.882Z","modificationDate":"2025-12-05T13:01:21.882Z","shortid":"f8Gjs9G","$entitySet":"profiles","timeout":60000},"doDiffs":false,"timestamp":1764939681879,"id":"qvqe3g3a7q5ct4e","previousOperationId":null,"operationId":"lxf0c937g4wwbec"}
{"type":"log","level":"info","message":"Render request 1 queued for execution and waiting for available worker","previousOperationId":"lxf0c937g4wwbec","timestamp":1764939681879,"id":"92cc7d4obms4saz"}
{"type":"operationStart","subtype":"render","name":"anonymous","previousOperationId":"lxf0c937g4wwbec","timestamp":1764939681923,"id":"6umejd3omvypu8c","previousEventId":"qvqe3g3a7q5ct4e","operationId":"1shf5ryimgq4te4"}
{"type":"log","timestamp":1764939681926,"level":"info","message":"Starting rendering request 1","meta":{"rootId":"ngakwf8dlevdjjo","id":"ngakwf8dlevdjjo"},"id":"l9xfbsgpcbfs6vq","previousOperationId":"1shf5ryimgq4te4"}
{"type":"log","timestamp":1764939681927,"level":"info","message":"Rendering anonymous template { recipe: pptx, engine: handlebars }","meta":{"rootId":"ngakwf8dlevdjjo","id":"ngakwf8dlevdjjo"},"id":"q38jhg8vhbhoi73","previousOperationId":"1shf5ryimgq4te4"}
{"type":"log","timestamp":1764939681928,"level":"debug","message":"Inline data specified.","meta":{"rootId":"ngakwf8dlevdjjo","id":"ngakwf8dlevdjjo"},"id":"z84qnbnlj6ck17c","previousOperationId":"1shf5ryimgq4te4"}
{"type":"log","timestamp":1764939681940,"level":"debug","message":"Base url not specified, skipping its injection.","meta":{"rootId":"ngakwf8dlevdjjo","id":"ngakwf8dlevdjjo"},"id":"kpqiq7dlfsdd0mm","previousOperationId":"1shf5ryimgq4te4"}
{"type":"operationStart","subtype":"engine","name":"handlebars","timestamp":1764939681944,"id":"vndacz9p25qz8uk","previousEventId":"6umejd3omvypu8c","operationId":"sbhbrmymvqbq26j","previousOperationId":"1shf5ryimgq4te4"}
{"type":"log","timestamp":1764939681944,"level":"debug","message":"Rendering engine handlebars","meta":{"rootId":"ngakwf8dlevdjjo","id":"ngakwf8dlevdjjo"},"id":"yjjr3ndgcb2eg5e","previousOperationId":"sbhbrmymvqbq26j"}
{"type":"operationEnd","operationId":"sbhbrmymvqbq26j","timestamp":1764939682913,"id":"g5wfshinit8y80h","previousEventId":"vndacz9p25qz8uk","previousOperationId":"sbhbrmymvqbq26j"}
{"type":"operationStart","subtype":"recipe","name":"pptx","timestamp":1764939682914,"id":"o5ickfezmnr7bbf","previousEventId":"g5wfshinit8y80h","operationId":"cllandgsrw0yyjo","previousOperationId":"sbhbrmymvqbq26j"}
{"type":"log","timestamp":1764939682914,"level":"debug","message":"Executing recipe pptx","meta":{"rootId":"ngakwf8dlevdjjo","id":"ngakwf8dlevdjjo"},"id":"ixvy3g1ywf5xlp7","previousOperationId":"cllandgsrw0yyjo"}
{"type":"log","timestamp":1764939683066,"level":"info","message":"pptx generation is starting","meta":{"rootId":"ngakwf8dlevdjjo","id":"ngakwf8dlevdjjo"},"id":"a68xio3wh0pvlvr","previousOperationId":"cllandgsrw0yyjo"}
{"type":"log","timestamp":1764939683208,"level":"debug","message":"Starting child request to render pptx dynamic parts","meta":{"rootId":"ngakwf8dlevdjjo","id":"ngakwf8dlevdjjo"},"id":"zplm0vw1375dk2e","previousOperationId":"cllandgsrw0yyjo"}
{"type":"operationStart","subtype":"render","name":"anonymous","previousOperationId":"cllandgsrw0yyjo","timestamp":1764939683208,"id":"y72j2aok2eltidt","previousEventId":"o5ickfezmnr7bbf","operationId":"yc3zrxov3kacuz0"}
{"type":"log","timestamp":1764939683208,"level":"info","message":"Starting rendering (child) request","meta":{"rootId":"ngakwf8dlevdjjo","id":"he9cd1m9au2xhp5"},"id":"r1c369tf1kxf7ge","previousOperationId":"yc3zrxov3kacuz0"}
{"type":"log","timestamp":1764939683209,"level":"info","message":"Rendering anonymous template { recipe: html, engine: handlebars }","meta":{"rootId":"ngakwf8dlevdjjo","id":"he9cd1m9au2xhp5"},"id":"tbr1nnyke3u3ssw","previousOperationId":"yc3zrxov3kacuz0"}
{"type":"log","timestamp":1764939683209,"level":"debug","message":"Inline data specified.","meta":{"rootId":"ngakwf8dlevdjjo","id":"he9cd1m9au2xhp5"},"id":"0edoxeu2vstcfqi","previousOperationId":"yc3zrxov3kacuz0"}
{"type":"log","timestamp":1764939683212,"level":"debug","message":"Base url not specified, skipping its injection.","meta":{"rootId":"ngakwf8dlevdjjo","id":"he9cd1m9au2xhp5"},"id":"4za7zzizrvn44mt","previousOperationId":"yc3zrxov3kacuz0"}
{"type":"operationStart","subtype":"engine","name":"handlebars","timestamp":1764939683213,"id":"u239rj98j8o7isl","previousEventId":"y72j2aok2eltidt","operationId":"sx0r0lqgkxj9jo4","previousOperationId":"yc3zrxov3kacuz0"}
{"type":"log","timestamp":1764939683213,"level":"debug","message":"Rendering engine handlebars","meta":{"rootId":"ngakwf8dlevdjjo","id":"he9cd1m9au2xhp5"},"id":"zeunx09m9fbew7m","previousOperationId":"sx0r0lqgkxj9jo4"}
{"type":"operationEnd","operationId":"sx0r0lqgkxj9jo4","timestamp":1764939683243,"id":"g01s5hv7lyz2iy0","previousEventId":"u239rj98j8o7isl","previousOperationId":"sx0r0lqgkxj9jo4"}
{"type":"operationStart","subtype":"recipe","name":"html","timestamp":1764939683245,"id":"sq4tpkeryc1lw3u","previousEventId":"g01s5hv7lyz2iy0","operationId":"5fcb7eeeyi2yxea","previousOperationId":"sx0r0lqgkxj9jo4"}
{"type":"log","timestamp":1764939683245,"level":"debug","message":"Executing recipe html","meta":{"rootId":"ngakwf8dlevdjjo","id":"he9cd1m9au2xhp5"},"id":"kv2mit4ka1exq9e","previousOperationId":"5fcb7eeeyi2yxea"}
{"type":"operationEnd","operationId":"5fcb7eeeyi2yxea","timestamp":1764939683245,"id":"ix4f39bpugkq7gl","previousEventId":"sq4tpkeryc1lw3u","previousOperationId":"5fcb7eeeyi2yxea"}
{"type":"log","timestamp":1764939683246,"level":"debug","message":"Skipping storing report.","meta":{"rootId":"ngakwf8dlevdjjo","id":"he9cd1m9au2xhp5"},"id":"0b0t2pg15et4tww","previousOperationId":"5fcb7eeeyi2yxea"}
{"type":"log","timestamp":1764939683246,"level":"info","message":"Rendering (child) request finished in 1374 ms","meta":{"rootId":"ngakwf8dlevdjjo","id":"he9cd1m9au2xhp5"},"id":"7n88xxbjdz9djzw","previousOperationId":"5fcb7eeeyi2yxea"}
{"type":"operationEnd","subtype":"render","operationId":"yc3zrxov3kacuz0","timestamp":1764939683246,"id":"cxcnkjp0erruy8w","previousEventId":"ix4f39bpugkq7gl","previousOperationId":"5fcb7eeeyi2yxea"}
{"type":"log","timestamp":1764939683722,"level":"debug","message":"pptx successfully zipped","meta":{"rootId":"ngakwf8dlevdjjo","id":"ngakwf8dlevdjjo"},"id":"5h7b9p2rro8tpm5","previousOperationId":"cllandgsrw0yyjo"}
{"type":"log","timestamp":1764939683722,"level":"info","message":"pptx generation was finished","meta":{"rootId":"ngakwf8dlevdjjo","id":"ngakwf8dlevdjjo"},"id":"7aktfui1b70qd4l","previousOperationId":"cllandgsrw0yyjo"}
{"type":"operationEnd","operationId":"cllandgsrw0yyjo","timestamp":1764939683729,"id":"wu8hq6lp6sykjhs","previousEventId":"o5ickfezmnr7bbf","previousOperationId":"cllandgsrw0yyjo"}
{"type":"log","timestamp":1764939683729,"level":"debug","message":"Skipping storing report.","meta":{"rootId":"ngakwf8dlevdjjo","id":"ngakwf8dlevdjjo"},"id":"2m2v1qzxtn6x15f","previousOperationId":"cllandgsrw0yyjo"}
{"type":"log","timestamp":1764939683729,"level":"info","message":"Rendering request 1 finished in 1857 ms","meta":{"rootId":"ngakwf8dlevdjjo","id":"ngakwf8dlevdjjo"},"id":"rhisn9dhk1ov3c3","previousOperationId":"cllandgsrw0yyjo"}
{"type":"operationEnd","subtype":"render","operationId":"1shf5ryimgq4te4","timestamp":1764939683729,"id":"tvnrhc6fgoz7je3","previousEventId":"wu8hq6lp6sykjhs","previousOperationId":"cllandgsrw0yyjo"}
{"type":"operationEnd","doDiffs":false,"previousEventId":"qvqe3g3a7q5ct4e","previousOperationId":"lxf0c937g4wwbec","operationId":"lxf0c937g4wwbec","timestamp":1764939683734,"id":"sn5jrhdqyn0dlnf"}
