{"type":"operationStart","subtype":"profile","data":{"_id":"DLioawfi8LhelVjo","timestamp":"2025-12-05T18:38:42.209Z","state":"running","mode":"standard","creationDate":"2025-12-05T18:38:42.216Z","modificationDate":"2025-12-05T18:38:42.216Z","shortid":"doNzzIf","$entitySet":"profiles","timeout":60000},"doDiffs":false,"timestamp":1764959922213,"id":"jdhuu3s44f1vlc3","previousOperationId":null,"operationId":"q6uopunfj8o3xnd"}
{"type":"log","level":"info","message":"Render request 1 queued for execution and waiting for available worker","previousOperationId":"q6uopunfj8o3xnd","timestamp":1764959922214,"id":"5lzs78elas79mi8"}
{"type":"operationStart","subtype":"render","name":"anonymous","previousOperationId":"q6uopunfj8o3xnd","timestamp":1764959922255,"id":"500v940ksai6qks","previousEventId":"jdhuu3s44f1vlc3","operationId":"x2ueiu45dekxtxu"}
{"type":"log","timestamp":1764959922256,"level":"info","message":"Starting rendering request 1","meta":{"rootId":"nmiz3mo5v2hpac7","id":"nmiz3mo5v2hpac7"},"id":"kb71w6j8u43msq2","previousOperationId":"x2ueiu45dekxtxu"}
{"type":"log","timestamp":1764959922257,"level":"info","message":"Rendering anonymous template { recipe: pptx, engine: handlebars }","meta":{"rootId":"nmiz3mo5v2hpac7","id":"nmiz3mo5v2hpac7"},"id":"ek0zz9i3fi55d39","previousOperationId":"x2ueiu45dekxtxu"}
{"type":"log","timestamp":1764959922258,"level":"debug","message":"Inline data specified.","meta":{"rootId":"nmiz3mo5v2hpac7","id":"nmiz3mo5v2hpac7"},"id":"6jumi0yrmcp4tts","previousOperationId":"x2ueiu45dekxtxu"}
{"type":"log","timestamp":1764959922261,"level":"debug","message":"Base url not specified, skipping its injection.","meta":{"rootId":"nmiz3mo5v2hpac7","id":"nmiz3mo5v2hpac7"},"id":"wgk1i5jgdyuqspx","previousOperationId":"x2ueiu45dekxtxu"}
{"type":"operationStart","subtype":"engine","name":"handlebars","timestamp":1764959922265,"id":"b86dpeljra3zonk","previousEventId":"500v940ksai6qks","operationId":"8kso64d1vrpriz6","previousOperationId":"x2ueiu45dekxtxu"}
{"type":"log","timestamp":1764959922265,"level":"debug","message":"Rendering engine handlebars","meta":{"rootId":"nmiz3mo5v2hpac7","id":"nmiz3mo5v2hpac7"},"id":"rbzvb96fqrxva3l","previousOperationId":"8kso64d1vrpriz6"}
{"type":"operationEnd","operationId":"8kso64d1vrpriz6","timestamp":1764959923159,"id":"fd6h91pgj6y7ike","previousEventId":"b86dpeljra3zonk","previousOperationId":"8kso64d1vrpriz6"}
{"type":"operationStart","subtype":"recipe","name":"pptx","timestamp":1764959923160,"id":"gp89gsugawpgym7","previousEventId":"fd6h91pgj6y7ike","operationId":"ae763c8f65benkb","previousOperationId":"8kso64d1vrpriz6"}
{"type":"log","timestamp":1764959923160,"level":"debug","message":"Executing recipe pptx","meta":{"rootId":"nmiz3mo5v2hpac7","id":"nmiz3mo5v2hpac7"},"id":"zin81v6l174nbri","previousOperationId":"ae763c8f65benkb"}
{"type":"log","timestamp":1764959923302,"level":"info","message":"pptx generation is starting","meta":{"rootId":"nmiz3mo5v2hpac7","id":"nmiz3mo5v2hpac7"},"id":"2gvyxjdgdm8180j","previousOperationId":"ae763c8f65benkb"}
{"type":"log","timestamp":1764959923429,"level":"debug","message":"Starting child request to render pptx dynamic parts","meta":{"rootId":"nmiz3mo5v2hpac7","id":"nmiz3mo5v2hpac7"},"id":"ctt6y66yo1kmxs5","previousOperationId":"ae763c8f65benkb"}
{"type":"operationStart","subtype":"render","name":"anonymous","previousOperationId":"ae763c8f65benkb","timestamp":1764959923431,"id":"6orhnrhejcems3d","previousEventId":"gp89gsugawpgym7","operationId":"drpygxkllvewi3f"}
{"type":"log","timestamp":1764959923431,"level":"info","message":"Starting rendering (child) request","meta":{"rootId":"nmiz3mo5v2hpac7","id":"h80n6tr8lgbkqbr"},"id":"uylw9qkqvt4rr2b","previousOperationId":"drpygxkllvewi3f"}
{"type":"log","timestamp":1764959923431,"level":"info","message":"Rendering anonymous template { recipe: html, engine: handlebars }","meta":{"rootId":"nmiz3mo5v2hpac7","id":"h80n6tr8lgbkqbr"},"id":"ei0k921p642wmze","previousOperationId":"drpygxkllvewi3f"}
{"type":"log","timestamp":1764959923431,"level":"debug","message":"Inline data specified.","meta":{"rootId":"nmiz3mo5v2hpac7","id":"h80n6tr8lgbkqbr"},"id":"filt5fdhy6iex3z","previousOperationId":"drpygxkllvewi3f"}
{"type":"log","timestamp":1764959923437,"level":"debug","message":"Base url not specified, skipping its injection.","meta":{"rootId":"nmiz3mo5v2hpac7","id":"h80n6tr8lgbkqbr"},"id":"nuyp6w9dc1wefmj","previousOperationId":"drpygxkllvewi3f"}
{"type":"operationStart","subtype":"engine","name":"handlebars","timestamp":1764959923437,"id":"zu4rr5vu39tlx8o","previousEventId":"6orhnrhejcems3d","operationId":"59flowvdr888vkj","previousOperationId":"drpygxkllvewi3f"}
{"type":"log","timestamp":1764959923437,"level":"debug","message":"Rendering engine handlebars","meta":{"rootId":"nmiz3mo5v2hpac7","id":"h80n6tr8lgbkqbr"},"id":"h1kfnyze816ao93","previousOperationId":"59flowvdr888vkj"}
{"type":"operationEnd","operationId":"59flowvdr888vkj","timestamp":1764959923466,"id":"dniwqnj9ahc3836","previousEventId":"zu4rr5vu39tlx8o","previousOperationId":"59flowvdr888vkj"}
{"type":"operationStart","subtype":"recipe","name":"html","timestamp":1764959923467,"id":"xmn9r7gfao0kdvo","previousEventId":"dniwqnj9ahc3836","operationId":"lw2vx5b32ewkxzz","previousOperationId":"59flowvdr888vkj"}
{"type":"log","timestamp":1764959923467,"level":"debug","message":"Executing recipe html","meta":{"rootId":"nmiz3mo5v2hpac7","id":"h80n6tr8lgbkqbr"},"id":"cc437zet79ohux5","previousOperationId":"lw2vx5b32ewkxzz"}
{"type":"operationEnd","operationId":"lw2vx5b32ewkxzz","timestamp":1764959923467,"id":"t0pf5xhr6jf6l5h","previousEventId":"xmn9r7gfao0kdvo","previousOperationId":"lw2vx5b32ewkxzz"}
{"type":"log","timestamp":1764959923468,"level":"debug","message":"Skipping storing report.","meta":{"rootId":"nmiz3mo5v2hpac7","id":"h80n6tr8lgbkqbr"},"id":"ufbffzkqskzrtsp","previousOperationId":"lw2vx5b32ewkxzz"}
{"type":"log","timestamp":1764959923468,"level":"info","message":"Rendering (child) request finished in 1262 ms","meta":{"rootId":"nmiz3mo5v2hpac7","id":"h80n6tr8lgbkqbr"},"id":"9o7w7ghbzxikybt","previousOperationId":"lw2vx5b32ewkxzz"}
{"type":"operationEnd","subtype":"render","operationId":"drpygxkllvewi3f","timestamp":1764959923468,"id":"varmmqvsndknkw3","previousEventId":"t0pf5xhr6jf6l5h","previousOperationId":"lw2vx5b32ewkxzz"}
{"type":"log","timestamp":1764959923918,"level":"debug","message":"pptx successfully zipped","meta":{"rootId":"nmiz3mo5v2hpac7","id":"nmiz3mo5v2hpac7"},"id":"aonnf94ebdx783v","previousOperationId":"ae763c8f65benkb"}
{"type":"log","timestamp":1764959923918,"level":"info","message":"pptx generation was finished","meta":{"rootId":"nmiz3mo5v2hpac7","id":"nmiz3mo5v2hpac7"},"id":"2ix5d4gog7vc1ut","previousOperationId":"ae763c8f65benkb"}
{"type":"operationEnd","operationId":"ae763c8f65benkb","timestamp":1764959923925,"id":"il91dzsmgo4u6hh","previousEventId":"gp89gsugawpgym7","previousOperationId":"ae763c8f65benkb"}
{"type":"log","timestamp":1764959923925,"level":"debug","message":"Skipping storing report.","meta":{"rootId":"nmiz3mo5v2hpac7","id":"nmiz3mo5v2hpac7"},"id":"yvdhzs2aczi5ydv","previousOperationId":"ae763c8f65benkb"}
{"type":"log","timestamp":1764959923925,"level":"info","message":"Rendering request 1 finished in 1719 ms","meta":{"rootId":"nmiz3mo5v2hpac7","id":"nmiz3mo5v2hpac7"},"id":"ob69fpxb4z78z6k","previousOperationId":"ae763c8f65benkb"}
{"type":"operationEnd","subtype":"render","operationId":"x2ueiu45dekxtxu","timestamp":1764959923925,"id":"v7vv3sp69ssrc86","previousEventId":"il91dzsmgo4u6hh","previousOperationId":"ae763c8f65benkb"}
{"type":"operationEnd","doDiffs":false,"previousEventId":"jdhuu3s44f1vlc3","previousOperationId":"q6uopunfj8o3xnd","operationId":"q6uopunfj8o3xnd","timestamp":1764959923932,"id":"pnv1qvv7fodro9m"}
