{"type":"operationStart","subtype":"profile","data":{"_id":"HklTd6cNr92ZKKpN","timestamp":"2025-12-07T14:32:41.976Z","state":"running","mode":"standard","creationDate":"2025-12-07T14:32:41.984Z","modificationDate":"2025-12-07T14:32:41.984Z","shortid":"eN-5FnI","$entitySet":"profiles","timeout":60000},"doDiffs":false,"timestamp":1765117961982,"id":"rd14jxmfemtwsf4","previousOperationId":null,"operationId":"akpq5isssg3lsxs"}
{"type":"log","level":"info","message":"Render request 6 queued for execution and waiting for available worker","previousOperationId":"akpq5isssg3lsxs","timestamp":1765117961982,"id":"zakaergkxtt0k1a"}
{"type":"operationStart","subtype":"render","name":"anonymous","previousOperationId":"akpq5isssg3lsxs","timestamp":1765117962050,"id":"b9781ad6e3y9yj0","previousEventId":"rd14jxmfemtwsf4","operationId":"jhmwc2kps91w42e"}
{"type":"log","timestamp":1765117962051,"level":"info","message":"Starting rendering request 6","meta":{"rootId":"nnfti1fpveyroh1","id":"nnfti1fpveyroh1"},"id":"owwvf6yh3lzt5la","previousOperationId":"jhmwc2kps91w42e"}
{"type":"log","timestamp":1765117962051,"level":"info","message":"Rendering anonymous template { recipe: pptx, engine: handlebars }","meta":{"rootId":"nnfti1fpveyroh1","id":"nnfti1fpveyroh1"},"id":"btfhhz8oekxucij","previousOperationId":"jhmwc2kps91w42e"}
{"type":"log","timestamp":1765117962051,"level":"debug","message":"Inline data specified.","meta":{"rootId":"nnfti1fpveyroh1","id":"nnfti1fpveyroh1"},"id":"tydla2d23g3tvt0","previousOperationId":"jhmwc2kps91w42e"}
{"type":"log","timestamp":1765117962055,"level":"debug","message":"Base url not specified, skipping its injection.","meta":{"rootId":"nnfti1fpveyroh1","id":"nnfti1fpveyroh1"},"id":"zsr39zcweu3a2zi","previousOperationId":"jhmwc2kps91w42e"}
{"type":"operationStart","subtype":"engine","name":"handlebars","timestamp":1765117962056,"id":"p6qp8zmjthbcwt5","previousEventId":"b9781ad6e3y9yj0","operationId":"hu0r67uvrh102b9","previousOperationId":"jhmwc2kps91w42e"}
{"type":"log","timestamp":1765117962056,"level":"debug","message":"Rendering engine handlebars","meta":{"rootId":"nnfti1fpveyroh1","id":"nnfti1fpveyroh1"},"id":"r4tvarzh21zmlph","previousOperationId":"hu0r67uvrh102b9"}
{"type":"operationEnd","operationId":"hu0r67uvrh102b9","timestamp":1765117962146,"id":"0y44464rmyupsgs","previousEventId":"p6qp8zmjthbcwt5","previousOperationId":"hu0r67uvrh102b9"}
{"type":"operationStart","subtype":"recipe","name":"pptx","timestamp":1765117962146,"id":"4ru7kz5wwkmz16q","previousEventId":"0y44464rmyupsgs","operationId":"v8ss08i32h97j8l","previousOperationId":"hu0r67uvrh102b9"}
{"type":"log","timestamp":1765117962146,"level":"debug","message":"Executing recipe pptx","meta":{"rootId":"nnfti1fpveyroh1","id":"nnfti1fpveyroh1"},"id":"nbkpd937t0m0d0p","previousOperationId":"v8ss08i32h97j8l"}
{"type":"log","timestamp":1765117962169,"level":"info","message":"pptx generation is starting","meta":{"rootId":"nnfti1fpveyroh1","id":"nnfti1fpveyroh1"},"id":"onxfdd858ptsiyr","previousOperationId":"v8ss08i32h97j8l"}
{"type":"log","timestamp":1765117963801,"level":"debug","message":"Starting child request to render pptx dynamic parts","meta":{"rootId":"nnfti1fpveyroh1","id":"nnfti1fpveyroh1"},"id":"04xi98kws86uv1o","previousOperationId":"v8ss08i32h97j8l"}
{"type":"operationStart","subtype":"render","name":"anonymous","previousOperationId":"v8ss08i32h97j8l","timestamp":1765117963801,"id":"t4ndd79y1w1carx","previousEventId":"4ru7kz5wwkmz16q","operationId":"m89xg0jg0x0dpzo"}
{"type":"log","timestamp":1765117963801,"level":"info","message":"Starting rendering (child) request","meta":{"rootId":"nnfti1fpveyroh1","id":"apcg0sn5ywwevi3"},"id":"hc4duhc6w20z85h","previousOperationId":"m89xg0jg0x0dpzo"}
{"type":"log","timestamp":1765117963801,"level":"info","message":"Rendering anonymous template { recipe: html, engine: handlebars }","meta":{"rootId":"nnfti1fpveyroh1","id":"apcg0sn5ywwevi3"},"id":"805gtgjy5krsbiq","previousOperationId":"m89xg0jg0x0dpzo"}
{"type":"log","timestamp":1765117963802,"level":"debug","message":"Inline data specified.","meta":{"rootId":"nnfti1fpveyroh1","id":"apcg0sn5ywwevi3"},"id":"k88d4vpcpkqr328","previousOperationId":"m89xg0jg0x0dpzo"}
{"type":"log","timestamp":1765117963812,"level":"debug","message":"Base url not specified, skipping its injection.","meta":{"rootId":"nnfti1fpveyroh1","id":"apcg0sn5ywwevi3"},"id":"u8lk4t2aaejkcwe","previousOperationId":"m89xg0jg0x0dpzo"}
{"type":"operationStart","subtype":"engine","name":"handlebars","timestamp":1765117963814,"id":"8ki3z20r3o3dd4k","previousEventId":"t4ndd79y1w1carx","operationId":"h3gbon1kd0qrjnu","previousOperationId":"m89xg0jg0x0dpzo"}
{"type":"log","timestamp":1765117963814,"level":"debug","message":"Rendering engine handlebars","meta":{"rootId":"nnfti1fpveyroh1","id":"apcg0sn5ywwevi3"},"id":"okrse7nba99px91","previousOperationId":"h3gbon1kd0qrjnu"}
{"type":"operationEnd","operationId":"h3gbon1kd0qrjnu","timestamp":1765117963931,"id":"94rxobja4354ib9","previousEventId":"8ki3z20r3o3dd4k","previousOperationId":"h3gbon1kd0qrjnu"}
{"type":"operationStart","subtype":"recipe","name":"html","timestamp":1765117963944,"id":"ryofcdi98i2w3yv","previousEventId":"94rxobja4354ib9","operationId":"z90n31xgrsexsih","previousOperationId":"h3gbon1kd0qrjnu"}
{"type":"log","timestamp":1765117963944,"level":"debug","message":"Executing recipe html","meta":{"rootId":"nnfti1fpveyroh1","id":"apcg0sn5ywwevi3"},"id":"mw4qsqg41lmprcq","previousOperationId":"z90n31xgrsexsih"}
{"type":"operationEnd","operationId":"z90n31xgrsexsih","timestamp":1765117963944,"id":"5cfpc34s5s05knt","previousEventId":"ryofcdi98i2w3yv","previousOperationId":"z90n31xgrsexsih"}
{"type":"log","timestamp":1765117963944,"level":"debug","message":"Skipping storing report.","meta":{"rootId":"nnfti1fpveyroh1","id":"apcg0sn5ywwevi3"},"id":"ty2qbpnw5x6inaz","previousOperationId":"z90n31xgrsexsih"}
{"type":"log","timestamp":1765117963944,"level":"info","message":"Rendering (child) request finished in 1969 ms","meta":{"rootId":"nnfti1fpveyroh1","id":"apcg0sn5ywwevi3"},"id":"gtf2en6m3ekpzai","previousOperationId":"z90n31xgrsexsih"}
{"type":"operationEnd","subtype":"render","operationId":"m89xg0jg0x0dpzo","timestamp":1765117963945,"id":"lhkk5jyzpz9yer4","previousEventId":"5cfpc34s5s05knt","previousOperationId":"z90n31xgrsexsih"}
{"type":"log","timestamp":1765117970430,"level":"debug","message":"pptx successfully zipped","meta":{"rootId":"nnfti1fpveyroh1","id":"nnfti1fpveyroh1"},"id":"zreect19n06jjiz","previousOperationId":"v8ss08i32h97j8l"}
{"type":"log","timestamp":1765117970430,"level":"info","message":"pptx generation was finished","meta":{"rootId":"nnfti1fpveyroh1","id":"nnfti1fpveyroh1"},"id":"i8yoq2z3evddpbn","previousOperationId":"v8ss08i32h97j8l"}
{"type":"operationEnd","operationId":"v8ss08i32h97j8l","timestamp":1765117970440,"id":"xubo5sexc4g56os","previousEventId":"4ru7kz5wwkmz16q","previousOperationId":"v8ss08i32h97j8l"}
{"type":"log","timestamp":1765117970440,"level":"debug","message":"Skipping storing report.","meta":{"rootId":"nnfti1fpveyroh1","id":"nnfti1fpveyroh1"},"id":"0ehbuwicpdvizxc","previousOperationId":"v8ss08i32h97j8l"}
{"type":"log","timestamp":1765117970440,"level":"info","message":"Rendering request 6 finished in 8465 ms","meta":{"rootId":"nnfti1fpveyroh1","id":"nnfti1fpveyroh1"},"id":"5rzbd91jnofuk2d","previousOperationId":"v8ss08i32h97j8l"}
{"type":"operationEnd","subtype":"render","operationId":"jhmwc2kps91w42e","timestamp":1765117970440,"id":"pk4q4ipvyi2sin9","previousEventId":"xubo5sexc4g56os","previousOperationId":"v8ss08i32h97j8l"}
{"type":"operationEnd","doDiffs":false,"previousEventId":"rd14jxmfemtwsf4","previousOperationId":"akpq5isssg3lsxs","operationId":"akpq5isssg3lsxs","timestamp":1765117970448,"id":"ej8ab65kxr6qteq"}
