{"type":"operationStart","subtype":"profile","data":{"_id":"tp92TAyPdNiM8IDn","timestamp":"2025-12-05T12:45:43.840Z","state":"running","mode":"standard","creationDate":"2025-12-05T12:45:43.843Z","modificationDate":"2025-12-05T12:45:43.843Z","shortid":"Djvl0pA","$entitySet":"profiles","timeout":60000},"doDiffs":false,"timestamp":1764938743842,"id":"f89kc891h8hcisl","previousOperationId":null,"operationId":"shp7wb3gjml9zkf"}
{"type":"log","level":"info","message":"Render request 12 queued for execution and waiting for available worker","previousOperationId":"shp7wb3gjml9zkf","timestamp":1764938743842,"id":"2m0e1sipmw2dccn"}
{"type":"operationStart","subtype":"render","name":"anonymous","previousOperationId":"shp7wb3gjml9zkf","timestamp":1764938743853,"id":"0vm0hemjo3ofcol","previousEventId":"f89kc891h8hcisl","operationId":"opkfixecnpdn53n"}
{"type":"log","timestamp":1764938743853,"level":"info","message":"Starting rendering request 12","meta":{"rootId":"nrru4m6j1h0fxor","id":"nrru4m6j1h0fxor"},"id":"kex0i7f74j463xp","previousOperationId":"opkfixecnpdn53n"}
{"type":"log","timestamp":1764938743854,"level":"info","message":"Rendering anonymous template { recipe: pptx, engine: handlebars }","meta":{"rootId":"nrru4m6j1h0fxor","id":"nrru4m6j1h0fxor"},"id":"n86w5ysqd7xgiy4","previousOperationId":"opkfixecnpdn53n"}
{"type":"log","timestamp":1764938743854,"level":"debug","message":"Inline data specified.","meta":{"rootId":"nrru4m6j1h0fxor","id":"nrru4m6j1h0fxor"},"id":"nx6d8avt3vhhxpd","previousOperationId":"opkfixecnpdn53n"}
{"type":"log","timestamp":1764938743855,"level":"debug","message":"Base url not specified, skipping its injection.","meta":{"rootId":"nrru4m6j1h0fxor","id":"nrru4m6j1h0fxor"},"id":"7ife9piilwwfh4k","previousOperationId":"opkfixecnpdn53n"}
{"type":"operationStart","subtype":"engine","name":"handlebars","timestamp":1764938743856,"id":"qc2r1df9v4wzi58","previousEventId":"0vm0hemjo3ofcol","operationId":"kdq5zjp4190rwem","previousOperationId":"opkfixecnpdn53n"}
{"type":"log","timestamp":1764938743856,"level":"debug","message":"Rendering engine handlebars","meta":{"rootId":"nrru4m6j1h0fxor","id":"nrru4m6j1h0fxor"},"id":"7gpj6pcu61g06zu","previousOperationId":"kdq5zjp4190rwem"}
{"type":"operationEnd","operationId":"kdq5zjp4190rwem","timestamp":1764938743872,"id":"im1lza4q8loop70","previousEventId":"qc2r1df9v4wzi58","previousOperationId":"kdq5zjp4190rwem"}
{"type":"operationStart","subtype":"recipe","name":"pptx","timestamp":1764938743872,"id":"58vhabe5hzj70ah","previousEventId":"im1lza4q8loop70","operationId":"0whf69eqjli3gb9","previousOperationId":"kdq5zjp4190rwem"}
{"type":"log","timestamp":1764938743872,"level":"debug","message":"Executing recipe pptx","meta":{"rootId":"nrru4m6j1h0fxor","id":"nrru4m6j1h0fxor"},"id":"tirdxwfwdwbxuio","previousOperationId":"0whf69eqjli3gb9"}
{"type":"log","timestamp":1764938743873,"level":"info","message":"pptx generation is starting","meta":{"rootId":"nrru4m6j1h0fxor","id":"nrru4m6j1h0fxor"},"id":"krylap7yre7446d","previousOperationId":"0whf69eqjli3gb9"}
{"type":"log","timestamp":1764938743976,"level":"debug","message":"Starting child request to render pptx dynamic parts","meta":{"rootId":"nrru4m6j1h0fxor","id":"nrru4m6j1h0fxor"},"id":"t2josllim4a448l","previousOperationId":"0whf69eqjli3gb9"}
{"type":"operationStart","subtype":"render","name":"anonymous","previousOperationId":"0whf69eqjli3gb9","timestamp":1764938743977,"id":"w1eqc2a7zhpxa16","previousEventId":"58vhabe5hzj70ah","operationId":"8o1075h7zkwlp5y"}
{"type":"log","timestamp":1764938743977,"level":"info","message":"Starting rendering (child) request","meta":{"rootId":"nrru4m6j1h0fxor","id":"p6kn5378zqadz91"},"id":"da6ywrvg8kufgx9","previousOperationId":"8o1075h7zkwlp5y"}
{"type":"log","timestamp":1764938743977,"level":"info","message":"Rendering anonymous template { recipe: html, engine: handlebars }","meta":{"rootId":"nrru4m6j1h0fxor","id":"p6kn5378zqadz91"},"id":"eoyqwng2ka06jtk","previousOperationId":"8o1075h7zkwlp5y"}
{"type":"log","timestamp":1764938743977,"level":"debug","message":"Inline data specified.","meta":{"rootId":"nrru4m6j1h0fxor","id":"p6kn5378zqadz91"},"id":"fhguwd2f380wrkv","previousOperationId":"8o1075h7zkwlp5y"}
{"type":"log","timestamp":1764938743978,"level":"debug","message":"Base url not specified, skipping its injection.","meta":{"rootId":"nrru4m6j1h0fxor","id":"p6kn5378zqadz91"},"id":"556ontg36j6me74","previousOperationId":"8o1075h7zkwlp5y"}
{"type":"operationStart","subtype":"engine","name":"handlebars","timestamp":1764938743979,"id":"fsbybo6eld14t7d","previousEventId":"w1eqc2a7zhpxa16","operationId":"iodv0rmiqe5icsc","previousOperationId":"8o1075h7zkwlp5y"}
{"type":"log","timestamp":1764938743979,"level":"debug","message":"Rendering engine handlebars","meta":{"rootId":"nrru4m6j1h0fxor","id":"p6kn5378zqadz91"},"id":"urzvfosj154nnjm","previousOperationId":"iodv0rmiqe5icsc"}
{"type":"operationEnd","operationId":"iodv0rmiqe5icsc","timestamp":1764938744016,"id":"9b6qwjur0mpvz8o","previousEventId":"fsbybo6eld14t7d","previousOperationId":"iodv0rmiqe5icsc"}
{"type":"operationStart","subtype":"recipe","name":"html","timestamp":1764938744018,"id":"dpxq0dktxwdb6ea","previousEventId":"9b6qwjur0mpvz8o","operationId":"o76fpfgnywfzrj0","previousOperationId":"iodv0rmiqe5icsc"}
{"type":"log","timestamp":1764938744018,"level":"debug","message":"Executing recipe html","meta":{"rootId":"nrru4m6j1h0fxor","id":"p6kn5378zqadz91"},"id":"g78vv0oxbldmq08","previousOperationId":"o76fpfgnywfzrj0"}
{"type":"operationEnd","operationId":"o76fpfgnywfzrj0","timestamp":1764938744018,"id":"8uw2x7pu5u3b1a7","previousEventId":"dpxq0dktxwdb6ea","previousOperationId":"o76fpfgnywfzrj0"}
{"type":"log","timestamp":1764938744018,"level":"debug","message":"Skipping storing report.","meta":{"rootId":"nrru4m6j1h0fxor","id":"p6kn5378zqadz91"},"id":"hmayb8e857yf96t","previousOperationId":"o76fpfgnywfzrj0"}
{"type":"log","timestamp":1764938744019,"level":"info","message":"Rendering (child) request finished in 179 ms","meta":{"rootId":"nrru4m6j1h0fxor","id":"p6kn5378zqadz91"},"id":"m8jpj4di5qyr8kh","previousOperationId":"o76fpfgnywfzrj0"}
{"type":"operationEnd","subtype":"render","operationId":"8o1075h7zkwlp5y","timestamp":1764938744019,"id":"i5jhz0b5xhp88x4","previousEventId":"8uw2x7pu5u3b1a7","previousOperationId":"o76fpfgnywfzrj0"}
{"type":"log","timestamp":1764938744120,"level":"debug","message":"pptx successfully zipped","meta":{"rootId":"nrru4m6j1h0fxor","id":"nrru4m6j1h0fxor"},"id":"dsnji7nszldwn5x","previousOperationId":"0whf69eqjli3gb9"}
{"type":"log","timestamp":1764938744120,"level":"info","message":"pptx generation was finished","meta":{"rootId":"nrru4m6j1h0fxor","id":"nrru4m6j1h0fxor"},"id":"wq08qu8u7bowv3m","previousOperationId":"0whf69eqjli3gb9"}
{"type":"operationEnd","operationId":"0whf69eqjli3gb9","timestamp":1764938744124,"id":"qkklpxfzmn4azp1","previousEventId":"58vhabe5hzj70ah","previousOperationId":"0whf69eqjli3gb9"}
{"type":"log","timestamp":1764938744124,"level":"debug","message":"Skipping storing report.","meta":{"rootId":"nrru4m6j1h0fxor","id":"nrru4m6j1h0fxor"},"id":"zm3v93ziyar7is7","previousOperationId":"0whf69eqjli3gb9"}
{"type":"log","timestamp":1764938744124,"level":"info","message":"Rendering request 12 finished in 284 ms","meta":{"rootId":"nrru4m6j1h0fxor","id":"nrru4m6j1h0fxor"},"id":"v7jrvxslwom3khi","previousOperationId":"0whf69eqjli3gb9"}
{"type":"operationEnd","subtype":"render","operationId":"opkfixecnpdn53n","timestamp":1764938744124,"id":"x6e1qllwku6r1pu","previousEventId":"qkklpxfzmn4azp1","previousOperationId":"0whf69eqjli3gb9"}
{"type":"operationEnd","doDiffs":false,"previousEventId":"f89kc891h8hcisl","previousOperationId":"shp7wb3gjml9zkf","operationId":"shp7wb3gjml9zkf","timestamp":1764938744128,"id":"5dvy3csqc5t0sn1"}
