{"type":"operationStart","subtype":"profile","data":{"_id":"LPHGAgV085uEDbqk","timestamp":"2025-12-06T16:01:05.283Z","state":"running","mode":"standard","creationDate":"2025-12-06T16:01:05.285Z","modificationDate":"2025-12-06T16:01:05.285Z","shortid":"i8k2zEh","$entitySet":"profiles","timeout":60000},"doDiffs":false,"timestamp":1765036865285,"id":"9guzp2rvv8rs9ar","previousOperationId":null,"operationId":"56dw9rmyidyvg1a"}
{"type":"log","level":"info","message":"Render request 34 queued for execution and waiting for available worker","previousOperationId":"56dw9rmyidyvg1a","timestamp":1765036865285,"id":"ncleilfo6ayw9ys"}
{"type":"operationStart","subtype":"render","name":"anonymous","previousOperationId":"56dw9rmyidyvg1a","timestamp":1765036865294,"id":"5cdjuwytp7tcmrl","previousEventId":"9guzp2rvv8rs9ar","operationId":"gitdywkxp0pu77d"}
{"type":"log","timestamp":1765036865294,"level":"info","message":"Starting rendering request 34","meta":{"rootId":"nvhj33wnw496o11","id":"nvhj33wnw496o11"},"id":"wv8wduptm2x6lbx","previousOperationId":"gitdywkxp0pu77d"}
{"type":"log","timestamp":1765036865294,"level":"info","message":"Rendering anonymous template { recipe: pptx, engine: handlebars }","meta":{"rootId":"nvhj33wnw496o11","id":"nvhj33wnw496o11"},"id":"sz4hztrnxn5izdo","previousOperationId":"gitdywkxp0pu77d"}
{"type":"log","timestamp":1765036865294,"level":"debug","message":"Inline data specified.","meta":{"rootId":"nvhj33wnw496o11","id":"nvhj33wnw496o11"},"id":"2w2e5g72qcfzbw6","previousOperationId":"gitdywkxp0pu77d"}
{"type":"log","timestamp":1765036865296,"level":"debug","message":"Base url not specified, skipping its injection.","meta":{"rootId":"nvhj33wnw496o11","id":"nvhj33wnw496o11"},"id":"rl5w50g3db1jpzl","previousOperationId":"gitdywkxp0pu77d"}
{"type":"operationStart","subtype":"engine","name":"handlebars","timestamp":1765036865296,"id":"0g1ou6x784vt87b","previousEventId":"5cdjuwytp7tcmrl","operationId":"ccjh9kvrqi8i4wy","previousOperationId":"gitdywkxp0pu77d"}
{"type":"log","timestamp":1765036865296,"level":"debug","message":"Rendering engine handlebars","meta":{"rootId":"nvhj33wnw496o11","id":"nvhj33wnw496o11"},"id":"8ivsf7bjqhlj6g5","previousOperationId":"ccjh9kvrqi8i4wy"}
{"type":"operationEnd","operationId":"ccjh9kvrqi8i4wy","timestamp":1765036865303,"id":"t6qit8x8gxfa01r","previousEventId":"0g1ou6x784vt87b","previousOperationId":"ccjh9kvrqi8i4wy"}
{"type":"operationStart","subtype":"recipe","name":"pptx","timestamp":1765036865303,"id":"r034u078ms506gm","previousEventId":"t6qit8x8gxfa01r","operationId":"py0p84i4jpz8pvq","previousOperationId":"ccjh9kvrqi8i4wy"}
{"type":"log","timestamp":1765036865303,"level":"debug","message":"Executing recipe pptx","meta":{"rootId":"nvhj33wnw496o11","id":"nvhj33wnw496o11"},"id":"ay32g2qpv1tbmkw","previousOperationId":"py0p84i4jpz8pvq"}
{"type":"log","timestamp":1765036865304,"level":"info","message":"pptx generation is starting","meta":{"rootId":"nvhj33wnw496o11","id":"nvhj33wnw496o11"},"id":"6tqp01khg9z9sdg","previousOperationId":"py0p84i4jpz8pvq"}
{"type":"log","timestamp":1765036865383,"level":"debug","message":"Starting child request to render pptx dynamic parts","meta":{"rootId":"nvhj33wnw496o11","id":"nvhj33wnw496o11"},"id":"r7pr7rdiqm661by","previousOperationId":"py0p84i4jpz8pvq"}
{"type":"operationStart","subtype":"render","name":"anonymous","previousOperationId":"py0p84i4jpz8pvq","timestamp":1765036865383,"id":"389oludm5sc004y","previousEventId":"r034u078ms506gm","operationId":"1wzm3g1nv2wjcvu"}
{"type":"log","timestamp":1765036865383,"level":"info","message":"Starting rendering (child) request","meta":{"rootId":"nvhj33wnw496o11","id":"632oxsr65u0l4kk"},"id":"y69zi3pqe9y6k9h","previousOperationId":"1wzm3g1nv2wjcvu"}
{"type":"log","timestamp":1765036865383,"level":"info","message":"Rendering anonymous template { recipe: html, engine: handlebars }","meta":{"rootId":"nvhj33wnw496o11","id":"632oxsr65u0l4kk"},"id":"w0ufs8ewigitj6m","previousOperationId":"1wzm3g1nv2wjcvu"}
{"type":"log","timestamp":1765036865383,"level":"debug","message":"Inline data specified.","meta":{"rootId":"nvhj33wnw496o11","id":"632oxsr65u0l4kk"},"id":"dpagfc2rn70xpld","previousOperationId":"1wzm3g1nv2wjcvu"}
{"type":"log","timestamp":1765036865388,"level":"debug","message":"Base url not specified, skipping its injection.","meta":{"rootId":"nvhj33wnw496o11","id":"632oxsr65u0l4kk"},"id":"7aeranvhygot0d0","previousOperationId":"1wzm3g1nv2wjcvu"}
{"type":"operationStart","subtype":"engine","name":"handlebars","timestamp":1765036865389,"id":"228ziyero7onqbi","previousEventId":"389oludm5sc004y","operationId":"k6xeyt4yqislju5","previousOperationId":"1wzm3g1nv2wjcvu"}
{"type":"log","timestamp":1765036865389,"level":"debug","message":"Rendering engine handlebars","meta":{"rootId":"nvhj33wnw496o11","id":"632oxsr65u0l4kk"},"id":"tx0qvw2dp8tpul9","previousOperationId":"k6xeyt4yqislju5"}
{"type":"operationEnd","operationId":"k6xeyt4yqislju5","timestamp":1765036865417,"id":"jeqwyel1tv3ga4p","previousEventId":"228ziyero7onqbi","previousOperationId":"k6xeyt4yqislju5"}
{"type":"operationStart","subtype":"recipe","name":"html","timestamp":1765036865419,"id":"pekkxwjwcuec6u2","previousEventId":"jeqwyel1tv3ga4p","operationId":"gqnsfxqgx2hxg69","previousOperationId":"k6xeyt4yqislju5"}
{"type":"log","timestamp":1765036865419,"level":"debug","message":"Executing recipe html","meta":{"rootId":"nvhj33wnw496o11","id":"632oxsr65u0l4kk"},"id":"9mnd8rax8nknd9j","previousOperationId":"gqnsfxqgx2hxg69"}
{"type":"operationEnd","operationId":"gqnsfxqgx2hxg69","timestamp":1765036865419,"id":"oc9dczbjgmseee2","previousEventId":"pekkxwjwcuec6u2","previousOperationId":"gqnsfxqgx2hxg69"}
{"type":"log","timestamp":1765036865419,"level":"debug","message":"Skipping storing report.","meta":{"rootId":"nvhj33wnw496o11","id":"632oxsr65u0l4kk"},"id":"ednb3jbibjulh81","previousOperationId":"gqnsfxqgx2hxg69"}
{"type":"log","timestamp":1765036865419,"level":"info","message":"Rendering (child) request finished in 136 ms","meta":{"rootId":"nvhj33wnw496o11","id":"632oxsr65u0l4kk"},"id":"dprp2peb7gsdx25","previousOperationId":"gqnsfxqgx2hxg69"}
{"type":"operationEnd","subtype":"render","operationId":"1wzm3g1nv2wjcvu","timestamp":1765036865419,"id":"3lwfta5msbmsdiw","previousEventId":"oc9dczbjgmseee2","previousOperationId":"gqnsfxqgx2hxg69"}
{"type":"log","timestamp":1765036866717,"level":"debug","message":"pptx successfully zipped","meta":{"rootId":"nvhj33wnw496o11","id":"nvhj33wnw496o11"},"id":"5fxwntayk6p11by","previousOperationId":"py0p84i4jpz8pvq"}
{"type":"log","timestamp":1765036866717,"level":"info","message":"pptx generation was finished","meta":{"rootId":"nvhj33wnw496o11","id":"nvhj33wnw496o11"},"id":"dujk3npxk1ixx6t","previousOperationId":"py0p84i4jpz8pvq"}
{"type":"operationEnd","operationId":"py0p84i4jpz8pvq","timestamp":1765036866720,"id":"o7gc6jfph2k1wkm","previousEventId":"r034u078ms506gm","previousOperationId":"py0p84i4jpz8pvq"}
{"type":"log","timestamp":1765036866720,"level":"debug","message":"Skipping storing report.","meta":{"rootId":"nvhj33wnw496o11","id":"nvhj33wnw496o11"},"id":"sfmulq3uirec67a","previousOperationId":"py0p84i4jpz8pvq"}
{"type":"log","timestamp":1765036866720,"level":"info","message":"Rendering request 34 finished in 1437 ms","meta":{"rootId":"nvhj33wnw496o11","id":"nvhj33wnw496o11"},"id":"owi8oqahrk4vly5","previousOperationId":"py0p84i4jpz8pvq"}
{"type":"operationEnd","subtype":"render","operationId":"gitdywkxp0pu77d","timestamp":1765036866720,"id":"cmlxohvlzsf944u","previousEventId":"o7gc6jfph2k1wkm","previousOperationId":"py0p84i4jpz8pvq"}
{"type":"operationEnd","doDiffs":false,"previousEventId":"9guzp2rvv8rs9ar","previousOperationId":"56dw9rmyidyvg1a","operationId":"56dw9rmyidyvg1a","timestamp":1765036866723,"id":"q375sddzggzezvi"}
