{"type":"operationStart","subtype":"profile","data":{"_id":"GMHhFgnZlAQxgZai","timestamp":"2025-12-04T23:20:34.922Z","state":"running","mode":"standard","creationDate":"2025-12-04T23:20:34.927Z","modificationDate":"2025-12-04T23:20:34.927Z","shortid":"ycykQg4","$entitySet":"profiles","timeout":60000},"doDiffs":false,"timestamp":1764890434925,"id":"n1t2cp1cfq7q5dp","previousOperationId":null,"operationId":"92o7q1auplypzf8"}
{"type":"log","level":"info","message":"Render request 2 queued for execution and waiting for available worker","previousOperationId":"92o7q1auplypzf8","timestamp":1764890434925,"id":"xntpta4m469cwzy"}
{"type":"operationStart","subtype":"render","name":"anonymous","previousOperationId":"92o7q1auplypzf8","timestamp":1764890434945,"id":"xua5q483fie8rg6","previousEventId":"n1t2cp1cfq7q5dp","operationId":"0dyphkmfk91espn"}
{"type":"log","timestamp":1764890434947,"level":"info","message":"Starting rendering request 2","meta":{"rootId":"nxhn3lhsccxfq60","id":"nxhn3lhsccxfq60"},"id":"m4oucv31iuvn1mr","previousOperationId":"0dyphkmfk91espn"}
{"type":"log","timestamp":1764890434949,"level":"info","message":"Rendering anonymous template { recipe: pptx, engine: handlebars }","meta":{"rootId":"nxhn3lhsccxfq60","id":"nxhn3lhsccxfq60"},"id":"a51ujzleud3edrk","previousOperationId":"0dyphkmfk91espn"}
{"type":"log","timestamp":1764890434949,"level":"debug","message":"Inline data specified.","meta":{"rootId":"nxhn3lhsccxfq60","id":"nxhn3lhsccxfq60"},"id":"shco9t3dbsuh7ge","previousOperationId":"0dyphkmfk91espn"}
{"type":"log","timestamp":1764890434959,"level":"debug","message":"Base url not specified, skipping its injection.","meta":{"rootId":"nxhn3lhsccxfq60","id":"nxhn3lhsccxfq60"},"id":"36ya9g0wkrpbcp6","previousOperationId":"0dyphkmfk91espn"}
{"type":"operationStart","subtype":"engine","name":"handlebars","timestamp":1764890434960,"id":"wmkp397xq5gjk0i","previousEventId":"xua5q483fie8rg6","operationId":"7cwnd6sbpak61sg","previousOperationId":"0dyphkmfk91espn"}
{"type":"log","timestamp":1764890434960,"level":"debug","message":"Rendering engine handlebars","meta":{"rootId":"nxhn3lhsccxfq60","id":"nxhn3lhsccxfq60"},"id":"t1v9qumfiqy1jwd","previousOperationId":"7cwnd6sbpak61sg"}
{"type":"operationEnd","operationId":"7cwnd6sbpak61sg","timestamp":1764890435802,"id":"4emqjdyol56lm91","previousEventId":"wmkp397xq5gjk0i","previousOperationId":"7cwnd6sbpak61sg"}
{"type":"operationStart","subtype":"recipe","name":"pptx","timestamp":1764890435803,"id":"ym80ejwmnachx33","previousEventId":"4emqjdyol56lm91","operationId":"r4sk873d57btwzk","previousOperationId":"7cwnd6sbpak61sg"}
{"type":"log","timestamp":1764890435804,"level":"debug","message":"Executing recipe pptx","meta":{"rootId":"nxhn3lhsccxfq60","id":"nxhn3lhsccxfq60"},"id":"hh1w48p3ttyv7jd","previousOperationId":"r4sk873d57btwzk"}
{"type":"log","timestamp":1764890435957,"level":"info","message":"pptx generation is starting","meta":{"rootId":"nxhn3lhsccxfq60","id":"nxhn3lhsccxfq60"},"id":"g0gqtcqhm7s7o4s","previousOperationId":"r4sk873d57btwzk"}
{"type":"log","timestamp":1764890436124,"level":"debug","message":"Starting child request to render pptx dynamic parts","meta":{"rootId":"nxhn3lhsccxfq60","id":"nxhn3lhsccxfq60"},"id":"sdraptaudd9z7a5","previousOperationId":"r4sk873d57btwzk"}
{"type":"operationStart","subtype":"render","name":"anonymous","previousOperationId":"r4sk873d57btwzk","timestamp":1764890436125,"id":"mqymj25t68ofa8z","previousEventId":"ym80ejwmnachx33","operationId":"oh9d4sec9vr2g51"}
{"type":"log","timestamp":1764890436125,"level":"info","message":"Starting rendering (child) request","meta":{"rootId":"nxhn3lhsccxfq60","id":"nl3wmyumjjv19bu"},"id":"pvwntiscuzaa9lh","previousOperationId":"oh9d4sec9vr2g51"}
{"type":"log","timestamp":1764890436125,"level":"info","message":"Rendering anonymous template { recipe: html, engine: handlebars }","meta":{"rootId":"nxhn3lhsccxfq60","id":"nl3wmyumjjv19bu"},"id":"zwtf1zabvy7zrq2","previousOperationId":"oh9d4sec9vr2g51"}
{"type":"log","timestamp":1764890436125,"level":"debug","message":"Inline data specified.","meta":{"rootId":"nxhn3lhsccxfq60","id":"nl3wmyumjjv19bu"},"id":"3h9q99ktidrj3un","previousOperationId":"oh9d4sec9vr2g51"}
{"type":"log","timestamp":1764890436134,"level":"debug","message":"Base url not specified, skipping its injection.","meta":{"rootId":"nxhn3lhsccxfq60","id":"nl3wmyumjjv19bu"},"id":"nj5hdaub8ck8nc8","previousOperationId":"oh9d4sec9vr2g51"}
{"type":"operationStart","subtype":"engine","name":"handlebars","timestamp":1764890436134,"id":"3atea0ca65x9rkh","previousEventId":"mqymj25t68ofa8z","operationId":"4d1j6ekurzji854","previousOperationId":"oh9d4sec9vr2g51"}
{"type":"log","timestamp":1764890436134,"level":"debug","message":"Rendering engine handlebars","meta":{"rootId":"nxhn3lhsccxfq60","id":"nl3wmyumjjv19bu"},"id":"gmw80jv4yr71wuj","previousOperationId":"4d1j6ekurzji854"}
{"type":"operationEnd","operationId":"4d1j6ekurzji854","timestamp":1764890436172,"id":"z0o1lo5bkf0xqpm","previousEventId":"3atea0ca65x9rkh","previousOperationId":"4d1j6ekurzji854"}
{"type":"operationStart","subtype":"recipe","name":"html","timestamp":1764890436174,"id":"edx7s1cqfi2etsx","previousEventId":"z0o1lo5bkf0xqpm","operationId":"a9gixjgulgn3rns","previousOperationId":"4d1j6ekurzji854"}
{"type":"log","timestamp":1764890436174,"level":"debug","message":"Executing recipe html","meta":{"rootId":"nxhn3lhsccxfq60","id":"nl3wmyumjjv19bu"},"id":"56miw3ypvcryfhh","previousOperationId":"a9gixjgulgn3rns"}
{"type":"operationEnd","operationId":"a9gixjgulgn3rns","timestamp":1764890436174,"id":"x7uxz0m02nfz2wn","previousEventId":"edx7s1cqfi2etsx","previousOperationId":"a9gixjgulgn3rns"}
{"type":"log","timestamp":1764890436175,"level":"debug","message":"Skipping storing report.","meta":{"rootId":"nxhn3lhsccxfq60","id":"nl3wmyumjjv19bu"},"id":"otw972o4c5z06hx","previousOperationId":"a9gixjgulgn3rns"}
{"type":"log","timestamp":1764890436175,"level":"info","message":"Rendering (child) request finished in 1255 ms","meta":{"rootId":"nxhn3lhsccxfq60","id":"nl3wmyumjjv19bu"},"id":"wiyjy0fxlcyws2q","previousOperationId":"a9gixjgulgn3rns"}
{"type":"operationEnd","subtype":"render","operationId":"oh9d4sec9vr2g51","timestamp":1764890436175,"id":"1cxmhui86cu1nvt","previousEventId":"x7uxz0m02nfz2wn","previousOperationId":"a9gixjgulgn3rns"}
{"type":"log","timestamp":1764890436722,"level":"debug","message":"pptx successfully zipped","meta":{"rootId":"nxhn3lhsccxfq60","id":"nxhn3lhsccxfq60"},"id":"zebz9nbyrlcng0f","previousOperationId":"r4sk873d57btwzk"}
{"type":"log","timestamp":1764890436722,"level":"info","message":"pptx generation was finished","meta":{"rootId":"nxhn3lhsccxfq60","id":"nxhn3lhsccxfq60"},"id":"j8op804qdjet81s","previousOperationId":"r4sk873d57btwzk"}
{"type":"operationEnd","operationId":"r4sk873d57btwzk","timestamp":1764890436729,"id":"ggvug1d4wxyachz","previousEventId":"ym80ejwmnachx33","previousOperationId":"r4sk873d57btwzk"}
{"type":"log","timestamp":1764890436729,"level":"debug","message":"Skipping storing report.","meta":{"rootId":"nxhn3lhsccxfq60","id":"nxhn3lhsccxfq60"},"id":"3l6ywpjpkgdgmdp","previousOperationId":"r4sk873d57btwzk"}
{"type":"log","timestamp":1764890436729,"level":"info","message":"Rendering request 2 finished in 1809 ms","meta":{"rootId":"nxhn3lhsccxfq60","id":"nxhn3lhsccxfq60"},"id":"ojkffdxjl5rz2bz","previousOperationId":"r4sk873d57btwzk"}
{"type":"operationEnd","subtype":"render","operationId":"0dyphkmfk91espn","timestamp":1764890436729,"id":"jcrn795quj04vnx","previousEventId":"ggvug1d4wxyachz","previousOperationId":"r4sk873d57btwzk"}
{"type":"operationEnd","doDiffs":false,"previousEventId":"n1t2cp1cfq7q5dp","previousOperationId":"92o7q1auplypzf8","operationId":"92o7q1auplypzf8","timestamp":1764890436733,"id":"epeb6z47jxs5iz1"}
