{"type":"operationStart","subtype":"profile","data":{"_id":"KYjNIy9QB4SvJyoX","timestamp":"2025-12-07T11:32:09.071Z","state":"running","mode":"standard","creationDate":"2025-12-07T11:32:09.078Z","modificationDate":"2025-12-07T11:32:09.078Z","shortid":"r0V6uOk","$entitySet":"profiles","timeout":60000},"doDiffs":false,"timestamp":1765107129075,"id":"pg5y9mf0p4ptmuf","previousOperationId":null,"operationId":"nhctv2kxtmq678z"}
{"type":"log","level":"info","message":"Render request 5 queued for execution and waiting for available worker","previousOperationId":"nhctv2kxtmq678z","timestamp":1765107129075,"id":"vpv9n785mynmt7f"}
{"type":"operationStart","subtype":"render","name":"anonymous","previousOperationId":"nhctv2kxtmq678z","timestamp":1765107129144,"id":"52bkbczhoxlcgoh","previousEventId":"pg5y9mf0p4ptmuf","operationId":"k4lzn6hl36o5edl"}
{"type":"log","timestamp":1765107129145,"level":"info","message":"Starting rendering request 5","meta":{"rootId":"nz5x6ntzfdkuqre","id":"nz5x6ntzfdkuqre"},"id":"ticxcpgs644r8vy","previousOperationId":"k4lzn6hl36o5edl"}
{"type":"log","timestamp":1765107129145,"level":"info","message":"Rendering anonymous template { recipe: pptx, engine: handlebars }","meta":{"rootId":"nz5x6ntzfdkuqre","id":"nz5x6ntzfdkuqre"},"id":"mnp8l86m4m27mqn","previousOperationId":"k4lzn6hl36o5edl"}
{"type":"log","timestamp":1765107129145,"level":"debug","message":"Inline data specified.","meta":{"rootId":"nz5x6ntzfdkuqre","id":"nz5x6ntzfdkuqre"},"id":"13aw23mgbfjxm41","previousOperationId":"k4lzn6hl36o5edl"}
{"type":"log","timestamp":1765107129148,"level":"debug","message":"Base url not specified, skipping its injection.","meta":{"rootId":"nz5x6ntzfdkuqre","id":"nz5x6ntzfdkuqre"},"id":"eflvkbb2xk4oack","previousOperationId":"k4lzn6hl36o5edl"}
{"type":"operationStart","subtype":"engine","name":"handlebars","timestamp":1765107129149,"id":"vh5t3pf18d2rmic","previousEventId":"52bkbczhoxlcgoh","operationId":"3h4fkz9tqd1dh2q","previousOperationId":"k4lzn6hl36o5edl"}
{"type":"log","timestamp":1765107129149,"level":"debug","message":"Rendering engine handlebars","meta":{"rootId":"nz5x6ntzfdkuqre","id":"nz5x6ntzfdkuqre"},"id":"wyxii53e74j7uwr","previousOperationId":"3h4fkz9tqd1dh2q"}
{"type":"operationEnd","operationId":"3h4fkz9tqd1dh2q","timestamp":1765107129165,"id":"lfzbwqnj04fgjew","previousEventId":"vh5t3pf18d2rmic","previousOperationId":"3h4fkz9tqd1dh2q"}
{"type":"operationStart","subtype":"recipe","name":"pptx","timestamp":1765107129166,"id":"333z1v3ag1h7osc","previousEventId":"lfzbwqnj04fgjew","operationId":"hz8wp4trw164h22","previousOperationId":"3h4fkz9tqd1dh2q"}
{"type":"log","timestamp":1765107129166,"level":"debug","message":"Executing recipe pptx","meta":{"rootId":"nz5x6ntzfdkuqre","id":"nz5x6ntzfdkuqre"},"id":"rif1xr50x6ca1c5","previousOperationId":"hz8wp4trw164h22"}
{"type":"log","timestamp":1765107129187,"level":"info","message":"pptx generation is starting","meta":{"rootId":"nz5x6ntzfdkuqre","id":"nz5x6ntzfdkuqre"},"id":"ptspbia2hux28bq","previousOperationId":"hz8wp4trw164h22"}
{"type":"log","timestamp":1765107130787,"level":"debug","message":"Starting child request to render pptx dynamic parts","meta":{"rootId":"nz5x6ntzfdkuqre","id":"nz5x6ntzfdkuqre"},"id":"2n8tkzff31bqfas","previousOperationId":"hz8wp4trw164h22"}
{"type":"operationStart","subtype":"render","name":"anonymous","previousOperationId":"hz8wp4trw164h22","timestamp":1765107130788,"id":"755ofk89kk8em2k","previousEventId":"333z1v3ag1h7osc","operationId":"0wjjsmip7fcj571"}
{"type":"log","timestamp":1765107130788,"level":"info","message":"Starting rendering (child) request","meta":{"rootId":"nz5x6ntzfdkuqre","id":"bpkm0ru2u422vx3"},"id":"5u78ebw9ss2k8fi","previousOperationId":"0wjjsmip7fcj571"}
{"type":"log","timestamp":1765107130788,"level":"info","message":"Rendering anonymous template { recipe: html, engine: handlebars }","meta":{"rootId":"nz5x6ntzfdkuqre","id":"bpkm0ru2u422vx3"},"id":"cck0l5xk5prr4ju","previousOperationId":"0wjjsmip7fcj571"}
{"type":"log","timestamp":1765107130788,"level":"debug","message":"Inline data specified.","meta":{"rootId":"nz5x6ntzfdkuqre","id":"bpkm0ru2u422vx3"},"id":"9mk5da42w1rbva3","previousOperationId":"0wjjsmip7fcj571"}
{"type":"log","timestamp":1765107130801,"level":"debug","message":"Base url not specified, skipping its injection.","meta":{"rootId":"nz5x6ntzfdkuqre","id":"bpkm0ru2u422vx3"},"id":"efcc17qxag2eqee","previousOperationId":"0wjjsmip7fcj571"}
{"type":"operationStart","subtype":"engine","name":"handlebars","timestamp":1765107130803,"id":"0flfq48o586we9x","previousEventId":"755ofk89kk8em2k","operationId":"c14w366qdwavt42","previousOperationId":"0wjjsmip7fcj571"}
{"type":"log","timestamp":1765107130803,"level":"debug","message":"Rendering engine handlebars","meta":{"rootId":"nz5x6ntzfdkuqre","id":"bpkm0ru2u422vx3"},"id":"mla7qfh1pbw797k","previousOperationId":"c14w366qdwavt42"}
{"type":"operationEnd","operationId":"c14w366qdwavt42","timestamp":1765107130948,"id":"i28l90ofhdhyg32","previousEventId":"0flfq48o586we9x","previousOperationId":"c14w366qdwavt42"}
{"type":"operationStart","subtype":"recipe","name":"html","timestamp":1765107130961,"id":"5hxn2mbsrw7dvfi","previousEventId":"i28l90ofhdhyg32","operationId":"odp4697nxsm70qp","previousOperationId":"c14w366qdwavt42"}
{"type":"log","timestamp":1765107130961,"level":"debug","message":"Executing recipe html","meta":{"rootId":"nz5x6ntzfdkuqre","id":"bpkm0ru2u422vx3"},"id":"95dapnim4r1gzln","previousOperationId":"odp4697nxsm70qp"}
{"type":"operationEnd","operationId":"odp4697nxsm70qp","timestamp":1765107130962,"id":"8fsxbfq4r0hkz4r","previousEventId":"5hxn2mbsrw7dvfi","previousOperationId":"odp4697nxsm70qp"}
{"type":"log","timestamp":1765107130962,"level":"debug","message":"Skipping storing report.","meta":{"rootId":"nz5x6ntzfdkuqre","id":"bpkm0ru2u422vx3"},"id":"g3nvkzq8tb42cgs","previousOperationId":"odp4697nxsm70qp"}
{"type":"log","timestamp":1765107130962,"level":"info","message":"Rendering (child) request finished in 1894 ms","meta":{"rootId":"nz5x6ntzfdkuqre","id":"bpkm0ru2u422vx3"},"id":"7w3bccl3eoxfvjz","previousOperationId":"odp4697nxsm70qp"}
{"type":"operationEnd","subtype":"render","operationId":"0wjjsmip7fcj571","timestamp":1765107130962,"id":"1076my5vmbfbaoq","previousEventId":"8fsxbfq4r0hkz4r","previousOperationId":"odp4697nxsm70qp"}
{"type":"log","timestamp":1765107136062,"level":"debug","message":"pptx successfully zipped","meta":{"rootId":"nz5x6ntzfdkuqre","id":"nz5x6ntzfdkuqre"},"id":"fuyycoc4hufuvz7","previousOperationId":"hz8wp4trw164h22"}
{"type":"log","timestamp":1765107136062,"level":"info","message":"pptx generation was finished","meta":{"rootId":"nz5x6ntzfdkuqre","id":"nz5x6ntzfdkuqre"},"id":"3n30com287mb6eo","previousOperationId":"hz8wp4trw164h22"}
{"type":"operationEnd","operationId":"hz8wp4trw164h22","timestamp":1765107136077,"id":"yb3kol1hqfqnqub","previousEventId":"333z1v3ag1h7osc","previousOperationId":"hz8wp4trw164h22"}
{"type":"log","timestamp":1765107136077,"level":"debug","message":"Skipping storing report.","meta":{"rootId":"nz5x6ntzfdkuqre","id":"nz5x6ntzfdkuqre"},"id":"fn20frvasil79a7","previousOperationId":"hz8wp4trw164h22"}
{"type":"log","timestamp":1765107136077,"level":"info","message":"Rendering request 5 finished in 7009 ms","meta":{"rootId":"nz5x6ntzfdkuqre","id":"nz5x6ntzfdkuqre"},"id":"sxxr9tt4f12ul4k","previousOperationId":"hz8wp4trw164h22"}
{"type":"operationEnd","subtype":"render","operationId":"k4lzn6hl36o5edl","timestamp":1765107136077,"id":"vnghv3l107qkaaj","previousEventId":"yb3kol1hqfqnqub","previousOperationId":"hz8wp4trw164h22"}
{"type":"operationEnd","doDiffs":false,"previousEventId":"pg5y9mf0p4ptmuf","previousOperationId":"nhctv2kxtmq678z","operationId":"nhctv2kxtmq678z","timestamp":1765107136083,"id":"o5hk8gkpq6st2oy"}
