{"type":"operationStart","subtype":"profile","data":{"_id":"miTrqd6jp0Kk7sPR","timestamp":"2025-12-07T11:48:02.993Z","state":"running","mode":"standard","creationDate":"2025-12-07T11:48:02.997Z","modificationDate":"2025-12-07T11:48:02.997Z","shortid":"hDUAx9Z","$entitySet":"profiles","timeout":60000},"doDiffs":false,"timestamp":1765108082996,"id":"gomxteeqtazyx68","previousOperationId":null,"operationId":"nr11vpqgk7f2nv3"}
{"type":"log","level":"info","message":"Render request 11 queued for execution and waiting for available worker","previousOperationId":"nr11vpqgk7f2nv3","timestamp":1765108082996,"id":"tipedrvzdmtq6dh"}
{"type":"operationStart","subtype":"render","name":"anonymous","previousOperationId":"nr11vpqgk7f2nv3","timestamp":1765108083061,"id":"mbpg8a4rz568ur1","previousEventId":"gomxteeqtazyx68","operationId":"i1kdrbsq57i0kdv"}
{"type":"log","timestamp":1765108083061,"level":"info","message":"Starting rendering request 11","meta":{"rootId":"obo2ji6nxvxrrms","id":"obo2ji6nxvxrrms"},"id":"nziiaqs26oe6kg3","previousOperationId":"i1kdrbsq57i0kdv"}
{"type":"log","timestamp":1765108083062,"level":"info","message":"Rendering anonymous template { recipe: pptx, engine: handlebars }","meta":{"rootId":"obo2ji6nxvxrrms","id":"obo2ji6nxvxrrms"},"id":"q1edt5s0knkitzs","previousOperationId":"i1kdrbsq57i0kdv"}
{"type":"log","timestamp":1765108083062,"level":"debug","message":"Inline data specified.","meta":{"rootId":"obo2ji6nxvxrrms","id":"obo2ji6nxvxrrms"},"id":"ta3nmcgqn2zqtx4","previousOperationId":"i1kdrbsq57i0kdv"}
{"type":"log","timestamp":1765108083068,"level":"debug","message":"Base url not specified, skipping its injection.","meta":{"rootId":"obo2ji6nxvxrrms","id":"obo2ji6nxvxrrms"},"id":"bbbeau8po6ei621","previousOperationId":"i1kdrbsq57i0kdv"}
{"type":"operationStart","subtype":"engine","name":"handlebars","timestamp":1765108083068,"id":"fd4pgurb477qn9o","previousEventId":"mbpg8a4rz568ur1","operationId":"0aj5nt8zx934ghy","previousOperationId":"i1kdrbsq57i0kdv"}
{"type":"log","timestamp":1765108083068,"level":"debug","message":"Rendering engine handlebars","meta":{"rootId":"obo2ji6nxvxrrms","id":"obo2ji6nxvxrrms"},"id":"hg9qpv9p6gfnopc","previousOperationId":"0aj5nt8zx934ghy"}
{"type":"operationEnd","operationId":"0aj5nt8zx934ghy","timestamp":1765108083092,"id":"g4bjecwuirx0zn5","previousEventId":"fd4pgurb477qn9o","previousOperationId":"0aj5nt8zx934ghy"}
{"type":"operationStart","subtype":"recipe","name":"pptx","timestamp":1765108083093,"id":"nhms3f6rkjyih9r","previousEventId":"g4bjecwuirx0zn5","operationId":"lptwboruex170oa","previousOperationId":"0aj5nt8zx934ghy"}
{"type":"log","timestamp":1765108083093,"level":"debug","message":"Executing recipe pptx","meta":{"rootId":"obo2ji6nxvxrrms","id":"obo2ji6nxvxrrms"},"id":"5c8qr8pzoyo7xtc","previousOperationId":"lptwboruex170oa"}
{"type":"log","timestamp":1765108083113,"level":"info","message":"pptx generation is starting","meta":{"rootId":"obo2ji6nxvxrrms","id":"obo2ji6nxvxrrms"},"id":"4tuvet66xypjhf5","previousOperationId":"lptwboruex170oa"}
{"type":"log","timestamp":1765108084668,"level":"debug","message":"Starting child request to render pptx dynamic parts","meta":{"rootId":"obo2ji6nxvxrrms","id":"obo2ji6nxvxrrms"},"id":"oytjuhvburjxxq3","previousOperationId":"lptwboruex170oa"}
{"type":"operationStart","subtype":"render","name":"anonymous","previousOperationId":"lptwboruex170oa","timestamp":1765108084668,"id":"1wwbwejpiy5i9bn","previousEventId":"nhms3f6rkjyih9r","operationId":"92d9q0r4ib43a32"}
{"type":"log","timestamp":1765108084668,"level":"info","message":"Starting rendering (child) request","meta":{"rootId":"obo2ji6nxvxrrms","id":"0sc02czji0layrq"},"id":"h5f99tep2fqlhzc","previousOperationId":"92d9q0r4ib43a32"}
{"type":"log","timestamp":1765108084668,"level":"info","message":"Rendering anonymous template { recipe: html, engine: handlebars }","meta":{"rootId":"obo2ji6nxvxrrms","id":"0sc02czji0layrq"},"id":"rct5fx5k927u9by","previousOperationId":"92d9q0r4ib43a32"}
{"type":"log","timestamp":1765108084668,"level":"debug","message":"Inline data specified.","meta":{"rootId":"obo2ji6nxvxrrms","id":"0sc02czji0layrq"},"id":"gekrpzeuojwklxa","previousOperationId":"92d9q0r4ib43a32"}
{"type":"log","timestamp":1765108084680,"level":"debug","message":"Base url not specified, skipping its injection.","meta":{"rootId":"obo2ji6nxvxrrms","id":"0sc02czji0layrq"},"id":"whqh5y1twlcj08d","previousOperationId":"92d9q0r4ib43a32"}
{"type":"operationStart","subtype":"engine","name":"handlebars","timestamp":1765108084682,"id":"ju1mcseekpfo9fb","previousEventId":"1wwbwejpiy5i9bn","operationId":"87d09160cr9pqwp","previousOperationId":"92d9q0r4ib43a32"}
{"type":"log","timestamp":1765108084682,"level":"debug","message":"Rendering engine handlebars","meta":{"rootId":"obo2ji6nxvxrrms","id":"0sc02czji0layrq"},"id":"ypronpj56hfs2o3","previousOperationId":"87d09160cr9pqwp"}
{"type":"operationEnd","operationId":"87d09160cr9pqwp","timestamp":1765108084783,"id":"1gx747a70r2bjpa","previousEventId":"ju1mcseekpfo9fb","previousOperationId":"87d09160cr9pqwp"}
{"type":"operationStart","subtype":"recipe","name":"html","timestamp":1765108084796,"id":"1mategvnuy7jhsp","previousEventId":"1gx747a70r2bjpa","operationId":"vn4dy2w4spbx3ji","previousOperationId":"87d09160cr9pqwp"}
{"type":"log","timestamp":1765108084796,"level":"debug","message":"Executing recipe html","meta":{"rootId":"obo2ji6nxvxrrms","id":"0sc02czji0layrq"},"id":"pyxu6jymjkvgf2w","previousOperationId":"vn4dy2w4spbx3ji"}
{"type":"operationEnd","operationId":"vn4dy2w4spbx3ji","timestamp":1765108084796,"id":"38847awr9zq8ehg","previousEventId":"1mategvnuy7jhsp","previousOperationId":"vn4dy2w4spbx3ji"}
{"type":"log","timestamp":1765108084796,"level":"debug","message":"Skipping storing report.","meta":{"rootId":"obo2ji6nxvxrrms","id":"0sc02czji0layrq"},"id":"y3hekwr71r6nmkv","previousOperationId":"vn4dy2w4spbx3ji"}
{"type":"log","timestamp":1765108084796,"level":"info","message":"Rendering (child) request finished in 1804 ms","meta":{"rootId":"obo2ji6nxvxrrms","id":"0sc02czji0layrq"},"id":"e7ufw4n2x8jfqmy","previousOperationId":"vn4dy2w4spbx3ji"}
{"type":"operationEnd","subtype":"render","operationId":"92d9q0r4ib43a32","timestamp":1765108084796,"id":"0vxwp9z9lb6q0vf","previousEventId":"38847awr9zq8ehg","previousOperationId":"vn4dy2w4spbx3ji"}
{"type":"log","timestamp":1765108090001,"level":"debug","message":"pptx successfully zipped","meta":{"rootId":"obo2ji6nxvxrrms","id":"obo2ji6nxvxrrms"},"id":"ett8lfjd8qw6i4t","previousOperationId":"lptwboruex170oa"}
{"type":"log","timestamp":1765108090001,"level":"info","message":"pptx generation was finished","meta":{"rootId":"obo2ji6nxvxrrms","id":"obo2ji6nxvxrrms"},"id":"sjk9wdax79id12k","previousOperationId":"lptwboruex170oa"}
{"type":"operationEnd","operationId":"lptwboruex170oa","timestamp":1765108090013,"id":"ovepqn6iq6o7hdq","previousEventId":"nhms3f6rkjyih9r","previousOperationId":"lptwboruex170oa"}
{"type":"log","timestamp":1765108090013,"level":"debug","message":"Skipping storing report.","meta":{"rootId":"obo2ji6nxvxrrms","id":"obo2ji6nxvxrrms"},"id":"qcaryuo4x9np5fj","previousOperationId":"lptwboruex170oa"}
{"type":"log","timestamp":1765108090013,"level":"info","message":"Rendering request 11 finished in 7021 ms","meta":{"rootId":"obo2ji6nxvxrrms","id":"obo2ji6nxvxrrms"},"id":"t2gc9omxi0b0t5k","previousOperationId":"lptwboruex170oa"}
{"type":"operationEnd","subtype":"render","operationId":"i1kdrbsq57i0kdv","timestamp":1765108090013,"id":"ibgfg0h41ooky1e","previousEventId":"ovepqn6iq6o7hdq","previousOperationId":"lptwboruex170oa"}
{"type":"operationEnd","doDiffs":false,"previousEventId":"gomxteeqtazyx68","previousOperationId":"nr11vpqgk7f2nv3","operationId":"nr11vpqgk7f2nv3","timestamp":1765108090024,"id":"1ay4aguwcu5ku34"}
