{"type":"operationStart","subtype":"profile","data":{"_id":"gKGyEq5XnZOdVOTE","timestamp":"2025-12-05T19:01:36.952Z","state":"running","mode":"standard","creationDate":"2025-12-05T19:01:36.960Z","modificationDate":"2025-12-05T19:01:36.960Z","shortid":"GaOmSq_","$entitySet":"profiles","timeout":60000},"doDiffs":false,"timestamp":1764961296957,"id":"5hyf9iivf4t8dx2","previousOperationId":null,"operationId":"3nxt2rcel6c3vcm"}
{"type":"log","level":"info","message":"Render request 1 queued for execution and waiting for available worker","previousOperationId":"3nxt2rcel6c3vcm","timestamp":1764961296958,"id":"dln3l5acqr75xf9"}
{"type":"operationStart","subtype":"render","name":"anonymous","previousOperationId":"3nxt2rcel6c3vcm","timestamp":1764961297002,"id":"jzximonpqn64wz5","previousEventId":"5hyf9iivf4t8dx2","operationId":"vbr0lg3znspnjsm"}
{"type":"log","timestamp":1764961297003,"level":"info","message":"Starting rendering request 1","meta":{"rootId":"og7tnik2b3k03c4","id":"og7tnik2b3k03c4"},"id":"7m8uin9qkdippba","previousOperationId":"vbr0lg3znspnjsm"}
{"type":"log","timestamp":1764961297006,"level":"info","message":"Rendering anonymous template { recipe: pptx, engine: handlebars }","meta":{"rootId":"og7tnik2b3k03c4","id":"og7tnik2b3k03c4"},"id":"hhhf8yx92joasxj","previousOperationId":"vbr0lg3znspnjsm"}
{"type":"log","timestamp":1764961297007,"level":"debug","message":"Inline data specified.","meta":{"rootId":"og7tnik2b3k03c4","id":"og7tnik2b3k03c4"},"id":"7xbjttf8zs5j2wz","previousOperationId":"vbr0lg3znspnjsm"}
{"type":"log","timestamp":1764961297013,"level":"debug","message":"Base url not specified, skipping its injection.","meta":{"rootId":"og7tnik2b3k03c4","id":"og7tnik2b3k03c4"},"id":"0kr4squdwqj3oeo","previousOperationId":"vbr0lg3znspnjsm"}
{"type":"operationStart","subtype":"engine","name":"handlebars","timestamp":1764961297016,"id":"j364aur3p9lekpz","previousEventId":"jzximonpqn64wz5","operationId":"w5j5xnfv8hqobxe","previousOperationId":"vbr0lg3znspnjsm"}
{"type":"log","timestamp":1764961297016,"level":"debug","message":"Rendering engine handlebars","meta":{"rootId":"og7tnik2b3k03c4","id":"og7tnik2b3k03c4"},"id":"7m8gckze9bkonk6","previousOperationId":"w5j5xnfv8hqobxe"}
{"type":"operationEnd","operationId":"w5j5xnfv8hqobxe","timestamp":1764961297785,"id":"m84zpncezkwo1tv","previousEventId":"j364aur3p9lekpz","previousOperationId":"w5j5xnfv8hqobxe"}
{"type":"operationStart","subtype":"recipe","name":"pptx","timestamp":1764961297786,"id":"96e7diwez5xrc1d","previousEventId":"m84zpncezkwo1tv","operationId":"w21ubo5li7pvemg","previousOperationId":"w5j5xnfv8hqobxe"}
{"type":"log","timestamp":1764961297786,"level":"debug","message":"Executing recipe pptx","meta":{"rootId":"og7tnik2b3k03c4","id":"og7tnik2b3k03c4"},"id":"dvfq3uqgtksudyz","previousOperationId":"w21ubo5li7pvemg"}
{"type":"log","timestamp":1764961297973,"level":"info","message":"pptx generation is starting","meta":{"rootId":"og7tnik2b3k03c4","id":"og7tnik2b3k03c4"},"id":"38ox4skf9nub0yb","previousOperationId":"w21ubo5li7pvemg"}
{"type":"log","timestamp":1764961298101,"level":"debug","message":"Starting child request to render pptx dynamic parts","meta":{"rootId":"og7tnik2b3k03c4","id":"og7tnik2b3k03c4"},"id":"7u1ulek5rkzqv46","previousOperationId":"w21ubo5li7pvemg"}
{"type":"operationStart","subtype":"render","name":"anonymous","previousOperationId":"w21ubo5li7pvemg","timestamp":1764961298102,"id":"okxhctv7sgbt5du","previousEventId":"96e7diwez5xrc1d","operationId":"jl189sqc7cm9uu4"}
{"type":"log","timestamp":1764961298102,"level":"info","message":"Starting rendering (child) request","meta":{"rootId":"og7tnik2b3k03c4","id":"mbpl372w8wbjj6r"},"id":"bhfly1khtd15dmk","previousOperationId":"jl189sqc7cm9uu4"}
{"type":"log","timestamp":1764961298102,"level":"info","message":"Rendering anonymous template { recipe: html, engine: handlebars }","meta":{"rootId":"og7tnik2b3k03c4","id":"mbpl372w8wbjj6r"},"id":"6d5g0m7ullnr9oa","previousOperationId":"jl189sqc7cm9uu4"}
{"type":"log","timestamp":1764961298102,"level":"debug","message":"Inline data specified.","meta":{"rootId":"og7tnik2b3k03c4","id":"mbpl372w8wbjj6r"},"id":"tfbdav4het2esdu","previousOperationId":"jl189sqc7cm9uu4"}
{"type":"log","timestamp":1764961298107,"level":"debug","message":"Base url not specified, skipping its injection.","meta":{"rootId":"og7tnik2b3k03c4","id":"mbpl372w8wbjj6r"},"id":"tlier843eln8zlc","previousOperationId":"jl189sqc7cm9uu4"}
{"type":"operationStart","subtype":"engine","name":"handlebars","timestamp":1764961298108,"id":"vg62aafeor7m6p7","previousEventId":"okxhctv7sgbt5du","operationId":"yl1qrk9r8ag5m09","previousOperationId":"jl189sqc7cm9uu4"}
{"type":"log","timestamp":1764961298108,"level":"debug","message":"Rendering engine handlebars","meta":{"rootId":"og7tnik2b3k03c4","id":"mbpl372w8wbjj6r"},"id":"5ov5qo34taq8kkk","previousOperationId":"yl1qrk9r8ag5m09"}
{"type":"operationEnd","operationId":"yl1qrk9r8ag5m09","timestamp":1764961298133,"id":"bv9b4379wpy0fum","previousEventId":"vg62aafeor7m6p7","previousOperationId":"yl1qrk9r8ag5m09"}
{"type":"operationStart","subtype":"recipe","name":"html","timestamp":1764961298134,"id":"9gysydvxu6t9o67","previousEventId":"bv9b4379wpy0fum","operationId":"7pcdif3wk5uuw7m","previousOperationId":"yl1qrk9r8ag5m09"}
{"type":"log","timestamp":1764961298134,"level":"debug","message":"Executing recipe html","meta":{"rootId":"og7tnik2b3k03c4","id":"mbpl372w8wbjj6r"},"id":"7krmtpl1qlty4hw","previousOperationId":"7pcdif3wk5uuw7m"}
{"type":"operationEnd","operationId":"7pcdif3wk5uuw7m","timestamp":1764961298135,"id":"s01v5p4d8n0vguv","previousEventId":"9gysydvxu6t9o67","previousOperationId":"7pcdif3wk5uuw7m"}
{"type":"log","timestamp":1764961298135,"level":"debug","message":"Skipping storing report.","meta":{"rootId":"og7tnik2b3k03c4","id":"mbpl372w8wbjj6r"},"id":"ruyfj9h57ixsjls","previousOperationId":"7pcdif3wk5uuw7m"}
{"type":"log","timestamp":1764961298135,"level":"info","message":"Rendering (child) request finished in 1186 ms","meta":{"rootId":"og7tnik2b3k03c4","id":"mbpl372w8wbjj6r"},"id":"j1v37wy20ijuab3","previousOperationId":"7pcdif3wk5uuw7m"}
{"type":"operationEnd","subtype":"render","operationId":"jl189sqc7cm9uu4","timestamp":1764961298135,"id":"wdbaf7p6b3vs709","previousEventId":"s01v5p4d8n0vguv","previousOperationId":"7pcdif3wk5uuw7m"}
{"type":"log","timestamp":1764961298606,"level":"debug","message":"pptx successfully zipped","meta":{"rootId":"og7tnik2b3k03c4","id":"og7tnik2b3k03c4"},"id":"yzgxvb5xm05bf9c","previousOperationId":"w21ubo5li7pvemg"}
{"type":"log","timestamp":1764961298606,"level":"info","message":"pptx generation was finished","meta":{"rootId":"og7tnik2b3k03c4","id":"og7tnik2b3k03c4"},"id":"xdhvabaxjwcz9bu","previousOperationId":"w21ubo5li7pvemg"}
{"type":"operationEnd","operationId":"w21ubo5li7pvemg","timestamp":1764961298612,"id":"hcftd33nqau87fc","previousEventId":"96e7diwez5xrc1d","previousOperationId":"w21ubo5li7pvemg"}
{"type":"log","timestamp":1764961298613,"level":"debug","message":"Skipping storing report.","meta":{"rootId":"og7tnik2b3k03c4","id":"og7tnik2b3k03c4"},"id":"7w0xls3zo4sjy4d","previousOperationId":"w21ubo5li7pvemg"}
{"type":"log","timestamp":1764961298613,"level":"info","message":"Rendering request 1 finished in 1664 ms","meta":{"rootId":"og7tnik2b3k03c4","id":"og7tnik2b3k03c4"},"id":"el3cydgv7mpi859","previousOperationId":"w21ubo5li7pvemg"}
{"type":"operationEnd","subtype":"render","operationId":"vbr0lg3znspnjsm","timestamp":1764961298613,"id":"xjinpif43u68yq9","previousEventId":"hcftd33nqau87fc","previousOperationId":"w21ubo5li7pvemg"}
{"type":"operationEnd","doDiffs":false,"previousEventId":"5hyf9iivf4t8dx2","previousOperationId":"3nxt2rcel6c3vcm","operationId":"3nxt2rcel6c3vcm","timestamp":1764961298617,"id":"hadrkew70r0pq2e"}
