{"type":"operationStart","subtype":"profile","data":{"_id":"t3glnvYPfcPA4SSI","timestamp":"2025-12-05T11:52:28.280Z","state":"running","mode":"standard","creationDate":"2025-12-05T11:52:28.282Z","modificationDate":"2025-12-05T11:52:28.282Z","shortid":"7SDmyQj","$entitySet":"profiles","timeout":60000},"doDiffs":false,"timestamp":1764935548281,"id":"xfbncggw1mxutk4","previousOperationId":null,"operationId":"5zj0f5lkyl9wsr0"}
{"type":"log","level":"info","message":"Render request 6 queued for execution and waiting for available worker","previousOperationId":"5zj0f5lkyl9wsr0","timestamp":1764935548281,"id":"j3cr7ipjw1e48qk"}
{"type":"operationStart","subtype":"render","name":"anonymous","previousOperationId":"5zj0f5lkyl9wsr0","timestamp":1764935548296,"id":"zx8hle1gun01f6v","previousEventId":"xfbncggw1mxutk4","operationId":"p6yxukqtzazq85j"}
{"type":"log","timestamp":1764935548296,"level":"info","message":"Starting rendering request 6","meta":{"rootId":"oh2nfq3hybsgipt","id":"oh2nfq3hybsgipt"},"id":"f9me6amj5y0dcjf","previousOperationId":"p6yxukqtzazq85j"}
{"type":"log","timestamp":1764935548296,"level":"info","message":"Rendering anonymous template { recipe: pptx, engine: handlebars }","meta":{"rootId":"oh2nfq3hybsgipt","id":"oh2nfq3hybsgipt"},"id":"sh4n2flr2i3fd18","previousOperationId":"p6yxukqtzazq85j"}
{"type":"log","timestamp":1764935548296,"level":"debug","message":"Inline data specified.","meta":{"rootId":"oh2nfq3hybsgipt","id":"oh2nfq3hybsgipt"},"id":"8rwiz5g7u7maamk","previousOperationId":"p6yxukqtzazq85j"}
{"type":"log","timestamp":1764935548298,"level":"debug","message":"Base url not specified, skipping its injection.","meta":{"rootId":"oh2nfq3hybsgipt","id":"oh2nfq3hybsgipt"},"id":"prv18hafj46ss0t","previousOperationId":"p6yxukqtzazq85j"}
{"type":"operationStart","subtype":"engine","name":"handlebars","timestamp":1764935548299,"id":"4y48ppavgm116vu","previousEventId":"zx8hle1gun01f6v","operationId":"calwidslh2pt6m7","previousOperationId":"p6yxukqtzazq85j"}
{"type":"log","timestamp":1764935548299,"level":"debug","message":"Rendering engine handlebars","meta":{"rootId":"oh2nfq3hybsgipt","id":"oh2nfq3hybsgipt"},"id":"tsb5licylzvm1uy","previousOperationId":"calwidslh2pt6m7"}
{"type":"operationEnd","operationId":"calwidslh2pt6m7","timestamp":1764935548314,"id":"29dq3fpvlll9rkv","previousEventId":"4y48ppavgm116vu","previousOperationId":"calwidslh2pt6m7"}
{"type":"operationStart","subtype":"recipe","name":"pptx","timestamp":1764935548315,"id":"xyuwlclnc5h1o37","previousEventId":"29dq3fpvlll9rkv","operationId":"j8ywpq696ovjfkw","previousOperationId":"calwidslh2pt6m7"}
{"type":"log","timestamp":1764935548315,"level":"debug","message":"Executing recipe pptx","meta":{"rootId":"oh2nfq3hybsgipt","id":"oh2nfq3hybsgipt"},"id":"sf9075bo3y526np","previousOperationId":"j8ywpq696ovjfkw"}
{"type":"log","timestamp":1764935548315,"level":"info","message":"pptx generation is starting","meta":{"rootId":"oh2nfq3hybsgipt","id":"oh2nfq3hybsgipt"},"id":"0jbjlc9xxgw377l","previousOperationId":"j8ywpq696ovjfkw"}
{"type":"log","timestamp":1764935548398,"level":"debug","message":"Starting child request to render pptx dynamic parts","meta":{"rootId":"oh2nfq3hybsgipt","id":"oh2nfq3hybsgipt"},"id":"9ld1ifmofxfwzyg","previousOperationId":"j8ywpq696ovjfkw"}
{"type":"operationStart","subtype":"render","name":"anonymous","previousOperationId":"j8ywpq696ovjfkw","timestamp":1764935548398,"id":"yqbb0ogj8lgu4nx","previousEventId":"xyuwlclnc5h1o37","operationId":"nnpigjk40gaqqzd"}
{"type":"log","timestamp":1764935548398,"level":"info","message":"Starting rendering (child) request","meta":{"rootId":"oh2nfq3hybsgipt","id":"2jbur9mez9zcuzg"},"id":"r4mfo8j1xuqrhk3","previousOperationId":"nnpigjk40gaqqzd"}
{"type":"log","timestamp":1764935548399,"level":"info","message":"Rendering anonymous template { recipe: html, engine: handlebars }","meta":{"rootId":"oh2nfq3hybsgipt","id":"2jbur9mez9zcuzg"},"id":"d3674my9fsh4sn0","previousOperationId":"nnpigjk40gaqqzd"}
{"type":"log","timestamp":1764935548399,"level":"debug","message":"Inline data specified.","meta":{"rootId":"oh2nfq3hybsgipt","id":"2jbur9mez9zcuzg"},"id":"dq4k9itvntxf6we","previousOperationId":"nnpigjk40gaqqzd"}
{"type":"log","timestamp":1764935548408,"level":"debug","message":"Base url not specified, skipping its injection.","meta":{"rootId":"oh2nfq3hybsgipt","id":"2jbur9mez9zcuzg"},"id":"6nhar128hpmi4z6","previousOperationId":"nnpigjk40gaqqzd"}
{"type":"operationStart","subtype":"engine","name":"handlebars","timestamp":1764935548409,"id":"574hah9a8iuav2b","previousEventId":"yqbb0ogj8lgu4nx","operationId":"nkb909cpwpod8z8","previousOperationId":"nnpigjk40gaqqzd"}
{"type":"log","timestamp":1764935548409,"level":"debug","message":"Rendering engine handlebars","meta":{"rootId":"oh2nfq3hybsgipt","id":"2jbur9mez9zcuzg"},"id":"d6r1iqhdvrfde40","previousOperationId":"nkb909cpwpod8z8"}
{"type":"operationEnd","operationId":"nkb909cpwpod8z8","timestamp":1764935548437,"id":"mb5o7yp2eadmt0y","previousEventId":"574hah9a8iuav2b","previousOperationId":"nkb909cpwpod8z8"}
{"type":"operationStart","subtype":"recipe","name":"html","timestamp":1764935548438,"id":"wrf70mkkuyvb01f","previousEventId":"mb5o7yp2eadmt0y","operationId":"umkcep4lifkmrgg","previousOperationId":"nkb909cpwpod8z8"}
{"type":"log","timestamp":1764935548438,"level":"debug","message":"Executing recipe html","meta":{"rootId":"oh2nfq3hybsgipt","id":"2jbur9mez9zcuzg"},"id":"ctzsaydxhmi053v","previousOperationId":"umkcep4lifkmrgg"}
{"type":"operationEnd","operationId":"umkcep4lifkmrgg","timestamp":1764935548438,"id":"5ua5btgaw06ff99","previousEventId":"wrf70mkkuyvb01f","previousOperationId":"umkcep4lifkmrgg"}
{"type":"log","timestamp":1764935548438,"level":"debug","message":"Skipping storing report.","meta":{"rootId":"oh2nfq3hybsgipt","id":"2jbur9mez9zcuzg"},"id":"zccnmvqsxgdcdfh","previousOperationId":"umkcep4lifkmrgg"}
{"type":"log","timestamp":1764935548438,"level":"info","message":"Rendering (child) request finished in 159 ms","meta":{"rootId":"oh2nfq3hybsgipt","id":"2jbur9mez9zcuzg"},"id":"fh4emzd0jcnc6f0","previousOperationId":"umkcep4lifkmrgg"}
{"type":"operationEnd","subtype":"render","operationId":"nnpigjk40gaqqzd","timestamp":1764935548438,"id":"3d6un8u6pyh72cj","previousEventId":"5ua5btgaw06ff99","previousOperationId":"umkcep4lifkmrgg"}
{"type":"log","timestamp":1764935548545,"level":"debug","message":"pptx successfully zipped","meta":{"rootId":"oh2nfq3hybsgipt","id":"oh2nfq3hybsgipt"},"id":"2uxzov3ug2zapt9","previousOperationId":"j8ywpq696ovjfkw"}
{"type":"log","timestamp":1764935548545,"level":"info","message":"pptx generation was finished","meta":{"rootId":"oh2nfq3hybsgipt","id":"oh2nfq3hybsgipt"},"id":"ye2newm9lcqwfqn","previousOperationId":"j8ywpq696ovjfkw"}
{"type":"operationEnd","operationId":"j8ywpq696ovjfkw","timestamp":1764935548549,"id":"nqj9j0t249t0oyw","previousEventId":"xyuwlclnc5h1o37","previousOperationId":"j8ywpq696ovjfkw"}
{"type":"log","timestamp":1764935548549,"level":"debug","message":"Skipping storing report.","meta":{"rootId":"oh2nfq3hybsgipt","id":"oh2nfq3hybsgipt"},"id":"gs83kj3fxctsh8p","previousOperationId":"j8ywpq696ovjfkw"}
{"type":"log","timestamp":1764935548549,"level":"info","message":"Rendering request 6 finished in 270 ms","meta":{"rootId":"oh2nfq3hybsgipt","id":"oh2nfq3hybsgipt"},"id":"impu7okyfzuwfwa","previousOperationId":"j8ywpq696ovjfkw"}
{"type":"operationEnd","subtype":"render","operationId":"p6yxukqtzazq85j","timestamp":1764935548549,"id":"9ou9ap8e7cntp7n","previousEventId":"nqj9j0t249t0oyw","previousOperationId":"j8ywpq696ovjfkw"}
{"type":"operationEnd","doDiffs":false,"previousEventId":"xfbncggw1mxutk4","previousOperationId":"5zj0f5lkyl9wsr0","operationId":"5zj0f5lkyl9wsr0","timestamp":1764935548555,"id":"hhz256e0nrxi3ob"}
