{"type":"operationStart","subtype":"profile","data":{"_id":"QDw1A0QE1XYNIwvY","timestamp":"2025-12-06T14:52:26.554Z","state":"running","mode":"standard","creationDate":"2025-12-06T14:52:26.560Z","modificationDate":"2025-12-06T14:52:26.560Z","shortid":"Pf56LO7","$entitySet":"profiles","timeout":60000},"doDiffs":false,"timestamp":1765032746558,"id":"5wlulra2i38cti0","previousOperationId":null,"operationId":"dwwcdf5exzkler1"}
{"type":"log","level":"info","message":"Render request 9 queued for execution and waiting for available worker","previousOperationId":"dwwcdf5exzkler1","timestamp":1765032746558,"id":"yw9bgx8ajr7cjde"}
{"type":"operationStart","subtype":"render","name":"anonymous","previousOperationId":"dwwcdf5exzkler1","timestamp":1765032746573,"id":"51lsi7qzmtgtvjw","previousEventId":"5wlulra2i38cti0","operationId":"jgbyio4w2x5h096"}
{"type":"log","timestamp":1765032746573,"level":"info","message":"Starting rendering request 9","meta":{"rootId":"oosz86ose5a6suu","id":"oosz86ose5a6suu"},"id":"ieou8vtdv6h06lx","previousOperationId":"jgbyio4w2x5h096"}
{"type":"log","timestamp":1765032746573,"level":"info","message":"Rendering anonymous template { recipe: pptx, engine: handlebars }","meta":{"rootId":"oosz86ose5a6suu","id":"oosz86ose5a6suu"},"id":"6k3yy5t3kiqlqwz","previousOperationId":"jgbyio4w2x5h096"}
{"type":"log","timestamp":1765032746573,"level":"debug","message":"Inline data specified.","meta":{"rootId":"oosz86ose5a6suu","id":"oosz86ose5a6suu"},"id":"z3q6ukv14apn67o","previousOperationId":"jgbyio4w2x5h096"}
{"type":"log","timestamp":1765032746575,"level":"debug","message":"Base url not specified, skipping its injection.","meta":{"rootId":"oosz86ose5a6suu","id":"oosz86ose5a6suu"},"id":"hpy18tum0yj54sq","previousOperationId":"jgbyio4w2x5h096"}
{"type":"operationStart","subtype":"engine","name":"handlebars","timestamp":1765032746575,"id":"ogd24aoqpno9079","previousEventId":"51lsi7qzmtgtvjw","operationId":"cowlx0aqu46t2bq","previousOperationId":"jgbyio4w2x5h096"}
{"type":"log","timestamp":1765032746575,"level":"debug","message":"Rendering engine handlebars","meta":{"rootId":"oosz86ose5a6suu","id":"oosz86ose5a6suu"},"id":"kmzdg8u58feclf6","previousOperationId":"cowlx0aqu46t2bq"}
{"type":"operationEnd","operationId":"cowlx0aqu46t2bq","timestamp":1765032746587,"id":"11mqaa0zllnvav2","previousEventId":"ogd24aoqpno9079","previousOperationId":"cowlx0aqu46t2bq"}
{"type":"operationStart","subtype":"recipe","name":"pptx","timestamp":1765032746587,"id":"o69y0s4y1y0hysd","previousEventId":"11mqaa0zllnvav2","operationId":"gbtdr1t9ck8y2em","previousOperationId":"cowlx0aqu46t2bq"}
{"type":"log","timestamp":1765032746587,"level":"debug","message":"Executing recipe pptx","meta":{"rootId":"oosz86ose5a6suu","id":"oosz86ose5a6suu"},"id":"81krdo09d171rn0","previousOperationId":"gbtdr1t9ck8y2em"}
{"type":"log","timestamp":1765032746587,"level":"info","message":"pptx generation is starting","meta":{"rootId":"oosz86ose5a6suu","id":"oosz86ose5a6suu"},"id":"db79osdjbu14hzs","previousOperationId":"gbtdr1t9ck8y2em"}
{"type":"log","timestamp":1765032746682,"level":"debug","message":"Starting child request to render pptx dynamic parts","meta":{"rootId":"oosz86ose5a6suu","id":"oosz86ose5a6suu"},"id":"smgkgx5k1nx0r8t","previousOperationId":"gbtdr1t9ck8y2em"}
{"type":"operationStart","subtype":"render","name":"anonymous","previousOperationId":"gbtdr1t9ck8y2em","timestamp":1765032746683,"id":"hb9kbkfz334nfy7","previousEventId":"o69y0s4y1y0hysd","operationId":"opes1wpvniecwcn"}
{"type":"log","timestamp":1765032746683,"level":"info","message":"Starting rendering (child) request","meta":{"rootId":"oosz86ose5a6suu","id":"qd3tsjyw2275gpt"},"id":"uel8vxkd09h0lr0","previousOperationId":"opes1wpvniecwcn"}
{"type":"log","timestamp":1765032746683,"level":"info","message":"Rendering anonymous template { recipe: html, engine: handlebars }","meta":{"rootId":"oosz86ose5a6suu","id":"qd3tsjyw2275gpt"},"id":"wgd7gm7zq1rdhkr","previousOperationId":"opes1wpvniecwcn"}
{"type":"log","timestamp":1765032746683,"level":"debug","message":"Inline data specified.","meta":{"rootId":"oosz86ose5a6suu","id":"qd3tsjyw2275gpt"},"id":"1jez7m5nji9rfll","previousOperationId":"opes1wpvniecwcn"}
{"type":"log","timestamp":1765032746684,"level":"debug","message":"Base url not specified, skipping its injection.","meta":{"rootId":"oosz86ose5a6suu","id":"qd3tsjyw2275gpt"},"id":"w8h1d0ei21cltaj","previousOperationId":"opes1wpvniecwcn"}
{"type":"operationStart","subtype":"engine","name":"handlebars","timestamp":1765032746684,"id":"2varnwddk5hq3kh","previousEventId":"hb9kbkfz334nfy7","operationId":"026b72zhnnjx7cv","previousOperationId":"opes1wpvniecwcn"}
{"type":"log","timestamp":1765032746684,"level":"debug","message":"Rendering engine handlebars","meta":{"rootId":"oosz86ose5a6suu","id":"qd3tsjyw2275gpt"},"id":"6jbc0klhi7zxizj","previousOperationId":"026b72zhnnjx7cv"}
{"type":"operationEnd","operationId":"026b72zhnnjx7cv","timestamp":1765032746712,"id":"9t8tjdpsr65ffid","previousEventId":"2varnwddk5hq3kh","previousOperationId":"026b72zhnnjx7cv"}
{"type":"operationStart","subtype":"recipe","name":"html","timestamp":1765032746714,"id":"ujw621gvv0ykrxr","previousEventId":"9t8tjdpsr65ffid","operationId":"v1smqckxjd97gx2","previousOperationId":"026b72zhnnjx7cv"}
{"type":"log","timestamp":1765032746714,"level":"debug","message":"Executing recipe html","meta":{"rootId":"oosz86ose5a6suu","id":"qd3tsjyw2275gpt"},"id":"o15g8z4ze0uvepe","previousOperationId":"v1smqckxjd97gx2"}
{"type":"operationEnd","operationId":"v1smqckxjd97gx2","timestamp":1765032746714,"id":"e3kn8ku7d3ekroe","previousEventId":"ujw621gvv0ykrxr","previousOperationId":"v1smqckxjd97gx2"}
{"type":"log","timestamp":1765032746714,"level":"debug","message":"Skipping storing report.","meta":{"rootId":"oosz86ose5a6suu","id":"qd3tsjyw2275gpt"},"id":"dr6ug5d6lu7117h","previousOperationId":"v1smqckxjd97gx2"}
{"type":"log","timestamp":1765032746714,"level":"info","message":"Rendering (child) request finished in 161 ms","meta":{"rootId":"oosz86ose5a6suu","id":"qd3tsjyw2275gpt"},"id":"4cci9cm44xyjw8w","previousOperationId":"v1smqckxjd97gx2"}
{"type":"operationEnd","subtype":"render","operationId":"opes1wpvniecwcn","timestamp":1765032746714,"id":"5looyty528lmg2u","previousEventId":"e3kn8ku7d3ekroe","previousOperationId":"v1smqckxjd97gx2"}
{"type":"log","timestamp":1765032748275,"level":"debug","message":"pptx successfully zipped","meta":{"rootId":"oosz86ose5a6suu","id":"oosz86ose5a6suu"},"id":"two1hjqgr3p47sn","previousOperationId":"gbtdr1t9ck8y2em"}
{"type":"log","timestamp":1765032748275,"level":"info","message":"pptx generation was finished","meta":{"rootId":"oosz86ose5a6suu","id":"oosz86ose5a6suu"},"id":"84699laa2ggq2jm","previousOperationId":"gbtdr1t9ck8y2em"}
{"type":"operationEnd","operationId":"gbtdr1t9ck8y2em","timestamp":1765032748279,"id":"czm1y3i9h5pxsjn","previousEventId":"o69y0s4y1y0hysd","previousOperationId":"gbtdr1t9ck8y2em"}
{"type":"log","timestamp":1765032748279,"level":"debug","message":"Skipping storing report.","meta":{"rootId":"oosz86ose5a6suu","id":"oosz86ose5a6suu"},"id":"kcrwysy9vawudgj","previousOperationId":"gbtdr1t9ck8y2em"}
{"type":"log","timestamp":1765032748279,"level":"info","message":"Rendering request 9 finished in 1726 ms","meta":{"rootId":"oosz86ose5a6suu","id":"oosz86ose5a6suu"},"id":"t5zzal4d1ir65ss","previousOperationId":"gbtdr1t9ck8y2em"}
{"type":"operationEnd","subtype":"render","operationId":"jgbyio4w2x5h096","timestamp":1765032748279,"id":"v7he80ldjzv9fpc","previousEventId":"czm1y3i9h5pxsjn","previousOperationId":"gbtdr1t9ck8y2em"}
{"type":"operationEnd","doDiffs":false,"previousEventId":"5wlulra2i38cti0","previousOperationId":"dwwcdf5exzkler1","operationId":"dwwcdf5exzkler1","timestamp":1765032748283,"id":"73npuyhaqrcueo1"}
