{"type":"operationStart","subtype":"profile","data":{"_id":"LQbSUzEPiqi907WJ","timestamp":"2025-12-07T11:48:52.918Z","state":"running","mode":"standard","creationDate":"2025-12-07T11:48:52.933Z","modificationDate":"2025-12-07T11:48:52.933Z","shortid":"nxHq3T1","$entitySet":"profiles","timeout":60000},"doDiffs":false,"timestamp":1765108132930,"id":"0wfxuh4ikeihl73","previousOperationId":null,"operationId":"bywzzll7i93rnjl"}
{"type":"log","level":"info","message":"Render request 13 queued for execution and waiting for available worker","previousOperationId":"bywzzll7i93rnjl","timestamp":1765108132931,"id":"cxt0i9qlo1afs7o"}
{"type":"operationStart","subtype":"render","name":"anonymous","previousOperationId":"bywzzll7i93rnjl","timestamp":1765108132993,"id":"s0wifkhhrhkgdc4","previousEventId":"0wfxuh4ikeihl73","operationId":"n2x4gu9ae14n8ck"}
{"type":"log","timestamp":1765108132993,"level":"info","message":"Starting rendering request 13","meta":{"rootId":"opvvnk5kj414jfl","id":"opvvnk5kj414jfl"},"id":"ppcc6l1ocu2k5y8","previousOperationId":"n2x4gu9ae14n8ck"}
{"type":"log","timestamp":1765108132993,"level":"info","message":"Rendering anonymous template { recipe: pptx, engine: handlebars }","meta":{"rootId":"opvvnk5kj414jfl","id":"opvvnk5kj414jfl"},"id":"19gqcxyq0b4ow3c","previousOperationId":"n2x4gu9ae14n8ck"}
{"type":"log","timestamp":1765108132994,"level":"debug","message":"Inline data specified.","meta":{"rootId":"opvvnk5kj414jfl","id":"opvvnk5kj414jfl"},"id":"kjhvxjvt4q9sh87","previousOperationId":"n2x4gu9ae14n8ck"}
{"type":"log","timestamp":1765108132996,"level":"debug","message":"Base url not specified, skipping its injection.","meta":{"rootId":"opvvnk5kj414jfl","id":"opvvnk5kj414jfl"},"id":"052hhpypthquntn","previousOperationId":"n2x4gu9ae14n8ck"}
{"type":"operationStart","subtype":"engine","name":"handlebars","timestamp":1765108132997,"id":"cxyj0jqrlf87n5w","previousEventId":"s0wifkhhrhkgdc4","operationId":"jq6zavnzv5kzbuv","previousOperationId":"n2x4gu9ae14n8ck"}
{"type":"log","timestamp":1765108132997,"level":"debug","message":"Rendering engine handlebars","meta":{"rootId":"opvvnk5kj414jfl","id":"opvvnk5kj414jfl"},"id":"ru0d2b169f8uoj8","previousOperationId":"jq6zavnzv5kzbuv"}
{"type":"operationEnd","operationId":"jq6zavnzv5kzbuv","timestamp":1765108133014,"id":"q80a3c9t1l4k6lb","previousEventId":"cxyj0jqrlf87n5w","previousOperationId":"jq6zavnzv5kzbuv"}
{"type":"operationStart","subtype":"recipe","name":"pptx","timestamp":1765108133014,"id":"u05bhmkinfdv1vz","previousEventId":"q80a3c9t1l4k6lb","operationId":"ppulcb82zavb6rr","previousOperationId":"jq6zavnzv5kzbuv"}
{"type":"log","timestamp":1765108133014,"level":"debug","message":"Executing recipe pptx","meta":{"rootId":"opvvnk5kj414jfl","id":"opvvnk5kj414jfl"},"id":"ug0ztlxxnpntmxh","previousOperationId":"ppulcb82zavb6rr"}
{"type":"log","timestamp":1765108133052,"level":"info","message":"pptx generation is starting","meta":{"rootId":"opvvnk5kj414jfl","id":"opvvnk5kj414jfl"},"id":"5xz9y20s5jff7p9","previousOperationId":"ppulcb82zavb6rr"}
{"type":"log","timestamp":1765108134640,"level":"debug","message":"Starting child request to render pptx dynamic parts","meta":{"rootId":"opvvnk5kj414jfl","id":"opvvnk5kj414jfl"},"id":"ai10kzlr5svwaek","previousOperationId":"ppulcb82zavb6rr"}
{"type":"operationStart","subtype":"render","name":"anonymous","previousOperationId":"ppulcb82zavb6rr","timestamp":1765108134641,"id":"cy1it9vjv562n8i","previousEventId":"u05bhmkinfdv1vz","operationId":"dpnpc1a6i69bqv3"}
{"type":"log","timestamp":1765108134641,"level":"info","message":"Starting rendering (child) request","meta":{"rootId":"opvvnk5kj414jfl","id":"mu4xu68ao4wv65m"},"id":"5nn7ifmomfij0ay","previousOperationId":"dpnpc1a6i69bqv3"}
{"type":"log","timestamp":1765108134641,"level":"info","message":"Rendering anonymous template { recipe: html, engine: handlebars }","meta":{"rootId":"opvvnk5kj414jfl","id":"mu4xu68ao4wv65m"},"id":"h0yoytk05cn41nm","previousOperationId":"dpnpc1a6i69bqv3"}
{"type":"log","timestamp":1765108134641,"level":"debug","message":"Inline data specified.","meta":{"rootId":"opvvnk5kj414jfl","id":"mu4xu68ao4wv65m"},"id":"2tt4ho65fntzsrr","previousOperationId":"dpnpc1a6i69bqv3"}
{"type":"log","timestamp":1765108134647,"level":"debug","message":"Base url not specified, skipping its injection.","meta":{"rootId":"opvvnk5kj414jfl","id":"mu4xu68ao4wv65m"},"id":"l6qpeah1r6vp767","previousOperationId":"dpnpc1a6i69bqv3"}
{"type":"operationStart","subtype":"engine","name":"handlebars","timestamp":1765108134648,"id":"f5kaqjag5t7j6j4","previousEventId":"cy1it9vjv562n8i","operationId":"7wlmgywujpbwsd2","previousOperationId":"dpnpc1a6i69bqv3"}
{"type":"log","timestamp":1765108134648,"level":"debug","message":"Rendering engine handlebars","meta":{"rootId":"opvvnk5kj414jfl","id":"mu4xu68ao4wv65m"},"id":"zmn2awkmtvmu8sm","previousOperationId":"7wlmgywujpbwsd2"}
{"type":"operationEnd","operationId":"7wlmgywujpbwsd2","timestamp":1765108134762,"id":"t41d6rh68cuixee","previousEventId":"f5kaqjag5t7j6j4","previousOperationId":"7wlmgywujpbwsd2"}
{"type":"operationStart","subtype":"recipe","name":"html","timestamp":1765108134779,"id":"sd3clgtk82mpgby","previousEventId":"t41d6rh68cuixee","operationId":"ah1jhu9i540ty3o","previousOperationId":"7wlmgywujpbwsd2"}
{"type":"log","timestamp":1765108134779,"level":"debug","message":"Executing recipe html","meta":{"rootId":"opvvnk5kj414jfl","id":"mu4xu68ao4wv65m"},"id":"ol5uanhqupehzv6","previousOperationId":"ah1jhu9i540ty3o"}
{"type":"operationEnd","operationId":"ah1jhu9i540ty3o","timestamp":1765108134779,"id":"yccyoxku5eclemo","previousEventId":"sd3clgtk82mpgby","previousOperationId":"ah1jhu9i540ty3o"}
{"type":"log","timestamp":1765108134779,"level":"debug","message":"Skipping storing report.","meta":{"rootId":"opvvnk5kj414jfl","id":"mu4xu68ao4wv65m"},"id":"t7astvazuirkjrb","previousOperationId":"ah1jhu9i540ty3o"}
{"type":"log","timestamp":1765108134779,"level":"info","message":"Rendering (child) request finished in 1862 ms","meta":{"rootId":"opvvnk5kj414jfl","id":"mu4xu68ao4wv65m"},"id":"1aoh4ydqf2hooca","previousOperationId":"ah1jhu9i540ty3o"}
{"type":"operationEnd","subtype":"render","operationId":"dpnpc1a6i69bqv3","timestamp":1765108134779,"id":"sorz522heq2duti","previousEventId":"yccyoxku5eclemo","previousOperationId":"ah1jhu9i540ty3o"}
{"type":"log","timestamp":1765108140576,"level":"debug","message":"pptx successfully zipped","meta":{"rootId":"opvvnk5kj414jfl","id":"opvvnk5kj414jfl"},"id":"o5fk2dtdyc7b02z","previousOperationId":"ppulcb82zavb6rr"}
{"type":"log","timestamp":1765108140576,"level":"info","message":"pptx generation was finished","meta":{"rootId":"opvvnk5kj414jfl","id":"opvvnk5kj414jfl"},"id":"szj3wxeeg6fdyw4","previousOperationId":"ppulcb82zavb6rr"}
{"type":"operationEnd","operationId":"ppulcb82zavb6rr","timestamp":1765108140585,"id":"ix3y1sj43vdqyns","previousEventId":"u05bhmkinfdv1vz","previousOperationId":"ppulcb82zavb6rr"}
{"type":"log","timestamp":1765108140586,"level":"debug","message":"Skipping storing report.","meta":{"rootId":"opvvnk5kj414jfl","id":"opvvnk5kj414jfl"},"id":"00u1k2qut7uv03k","previousOperationId":"ppulcb82zavb6rr"}
{"type":"log","timestamp":1765108140586,"level":"info","message":"Rendering request 13 finished in 7669 ms","meta":{"rootId":"opvvnk5kj414jfl","id":"opvvnk5kj414jfl"},"id":"j13ejkd9xmai00v","previousOperationId":"ppulcb82zavb6rr"}
{"type":"operationEnd","subtype":"render","operationId":"n2x4gu9ae14n8ck","timestamp":1765108140586,"id":"24ljic8kr2lfmd1","previousEventId":"ix3y1sj43vdqyns","previousOperationId":"ppulcb82zavb6rr"}
{"type":"operationEnd","doDiffs":false,"previousEventId":"0wfxuh4ikeihl73","previousOperationId":"bywzzll7i93rnjl","operationId":"bywzzll7i93rnjl","timestamp":1765108140598,"id":"mww9r8nxs5dxht1"}
