{"type":"operationStart","subtype":"profile","data":{"_id":"5r01U4KAGryHE683","timestamp":"2025-12-07T13:05:43.054Z","state":"running","mode":"standard","creationDate":"2025-12-07T13:05:43.058Z","modificationDate":"2025-12-07T13:05:43.058Z","shortid":"q2Zrlc9","$entitySet":"profiles","timeout":60000},"doDiffs":false,"timestamp":1765112743056,"id":"fs40bsvi9i34yny","previousOperationId":null,"operationId":"bmig4tzt4hcgplg"}
{"type":"log","level":"info","message":"Render request 37 queued for execution and waiting for available worker","previousOperationId":"bmig4tzt4hcgplg","timestamp":1765112743056,"id":"qvffuhv8ewws63a"}
{"type":"operationStart","subtype":"render","name":"anonymous","previousOperationId":"bmig4tzt4hcgplg","timestamp":1765112743119,"id":"jfnp8nviqunhk8m","previousEventId":"fs40bsvi9i34yny","operationId":"de1lhgw4hg0tucu"}
{"type":"log","timestamp":1765112743120,"level":"info","message":"Starting rendering request 37","meta":{"rootId":"ov0lxuwzjtfkuw9","id":"ov0lxuwzjtfkuw9"},"id":"lvc3hcle6v3bp56","previousOperationId":"de1lhgw4hg0tucu"}
{"type":"log","timestamp":1765112743120,"level":"info","message":"Rendering anonymous template { recipe: pptx, engine: handlebars }","meta":{"rootId":"ov0lxuwzjtfkuw9","id":"ov0lxuwzjtfkuw9"},"id":"30l17i72k14z6ha","previousOperationId":"de1lhgw4hg0tucu"}
{"type":"log","timestamp":1765112743120,"level":"debug","message":"Inline data specified.","meta":{"rootId":"ov0lxuwzjtfkuw9","id":"ov0lxuwzjtfkuw9"},"id":"xc35faqodl9f8ku","previousOperationId":"de1lhgw4hg0tucu"}
{"type":"log","timestamp":1765112743123,"level":"debug","message":"Base url not specified, skipping its injection.","meta":{"rootId":"ov0lxuwzjtfkuw9","id":"ov0lxuwzjtfkuw9"},"id":"cnuo0vw6zd4rbb7","previousOperationId":"de1lhgw4hg0tucu"}
{"type":"operationStart","subtype":"engine","name":"handlebars","timestamp":1765112743124,"id":"v89kxc332hfip5j","previousEventId":"jfnp8nviqunhk8m","operationId":"5slof4u2s4rytpc","previousOperationId":"de1lhgw4hg0tucu"}
{"type":"log","timestamp":1765112743125,"level":"debug","message":"Rendering engine handlebars","meta":{"rootId":"ov0lxuwzjtfkuw9","id":"ov0lxuwzjtfkuw9"},"id":"cxt9oy57zowyz3r","previousOperationId":"5slof4u2s4rytpc"}
{"type":"operationEnd","operationId":"5slof4u2s4rytpc","timestamp":1765112743142,"id":"rb46rbh4cqra34f","previousEventId":"v89kxc332hfip5j","previousOperationId":"5slof4u2s4rytpc"}
{"type":"operationStart","subtype":"recipe","name":"pptx","timestamp":1765112743142,"id":"r6uli0x9b96pcrl","previousEventId":"rb46rbh4cqra34f","operationId":"gvjvokgbm3qhm11","previousOperationId":"5slof4u2s4rytpc"}
{"type":"log","timestamp":1765112743142,"level":"debug","message":"Executing recipe pptx","meta":{"rootId":"ov0lxuwzjtfkuw9","id":"ov0lxuwzjtfkuw9"},"id":"dyokkp81f47i7co","previousOperationId":"gvjvokgbm3qhm11"}
{"type":"log","timestamp":1765112743166,"level":"info","message":"pptx generation is starting","meta":{"rootId":"ov0lxuwzjtfkuw9","id":"ov0lxuwzjtfkuw9"},"id":"xffbd9g0o2jm7e1","previousOperationId":"gvjvokgbm3qhm11"}
{"type":"log","timestamp":1765112744707,"level":"debug","message":"Starting child request to render pptx dynamic parts","meta":{"rootId":"ov0lxuwzjtfkuw9","id":"ov0lxuwzjtfkuw9"},"id":"o1elvvxgvutberl","previousOperationId":"gvjvokgbm3qhm11"}
{"type":"operationStart","subtype":"render","name":"anonymous","previousOperationId":"gvjvokgbm3qhm11","timestamp":1765112744707,"id":"jpwmn5t6ca0ew2k","previousEventId":"r6uli0x9b96pcrl","operationId":"ei66rblw3wdm9r7"}
{"type":"log","timestamp":1765112744707,"level":"info","message":"Starting rendering (child) request","meta":{"rootId":"ov0lxuwzjtfkuw9","id":"9xxkanfxtz4sy1p"},"id":"0p68ku2snozsktk","previousOperationId":"ei66rblw3wdm9r7"}
{"type":"log","timestamp":1765112744707,"level":"info","message":"Rendering anonymous template { recipe: html, engine: handlebars }","meta":{"rootId":"ov0lxuwzjtfkuw9","id":"9xxkanfxtz4sy1p"},"id":"lbix0zmjvj02dl6","previousOperationId":"ei66rblw3wdm9r7"}
{"type":"log","timestamp":1765112744707,"level":"debug","message":"Inline data specified.","meta":{"rootId":"ov0lxuwzjtfkuw9","id":"9xxkanfxtz4sy1p"},"id":"30pvivtdiu83wbx","previousOperationId":"ei66rblw3wdm9r7"}
{"type":"log","timestamp":1765112744722,"level":"debug","message":"Base url not specified, skipping its injection.","meta":{"rootId":"ov0lxuwzjtfkuw9","id":"9xxkanfxtz4sy1p"},"id":"vj85esavg6jy3pf","previousOperationId":"ei66rblw3wdm9r7"}
{"type":"operationStart","subtype":"engine","name":"handlebars","timestamp":1765112744724,"id":"hg03nf9wgif64yx","previousEventId":"jpwmn5t6ca0ew2k","operationId":"km88arjx5lrybqg","previousOperationId":"ei66rblw3wdm9r7"}
{"type":"log","timestamp":1765112744724,"level":"debug","message":"Rendering engine handlebars","meta":{"rootId":"ov0lxuwzjtfkuw9","id":"9xxkanfxtz4sy1p"},"id":"okdcgdzp8e6jvja","previousOperationId":"km88arjx5lrybqg"}
{"type":"operationEnd","operationId":"km88arjx5lrybqg","timestamp":1765112744867,"id":"k88ikvyo4homsny","previousEventId":"hg03nf9wgif64yx","previousOperationId":"km88arjx5lrybqg"}
{"type":"operationStart","subtype":"recipe","name":"html","timestamp":1765112744880,"id":"pa6s4sjxlft1rgz","previousEventId":"k88ikvyo4homsny","operationId":"chbuebm12l6u8l1","previousOperationId":"km88arjx5lrybqg"}
{"type":"log","timestamp":1765112744880,"level":"debug","message":"Executing recipe html","meta":{"rootId":"ov0lxuwzjtfkuw9","id":"9xxkanfxtz4sy1p"},"id":"xqxolf6ov8ajx74","previousOperationId":"chbuebm12l6u8l1"}
{"type":"operationEnd","operationId":"chbuebm12l6u8l1","timestamp":1765112744880,"id":"o8pgl7luo7s6c3w","previousEventId":"pa6s4sjxlft1rgz","previousOperationId":"chbuebm12l6u8l1"}
{"type":"log","timestamp":1765112744880,"level":"debug","message":"Skipping storing report.","meta":{"rootId":"ov0lxuwzjtfkuw9","id":"9xxkanfxtz4sy1p"},"id":"73a607fh6lyrndl","previousOperationId":"chbuebm12l6u8l1"}
{"type":"log","timestamp":1765112744880,"level":"info","message":"Rendering (child) request finished in 1827 ms","meta":{"rootId":"ov0lxuwzjtfkuw9","id":"9xxkanfxtz4sy1p"},"id":"tvdb4l62zm4jw3h","previousOperationId":"chbuebm12l6u8l1"}
{"type":"operationEnd","subtype":"render","operationId":"ei66rblw3wdm9r7","timestamp":1765112744880,"id":"m0sukuhsgi9k4ub","previousEventId":"o8pgl7luo7s6c3w","previousOperationId":"chbuebm12l6u8l1"}
{"type":"log","timestamp":1765112762328,"level":"debug","message":"pptx successfully zipped","meta":{"rootId":"ov0lxuwzjtfkuw9","id":"ov0lxuwzjtfkuw9"},"id":"x9k91jeuhqgae84","previousOperationId":"gvjvokgbm3qhm11"}
{"type":"log","timestamp":1765112762328,"level":"info","message":"pptx generation was finished","meta":{"rootId":"ov0lxuwzjtfkuw9","id":"ov0lxuwzjtfkuw9"},"id":"xixdteg9lqh5fbf","previousOperationId":"gvjvokgbm3qhm11"}
{"type":"operationEnd","operationId":"gvjvokgbm3qhm11","timestamp":1765112762340,"id":"1iu7jcb4ko7hihk","previousEventId":"r6uli0x9b96pcrl","previousOperationId":"gvjvokgbm3qhm11"}
{"type":"log","timestamp":1765112762340,"level":"debug","message":"Skipping storing report.","meta":{"rootId":"ov0lxuwzjtfkuw9","id":"ov0lxuwzjtfkuw9"},"id":"d3vwb7aocbpdcdz","previousOperationId":"gvjvokgbm3qhm11"}
{"type":"log","timestamp":1765112762340,"level":"info","message":"Rendering request 37 finished in 19287 ms","meta":{"rootId":"ov0lxuwzjtfkuw9","id":"ov0lxuwzjtfkuw9"},"id":"gh78cg3pqhdxh3z","previousOperationId":"gvjvokgbm3qhm11"}
{"type":"operationEnd","subtype":"render","operationId":"de1lhgw4hg0tucu","timestamp":1765112762340,"id":"r8w2xkja9dkprrh","previousEventId":"1iu7jcb4ko7hihk","previousOperationId":"gvjvokgbm3qhm11"}
{"type":"operationEnd","doDiffs":false,"previousEventId":"fs40bsvi9i34yny","previousOperationId":"bmig4tzt4hcgplg","operationId":"bmig4tzt4hcgplg","timestamp":1765112762346,"id":"3ftdflpxbdoaev4"}
