{"type":"operationStart","subtype":"profile","data":{"_id":"SmQ500iDbIWNLPmF","timestamp":"2025-12-07T12:26:34.078Z","state":"running","mode":"standard","creationDate":"2025-12-07T12:26:34.084Z","modificationDate":"2025-12-07T12:26:34.084Z","shortid":"f3ASw02","$entitySet":"profiles","timeout":60000},"doDiffs":false,"timestamp":1765110394082,"id":"a2x7ca0rfk3ahsh","previousOperationId":null,"operationId":"t7inh9p9eoiegaw"}
{"type":"log","level":"info","message":"Render request 21 queued for execution and waiting for available worker","previousOperationId":"t7inh9p9eoiegaw","timestamp":1765110394082,"id":"05ytp6ewxud0dsg"}
{"type":"operationStart","subtype":"render","name":"anonymous","previousOperationId":"t7inh9p9eoiegaw","timestamp":1765110394167,"id":"seb9blp7d5t9z26","previousEventId":"a2x7ca0rfk3ahsh","operationId":"dpr0gdpflgvwbvc"}
{"type":"log","timestamp":1765110394167,"level":"info","message":"Starting rendering request 21","meta":{"rootId":"oxh58i2lq688t44","id":"oxh58i2lq688t44"},"id":"5384w7io30xd7ao","previousOperationId":"dpr0gdpflgvwbvc"}
{"type":"log","timestamp":1765110394167,"level":"info","message":"Rendering anonymous template { recipe: pptx, engine: handlebars }","meta":{"rootId":"oxh58i2lq688t44","id":"oxh58i2lq688t44"},"id":"wv917qnh01yo8rn","previousOperationId":"dpr0gdpflgvwbvc"}
{"type":"log","timestamp":1765110394167,"level":"debug","message":"Inline data specified.","meta":{"rootId":"oxh58i2lq688t44","id":"oxh58i2lq688t44"},"id":"aiyyprsbsknqojv","previousOperationId":"dpr0gdpflgvwbvc"}
{"type":"log","timestamp":1765110394170,"level":"debug","message":"Base url not specified, skipping its injection.","meta":{"rootId":"oxh58i2lq688t44","id":"oxh58i2lq688t44"},"id":"ktzauyh8exaev9p","previousOperationId":"dpr0gdpflgvwbvc"}
{"type":"operationStart","subtype":"engine","name":"handlebars","timestamp":1765110394170,"id":"2hflorokzelntow","previousEventId":"seb9blp7d5t9z26","operationId":"t88taal89ziu0sm","previousOperationId":"dpr0gdpflgvwbvc"}
{"type":"log","timestamp":1765110394170,"level":"debug","message":"Rendering engine handlebars","meta":{"rootId":"oxh58i2lq688t44","id":"oxh58i2lq688t44"},"id":"7fsxqd5urtjl3ot","previousOperationId":"t88taal89ziu0sm"}
{"type":"operationEnd","operationId":"t88taal89ziu0sm","timestamp":1765110394189,"id":"r3cb7do9j8rp49t","previousEventId":"2hflorokzelntow","previousOperationId":"t88taal89ziu0sm"}
{"type":"operationStart","subtype":"recipe","name":"pptx","timestamp":1765110394190,"id":"vf60ftht1sj3ec8","previousEventId":"r3cb7do9j8rp49t","operationId":"nj209pwlp5um3uf","previousOperationId":"t88taal89ziu0sm"}
{"type":"log","timestamp":1765110394190,"level":"debug","message":"Executing recipe pptx","meta":{"rootId":"oxh58i2lq688t44","id":"oxh58i2lq688t44"},"id":"p1awkqpphbye03d","previousOperationId":"nj209pwlp5um3uf"}
{"type":"log","timestamp":1765110394230,"level":"info","message":"pptx generation is starting","meta":{"rootId":"oxh58i2lq688t44","id":"oxh58i2lq688t44"},"id":"vtsirtrulpeklxi","previousOperationId":"nj209pwlp5um3uf"}
{"type":"log","timestamp":1765110395812,"level":"debug","message":"Starting child request to render pptx dynamic parts","meta":{"rootId":"oxh58i2lq688t44","id":"oxh58i2lq688t44"},"id":"96yrie0nyters1f","previousOperationId":"nj209pwlp5um3uf"}
{"type":"operationStart","subtype":"render","name":"anonymous","previousOperationId":"nj209pwlp5um3uf","timestamp":1765110395812,"id":"kwvdk8m8yu1p72g","previousEventId":"vf60ftht1sj3ec8","operationId":"ba7nkwaxyaa1xhn"}
{"type":"log","timestamp":1765110395812,"level":"info","message":"Starting rendering (child) request","meta":{"rootId":"oxh58i2lq688t44","id":"t9d3d9i6rxxna4y"},"id":"apc4o43a3n6uu5x","previousOperationId":"ba7nkwaxyaa1xhn"}
{"type":"log","timestamp":1765110395812,"level":"info","message":"Rendering anonymous template { recipe: html, engine: handlebars }","meta":{"rootId":"oxh58i2lq688t44","id":"t9d3d9i6rxxna4y"},"id":"axxkkxmqc51gml9","previousOperationId":"ba7nkwaxyaa1xhn"}
{"type":"log","timestamp":1765110395812,"level":"debug","message":"Inline data specified.","meta":{"rootId":"oxh58i2lq688t44","id":"t9d3d9i6rxxna4y"},"id":"idxmuxnsawt00nl","previousOperationId":"ba7nkwaxyaa1xhn"}
{"type":"log","timestamp":1765110395821,"level":"debug","message":"Base url not specified, skipping its injection.","meta":{"rootId":"oxh58i2lq688t44","id":"t9d3d9i6rxxna4y"},"id":"xlkssqoosxuhng1","previousOperationId":"ba7nkwaxyaa1xhn"}
{"type":"operationStart","subtype":"engine","name":"handlebars","timestamp":1765110395822,"id":"rpseivsk0pyxdai","previousEventId":"kwvdk8m8yu1p72g","operationId":"b1o2til9dt0mhdh","previousOperationId":"ba7nkwaxyaa1xhn"}
{"type":"log","timestamp":1765110395822,"level":"debug","message":"Rendering engine handlebars","meta":{"rootId":"oxh58i2lq688t44","id":"t9d3d9i6rxxna4y"},"id":"clvxp8nba2ojcwg","previousOperationId":"b1o2til9dt0mhdh"}
{"type":"operationEnd","operationId":"b1o2til9dt0mhdh","timestamp":1765110395920,"id":"n57w651eicjtof3","previousEventId":"rpseivsk0pyxdai","previousOperationId":"b1o2til9dt0mhdh"}
{"type":"operationStart","subtype":"recipe","name":"html","timestamp":1765110395931,"id":"y2p4xjdvnr4oey2","previousEventId":"n57w651eicjtof3","operationId":"jgfwptxaeh7jvfg","previousOperationId":"b1o2til9dt0mhdh"}
{"type":"log","timestamp":1765110395931,"level":"debug","message":"Executing recipe html","meta":{"rootId":"oxh58i2lq688t44","id":"t9d3d9i6rxxna4y"},"id":"9zmdctt6vb4lzmh","previousOperationId":"jgfwptxaeh7jvfg"}
{"type":"operationEnd","operationId":"jgfwptxaeh7jvfg","timestamp":1765110395931,"id":"gwd2hqkkweunzx7","previousEventId":"y2p4xjdvnr4oey2","previousOperationId":"jgfwptxaeh7jvfg"}
{"type":"log","timestamp":1765110395931,"level":"debug","message":"Skipping storing report.","meta":{"rootId":"oxh58i2lq688t44","id":"t9d3d9i6rxxna4y"},"id":"occffml8xe11ubd","previousOperationId":"jgfwptxaeh7jvfg"}
{"type":"log","timestamp":1765110395931,"level":"info","message":"Rendering (child) request finished in 1856 ms","meta":{"rootId":"oxh58i2lq688t44","id":"t9d3d9i6rxxna4y"},"id":"h5xmkg4asot9zhi","previousOperationId":"jgfwptxaeh7jvfg"}
{"type":"operationEnd","subtype":"render","operationId":"ba7nkwaxyaa1xhn","timestamp":1765110395931,"id":"kzzhtmtuuq2r12k","previousEventId":"gwd2hqkkweunzx7","previousOperationId":"jgfwptxaeh7jvfg"}
{"type":"log","timestamp":1765110404416,"level":"debug","message":"pptx successfully zipped","meta":{"rootId":"oxh58i2lq688t44","id":"oxh58i2lq688t44"},"id":"co5cmma4hash1e6","previousOperationId":"nj209pwlp5um3uf"}
{"type":"log","timestamp":1765110404417,"level":"info","message":"pptx generation was finished","meta":{"rootId":"oxh58i2lq688t44","id":"oxh58i2lq688t44"},"id":"p8fizm8o8foq0xg","previousOperationId":"nj209pwlp5um3uf"}
{"type":"operationEnd","operationId":"nj209pwlp5um3uf","timestamp":1765110404428,"id":"ev2p9a23yjpa6b7","previousEventId":"vf60ftht1sj3ec8","previousOperationId":"nj209pwlp5um3uf"}
{"type":"log","timestamp":1765110404428,"level":"debug","message":"Skipping storing report.","meta":{"rootId":"oxh58i2lq688t44","id":"oxh58i2lq688t44"},"id":"1vbad28rx6qj0xy","previousOperationId":"nj209pwlp5um3uf"}
{"type":"log","timestamp":1765110404428,"level":"info","message":"Rendering request 21 finished in 10353 ms","meta":{"rootId":"oxh58i2lq688t44","id":"oxh58i2lq688t44"},"id":"g0x598rlmxa04ok","previousOperationId":"nj209pwlp5um3uf"}
{"type":"operationEnd","subtype":"render","operationId":"dpr0gdpflgvwbvc","timestamp":1765110404428,"id":"anwjz9hxqdtdqay","previousEventId":"ev2p9a23yjpa6b7","previousOperationId":"nj209pwlp5um3uf"}
{"type":"operationEnd","doDiffs":false,"previousEventId":"a2x7ca0rfk3ahsh","previousOperationId":"t7inh9p9eoiegaw","operationId":"t7inh9p9eoiegaw","timestamp":1765110404432,"id":"acx3qkgw9khotur"}
