{"type":"operationStart","subtype":"profile","data":{"_id":"G1SU6quCkfBPCvZo","timestamp":"2025-12-05T23:05:53.167Z","state":"running","mode":"standard","creationDate":"2025-12-05T23:05:53.173Z","modificationDate":"2025-12-05T23:05:53.173Z","shortid":"Znoi4Pl","$entitySet":"profiles","timeout":60000},"doDiffs":false,"timestamp":1764975953170,"id":"93oci9qx9niid5f","previousOperationId":null,"operationId":"t5rb2xvnuxvt1ip"}
{"type":"log","level":"info","message":"Render request 7 queued for execution and waiting for available worker","previousOperationId":"t5rb2xvnuxvt1ip","timestamp":1764975953170,"id":"iuxgrf7gn7codp3"}
{"type":"operationStart","subtype":"render","name":"anonymous","previousOperationId":"t5rb2xvnuxvt1ip","timestamp":1764975953187,"id":"2vkbawc76e4rmfk","previousEventId":"93oci9qx9niid5f","operationId":"xsxxj8yxkqsa3n4"}
{"type":"log","timestamp":1764975953188,"level":"info","message":"Starting rendering request 7","meta":{"rootId":"p52mjnm3il31zat","id":"p52mjnm3il31zat"},"id":"fblvybc2o26en2n","previousOperationId":"xsxxj8yxkqsa3n4"}
{"type":"log","timestamp":1764975953188,"level":"info","message":"Rendering anonymous template { recipe: pptx, engine: handlebars }","meta":{"rootId":"p52mjnm3il31zat","id":"p52mjnm3il31zat"},"id":"t5gydp86l8fv75x","previousOperationId":"xsxxj8yxkqsa3n4"}
{"type":"log","timestamp":1764975953188,"level":"debug","message":"Inline data specified.","meta":{"rootId":"p52mjnm3il31zat","id":"p52mjnm3il31zat"},"id":"ch1imp5ddn1v3yg","previousOperationId":"xsxxj8yxkqsa3n4"}
{"type":"log","timestamp":1764975953191,"level":"debug","message":"Base url not specified, skipping its injection.","meta":{"rootId":"p52mjnm3il31zat","id":"p52mjnm3il31zat"},"id":"llq534wjf9ocytb","previousOperationId":"xsxxj8yxkqsa3n4"}
{"type":"operationStart","subtype":"engine","name":"handlebars","timestamp":1764975953191,"id":"umkh5sbdq2ct4cr","previousEventId":"2vkbawc76e4rmfk","operationId":"xpqew7rw5ky99ci","previousOperationId":"xsxxj8yxkqsa3n4"}
{"type":"log","timestamp":1764975953191,"level":"debug","message":"Rendering engine handlebars","meta":{"rootId":"p52mjnm3il31zat","id":"p52mjnm3il31zat"},"id":"dntwkgvzslxcl0c","previousOperationId":"xpqew7rw5ky99ci"}
{"type":"operationEnd","operationId":"xpqew7rw5ky99ci","timestamp":1764975953209,"id":"cmk57dsa1ofovsm","previousEventId":"umkh5sbdq2ct4cr","previousOperationId":"xpqew7rw5ky99ci"}
{"type":"operationStart","subtype":"recipe","name":"pptx","timestamp":1764975953210,"id":"q1nyaa9r53nv64x","previousEventId":"cmk57dsa1ofovsm","operationId":"w290kf7gnolh89j","previousOperationId":"xpqew7rw5ky99ci"}
{"type":"log","timestamp":1764975953210,"level":"debug","message":"Executing recipe pptx","meta":{"rootId":"p52mjnm3il31zat","id":"p52mjnm3il31zat"},"id":"s7wyet3jtyavxnx","previousOperationId":"w290kf7gnolh89j"}
{"type":"log","timestamp":1764975953211,"level":"info","message":"pptx generation is starting","meta":{"rootId":"p52mjnm3il31zat","id":"p52mjnm3il31zat"},"id":"ghjt9i7967i0pu5","previousOperationId":"w290kf7gnolh89j"}
{"type":"log","timestamp":1764975953322,"level":"debug","message":"Starting child request to render pptx dynamic parts","meta":{"rootId":"p52mjnm3il31zat","id":"p52mjnm3il31zat"},"id":"2dw9i0pz0dtffdi","previousOperationId":"w290kf7gnolh89j"}
{"type":"operationStart","subtype":"render","name":"anonymous","previousOperationId":"w290kf7gnolh89j","timestamp":1764975953322,"id":"iayt28cm4d0f7yw","previousEventId":"q1nyaa9r53nv64x","operationId":"cfmv8ts1cvs7vjm"}
{"type":"log","timestamp":1764975953322,"level":"info","message":"Starting rendering (child) request","meta":{"rootId":"p52mjnm3il31zat","id":"e4ld1nclelhpu0f"},"id":"nx92km3zlbwrumd","previousOperationId":"cfmv8ts1cvs7vjm"}
{"type":"log","timestamp":1764975953323,"level":"info","message":"Rendering anonymous template { recipe: html, engine: handlebars }","meta":{"rootId":"p52mjnm3il31zat","id":"e4ld1nclelhpu0f"},"id":"dawqpi5asre9yoc","previousOperationId":"cfmv8ts1cvs7vjm"}
{"type":"log","timestamp":1764975953323,"level":"debug","message":"Inline data specified.","meta":{"rootId":"p52mjnm3il31zat","id":"e4ld1nclelhpu0f"},"id":"apkjbip5sg48f6o","previousOperationId":"cfmv8ts1cvs7vjm"}
{"type":"log","timestamp":1764975953330,"level":"debug","message":"Base url not specified, skipping its injection.","meta":{"rootId":"p52mjnm3il31zat","id":"e4ld1nclelhpu0f"},"id":"onn72fj1kgrdu12","previousOperationId":"cfmv8ts1cvs7vjm"}
{"type":"operationStart","subtype":"engine","name":"handlebars","timestamp":1764975953330,"id":"tfwuvt0ncpqp49m","previousEventId":"iayt28cm4d0f7yw","operationId":"x9mextw10jjcjhm","previousOperationId":"cfmv8ts1cvs7vjm"}
{"type":"log","timestamp":1764975953330,"level":"debug","message":"Rendering engine handlebars","meta":{"rootId":"p52mjnm3il31zat","id":"e4ld1nclelhpu0f"},"id":"8ysmvpu6a0sfjhz","previousOperationId":"x9mextw10jjcjhm"}
{"type":"operationEnd","operationId":"x9mextw10jjcjhm","timestamp":1764975953353,"id":"9inth80h5sslgvz","previousEventId":"tfwuvt0ncpqp49m","previousOperationId":"x9mextw10jjcjhm"}
{"type":"operationStart","subtype":"recipe","name":"html","timestamp":1764975953355,"id":"zvo24eqyu7gnze9","previousEventId":"9inth80h5sslgvz","operationId":"br4lx1divegbxqr","previousOperationId":"x9mextw10jjcjhm"}
{"type":"log","timestamp":1764975953355,"level":"debug","message":"Executing recipe html","meta":{"rootId":"p52mjnm3il31zat","id":"e4ld1nclelhpu0f"},"id":"37tutdk4sruqigy","previousOperationId":"br4lx1divegbxqr"}
{"type":"operationEnd","operationId":"br4lx1divegbxqr","timestamp":1764975953355,"id":"jyx4kxjz1w2zltv","previousEventId":"zvo24eqyu7gnze9","previousOperationId":"br4lx1divegbxqr"}
{"type":"log","timestamp":1764975953355,"level":"debug","message":"Skipping storing report.","meta":{"rootId":"p52mjnm3il31zat","id":"e4ld1nclelhpu0f"},"id":"axuedchqaadzoan","previousOperationId":"br4lx1divegbxqr"}
{"type":"log","timestamp":1764975953355,"level":"info","message":"Rendering (child) request finished in 189 ms","meta":{"rootId":"p52mjnm3il31zat","id":"e4ld1nclelhpu0f"},"id":"b7f8738cjscjdnq","previousOperationId":"br4lx1divegbxqr"}
{"type":"operationEnd","subtype":"render","operationId":"cfmv8ts1cvs7vjm","timestamp":1764975953355,"id":"f39rf3br2hn5swi","previousEventId":"jyx4kxjz1w2zltv","previousOperationId":"br4lx1divegbxqr"}
{"type":"log","timestamp":1764975953480,"level":"debug","message":"pptx successfully zipped","meta":{"rootId":"p52mjnm3il31zat","id":"p52mjnm3il31zat"},"id":"zsm2ge2tclvrthf","previousOperationId":"w290kf7gnolh89j"}
{"type":"log","timestamp":1764975953480,"level":"info","message":"pptx generation was finished","meta":{"rootId":"p52mjnm3il31zat","id":"p52mjnm3il31zat"},"id":"n4dyc2sk78v08yw","previousOperationId":"w290kf7gnolh89j"}
{"type":"operationEnd","operationId":"w290kf7gnolh89j","timestamp":1764975953486,"id":"pg73ina3lslq1sb","previousEventId":"q1nyaa9r53nv64x","previousOperationId":"w290kf7gnolh89j"}
{"type":"log","timestamp":1764975953486,"level":"debug","message":"Skipping storing report.","meta":{"rootId":"p52mjnm3il31zat","id":"p52mjnm3il31zat"},"id":"jyk2j2oyybfp5p4","previousOperationId":"w290kf7gnolh89j"}
{"type":"log","timestamp":1764975953486,"level":"info","message":"Rendering request 7 finished in 320 ms","meta":{"rootId":"p52mjnm3il31zat","id":"p52mjnm3il31zat"},"id":"sv5vtihlihvsrq5","previousOperationId":"w290kf7gnolh89j"}
{"type":"operationEnd","subtype":"render","operationId":"xsxxj8yxkqsa3n4","timestamp":1764975953486,"id":"xpoa3gr1tjy8f5n","previousEventId":"pg73ina3lslq1sb","previousOperationId":"w290kf7gnolh89j"}
{"type":"operationEnd","doDiffs":false,"previousEventId":"93oci9qx9niid5f","previousOperationId":"t5rb2xvnuxvt1ip","operationId":"t5rb2xvnuxvt1ip","timestamp":1764975953492,"id":"4oipg4730wxqsso"}
