{"type":"operationStart","subtype":"profile","data":{"_id":"uFicbkQSCQZ70Nsh","timestamp":"2025-12-06T11:04:26.370Z","state":"running","mode":"standard","creationDate":"2025-12-06T11:04:26.377Z","modificationDate":"2025-12-06T11:04:26.377Z","shortid":"BzZvhBv","$entitySet":"profiles","timeout":60000},"doDiffs":false,"timestamp":1765019066374,"id":"oa1tfb6l5c5yqma","previousOperationId":null,"operationId":"5c06coilq8f0ald"}
{"type":"log","level":"info","message":"Render request 1 queued for execution and waiting for available worker","previousOperationId":"5c06coilq8f0ald","timestamp":1765019066374,"id":"s2oajtt5juy5dmo"}
{"type":"operationStart","subtype":"render","name":"anonymous","previousOperationId":"5c06coilq8f0ald","timestamp":1765019066421,"id":"2ga0cq0umux1226","previousEventId":"oa1tfb6l5c5yqma","operationId":"obsbv6hmgblxyor"}
{"type":"log","timestamp":1765019066422,"level":"info","message":"Starting rendering request 1","meta":{"rootId":"pov89k2koe6wzib","id":"pov89k2koe6wzib"},"id":"somhjig3pxke0bf","previousOperationId":"obsbv6hmgblxyor"}
{"type":"log","timestamp":1765019066425,"level":"info","message":"Rendering anonymous template { recipe: pptx, engine: handlebars }","meta":{"rootId":"pov89k2koe6wzib","id":"pov89k2koe6wzib"},"id":"80n0drobqqy4cml","previousOperationId":"obsbv6hmgblxyor"}
{"type":"log","timestamp":1765019066425,"level":"debug","message":"Inline data specified.","meta":{"rootId":"pov89k2koe6wzib","id":"pov89k2koe6wzib"},"id":"hd90ixsl9mrhjyx","previousOperationId":"obsbv6hmgblxyor"}
{"type":"log","timestamp":1765019066431,"level":"debug","message":"Base url not specified, skipping its injection.","meta":{"rootId":"pov89k2koe6wzib","id":"pov89k2koe6wzib"},"id":"2i2nxft1h9tl40q","previousOperationId":"obsbv6hmgblxyor"}
{"type":"operationStart","subtype":"engine","name":"handlebars","timestamp":1765019066433,"id":"pxqhshfxaaer9d2","previousEventId":"2ga0cq0umux1226","operationId":"zr92yf8vioantle","previousOperationId":"obsbv6hmgblxyor"}
{"type":"log","timestamp":1765019066433,"level":"debug","message":"Rendering engine handlebars","meta":{"rootId":"pov89k2koe6wzib","id":"pov89k2koe6wzib"},"id":"aq3gnix67yjld9w","previousOperationId":"zr92yf8vioantle"}
{"type":"operationEnd","operationId":"zr92yf8vioantle","timestamp":1765019067231,"id":"ut0tdl8neuxvy67","previousEventId":"pxqhshfxaaer9d2","previousOperationId":"zr92yf8vioantle"}
{"type":"operationStart","subtype":"recipe","name":"pptx","timestamp":1765019067232,"id":"indn2gm0tpvk5t1","previousEventId":"ut0tdl8neuxvy67","operationId":"ga6sx8wyga6i9gk","previousOperationId":"zr92yf8vioantle"}
{"type":"log","timestamp":1765019067232,"level":"debug","message":"Executing recipe pptx","meta":{"rootId":"pov89k2koe6wzib","id":"pov89k2koe6wzib"},"id":"yjx8ggervn4jghq","previousOperationId":"ga6sx8wyga6i9gk"}
{"type":"log","timestamp":1765019067406,"level":"info","message":"pptx generation is starting","meta":{"rootId":"pov89k2koe6wzib","id":"pov89k2koe6wzib"},"id":"6a9m9gcx3dm6b7r","previousOperationId":"ga6sx8wyga6i9gk"}
{"type":"log","timestamp":1765019067578,"level":"debug","message":"Starting child request to render pptx dynamic parts","meta":{"rootId":"pov89k2koe6wzib","id":"pov89k2koe6wzib"},"id":"a5ja97l2ns1wrtn","previousOperationId":"ga6sx8wyga6i9gk"}
{"type":"operationStart","subtype":"render","name":"anonymous","previousOperationId":"ga6sx8wyga6i9gk","timestamp":1765019067579,"id":"5lvz5a28uuu8k81","previousEventId":"indn2gm0tpvk5t1","operationId":"rx3j7fw9aqp42pg"}
{"type":"log","timestamp":1765019067579,"level":"info","message":"Starting rendering (child) request","meta":{"rootId":"pov89k2koe6wzib","id":"ulx7yi9txajcwfh"},"id":"284u0uwpu556lhd","previousOperationId":"rx3j7fw9aqp42pg"}
{"type":"log","timestamp":1765019067579,"level":"info","message":"Rendering anonymous template { recipe: html, engine: handlebars }","meta":{"rootId":"pov89k2koe6wzib","id":"ulx7yi9txajcwfh"},"id":"7tjoq96i7r9ne5s","previousOperationId":"rx3j7fw9aqp42pg"}
{"type":"log","timestamp":1765019067579,"level":"debug","message":"Inline data specified.","meta":{"rootId":"pov89k2koe6wzib","id":"ulx7yi9txajcwfh"},"id":"pm36y4g90fq1gn7","previousOperationId":"rx3j7fw9aqp42pg"}
{"type":"log","timestamp":1765019067582,"level":"debug","message":"Base url not specified, skipping its injection.","meta":{"rootId":"pov89k2koe6wzib","id":"ulx7yi9txajcwfh"},"id":"hewvjt2ybmxg2vw","previousOperationId":"rx3j7fw9aqp42pg"}
{"type":"operationStart","subtype":"engine","name":"handlebars","timestamp":1765019067583,"id":"nireyic1lb9eyjm","previousEventId":"5lvz5a28uuu8k81","operationId":"6nscbee5ldfyi8s","previousOperationId":"rx3j7fw9aqp42pg"}
{"type":"log","timestamp":1765019067583,"level":"debug","message":"Rendering engine handlebars","meta":{"rootId":"pov89k2koe6wzib","id":"ulx7yi9txajcwfh"},"id":"1rr60dffsl5ffao","previousOperationId":"6nscbee5ldfyi8s"}
{"type":"operationEnd","operationId":"6nscbee5ldfyi8s","timestamp":1765019067604,"id":"np6lg941v3z7qk6","previousEventId":"nireyic1lb9eyjm","previousOperationId":"6nscbee5ldfyi8s"}
{"type":"operationStart","subtype":"recipe","name":"html","timestamp":1765019067607,"id":"p24kucva6l6kptw","previousEventId":"np6lg941v3z7qk6","operationId":"4o1comj7t4wtsup","previousOperationId":"6nscbee5ldfyi8s"}
{"type":"log","timestamp":1765019067607,"level":"debug","message":"Executing recipe html","meta":{"rootId":"pov89k2koe6wzib","id":"ulx7yi9txajcwfh"},"id":"c4osbr87lyqlc4z","previousOperationId":"4o1comj7t4wtsup"}
{"type":"operationEnd","operationId":"4o1comj7t4wtsup","timestamp":1765019067607,"id":"si64cbsk8jr0kpa","previousEventId":"p24kucva6l6kptw","previousOperationId":"4o1comj7t4wtsup"}
{"type":"log","timestamp":1765019067608,"level":"debug","message":"Skipping storing report.","meta":{"rootId":"pov89k2koe6wzib","id":"ulx7yi9txajcwfh"},"id":"ens7ef4hri8w35p","previousOperationId":"4o1comj7t4wtsup"}
{"type":"log","timestamp":1765019067608,"level":"info","message":"Rendering (child) request finished in 1240 ms","meta":{"rootId":"pov89k2koe6wzib","id":"ulx7yi9txajcwfh"},"id":"4vdjlnfkzxneqmt","previousOperationId":"4o1comj7t4wtsup"}
{"type":"operationEnd","subtype":"render","operationId":"rx3j7fw9aqp42pg","timestamp":1765019067608,"id":"nsp6ybni1y1ccq4","previousEventId":"si64cbsk8jr0kpa","previousOperationId":"4o1comj7t4wtsup"}
{"type":"log","timestamp":1765019068774,"level":"debug","message":"pptx successfully zipped","meta":{"rootId":"pov89k2koe6wzib","id":"pov89k2koe6wzib"},"id":"ejblzy2061dditv","previousOperationId":"ga6sx8wyga6i9gk"}
{"type":"log","timestamp":1765019068774,"level":"info","message":"pptx generation was finished","meta":{"rootId":"pov89k2koe6wzib","id":"pov89k2koe6wzib"},"id":"u11orp9f4iim33z","previousOperationId":"ga6sx8wyga6i9gk"}
{"type":"operationEnd","operationId":"ga6sx8wyga6i9gk","timestamp":1765019068779,"id":"hfb0w173bzr0uks","previousEventId":"indn2gm0tpvk5t1","previousOperationId":"ga6sx8wyga6i9gk"}
{"type":"log","timestamp":1765019068779,"level":"debug","message":"Skipping storing report.","meta":{"rootId":"pov89k2koe6wzib","id":"pov89k2koe6wzib"},"id":"i8k6am9nrlepi11","previousOperationId":"ga6sx8wyga6i9gk"}
{"type":"log","timestamp":1765019068780,"level":"info","message":"Rendering request 1 finished in 2412 ms","meta":{"rootId":"pov89k2koe6wzib","id":"pov89k2koe6wzib"},"id":"wid2htuamxc3lbg","previousOperationId":"ga6sx8wyga6i9gk"}
{"type":"operationEnd","subtype":"render","operationId":"obsbv6hmgblxyor","timestamp":1765019068780,"id":"xku0uuybqdaeeks","previousEventId":"hfb0w173bzr0uks","previousOperationId":"ga6sx8wyga6i9gk"}
{"type":"operationEnd","doDiffs":false,"previousEventId":"oa1tfb6l5c5yqma","previousOperationId":"5c06coilq8f0ald","operationId":"5c06coilq8f0ald","timestamp":1765019068785,"id":"66tdtlc87e83ehn"}
