{"type":"operationStart","subtype":"profile","data":{"_id":"ta1PK4swLst0GKuX","timestamp":"2025-12-05T17:26:41.958Z","state":"running","mode":"standard","creationDate":"2025-12-05T17:26:41.962Z","modificationDate":"2025-12-05T17:26:41.962Z","shortid":"7wvTohS","$entitySet":"profiles","timeout":60000},"doDiffs":false,"timestamp":1764955601960,"id":"m2s6p3mvc22irw1","previousOperationId":null,"operationId":"fd2eih7e3zl4yue"}
{"type":"log","level":"info","message":"Render request 13 queued for execution and waiting for available worker","previousOperationId":"fd2eih7e3zl4yue","timestamp":1764955601960,"id":"umk3hli6rpd4rrf"}
{"type":"operationStart","subtype":"render","name":"anonymous","previousOperationId":"fd2eih7e3zl4yue","timestamp":1764955601975,"id":"duoflt8fllgiqv0","previousEventId":"m2s6p3mvc22irw1","operationId":"erbjawodistb6dq"}
{"type":"log","timestamp":1764955601976,"level":"info","message":"Starting rendering request 13","meta":{"rootId":"qcz47uet786dgue","id":"qcz47uet786dgue"},"id":"tml1nuwh7j22300","previousOperationId":"erbjawodistb6dq"}
{"type":"log","timestamp":1764955601976,"level":"info","message":"Rendering anonymous template { recipe: pptx, engine: handlebars }","meta":{"rootId":"qcz47uet786dgue","id":"qcz47uet786dgue"},"id":"ngnjiaepnb19t4t","previousOperationId":"erbjawodistb6dq"}
{"type":"log","timestamp":1764955601976,"level":"debug","message":"Inline data specified.","meta":{"rootId":"qcz47uet786dgue","id":"qcz47uet786dgue"},"id":"avz6no2mtkvk73v","previousOperationId":"erbjawodistb6dq"}
{"type":"log","timestamp":1764955601984,"level":"debug","message":"Base url not specified, skipping its injection.","meta":{"rootId":"qcz47uet786dgue","id":"qcz47uet786dgue"},"id":"9jr3zar1zyesozn","previousOperationId":"erbjawodistb6dq"}
{"type":"operationStart","subtype":"engine","name":"handlebars","timestamp":1764955601984,"id":"8a930vh0v4a55yt","previousEventId":"duoflt8fllgiqv0","operationId":"l6pnnyth9rng12i","previousOperationId":"erbjawodistb6dq"}
{"type":"log","timestamp":1764955601984,"level":"debug","message":"Rendering engine handlebars","meta":{"rootId":"qcz47uet786dgue","id":"qcz47uet786dgue"},"id":"m0lpuj6xkd38xeh","previousOperationId":"l6pnnyth9rng12i"}
{"type":"operationEnd","operationId":"l6pnnyth9rng12i","timestamp":1764955601997,"id":"gjv2bgkonpyo9kl","previousEventId":"8a930vh0v4a55yt","previousOperationId":"l6pnnyth9rng12i"}
{"type":"operationStart","subtype":"recipe","name":"pptx","timestamp":1764955601997,"id":"erehxedwo8plw80","previousEventId":"gjv2bgkonpyo9kl","operationId":"jqsdemsykp73odm","previousOperationId":"l6pnnyth9rng12i"}
{"type":"log","timestamp":1764955601997,"level":"debug","message":"Executing recipe pptx","meta":{"rootId":"qcz47uet786dgue","id":"qcz47uet786dgue"},"id":"9ay7y3m1bfuckig","previousOperationId":"jqsdemsykp73odm"}
{"type":"log","timestamp":1764955601998,"level":"info","message":"pptx generation is starting","meta":{"rootId":"qcz47uet786dgue","id":"qcz47uet786dgue"},"id":"4pio3clcn04mr25","previousOperationId":"jqsdemsykp73odm"}
{"type":"log","timestamp":1764955602097,"level":"debug","message":"Starting child request to render pptx dynamic parts","meta":{"rootId":"qcz47uet786dgue","id":"qcz47uet786dgue"},"id":"vu6sehcd2a62fgc","previousOperationId":"jqsdemsykp73odm"}
{"type":"operationStart","subtype":"render","name":"anonymous","previousOperationId":"jqsdemsykp73odm","timestamp":1764955602098,"id":"f11vqhtgvubbzqw","previousEventId":"erehxedwo8plw80","operationId":"498b2aoh7wygsrq"}
{"type":"log","timestamp":1764955602098,"level":"info","message":"Starting rendering (child) request","meta":{"rootId":"qcz47uet786dgue","id":"9pek6du2dgdo38b"},"id":"6gbgd9ixsw9d7bc","previousOperationId":"498b2aoh7wygsrq"}
{"type":"log","timestamp":1764955602098,"level":"info","message":"Rendering anonymous template { recipe: html, engine: handlebars }","meta":{"rootId":"qcz47uet786dgue","id":"9pek6du2dgdo38b"},"id":"k47vpzl6d5ibl20","previousOperationId":"498b2aoh7wygsrq"}
{"type":"log","timestamp":1764955602098,"level":"debug","message":"Inline data specified.","meta":{"rootId":"qcz47uet786dgue","id":"9pek6du2dgdo38b"},"id":"oq9cnr3katbhshg","previousOperationId":"498b2aoh7wygsrq"}
{"type":"log","timestamp":1764955602105,"level":"debug","message":"Base url not specified, skipping its injection.","meta":{"rootId":"qcz47uet786dgue","id":"9pek6du2dgdo38b"},"id":"x7xngsen58migpv","previousOperationId":"498b2aoh7wygsrq"}
{"type":"operationStart","subtype":"engine","name":"handlebars","timestamp":1764955602105,"id":"lm8c9pgt0qn1yl6","previousEventId":"f11vqhtgvubbzqw","operationId":"cdw1xcbmrrwlfj4","previousOperationId":"498b2aoh7wygsrq"}
{"type":"log","timestamp":1764955602105,"level":"debug","message":"Rendering engine handlebars","meta":{"rootId":"qcz47uet786dgue","id":"9pek6du2dgdo38b"},"id":"y8i19wx14os7hv6","previousOperationId":"cdw1xcbmrrwlfj4"}
{"type":"operationEnd","operationId":"cdw1xcbmrrwlfj4","timestamp":1764955602114,"id":"ivro3n338u9wlik","previousEventId":"lm8c9pgt0qn1yl6","previousOperationId":"cdw1xcbmrrwlfj4"}
{"type":"operationStart","subtype":"recipe","name":"html","timestamp":1764955602114,"id":"smwkimw7iczervv","previousEventId":"ivro3n338u9wlik","operationId":"42p25hhkhi4szad","previousOperationId":"cdw1xcbmrrwlfj4"}
{"type":"log","timestamp":1764955602114,"level":"debug","message":"Executing recipe html","meta":{"rootId":"qcz47uet786dgue","id":"9pek6du2dgdo38b"},"id":"txjielapf05olod","previousOperationId":"42p25hhkhi4szad"}
{"type":"operationEnd","operationId":"42p25hhkhi4szad","timestamp":1764955602114,"id":"m6fif91dlce04cl","previousEventId":"smwkimw7iczervv","previousOperationId":"42p25hhkhi4szad"}
{"type":"log","timestamp":1764955602114,"level":"debug","message":"Skipping storing report.","meta":{"rootId":"qcz47uet786dgue","id":"9pek6du2dgdo38b"},"id":"orpc478rksfjrqt","previousOperationId":"42p25hhkhi4szad"}
{"type":"log","timestamp":1764955602115,"level":"info","message":"Rendering (child) request finished in 158 ms","meta":{"rootId":"qcz47uet786dgue","id":"9pek6du2dgdo38b"},"id":"xfl20gsq4ijfftc","previousOperationId":"42p25hhkhi4szad"}
{"type":"operationEnd","subtype":"render","operationId":"498b2aoh7wygsrq","timestamp":1764955602115,"id":"lx85dve2y15ha9z","previousEventId":"m6fif91dlce04cl","previousOperationId":"42p25hhkhi4szad"}
{"type":"log","timestamp":1764955602249,"level":"debug","message":"pptx successfully zipped","meta":{"rootId":"qcz47uet786dgue","id":"qcz47uet786dgue"},"id":"7walq1scvkgfswv","previousOperationId":"jqsdemsykp73odm"}
{"type":"log","timestamp":1764955602249,"level":"info","message":"pptx generation was finished","meta":{"rootId":"qcz47uet786dgue","id":"qcz47uet786dgue"},"id":"o2r0734ol8japh2","previousOperationId":"jqsdemsykp73odm"}
{"type":"operationEnd","operationId":"jqsdemsykp73odm","timestamp":1764955602252,"id":"cepjjxrihfqnryd","previousEventId":"erehxedwo8plw80","previousOperationId":"jqsdemsykp73odm"}
{"type":"log","timestamp":1764955602252,"level":"debug","message":"Skipping storing report.","meta":{"rootId":"qcz47uet786dgue","id":"qcz47uet786dgue"},"id":"c3pmn0w0v52ka2o","previousOperationId":"jqsdemsykp73odm"}
{"type":"log","timestamp":1764955602252,"level":"info","message":"Rendering request 13 finished in 295 ms","meta":{"rootId":"qcz47uet786dgue","id":"qcz47uet786dgue"},"id":"x2nowgrbumgwtwm","previousOperationId":"jqsdemsykp73odm"}
{"type":"operationEnd","subtype":"render","operationId":"erbjawodistb6dq","timestamp":1764955602252,"id":"qafx756904nigii","previousEventId":"cepjjxrihfqnryd","previousOperationId":"jqsdemsykp73odm"}
{"type":"operationEnd","doDiffs":false,"previousEventId":"m2s6p3mvc22irw1","previousOperationId":"fd2eih7e3zl4yue","operationId":"fd2eih7e3zl4yue","timestamp":1764955602260,"id":"0inakm57fpmp895"}
