{"type":"operationStart","subtype":"profile","data":{"_id":"s4PTBPqznYprOWAZ","timestamp":"2025-12-04T22:58:02.960Z","state":"running","mode":"standard","creationDate":"2025-12-04T22:58:02.976Z","modificationDate":"2025-12-04T22:58:02.976Z","shortid":"DfWA4au","$entitySet":"profiles","timeout":60000},"doDiffs":false,"timestamp":1764889082962,"id":"jsfe0ekokanz3ue","previousOperationId":null,"operationId":"2xt5h6tcute5q4c"}
{"type":"log","level":"info","message":"Render request 1 queued for execution and waiting for available worker","previousOperationId":"2xt5h6tcute5q4c","timestamp":1764889082963,"id":"wu8nkm3fz4vs2cr"}
{"type":"operationStart","subtype":"render","name":"anonymous","previousOperationId":"2xt5h6tcute5q4c","timestamp":1764889083013,"id":"trvptj2uf2h427t","previousEventId":"jsfe0ekokanz3ue","operationId":"9n54qbpnshp9ijh"}
{"type":"log","timestamp":1764889083016,"level":"info","message":"Starting rendering request 1","meta":{"rootId":"qiwcfggp55691bh","id":"qiwcfggp55691bh"},"id":"8w7vscyuualimej","previousOperationId":"9n54qbpnshp9ijh"}
{"type":"log","timestamp":1764889083017,"level":"info","message":"Rendering anonymous template { recipe: pptx, engine: handlebars }","meta":{"rootId":"qiwcfggp55691bh","id":"qiwcfggp55691bh"},"id":"e3fhp2ikua62rrg","previousOperationId":"9n54qbpnshp9ijh"}
{"type":"log","timestamp":1764889083017,"level":"debug","message":"Inline data specified.","meta":{"rootId":"qiwcfggp55691bh","id":"qiwcfggp55691bh"},"id":"44tyqdjhwwpgr66","previousOperationId":"9n54qbpnshp9ijh"}
{"type":"log","timestamp":1764889083021,"level":"debug","message":"Base url not specified, skipping its injection.","meta":{"rootId":"qiwcfggp55691bh","id":"qiwcfggp55691bh"},"id":"nml9yqn2wzsgrik","previousOperationId":"9n54qbpnshp9ijh"}
{"type":"operationStart","subtype":"engine","name":"handlebars","timestamp":1764889083023,"id":"e1ua1vx1b7qwnz8","previousEventId":"trvptj2uf2h427t","operationId":"fdjuwso21d5hadl","previousOperationId":"9n54qbpnshp9ijh"}
{"type":"log","timestamp":1764889083023,"level":"debug","message":"Rendering engine handlebars","meta":{"rootId":"qiwcfggp55691bh","id":"qiwcfggp55691bh"},"id":"dkelr6ob16zszz2","previousOperationId":"fdjuwso21d5hadl"}
{"type":"operationEnd","operationId":"fdjuwso21d5hadl","timestamp":1764889083853,"id":"4kl63nxyl3emz9f","previousEventId":"e1ua1vx1b7qwnz8","previousOperationId":"fdjuwso21d5hadl"}
{"type":"operationStart","subtype":"recipe","name":"pptx","timestamp":1764889083854,"id":"bvvga8kjac2cg97","previousEventId":"4kl63nxyl3emz9f","operationId":"udei9v6buxk27ov","previousOperationId":"fdjuwso21d5hadl"}
{"type":"log","timestamp":1764889083854,"level":"debug","message":"Executing recipe pptx","meta":{"rootId":"qiwcfggp55691bh","id":"qiwcfggp55691bh"},"id":"6hopxaxa8j8fxjq","previousOperationId":"udei9v6buxk27ov"}
{"type":"log","timestamp":1764889084017,"level":"info","message":"pptx generation is starting","meta":{"rootId":"qiwcfggp55691bh","id":"qiwcfggp55691bh"},"id":"60rx22ys5nvlxfr","previousOperationId":"udei9v6buxk27ov"}
{"type":"log","timestamp":1764889084189,"level":"debug","message":"Starting child request to render pptx dynamic parts","meta":{"rootId":"qiwcfggp55691bh","id":"qiwcfggp55691bh"},"id":"6bvjj8q120iizw0","previousOperationId":"udei9v6buxk27ov"}
{"type":"operationStart","subtype":"render","name":"anonymous","previousOperationId":"udei9v6buxk27ov","timestamp":1764889084190,"id":"d895o9fy0wtek0b","previousEventId":"bvvga8kjac2cg97","operationId":"oohh6rl4lrlieex"}
{"type":"log","timestamp":1764889084190,"level":"info","message":"Starting rendering (child) request","meta":{"rootId":"qiwcfggp55691bh","id":"usvho2y00etzjw8"},"id":"ra72nxjj1vnwmoo","previousOperationId":"oohh6rl4lrlieex"}
{"type":"log","timestamp":1764889084190,"level":"info","message":"Rendering anonymous template { recipe: html, engine: handlebars }","meta":{"rootId":"qiwcfggp55691bh","id":"usvho2y00etzjw8"},"id":"qd8dpjqm5lccoei","previousOperationId":"oohh6rl4lrlieex"}
{"type":"log","timestamp":1764889084190,"level":"debug","message":"Inline data specified.","meta":{"rootId":"qiwcfggp55691bh","id":"usvho2y00etzjw8"},"id":"3zy9m31lx1d0w7v","previousOperationId":"oohh6rl4lrlieex"}
{"type":"log","timestamp":1764889084197,"level":"debug","message":"Base url not specified, skipping its injection.","meta":{"rootId":"qiwcfggp55691bh","id":"usvho2y00etzjw8"},"id":"yavv4ab04zm5k93","previousOperationId":"oohh6rl4lrlieex"}
{"type":"operationStart","subtype":"engine","name":"handlebars","timestamp":1764889084198,"id":"2fzlk06w1fkqojr","previousEventId":"d895o9fy0wtek0b","operationId":"h42xq3qwnp2nmlp","previousOperationId":"oohh6rl4lrlieex"}
{"type":"log","timestamp":1764889084198,"level":"debug","message":"Rendering engine handlebars","meta":{"rootId":"qiwcfggp55691bh","id":"usvho2y00etzjw8"},"id":"re1ox1x32cfljmr","previousOperationId":"h42xq3qwnp2nmlp"}
{"type":"operationEnd","operationId":"h42xq3qwnp2nmlp","timestamp":1764889084239,"id":"2yzz19uy9x7kn05","previousEventId":"2fzlk06w1fkqojr","previousOperationId":"h42xq3qwnp2nmlp"}
{"type":"operationStart","subtype":"recipe","name":"html","timestamp":1764889084241,"id":"ojg5jbn2upasiqn","previousEventId":"2yzz19uy9x7kn05","operationId":"ai3flvvkoc9ojuh","previousOperationId":"h42xq3qwnp2nmlp"}
{"type":"log","timestamp":1764889084241,"level":"debug","message":"Executing recipe html","meta":{"rootId":"qiwcfggp55691bh","id":"usvho2y00etzjw8"},"id":"nt0h2ljcphxkayv","previousOperationId":"ai3flvvkoc9ojuh"}
{"type":"operationEnd","operationId":"ai3flvvkoc9ojuh","timestamp":1764889084241,"id":"z769in6i39odtyu","previousEventId":"ojg5jbn2upasiqn","previousOperationId":"ai3flvvkoc9ojuh"}
{"type":"log","timestamp":1764889084242,"level":"debug","message":"Skipping storing report.","meta":{"rootId":"qiwcfggp55691bh","id":"usvho2y00etzjw8"},"id":"07rpv0umy21ybun","previousOperationId":"ai3flvvkoc9ojuh"}
{"type":"log","timestamp":1764889084242,"level":"info","message":"Rendering (child) request finished in 1284 ms","meta":{"rootId":"qiwcfggp55691bh","id":"usvho2y00etzjw8"},"id":"tgb0g1vmql5scvr","previousOperationId":"ai3flvvkoc9ojuh"}
{"type":"operationEnd","subtype":"render","operationId":"oohh6rl4lrlieex","timestamp":1764889084242,"id":"t3vam7i8wawsejn","previousEventId":"z769in6i39odtyu","previousOperationId":"ai3flvvkoc9ojuh"}
{"type":"log","timestamp":1764889084715,"level":"debug","message":"pptx successfully zipped","meta":{"rootId":"qiwcfggp55691bh","id":"qiwcfggp55691bh"},"id":"uj9h7mtlxugds52","previousOperationId":"udei9v6buxk27ov"}
{"type":"log","timestamp":1764889084715,"level":"info","message":"pptx generation was finished","meta":{"rootId":"qiwcfggp55691bh","id":"qiwcfggp55691bh"},"id":"024mtur9wemtg0q","previousOperationId":"udei9v6buxk27ov"}
{"type":"operationEnd","operationId":"udei9v6buxk27ov","timestamp":1764889084721,"id":"zwsttj8ymt5dz69","previousEventId":"bvvga8kjac2cg97","previousOperationId":"udei9v6buxk27ov"}
{"type":"log","timestamp":1764889084721,"level":"debug","message":"Skipping storing report.","meta":{"rootId":"qiwcfggp55691bh","id":"qiwcfggp55691bh"},"id":"elfl9tjk7v2yaos","previousOperationId":"udei9v6buxk27ov"}
{"type":"log","timestamp":1764889084721,"level":"info","message":"Rendering request 1 finished in 1763 ms","meta":{"rootId":"qiwcfggp55691bh","id":"qiwcfggp55691bh"},"id":"bg8kign8qrcrtbt","previousOperationId":"udei9v6buxk27ov"}
{"type":"operationEnd","subtype":"render","operationId":"9n54qbpnshp9ijh","timestamp":1764889084721,"id":"cbi8poyg03kjt11","previousEventId":"zwsttj8ymt5dz69","previousOperationId":"udei9v6buxk27ov"}
{"type":"operationEnd","doDiffs":false,"previousEventId":"jsfe0ekokanz3ue","previousOperationId":"2xt5h6tcute5q4c","operationId":"2xt5h6tcute5q4c","timestamp":1764889084726,"id":"i91b2foortowsku"}
