{"type":"operationStart","subtype":"profile","data":{"_id":"soKzPPSbkoEintU3","timestamp":"2025-12-07T11:50:41.417Z","state":"running","mode":"standard","creationDate":"2025-12-07T11:50:41.422Z","modificationDate":"2025-12-07T11:50:41.422Z","shortid":"MRpKILm","$entitySet":"profiles","timeout":60000},"doDiffs":false,"timestamp":1765108241420,"id":"z0chstjued2dlxh","previousOperationId":null,"operationId":"3lp8y2ngf6q8eaa"}
{"type":"log","level":"info","message":"Render request 14 queued for execution and waiting for available worker","previousOperationId":"3lp8y2ngf6q8eaa","timestamp":1765108241420,"id":"toqkh2bonbxqzn2"}
{"type":"operationStart","subtype":"render","name":"anonymous","previousOperationId":"3lp8y2ngf6q8eaa","timestamp":1765108241489,"id":"x4w995bnlvpm4gi","previousEventId":"z0chstjued2dlxh","operationId":"4sribmtfphoelxt"}
{"type":"log","timestamp":1765108241490,"level":"info","message":"Starting rendering request 14","meta":{"rootId":"qpx1mwnhq53pacd","id":"qpx1mwnhq53pacd"},"id":"qlpmtntrun3n2l6","previousOperationId":"4sribmtfphoelxt"}
{"type":"log","timestamp":1765108241490,"level":"info","message":"Rendering anonymous template { recipe: pptx, engine: handlebars }","meta":{"rootId":"qpx1mwnhq53pacd","id":"qpx1mwnhq53pacd"},"id":"x8bqif2b0ld5ulo","previousOperationId":"4sribmtfphoelxt"}
{"type":"log","timestamp":1765108241490,"level":"debug","message":"Inline data specified.","meta":{"rootId":"qpx1mwnhq53pacd","id":"qpx1mwnhq53pacd"},"id":"mf9cpnwjg3qkjby","previousOperationId":"4sribmtfphoelxt"}
{"type":"log","timestamp":1765108241495,"level":"debug","message":"Base url not specified, skipping its injection.","meta":{"rootId":"qpx1mwnhq53pacd","id":"qpx1mwnhq53pacd"},"id":"6zz056tl0tcppnv","previousOperationId":"4sribmtfphoelxt"}
{"type":"operationStart","subtype":"engine","name":"handlebars","timestamp":1765108241495,"id":"br2fwgsidk7y6om","previousEventId":"x4w995bnlvpm4gi","operationId":"pi306j8dj3o4woi","previousOperationId":"4sribmtfphoelxt"}
{"type":"log","timestamp":1765108241495,"level":"debug","message":"Rendering engine handlebars","meta":{"rootId":"qpx1mwnhq53pacd","id":"qpx1mwnhq53pacd"},"id":"ypk2m5b4kacjgx3","previousOperationId":"pi306j8dj3o4woi"}
{"type":"operationEnd","operationId":"pi306j8dj3o4woi","timestamp":1765108241522,"id":"4c4zii1jlmn4nw0","previousEventId":"br2fwgsidk7y6om","previousOperationId":"pi306j8dj3o4woi"}
{"type":"operationStart","subtype":"recipe","name":"pptx","timestamp":1765108241523,"id":"20ywv3461uz5w34","previousEventId":"4c4zii1jlmn4nw0","operationId":"el0q0hsojq5z3gu","previousOperationId":"pi306j8dj3o4woi"}
{"type":"log","timestamp":1765108241523,"level":"debug","message":"Executing recipe pptx","meta":{"rootId":"qpx1mwnhq53pacd","id":"qpx1mwnhq53pacd"},"id":"cwq6r77c2bsn92l","previousOperationId":"el0q0hsojq5z3gu"}
{"type":"log","timestamp":1765108241545,"level":"info","message":"pptx generation is starting","meta":{"rootId":"qpx1mwnhq53pacd","id":"qpx1mwnhq53pacd"},"id":"y1vnahpwkr1nl5e","previousOperationId":"el0q0hsojq5z3gu"}
{"type":"log","timestamp":1765108243109,"level":"debug","message":"Starting child request to render pptx dynamic parts","meta":{"rootId":"qpx1mwnhq53pacd","id":"qpx1mwnhq53pacd"},"id":"p3cluc3qya4lycs","previousOperationId":"el0q0hsojq5z3gu"}
{"type":"operationStart","subtype":"render","name":"anonymous","previousOperationId":"el0q0hsojq5z3gu","timestamp":1765108243109,"id":"8t283oro0c789sp","previousEventId":"20ywv3461uz5w34","operationId":"2j79rtdughpqthk"}
{"type":"log","timestamp":1765108243109,"level":"info","message":"Starting rendering (child) request","meta":{"rootId":"qpx1mwnhq53pacd","id":"6d1j10c3zk5r3l3"},"id":"kvorzt9iom2whgm","previousOperationId":"2j79rtdughpqthk"}
{"type":"log","timestamp":1765108243110,"level":"info","message":"Rendering anonymous template { recipe: html, engine: handlebars }","meta":{"rootId":"qpx1mwnhq53pacd","id":"6d1j10c3zk5r3l3"},"id":"ipsd35cgr2hrnj8","previousOperationId":"2j79rtdughpqthk"}
{"type":"log","timestamp":1765108243110,"level":"debug","message":"Inline data specified.","meta":{"rootId":"qpx1mwnhq53pacd","id":"6d1j10c3zk5r3l3"},"id":"mnsy42ngoserrm4","previousOperationId":"2j79rtdughpqthk"}
{"type":"log","timestamp":1765108243116,"level":"debug","message":"Base url not specified, skipping its injection.","meta":{"rootId":"qpx1mwnhq53pacd","id":"6d1j10c3zk5r3l3"},"id":"tl29eg7c3uurjsg","previousOperationId":"2j79rtdughpqthk"}
{"type":"operationStart","subtype":"engine","name":"handlebars","timestamp":1765108243117,"id":"rxc68p8mwtgt9hm","previousEventId":"8t283oro0c789sp","operationId":"rz822b4m7mkmen8","previousOperationId":"2j79rtdughpqthk"}
{"type":"log","timestamp":1765108243117,"level":"debug","message":"Rendering engine handlebars","meta":{"rootId":"qpx1mwnhq53pacd","id":"6d1j10c3zk5r3l3"},"id":"n113bkahzdknodp","previousOperationId":"rz822b4m7mkmen8"}
{"type":"operationEnd","operationId":"rz822b4m7mkmen8","timestamp":1765108243220,"id":"htqh67z6c6uxjmc","previousEventId":"rxc68p8mwtgt9hm","previousOperationId":"rz822b4m7mkmen8"}
{"type":"operationStart","subtype":"recipe","name":"html","timestamp":1765108243233,"id":"g5jec3rmbbuilgn","previousEventId":"htqh67z6c6uxjmc","operationId":"k3ylitek0ba83be","previousOperationId":"rz822b4m7mkmen8"}
{"type":"log","timestamp":1765108243233,"level":"debug","message":"Executing recipe html","meta":{"rootId":"qpx1mwnhq53pacd","id":"6d1j10c3zk5r3l3"},"id":"qjexpd8qmins0gr","previousOperationId":"k3ylitek0ba83be"}
{"type":"operationEnd","operationId":"k3ylitek0ba83be","timestamp":1765108243233,"id":"zhwgm8ku8aoor3d","previousEventId":"g5jec3rmbbuilgn","previousOperationId":"k3ylitek0ba83be"}
{"type":"log","timestamp":1765108243233,"level":"debug","message":"Skipping storing report.","meta":{"rootId":"qpx1mwnhq53pacd","id":"6d1j10c3zk5r3l3"},"id":"70vbm8koh0oojko","previousOperationId":"k3ylitek0ba83be"}
{"type":"log","timestamp":1765108243234,"level":"info","message":"Rendering (child) request finished in 1818 ms","meta":{"rootId":"qpx1mwnhq53pacd","id":"6d1j10c3zk5r3l3"},"id":"5yxoxp3gg197dhi","previousOperationId":"k3ylitek0ba83be"}
{"type":"operationEnd","subtype":"render","operationId":"2j79rtdughpqthk","timestamp":1765108243234,"id":"x7nwgefrnlftpmr","previousEventId":"zhwgm8ku8aoor3d","previousOperationId":"k3ylitek0ba83be"}
{"type":"log","timestamp":1765108253095,"level":"debug","message":"pptx successfully zipped","meta":{"rootId":"qpx1mwnhq53pacd","id":"qpx1mwnhq53pacd"},"id":"0gtfjb4ncsciu6c","previousOperationId":"el0q0hsojq5z3gu"}
{"type":"log","timestamp":1765108253095,"level":"info","message":"pptx generation was finished","meta":{"rootId":"qpx1mwnhq53pacd","id":"qpx1mwnhq53pacd"},"id":"ftpy9lkf38vlfzl","previousOperationId":"el0q0hsojq5z3gu"}
{"type":"operationEnd","operationId":"el0q0hsojq5z3gu","timestamp":1765108253106,"id":"nssl0sw17hwpbkk","previousEventId":"20ywv3461uz5w34","previousOperationId":"el0q0hsojq5z3gu"}
{"type":"log","timestamp":1765108253106,"level":"debug","message":"Skipping storing report.","meta":{"rootId":"qpx1mwnhq53pacd","id":"qpx1mwnhq53pacd"},"id":"nvnbw9v3k8e13zd","previousOperationId":"el0q0hsojq5z3gu"}
{"type":"log","timestamp":1765108253106,"level":"info","message":"Rendering request 14 finished in 11690 ms","meta":{"rootId":"qpx1mwnhq53pacd","id":"qpx1mwnhq53pacd"},"id":"j8p0nyo5hwchac2","previousOperationId":"el0q0hsojq5z3gu"}
{"type":"operationEnd","subtype":"render","operationId":"4sribmtfphoelxt","timestamp":1765108253106,"id":"2vgdird9x23mvbr","previousEventId":"nssl0sw17hwpbkk","previousOperationId":"el0q0hsojq5z3gu"}
{"type":"operationEnd","doDiffs":false,"previousEventId":"z0chstjued2dlxh","previousOperationId":"3lp8y2ngf6q8eaa","operationId":"3lp8y2ngf6q8eaa","timestamp":1765108253113,"id":"f4b4j7qnb1makto"}
