{"type":"operationStart","subtype":"profile","data":{"_id":"omthDZrgRYcYJ3Y6","timestamp":"2025-12-05T18:37:26.034Z","state":"running","mode":"standard","creationDate":"2025-12-05T18:37:26.036Z","modificationDate":"2025-12-05T18:37:26.036Z","shortid":"O4nzzWQ","$entitySet":"profiles","timeout":60000},"doDiffs":false,"timestamp":1764959846036,"id":"gp6l8d4ohzklebi","previousOperationId":null,"operationId":"av903saka4ptc5i"}
{"type":"log","level":"info","message":"Render request 18 queued for execution and waiting for available worker","previousOperationId":"av903saka4ptc5i","timestamp":1764959846036,"id":"29jbgukzeeq5yrt"}
{"type":"operationStart","subtype":"render","name":"anonymous","previousOperationId":"av903saka4ptc5i","timestamp":1764959846046,"id":"lipzmaxbwm3pxm9","previousEventId":"gp6l8d4ohzklebi","operationId":"76qosgenyaqkirk"}
{"type":"log","timestamp":1764959846046,"level":"info","message":"Starting rendering request 18","meta":{"rootId":"qtjuz2stmzrb2xu","id":"qtjuz2stmzrb2xu"},"id":"1y4z79ep0mppyd1","previousOperationId":"76qosgenyaqkirk"}
{"type":"log","timestamp":1764959846046,"level":"info","message":"Rendering anonymous template { recipe: pptx, engine: handlebars }","meta":{"rootId":"qtjuz2stmzrb2xu","id":"qtjuz2stmzrb2xu"},"id":"eyltce5kupvxtx0","previousOperationId":"76qosgenyaqkirk"}
{"type":"log","timestamp":1764959846046,"level":"debug","message":"Inline data specified.","meta":{"rootId":"qtjuz2stmzrb2xu","id":"qtjuz2stmzrb2xu"},"id":"to44al5v69ej1aa","previousOperationId":"76qosgenyaqkirk"}
{"type":"log","timestamp":1764959846048,"level":"debug","message":"Base url not specified, skipping its injection.","meta":{"rootId":"qtjuz2stmzrb2xu","id":"qtjuz2stmzrb2xu"},"id":"ptilo88y1mukjq5","previousOperationId":"76qosgenyaqkirk"}
{"type":"operationStart","subtype":"engine","name":"handlebars","timestamp":1764959846048,"id":"vx6ut04jsqovd76","previousEventId":"lipzmaxbwm3pxm9","operationId":"whuwgsawcqbtatq","previousOperationId":"76qosgenyaqkirk"}
{"type":"log","timestamp":1764959846048,"level":"debug","message":"Rendering engine handlebars","meta":{"rootId":"qtjuz2stmzrb2xu","id":"qtjuz2stmzrb2xu"},"id":"4t0kvqiml5vz8vt","previousOperationId":"whuwgsawcqbtatq"}
{"type":"operationEnd","operationId":"whuwgsawcqbtatq","timestamp":1764959846058,"id":"jnsqicm8w8u7oz2","previousEventId":"vx6ut04jsqovd76","previousOperationId":"whuwgsawcqbtatq"}
{"type":"operationStart","subtype":"recipe","name":"pptx","timestamp":1764959846058,"id":"w24jrbbkdppz6s3","previousEventId":"jnsqicm8w8u7oz2","operationId":"lzgmuflxn5s4h5z","previousOperationId":"whuwgsawcqbtatq"}
{"type":"log","timestamp":1764959846058,"level":"debug","message":"Executing recipe pptx","meta":{"rootId":"qtjuz2stmzrb2xu","id":"qtjuz2stmzrb2xu"},"id":"7a0u6ph25kiadr7","previousOperationId":"lzgmuflxn5s4h5z"}
{"type":"log","timestamp":1764959846058,"level":"info","message":"pptx generation is starting","meta":{"rootId":"qtjuz2stmzrb2xu","id":"qtjuz2stmzrb2xu"},"id":"i7zo0d11aoj0y0n","previousOperationId":"lzgmuflxn5s4h5z"}
{"type":"log","timestamp":1764959846133,"level":"debug","message":"Starting child request to render pptx dynamic parts","meta":{"rootId":"qtjuz2stmzrb2xu","id":"qtjuz2stmzrb2xu"},"id":"3cjeprpfeslw2a1","previousOperationId":"lzgmuflxn5s4h5z"}
{"type":"operationStart","subtype":"render","name":"anonymous","previousOperationId":"lzgmuflxn5s4h5z","timestamp":1764959846134,"id":"dhpk9vkd10lsrqj","previousEventId":"w24jrbbkdppz6s3","operationId":"lqvrpr1mngprbz8"}
{"type":"log","timestamp":1764959846134,"level":"info","message":"Starting rendering (child) request","meta":{"rootId":"qtjuz2stmzrb2xu","id":"bk4e7mnrqxaetqx"},"id":"lkl39k06iwdd0f0","previousOperationId":"lqvrpr1mngprbz8"}
{"type":"log","timestamp":1764959846134,"level":"info","message":"Rendering anonymous template { recipe: html, engine: handlebars }","meta":{"rootId":"qtjuz2stmzrb2xu","id":"bk4e7mnrqxaetqx"},"id":"6wjie4hn986hmyh","previousOperationId":"lqvrpr1mngprbz8"}
{"type":"log","timestamp":1764959846134,"level":"debug","message":"Inline data specified.","meta":{"rootId":"qtjuz2stmzrb2xu","id":"bk4e7mnrqxaetqx"},"id":"t2jdt9atvtcxs7v","previousOperationId":"lqvrpr1mngprbz8"}
{"type":"log","timestamp":1764959846140,"level":"debug","message":"Base url not specified, skipping its injection.","meta":{"rootId":"qtjuz2stmzrb2xu","id":"bk4e7mnrqxaetqx"},"id":"x7nhmpjcyzdnhof","previousOperationId":"lqvrpr1mngprbz8"}
{"type":"operationStart","subtype":"engine","name":"handlebars","timestamp":1764959846140,"id":"crco4ixbzkcakk8","previousEventId":"dhpk9vkd10lsrqj","operationId":"o6eshdufkdwk6ug","previousOperationId":"lqvrpr1mngprbz8"}
{"type":"log","timestamp":1764959846140,"level":"debug","message":"Rendering engine handlebars","meta":{"rootId":"qtjuz2stmzrb2xu","id":"bk4e7mnrqxaetqx"},"id":"dnqy2eyredlx3zy","previousOperationId":"o6eshdufkdwk6ug"}
{"type":"operationEnd","operationId":"o6eshdufkdwk6ug","timestamp":1764959846145,"id":"71nxp1dicr53sbw","previousEventId":"crco4ixbzkcakk8","previousOperationId":"o6eshdufkdwk6ug"}
{"type":"operationStart","subtype":"recipe","name":"html","timestamp":1764959846147,"id":"23wy2wfjb85iok5","previousEventId":"71nxp1dicr53sbw","operationId":"39x1l32ccjho73j","previousOperationId":"o6eshdufkdwk6ug"}
{"type":"log","timestamp":1764959846147,"level":"debug","message":"Executing recipe html","meta":{"rootId":"qtjuz2stmzrb2xu","id":"bk4e7mnrqxaetqx"},"id":"hg7lfykccya9sph","previousOperationId":"39x1l32ccjho73j"}
{"type":"operationEnd","operationId":"39x1l32ccjho73j","timestamp":1764959846147,"id":"5wd18lac0zh5rcr","previousEventId":"23wy2wfjb85iok5","previousOperationId":"39x1l32ccjho73j"}
{"type":"log","timestamp":1764959846147,"level":"debug","message":"Skipping storing report.","meta":{"rootId":"qtjuz2stmzrb2xu","id":"bk4e7mnrqxaetqx"},"id":"rj7sc1v2v2tufft","previousOperationId":"39x1l32ccjho73j"}
{"type":"log","timestamp":1764959846147,"level":"info","message":"Rendering (child) request finished in 113 ms","meta":{"rootId":"qtjuz2stmzrb2xu","id":"bk4e7mnrqxaetqx"},"id":"kemn1wl2uqef0qo","previousOperationId":"39x1l32ccjho73j"}
{"type":"operationEnd","subtype":"render","operationId":"lqvrpr1mngprbz8","timestamp":1764959846147,"id":"dd9fgaih8vapdhd","previousEventId":"5wd18lac0zh5rcr","previousOperationId":"39x1l32ccjho73j"}
{"type":"log","timestamp":1764959846207,"level":"debug","message":"pptx successfully zipped","meta":{"rootId":"qtjuz2stmzrb2xu","id":"qtjuz2stmzrb2xu"},"id":"8231hfjp0065anq","previousOperationId":"lzgmuflxn5s4h5z"}
{"type":"log","timestamp":1764959846207,"level":"info","message":"pptx generation was finished","meta":{"rootId":"qtjuz2stmzrb2xu","id":"qtjuz2stmzrb2xu"},"id":"3tw5ckofu8ocu7h","previousOperationId":"lzgmuflxn5s4h5z"}
{"type":"operationEnd","operationId":"lzgmuflxn5s4h5z","timestamp":1764959846209,"id":"i120rbzs0ksqd4w","previousEventId":"w24jrbbkdppz6s3","previousOperationId":"lzgmuflxn5s4h5z"}
{"type":"log","timestamp":1764959846209,"level":"debug","message":"Skipping storing report.","meta":{"rootId":"qtjuz2stmzrb2xu","id":"qtjuz2stmzrb2xu"},"id":"owb8ec2tw231kt7","previousOperationId":"lzgmuflxn5s4h5z"}
{"type":"log","timestamp":1764959846209,"level":"info","message":"Rendering request 18 finished in 175 ms","meta":{"rootId":"qtjuz2stmzrb2xu","id":"qtjuz2stmzrb2xu"},"id":"tzrkjnw1kwc4gnn","previousOperationId":"lzgmuflxn5s4h5z"}
{"type":"operationEnd","subtype":"render","operationId":"76qosgenyaqkirk","timestamp":1764959846209,"id":"8sgo0lcfsmcw146","previousEventId":"i120rbzs0ksqd4w","previousOperationId":"lzgmuflxn5s4h5z"}
{"type":"operationEnd","doDiffs":false,"previousEventId":"gp6l8d4ohzklebi","previousOperationId":"av903saka4ptc5i","operationId":"av903saka4ptc5i","timestamp":1764959846215,"id":"4xtlyvjzwg7ii3d"}
