{"type":"operationStart","subtype":"profile","data":{"_id":"X0S4Jz9D3YWpbaDs","timestamp":"2025-12-06T14:57:14.749Z","state":"running","mode":"standard","creationDate":"2025-12-06T14:57:14.752Z","modificationDate":"2025-12-06T14:57:14.752Z","shortid":"p7s0l1Z","$entitySet":"profiles","timeout":60000},"doDiffs":false,"timestamp":1765033034751,"id":"hik151yo0chljot","previousOperationId":null,"operationId":"ny5pdi5c1gvhvj1"}
{"type":"log","level":"info","message":"Render request 14 queued for execution and waiting for available worker","previousOperationId":"ny5pdi5c1gvhvj1","timestamp":1765033034751,"id":"gnigykkguiuemha"}
{"type":"operationStart","subtype":"render","name":"anonymous","previousOperationId":"ny5pdi5c1gvhvj1","timestamp":1765033034759,"id":"mox0aduk8nicytm","previousEventId":"hik151yo0chljot","operationId":"o9sflxu1721d4ua"}
{"type":"log","timestamp":1765033034759,"level":"info","message":"Starting rendering request 14","meta":{"rootId":"qvw0xxnok1h675f","id":"qvw0xxnok1h675f"},"id":"9yamrhudmupff48","previousOperationId":"o9sflxu1721d4ua"}
{"type":"log","timestamp":1765033034759,"level":"info","message":"Rendering anonymous template { recipe: pptx, engine: handlebars }","meta":{"rootId":"qvw0xxnok1h675f","id":"qvw0xxnok1h675f"},"id":"8se6f1xdzxkgzh0","previousOperationId":"o9sflxu1721d4ua"}
{"type":"log","timestamp":1765033034759,"level":"debug","message":"Inline data specified.","meta":{"rootId":"qvw0xxnok1h675f","id":"qvw0xxnok1h675f"},"id":"ebbccf0v7bzz9ua","previousOperationId":"o9sflxu1721d4ua"}
{"type":"log","timestamp":1765033034761,"level":"debug","message":"Base url not specified, skipping its injection.","meta":{"rootId":"qvw0xxnok1h675f","id":"qvw0xxnok1h675f"},"id":"yn28bn06kiqsbj3","previousOperationId":"o9sflxu1721d4ua"}
{"type":"operationStart","subtype":"engine","name":"handlebars","timestamp":1765033034762,"id":"vaef6fwewmht1jg","previousEventId":"mox0aduk8nicytm","operationId":"km5i43t2unc7x6r","previousOperationId":"o9sflxu1721d4ua"}
{"type":"log","timestamp":1765033034762,"level":"debug","message":"Rendering engine handlebars","meta":{"rootId":"qvw0xxnok1h675f","id":"qvw0xxnok1h675f"},"id":"qxs4wu08dxqkncp","previousOperationId":"km5i43t2unc7x6r"}
{"type":"operationEnd","operationId":"km5i43t2unc7x6r","timestamp":1765033034772,"id":"dolyx2ky9pug26v","previousEventId":"vaef6fwewmht1jg","previousOperationId":"km5i43t2unc7x6r"}
{"type":"operationStart","subtype":"recipe","name":"pptx","timestamp":1765033034772,"id":"qmodozjg6enq4ly","previousEventId":"dolyx2ky9pug26v","operationId":"iu9gxuvwrqj3fik","previousOperationId":"km5i43t2unc7x6r"}
{"type":"log","timestamp":1765033034772,"level":"debug","message":"Executing recipe pptx","meta":{"rootId":"qvw0xxnok1h675f","id":"qvw0xxnok1h675f"},"id":"92xxfpmto0s4cme","previousOperationId":"iu9gxuvwrqj3fik"}
{"type":"log","timestamp":1765033034772,"level":"info","message":"pptx generation is starting","meta":{"rootId":"qvw0xxnok1h675f","id":"qvw0xxnok1h675f"},"id":"65duozce9d18dbl","previousOperationId":"iu9gxuvwrqj3fik"}
{"type":"log","timestamp":1765033034855,"level":"debug","message":"Starting child request to render pptx dynamic parts","meta":{"rootId":"qvw0xxnok1h675f","id":"qvw0xxnok1h675f"},"id":"adb9obgohng4561","previousOperationId":"iu9gxuvwrqj3fik"}
{"type":"operationStart","subtype":"render","name":"anonymous","previousOperationId":"iu9gxuvwrqj3fik","timestamp":1765033034856,"id":"nibdels3bl4qknf","previousEventId":"qmodozjg6enq4ly","operationId":"8y8t6cre8gor7wk"}
{"type":"log","timestamp":1765033034856,"level":"info","message":"Starting rendering (child) request","meta":{"rootId":"qvw0xxnok1h675f","id":"19ig31ud7rjfq8d"},"id":"hhgp9hkaw3v2pku","previousOperationId":"8y8t6cre8gor7wk"}
{"type":"log","timestamp":1765033034856,"level":"info","message":"Rendering anonymous template { recipe: html, engine: handlebars }","meta":{"rootId":"qvw0xxnok1h675f","id":"19ig31ud7rjfq8d"},"id":"1q15bpsbfsymcvq","previousOperationId":"8y8t6cre8gor7wk"}
{"type":"log","timestamp":1765033034856,"level":"debug","message":"Inline data specified.","meta":{"rootId":"qvw0xxnok1h675f","id":"19ig31ud7rjfq8d"},"id":"fu5l5wzc8f2p4ed","previousOperationId":"8y8t6cre8gor7wk"}
{"type":"log","timestamp":1765033034863,"level":"debug","message":"Base url not specified, skipping its injection.","meta":{"rootId":"qvw0xxnok1h675f","id":"19ig31ud7rjfq8d"},"id":"3xigiuy990spqws","previousOperationId":"8y8t6cre8gor7wk"}
{"type":"operationStart","subtype":"engine","name":"handlebars","timestamp":1765033034864,"id":"xkf48rwwttu90kt","previousEventId":"nibdels3bl4qknf","operationId":"qqmhb6tcyvt6uvm","previousOperationId":"8y8t6cre8gor7wk"}
{"type":"log","timestamp":1765033034864,"level":"debug","message":"Rendering engine handlebars","meta":{"rootId":"qvw0xxnok1h675f","id":"19ig31ud7rjfq8d"},"id":"f6jtaj6rdwnogdo","previousOperationId":"qqmhb6tcyvt6uvm"}
{"type":"operationEnd","operationId":"qqmhb6tcyvt6uvm","timestamp":1765033034888,"id":"bwgolz82l486s3w","previousEventId":"xkf48rwwttu90kt","previousOperationId":"qqmhb6tcyvt6uvm"}
{"type":"operationStart","subtype":"recipe","name":"html","timestamp":1765033034890,"id":"hezzjjy865liq1v","previousEventId":"bwgolz82l486s3w","operationId":"w7wjpnpn3dofue7","previousOperationId":"qqmhb6tcyvt6uvm"}
{"type":"log","timestamp":1765033034890,"level":"debug","message":"Executing recipe html","meta":{"rootId":"qvw0xxnok1h675f","id":"19ig31ud7rjfq8d"},"id":"seeap34osl48qu4","previousOperationId":"w7wjpnpn3dofue7"}
{"type":"operationEnd","operationId":"w7wjpnpn3dofue7","timestamp":1765033034890,"id":"o5ahwbkdz195f09","previousEventId":"hezzjjy865liq1v","previousOperationId":"w7wjpnpn3dofue7"}
{"type":"log","timestamp":1765033034890,"level":"debug","message":"Skipping storing report.","meta":{"rootId":"qvw0xxnok1h675f","id":"19ig31ud7rjfq8d"},"id":"pjyl6tu05a38wpv","previousOperationId":"w7wjpnpn3dofue7"}
{"type":"log","timestamp":1765033034891,"level":"info","message":"Rendering (child) request finished in 142 ms","meta":{"rootId":"qvw0xxnok1h675f","id":"19ig31ud7rjfq8d"},"id":"oo729bexlufvuve","previousOperationId":"w7wjpnpn3dofue7"}
{"type":"operationEnd","subtype":"render","operationId":"8y8t6cre8gor7wk","timestamp":1765033034891,"id":"4kzn3usu7w55xcj","previousEventId":"o5ahwbkdz195f09","previousOperationId":"w7wjpnpn3dofue7"}
{"type":"log","timestamp":1765033035764,"level":"debug","message":"pptx successfully zipped","meta":{"rootId":"qvw0xxnok1h675f","id":"qvw0xxnok1h675f"},"id":"4lfw5mzn5kyztyk","previousOperationId":"iu9gxuvwrqj3fik"}
{"type":"log","timestamp":1765033035764,"level":"info","message":"pptx generation was finished","meta":{"rootId":"qvw0xxnok1h675f","id":"qvw0xxnok1h675f"},"id":"phnh7pn4ktxa54x","previousOperationId":"iu9gxuvwrqj3fik"}
{"type":"operationEnd","operationId":"iu9gxuvwrqj3fik","timestamp":1765033035768,"id":"sopyghpr81phqzv","previousEventId":"qmodozjg6enq4ly","previousOperationId":"iu9gxuvwrqj3fik"}
{"type":"log","timestamp":1765033035768,"level":"debug","message":"Skipping storing report.","meta":{"rootId":"qvw0xxnok1h675f","id":"qvw0xxnok1h675f"},"id":"o9i6r66amg4yeen","previousOperationId":"iu9gxuvwrqj3fik"}
{"type":"log","timestamp":1765033035768,"level":"info","message":"Rendering request 14 finished in 1019 ms","meta":{"rootId":"qvw0xxnok1h675f","id":"qvw0xxnok1h675f"},"id":"o0redywcbzbm4b4","previousOperationId":"iu9gxuvwrqj3fik"}
{"type":"operationEnd","subtype":"render","operationId":"o9sflxu1721d4ua","timestamp":1765033035768,"id":"5oq8477xhel32pz","previousEventId":"sopyghpr81phqzv","previousOperationId":"iu9gxuvwrqj3fik"}
{"type":"operationEnd","doDiffs":false,"previousEventId":"hik151yo0chljot","previousOperationId":"ny5pdi5c1gvhvj1","operationId":"ny5pdi5c1gvhvj1","timestamp":1765033035773,"id":"f6bqkl24ep54vuq"}
