{"type":"operationStart","subtype":"profile","data":{"_id":"OBvSRkvyeqr69KkN","timestamp":"2025-12-06T14:26:55.621Z","state":"running","mode":"standard","creationDate":"2025-12-06T14:26:55.630Z","modificationDate":"2025-12-06T14:26:55.630Z","shortid":"fLDStyd","$entitySet":"profiles","timeout":60000},"doDiffs":false,"timestamp":1765031215626,"id":"qgb6ft207pz2pwu","previousOperationId":null,"operationId":"a1qbqhhtbn470ax"}
{"type":"log","level":"info","message":"Render request 1 queued for execution and waiting for available worker","previousOperationId":"a1qbqhhtbn470ax","timestamp":1765031215628,"id":"5cxambgdb6qfkjz"}
{"type":"operationStart","subtype":"render","name":"anonymous","previousOperationId":"a1qbqhhtbn470ax","timestamp":1765031215676,"id":"pozs0rh64t3gavd","previousEventId":"qgb6ft207pz2pwu","operationId":"kri6tipgukjqy9m"}
{"type":"log","timestamp":1765031215677,"level":"info","message":"Starting rendering request 1","meta":{"rootId":"r06qdw0wtqnjact","id":"r06qdw0wtqnjact"},"id":"zf2z1ib61gfe1zt","previousOperationId":"kri6tipgukjqy9m"}
{"type":"log","timestamp":1765031215679,"level":"info","message":"Rendering anonymous template { recipe: pptx, engine: handlebars }","meta":{"rootId":"r06qdw0wtqnjact","id":"r06qdw0wtqnjact"},"id":"zu62s8oz5gtub1o","previousOperationId":"kri6tipgukjqy9m"}
{"type":"log","timestamp":1765031215680,"level":"debug","message":"Inline data specified.","meta":{"rootId":"r06qdw0wtqnjact","id":"r06qdw0wtqnjact"},"id":"z0uinokhlgsapt8","previousOperationId":"kri6tipgukjqy9m"}
{"type":"log","timestamp":1765031215684,"level":"debug","message":"Base url not specified, skipping its injection.","meta":{"rootId":"r06qdw0wtqnjact","id":"r06qdw0wtqnjact"},"id":"x4ya16zcyqy7547","previousOperationId":"kri6tipgukjqy9m"}
{"type":"operationStart","subtype":"engine","name":"handlebars","timestamp":1765031215686,"id":"z5rvpzh1r5li0wf","previousEventId":"pozs0rh64t3gavd","operationId":"q0ljcl94tunc6k0","previousOperationId":"kri6tipgukjqy9m"}
{"type":"log","timestamp":1765031215686,"level":"debug","message":"Rendering engine handlebars","meta":{"rootId":"r06qdw0wtqnjact","id":"r06qdw0wtqnjact"},"id":"n2j50vvsq1rn7u8","previousOperationId":"q0ljcl94tunc6k0"}
{"type":"operationEnd","operationId":"q0ljcl94tunc6k0","timestamp":1765031216612,"id":"cs1re8t3kkycf6u","previousEventId":"z5rvpzh1r5li0wf","previousOperationId":"q0ljcl94tunc6k0"}
{"type":"operationStart","subtype":"recipe","name":"pptx","timestamp":1765031216612,"id":"xbkyp8c4pbnvpx8","previousEventId":"cs1re8t3kkycf6u","operationId":"dhp4hwevlavi2ri","previousOperationId":"q0ljcl94tunc6k0"}
{"type":"log","timestamp":1765031216613,"level":"debug","message":"Executing recipe pptx","meta":{"rootId":"r06qdw0wtqnjact","id":"r06qdw0wtqnjact"},"id":"v3zldelqx8e8y98","previousOperationId":"dhp4hwevlavi2ri"}
{"type":"log","timestamp":1765031216766,"level":"info","message":"pptx generation is starting","meta":{"rootId":"r06qdw0wtqnjact","id":"r06qdw0wtqnjact"},"id":"opn45m0dd8ixrhe","previousOperationId":"dhp4hwevlavi2ri"}
{"type":"log","timestamp":1765031216886,"level":"debug","message":"Starting child request to render pptx dynamic parts","meta":{"rootId":"r06qdw0wtqnjact","id":"r06qdw0wtqnjact"},"id":"o1rm7xqly77tkxi","previousOperationId":"dhp4hwevlavi2ri"}
{"type":"operationStart","subtype":"render","name":"anonymous","previousOperationId":"dhp4hwevlavi2ri","timestamp":1765031216887,"id":"u26t5uyrnkw7hiv","previousEventId":"xbkyp8c4pbnvpx8","operationId":"cyzcm6oyh9zyhaw"}
{"type":"log","timestamp":1765031216887,"level":"info","message":"Starting rendering (child) request","meta":{"rootId":"r06qdw0wtqnjact","id":"6ss02hey88d67x4"},"id":"qwm55j7nccdub2n","previousOperationId":"cyzcm6oyh9zyhaw"}
{"type":"log","timestamp":1765031216887,"level":"info","message":"Rendering anonymous template { recipe: html, engine: handlebars }","meta":{"rootId":"r06qdw0wtqnjact","id":"6ss02hey88d67x4"},"id":"oyubna3j35y7ze5","previousOperationId":"cyzcm6oyh9zyhaw"}
{"type":"log","timestamp":1765031216887,"level":"debug","message":"Inline data specified.","meta":{"rootId":"r06qdw0wtqnjact","id":"6ss02hey88d67x4"},"id":"6vfdt1tzpcd75ux","previousOperationId":"cyzcm6oyh9zyhaw"}
{"type":"log","timestamp":1765031216893,"level":"debug","message":"Base url not specified, skipping its injection.","meta":{"rootId":"r06qdw0wtqnjact","id":"6ss02hey88d67x4"},"id":"ak3nlt4mof6z27e","previousOperationId":"cyzcm6oyh9zyhaw"}
{"type":"operationStart","subtype":"engine","name":"handlebars","timestamp":1765031216894,"id":"brgivsue6edec5u","previousEventId":"u26t5uyrnkw7hiv","operationId":"3aspxyl0boawxf4","previousOperationId":"cyzcm6oyh9zyhaw"}
{"type":"log","timestamp":1765031216894,"level":"debug","message":"Rendering engine handlebars","meta":{"rootId":"r06qdw0wtqnjact","id":"6ss02hey88d67x4"},"id":"epmmny0vdqrnge1","previousOperationId":"3aspxyl0boawxf4"}
{"type":"operationEnd","operationId":"3aspxyl0boawxf4","timestamp":1765031216919,"id":"e118d7w9ibka6sn","previousEventId":"brgivsue6edec5u","previousOperationId":"3aspxyl0boawxf4"}
{"type":"operationStart","subtype":"recipe","name":"html","timestamp":1765031216920,"id":"2u90xwlrmlyirdf","previousEventId":"e118d7w9ibka6sn","operationId":"4ow8k5ckt3zg2wi","previousOperationId":"3aspxyl0boawxf4"}
{"type":"log","timestamp":1765031216920,"level":"debug","message":"Executing recipe html","meta":{"rootId":"r06qdw0wtqnjact","id":"6ss02hey88d67x4"},"id":"d3pil56xu3p02yr","previousOperationId":"4ow8k5ckt3zg2wi"}
{"type":"operationEnd","operationId":"4ow8k5ckt3zg2wi","timestamp":1765031216920,"id":"dsi09dfwuhcqc57","previousEventId":"2u90xwlrmlyirdf","previousOperationId":"4ow8k5ckt3zg2wi"}
{"type":"log","timestamp":1765031216921,"level":"debug","message":"Skipping storing report.","meta":{"rootId":"r06qdw0wtqnjact","id":"6ss02hey88d67x4"},"id":"r9atfsvgzre5naq","previousOperationId":"4ow8k5ckt3zg2wi"}
{"type":"log","timestamp":1765031216921,"level":"info","message":"Rendering (child) request finished in 1302 ms","meta":{"rootId":"r06qdw0wtqnjact","id":"6ss02hey88d67x4"},"id":"i9tqv7f0idzwoav","previousOperationId":"4ow8k5ckt3zg2wi"}
{"type":"operationEnd","subtype":"render","operationId":"cyzcm6oyh9zyhaw","timestamp":1765031216921,"id":"qz4wscqhrle2521","previousEventId":"dsi09dfwuhcqc57","previousOperationId":"4ow8k5ckt3zg2wi"}
{"type":"log","timestamp":1765031218146,"level":"debug","message":"pptx successfully zipped","meta":{"rootId":"r06qdw0wtqnjact","id":"r06qdw0wtqnjact"},"id":"l3wid9etcfenddy","previousOperationId":"dhp4hwevlavi2ri"}
{"type":"log","timestamp":1765031218146,"level":"info","message":"pptx generation was finished","meta":{"rootId":"r06qdw0wtqnjact","id":"r06qdw0wtqnjact"},"id":"0bffbn0t5ipw388","previousOperationId":"dhp4hwevlavi2ri"}
{"type":"operationEnd","operationId":"dhp4hwevlavi2ri","timestamp":1765031218154,"id":"tgov507zvop6g1o","previousEventId":"xbkyp8c4pbnvpx8","previousOperationId":"dhp4hwevlavi2ri"}
{"type":"log","timestamp":1765031218154,"level":"debug","message":"Skipping storing report.","meta":{"rootId":"r06qdw0wtqnjact","id":"r06qdw0wtqnjact"},"id":"1qcvm0n90ruxco5","previousOperationId":"dhp4hwevlavi2ri"}
{"type":"log","timestamp":1765031218154,"level":"info","message":"Rendering request 1 finished in 2535 ms","meta":{"rootId":"r06qdw0wtqnjact","id":"r06qdw0wtqnjact"},"id":"35x70bb410yhrm0","previousOperationId":"dhp4hwevlavi2ri"}
{"type":"operationEnd","subtype":"render","operationId":"kri6tipgukjqy9m","timestamp":1765031218154,"id":"73hgbsld97813fu","previousEventId":"tgov507zvop6g1o","previousOperationId":"dhp4hwevlavi2ri"}
{"type":"operationEnd","doDiffs":false,"previousEventId":"qgb6ft207pz2pwu","previousOperationId":"a1qbqhhtbn470ax","operationId":"a1qbqhhtbn470ax","timestamp":1765031218159,"id":"yan5dvb3rh3ua5x"}
