{"type":"operationStart","subtype":"profile","data":{"_id":"PK0KL5Mu99kwGc7E","timestamp":"2025-12-06T11:15:24.504Z","state":"running","mode":"standard","creationDate":"2025-12-06T11:15:24.508Z","modificationDate":"2025-12-06T11:15:24.508Z","shortid":"xwLjr9w","$entitySet":"profiles","timeout":60000},"doDiffs":false,"timestamp":1765019724506,"id":"wbz30zudv9keq42","previousOperationId":null,"operationId":"qwz23uni8ecubfb"}
{"type":"log","level":"info","message":"Render request 2 queued for execution and waiting for available worker","previousOperationId":"qwz23uni8ecubfb","timestamp":1765019724506,"id":"wc50j2hweuxgs9w"}
{"type":"operationStart","subtype":"render","name":"anonymous","previousOperationId":"qwz23uni8ecubfb","timestamp":1765019724531,"id":"t4ubrnz00tvhnsd","previousEventId":"wbz30zudv9keq42","operationId":"u451nlko4xu87sh"}
{"type":"log","timestamp":1765019724535,"level":"info","message":"Starting rendering request 2","meta":{"rootId":"r5vra73s1q9xxsi","id":"r5vra73s1q9xxsi"},"id":"5i3xiqudfw6k5y4","previousOperationId":"u451nlko4xu87sh"}
{"type":"log","timestamp":1765019724538,"level":"info","message":"Rendering anonymous template { recipe: pptx, engine: handlebars }","meta":{"rootId":"r5vra73s1q9xxsi","id":"r5vra73s1q9xxsi"},"id":"mvzjq7zqzd2dnlr","previousOperationId":"u451nlko4xu87sh"}
{"type":"log","timestamp":1765019724539,"level":"debug","message":"Inline data specified.","meta":{"rootId":"r5vra73s1q9xxsi","id":"r5vra73s1q9xxsi"},"id":"4qwjnmysfs9ziaq","previousOperationId":"u451nlko4xu87sh"}
{"type":"log","timestamp":1765019724548,"level":"debug","message":"Base url not specified, skipping its injection.","meta":{"rootId":"r5vra73s1q9xxsi","id":"r5vra73s1q9xxsi"},"id":"0iwprwp5ywlbil8","previousOperationId":"u451nlko4xu87sh"}
{"type":"operationStart","subtype":"engine","name":"handlebars","timestamp":1765019724554,"id":"qomy4ig875gwbq3","previousEventId":"t4ubrnz00tvhnsd","operationId":"93kx06383zc4uoi","previousOperationId":"u451nlko4xu87sh"}
{"type":"log","timestamp":1765019724554,"level":"debug","message":"Rendering engine handlebars","meta":{"rootId":"r5vra73s1q9xxsi","id":"r5vra73s1q9xxsi"},"id":"3jk8bzw8ypznah5","previousOperationId":"93kx06383zc4uoi"}
{"type":"operationEnd","operationId":"93kx06383zc4uoi","timestamp":1765019725447,"id":"i90rofcdk0e7l3l","previousEventId":"qomy4ig875gwbq3","previousOperationId":"93kx06383zc4uoi"}
{"type":"operationStart","subtype":"recipe","name":"pptx","timestamp":1765019725448,"id":"ujmt7c7k8b7jvbv","previousEventId":"i90rofcdk0e7l3l","operationId":"o7coz5q8fz0mrii","previousOperationId":"93kx06383zc4uoi"}
{"type":"log","timestamp":1765019725448,"level":"debug","message":"Executing recipe pptx","meta":{"rootId":"r5vra73s1q9xxsi","id":"r5vra73s1q9xxsi"},"id":"s2av990jvy0efke","previousOperationId":"o7coz5q8fz0mrii"}
{"type":"log","timestamp":1765019725598,"level":"info","message":"pptx generation is starting","meta":{"rootId":"r5vra73s1q9xxsi","id":"r5vra73s1q9xxsi"},"id":"u6t3ta1n7gq83hk","previousOperationId":"o7coz5q8fz0mrii"}
{"type":"log","timestamp":1765019725741,"level":"debug","message":"Starting child request to render pptx dynamic parts","meta":{"rootId":"r5vra73s1q9xxsi","id":"r5vra73s1q9xxsi"},"id":"hs42ruev7y4suw4","previousOperationId":"o7coz5q8fz0mrii"}
{"type":"operationStart","subtype":"render","name":"anonymous","previousOperationId":"o7coz5q8fz0mrii","timestamp":1765019725742,"id":"hstctaw19jes3xx","previousEventId":"ujmt7c7k8b7jvbv","operationId":"hztzejt6lljlwu8"}
{"type":"log","timestamp":1765019725742,"level":"info","message":"Starting rendering (child) request","meta":{"rootId":"r5vra73s1q9xxsi","id":"3yk2ws5i1wg8w8r"},"id":"bfyr7m0yqkcfe9o","previousOperationId":"hztzejt6lljlwu8"}
{"type":"log","timestamp":1765019725742,"level":"info","message":"Rendering anonymous template { recipe: html, engine: handlebars }","meta":{"rootId":"r5vra73s1q9xxsi","id":"3yk2ws5i1wg8w8r"},"id":"davwdr7ngyuuf1y","previousOperationId":"hztzejt6lljlwu8"}
{"type":"log","timestamp":1765019725742,"level":"debug","message":"Inline data specified.","meta":{"rootId":"r5vra73s1q9xxsi","id":"3yk2ws5i1wg8w8r"},"id":"m8ejafxzpkcp080","previousOperationId":"hztzejt6lljlwu8"}
{"type":"log","timestamp":1765019725753,"level":"debug","message":"Base url not specified, skipping its injection.","meta":{"rootId":"r5vra73s1q9xxsi","id":"3yk2ws5i1wg8w8r"},"id":"hh4on14odztklib","previousOperationId":"hztzejt6lljlwu8"}
{"type":"operationStart","subtype":"engine","name":"handlebars","timestamp":1765019725754,"id":"2vzfhu07y9oc20w","previousEventId":"hstctaw19jes3xx","operationId":"28ijv4n483fjv00","previousOperationId":"hztzejt6lljlwu8"}
{"type":"log","timestamp":1765019725754,"level":"debug","message":"Rendering engine handlebars","meta":{"rootId":"r5vra73s1q9xxsi","id":"3yk2ws5i1wg8w8r"},"id":"1ed3ayxtbjzl28l","previousOperationId":"28ijv4n483fjv00"}
{"type":"operationEnd","operationId":"28ijv4n483fjv00","timestamp":1765019725784,"id":"p7onou892bpvpwz","previousEventId":"2vzfhu07y9oc20w","previousOperationId":"28ijv4n483fjv00"}
{"type":"operationStart","subtype":"recipe","name":"html","timestamp":1765019725786,"id":"j0soqvxkbf6idji","previousEventId":"p7onou892bpvpwz","operationId":"o7cbtwm5ncz64vo","previousOperationId":"28ijv4n483fjv00"}
{"type":"log","timestamp":1765019725786,"level":"debug","message":"Executing recipe html","meta":{"rootId":"r5vra73s1q9xxsi","id":"3yk2ws5i1wg8w8r"},"id":"0a4s2n4rdfdvg6s","previousOperationId":"o7cbtwm5ncz64vo"}
{"type":"operationEnd","operationId":"o7cbtwm5ncz64vo","timestamp":1765019725786,"id":"js1mejndnnq840m","previousEventId":"j0soqvxkbf6idji","previousOperationId":"o7cbtwm5ncz64vo"}
{"type":"log","timestamp":1765019725787,"level":"debug","message":"Skipping storing report.","meta":{"rootId":"r5vra73s1q9xxsi","id":"3yk2ws5i1wg8w8r"},"id":"fsip93ez6e45wtk","previousOperationId":"o7cbtwm5ncz64vo"}
{"type":"log","timestamp":1765019725787,"level":"info","message":"Rendering (child) request finished in 1284 ms","meta":{"rootId":"r5vra73s1q9xxsi","id":"3yk2ws5i1wg8w8r"},"id":"dqf4fix8lcsw1y1","previousOperationId":"o7cbtwm5ncz64vo"}
{"type":"operationEnd","subtype":"render","operationId":"hztzejt6lljlwu8","timestamp":1765019725787,"id":"duhl5irsfm79crl","previousEventId":"js1mejndnnq840m","previousOperationId":"o7cbtwm5ncz64vo"}
{"type":"log","timestamp":1765019726741,"level":"debug","message":"pptx successfully zipped","meta":{"rootId":"r5vra73s1q9xxsi","id":"r5vra73s1q9xxsi"},"id":"xwgef2t562hfrsi","previousOperationId":"o7coz5q8fz0mrii"}
{"type":"log","timestamp":1765019726741,"level":"info","message":"pptx generation was finished","meta":{"rootId":"r5vra73s1q9xxsi","id":"r5vra73s1q9xxsi"},"id":"bx691jx4ff8czlg","previousOperationId":"o7coz5q8fz0mrii"}
{"type":"operationEnd","operationId":"o7coz5q8fz0mrii","timestamp":1765019726746,"id":"ygaajzv7lwth6hr","previousEventId":"ujmt7c7k8b7jvbv","previousOperationId":"o7coz5q8fz0mrii"}
{"type":"log","timestamp":1765019726746,"level":"debug","message":"Skipping storing report.","meta":{"rootId":"r5vra73s1q9xxsi","id":"r5vra73s1q9xxsi"},"id":"s0hk4jtn2vf2l5g","previousOperationId":"o7coz5q8fz0mrii"}
{"type":"log","timestamp":1765019726746,"level":"info","message":"Rendering request 2 finished in 2243 ms","meta":{"rootId":"r5vra73s1q9xxsi","id":"r5vra73s1q9xxsi"},"id":"i7kykxqlxfxldk5","previousOperationId":"o7coz5q8fz0mrii"}
{"type":"operationEnd","subtype":"render","operationId":"u451nlko4xu87sh","timestamp":1765019726746,"id":"x3ubezwqp04lb4n","previousEventId":"ygaajzv7lwth6hr","previousOperationId":"o7coz5q8fz0mrii"}
{"type":"operationEnd","doDiffs":false,"previousEventId":"wbz30zudv9keq42","previousOperationId":"qwz23uni8ecubfb","operationId":"qwz23uni8ecubfb","timestamp":1765019726750,"id":"see1ig9wajbkz7v"}
