{"type":"operationStart","subtype":"profile","data":{"_id":"IqQsRhQAhvVtlT6T","timestamp":"2025-12-05T16:38:45.061Z","state":"running","mode":"standard","creationDate":"2025-12-05T16:38:45.065Z","modificationDate":"2025-12-05T16:38:45.065Z","shortid":"SnD3OR7","$entitySet":"profiles","timeout":60000},"doDiffs":false,"timestamp":1764952725063,"id":"bw1um2wye19x7c8","previousOperationId":null,"operationId":"2d2md90xtyu0bej"}
{"type":"log","level":"info","message":"Render request 3 queued for execution and waiting for available worker","previousOperationId":"2d2md90xtyu0bej","timestamp":1764952725063,"id":"z6g0h8l6igf4bio"}
{"type":"operationStart","subtype":"render","name":"anonymous","previousOperationId":"2d2md90xtyu0bej","timestamp":1764952725083,"id":"um9p6vqy2z443ae","previousEventId":"bw1um2wye19x7c8","operationId":"reyb5dk4mhr2ezp"}
{"type":"log","timestamp":1764952725084,"level":"info","message":"Starting rendering request 3","meta":{"rootId":"rvgkm4uwbye3nq7","id":"rvgkm4uwbye3nq7"},"id":"np0u2qzf5od6ai8","previousOperationId":"reyb5dk4mhr2ezp"}
{"type":"log","timestamp":1764952725085,"level":"info","message":"Rendering anonymous template { recipe: pptx, engine: handlebars }","meta":{"rootId":"rvgkm4uwbye3nq7","id":"rvgkm4uwbye3nq7"},"id":"80oeshpm79or8jf","previousOperationId":"reyb5dk4mhr2ezp"}
{"type":"log","timestamp":1764952725085,"level":"debug","message":"Inline data specified.","meta":{"rootId":"rvgkm4uwbye3nq7","id":"rvgkm4uwbye3nq7"},"id":"mkmovmf1hr4vp52","previousOperationId":"reyb5dk4mhr2ezp"}
{"type":"log","timestamp":1764952725089,"level":"debug","message":"Base url not specified, skipping its injection.","meta":{"rootId":"rvgkm4uwbye3nq7","id":"rvgkm4uwbye3nq7"},"id":"xh5jvggk9y6s3t3","previousOperationId":"reyb5dk4mhr2ezp"}
{"type":"operationStart","subtype":"engine","name":"handlebars","timestamp":1764952725090,"id":"qkf3waum61bmurg","previousEventId":"um9p6vqy2z443ae","operationId":"2sowk6jcmyfuo7u","previousOperationId":"reyb5dk4mhr2ezp"}
{"type":"log","timestamp":1764952725090,"level":"debug","message":"Rendering engine handlebars","meta":{"rootId":"rvgkm4uwbye3nq7","id":"rvgkm4uwbye3nq7"},"id":"w1bb7o5hlxhny2y","previousOperationId":"2sowk6jcmyfuo7u"}
{"type":"operationEnd","operationId":"2sowk6jcmyfuo7u","timestamp":1764952725105,"id":"87np9cyey7bcrd5","previousEventId":"qkf3waum61bmurg","previousOperationId":"2sowk6jcmyfuo7u"}
{"type":"operationStart","subtype":"recipe","name":"pptx","timestamp":1764952725106,"id":"sb3ze4c2tegh2br","previousEventId":"87np9cyey7bcrd5","operationId":"5gzwtxkiipa7y4m","previousOperationId":"2sowk6jcmyfuo7u"}
{"type":"log","timestamp":1764952725106,"level":"debug","message":"Executing recipe pptx","meta":{"rootId":"rvgkm4uwbye3nq7","id":"rvgkm4uwbye3nq7"},"id":"zeihcwqhcr4ecgq","previousOperationId":"5gzwtxkiipa7y4m"}
{"type":"log","timestamp":1764952725106,"level":"info","message":"pptx generation is starting","meta":{"rootId":"rvgkm4uwbye3nq7","id":"rvgkm4uwbye3nq7"},"id":"ik0w5dj7dj1qk80","previousOperationId":"5gzwtxkiipa7y4m"}
{"type":"log","timestamp":1764952725290,"level":"debug","message":"Starting child request to render pptx dynamic parts","meta":{"rootId":"rvgkm4uwbye3nq7","id":"rvgkm4uwbye3nq7"},"id":"p2qvlj7uzvold8p","previousOperationId":"5gzwtxkiipa7y4m"}
{"type":"operationStart","subtype":"render","name":"anonymous","previousOperationId":"5gzwtxkiipa7y4m","timestamp":1764952725291,"id":"v2g0e43tw13v267","previousEventId":"sb3ze4c2tegh2br","operationId":"ibdkv2ef3gcvw6h"}
{"type":"log","timestamp":1764952725291,"level":"info","message":"Starting rendering (child) request","meta":{"rootId":"rvgkm4uwbye3nq7","id":"sfhfes6tx6jsidq"},"id":"7rbwyog6n9g5yid","previousOperationId":"ibdkv2ef3gcvw6h"}
{"type":"log","timestamp":1764952725291,"level":"info","message":"Rendering anonymous template { recipe: html, engine: handlebars }","meta":{"rootId":"rvgkm4uwbye3nq7","id":"sfhfes6tx6jsidq"},"id":"ui57436n4bhxzmq","previousOperationId":"ibdkv2ef3gcvw6h"}
{"type":"log","timestamp":1764952725291,"level":"debug","message":"Inline data specified.","meta":{"rootId":"rvgkm4uwbye3nq7","id":"sfhfes6tx6jsidq"},"id":"ksnll02rsbt3x2t","previousOperationId":"ibdkv2ef3gcvw6h"}
{"type":"log","timestamp":1764952725298,"level":"debug","message":"Base url not specified, skipping its injection.","meta":{"rootId":"rvgkm4uwbye3nq7","id":"sfhfes6tx6jsidq"},"id":"a1usbk301gaevl9","previousOperationId":"ibdkv2ef3gcvw6h"}
{"type":"operationStart","subtype":"engine","name":"handlebars","timestamp":1764952725299,"id":"dowtx0ckzxqopl1","previousEventId":"v2g0e43tw13v267","operationId":"nnzdktijlvzo00j","previousOperationId":"ibdkv2ef3gcvw6h"}
{"type":"log","timestamp":1764952725299,"level":"debug","message":"Rendering engine handlebars","meta":{"rootId":"rvgkm4uwbye3nq7","id":"sfhfes6tx6jsidq"},"id":"nvj2vx8wgwwtvxb","previousOperationId":"nnzdktijlvzo00j"}
{"type":"operationEnd","operationId":"nnzdktijlvzo00j","timestamp":1764952725333,"id":"k0dpfuoji6ozd4y","previousEventId":"dowtx0ckzxqopl1","previousOperationId":"nnzdktijlvzo00j"}
{"type":"operationStart","subtype":"recipe","name":"html","timestamp":1764952725336,"id":"d5zuqgf698s4pvr","previousEventId":"k0dpfuoji6ozd4y","operationId":"cd8gxtwgks11zqh","previousOperationId":"nnzdktijlvzo00j"}
{"type":"log","timestamp":1764952725336,"level":"debug","message":"Executing recipe html","meta":{"rootId":"rvgkm4uwbye3nq7","id":"sfhfes6tx6jsidq"},"id":"fjm3c34lguixly2","previousOperationId":"cd8gxtwgks11zqh"}
{"type":"operationEnd","operationId":"cd8gxtwgks11zqh","timestamp":1764952725336,"id":"x731r6r2eu0qy6c","previousEventId":"d5zuqgf698s4pvr","previousOperationId":"cd8gxtwgks11zqh"}
{"type":"log","timestamp":1764952725338,"level":"debug","message":"Skipping storing report.","meta":{"rootId":"rvgkm4uwbye3nq7","id":"sfhfes6tx6jsidq"},"id":"sl8uvod5d086u1d","previousOperationId":"cd8gxtwgks11zqh"}
{"type":"log","timestamp":1764952725338,"level":"info","message":"Rendering (child) request finished in 278 ms","meta":{"rootId":"rvgkm4uwbye3nq7","id":"sfhfes6tx6jsidq"},"id":"otcniuwwqgzrrke","previousOperationId":"cd8gxtwgks11zqh"}
{"type":"operationEnd","subtype":"render","operationId":"ibdkv2ef3gcvw6h","timestamp":1764952725338,"id":"n5lnv3wymdfsr4a","previousEventId":"x731r6r2eu0qy6c","previousOperationId":"cd8gxtwgks11zqh"}
{"type":"log","timestamp":1764952726182,"level":"debug","message":"pptx successfully zipped","meta":{"rootId":"rvgkm4uwbye3nq7","id":"rvgkm4uwbye3nq7"},"id":"ohiwilm80hq0azy","previousOperationId":"5gzwtxkiipa7y4m"}
{"type":"log","timestamp":1764952726182,"level":"info","message":"pptx generation was finished","meta":{"rootId":"rvgkm4uwbye3nq7","id":"rvgkm4uwbye3nq7"},"id":"k6ux62d5t0v1jv6","previousOperationId":"5gzwtxkiipa7y4m"}
{"type":"operationEnd","operationId":"5gzwtxkiipa7y4m","timestamp":1764952726190,"id":"amugpkbfewjdyvb","previousEventId":"sb3ze4c2tegh2br","previousOperationId":"5gzwtxkiipa7y4m"}
{"type":"log","timestamp":1764952726190,"level":"debug","message":"Skipping storing report.","meta":{"rootId":"rvgkm4uwbye3nq7","id":"rvgkm4uwbye3nq7"},"id":"agbpeuop51zd95b","previousOperationId":"5gzwtxkiipa7y4m"}
{"type":"log","timestamp":1764952726190,"level":"info","message":"Rendering request 3 finished in 1130 ms","meta":{"rootId":"rvgkm4uwbye3nq7","id":"rvgkm4uwbye3nq7"},"id":"8ow2heyjgr2oudi","previousOperationId":"5gzwtxkiipa7y4m"}
{"type":"operationEnd","subtype":"render","operationId":"reyb5dk4mhr2ezp","timestamp":1764952726190,"id":"yt7xv7yzyyg262s","previousEventId":"amugpkbfewjdyvb","previousOperationId":"5gzwtxkiipa7y4m"}
{"type":"operationEnd","doDiffs":false,"previousEventId":"bw1um2wye19x7c8","previousOperationId":"2d2md90xtyu0bej","operationId":"2d2md90xtyu0bej","timestamp":1764952726196,"id":"khgdlqlshpmw978"}
