{"type":"operationStart","subtype":"profile","data":{"_id":"Fbs404xR9n4P9YFu","timestamp":"2025-12-04T23:11:32.718Z","state":"running","mode":"standard","creationDate":"2025-12-04T23:11:32.726Z","modificationDate":"2025-12-04T23:11:32.726Z","shortid":"6ScgRSW","$entitySet":"profiles","timeout":60000},"doDiffs":false,"timestamp":1764889892723,"id":"l2cdg2rpgqel9o0","previousOperationId":null,"operationId":"dnyrscpkxy3h9va"}
{"type":"log","level":"info","message":"Render request 1 queued for execution and waiting for available worker","previousOperationId":"dnyrscpkxy3h9va","timestamp":1764889892723,"id":"374caepb17nednc"}
{"type":"operationStart","subtype":"render","name":"anonymous","previousOperationId":"dnyrscpkxy3h9va","timestamp":1764889892766,"id":"kggg9um15u2xjeo","previousEventId":"l2cdg2rpgqel9o0","operationId":"z6pukc0iv0csyxn"}
{"type":"log","timestamp":1764889892769,"level":"info","message":"Starting rendering request 1","meta":{"rootId":"rw4qsgxazspized","id":"rw4qsgxazspized"},"id":"75z92lwz9lakwng","previousOperationId":"z6pukc0iv0csyxn"}
{"type":"log","timestamp":1764889892773,"level":"info","message":"Rendering anonymous template { recipe: pptx, engine: handlebars }","meta":{"rootId":"rw4qsgxazspized","id":"rw4qsgxazspized"},"id":"fsjdww4f0eh07uz","previousOperationId":"z6pukc0iv0csyxn"}
{"type":"log","timestamp":1764889892774,"level":"debug","message":"Inline data specified.","meta":{"rootId":"rw4qsgxazspized","id":"rw4qsgxazspized"},"id":"tnvltt9wo6r4tmf","previousOperationId":"z6pukc0iv0csyxn"}
{"type":"log","timestamp":1764889892781,"level":"debug","message":"Base url not specified, skipping its injection.","meta":{"rootId":"rw4qsgxazspized","id":"rw4qsgxazspized"},"id":"z7k8vnel4gaumkq","previousOperationId":"z6pukc0iv0csyxn"}
{"type":"operationStart","subtype":"engine","name":"handlebars","timestamp":1764889892786,"id":"ipcas9vg8wos1qc","previousEventId":"kggg9um15u2xjeo","operationId":"h6tbdot6glqcid7","previousOperationId":"z6pukc0iv0csyxn"}
{"type":"log","timestamp":1764889892786,"level":"debug","message":"Rendering engine handlebars","meta":{"rootId":"rw4qsgxazspized","id":"rw4qsgxazspized"},"id":"jd9zev92xrwplty","previousOperationId":"h6tbdot6glqcid7"}
{"type":"operationEnd","operationId":"h6tbdot6glqcid7","timestamp":1764889893604,"id":"1smpocd2o6qkj5z","previousEventId":"ipcas9vg8wos1qc","previousOperationId":"h6tbdot6glqcid7"}
{"type":"operationStart","subtype":"recipe","name":"pptx","timestamp":1764889893605,"id":"y0mfv27nf7git1j","previousEventId":"1smpocd2o6qkj5z","operationId":"cgckhkr29u442ej","previousOperationId":"h6tbdot6glqcid7"}
{"type":"log","timestamp":1764889893606,"level":"debug","message":"Executing recipe pptx","meta":{"rootId":"rw4qsgxazspized","id":"rw4qsgxazspized"},"id":"z3ufbns8dd8czbt","previousOperationId":"cgckhkr29u442ej"}
{"type":"log","timestamp":1764889893769,"level":"info","message":"pptx generation is starting","meta":{"rootId":"rw4qsgxazspized","id":"rw4qsgxazspized"},"id":"m58f6g8pgzvoovp","previousOperationId":"cgckhkr29u442ej"}
{"type":"log","timestamp":1764889893982,"level":"debug","message":"Starting child request to render pptx dynamic parts","meta":{"rootId":"rw4qsgxazspized","id":"rw4qsgxazspized"},"id":"595r7krdj76sbst","previousOperationId":"cgckhkr29u442ej"}
{"type":"operationStart","subtype":"render","name":"anonymous","previousOperationId":"cgckhkr29u442ej","timestamp":1764889893983,"id":"q3hpvpfr8pc9775","previousEventId":"y0mfv27nf7git1j","operationId":"dk6rj9ukp6r2rzh"}
{"type":"log","timestamp":1764889893983,"level":"info","message":"Starting rendering (child) request","meta":{"rootId":"rw4qsgxazspized","id":"w0kjdm6zh6howwx"},"id":"txm012h770vjg5j","previousOperationId":"dk6rj9ukp6r2rzh"}
{"type":"log","timestamp":1764889893983,"level":"info","message":"Rendering anonymous template { recipe: html, engine: handlebars }","meta":{"rootId":"rw4qsgxazspized","id":"w0kjdm6zh6howwx"},"id":"y6j2f4d0kazh5f7","previousOperationId":"dk6rj9ukp6r2rzh"}
{"type":"log","timestamp":1764889893983,"level":"debug","message":"Inline data specified.","meta":{"rootId":"rw4qsgxazspized","id":"w0kjdm6zh6howwx"},"id":"senfmerqr4hmy31","previousOperationId":"dk6rj9ukp6r2rzh"}
{"type":"log","timestamp":1764889893987,"level":"debug","message":"Base url not specified, skipping its injection.","meta":{"rootId":"rw4qsgxazspized","id":"w0kjdm6zh6howwx"},"id":"vcsomymskcayx74","previousOperationId":"dk6rj9ukp6r2rzh"}
{"type":"operationStart","subtype":"engine","name":"handlebars","timestamp":1764889893988,"id":"hgztxmovxgvwy6y","previousEventId":"q3hpvpfr8pc9775","operationId":"k14zq7wclfnmaui","previousOperationId":"dk6rj9ukp6r2rzh"}
{"type":"log","timestamp":1764889893988,"level":"debug","message":"Rendering engine handlebars","meta":{"rootId":"rw4qsgxazspized","id":"w0kjdm6zh6howwx"},"id":"y345cjglaaj3uoe","previousOperationId":"k14zq7wclfnmaui"}
{"type":"operationEnd","operationId":"k14zq7wclfnmaui","timestamp":1764889894035,"id":"rn55uj7urufl6y2","previousEventId":"hgztxmovxgvwy6y","previousOperationId":"k14zq7wclfnmaui"}
{"type":"operationStart","subtype":"recipe","name":"html","timestamp":1764889894039,"id":"nj1anp3wdxpwsaj","previousEventId":"rn55uj7urufl6y2","operationId":"18ootgybxln7tdu","previousOperationId":"k14zq7wclfnmaui"}
{"type":"log","timestamp":1764889894039,"level":"debug","message":"Executing recipe html","meta":{"rootId":"rw4qsgxazspized","id":"w0kjdm6zh6howwx"},"id":"yuz0c5iq1mqwqnj","previousOperationId":"18ootgybxln7tdu"}
{"type":"operationEnd","operationId":"18ootgybxln7tdu","timestamp":1764889894039,"id":"3vb1gfdmwy0tdde","previousEventId":"nj1anp3wdxpwsaj","previousOperationId":"18ootgybxln7tdu"}
{"type":"log","timestamp":1764889894040,"level":"debug","message":"Skipping storing report.","meta":{"rootId":"rw4qsgxazspized","id":"w0kjdm6zh6howwx"},"id":"uqse50xfg5n540r","previousOperationId":"18ootgybxln7tdu"}
{"type":"log","timestamp":1764889894040,"level":"info","message":"Rendering (child) request finished in 1326 ms","meta":{"rootId":"rw4qsgxazspized","id":"w0kjdm6zh6howwx"},"id":"bragesbbz2guozo","previousOperationId":"18ootgybxln7tdu"}
{"type":"operationEnd","subtype":"render","operationId":"dk6rj9ukp6r2rzh","timestamp":1764889894040,"id":"5unrbp558hz3wny","previousEventId":"3vb1gfdmwy0tdde","previousOperationId":"18ootgybxln7tdu"}
{"type":"log","timestamp":1764889894581,"level":"debug","message":"pptx successfully zipped","meta":{"rootId":"rw4qsgxazspized","id":"rw4qsgxazspized"},"id":"6t4cqoraqgm6fb5","previousOperationId":"cgckhkr29u442ej"}
{"type":"log","timestamp":1764889894581,"level":"info","message":"pptx generation was finished","meta":{"rootId":"rw4qsgxazspized","id":"rw4qsgxazspized"},"id":"rzf166groy9sf9f","previousOperationId":"cgckhkr29u442ej"}
{"type":"operationEnd","operationId":"cgckhkr29u442ej","timestamp":1764889894587,"id":"wcmj0n4kcr1oykp","previousEventId":"y0mfv27nf7git1j","previousOperationId":"cgckhkr29u442ej"}
{"type":"log","timestamp":1764889894587,"level":"debug","message":"Skipping storing report.","meta":{"rootId":"rw4qsgxazspized","id":"rw4qsgxazspized"},"id":"jdwmht5wdjkuh5n","previousOperationId":"cgckhkr29u442ej"}
{"type":"log","timestamp":1764889894588,"level":"info","message":"Rendering request 1 finished in 1874 ms","meta":{"rootId":"rw4qsgxazspized","id":"rw4qsgxazspized"},"id":"yd0ro1hgp5vu9wg","previousOperationId":"cgckhkr29u442ej"}
{"type":"operationEnd","subtype":"render","operationId":"z6pukc0iv0csyxn","timestamp":1764889894588,"id":"ce39st9onqs821h","previousEventId":"wcmj0n4kcr1oykp","previousOperationId":"cgckhkr29u442ej"}
{"type":"operationEnd","doDiffs":false,"previousEventId":"l2cdg2rpgqel9o0","previousOperationId":"dnyrscpkxy3h9va","operationId":"dnyrscpkxy3h9va","timestamp":1764889894593,"id":"ufqvpbsh4vwfmin"}
