{"type":"operationStart","subtype":"profile","data":{"_id":"Z3WhpLFySkJsyUgo","timestamp":"2025-12-07T13:27:29.551Z","state":"running","mode":"standard","creationDate":"2025-12-07T13:27:29.559Z","modificationDate":"2025-12-07T13:27:29.559Z","shortid":"rSCLY5s","$entitySet":"profiles","timeout":60000},"doDiffs":false,"timestamp":1765114049555,"id":"wwqs4ohcl3e6iu2","previousOperationId":null,"operationId":"x65bmmeqmygvc9z"}
{"type":"log","level":"info","message":"Render request 2 queued for execution and waiting for available worker","previousOperationId":"x65bmmeqmygvc9z","timestamp":1765114049556,"id":"19hycrl79bu49b2"}
{"type":"operationStart","subtype":"render","name":"anonymous","previousOperationId":"x65bmmeqmygvc9z","timestamp":1765114049626,"id":"8giu5eml61vrqep","previousEventId":"wwqs4ohcl3e6iu2","operationId":"6n76gz7g3xzwljb"}
{"type":"log","timestamp":1765114049628,"level":"info","message":"Starting rendering request 2","meta":{"rootId":"ry3kvimcfllo9kb","id":"ry3kvimcfllo9kb"},"id":"gpkrkcutx6zm1o5","previousOperationId":"6n76gz7g3xzwljb"}
{"type":"log","timestamp":1765114049631,"level":"info","message":"Rendering anonymous template { recipe: pptx, engine: handlebars }","meta":{"rootId":"ry3kvimcfllo9kb","id":"ry3kvimcfllo9kb"},"id":"ncos6uw83t1b1rs","previousOperationId":"6n76gz7g3xzwljb"}
{"type":"log","timestamp":1765114049632,"level":"debug","message":"Inline data specified.","meta":{"rootId":"ry3kvimcfllo9kb","id":"ry3kvimcfllo9kb"},"id":"8ygyy3qeopgy51o","previousOperationId":"6n76gz7g3xzwljb"}
{"type":"log","timestamp":1765114049642,"level":"debug","message":"Base url not specified, skipping its injection.","meta":{"rootId":"ry3kvimcfllo9kb","id":"ry3kvimcfllo9kb"},"id":"tg5ay060m5k0x3t","previousOperationId":"6n76gz7g3xzwljb"}
{"type":"operationStart","subtype":"engine","name":"handlebars","timestamp":1765114049645,"id":"6dwwa7onfq1xyt8","previousEventId":"8giu5eml61vrqep","operationId":"9da50r8yj8lzvcc","previousOperationId":"6n76gz7g3xzwljb"}
{"type":"log","timestamp":1765114049646,"level":"debug","message":"Rendering engine handlebars","meta":{"rootId":"ry3kvimcfllo9kb","id":"ry3kvimcfllo9kb"},"id":"570fwdrggdvfdqv","previousOperationId":"9da50r8yj8lzvcc"}
{"type":"operationEnd","operationId":"9da50r8yj8lzvcc","timestamp":1765114050815,"id":"58q5yyokhj0lpl6","previousEventId":"6dwwa7onfq1xyt8","previousOperationId":"9da50r8yj8lzvcc"}
{"type":"operationStart","subtype":"recipe","name":"pptx","timestamp":1765114050816,"id":"auqf8b73unv8nnl","previousEventId":"58q5yyokhj0lpl6","operationId":"0wqfzlzx7i58k5z","previousOperationId":"9da50r8yj8lzvcc"}
{"type":"log","timestamp":1765114050817,"level":"debug","message":"Executing recipe pptx","meta":{"rootId":"ry3kvimcfllo9kb","id":"ry3kvimcfllo9kb"},"id":"y501uy5o9moejks","previousOperationId":"0wqfzlzx7i58k5z"}
{"type":"log","timestamp":1765114051078,"level":"info","message":"pptx generation is starting","meta":{"rootId":"ry3kvimcfllo9kb","id":"ry3kvimcfllo9kb"},"id":"6rgzg753wxg6ja8","previousOperationId":"0wqfzlzx7i58k5z"}
{"type":"log","timestamp":1765114052683,"level":"debug","message":"Starting child request to render pptx dynamic parts","meta":{"rootId":"ry3kvimcfllo9kb","id":"ry3kvimcfllo9kb"},"id":"ulgsfu0kxntlclm","previousOperationId":"0wqfzlzx7i58k5z"}
{"type":"operationStart","subtype":"render","name":"anonymous","previousOperationId":"0wqfzlzx7i58k5z","timestamp":1765114052685,"id":"lf5q7jn90irzfqv","previousEventId":"auqf8b73unv8nnl","operationId":"rdy35megor656wk"}
{"type":"log","timestamp":1765114052685,"level":"info","message":"Starting rendering (child) request","meta":{"rootId":"ry3kvimcfllo9kb","id":"u5zqysk4u888p8j"},"id":"4uexz9xg9gfhiqv","previousOperationId":"rdy35megor656wk"}
{"type":"log","timestamp":1765114052686,"level":"info","message":"Rendering anonymous template { recipe: html, engine: handlebars }","meta":{"rootId":"ry3kvimcfllo9kb","id":"u5zqysk4u888p8j"},"id":"j0m8dnwcrnyro6h","previousOperationId":"rdy35megor656wk"}
{"type":"log","timestamp":1765114052686,"level":"debug","message":"Inline data specified.","meta":{"rootId":"ry3kvimcfllo9kb","id":"u5zqysk4u888p8j"},"id":"apik57fbq3mad7s","previousOperationId":"rdy35megor656wk"}
{"type":"log","timestamp":1765114052703,"level":"debug","message":"Base url not specified, skipping its injection.","meta":{"rootId":"ry3kvimcfllo9kb","id":"u5zqysk4u888p8j"},"id":"o7g0x9h9v1m9ais","previousOperationId":"rdy35megor656wk"}
{"type":"operationStart","subtype":"engine","name":"handlebars","timestamp":1765114052705,"id":"pnv4qwg9q0isjn9","previousEventId":"lf5q7jn90irzfqv","operationId":"1zw9vyk844cojhs","previousOperationId":"rdy35megor656wk"}
{"type":"log","timestamp":1765114052705,"level":"debug","message":"Rendering engine handlebars","meta":{"rootId":"ry3kvimcfllo9kb","id":"u5zqysk4u888p8j"},"id":"3fn0wcg2sori5l5","previousOperationId":"1zw9vyk844cojhs"}
{"type":"operationEnd","operationId":"1zw9vyk844cojhs","timestamp":1765114052834,"id":"bhbiaa00xzl3lsi","previousEventId":"pnv4qwg9q0isjn9","previousOperationId":"1zw9vyk844cojhs"}
{"type":"operationStart","subtype":"recipe","name":"html","timestamp":1765114052847,"id":"fqe7gcz1ttsx4jt","previousEventId":"bhbiaa00xzl3lsi","operationId":"hpsmeq52w7xrgnj","previousOperationId":"1zw9vyk844cojhs"}
{"type":"log","timestamp":1765114052847,"level":"debug","message":"Executing recipe html","meta":{"rootId":"ry3kvimcfllo9kb","id":"u5zqysk4u888p8j"},"id":"l3mbqbo0cczxnzf","previousOperationId":"hpsmeq52w7xrgnj"}
{"type":"operationEnd","operationId":"hpsmeq52w7xrgnj","timestamp":1765114052847,"id":"1l8f32bvpik9sdm","previousEventId":"fqe7gcz1ttsx4jt","previousOperationId":"hpsmeq52w7xrgnj"}
{"type":"log","timestamp":1765114052849,"level":"debug","message":"Skipping storing report.","meta":{"rootId":"ry3kvimcfllo9kb","id":"u5zqysk4u888p8j"},"id":"6i9a72ug2v81unp","previousOperationId":"hpsmeq52w7xrgnj"}
{"type":"log","timestamp":1765114052849,"level":"info","message":"Rendering (child) request finished in 3300 ms","meta":{"rootId":"ry3kvimcfllo9kb","id":"u5zqysk4u888p8j"},"id":"izya9q39dharn1u","previousOperationId":"hpsmeq52w7xrgnj"}
{"type":"operationEnd","subtype":"render","operationId":"rdy35megor656wk","timestamp":1765114052849,"id":"u3nx59mw9epj46r","previousEventId":"1l8f32bvpik9sdm","previousOperationId":"hpsmeq52w7xrgnj"}
{"type":"log","timestamp":1765114062537,"level":"debug","message":"pptx successfully zipped","meta":{"rootId":"ry3kvimcfllo9kb","id":"ry3kvimcfllo9kb"},"id":"g5gu040g0r35mx3","previousOperationId":"0wqfzlzx7i58k5z"}
{"type":"log","timestamp":1765114062537,"level":"info","message":"pptx generation was finished","meta":{"rootId":"ry3kvimcfllo9kb","id":"ry3kvimcfllo9kb"},"id":"hc9yhjd846bm4jk","previousOperationId":"0wqfzlzx7i58k5z"}
{"type":"operationEnd","operationId":"0wqfzlzx7i58k5z","timestamp":1765114062553,"id":"a246u1hl6qfbvdo","previousEventId":"auqf8b73unv8nnl","previousOperationId":"0wqfzlzx7i58k5z"}
{"type":"log","timestamp":1765114062553,"level":"debug","message":"Skipping storing report.","meta":{"rootId":"ry3kvimcfllo9kb","id":"ry3kvimcfllo9kb"},"id":"vkd0zmx8d9k5rly","previousOperationId":"0wqfzlzx7i58k5z"}
{"type":"log","timestamp":1765114062553,"level":"info","message":"Rendering request 2 finished in 13004 ms","meta":{"rootId":"ry3kvimcfllo9kb","id":"ry3kvimcfllo9kb"},"id":"f2ru63x8jm4hnb5","previousOperationId":"0wqfzlzx7i58k5z"}
{"type":"operationEnd","subtype":"render","operationId":"6n76gz7g3xzwljb","timestamp":1765114062554,"id":"c8thvvvawq8q0kz","previousEventId":"a246u1hl6qfbvdo","previousOperationId":"0wqfzlzx7i58k5z"}
{"type":"operationEnd","doDiffs":false,"previousEventId":"wwqs4ohcl3e6iu2","previousOperationId":"x65bmmeqmygvc9z","operationId":"x65bmmeqmygvc9z","timestamp":1765114062560,"id":"b9ymux0mwiqtk05"}
