{"type":"operationStart","subtype":"profile","data":{"_id":"zDMqdPhj5CV1q5U0","timestamp":"2025-12-06T15:16:55.125Z","state":"running","mode":"standard","creationDate":"2025-12-06T15:16:55.129Z","modificationDate":"2025-12-06T15:16:55.129Z","shortid":"LsChIrg","$entitySet":"profiles","timeout":60000},"doDiffs":false,"timestamp":1765034215127,"id":"k9iuicd0j6axjqf","previousOperationId":null,"operationId":"dsmqwgmqhdl8yzh"}
{"type":"log","level":"info","message":"Render request 16 queued for execution and waiting for available worker","previousOperationId":"dsmqwgmqhdl8yzh","timestamp":1765034215127,"id":"du54xpz1zrmlvdr"}
{"type":"operationStart","subtype":"render","name":"anonymous","previousOperationId":"dsmqwgmqhdl8yzh","timestamp":1765034215145,"id":"8d47r5y47mdo0lq","previousEventId":"k9iuicd0j6axjqf","operationId":"q8flafnf7d44m4y"}
{"type":"log","timestamp":1765034215145,"level":"info","message":"Starting rendering request 16","meta":{"rootId":"sqg101xkcxnsxpf","id":"sqg101xkcxnsxpf"},"id":"yc9ok3dvst6gfa1","previousOperationId":"q8flafnf7d44m4y"}
{"type":"log","timestamp":1765034215145,"level":"info","message":"Rendering anonymous template { recipe: pptx, engine: handlebars }","meta":{"rootId":"sqg101xkcxnsxpf","id":"sqg101xkcxnsxpf"},"id":"qzghop26r889llk","previousOperationId":"q8flafnf7d44m4y"}
{"type":"log","timestamp":1765034215145,"level":"debug","message":"Inline data specified.","meta":{"rootId":"sqg101xkcxnsxpf","id":"sqg101xkcxnsxpf"},"id":"vd7dm9y4sxnekb6","previousOperationId":"q8flafnf7d44m4y"}
{"type":"log","timestamp":1765034215148,"level":"debug","message":"Base url not specified, skipping its injection.","meta":{"rootId":"sqg101xkcxnsxpf","id":"sqg101xkcxnsxpf"},"id":"nsmyic13ay5vi5i","previousOperationId":"q8flafnf7d44m4y"}
{"type":"operationStart","subtype":"engine","name":"handlebars","timestamp":1765034215148,"id":"7a3xat57xtz94s1","previousEventId":"8d47r5y47mdo0lq","operationId":"fvitwdh10maplpy","previousOperationId":"q8flafnf7d44m4y"}
{"type":"log","timestamp":1765034215148,"level":"debug","message":"Rendering engine handlebars","meta":{"rootId":"sqg101xkcxnsxpf","id":"sqg101xkcxnsxpf"},"id":"qxgnko47y6f5dbg","previousOperationId":"fvitwdh10maplpy"}
{"type":"operationEnd","operationId":"fvitwdh10maplpy","timestamp":1765034215168,"id":"4hhgbvb4ldoqfnn","previousEventId":"7a3xat57xtz94s1","previousOperationId":"fvitwdh10maplpy"}
{"type":"operationStart","subtype":"recipe","name":"pptx","timestamp":1765034215169,"id":"cumps89ymta4w3j","previousEventId":"4hhgbvb4ldoqfnn","operationId":"m8xlmsfkvuw72r6","previousOperationId":"fvitwdh10maplpy"}
{"type":"log","timestamp":1765034215169,"level":"debug","message":"Executing recipe pptx","meta":{"rootId":"sqg101xkcxnsxpf","id":"sqg101xkcxnsxpf"},"id":"a4298ov5ulo4px7","previousOperationId":"m8xlmsfkvuw72r6"}
{"type":"log","timestamp":1765034215170,"level":"info","message":"pptx generation is starting","meta":{"rootId":"sqg101xkcxnsxpf","id":"sqg101xkcxnsxpf"},"id":"t45mm2gk6zwbu07","previousOperationId":"m8xlmsfkvuw72r6"}
{"type":"log","timestamp":1765034215261,"level":"debug","message":"Starting child request to render pptx dynamic parts","meta":{"rootId":"sqg101xkcxnsxpf","id":"sqg101xkcxnsxpf"},"id":"j1ew1q9pa3zsj6q","previousOperationId":"m8xlmsfkvuw72r6"}
{"type":"operationStart","subtype":"render","name":"anonymous","previousOperationId":"m8xlmsfkvuw72r6","timestamp":1765034215262,"id":"5sutv20iksd7d5m","previousEventId":"cumps89ymta4w3j","operationId":"xbdte5tie8tlrr5"}
{"type":"log","timestamp":1765034215262,"level":"info","message":"Starting rendering (child) request","meta":{"rootId":"sqg101xkcxnsxpf","id":"cyyp1usrx5ofeyp"},"id":"2b6toy6r5bdjb3f","previousOperationId":"xbdte5tie8tlrr5"}
{"type":"log","timestamp":1765034215262,"level":"info","message":"Rendering anonymous template { recipe: html, engine: handlebars }","meta":{"rootId":"sqg101xkcxnsxpf","id":"cyyp1usrx5ofeyp"},"id":"cdnyycc0auq4lwh","previousOperationId":"xbdte5tie8tlrr5"}
{"type":"log","timestamp":1765034215262,"level":"debug","message":"Inline data specified.","meta":{"rootId":"sqg101xkcxnsxpf","id":"cyyp1usrx5ofeyp"},"id":"rj30elicud0b34l","previousOperationId":"xbdte5tie8tlrr5"}
{"type":"log","timestamp":1765034215263,"level":"debug","message":"Base url not specified, skipping its injection.","meta":{"rootId":"sqg101xkcxnsxpf","id":"cyyp1usrx5ofeyp"},"id":"5kjnku7nv9nwz41","previousOperationId":"xbdte5tie8tlrr5"}
{"type":"operationStart","subtype":"engine","name":"handlebars","timestamp":1765034215263,"id":"tzsqkc33u0l3dgm","previousEventId":"5sutv20iksd7d5m","operationId":"alxhl673pdqu67l","previousOperationId":"xbdte5tie8tlrr5"}
{"type":"log","timestamp":1765034215263,"level":"debug","message":"Rendering engine handlebars","meta":{"rootId":"sqg101xkcxnsxpf","id":"cyyp1usrx5ofeyp"},"id":"12hhvy6ajoax1pl","previousOperationId":"alxhl673pdqu67l"}
{"type":"operationEnd","operationId":"alxhl673pdqu67l","timestamp":1765034215282,"id":"dwov2i5utlk4o6w","previousEventId":"tzsqkc33u0l3dgm","previousOperationId":"alxhl673pdqu67l"}
{"type":"operationStart","subtype":"recipe","name":"html","timestamp":1765034215284,"id":"xtdk1ljhmmqvw8o","previousEventId":"dwov2i5utlk4o6w","operationId":"7i6n87mcokb3gz2","previousOperationId":"alxhl673pdqu67l"}
{"type":"log","timestamp":1765034215284,"level":"debug","message":"Executing recipe html","meta":{"rootId":"sqg101xkcxnsxpf","id":"cyyp1usrx5ofeyp"},"id":"lw7frea00h0wdp1","previousOperationId":"7i6n87mcokb3gz2"}
{"type":"operationEnd","operationId":"7i6n87mcokb3gz2","timestamp":1765034215284,"id":"j3v6skwi5ma1ajs","previousEventId":"xtdk1ljhmmqvw8o","previousOperationId":"7i6n87mcokb3gz2"}
{"type":"log","timestamp":1765034215284,"level":"debug","message":"Skipping storing report.","meta":{"rootId":"sqg101xkcxnsxpf","id":"cyyp1usrx5ofeyp"},"id":"ibhpcdma20c8mt7","previousOperationId":"7i6n87mcokb3gz2"}
{"type":"log","timestamp":1765034215284,"level":"info","message":"Rendering (child) request finished in 160 ms","meta":{"rootId":"sqg101xkcxnsxpf","id":"cyyp1usrx5ofeyp"},"id":"giknr3wfcmjmu87","previousOperationId":"7i6n87mcokb3gz2"}
{"type":"operationEnd","subtype":"render","operationId":"xbdte5tie8tlrr5","timestamp":1765034215284,"id":"ra8t4p3mk39yshp","previousEventId":"j3v6skwi5ma1ajs","previousOperationId":"7i6n87mcokb3gz2"}
{"type":"log","timestamp":1765034219232,"level":"debug","message":"pptx successfully zipped","meta":{"rootId":"sqg101xkcxnsxpf","id":"sqg101xkcxnsxpf"},"id":"xh5h9ykjrfa55yv","previousOperationId":"m8xlmsfkvuw72r6"}
{"type":"log","timestamp":1765034219232,"level":"info","message":"pptx generation was finished","meta":{"rootId":"sqg101xkcxnsxpf","id":"sqg101xkcxnsxpf"},"id":"utfyqadeezzdcqe","previousOperationId":"m8xlmsfkvuw72r6"}
{"type":"operationEnd","operationId":"m8xlmsfkvuw72r6","timestamp":1765034219234,"id":"e0c3o0uac61yexx","previousEventId":"cumps89ymta4w3j","previousOperationId":"m8xlmsfkvuw72r6"}
{"type":"log","timestamp":1765034219234,"level":"debug","message":"Skipping storing report.","meta":{"rootId":"sqg101xkcxnsxpf","id":"sqg101xkcxnsxpf"},"id":"agacxl885mbr3fi","previousOperationId":"m8xlmsfkvuw72r6"}
{"type":"log","timestamp":1765034219234,"level":"info","message":"Rendering request 16 finished in 4110 ms","meta":{"rootId":"sqg101xkcxnsxpf","id":"sqg101xkcxnsxpf"},"id":"obl359lvwsu52lr","previousOperationId":"m8xlmsfkvuw72r6"}
{"type":"operationEnd","subtype":"render","operationId":"q8flafnf7d44m4y","timestamp":1765034219234,"id":"t5jllzsr1i15o0y","previousEventId":"e0c3o0uac61yexx","previousOperationId":"m8xlmsfkvuw72r6"}
{"type":"operationEnd","doDiffs":false,"previousEventId":"k9iuicd0j6axjqf","previousOperationId":"dsmqwgmqhdl8yzh","operationId":"dsmqwgmqhdl8yzh","timestamp":1765034219237,"id":"rfdop598aseuvit"}
