{"type":"operationStart","subtype":"profile","data":{"_id":"BBfyfJ7Oh3XMLskV","timestamp":"2025-12-05T17:52:31.501Z","state":"running","mode":"standard","creationDate":"2025-12-05T17:52:31.504Z","modificationDate":"2025-12-05T17:52:31.504Z","shortid":"rQGPryj","$entitySet":"profiles","timeout":60000},"doDiffs":false,"timestamp":1764957151503,"id":"00aei0ks2x49se4","previousOperationId":null,"operationId":"5tbs4chucy76gc7"}
{"type":"log","level":"info","message":"Render request 3 queued for execution and waiting for available worker","previousOperationId":"5tbs4chucy76gc7","timestamp":1764957151503,"id":"us7yx4zwdpa8ps6"}
{"type":"operationStart","subtype":"render","name":"anonymous","previousOperationId":"5tbs4chucy76gc7","timestamp":1764957151519,"id":"pcgvz6lw9l9ndrz","previousEventId":"00aei0ks2x49se4","operationId":"zny9g17qnp4sykg"}
{"type":"log","timestamp":1764957151520,"level":"info","message":"Starting rendering request 3","meta":{"rootId":"srddy7ba6zgkecx","id":"srddy7ba6zgkecx"},"id":"yli5asja5yka1jk","previousOperationId":"zny9g17qnp4sykg"}
{"type":"log","timestamp":1764957151520,"level":"info","message":"Rendering anonymous template { recipe: pptx, engine: handlebars }","meta":{"rootId":"srddy7ba6zgkecx","id":"srddy7ba6zgkecx"},"id":"xvjivksfpheh2aa","previousOperationId":"zny9g17qnp4sykg"}
{"type":"log","timestamp":1764957151521,"level":"debug","message":"Inline data specified.","meta":{"rootId":"srddy7ba6zgkecx","id":"srddy7ba6zgkecx"},"id":"vuv2tcw20mjqhvc","previousOperationId":"zny9g17qnp4sykg"}
{"type":"log","timestamp":1764957151522,"level":"debug","message":"Base url not specified, skipping its injection.","meta":{"rootId":"srddy7ba6zgkecx","id":"srddy7ba6zgkecx"},"id":"lcqqw9exelje1sh","previousOperationId":"zny9g17qnp4sykg"}
{"type":"operationStart","subtype":"engine","name":"handlebars","timestamp":1764957151523,"id":"ovqlgskyvcombl4","previousEventId":"pcgvz6lw9l9ndrz","operationId":"0zum9qwlxz0339j","previousOperationId":"zny9g17qnp4sykg"}
{"type":"log","timestamp":1764957151523,"level":"debug","message":"Rendering engine handlebars","meta":{"rootId":"srddy7ba6zgkecx","id":"srddy7ba6zgkecx"},"id":"huzk5mba77ipspb","previousOperationId":"0zum9qwlxz0339j"}
{"type":"operationEnd","operationId":"0zum9qwlxz0339j","timestamp":1764957151533,"id":"0o6aqmepbynuxvi","previousEventId":"ovqlgskyvcombl4","previousOperationId":"0zum9qwlxz0339j"}
{"type":"operationStart","subtype":"recipe","name":"pptx","timestamp":1764957151534,"id":"gtptxacxfm7vglz","previousEventId":"0o6aqmepbynuxvi","operationId":"mn3g5hhkw3riuqh","previousOperationId":"0zum9qwlxz0339j"}
{"type":"log","timestamp":1764957151534,"level":"debug","message":"Executing recipe pptx","meta":{"rootId":"srddy7ba6zgkecx","id":"srddy7ba6zgkecx"},"id":"nfp9gqqpf789wva","previousOperationId":"mn3g5hhkw3riuqh"}
{"type":"log","timestamp":1764957151535,"level":"info","message":"pptx generation is starting","meta":{"rootId":"srddy7ba6zgkecx","id":"srddy7ba6zgkecx"},"id":"m5xrjpi34vs7jua","previousOperationId":"mn3g5hhkw3riuqh"}
{"type":"log","timestamp":1764957151643,"level":"debug","message":"Starting child request to render pptx dynamic parts","meta":{"rootId":"srddy7ba6zgkecx","id":"srddy7ba6zgkecx"},"id":"lf5yiltu3dh7i9p","previousOperationId":"mn3g5hhkw3riuqh"}
{"type":"operationStart","subtype":"render","name":"anonymous","previousOperationId":"mn3g5hhkw3riuqh","timestamp":1764957151643,"id":"2jdtnx3b61lxmbn","previousEventId":"gtptxacxfm7vglz","operationId":"nq21hijwl8g8lra"}
{"type":"log","timestamp":1764957151643,"level":"info","message":"Starting rendering (child) request","meta":{"rootId":"srddy7ba6zgkecx","id":"i9ep80sp2cvodof"},"id":"e3almg66t7m47vv","previousOperationId":"nq21hijwl8g8lra"}
{"type":"log","timestamp":1764957151643,"level":"info","message":"Rendering anonymous template { recipe: html, engine: handlebars }","meta":{"rootId":"srddy7ba6zgkecx","id":"i9ep80sp2cvodof"},"id":"wxgh8fp5cu8stla","previousOperationId":"nq21hijwl8g8lra"}
{"type":"log","timestamp":1764957151643,"level":"debug","message":"Inline data specified.","meta":{"rootId":"srddy7ba6zgkecx","id":"i9ep80sp2cvodof"},"id":"edbeinwb45fpr2q","previousOperationId":"nq21hijwl8g8lra"}
{"type":"log","timestamp":1764957151644,"level":"debug","message":"Base url not specified, skipping its injection.","meta":{"rootId":"srddy7ba6zgkecx","id":"i9ep80sp2cvodof"},"id":"iak2vh6iog6mzyq","previousOperationId":"nq21hijwl8g8lra"}
{"type":"operationStart","subtype":"engine","name":"handlebars","timestamp":1764957151645,"id":"pmpxu1isnlge0h3","previousEventId":"2jdtnx3b61lxmbn","operationId":"04a0mq6w7g60mx1","previousOperationId":"nq21hijwl8g8lra"}
{"type":"log","timestamp":1764957151645,"level":"debug","message":"Rendering engine handlebars","meta":{"rootId":"srddy7ba6zgkecx","id":"i9ep80sp2cvodof"},"id":"rhttyvs81nz0du1","previousOperationId":"04a0mq6w7g60mx1"}
{"type":"operationEnd","operationId":"04a0mq6w7g60mx1","timestamp":1764957151675,"id":"q6r8o6sif0zswv5","previousEventId":"pmpxu1isnlge0h3","previousOperationId":"04a0mq6w7g60mx1"}
{"type":"operationStart","subtype":"recipe","name":"html","timestamp":1764957151676,"id":"f0yeacradopzaep","previousEventId":"q6r8o6sif0zswv5","operationId":"mig0jqq5o45z7fj","previousOperationId":"04a0mq6w7g60mx1"}
{"type":"log","timestamp":1764957151676,"level":"debug","message":"Executing recipe html","meta":{"rootId":"srddy7ba6zgkecx","id":"i9ep80sp2cvodof"},"id":"2u76hnwsgcpashc","previousOperationId":"mig0jqq5o45z7fj"}
{"type":"operationEnd","operationId":"mig0jqq5o45z7fj","timestamp":1764957151676,"id":"jac58g0di2mysfj","previousEventId":"f0yeacradopzaep","previousOperationId":"mig0jqq5o45z7fj"}
{"type":"log","timestamp":1764957151676,"level":"debug","message":"Skipping storing report.","meta":{"rootId":"srddy7ba6zgkecx","id":"i9ep80sp2cvodof"},"id":"0pv9czp1o26fjmx","previousOperationId":"mig0jqq5o45z7fj"}
{"type":"log","timestamp":1764957151676,"level":"info","message":"Rendering (child) request finished in 176 ms","meta":{"rootId":"srddy7ba6zgkecx","id":"i9ep80sp2cvodof"},"id":"paj3c1kfgp0rq0h","previousOperationId":"mig0jqq5o45z7fj"}
{"type":"operationEnd","subtype":"render","operationId":"nq21hijwl8g8lra","timestamp":1764957151676,"id":"18dj2l4s8djlfhj","previousEventId":"jac58g0di2mysfj","previousOperationId":"mig0jqq5o45z7fj"}
{"type":"log","timestamp":1764957151792,"level":"debug","message":"pptx successfully zipped","meta":{"rootId":"srddy7ba6zgkecx","id":"srddy7ba6zgkecx"},"id":"c9d0pe1kda6qi98","previousOperationId":"mn3g5hhkw3riuqh"}
{"type":"log","timestamp":1764957151792,"level":"info","message":"pptx generation was finished","meta":{"rootId":"srddy7ba6zgkecx","id":"srddy7ba6zgkecx"},"id":"xqykk6ehsm9y41c","previousOperationId":"mn3g5hhkw3riuqh"}
{"type":"operationEnd","operationId":"mn3g5hhkw3riuqh","timestamp":1764957151794,"id":"o64xgfa4u67dfy2","previousEventId":"gtptxacxfm7vglz","previousOperationId":"mn3g5hhkw3riuqh"}
{"type":"log","timestamp":1764957151794,"level":"debug","message":"Skipping storing report.","meta":{"rootId":"srddy7ba6zgkecx","id":"srddy7ba6zgkecx"},"id":"hhjetq8ncn7dk1v","previousOperationId":"mn3g5hhkw3riuqh"}
{"type":"log","timestamp":1764957151795,"level":"info","message":"Rendering request 3 finished in 295 ms","meta":{"rootId":"srddy7ba6zgkecx","id":"srddy7ba6zgkecx"},"id":"zhuu30egmeoblul","previousOperationId":"mn3g5hhkw3riuqh"}
{"type":"operationEnd","subtype":"render","operationId":"zny9g17qnp4sykg","timestamp":1764957151795,"id":"ayjizvkp2x7tzuf","previousEventId":"o64xgfa4u67dfy2","previousOperationId":"mn3g5hhkw3riuqh"}
{"type":"operationEnd","doDiffs":false,"previousEventId":"00aei0ks2x49se4","previousOperationId":"5tbs4chucy76gc7","operationId":"5tbs4chucy76gc7","timestamp":1764957151798,"id":"o23i263vggwhrty"}
