{"type":"operationStart","subtype":"profile","data":{"_id":"HnkaDWah08cplwda","timestamp":"2025-12-05T17:56:15.852Z","state":"running","mode":"standard","creationDate":"2025-12-05T17:56:15.856Z","modificationDate":"2025-12-05T17:56:15.856Z","shortid":"yEHnxiM","$entitySet":"profiles","timeout":60000},"doDiffs":false,"timestamp":1764957375855,"id":"s0sxyahmiu3dcvu","previousOperationId":null,"operationId":"u3doy3h3ntb0k0g"}
{"type":"log","level":"info","message":"Render request 4 queued for execution and waiting for available worker","previousOperationId":"u3doy3h3ntb0k0g","timestamp":1764957375855,"id":"cg76hihmzyjry77"}
{"type":"operationStart","subtype":"render","name":"anonymous","previousOperationId":"u3doy3h3ntb0k0g","timestamp":1764957375870,"id":"f0jpf9ai4w1qmmg","previousEventId":"s0sxyahmiu3dcvu","operationId":"2ggxhpzhxuy1zuv"}
{"type":"log","timestamp":1764957375871,"level":"info","message":"Starting rendering request 4","meta":{"rootId":"stbjghq6l679aep","id":"stbjghq6l679aep"},"id":"4w0q3illsz4dzm5","previousOperationId":"2ggxhpzhxuy1zuv"}
{"type":"log","timestamp":1764957375872,"level":"info","message":"Rendering anonymous template { recipe: pptx, engine: handlebars }","meta":{"rootId":"stbjghq6l679aep","id":"stbjghq6l679aep"},"id":"kd7vm6zy6uqufcd","previousOperationId":"2ggxhpzhxuy1zuv"}
{"type":"log","timestamp":1764957375872,"level":"debug","message":"Inline data specified.","meta":{"rootId":"stbjghq6l679aep","id":"stbjghq6l679aep"},"id":"9omgj9wodgts77z","previousOperationId":"2ggxhpzhxuy1zuv"}
{"type":"log","timestamp":1764957375873,"level":"debug","message":"Base url not specified, skipping its injection.","meta":{"rootId":"stbjghq6l679aep","id":"stbjghq6l679aep"},"id":"9upgh786zxbyku6","previousOperationId":"2ggxhpzhxuy1zuv"}
{"type":"operationStart","subtype":"engine","name":"handlebars","timestamp":1764957375874,"id":"dmk7y4xyb1gl1ar","previousEventId":"f0jpf9ai4w1qmmg","operationId":"xsk5vxf3uqm0kg7","previousOperationId":"2ggxhpzhxuy1zuv"}
{"type":"log","timestamp":1764957375874,"level":"debug","message":"Rendering engine handlebars","meta":{"rootId":"stbjghq6l679aep","id":"stbjghq6l679aep"},"id":"zhiqjfth98z968s","previousOperationId":"xsk5vxf3uqm0kg7"}
{"type":"operationEnd","operationId":"xsk5vxf3uqm0kg7","timestamp":1764957375887,"id":"jzozurgj2ypwyk7","previousEventId":"dmk7y4xyb1gl1ar","previousOperationId":"xsk5vxf3uqm0kg7"}
{"type":"operationStart","subtype":"recipe","name":"pptx","timestamp":1764957375888,"id":"bl95t31tl1qslxc","previousEventId":"jzozurgj2ypwyk7","operationId":"q1zal9rpguhonha","previousOperationId":"xsk5vxf3uqm0kg7"}
{"type":"log","timestamp":1764957375888,"level":"debug","message":"Executing recipe pptx","meta":{"rootId":"stbjghq6l679aep","id":"stbjghq6l679aep"},"id":"uaq2a499yrjpgw9","previousOperationId":"q1zal9rpguhonha"}
{"type":"log","timestamp":1764957375888,"level":"info","message":"pptx generation is starting","meta":{"rootId":"stbjghq6l679aep","id":"stbjghq6l679aep"},"id":"oi68mphb5wbkywi","previousOperationId":"q1zal9rpguhonha"}
{"type":"log","timestamp":1764957376005,"level":"debug","message":"Starting child request to render pptx dynamic parts","meta":{"rootId":"stbjghq6l679aep","id":"stbjghq6l679aep"},"id":"tsb1an1g9vdxefh","previousOperationId":"q1zal9rpguhonha"}
{"type":"operationStart","subtype":"render","name":"anonymous","previousOperationId":"q1zal9rpguhonha","timestamp":1764957376006,"id":"c6pktctu1u40odx","previousEventId":"bl95t31tl1qslxc","operationId":"t96a2p56ftt12ac"}
{"type":"log","timestamp":1764957376006,"level":"info","message":"Starting rendering (child) request","meta":{"rootId":"stbjghq6l679aep","id":"hpsm5rxp6odiuzg"},"id":"agj89z36ug3d7tp","previousOperationId":"t96a2p56ftt12ac"}
{"type":"log","timestamp":1764957376006,"level":"info","message":"Rendering anonymous template { recipe: html, engine: handlebars }","meta":{"rootId":"stbjghq6l679aep","id":"hpsm5rxp6odiuzg"},"id":"fp5sorj4ptrffuv","previousOperationId":"t96a2p56ftt12ac"}
{"type":"log","timestamp":1764957376006,"level":"debug","message":"Inline data specified.","meta":{"rootId":"stbjghq6l679aep","id":"hpsm5rxp6odiuzg"},"id":"sdzacdpuzf8jz1b","previousOperationId":"t96a2p56ftt12ac"}
{"type":"log","timestamp":1764957376011,"level":"debug","message":"Base url not specified, skipping its injection.","meta":{"rootId":"stbjghq6l679aep","id":"hpsm5rxp6odiuzg"},"id":"bhjhfkajxskp443","previousOperationId":"t96a2p56ftt12ac"}
{"type":"operationStart","subtype":"engine","name":"handlebars","timestamp":1764957376012,"id":"un9ahkrnbipj8zo","previousEventId":"c6pktctu1u40odx","operationId":"626s6msdbcjv7lt","previousOperationId":"t96a2p56ftt12ac"}
{"type":"log","timestamp":1764957376012,"level":"debug","message":"Rendering engine handlebars","meta":{"rootId":"stbjghq6l679aep","id":"hpsm5rxp6odiuzg"},"id":"fe7uca3tgsqmun2","previousOperationId":"626s6msdbcjv7lt"}
{"type":"operationEnd","operationId":"626s6msdbcjv7lt","timestamp":1764957376033,"id":"e2xog1vdn67tufs","previousEventId":"un9ahkrnbipj8zo","previousOperationId":"626s6msdbcjv7lt"}
{"type":"operationStart","subtype":"recipe","name":"html","timestamp":1764957376034,"id":"qj70pbnrybvevfb","previousEventId":"e2xog1vdn67tufs","operationId":"r27gcyu419a9xsf","previousOperationId":"626s6msdbcjv7lt"}
{"type":"log","timestamp":1764957376034,"level":"debug","message":"Executing recipe html","meta":{"rootId":"stbjghq6l679aep","id":"hpsm5rxp6odiuzg"},"id":"16qitjvbeltaayj","previousOperationId":"r27gcyu419a9xsf"}
{"type":"operationEnd","operationId":"r27gcyu419a9xsf","timestamp":1764957376034,"id":"dgv7tzw5k1v3we2","previousEventId":"qj70pbnrybvevfb","previousOperationId":"r27gcyu419a9xsf"}
{"type":"log","timestamp":1764957376034,"level":"debug","message":"Skipping storing report.","meta":{"rootId":"stbjghq6l679aep","id":"hpsm5rxp6odiuzg"},"id":"u82ez2cjmz0nuqn","previousOperationId":"r27gcyu419a9xsf"}
{"type":"log","timestamp":1764957376034,"level":"info","message":"Rendering (child) request finished in 183 ms","meta":{"rootId":"stbjghq6l679aep","id":"hpsm5rxp6odiuzg"},"id":"qzsxtv962n5qhiw","previousOperationId":"r27gcyu419a9xsf"}
{"type":"operationEnd","subtype":"render","operationId":"t96a2p56ftt12ac","timestamp":1764957376034,"id":"6es63igna6d1sbp","previousEventId":"dgv7tzw5k1v3we2","previousOperationId":"r27gcyu419a9xsf"}
{"type":"log","timestamp":1764957376133,"level":"debug","message":"pptx successfully zipped","meta":{"rootId":"stbjghq6l679aep","id":"stbjghq6l679aep"},"id":"rh9yincwhib22wc","previousOperationId":"q1zal9rpguhonha"}
{"type":"log","timestamp":1764957376133,"level":"info","message":"pptx generation was finished","meta":{"rootId":"stbjghq6l679aep","id":"stbjghq6l679aep"},"id":"bhfdilwdgrd2875","previousOperationId":"q1zal9rpguhonha"}
{"type":"operationEnd","operationId":"q1zal9rpguhonha","timestamp":1764957376136,"id":"3ux2zipk3ckfx9h","previousEventId":"bl95t31tl1qslxc","previousOperationId":"q1zal9rpguhonha"}
{"type":"log","timestamp":1764957376136,"level":"debug","message":"Skipping storing report.","meta":{"rootId":"stbjghq6l679aep","id":"stbjghq6l679aep"},"id":"s0y5d3lqtw0fdoy","previousOperationId":"q1zal9rpguhonha"}
{"type":"log","timestamp":1764957376136,"level":"info","message":"Rendering request 4 finished in 285 ms","meta":{"rootId":"stbjghq6l679aep","id":"stbjghq6l679aep"},"id":"gl5ou0xc85twydg","previousOperationId":"q1zal9rpguhonha"}
{"type":"operationEnd","subtype":"render","operationId":"2ggxhpzhxuy1zuv","timestamp":1764957376136,"id":"b4outu4jjp3idpy","previousEventId":"3ux2zipk3ckfx9h","previousOperationId":"q1zal9rpguhonha"}
{"type":"operationEnd","doDiffs":false,"previousEventId":"s0sxyahmiu3dcvu","previousOperationId":"u3doy3h3ntb0k0g","operationId":"u3doy3h3ntb0k0g","timestamp":1764957376140,"id":"4pm0nr29j2u6y2u"}
