{"type":"operationStart","subtype":"profile","data":{"_id":"nG8S4hpUDHOhOlie","timestamp":"2025-12-07T11:43:34.653Z","state":"running","mode":"standard","creationDate":"2025-12-07T11:43:34.661Z","modificationDate":"2025-12-07T11:43:34.661Z","shortid":"39HHRxW","$entitySet":"profiles","timeout":60000},"doDiffs":false,"timestamp":1765107814659,"id":"irskkijpg8vpcn0","previousOperationId":null,"operationId":"fyhoqhlixs6iv0u"}
{"type":"log","level":"info","message":"Render request 8 queued for execution and waiting for available worker","previousOperationId":"fyhoqhlixs6iv0u","timestamp":1765107814659,"id":"52hbbi6vyhwj5we"}
{"type":"operationStart","subtype":"render","name":"anonymous","previousOperationId":"fyhoqhlixs6iv0u","timestamp":1765107814726,"id":"09cqnvdmccsjjgo","previousEventId":"irskkijpg8vpcn0","operationId":"t8zhzqwr8nvfaat"}
{"type":"log","timestamp":1765107814728,"level":"info","message":"Starting rendering request 8","meta":{"rootId":"suqcz5rx89twptz","id":"suqcz5rx89twptz"},"id":"e6c9396fxfpy8v2","previousOperationId":"t8zhzqwr8nvfaat"}
{"type":"log","timestamp":1765107814728,"level":"info","message":"Rendering anonymous template { recipe: pptx, engine: handlebars }","meta":{"rootId":"suqcz5rx89twptz","id":"suqcz5rx89twptz"},"id":"t8tsvjvvfbdpsmm","previousOperationId":"t8zhzqwr8nvfaat"}
{"type":"log","timestamp":1765107814728,"level":"debug","message":"Inline data specified.","meta":{"rootId":"suqcz5rx89twptz","id":"suqcz5rx89twptz"},"id":"w2k21yqvw16ib8o","previousOperationId":"t8zhzqwr8nvfaat"}
{"type":"log","timestamp":1765107814738,"level":"debug","message":"Base url not specified, skipping its injection.","meta":{"rootId":"suqcz5rx89twptz","id":"suqcz5rx89twptz"},"id":"czp5a9hrmolkys8","previousOperationId":"t8zhzqwr8nvfaat"}
{"type":"operationStart","subtype":"engine","name":"handlebars","timestamp":1765107814739,"id":"oaqnyhqely31bfh","previousEventId":"09cqnvdmccsjjgo","operationId":"8h2lt4oec6r0k5n","previousOperationId":"t8zhzqwr8nvfaat"}
{"type":"log","timestamp":1765107814739,"level":"debug","message":"Rendering engine handlebars","meta":{"rootId":"suqcz5rx89twptz","id":"suqcz5rx89twptz"},"id":"i9nnbimfx8m4kwn","previousOperationId":"8h2lt4oec6r0k5n"}
{"type":"operationEnd","operationId":"8h2lt4oec6r0k5n","timestamp":1765107814757,"id":"qncgmji4j7lbi29","previousEventId":"oaqnyhqely31bfh","previousOperationId":"8h2lt4oec6r0k5n"}
{"type":"operationStart","subtype":"recipe","name":"pptx","timestamp":1765107814757,"id":"5lpd5oaq0z3mrz9","previousEventId":"qncgmji4j7lbi29","operationId":"pas17yjfxni1oxo","previousOperationId":"8h2lt4oec6r0k5n"}
{"type":"log","timestamp":1765107814757,"level":"debug","message":"Executing recipe pptx","meta":{"rootId":"suqcz5rx89twptz","id":"suqcz5rx89twptz"},"id":"d9qxfwkkd20bkf0","previousOperationId":"pas17yjfxni1oxo"}
{"type":"log","timestamp":1765107814778,"level":"info","message":"pptx generation is starting","meta":{"rootId":"suqcz5rx89twptz","id":"suqcz5rx89twptz"},"id":"bqytgrh1ay7l444","previousOperationId":"pas17yjfxni1oxo"}
{"type":"log","timestamp":1765107816458,"level":"debug","message":"Starting child request to render pptx dynamic parts","meta":{"rootId":"suqcz5rx89twptz","id":"suqcz5rx89twptz"},"id":"vtcwob9w9hy1rhf","previousOperationId":"pas17yjfxni1oxo"}
{"type":"operationStart","subtype":"render","name":"anonymous","previousOperationId":"pas17yjfxni1oxo","timestamp":1765107816459,"id":"b34nxnqodd058e9","previousEventId":"5lpd5oaq0z3mrz9","operationId":"tlqxy2eul825k1u"}
{"type":"log","timestamp":1765107816459,"level":"info","message":"Starting rendering (child) request","meta":{"rootId":"suqcz5rx89twptz","id":"gp2x3pvqx41610b"},"id":"22b9vnebg7o83mx","previousOperationId":"tlqxy2eul825k1u"}
{"type":"log","timestamp":1765107816459,"level":"info","message":"Rendering anonymous template { recipe: html, engine: handlebars }","meta":{"rootId":"suqcz5rx89twptz","id":"gp2x3pvqx41610b"},"id":"mrz14svw3bnf2zv","previousOperationId":"tlqxy2eul825k1u"}
{"type":"log","timestamp":1765107816459,"level":"debug","message":"Inline data specified.","meta":{"rootId":"suqcz5rx89twptz","id":"gp2x3pvqx41610b"},"id":"1nbnwazz3aedzg9","previousOperationId":"tlqxy2eul825k1u"}
{"type":"log","timestamp":1765107816466,"level":"debug","message":"Base url not specified, skipping its injection.","meta":{"rootId":"suqcz5rx89twptz","id":"gp2x3pvqx41610b"},"id":"anxg076abgledt6","previousOperationId":"tlqxy2eul825k1u"}
{"type":"operationStart","subtype":"engine","name":"handlebars","timestamp":1765107816467,"id":"p7sgbf9lley37m6","previousEventId":"b34nxnqodd058e9","operationId":"khrniv19l8neudt","previousOperationId":"tlqxy2eul825k1u"}
{"type":"log","timestamp":1765107816467,"level":"debug","message":"Rendering engine handlebars","meta":{"rootId":"suqcz5rx89twptz","id":"gp2x3pvqx41610b"},"id":"mr5dqkdh9bqt8ty","previousOperationId":"khrniv19l8neudt"}
{"type":"operationEnd","operationId":"khrniv19l8neudt","timestamp":1765107816568,"id":"lbcdzof3u2wciqc","previousEventId":"p7sgbf9lley37m6","previousOperationId":"khrniv19l8neudt"}
{"type":"operationStart","subtype":"recipe","name":"html","timestamp":1765107816582,"id":"ogurq9g9we06ry0","previousEventId":"lbcdzof3u2wciqc","operationId":"7x7x6ftjcf9a6xx","previousOperationId":"khrniv19l8neudt"}
{"type":"log","timestamp":1765107816582,"level":"debug","message":"Executing recipe html","meta":{"rootId":"suqcz5rx89twptz","id":"gp2x3pvqx41610b"},"id":"rncfyq3qq9dukn5","previousOperationId":"7x7x6ftjcf9a6xx"}
{"type":"operationEnd","operationId":"7x7x6ftjcf9a6xx","timestamp":1765107816582,"id":"2lkrbxl0cbvvr76","previousEventId":"ogurq9g9we06ry0","previousOperationId":"7x7x6ftjcf9a6xx"}
{"type":"log","timestamp":1765107816583,"level":"debug","message":"Skipping storing report.","meta":{"rootId":"suqcz5rx89twptz","id":"gp2x3pvqx41610b"},"id":"aksw04r8osht4oh","previousOperationId":"7x7x6ftjcf9a6xx"}
{"type":"log","timestamp":1765107816583,"level":"info","message":"Rendering (child) request finished in 1932 ms","meta":{"rootId":"suqcz5rx89twptz","id":"gp2x3pvqx41610b"},"id":"gxc8da7g3xbbgno","previousOperationId":"7x7x6ftjcf9a6xx"}
{"type":"operationEnd","subtype":"render","operationId":"tlqxy2eul825k1u","timestamp":1765107816583,"id":"1z4el7jk6kmw8mm","previousEventId":"2lkrbxl0cbvvr76","previousOperationId":"7x7x6ftjcf9a6xx"}
{"type":"log","timestamp":1765107820451,"level":"debug","message":"pptx successfully zipped","meta":{"rootId":"suqcz5rx89twptz","id":"suqcz5rx89twptz"},"id":"7sjqxu9qltjmpss","previousOperationId":"pas17yjfxni1oxo"}
{"type":"log","timestamp":1765107820451,"level":"info","message":"pptx generation was finished","meta":{"rootId":"suqcz5rx89twptz","id":"suqcz5rx89twptz"},"id":"voyyokqz0m8cjc9","previousOperationId":"pas17yjfxni1oxo"}
{"type":"operationEnd","operationId":"pas17yjfxni1oxo","timestamp":1765107820474,"id":"9pc23g5wbsz0zaj","previousEventId":"5lpd5oaq0z3mrz9","previousOperationId":"pas17yjfxni1oxo"}
{"type":"log","timestamp":1765107820474,"level":"debug","message":"Skipping storing report.","meta":{"rootId":"suqcz5rx89twptz","id":"suqcz5rx89twptz"},"id":"awkjb3nl8ub648i","previousOperationId":"pas17yjfxni1oxo"}
{"type":"log","timestamp":1765107820475,"level":"info","message":"Rendering request 8 finished in 5824 ms","meta":{"rootId":"suqcz5rx89twptz","id":"suqcz5rx89twptz"},"id":"luufc1jp3to7e92","previousOperationId":"pas17yjfxni1oxo"}
{"type":"operationEnd","subtype":"render","operationId":"t8zhzqwr8nvfaat","timestamp":1765107820475,"id":"0g7gih2pzeragpo","previousEventId":"9pc23g5wbsz0zaj","previousOperationId":"pas17yjfxni1oxo"}
{"type":"operationEnd","doDiffs":false,"previousEventId":"irskkijpg8vpcn0","previousOperationId":"fyhoqhlixs6iv0u","operationId":"fyhoqhlixs6iv0u","timestamp":1765107820486,"id":"w7hwfekelu1y3f2"}
