{"type":"operationStart","subtype":"profile","data":{"_id":"gaSM79oOBos7R7vK","timestamp":"2025-12-05T09:45:42.126Z","state":"running","mode":"standard","creationDate":"2025-12-05T09:45:42.134Z","modificationDate":"2025-12-05T09:45:42.134Z","shortid":"hSppg5R","$entitySet":"profiles","timeout":60000},"doDiffs":false,"timestamp":1764927942129,"id":"r960rh0f5erdm5h","previousOperationId":null,"operationId":"7m1cuvpqvpjlbkq"}
{"type":"log","level":"info","message":"Render request 2 queued for execution and waiting for available worker","previousOperationId":"7m1cuvpqvpjlbkq","timestamp":1764927942129,"id":"fydj2cs6atz2ezf"}
{"type":"operationStart","subtype":"render","name":"anonymous","previousOperationId":"7m1cuvpqvpjlbkq","timestamp":1764927942155,"id":"0qi03554mndvg2k","previousEventId":"r960rh0f5erdm5h","operationId":"62w6124tva1k6qc"}
{"type":"log","timestamp":1764927942158,"level":"info","message":"Starting rendering request 2","meta":{"rootId":"t1a67hua22ex03u","id":"t1a67hua22ex03u"},"id":"yl6du9twfjy48n3","previousOperationId":"62w6124tva1k6qc"}
{"type":"log","timestamp":1764927942162,"level":"info","message":"Rendering anonymous template { recipe: pptx, engine: handlebars }","meta":{"rootId":"t1a67hua22ex03u","id":"t1a67hua22ex03u"},"id":"z4qoor1jbi6su97","previousOperationId":"62w6124tva1k6qc"}
{"type":"log","timestamp":1764927942163,"level":"debug","message":"Inline data specified.","meta":{"rootId":"t1a67hua22ex03u","id":"t1a67hua22ex03u"},"id":"gueddupomq9zxct","previousOperationId":"62w6124tva1k6qc"}
{"type":"log","timestamp":1764927942169,"level":"debug","message":"Base url not specified, skipping its injection.","meta":{"rootId":"t1a67hua22ex03u","id":"t1a67hua22ex03u"},"id":"45zslgtmlb12am6","previousOperationId":"62w6124tva1k6qc"}
{"type":"operationStart","subtype":"engine","name":"handlebars","timestamp":1764927942173,"id":"ytyc7rrj1hvq96t","previousEventId":"0qi03554mndvg2k","operationId":"b1esrglzf79x7cp","previousOperationId":"62w6124tva1k6qc"}
{"type":"log","timestamp":1764927942174,"level":"debug","message":"Rendering engine handlebars","meta":{"rootId":"t1a67hua22ex03u","id":"t1a67hua22ex03u"},"id":"85phni50unzxg9k","previousOperationId":"b1esrglzf79x7cp"}
{"type":"operationEnd","operationId":"b1esrglzf79x7cp","timestamp":1764927943621,"id":"1d3kspnm0fhmrt0","previousEventId":"ytyc7rrj1hvq96t","previousOperationId":"b1esrglzf79x7cp"}
{"type":"operationStart","subtype":"recipe","name":"pptx","timestamp":1764927943622,"id":"yg967e6pq9qbhk6","previousEventId":"1d3kspnm0fhmrt0","operationId":"4kn793lj62lyug0","previousOperationId":"b1esrglzf79x7cp"}
{"type":"log","timestamp":1764927943622,"level":"debug","message":"Executing recipe pptx","meta":{"rootId":"t1a67hua22ex03u","id":"t1a67hua22ex03u"},"id":"y2nr0ippajnklq7","previousOperationId":"4kn793lj62lyug0"}
{"type":"log","timestamp":1764927943839,"level":"info","message":"pptx generation is starting","meta":{"rootId":"t1a67hua22ex03u","id":"t1a67hua22ex03u"},"id":"r27b1gajyj9mh3v","previousOperationId":"4kn793lj62lyug0"}
{"type":"log","timestamp":1764927944115,"level":"debug","message":"Starting child request to render pptx dynamic parts","meta":{"rootId":"t1a67hua22ex03u","id":"t1a67hua22ex03u"},"id":"zbaxlalmnyxjspy","previousOperationId":"4kn793lj62lyug0"}
{"type":"operationStart","subtype":"render","name":"anonymous","previousOperationId":"4kn793lj62lyug0","timestamp":1764927944117,"id":"y1dtgtyl4fp6aqy","previousEventId":"yg967e6pq9qbhk6","operationId":"x2d1x0efnqmlpro"}
{"type":"log","timestamp":1764927944117,"level":"info","message":"Starting rendering (child) request","meta":{"rootId":"t1a67hua22ex03u","id":"nc7k5yxgxpqr28p"},"id":"5iavcjunspuoem2","previousOperationId":"x2d1x0efnqmlpro"}
{"type":"log","timestamp":1764927944117,"level":"info","message":"Rendering anonymous template { recipe: html, engine: handlebars }","meta":{"rootId":"t1a67hua22ex03u","id":"nc7k5yxgxpqr28p"},"id":"i0wv51x0b8eqop4","previousOperationId":"x2d1x0efnqmlpro"}
{"type":"log","timestamp":1764927944117,"level":"debug","message":"Inline data specified.","meta":{"rootId":"t1a67hua22ex03u","id":"nc7k5yxgxpqr28p"},"id":"5jrcfigj81q9eoa","previousOperationId":"x2d1x0efnqmlpro"}
{"type":"log","timestamp":1764927944124,"level":"debug","message":"Base url not specified, skipping its injection.","meta":{"rootId":"t1a67hua22ex03u","id":"nc7k5yxgxpqr28p"},"id":"4gqktphwh8pqmeu","previousOperationId":"x2d1x0efnqmlpro"}
{"type":"operationStart","subtype":"engine","name":"handlebars","timestamp":1764927944125,"id":"i3u0wehlkxva6qi","previousEventId":"y1dtgtyl4fp6aqy","operationId":"h9w3xb0cpsxgp4y","previousOperationId":"x2d1x0efnqmlpro"}
{"type":"log","timestamp":1764927944125,"level":"debug","message":"Rendering engine handlebars","meta":{"rootId":"t1a67hua22ex03u","id":"nc7k5yxgxpqr28p"},"id":"mfgsh5q7wt6nzh7","previousOperationId":"h9w3xb0cpsxgp4y"}
{"type":"operationEnd","operationId":"h9w3xb0cpsxgp4y","timestamp":1764927944180,"id":"f9a7ykr2xq1utax","previousEventId":"i3u0wehlkxva6qi","previousOperationId":"h9w3xb0cpsxgp4y"}
{"type":"operationStart","subtype":"recipe","name":"html","timestamp":1764927944183,"id":"zqiz2fh84fl71sk","previousEventId":"f9a7ykr2xq1utax","operationId":"kgugd778dslumdg","previousOperationId":"h9w3xb0cpsxgp4y"}
{"type":"log","timestamp":1764927944183,"level":"debug","message":"Executing recipe html","meta":{"rootId":"t1a67hua22ex03u","id":"nc7k5yxgxpqr28p"},"id":"mb7vh76kho7xi2m","previousOperationId":"kgugd778dslumdg"}
{"type":"operationEnd","operationId":"kgugd778dslumdg","timestamp":1764927944183,"id":"irdzsdeewy7c4du","previousEventId":"zqiz2fh84fl71sk","previousOperationId":"kgugd778dslumdg"}
{"type":"log","timestamp":1764927944185,"level":"debug","message":"Skipping storing report.","meta":{"rootId":"t1a67hua22ex03u","id":"nc7k5yxgxpqr28p"},"id":"y2akfg2wwwsm78z","previousOperationId":"kgugd778dslumdg"}
{"type":"log","timestamp":1764927944185,"level":"info","message":"Rendering (child) request finished in 2060 ms","meta":{"rootId":"t1a67hua22ex03u","id":"nc7k5yxgxpqr28p"},"id":"5gmt2i5ml9oqg68","previousOperationId":"kgugd778dslumdg"}
{"type":"operationEnd","subtype":"render","operationId":"x2d1x0efnqmlpro","timestamp":1764927944185,"id":"jhw51ohshrqu2jh","previousEventId":"irdzsdeewy7c4du","previousOperationId":"kgugd778dslumdg"}
{"type":"log","timestamp":1764927945016,"level":"debug","message":"pptx successfully zipped","meta":{"rootId":"t1a67hua22ex03u","id":"t1a67hua22ex03u"},"id":"isfrlbfic9jkuc7","previousOperationId":"4kn793lj62lyug0"}
{"type":"log","timestamp":1764927945017,"level":"info","message":"pptx generation was finished","meta":{"rootId":"t1a67hua22ex03u","id":"t1a67hua22ex03u"},"id":"x8e1w0hgvs87sxw","previousOperationId":"4kn793lj62lyug0"}
{"type":"operationEnd","operationId":"4kn793lj62lyug0","timestamp":1764927945023,"id":"j6qt07kotn0bge3","previousEventId":"yg967e6pq9qbhk6","previousOperationId":"4kn793lj62lyug0"}
{"type":"log","timestamp":1764927945023,"level":"debug","message":"Skipping storing report.","meta":{"rootId":"t1a67hua22ex03u","id":"t1a67hua22ex03u"},"id":"z7qj7lg4xi2jvpr","previousOperationId":"4kn793lj62lyug0"}
{"type":"log","timestamp":1764927945023,"level":"info","message":"Rendering request 2 finished in 2898 ms","meta":{"rootId":"t1a67hua22ex03u","id":"t1a67hua22ex03u"},"id":"ijol3ki3pzcs88h","previousOperationId":"4kn793lj62lyug0"}
{"type":"operationEnd","subtype":"render","operationId":"62w6124tva1k6qc","timestamp":1764927945023,"id":"7a389krgyiqzjrd","previousEventId":"j6qt07kotn0bge3","previousOperationId":"4kn793lj62lyug0"}
{"type":"operationEnd","doDiffs":false,"previousEventId":"r960rh0f5erdm5h","previousOperationId":"7m1cuvpqvpjlbkq","operationId":"7m1cuvpqvpjlbkq","timestamp":1764927945028,"id":"9m5a5a38umjehak"}
