{"type":"operationStart","subtype":"profile","data":{"_id":"DGLgTulBbjR4iiZN","timestamp":"2025-12-07T13:08:36.032Z","state":"running","mode":"standard","creationDate":"2025-12-07T13:08:36.036Z","modificationDate":"2025-12-07T13:08:36.036Z","shortid":"u5_g0qI","$entitySet":"profiles","timeout":60000},"doDiffs":false,"timestamp":1765112916035,"id":"xlb4vv0cxn0056l","previousOperationId":null,"operationId":"8g3qkw2yfjr98b4"}
{"type":"log","level":"info","message":"Render request 39 queued for execution and waiting for available worker","previousOperationId":"8g3qkw2yfjr98b4","timestamp":1765112916035,"id":"rfkp1amoeyvjltt"}
{"type":"operationStart","subtype":"render","name":"anonymous","previousOperationId":"8g3qkw2yfjr98b4","timestamp":1765112916090,"id":"8gmat7a64f8cyub","previousEventId":"xlb4vv0cxn0056l","operationId":"7ilm9vis3okz2ls"}
{"type":"log","timestamp":1765112916090,"level":"info","message":"Starting rendering request 39","meta":{"rootId":"t3e9czut31sry59","id":"t3e9czut31sry59"},"id":"j0rzhabpzhxcgpn","previousOperationId":"7ilm9vis3okz2ls"}
{"type":"log","timestamp":1765112916090,"level":"info","message":"Rendering anonymous template { recipe: pptx, engine: handlebars }","meta":{"rootId":"t3e9czut31sry59","id":"t3e9czut31sry59"},"id":"ebma4fwlw91fma4","previousOperationId":"7ilm9vis3okz2ls"}
{"type":"log","timestamp":1765112916090,"level":"debug","message":"Inline data specified.","meta":{"rootId":"t3e9czut31sry59","id":"t3e9czut31sry59"},"id":"w0tg9x7q6eaoeun","previousOperationId":"7ilm9vis3okz2ls"}
{"type":"log","timestamp":1765112916092,"level":"debug","message":"Base url not specified, skipping its injection.","meta":{"rootId":"t3e9czut31sry59","id":"t3e9czut31sry59"},"id":"x5xipv1jstiw57f","previousOperationId":"7ilm9vis3okz2ls"}
{"type":"operationStart","subtype":"engine","name":"handlebars","timestamp":1765112916093,"id":"gldj6lu5hya9gxa","previousEventId":"8gmat7a64f8cyub","operationId":"p6yoi2nkwssanhe","previousOperationId":"7ilm9vis3okz2ls"}
{"type":"log","timestamp":1765112916093,"level":"debug","message":"Rendering engine handlebars","meta":{"rootId":"t3e9czut31sry59","id":"t3e9czut31sry59"},"id":"e53ta4ehy5t8s3u","previousOperationId":"p6yoi2nkwssanhe"}
{"type":"operationEnd","operationId":"p6yoi2nkwssanhe","timestamp":1765112916106,"id":"p6cz8e9ehqcl0m4","previousEventId":"gldj6lu5hya9gxa","previousOperationId":"p6yoi2nkwssanhe"}
{"type":"operationStart","subtype":"recipe","name":"pptx","timestamp":1765112916106,"id":"dvodqwoh4rvhrnr","previousEventId":"p6cz8e9ehqcl0m4","operationId":"9okxlre5zb3dzex","previousOperationId":"p6yoi2nkwssanhe"}
{"type":"log","timestamp":1765112916106,"level":"debug","message":"Executing recipe pptx","meta":{"rootId":"t3e9czut31sry59","id":"t3e9czut31sry59"},"id":"nzak1i6cks0jmn2","previousOperationId":"9okxlre5zb3dzex"}
{"type":"log","timestamp":1765112916126,"level":"info","message":"pptx generation is starting","meta":{"rootId":"t3e9czut31sry59","id":"t3e9czut31sry59"},"id":"4mz69igbe270rgm","previousOperationId":"9okxlre5zb3dzex"}
{"type":"log","timestamp":1765112917731,"level":"debug","message":"Starting child request to render pptx dynamic parts","meta":{"rootId":"t3e9czut31sry59","id":"t3e9czut31sry59"},"id":"jbvajwl5wmtbn84","previousOperationId":"9okxlre5zb3dzex"}
{"type":"operationStart","subtype":"render","name":"anonymous","previousOperationId":"9okxlre5zb3dzex","timestamp":1765112917732,"id":"pe0t9n6367ha0kn","previousEventId":"dvodqwoh4rvhrnr","operationId":"yacck9g3k70pbi7"}
{"type":"log","timestamp":1765112917732,"level":"info","message":"Starting rendering (child) request","meta":{"rootId":"t3e9czut31sry59","id":"jqzswa25yl88co5"},"id":"m9ivc7kft9xe9eu","previousOperationId":"yacck9g3k70pbi7"}
{"type":"log","timestamp":1765112917732,"level":"info","message":"Rendering anonymous template { recipe: html, engine: handlebars }","meta":{"rootId":"t3e9czut31sry59","id":"jqzswa25yl88co5"},"id":"fdz4upoyk78a1cl","previousOperationId":"yacck9g3k70pbi7"}
{"type":"log","timestamp":1765112917732,"level":"debug","message":"Inline data specified.","meta":{"rootId":"t3e9czut31sry59","id":"jqzswa25yl88co5"},"id":"hjcmcpinnks3v6a","previousOperationId":"yacck9g3k70pbi7"}
{"type":"log","timestamp":1765112917741,"level":"debug","message":"Base url not specified, skipping its injection.","meta":{"rootId":"t3e9czut31sry59","id":"jqzswa25yl88co5"},"id":"nf9hqt7j4019jvc","previousOperationId":"yacck9g3k70pbi7"}
{"type":"operationStart","subtype":"engine","name":"handlebars","timestamp":1765112917742,"id":"w6fs59fd0mwo16m","previousEventId":"pe0t9n6367ha0kn","operationId":"2vpafl0xxn8uxea","previousOperationId":"yacck9g3k70pbi7"}
{"type":"log","timestamp":1765112917742,"level":"debug","message":"Rendering engine handlebars","meta":{"rootId":"t3e9czut31sry59","id":"jqzswa25yl88co5"},"id":"sxokq3yyadzg7dy","previousOperationId":"2vpafl0xxn8uxea"}
{"type":"operationEnd","operationId":"2vpafl0xxn8uxea","timestamp":1765112917846,"id":"0vzcmeil9mrv2ss","previousEventId":"w6fs59fd0mwo16m","previousOperationId":"2vpafl0xxn8uxea"}
{"type":"operationStart","subtype":"recipe","name":"html","timestamp":1765112917860,"id":"slxjly8qgh7hlfd","previousEventId":"0vzcmeil9mrv2ss","operationId":"q0inhfoj8ljyndr","previousOperationId":"2vpafl0xxn8uxea"}
{"type":"log","timestamp":1765112917860,"level":"debug","message":"Executing recipe html","meta":{"rootId":"t3e9czut31sry59","id":"jqzswa25yl88co5"},"id":"cihiupswfeydj95","previousOperationId":"q0inhfoj8ljyndr"}
{"type":"operationEnd","operationId":"q0inhfoj8ljyndr","timestamp":1765112917860,"id":"l5ndybujndu78f7","previousEventId":"slxjly8qgh7hlfd","previousOperationId":"q0inhfoj8ljyndr"}
{"type":"log","timestamp":1765112917860,"level":"debug","message":"Skipping storing report.","meta":{"rootId":"t3e9czut31sry59","id":"jqzswa25yl88co5"},"id":"pdbk8u3k2wto6lb","previousOperationId":"q0inhfoj8ljyndr"}
{"type":"log","timestamp":1765112917860,"level":"info","message":"Rendering (child) request finished in 1829 ms","meta":{"rootId":"t3e9czut31sry59","id":"jqzswa25yl88co5"},"id":"hwqifycowhxqp9b","previousOperationId":"q0inhfoj8ljyndr"}
{"type":"operationEnd","subtype":"render","operationId":"yacck9g3k70pbi7","timestamp":1765112917860,"id":"eynlslt1phk8y6k","previousEventId":"l5ndybujndu78f7","previousOperationId":"q0inhfoj8ljyndr"}
{"type":"log","timestamp":1765112924915,"level":"debug","message":"pptx successfully zipped","meta":{"rootId":"t3e9czut31sry59","id":"t3e9czut31sry59"},"id":"xfmko0gpaj0ibrq","previousOperationId":"9okxlre5zb3dzex"}
{"type":"log","timestamp":1765112924915,"level":"info","message":"pptx generation was finished","meta":{"rootId":"t3e9czut31sry59","id":"t3e9czut31sry59"},"id":"grf4buh8g1kne8p","previousOperationId":"9okxlre5zb3dzex"}
{"type":"operationEnd","operationId":"9okxlre5zb3dzex","timestamp":1765112924925,"id":"qokr0ywb4qk7tds","previousEventId":"dvodqwoh4rvhrnr","previousOperationId":"9okxlre5zb3dzex"}
{"type":"log","timestamp":1765112924925,"level":"debug","message":"Skipping storing report.","meta":{"rootId":"t3e9czut31sry59","id":"t3e9czut31sry59"},"id":"08gemcn6c0r8zcw","previousOperationId":"9okxlre5zb3dzex"}
{"type":"log","timestamp":1765112924925,"level":"info","message":"Rendering request 39 finished in 8894 ms","meta":{"rootId":"t3e9czut31sry59","id":"t3e9czut31sry59"},"id":"c1lxfjnt032kwrp","previousOperationId":"9okxlre5zb3dzex"}
{"type":"operationEnd","subtype":"render","operationId":"7ilm9vis3okz2ls","timestamp":1765112924925,"id":"fgr9nrc6fvxr4cm","previousEventId":"qokr0ywb4qk7tds","previousOperationId":"9okxlre5zb3dzex"}
{"type":"operationEnd","doDiffs":false,"previousEventId":"xlb4vv0cxn0056l","previousOperationId":"8g3qkw2yfjr98b4","operationId":"8g3qkw2yfjr98b4","timestamp":1765112924930,"id":"t2py8f9z2pr2g7n"}
