{"type":"operationStart","subtype":"profile","data":{"_id":"ncvlRNOS2P1HAPCa","timestamp":"2025-12-07T13:34:49.455Z","state":"running","mode":"standard","creationDate":"2025-12-07T13:34:49.461Z","modificationDate":"2025-12-07T13:34:49.461Z","shortid":"5OeQ_3k","$entitySet":"profiles","timeout":60000},"doDiffs":false,"timestamp":1765114489458,"id":"rzlp9naokyspy8k","previousOperationId":null,"operationId":"v7wh177c4egf676"}
{"type":"log","level":"info","message":"Render request 1 queued for execution and waiting for available worker","previousOperationId":"v7wh177c4egf676","timestamp":1765114489459,"id":"ja8cgjw2f453lnj"}
{"type":"operationStart","subtype":"render","name":"anonymous","previousOperationId":"v7wh177c4egf676","timestamp":1765114489552,"id":"qcpspv94tpd2v2c","previousEventId":"rzlp9naokyspy8k","operationId":"yodo7cjx1jdtgkg"}
{"type":"log","timestamp":1765114489554,"level":"info","message":"Starting rendering request 1","meta":{"rootId":"t7zc0v16u5lzs4r","id":"t7zc0v16u5lzs4r"},"id":"8yy95wmwy6awic1","previousOperationId":"yodo7cjx1jdtgkg"}
{"type":"log","timestamp":1765114489556,"level":"info","message":"Rendering anonymous template { recipe: pptx, engine: handlebars }","meta":{"rootId":"t7zc0v16u5lzs4r","id":"t7zc0v16u5lzs4r"},"id":"rv0sxl2rp71ub9o","previousOperationId":"yodo7cjx1jdtgkg"}
{"type":"log","timestamp":1765114489556,"level":"debug","message":"Inline data specified.","meta":{"rootId":"t7zc0v16u5lzs4r","id":"t7zc0v16u5lzs4r"},"id":"h8y0a5xhjxep2jd","previousOperationId":"yodo7cjx1jdtgkg"}
{"type":"log","timestamp":1765114489567,"level":"debug","message":"Base url not specified, skipping its injection.","meta":{"rootId":"t7zc0v16u5lzs4r","id":"t7zc0v16u5lzs4r"},"id":"t887u852gy956dy","previousOperationId":"yodo7cjx1jdtgkg"}
{"type":"operationStart","subtype":"engine","name":"handlebars","timestamp":1765114489570,"id":"uxohu1z4wskyj4q","previousEventId":"qcpspv94tpd2v2c","operationId":"dnc3zpb7f9s7d4c","previousOperationId":"yodo7cjx1jdtgkg"}
{"type":"log","timestamp":1765114489570,"level":"debug","message":"Rendering engine handlebars","meta":{"rootId":"t7zc0v16u5lzs4r","id":"t7zc0v16u5lzs4r"},"id":"1oog6z2ubrashdt","previousOperationId":"dnc3zpb7f9s7d4c"}
{"type":"operationEnd","operationId":"dnc3zpb7f9s7d4c","timestamp":1765114490785,"id":"woj5t1otz676h4i","previousEventId":"uxohu1z4wskyj4q","previousOperationId":"dnc3zpb7f9s7d4c"}
{"type":"operationStart","subtype":"recipe","name":"pptx","timestamp":1765114490786,"id":"ucs2bpy2sa3wzp0","previousEventId":"woj5t1otz676h4i","operationId":"ti7qmgrrh6a1rk2","previousOperationId":"dnc3zpb7f9s7d4c"}
{"type":"log","timestamp":1765114490786,"level":"debug","message":"Executing recipe pptx","meta":{"rootId":"t7zc0v16u5lzs4r","id":"t7zc0v16u5lzs4r"},"id":"26jnymc5qfoigtp","previousOperationId":"ti7qmgrrh6a1rk2"}
{"type":"log","timestamp":1765114491044,"level":"info","message":"pptx generation is starting","meta":{"rootId":"t7zc0v16u5lzs4r","id":"t7zc0v16u5lzs4r"},"id":"3u4zbqh72ofq4lr","previousOperationId":"ti7qmgrrh6a1rk2"}
{"type":"log","timestamp":1765114492754,"level":"debug","message":"Starting child request to render pptx dynamic parts","meta":{"rootId":"t7zc0v16u5lzs4r","id":"t7zc0v16u5lzs4r"},"id":"szr1rmjn0srd1xe","previousOperationId":"ti7qmgrrh6a1rk2"}
{"type":"operationStart","subtype":"render","name":"anonymous","previousOperationId":"ti7qmgrrh6a1rk2","timestamp":1765114492755,"id":"rxv0qvied9ysxri","previousEventId":"ucs2bpy2sa3wzp0","operationId":"yb2an1deh1gr17p"}
{"type":"log","timestamp":1765114492755,"level":"info","message":"Starting rendering (child) request","meta":{"rootId":"t7zc0v16u5lzs4r","id":"wsp51k9pod5zh5q"},"id":"l3f05tffk33imcf","previousOperationId":"yb2an1deh1gr17p"}
{"type":"log","timestamp":1765114492756,"level":"info","message":"Rendering anonymous template { recipe: html, engine: handlebars }","meta":{"rootId":"t7zc0v16u5lzs4r","id":"wsp51k9pod5zh5q"},"id":"jyp7goda8mz63sl","previousOperationId":"yb2an1deh1gr17p"}
{"type":"log","timestamp":1765114492756,"level":"debug","message":"Inline data specified.","meta":{"rootId":"t7zc0v16u5lzs4r","id":"wsp51k9pod5zh5q"},"id":"xlpcbydjpmnf4uv","previousOperationId":"yb2an1deh1gr17p"}
{"type":"log","timestamp":1765114492762,"level":"debug","message":"Base url not specified, skipping its injection.","meta":{"rootId":"t7zc0v16u5lzs4r","id":"wsp51k9pod5zh5q"},"id":"bj62gytvb2sj7em","previousOperationId":"yb2an1deh1gr17p"}
{"type":"operationStart","subtype":"engine","name":"handlebars","timestamp":1765114492764,"id":"9d1aaa38hbisnp9","previousEventId":"rxv0qvied9ysxri","operationId":"p17bhafzvy1djhv","previousOperationId":"yb2an1deh1gr17p"}
{"type":"log","timestamp":1765114492765,"level":"debug","message":"Rendering engine handlebars","meta":{"rootId":"t7zc0v16u5lzs4r","id":"wsp51k9pod5zh5q"},"id":"f0n4kw8mdp98otb","previousOperationId":"p17bhafzvy1djhv"}
{"type":"operationEnd","operationId":"p17bhafzvy1djhv","timestamp":1765114492900,"id":"72nfivh9hlnri8e","previousEventId":"9d1aaa38hbisnp9","previousOperationId":"p17bhafzvy1djhv"}
{"type":"operationStart","subtype":"recipe","name":"html","timestamp":1765114492916,"id":"1ga73ouzjv295zw","previousEventId":"72nfivh9hlnri8e","operationId":"te9epaxxwj6j551","previousOperationId":"p17bhafzvy1djhv"}
{"type":"log","timestamp":1765114492916,"level":"debug","message":"Executing recipe html","meta":{"rootId":"t7zc0v16u5lzs4r","id":"wsp51k9pod5zh5q"},"id":"hgpybo3tytxsusg","previousOperationId":"te9epaxxwj6j551"}
{"type":"operationEnd","operationId":"te9epaxxwj6j551","timestamp":1765114492916,"id":"61nnnteagxed8h5","previousEventId":"1ga73ouzjv295zw","previousOperationId":"te9epaxxwj6j551"}
{"type":"log","timestamp":1765114492918,"level":"debug","message":"Skipping storing report.","meta":{"rootId":"t7zc0v16u5lzs4r","id":"wsp51k9pod5zh5q"},"id":"lr8d5o8cu8vmk79","previousOperationId":"te9epaxxwj6j551"}
{"type":"log","timestamp":1765114492918,"level":"info","message":"Rendering (child) request finished in 3466 ms","meta":{"rootId":"t7zc0v16u5lzs4r","id":"wsp51k9pod5zh5q"},"id":"nd8ei3cfkyac3gx","previousOperationId":"te9epaxxwj6j551"}
{"type":"operationEnd","subtype":"render","operationId":"yb2an1deh1gr17p","timestamp":1765114492918,"id":"sldan9pmzohrww1","previousEventId":"61nnnteagxed8h5","previousOperationId":"te9epaxxwj6j551"}
{"type":"log","timestamp":1765114503719,"level":"debug","message":"pptx successfully zipped","meta":{"rootId":"t7zc0v16u5lzs4r","id":"t7zc0v16u5lzs4r"},"id":"558az1s3qk62z7u","previousOperationId":"ti7qmgrrh6a1rk2"}
{"type":"log","timestamp":1765114503719,"level":"info","message":"pptx generation was finished","meta":{"rootId":"t7zc0v16u5lzs4r","id":"t7zc0v16u5lzs4r"},"id":"u0pj4u9ea6n1bvu","previousOperationId":"ti7qmgrrh6a1rk2"}
{"type":"operationEnd","operationId":"ti7qmgrrh6a1rk2","timestamp":1765114503734,"id":"ahsvvsqek9mx0ut","previousEventId":"ucs2bpy2sa3wzp0","previousOperationId":"ti7qmgrrh6a1rk2"}
{"type":"log","timestamp":1765114503734,"level":"debug","message":"Skipping storing report.","meta":{"rootId":"t7zc0v16u5lzs4r","id":"t7zc0v16u5lzs4r"},"id":"qq77ktbgbu4g5gd","previousOperationId":"ti7qmgrrh6a1rk2"}
{"type":"log","timestamp":1765114503734,"level":"info","message":"Rendering request 1 finished in 14282 ms","meta":{"rootId":"t7zc0v16u5lzs4r","id":"t7zc0v16u5lzs4r"},"id":"yfqg07jbejvqrfx","previousOperationId":"ti7qmgrrh6a1rk2"}
{"type":"operationEnd","subtype":"render","operationId":"yodo7cjx1jdtgkg","timestamp":1765114503735,"id":"meolow608x7calz","previousEventId":"ahsvvsqek9mx0ut","previousOperationId":"ti7qmgrrh6a1rk2"}
{"type":"operationEnd","doDiffs":false,"previousEventId":"rzlp9naokyspy8k","previousOperationId":"v7wh177c4egf676","operationId":"v7wh177c4egf676","timestamp":1765114503742,"id":"u3ow465squbtc89"}
