{"type":"operationStart","subtype":"profile","data":{"_id":"HVjSFvqpGPa2ZL8n","timestamp":"2025-12-06T17:10:41.943Z","state":"running","mode":"standard","creationDate":"2025-12-06T17:10:41.945Z","modificationDate":"2025-12-06T17:10:41.945Z","shortid":"aIjTN8r","$entitySet":"profiles","timeout":60000},"doDiffs":false,"timestamp":1765041041944,"id":"r9s8pbts1m3blf2","previousOperationId":null,"operationId":"5nf7lix59usih2g"}
{"type":"log","level":"info","message":"Render request 36 queued for execution and waiting for available worker","previousOperationId":"5nf7lix59usih2g","timestamp":1765041041944,"id":"ttpmgjy8a3ku4rt"}
{"type":"operationStart","subtype":"render","name":"anonymous","previousOperationId":"5nf7lix59usih2g","timestamp":1765041041971,"id":"jaiz842x3m4l9cv","previousEventId":"r9s8pbts1m3blf2","operationId":"2i5j9ezzazfngkp"}
{"type":"log","timestamp":1765041041972,"level":"info","message":"Starting rendering request 36","meta":{"rootId":"telw5xjr3rknhwg","id":"telw5xjr3rknhwg"},"id":"2pxgf48nrafk510","previousOperationId":"2i5j9ezzazfngkp"}
{"type":"log","timestamp":1765041041973,"level":"info","message":"Rendering anonymous template { recipe: pptx, engine: handlebars }","meta":{"rootId":"telw5xjr3rknhwg","id":"telw5xjr3rknhwg"},"id":"e7w7p2igcziu4vl","previousOperationId":"2i5j9ezzazfngkp"}
{"type":"log","timestamp":1765041041973,"level":"debug","message":"Inline data specified.","meta":{"rootId":"telw5xjr3rknhwg","id":"telw5xjr3rknhwg"},"id":"p8i3aj1lp6o23cc","previousOperationId":"2i5j9ezzazfngkp"}
{"type":"log","timestamp":1765041041979,"level":"debug","message":"Base url not specified, skipping its injection.","meta":{"rootId":"telw5xjr3rknhwg","id":"telw5xjr3rknhwg"},"id":"v4dc0bdyhc9krc4","previousOperationId":"2i5j9ezzazfngkp"}
{"type":"operationStart","subtype":"engine","name":"handlebars","timestamp":1765041041981,"id":"jqdhf24qn9g0euj","previousEventId":"jaiz842x3m4l9cv","operationId":"jwo5ktqlqyd21zn","previousOperationId":"2i5j9ezzazfngkp"}
{"type":"log","timestamp":1765041041981,"level":"debug","message":"Rendering engine handlebars","meta":{"rootId":"telw5xjr3rknhwg","id":"telw5xjr3rknhwg"},"id":"1s239cr3nh8zslq","previousOperationId":"jwo5ktqlqyd21zn"}
{"type":"operationEnd","operationId":"jwo5ktqlqyd21zn","timestamp":1765041042004,"id":"h10vo48s205v471","previousEventId":"jqdhf24qn9g0euj","previousOperationId":"jwo5ktqlqyd21zn"}
{"type":"operationStart","subtype":"recipe","name":"pptx","timestamp":1765041042004,"id":"m3r5i4tur3eto1t","previousEventId":"h10vo48s205v471","operationId":"k0euov5ec8mr2gh","previousOperationId":"jwo5ktqlqyd21zn"}
{"type":"log","timestamp":1765041042004,"level":"debug","message":"Executing recipe pptx","meta":{"rootId":"telw5xjr3rknhwg","id":"telw5xjr3rknhwg"},"id":"q9ngn68n9fat5y2","previousOperationId":"k0euov5ec8mr2gh"}
{"type":"log","timestamp":1765041042005,"level":"info","message":"pptx generation is starting","meta":{"rootId":"telw5xjr3rknhwg","id":"telw5xjr3rknhwg"},"id":"9fw58krxhdehp7x","previousOperationId":"k0euov5ec8mr2gh"}
{"type":"log","timestamp":1765041042071,"level":"debug","message":"Starting child request to render pptx dynamic parts","meta":{"rootId":"telw5xjr3rknhwg","id":"telw5xjr3rknhwg"},"id":"4t9ll4jwz5q0hv4","previousOperationId":"k0euov5ec8mr2gh"}
{"type":"operationStart","subtype":"render","name":"anonymous","previousOperationId":"k0euov5ec8mr2gh","timestamp":1765041042071,"id":"t3kpeveviljns4p","previousEventId":"m3r5i4tur3eto1t","operationId":"cu9aq3n8blt5kyn"}
{"type":"log","timestamp":1765041042071,"level":"info","message":"Starting rendering (child) request","meta":{"rootId":"telw5xjr3rknhwg","id":"ui6na5ra4yak99q"},"id":"i0fne53fbtpfbjp","previousOperationId":"cu9aq3n8blt5kyn"}
{"type":"log","timestamp":1765041042071,"level":"info","message":"Rendering anonymous template { recipe: html, engine: handlebars }","meta":{"rootId":"telw5xjr3rknhwg","id":"ui6na5ra4yak99q"},"id":"vzjlbacfk870bii","previousOperationId":"cu9aq3n8blt5kyn"}
{"type":"log","timestamp":1765041042071,"level":"debug","message":"Inline data specified.","meta":{"rootId":"telw5xjr3rknhwg","id":"ui6na5ra4yak99q"},"id":"jembh27w0w4uy10","previousOperationId":"cu9aq3n8blt5kyn"}
{"type":"log","timestamp":1765041042077,"level":"debug","message":"Base url not specified, skipping its injection.","meta":{"rootId":"telw5xjr3rknhwg","id":"ui6na5ra4yak99q"},"id":"n9mo6e86nrtvb7v","previousOperationId":"cu9aq3n8blt5kyn"}
{"type":"operationStart","subtype":"engine","name":"handlebars","timestamp":1765041042077,"id":"wysmf6hmdbzep5f","previousEventId":"t3kpeveviljns4p","operationId":"dqaa0u09kirg6qn","previousOperationId":"cu9aq3n8blt5kyn"}
{"type":"log","timestamp":1765041042077,"level":"debug","message":"Rendering engine handlebars","meta":{"rootId":"telw5xjr3rknhwg","id":"ui6na5ra4yak99q"},"id":"13d89ysn6pdtbab","previousOperationId":"dqaa0u09kirg6qn"}
{"type":"operationEnd","operationId":"dqaa0u09kirg6qn","timestamp":1765041042094,"id":"rucgnba1umgvn0h","previousEventId":"wysmf6hmdbzep5f","previousOperationId":"dqaa0u09kirg6qn"}
{"type":"operationStart","subtype":"recipe","name":"html","timestamp":1765041042095,"id":"q8g62fnwopmxkii","previousEventId":"rucgnba1umgvn0h","operationId":"r62xd82euc9jd3j","previousOperationId":"dqaa0u09kirg6qn"}
{"type":"log","timestamp":1765041042095,"level":"debug","message":"Executing recipe html","meta":{"rootId":"telw5xjr3rknhwg","id":"ui6na5ra4yak99q"},"id":"dc3g7xr6595atbx","previousOperationId":"r62xd82euc9jd3j"}
{"type":"operationEnd","operationId":"r62xd82euc9jd3j","timestamp":1765041042095,"id":"o6zye237khoeoz8","previousEventId":"q8g62fnwopmxkii","previousOperationId":"r62xd82euc9jd3j"}
{"type":"log","timestamp":1765041042095,"level":"debug","message":"Skipping storing report.","meta":{"rootId":"telw5xjr3rknhwg","id":"ui6na5ra4yak99q"},"id":"cw8689ql12zskgi","previousOperationId":"r62xd82euc9jd3j"}
{"type":"log","timestamp":1765041042095,"level":"info","message":"Rendering (child) request finished in 153 ms","meta":{"rootId":"telw5xjr3rknhwg","id":"ui6na5ra4yak99q"},"id":"wvgi2032jay1q4n","previousOperationId":"r62xd82euc9jd3j"}
{"type":"operationEnd","subtype":"render","operationId":"cu9aq3n8blt5kyn","timestamp":1765041042095,"id":"ckseeoznd8zquva","previousEventId":"o6zye237khoeoz8","previousOperationId":"r62xd82euc9jd3j"}
{"type":"log","timestamp":1765041042162,"level":"debug","message":"pptx successfully zipped","meta":{"rootId":"telw5xjr3rknhwg","id":"telw5xjr3rknhwg"},"id":"qqacucmmw2esv7s","previousOperationId":"k0euov5ec8mr2gh"}
{"type":"log","timestamp":1765041042162,"level":"info","message":"pptx generation was finished","meta":{"rootId":"telw5xjr3rknhwg","id":"telw5xjr3rknhwg"},"id":"ravhqcvao27k3nh","previousOperationId":"k0euov5ec8mr2gh"}
{"type":"operationEnd","operationId":"k0euov5ec8mr2gh","timestamp":1765041042165,"id":"qp6iltsrk2uymdq","previousEventId":"m3r5i4tur3eto1t","previousOperationId":"k0euov5ec8mr2gh"}
{"type":"log","timestamp":1765041042165,"level":"debug","message":"Skipping storing report.","meta":{"rootId":"telw5xjr3rknhwg","id":"telw5xjr3rknhwg"},"id":"ehbluqtydb73t3f","previousOperationId":"k0euov5ec8mr2gh"}
{"type":"log","timestamp":1765041042165,"level":"info","message":"Rendering request 36 finished in 223 ms","meta":{"rootId":"telw5xjr3rknhwg","id":"telw5xjr3rknhwg"},"id":"aogpm0dsyogsac6","previousOperationId":"k0euov5ec8mr2gh"}
{"type":"operationEnd","subtype":"render","operationId":"2i5j9ezzazfngkp","timestamp":1765041042165,"id":"h4jzuqm5tq403ty","previousEventId":"qp6iltsrk2uymdq","previousOperationId":"k0euov5ec8mr2gh"}
{"type":"operationEnd","doDiffs":false,"previousEventId":"r9s8pbts1m3blf2","previousOperationId":"5nf7lix59usih2g","operationId":"5nf7lix59usih2g","timestamp":1765041042169,"id":"m9btd42l207zy5m"}
