{"type":"operationStart","subtype":"profile","data":{"_id":"n6aoOdzcC6vPp16f","timestamp":"2025-12-06T15:38:44.187Z","state":"running","mode":"standard","creationDate":"2025-12-06T15:38:44.190Z","modificationDate":"2025-12-06T15:38:44.190Z","shortid":"dDBzqyB","$entitySet":"profiles","timeout":60000},"doDiffs":false,"timestamp":1765035524189,"id":"elzaxb9f8shirxp","previousOperationId":null,"operationId":"fsiytpl6ofcx8x5"}
{"type":"log","level":"info","message":"Render request 27 queued for execution and waiting for available worker","previousOperationId":"fsiytpl6ofcx8x5","timestamp":1765035524189,"id":"1v8jrakgi4ed84r"}
{"type":"operationStart","subtype":"render","name":"anonymous","previousOperationId":"fsiytpl6ofcx8x5","timestamp":1765035524202,"id":"m61mcbi9y1qhfj1","previousEventId":"elzaxb9f8shirxp","operationId":"86oh8ppzxg35ok9"}
{"type":"log","timestamp":1765035524202,"level":"info","message":"Starting rendering request 27","meta":{"rootId":"tls16h467z17pdm","id":"tls16h467z17pdm"},"id":"fi07fwpqn4sghr9","previousOperationId":"86oh8ppzxg35ok9"}
{"type":"log","timestamp":1765035524203,"level":"info","message":"Rendering anonymous template { recipe: pptx, engine: handlebars }","meta":{"rootId":"tls16h467z17pdm","id":"tls16h467z17pdm"},"id":"y1itz682tu87pkq","previousOperationId":"86oh8ppzxg35ok9"}
{"type":"log","timestamp":1765035524203,"level":"debug","message":"Inline data specified.","meta":{"rootId":"tls16h467z17pdm","id":"tls16h467z17pdm"},"id":"3psa0zffktblug4","previousOperationId":"86oh8ppzxg35ok9"}
{"type":"log","timestamp":1765035524206,"level":"debug","message":"Base url not specified, skipping its injection.","meta":{"rootId":"tls16h467z17pdm","id":"tls16h467z17pdm"},"id":"rfkzl3ux0w20dmo","previousOperationId":"86oh8ppzxg35ok9"}
{"type":"operationStart","subtype":"engine","name":"handlebars","timestamp":1765035524206,"id":"kgvks8qifjf4pdt","previousEventId":"m61mcbi9y1qhfj1","operationId":"pnzooado979jb2z","previousOperationId":"86oh8ppzxg35ok9"}
{"type":"log","timestamp":1765035524206,"level":"debug","message":"Rendering engine handlebars","meta":{"rootId":"tls16h467z17pdm","id":"tls16h467z17pdm"},"id":"o6ywvch69rc639q","previousOperationId":"pnzooado979jb2z"}
{"type":"operationEnd","operationId":"pnzooado979jb2z","timestamp":1765035524222,"id":"z495kbi7obqp650","previousEventId":"kgvks8qifjf4pdt","previousOperationId":"pnzooado979jb2z"}
{"type":"operationStart","subtype":"recipe","name":"pptx","timestamp":1765035524222,"id":"e9sj3dipfh65sib","previousEventId":"z495kbi7obqp650","operationId":"k9j3hnl3nyi56to","previousOperationId":"pnzooado979jb2z"}
{"type":"log","timestamp":1765035524222,"level":"debug","message":"Executing recipe pptx","meta":{"rootId":"tls16h467z17pdm","id":"tls16h467z17pdm"},"id":"f48xm7umainj5jd","previousOperationId":"k9j3hnl3nyi56to"}
{"type":"log","timestamp":1765035524223,"level":"info","message":"pptx generation is starting","meta":{"rootId":"tls16h467z17pdm","id":"tls16h467z17pdm"},"id":"4slv7k62xo7rwx0","previousOperationId":"k9j3hnl3nyi56to"}
{"type":"log","timestamp":1765035524307,"level":"debug","message":"Starting child request to render pptx dynamic parts","meta":{"rootId":"tls16h467z17pdm","id":"tls16h467z17pdm"},"id":"wzows25qxrd0a8a","previousOperationId":"k9j3hnl3nyi56to"}
{"type":"operationStart","subtype":"render","name":"anonymous","previousOperationId":"k9j3hnl3nyi56to","timestamp":1765035524307,"id":"cv735yjnua591zc","previousEventId":"e9sj3dipfh65sib","operationId":"7io3iv68ejicykp"}
{"type":"log","timestamp":1765035524307,"level":"info","message":"Starting rendering (child) request","meta":{"rootId":"tls16h467z17pdm","id":"8jy8g71f3ztydu7"},"id":"8zcf6a5cgkb6ilr","previousOperationId":"7io3iv68ejicykp"}
{"type":"log","timestamp":1765035524307,"level":"info","message":"Rendering anonymous template { recipe: html, engine: handlebars }","meta":{"rootId":"tls16h467z17pdm","id":"8jy8g71f3ztydu7"},"id":"c8k4wuoipadlbx4","previousOperationId":"7io3iv68ejicykp"}
{"type":"log","timestamp":1765035524308,"level":"debug","message":"Inline data specified.","meta":{"rootId":"tls16h467z17pdm","id":"8jy8g71f3ztydu7"},"id":"ftrbec2yu46whz4","previousOperationId":"7io3iv68ejicykp"}
{"type":"log","timestamp":1765035524309,"level":"debug","message":"Base url not specified, skipping its injection.","meta":{"rootId":"tls16h467z17pdm","id":"8jy8g71f3ztydu7"},"id":"pzlggmzolyochis","previousOperationId":"7io3iv68ejicykp"}
{"type":"operationStart","subtype":"engine","name":"handlebars","timestamp":1765035524309,"id":"7dbaeeqtehv99q0","previousEventId":"cv735yjnua591zc","operationId":"9urewc8hjp001y1","previousOperationId":"7io3iv68ejicykp"}
{"type":"log","timestamp":1765035524309,"level":"debug","message":"Rendering engine handlebars","meta":{"rootId":"tls16h467z17pdm","id":"8jy8g71f3ztydu7"},"id":"qkza8xjzk9sw1u8","previousOperationId":"9urewc8hjp001y1"}
{"type":"operationEnd","operationId":"9urewc8hjp001y1","timestamp":1765035524328,"id":"3uf4hsgqb0pwlip","previousEventId":"7dbaeeqtehv99q0","previousOperationId":"9urewc8hjp001y1"}
{"type":"operationStart","subtype":"recipe","name":"html","timestamp":1765035524330,"id":"5trk1fawi2eu5f2","previousEventId":"3uf4hsgqb0pwlip","operationId":"0zsyss5lvrai77g","previousOperationId":"9urewc8hjp001y1"}
{"type":"log","timestamp":1765035524330,"level":"debug","message":"Executing recipe html","meta":{"rootId":"tls16h467z17pdm","id":"8jy8g71f3ztydu7"},"id":"5cd3q4qowx85vv7","previousOperationId":"0zsyss5lvrai77g"}
{"type":"operationEnd","operationId":"0zsyss5lvrai77g","timestamp":1765035524330,"id":"xg51nvilorgod9c","previousEventId":"5trk1fawi2eu5f2","previousOperationId":"0zsyss5lvrai77g"}
{"type":"log","timestamp":1765035524330,"level":"debug","message":"Skipping storing report.","meta":{"rootId":"tls16h467z17pdm","id":"8jy8g71f3ztydu7"},"id":"podhgqt63ae12k3","previousOperationId":"0zsyss5lvrai77g"}
{"type":"log","timestamp":1765035524330,"level":"info","message":"Rendering (child) request finished in 144 ms","meta":{"rootId":"tls16h467z17pdm","id":"8jy8g71f3ztydu7"},"id":"a8d6nr5rjiyxiq4","previousOperationId":"0zsyss5lvrai77g"}
{"type":"operationEnd","subtype":"render","operationId":"7io3iv68ejicykp","timestamp":1765035524330,"id":"f6coqxzl6l84u2a","previousEventId":"xg51nvilorgod9c","previousOperationId":"0zsyss5lvrai77g"}
{"type":"log","timestamp":1765035526433,"level":"debug","message":"pptx successfully zipped","meta":{"rootId":"tls16h467z17pdm","id":"tls16h467z17pdm"},"id":"vxzim77l6yawu4m","previousOperationId":"k9j3hnl3nyi56to"}
{"type":"log","timestamp":1765035526433,"level":"info","message":"pptx generation was finished","meta":{"rootId":"tls16h467z17pdm","id":"tls16h467z17pdm"},"id":"vnckhub1urqxuou","previousOperationId":"k9j3hnl3nyi56to"}
{"type":"operationEnd","operationId":"k9j3hnl3nyi56to","timestamp":1765035526436,"id":"v42jk3ztj478n2a","previousEventId":"e9sj3dipfh65sib","previousOperationId":"k9j3hnl3nyi56to"}
{"type":"log","timestamp":1765035526436,"level":"debug","message":"Skipping storing report.","meta":{"rootId":"tls16h467z17pdm","id":"tls16h467z17pdm"},"id":"7ngj2ipxomqrz7j","previousOperationId":"k9j3hnl3nyi56to"}
{"type":"log","timestamp":1765035526436,"level":"info","message":"Rendering request 27 finished in 2250 ms","meta":{"rootId":"tls16h467z17pdm","id":"tls16h467z17pdm"},"id":"fp1m23ige778wzx","previousOperationId":"k9j3hnl3nyi56to"}
{"type":"operationEnd","subtype":"render","operationId":"86oh8ppzxg35ok9","timestamp":1765035526436,"id":"zpvpacw7nu74hpu","previousEventId":"v42jk3ztj478n2a","previousOperationId":"k9j3hnl3nyi56to"}
{"type":"operationEnd","doDiffs":false,"previousEventId":"elzaxb9f8shirxp","previousOperationId":"fsiytpl6ofcx8x5","operationId":"fsiytpl6ofcx8x5","timestamp":1765035526440,"id":"ltflxk1sj438grn"}
