{"type":"operationStart","subtype":"profile","data":{"_id":"xRyRYK0YXZ4mXl7q","timestamp":"2025-12-07T14:24:25.433Z","state":"running","mode":"standard","creationDate":"2025-12-07T14:24:25.445Z","modificationDate":"2025-12-07T14:24:25.445Z","shortid":"geVPDtE","$entitySet":"profiles","timeout":60000},"doDiffs":false,"timestamp":1765117465443,"id":"ote19rwanye1oqf","previousOperationId":null,"operationId":"kie5mtsdof0ffa2"}
{"type":"log","level":"info","message":"Render request 4 queued for execution and waiting for available worker","previousOperationId":"kie5mtsdof0ffa2","timestamp":1765117465443,"id":"lvrsd9dpz9ulmgt"}
{"type":"operationStart","subtype":"render","name":"anonymous","previousOperationId":"kie5mtsdof0ffa2","timestamp":1765117465502,"id":"blk1464yrynn1pn","previousEventId":"ote19rwanye1oqf","operationId":"i0n438zah2ktboc"}
{"type":"log","timestamp":1765117465503,"level":"info","message":"Starting rendering request 4","meta":{"rootId":"u5i3esdjqcw6agm","id":"u5i3esdjqcw6agm"},"id":"i80d844hbjs55oh","previousOperationId":"i0n438zah2ktboc"}
{"type":"log","timestamp":1765117465504,"level":"info","message":"Rendering anonymous template { recipe: pptx, engine: handlebars }","meta":{"rootId":"u5i3esdjqcw6agm","id":"u5i3esdjqcw6agm"},"id":"t2z3dgialtdmb94","previousOperationId":"i0n438zah2ktboc"}
{"type":"log","timestamp":1765117465504,"level":"debug","message":"Inline data specified.","meta":{"rootId":"u5i3esdjqcw6agm","id":"u5i3esdjqcw6agm"},"id":"hmbohg4u22ux2wd","previousOperationId":"i0n438zah2ktboc"}
{"type":"log","timestamp":1765117465514,"level":"debug","message":"Base url not specified, skipping its injection.","meta":{"rootId":"u5i3esdjqcw6agm","id":"u5i3esdjqcw6agm"},"id":"13i8czmm56ndtul","previousOperationId":"i0n438zah2ktboc"}
{"type":"operationStart","subtype":"engine","name":"handlebars","timestamp":1765117465516,"id":"povmmg12q92uja2","previousEventId":"blk1464yrynn1pn","operationId":"0fdosfb1bodbkyy","previousOperationId":"i0n438zah2ktboc"}
{"type":"log","timestamp":1765117465516,"level":"debug","message":"Rendering engine handlebars","meta":{"rootId":"u5i3esdjqcw6agm","id":"u5i3esdjqcw6agm"},"id":"l5f083ll10rl481","previousOperationId":"0fdosfb1bodbkyy"}
{"type":"operationEnd","operationId":"0fdosfb1bodbkyy","timestamp":1765117465598,"id":"815jqmor11yi9lv","previousEventId":"povmmg12q92uja2","previousOperationId":"0fdosfb1bodbkyy"}
{"type":"operationStart","subtype":"recipe","name":"pptx","timestamp":1765117465599,"id":"odw19ntpli54kku","previousEventId":"815jqmor11yi9lv","operationId":"d3ep3u7lif6hs7l","previousOperationId":"0fdosfb1bodbkyy"}
{"type":"log","timestamp":1765117465599,"level":"debug","message":"Executing recipe pptx","meta":{"rootId":"u5i3esdjqcw6agm","id":"u5i3esdjqcw6agm"},"id":"girslfipivr6dne","previousOperationId":"d3ep3u7lif6hs7l"}
{"type":"log","timestamp":1765117465621,"level":"info","message":"pptx generation is starting","meta":{"rootId":"u5i3esdjqcw6agm","id":"u5i3esdjqcw6agm"},"id":"8dsfwhbjzqc9ghm","previousOperationId":"d3ep3u7lif6hs7l"}
{"type":"log","timestamp":1765117467202,"level":"debug","message":"Starting child request to render pptx dynamic parts","meta":{"rootId":"u5i3esdjqcw6agm","id":"u5i3esdjqcw6agm"},"id":"xbpyaa9jv19iix2","previousOperationId":"d3ep3u7lif6hs7l"}
{"type":"operationStart","subtype":"render","name":"anonymous","previousOperationId":"d3ep3u7lif6hs7l","timestamp":1765117467203,"id":"hoic4sufmj0gge5","previousEventId":"odw19ntpli54kku","operationId":"atj0quoe757dfi5"}
{"type":"log","timestamp":1765117467203,"level":"info","message":"Starting rendering (child) request","meta":{"rootId":"u5i3esdjqcw6agm","id":"db61gr2xynq5mas"},"id":"7id3ftberncc6mz","previousOperationId":"atj0quoe757dfi5"}
{"type":"log","timestamp":1765117467203,"level":"info","message":"Rendering anonymous template { recipe: html, engine: handlebars }","meta":{"rootId":"u5i3esdjqcw6agm","id":"db61gr2xynq5mas"},"id":"6kiuqfh3qsbcvuw","previousOperationId":"atj0quoe757dfi5"}
{"type":"log","timestamp":1765117467203,"level":"debug","message":"Inline data specified.","meta":{"rootId":"u5i3esdjqcw6agm","id":"db61gr2xynq5mas"},"id":"kzjbb6pxj24jv5s","previousOperationId":"atj0quoe757dfi5"}
{"type":"log","timestamp":1765117467212,"level":"debug","message":"Base url not specified, skipping its injection.","meta":{"rootId":"u5i3esdjqcw6agm","id":"db61gr2xynq5mas"},"id":"b3r7gx0oxo2n7y9","previousOperationId":"atj0quoe757dfi5"}
{"type":"operationStart","subtype":"engine","name":"handlebars","timestamp":1765117467213,"id":"9pdm03aewxccboz","previousEventId":"hoic4sufmj0gge5","operationId":"p00os5rg71p7ddx","previousOperationId":"atj0quoe757dfi5"}
{"type":"log","timestamp":1765117467214,"level":"debug","message":"Rendering engine handlebars","meta":{"rootId":"u5i3esdjqcw6agm","id":"db61gr2xynq5mas"},"id":"gpmatxtr3ta93jd","previousOperationId":"p00os5rg71p7ddx"}
{"type":"operationEnd","operationId":"p00os5rg71p7ddx","timestamp":1765117467322,"id":"wjb6tr2w8ingjon","previousEventId":"9pdm03aewxccboz","previousOperationId":"p00os5rg71p7ddx"}
{"type":"operationStart","subtype":"recipe","name":"html","timestamp":1765117467335,"id":"8pi11uwvqrfai1k","previousEventId":"wjb6tr2w8ingjon","operationId":"at1839t2y5nqzat","previousOperationId":"p00os5rg71p7ddx"}
{"type":"log","timestamp":1765117467335,"level":"debug","message":"Executing recipe html","meta":{"rootId":"u5i3esdjqcw6agm","id":"db61gr2xynq5mas"},"id":"tuktdiva2hkbhgr","previousOperationId":"at1839t2y5nqzat"}
{"type":"operationEnd","operationId":"at1839t2y5nqzat","timestamp":1765117467335,"id":"p5rgo7k0ml6dc61","previousEventId":"8pi11uwvqrfai1k","previousOperationId":"at1839t2y5nqzat"}
{"type":"log","timestamp":1765117467335,"level":"debug","message":"Skipping storing report.","meta":{"rootId":"u5i3esdjqcw6agm","id":"db61gr2xynq5mas"},"id":"rikvafwna2opzcm","previousOperationId":"at1839t2y5nqzat"}
{"type":"log","timestamp":1765117467335,"level":"info","message":"Rendering (child) request finished in 1903 ms","meta":{"rootId":"u5i3esdjqcw6agm","id":"db61gr2xynq5mas"},"id":"z9m4qqycf58x6tj","previousOperationId":"at1839t2y5nqzat"}
{"type":"operationEnd","subtype":"render","operationId":"atj0quoe757dfi5","timestamp":1765117467335,"id":"p72cowzhgjcrpd2","previousEventId":"p5rgo7k0ml6dc61","previousOperationId":"at1839t2y5nqzat"}
{"type":"log","timestamp":1765117476131,"level":"debug","message":"pptx successfully zipped","meta":{"rootId":"u5i3esdjqcw6agm","id":"u5i3esdjqcw6agm"},"id":"p59h2svctbewq3w","previousOperationId":"d3ep3u7lif6hs7l"}
{"type":"log","timestamp":1765117476131,"level":"info","message":"pptx generation was finished","meta":{"rootId":"u5i3esdjqcw6agm","id":"u5i3esdjqcw6agm"},"id":"ol32b6jssat1m0l","previousOperationId":"d3ep3u7lif6hs7l"}
{"type":"operationEnd","operationId":"d3ep3u7lif6hs7l","timestamp":1765117476142,"id":"3p1kuqim0tepg1u","previousEventId":"odw19ntpli54kku","previousOperationId":"d3ep3u7lif6hs7l"}
{"type":"log","timestamp":1765117476142,"level":"debug","message":"Skipping storing report.","meta":{"rootId":"u5i3esdjqcw6agm","id":"u5i3esdjqcw6agm"},"id":"w5646oajvd4ty7c","previousOperationId":"d3ep3u7lif6hs7l"}
{"type":"log","timestamp":1765117476142,"level":"info","message":"Rendering request 4 finished in 10710 ms","meta":{"rootId":"u5i3esdjqcw6agm","id":"u5i3esdjqcw6agm"},"id":"fr9fprhn50aghzu","previousOperationId":"d3ep3u7lif6hs7l"}
{"type":"operationEnd","subtype":"render","operationId":"i0n438zah2ktboc","timestamp":1765117476142,"id":"y2knthlw16wxzka","previousEventId":"3p1kuqim0tepg1u","previousOperationId":"d3ep3u7lif6hs7l"}
{"type":"operationEnd","doDiffs":false,"previousEventId":"ote19rwanye1oqf","previousOperationId":"kie5mtsdof0ffa2","operationId":"kie5mtsdof0ffa2","timestamp":1765117476148,"id":"f97ehiyfm8zcmpl"}
