{"type":"operationStart","subtype":"profile","data":{"_id":"YsVf0qSjeelLiwKA","timestamp":"2025-12-05T13:06:00.353Z","state":"running","mode":"standard","creationDate":"2025-12-05T13:06:00.357Z","modificationDate":"2025-12-05T13:06:00.357Z","shortid":"CrHsub0","$entitySet":"profiles","timeout":60000},"doDiffs":false,"timestamp":1764939960355,"id":"adyuhu5cg00ulxx","previousOperationId":null,"operationId":"kvp4m3mj76bw5zq"}
{"type":"log","level":"info","message":"Render request 3 queued for execution and waiting for available worker","previousOperationId":"kvp4m3mj76bw5zq","timestamp":1764939960355,"id":"fqn7jtd51swaokn"}
{"type":"operationStart","subtype":"render","name":"anonymous","previousOperationId":"kvp4m3mj76bw5zq","timestamp":1764939960365,"id":"7zxq5g8kqozfygi","previousEventId":"adyuhu5cg00ulxx","operationId":"hwg50pab2bww48s"}
{"type":"log","timestamp":1764939960365,"level":"info","message":"Starting rendering request 3","meta":{"rootId":"ub9t63ct8lxatdh","id":"ub9t63ct8lxatdh"},"id":"vc551nmfpx9zxv9","previousOperationId":"hwg50pab2bww48s"}
{"type":"log","timestamp":1764939960365,"level":"info","message":"Rendering anonymous template { recipe: pptx, engine: handlebars }","meta":{"rootId":"ub9t63ct8lxatdh","id":"ub9t63ct8lxatdh"},"id":"2sm6zizmif1tvfn","previousOperationId":"hwg50pab2bww48s"}
{"type":"log","timestamp":1764939960365,"level":"debug","message":"Inline data specified.","meta":{"rootId":"ub9t63ct8lxatdh","id":"ub9t63ct8lxatdh"},"id":"7ox2ki7oh9sszp1","previousOperationId":"hwg50pab2bww48s"}
{"type":"log","timestamp":1764939960367,"level":"debug","message":"Base url not specified, skipping its injection.","meta":{"rootId":"ub9t63ct8lxatdh","id":"ub9t63ct8lxatdh"},"id":"ps2lv7zf03giqfo","previousOperationId":"hwg50pab2bww48s"}
{"type":"operationStart","subtype":"engine","name":"handlebars","timestamp":1764939960367,"id":"eaafs1y8q5laq53","previousEventId":"7zxq5g8kqozfygi","operationId":"b3orxssj0o3x8ip","previousOperationId":"hwg50pab2bww48s"}
{"type":"log","timestamp":1764939960367,"level":"debug","message":"Rendering engine handlebars","meta":{"rootId":"ub9t63ct8lxatdh","id":"ub9t63ct8lxatdh"},"id":"svina3ozq2j3334","previousOperationId":"b3orxssj0o3x8ip"}
{"type":"operationEnd","operationId":"b3orxssj0o3x8ip","timestamp":1764939960383,"id":"wajxt7z96uovdwi","previousEventId":"eaafs1y8q5laq53","previousOperationId":"b3orxssj0o3x8ip"}
{"type":"operationStart","subtype":"recipe","name":"pptx","timestamp":1764939960384,"id":"dyktgn67jvesm8c","previousEventId":"wajxt7z96uovdwi","operationId":"hz69eetpyui2xpd","previousOperationId":"b3orxssj0o3x8ip"}
{"type":"log","timestamp":1764939960384,"level":"debug","message":"Executing recipe pptx","meta":{"rootId":"ub9t63ct8lxatdh","id":"ub9t63ct8lxatdh"},"id":"8xe3c9fdl47qipy","previousOperationId":"hz69eetpyui2xpd"}
{"type":"log","timestamp":1764939960384,"level":"info","message":"pptx generation is starting","meta":{"rootId":"ub9t63ct8lxatdh","id":"ub9t63ct8lxatdh"},"id":"0coqg6j15r1u7m8","previousOperationId":"hz69eetpyui2xpd"}
{"type":"log","timestamp":1764939960520,"level":"debug","message":"Starting child request to render pptx dynamic parts","meta":{"rootId":"ub9t63ct8lxatdh","id":"ub9t63ct8lxatdh"},"id":"nihs9wroagp5coz","previousOperationId":"hz69eetpyui2xpd"}
{"type":"operationStart","subtype":"render","name":"anonymous","previousOperationId":"hz69eetpyui2xpd","timestamp":1764939960520,"id":"icgol5r9wecbkkz","previousEventId":"dyktgn67jvesm8c","operationId":"33si7h6e06i58de"}
{"type":"log","timestamp":1764939960520,"level":"info","message":"Starting rendering (child) request","meta":{"rootId":"ub9t63ct8lxatdh","id":"cr7m0a47ht32gak"},"id":"n3315poowklwdjf","previousOperationId":"33si7h6e06i58de"}
{"type":"log","timestamp":1764939960520,"level":"info","message":"Rendering anonymous template { recipe: html, engine: handlebars }","meta":{"rootId":"ub9t63ct8lxatdh","id":"cr7m0a47ht32gak"},"id":"t6x688o3hlcl1m1","previousOperationId":"33si7h6e06i58de"}
{"type":"log","timestamp":1764939960520,"level":"debug","message":"Inline data specified.","meta":{"rootId":"ub9t63ct8lxatdh","id":"cr7m0a47ht32gak"},"id":"wcucxjfvkwe0l4j","previousOperationId":"33si7h6e06i58de"}
{"type":"log","timestamp":1764939960524,"level":"debug","message":"Base url not specified, skipping its injection.","meta":{"rootId":"ub9t63ct8lxatdh","id":"cr7m0a47ht32gak"},"id":"b2gyhd6pflcw340","previousOperationId":"33si7h6e06i58de"}
{"type":"operationStart","subtype":"engine","name":"handlebars","timestamp":1764939960525,"id":"qw7fh4nx8ohmi4f","previousEventId":"icgol5r9wecbkkz","operationId":"owpj5gtov42ue0e","previousOperationId":"33si7h6e06i58de"}
{"type":"log","timestamp":1764939960525,"level":"debug","message":"Rendering engine handlebars","meta":{"rootId":"ub9t63ct8lxatdh","id":"cr7m0a47ht32gak"},"id":"6onw7d791q075o2","previousOperationId":"owpj5gtov42ue0e"}
{"type":"operationEnd","operationId":"owpj5gtov42ue0e","timestamp":1764939960561,"id":"kp0nev44kooywcr","previousEventId":"qw7fh4nx8ohmi4f","previousOperationId":"owpj5gtov42ue0e"}
{"type":"operationStart","subtype":"recipe","name":"html","timestamp":1764939960564,"id":"ayqysidu9qith62","previousEventId":"kp0nev44kooywcr","operationId":"4pg2icjzv2y6f4z","previousOperationId":"owpj5gtov42ue0e"}
{"type":"log","timestamp":1764939960564,"level":"debug","message":"Executing recipe html","meta":{"rootId":"ub9t63ct8lxatdh","id":"cr7m0a47ht32gak"},"id":"aonyohp8b19uutp","previousOperationId":"4pg2icjzv2y6f4z"}
{"type":"operationEnd","operationId":"4pg2icjzv2y6f4z","timestamp":1764939960564,"id":"2hqpd7yjs21sw0a","previousEventId":"ayqysidu9qith62","previousOperationId":"4pg2icjzv2y6f4z"}
{"type":"log","timestamp":1764939960564,"level":"debug","message":"Skipping storing report.","meta":{"rootId":"ub9t63ct8lxatdh","id":"cr7m0a47ht32gak"},"id":"gkt1dco4akk0vwg","previousOperationId":"4pg2icjzv2y6f4z"}
{"type":"log","timestamp":1764939960564,"level":"info","message":"Rendering (child) request finished in 211 ms","meta":{"rootId":"ub9t63ct8lxatdh","id":"cr7m0a47ht32gak"},"id":"46x1t2qye8uwpmm","previousOperationId":"4pg2icjzv2y6f4z"}
{"type":"operationEnd","subtype":"render","operationId":"33si7h6e06i58de","timestamp":1764939960564,"id":"gcyqcdndyszk8h7","previousEventId":"2hqpd7yjs21sw0a","previousOperationId":"4pg2icjzv2y6f4z"}
{"type":"log","timestamp":1764939960709,"level":"debug","message":"pptx successfully zipped","meta":{"rootId":"ub9t63ct8lxatdh","id":"ub9t63ct8lxatdh"},"id":"acq5ymec9xua4ey","previousOperationId":"hz69eetpyui2xpd"}
{"type":"log","timestamp":1764939960709,"level":"info","message":"pptx generation was finished","meta":{"rootId":"ub9t63ct8lxatdh","id":"ub9t63ct8lxatdh"},"id":"our2xjd011utfh3","previousOperationId":"hz69eetpyui2xpd"}
{"type":"operationEnd","operationId":"hz69eetpyui2xpd","timestamp":1764939960712,"id":"ye5yp2wl3kmxbve","previousEventId":"dyktgn67jvesm8c","previousOperationId":"hz69eetpyui2xpd"}
{"type":"log","timestamp":1764939960712,"level":"debug","message":"Skipping storing report.","meta":{"rootId":"ub9t63ct8lxatdh","id":"ub9t63ct8lxatdh"},"id":"jnobnd3vnegv479","previousOperationId":"hz69eetpyui2xpd"}
{"type":"log","timestamp":1764939960712,"level":"info","message":"Rendering request 3 finished in 359 ms","meta":{"rootId":"ub9t63ct8lxatdh","id":"ub9t63ct8lxatdh"},"id":"37p009xngbhkbh5","previousOperationId":"hz69eetpyui2xpd"}
{"type":"operationEnd","subtype":"render","operationId":"hwg50pab2bww48s","timestamp":1764939960712,"id":"7uqcqb5qtaxnrv4","previousEventId":"ye5yp2wl3kmxbve","previousOperationId":"hz69eetpyui2xpd"}
{"type":"operationEnd","doDiffs":false,"previousEventId":"adyuhu5cg00ulxx","previousOperationId":"kvp4m3mj76bw5zq","operationId":"kvp4m3mj76bw5zq","timestamp":1764939960718,"id":"h2ranueyoiuqmkk"}
