{"type":"operationStart","subtype":"profile","data":{"_id":"wrlYmW7gJ9BssCEy","timestamp":"2025-12-05T17:20:14.718Z","state":"running","mode":"standard","creationDate":"2025-12-05T17:20:14.722Z","modificationDate":"2025-12-05T17:20:14.722Z","shortid":"v-soAJO","$entitySet":"profiles","timeout":60000},"doDiffs":false,"timestamp":1764955214721,"id":"6vfirzrwb8zs3dc","previousOperationId":null,"operationId":"9qf60migrd6xe6e"}
{"type":"log","level":"info","message":"Render request 11 queued for execution and waiting for available worker","previousOperationId":"9qf60migrd6xe6e","timestamp":1764955214721,"id":"vw342ir20ox5zgr"}
{"type":"operationStart","subtype":"render","name":"anonymous","previousOperationId":"9qf60migrd6xe6e","timestamp":1764955214734,"id":"9u5fib7c85l910m","previousEventId":"6vfirzrwb8zs3dc","operationId":"0p0yahbhdtqowcj"}
{"type":"log","timestamp":1764955214734,"level":"info","message":"Starting rendering request 11","meta":{"rootId":"umr5fn2wed32qxb","id":"umr5fn2wed32qxb"},"id":"r3t3ktlm3dn6r87","previousOperationId":"0p0yahbhdtqowcj"}
{"type":"log","timestamp":1764955214734,"level":"info","message":"Rendering anonymous template { recipe: pptx, engine: handlebars }","meta":{"rootId":"umr5fn2wed32qxb","id":"umr5fn2wed32qxb"},"id":"75wjn036kr7oswo","previousOperationId":"0p0yahbhdtqowcj"}
{"type":"log","timestamp":1764955214734,"level":"debug","message":"Inline data specified.","meta":{"rootId":"umr5fn2wed32qxb","id":"umr5fn2wed32qxb"},"id":"0zynn587iebmm2b","previousOperationId":"0p0yahbhdtqowcj"}
{"type":"log","timestamp":1764955214742,"level":"debug","message":"Base url not specified, skipping its injection.","meta":{"rootId":"umr5fn2wed32qxb","id":"umr5fn2wed32qxb"},"id":"nsx8ftq414kemue","previousOperationId":"0p0yahbhdtqowcj"}
{"type":"operationStart","subtype":"engine","name":"handlebars","timestamp":1764955214742,"id":"iqc9lnmjwn3jb06","previousEventId":"9u5fib7c85l910m","operationId":"viw570p8focw1o4","previousOperationId":"0p0yahbhdtqowcj"}
{"type":"log","timestamp":1764955214743,"level":"debug","message":"Rendering engine handlebars","meta":{"rootId":"umr5fn2wed32qxb","id":"umr5fn2wed32qxb"},"id":"4fqntmvt7p4vx0a","previousOperationId":"viw570p8focw1o4"}
{"type":"operationEnd","operationId":"viw570p8focw1o4","timestamp":1764955214754,"id":"r7v9dvcdi6l7zrp","previousEventId":"iqc9lnmjwn3jb06","previousOperationId":"viw570p8focw1o4"}
{"type":"operationStart","subtype":"recipe","name":"pptx","timestamp":1764955214755,"id":"fa8pom2mbvj20lo","previousEventId":"r7v9dvcdi6l7zrp","operationId":"ntm7wvzxzmhvitr","previousOperationId":"viw570p8focw1o4"}
{"type":"log","timestamp":1764955214755,"level":"debug","message":"Executing recipe pptx","meta":{"rootId":"umr5fn2wed32qxb","id":"umr5fn2wed32qxb"},"id":"vjf8goibmsq9zom","previousOperationId":"ntm7wvzxzmhvitr"}
{"type":"log","timestamp":1764955214756,"level":"info","message":"pptx generation is starting","meta":{"rootId":"umr5fn2wed32qxb","id":"umr5fn2wed32qxb"},"id":"77wftw46h51582q","previousOperationId":"ntm7wvzxzmhvitr"}
{"type":"log","timestamp":1764955214858,"level":"debug","message":"Starting child request to render pptx dynamic parts","meta":{"rootId":"umr5fn2wed32qxb","id":"umr5fn2wed32qxb"},"id":"kyip3t9jvpzw5q7","previousOperationId":"ntm7wvzxzmhvitr"}
{"type":"operationStart","subtype":"render","name":"anonymous","previousOperationId":"ntm7wvzxzmhvitr","timestamp":1764955214858,"id":"nvmd4hpy7cqpid9","previousEventId":"fa8pom2mbvj20lo","operationId":"s025x5yhu5xp7zb"}
{"type":"log","timestamp":1764955214858,"level":"info","message":"Starting rendering (child) request","meta":{"rootId":"umr5fn2wed32qxb","id":"z1cni5f67ntpvj3"},"id":"t67fne8j1l62m3r","previousOperationId":"s025x5yhu5xp7zb"}
{"type":"log","timestamp":1764955214858,"level":"info","message":"Rendering anonymous template { recipe: html, engine: handlebars }","meta":{"rootId":"umr5fn2wed32qxb","id":"z1cni5f67ntpvj3"},"id":"0zzwk6ewy4i1mkz","previousOperationId":"s025x5yhu5xp7zb"}
{"type":"log","timestamp":1764955214858,"level":"debug","message":"Inline data specified.","meta":{"rootId":"umr5fn2wed32qxb","id":"z1cni5f67ntpvj3"},"id":"5q9neg3923e13y4","previousOperationId":"s025x5yhu5xp7zb"}
{"type":"log","timestamp":1764955214872,"level":"debug","message":"Base url not specified, skipping its injection.","meta":{"rootId":"umr5fn2wed32qxb","id":"z1cni5f67ntpvj3"},"id":"b675nxh1f4ahlxd","previousOperationId":"s025x5yhu5xp7zb"}
{"type":"operationStart","subtype":"engine","name":"handlebars","timestamp":1764955214872,"id":"n35mbc0the2uxsn","previousEventId":"nvmd4hpy7cqpid9","operationId":"zdxih66r8rkusqe","previousOperationId":"s025x5yhu5xp7zb"}
{"type":"log","timestamp":1764955214872,"level":"debug","message":"Rendering engine handlebars","meta":{"rootId":"umr5fn2wed32qxb","id":"z1cni5f67ntpvj3"},"id":"6hvkxg6ebwxy7h0","previousOperationId":"zdxih66r8rkusqe"}
{"type":"operationEnd","operationId":"zdxih66r8rkusqe","timestamp":1764955214901,"id":"y384jibr77k08gs","previousEventId":"n35mbc0the2uxsn","previousOperationId":"zdxih66r8rkusqe"}
{"type":"operationStart","subtype":"recipe","name":"html","timestamp":1764955214902,"id":"wna0sarw56jclo9","previousEventId":"y384jibr77k08gs","operationId":"qzf3rc6mkwmou3m","previousOperationId":"zdxih66r8rkusqe"}
{"type":"log","timestamp":1764955214902,"level":"debug","message":"Executing recipe html","meta":{"rootId":"umr5fn2wed32qxb","id":"z1cni5f67ntpvj3"},"id":"z8glfsh988h8y7k","previousOperationId":"qzf3rc6mkwmou3m"}
{"type":"operationEnd","operationId":"qzf3rc6mkwmou3m","timestamp":1764955214902,"id":"yrgq6ealfrdedi8","previousEventId":"wna0sarw56jclo9","previousOperationId":"qzf3rc6mkwmou3m"}
{"type":"log","timestamp":1764955214903,"level":"debug","message":"Skipping storing report.","meta":{"rootId":"umr5fn2wed32qxb","id":"z1cni5f67ntpvj3"},"id":"t1znacblpxczo4r","previousOperationId":"qzf3rc6mkwmou3m"}
{"type":"log","timestamp":1764955214903,"level":"info","message":"Rendering (child) request finished in 186 ms","meta":{"rootId":"umr5fn2wed32qxb","id":"z1cni5f67ntpvj3"},"id":"ddh3xk379lc3znl","previousOperationId":"qzf3rc6mkwmou3m"}
{"type":"operationEnd","subtype":"render","operationId":"s025x5yhu5xp7zb","timestamp":1764955214903,"id":"fxzureyv7d1qi1g","previousEventId":"yrgq6ealfrdedi8","previousOperationId":"qzf3rc6mkwmou3m"}
{"type":"log","timestamp":1764955215016,"level":"debug","message":"pptx successfully zipped","meta":{"rootId":"umr5fn2wed32qxb","id":"umr5fn2wed32qxb"},"id":"tlwyrftt6rkxmzh","previousOperationId":"ntm7wvzxzmhvitr"}
{"type":"log","timestamp":1764955215016,"level":"info","message":"pptx generation was finished","meta":{"rootId":"umr5fn2wed32qxb","id":"umr5fn2wed32qxb"},"id":"ic3ve1oe1vskg6q","previousOperationId":"ntm7wvzxzmhvitr"}
{"type":"operationEnd","operationId":"ntm7wvzxzmhvitr","timestamp":1764955215019,"id":"c4wox8lyhg36sgq","previousEventId":"fa8pom2mbvj20lo","previousOperationId":"ntm7wvzxzmhvitr"}
{"type":"log","timestamp":1764955215019,"level":"debug","message":"Skipping storing report.","meta":{"rootId":"umr5fn2wed32qxb","id":"umr5fn2wed32qxb"},"id":"3o8h2bpovdvxhxc","previousOperationId":"ntm7wvzxzmhvitr"}
{"type":"log","timestamp":1764955215020,"level":"info","message":"Rendering request 11 finished in 303 ms","meta":{"rootId":"umr5fn2wed32qxb","id":"umr5fn2wed32qxb"},"id":"ehqjo9vimnfjlmk","previousOperationId":"ntm7wvzxzmhvitr"}
{"type":"operationEnd","subtype":"render","operationId":"0p0yahbhdtqowcj","timestamp":1764955215020,"id":"nvg8gtw2s0ml6ha","previousEventId":"c4wox8lyhg36sgq","previousOperationId":"ntm7wvzxzmhvitr"}
{"type":"operationEnd","doDiffs":false,"previousEventId":"6vfirzrwb8zs3dc","previousOperationId":"9qf60migrd6xe6e","operationId":"9qf60migrd6xe6e","timestamp":1764955215025,"id":"oy65fokyrjyydy7"}
