{"type":"operationStart","subtype":"profile","data":{"_id":"vPxUuVDIPbqniO8T","timestamp":"2025-12-07T14:39:30.244Z","state":"running","mode":"standard","creationDate":"2025-12-07T14:39:30.248Z","modificationDate":"2025-12-07T14:39:30.248Z","shortid":"ntIjAE_","$entitySet":"profiles","timeout":60000},"doDiffs":false,"timestamp":1765118370246,"id":"pes6cnf7c8ckhmg","previousOperationId":null,"operationId":"qzlm7w6edbanpov"}
{"type":"log","level":"info","message":"Render request 8 queued for execution and waiting for available worker","previousOperationId":"qzlm7w6edbanpov","timestamp":1765118370246,"id":"75fw8sxs762k53a"}
{"type":"operationStart","subtype":"render","name":"anonymous","previousOperationId":"qzlm7w6edbanpov","timestamp":1765118370315,"id":"v23t36ohvnkb6gx","previousEventId":"pes6cnf7c8ckhmg","operationId":"simys6eavgk1om3"}
{"type":"log","timestamp":1765118370316,"level":"info","message":"Starting rendering request 8","meta":{"rootId":"upcpme8iqfjpjvz","id":"upcpme8iqfjpjvz"},"id":"va13gmohwx9co9p","previousOperationId":"simys6eavgk1om3"}
{"type":"log","timestamp":1765118370316,"level":"info","message":"Rendering anonymous template { recipe: pptx, engine: handlebars }","meta":{"rootId":"upcpme8iqfjpjvz","id":"upcpme8iqfjpjvz"},"id":"9uuh18azdmtafcr","previousOperationId":"simys6eavgk1om3"}
{"type":"log","timestamp":1765118370316,"level":"debug","message":"Inline data specified.","meta":{"rootId":"upcpme8iqfjpjvz","id":"upcpme8iqfjpjvz"},"id":"km27a6qptv4klz9","previousOperationId":"simys6eavgk1om3"}
{"type":"log","timestamp":1765118370319,"level":"debug","message":"Base url not specified, skipping its injection.","meta":{"rootId":"upcpme8iqfjpjvz","id":"upcpme8iqfjpjvz"},"id":"nan82jqtp4bsszk","previousOperationId":"simys6eavgk1om3"}
{"type":"operationStart","subtype":"engine","name":"handlebars","timestamp":1765118370319,"id":"7qv4lptoz2sm7no","previousEventId":"v23t36ohvnkb6gx","operationId":"ho9wxezti6xeubf","previousOperationId":"simys6eavgk1om3"}
{"type":"log","timestamp":1765118370319,"level":"debug","message":"Rendering engine handlebars","meta":{"rootId":"upcpme8iqfjpjvz","id":"upcpme8iqfjpjvz"},"id":"z3ypy964aeni3q2","previousOperationId":"ho9wxezti6xeubf"}
{"type":"operationEnd","operationId":"ho9wxezti6xeubf","timestamp":1765118370395,"id":"ecrcbatljynusve","previousEventId":"7qv4lptoz2sm7no","previousOperationId":"ho9wxezti6xeubf"}
{"type":"operationStart","subtype":"recipe","name":"pptx","timestamp":1765118370396,"id":"lw5ztnhy9fktyxv","previousEventId":"ecrcbatljynusve","operationId":"azwchqbdmgkd75u","previousOperationId":"ho9wxezti6xeubf"}
{"type":"log","timestamp":1765118370396,"level":"debug","message":"Executing recipe pptx","meta":{"rootId":"upcpme8iqfjpjvz","id":"upcpme8iqfjpjvz"},"id":"8ujmircow2qnixn","previousOperationId":"azwchqbdmgkd75u"}
{"type":"log","timestamp":1765118370422,"level":"info","message":"pptx generation is starting","meta":{"rootId":"upcpme8iqfjpjvz","id":"upcpme8iqfjpjvz"},"id":"795m914niqen8p9","previousOperationId":"azwchqbdmgkd75u"}
{"type":"log","timestamp":1765118371985,"level":"debug","message":"Starting child request to render pptx dynamic parts","meta":{"rootId":"upcpme8iqfjpjvz","id":"upcpme8iqfjpjvz"},"id":"8jn5vio7z2d0dv4","previousOperationId":"azwchqbdmgkd75u"}
{"type":"operationStart","subtype":"render","name":"anonymous","previousOperationId":"azwchqbdmgkd75u","timestamp":1765118371986,"id":"qsww8u16q1tycg6","previousEventId":"lw5ztnhy9fktyxv","operationId":"u2vbte6y4ki42w6"}
{"type":"log","timestamp":1765118371986,"level":"info","message":"Starting rendering (child) request","meta":{"rootId":"upcpme8iqfjpjvz","id":"0c79oqgrnvb164q"},"id":"5f2mlwbmp4ju6gp","previousOperationId":"u2vbte6y4ki42w6"}
{"type":"log","timestamp":1765118371986,"level":"info","message":"Rendering anonymous template { recipe: html, engine: handlebars }","meta":{"rootId":"upcpme8iqfjpjvz","id":"0c79oqgrnvb164q"},"id":"3tke3x4pcnjf8o6","previousOperationId":"u2vbte6y4ki42w6"}
{"type":"log","timestamp":1765118371986,"level":"debug","message":"Inline data specified.","meta":{"rootId":"upcpme8iqfjpjvz","id":"0c79oqgrnvb164q"},"id":"aco2w78j9xuva1v","previousOperationId":"u2vbte6y4ki42w6"}
{"type":"log","timestamp":1765118371996,"level":"debug","message":"Base url not specified, skipping its injection.","meta":{"rootId":"upcpme8iqfjpjvz","id":"0c79oqgrnvb164q"},"id":"ha0lsojzyk91gfu","previousOperationId":"u2vbte6y4ki42w6"}
{"type":"operationStart","subtype":"engine","name":"handlebars","timestamp":1765118371997,"id":"5bc3ftwe4qwn38s","previousEventId":"qsww8u16q1tycg6","operationId":"cfnnqze3e6fdc3g","previousOperationId":"u2vbte6y4ki42w6"}
{"type":"log","timestamp":1765118371997,"level":"debug","message":"Rendering engine handlebars","meta":{"rootId":"upcpme8iqfjpjvz","id":"0c79oqgrnvb164q"},"id":"loh4nqaewp1hfm0","previousOperationId":"cfnnqze3e6fdc3g"}
{"type":"operationEnd","operationId":"cfnnqze3e6fdc3g","timestamp":1765118372121,"id":"ptfn27iekgwx0tw","previousEventId":"5bc3ftwe4qwn38s","previousOperationId":"cfnnqze3e6fdc3g"}
{"type":"operationStart","subtype":"recipe","name":"html","timestamp":1765118372136,"id":"k7q0xsydmoludfs","previousEventId":"ptfn27iekgwx0tw","operationId":"n9mof6oyiqq7pa3","previousOperationId":"cfnnqze3e6fdc3g"}
{"type":"log","timestamp":1765118372136,"level":"debug","message":"Executing recipe html","meta":{"rootId":"upcpme8iqfjpjvz","id":"0c79oqgrnvb164q"},"id":"2j1w9pl1h15fgcl","previousOperationId":"n9mof6oyiqq7pa3"}
{"type":"operationEnd","operationId":"n9mof6oyiqq7pa3","timestamp":1765118372136,"id":"3ax720nknqva8zq","previousEventId":"k7q0xsydmoludfs","previousOperationId":"n9mof6oyiqq7pa3"}
{"type":"log","timestamp":1765118372136,"level":"debug","message":"Skipping storing report.","meta":{"rootId":"upcpme8iqfjpjvz","id":"0c79oqgrnvb164q"},"id":"khh3iuy5727d473","previousOperationId":"n9mof6oyiqq7pa3"}
{"type":"log","timestamp":1765118372136,"level":"info","message":"Rendering (child) request finished in 1893 ms","meta":{"rootId":"upcpme8iqfjpjvz","id":"0c79oqgrnvb164q"},"id":"aeskfs93g20ag9w","previousOperationId":"n9mof6oyiqq7pa3"}
{"type":"operationEnd","subtype":"render","operationId":"u2vbte6y4ki42w6","timestamp":1765118372136,"id":"4hpv7mn3wn7j68x","previousEventId":"3ax720nknqva8zq","previousOperationId":"n9mof6oyiqq7pa3"}
{"type":"log","timestamp":1765118382959,"level":"debug","message":"pptx successfully zipped","meta":{"rootId":"upcpme8iqfjpjvz","id":"upcpme8iqfjpjvz"},"id":"q1dol5fti1b1kfj","previousOperationId":"azwchqbdmgkd75u"}
{"type":"log","timestamp":1765118382959,"level":"info","message":"pptx generation was finished","meta":{"rootId":"upcpme8iqfjpjvz","id":"upcpme8iqfjpjvz"},"id":"7agojfi2xxh1br7","previousOperationId":"azwchqbdmgkd75u"}
{"type":"operationEnd","operationId":"azwchqbdmgkd75u","timestamp":1765118382971,"id":"1pazu6hlq7ckkve","previousEventId":"lw5ztnhy9fktyxv","previousOperationId":"azwchqbdmgkd75u"}
{"type":"log","timestamp":1765118382971,"level":"debug","message":"Skipping storing report.","meta":{"rootId":"upcpme8iqfjpjvz","id":"upcpme8iqfjpjvz"},"id":"q6dqg32xqgv7xnx","previousOperationId":"azwchqbdmgkd75u"}
{"type":"log","timestamp":1765118382971,"level":"info","message":"Rendering request 8 finished in 12728 ms","meta":{"rootId":"upcpme8iqfjpjvz","id":"upcpme8iqfjpjvz"},"id":"4rkykjnjgr0ylo7","previousOperationId":"azwchqbdmgkd75u"}
{"type":"operationEnd","subtype":"render","operationId":"simys6eavgk1om3","timestamp":1765118382971,"id":"0p1kfvs1n41k32m","previousEventId":"1pazu6hlq7ckkve","previousOperationId":"azwchqbdmgkd75u"}
{"type":"operationEnd","doDiffs":false,"previousEventId":"pes6cnf7c8ckhmg","previousOperationId":"qzlm7w6edbanpov","operationId":"qzlm7w6edbanpov","timestamp":1765118382976,"id":"1j39qkqp2svj80l"}
