{"type":"operationStart","subtype":"profile","data":{"_id":"8lFYVG8xAw8ow7da","timestamp":"2025-12-06T15:18:07.167Z","state":"running","mode":"standard","creationDate":"2025-12-06T15:18:07.171Z","modificationDate":"2025-12-06T15:18:07.171Z","shortid":"kwPmElx","$entitySet":"profiles","timeout":60000},"doDiffs":false,"timestamp":1765034287170,"id":"6rhu4xow4bmb929","previousOperationId":null,"operationId":"g1xkp3d0ou3i99e"}
{"type":"log","level":"info","message":"Render request 17 queued for execution and waiting for available worker","previousOperationId":"g1xkp3d0ou3i99e","timestamp":1765034287170,"id":"85agq9koyhau5xm"}
{"type":"operationStart","subtype":"render","name":"anonymous","previousOperationId":"g1xkp3d0ou3i99e","timestamp":1765034287184,"id":"00pgf5n4toz1ylv","previousEventId":"6rhu4xow4bmb929","operationId":"qwu17ovuyswlwe6"}
{"type":"log","timestamp":1765034287184,"level":"info","message":"Starting rendering request 17","meta":{"rootId":"uujov0bxotlmjmc","id":"uujov0bxotlmjmc"},"id":"hubj025zjegg2by","previousOperationId":"qwu17ovuyswlwe6"}
{"type":"log","timestamp":1765034287184,"level":"info","message":"Rendering anonymous template { recipe: pptx, engine: handlebars }","meta":{"rootId":"uujov0bxotlmjmc","id":"uujov0bxotlmjmc"},"id":"vrupim98yifb7vn","previousOperationId":"qwu17ovuyswlwe6"}
{"type":"log","timestamp":1765034287184,"level":"debug","message":"Inline data specified.","meta":{"rootId":"uujov0bxotlmjmc","id":"uujov0bxotlmjmc"},"id":"92p15tn3skndlir","previousOperationId":"qwu17ovuyswlwe6"}
{"type":"log","timestamp":1765034287188,"level":"debug","message":"Base url not specified, skipping its injection.","meta":{"rootId":"uujov0bxotlmjmc","id":"uujov0bxotlmjmc"},"id":"qjjzqywrndlppyj","previousOperationId":"qwu17ovuyswlwe6"}
{"type":"operationStart","subtype":"engine","name":"handlebars","timestamp":1765034287188,"id":"bgua51m4rkng6d8","previousEventId":"00pgf5n4toz1ylv","operationId":"j9je7n42h5rddae","previousOperationId":"qwu17ovuyswlwe6"}
{"type":"log","timestamp":1765034287188,"level":"debug","message":"Rendering engine handlebars","meta":{"rootId":"uujov0bxotlmjmc","id":"uujov0bxotlmjmc"},"id":"py9a81hb9r3temd","previousOperationId":"j9je7n42h5rddae"}
{"type":"operationEnd","operationId":"j9je7n42h5rddae","timestamp":1765034287207,"id":"jc15vm619nrhq9k","previousEventId":"bgua51m4rkng6d8","previousOperationId":"j9je7n42h5rddae"}
{"type":"operationStart","subtype":"recipe","name":"pptx","timestamp":1765034287207,"id":"pqo2dephw6vcpip","previousEventId":"jc15vm619nrhq9k","operationId":"vg7att3facv4099","previousOperationId":"j9je7n42h5rddae"}
{"type":"log","timestamp":1765034287207,"level":"debug","message":"Executing recipe pptx","meta":{"rootId":"uujov0bxotlmjmc","id":"uujov0bxotlmjmc"},"id":"y92g2ppgi00dxdi","previousOperationId":"vg7att3facv4099"}
{"type":"log","timestamp":1765034287208,"level":"info","message":"pptx generation is starting","meta":{"rootId":"uujov0bxotlmjmc","id":"uujov0bxotlmjmc"},"id":"lmyianv5nbvtoxw","previousOperationId":"vg7att3facv4099"}
{"type":"log","timestamp":1765034287343,"level":"debug","message":"Starting child request to render pptx dynamic parts","meta":{"rootId":"uujov0bxotlmjmc","id":"uujov0bxotlmjmc"},"id":"u9vhs5gb3fnnk1j","previousOperationId":"vg7att3facv4099"}
{"type":"operationStart","subtype":"render","name":"anonymous","previousOperationId":"vg7att3facv4099","timestamp":1765034287343,"id":"jg0macqcif96j6o","previousEventId":"pqo2dephw6vcpip","operationId":"o9z0b2d2n9j19b8"}
{"type":"log","timestamp":1765034287344,"level":"info","message":"Starting rendering (child) request","meta":{"rootId":"uujov0bxotlmjmc","id":"e0v54garcyyackg"},"id":"64pt2gt5ej733gy","previousOperationId":"o9z0b2d2n9j19b8"}
{"type":"log","timestamp":1765034287344,"level":"info","message":"Rendering anonymous template { recipe: html, engine: handlebars }","meta":{"rootId":"uujov0bxotlmjmc","id":"e0v54garcyyackg"},"id":"z1fdzceszb3zde2","previousOperationId":"o9z0b2d2n9j19b8"}
{"type":"log","timestamp":1765034287344,"level":"debug","message":"Inline data specified.","meta":{"rootId":"uujov0bxotlmjmc","id":"e0v54garcyyackg"},"id":"ab9jfq0pm6tcem6","previousOperationId":"o9z0b2d2n9j19b8"}
{"type":"log","timestamp":1765034287348,"level":"debug","message":"Base url not specified, skipping its injection.","meta":{"rootId":"uujov0bxotlmjmc","id":"e0v54garcyyackg"},"id":"eqzp77kvxc536t2","previousOperationId":"o9z0b2d2n9j19b8"}
{"type":"operationStart","subtype":"engine","name":"handlebars","timestamp":1765034287348,"id":"08c45y26wwp8yu2","previousEventId":"jg0macqcif96j6o","operationId":"xrzpewetonnqqsx","previousOperationId":"o9z0b2d2n9j19b8"}
{"type":"log","timestamp":1765034287348,"level":"debug","message":"Rendering engine handlebars","meta":{"rootId":"uujov0bxotlmjmc","id":"e0v54garcyyackg"},"id":"vzmu2d4kn98gf3a","previousOperationId":"xrzpewetonnqqsx"}
{"type":"operationEnd","operationId":"xrzpewetonnqqsx","timestamp":1765034287377,"id":"gvytqsy69c5onlo","previousEventId":"08c45y26wwp8yu2","previousOperationId":"xrzpewetonnqqsx"}
{"type":"operationStart","subtype":"recipe","name":"html","timestamp":1765034287378,"id":"hg5es7jr08lw1k8","previousEventId":"gvytqsy69c5onlo","operationId":"6qpz7pwes2n7i28","previousOperationId":"xrzpewetonnqqsx"}
{"type":"log","timestamp":1765034287378,"level":"debug","message":"Executing recipe html","meta":{"rootId":"uujov0bxotlmjmc","id":"e0v54garcyyackg"},"id":"taxsaqq9ppq35on","previousOperationId":"6qpz7pwes2n7i28"}
{"type":"operationEnd","operationId":"6qpz7pwes2n7i28","timestamp":1765034287378,"id":"we25p38rh0whp74","previousEventId":"hg5es7jr08lw1k8","previousOperationId":"6qpz7pwes2n7i28"}
{"type":"log","timestamp":1765034287379,"level":"debug","message":"Skipping storing report.","meta":{"rootId":"uujov0bxotlmjmc","id":"e0v54garcyyackg"},"id":"iwqdeqxne11085s","previousOperationId":"6qpz7pwes2n7i28"}
{"type":"log","timestamp":1765034287379,"level":"info","message":"Rendering (child) request finished in 212 ms","meta":{"rootId":"uujov0bxotlmjmc","id":"e0v54garcyyackg"},"id":"0q6mzs8mw8ten27","previousOperationId":"6qpz7pwes2n7i28"}
{"type":"operationEnd","subtype":"render","operationId":"o9z0b2d2n9j19b8","timestamp":1765034287379,"id":"l2jaw6p78d3oiha","previousEventId":"we25p38rh0whp74","previousOperationId":"6qpz7pwes2n7i28"}
{"type":"log","timestamp":1765034288833,"level":"debug","message":"pptx successfully zipped","meta":{"rootId":"uujov0bxotlmjmc","id":"uujov0bxotlmjmc"},"id":"pqd4alws6lom2kj","previousOperationId":"vg7att3facv4099"}
{"type":"log","timestamp":1765034288833,"level":"info","message":"pptx generation was finished","meta":{"rootId":"uujov0bxotlmjmc","id":"uujov0bxotlmjmc"},"id":"nanz0d30rmxxwqa","previousOperationId":"vg7att3facv4099"}
{"type":"operationEnd","operationId":"vg7att3facv4099","timestamp":1765034288836,"id":"96i8jvnhtco3lmw","previousEventId":"pqo2dephw6vcpip","previousOperationId":"vg7att3facv4099"}
{"type":"log","timestamp":1765034288836,"level":"debug","message":"Skipping storing report.","meta":{"rootId":"uujov0bxotlmjmc","id":"uujov0bxotlmjmc"},"id":"iam9iprkzw15nk4","previousOperationId":"vg7att3facv4099"}
{"type":"log","timestamp":1765034288836,"level":"info","message":"Rendering request 17 finished in 1669 ms","meta":{"rootId":"uujov0bxotlmjmc","id":"uujov0bxotlmjmc"},"id":"8d0323eh9sxc0ww","previousOperationId":"vg7att3facv4099"}
{"type":"operationEnd","subtype":"render","operationId":"qwu17ovuyswlwe6","timestamp":1765034288836,"id":"0wfr6rpahtafqap","previousEventId":"96i8jvnhtco3lmw","previousOperationId":"vg7att3facv4099"}
{"type":"operationEnd","doDiffs":false,"previousEventId":"6rhu4xow4bmb929","previousOperationId":"g1xkp3d0ou3i99e","operationId":"g1xkp3d0ou3i99e","timestamp":1765034288841,"id":"x0eqoji2s4z9e0t"}
