{"type":"operationStart","subtype":"profile","data":{"_id":"L3CyWm2xxOiB66Ke","timestamp":"2025-12-05T13:04:46.746Z","state":"running","mode":"standard","creationDate":"2025-12-05T13:04:46.752Z","modificationDate":"2025-12-05T13:04:46.752Z","shortid":"pGv6Jz2","$entitySet":"profiles","timeout":60000},"doDiffs":false,"timestamp":1764939886750,"id":"eilwpp0db3s046g","previousOperationId":null,"operationId":"yl3pkxfsxfjc4m9"}
{"type":"log","level":"info","message":"Render request 2 queued for execution and waiting for available worker","previousOperationId":"yl3pkxfsxfjc4m9","timestamp":1764939886750,"id":"df5rldaga4vafv5"}
{"type":"operationStart","subtype":"render","name":"anonymous","previousOperationId":"yl3pkxfsxfjc4m9","timestamp":1764939886767,"id":"8kcbt6lelyj8cr0","previousEventId":"eilwpp0db3s046g","operationId":"6rm7y8829rdoo4e"}
{"type":"log","timestamp":1764939886769,"level":"info","message":"Starting rendering request 2","meta":{"rootId":"uuvt94e5h4hmkj5","id":"uuvt94e5h4hmkj5"},"id":"5sz8fgjjkmpbmjx","previousOperationId":"6rm7y8829rdoo4e"}
{"type":"log","timestamp":1764939886771,"level":"info","message":"Rendering anonymous template { recipe: pptx, engine: handlebars }","meta":{"rootId":"uuvt94e5h4hmkj5","id":"uuvt94e5h4hmkj5"},"id":"9p5gx9vx8wnyznj","previousOperationId":"6rm7y8829rdoo4e"}
{"type":"log","timestamp":1764939886772,"level":"debug","message":"Inline data specified.","meta":{"rootId":"uuvt94e5h4hmkj5","id":"uuvt94e5h4hmkj5"},"id":"xrwtz6fmugpc4zv","previousOperationId":"6rm7y8829rdoo4e"}
{"type":"log","timestamp":1764939886778,"level":"debug","message":"Base url not specified, skipping its injection.","meta":{"rootId":"uuvt94e5h4hmkj5","id":"uuvt94e5h4hmkj5"},"id":"if0k3kuvl982p9x","previousOperationId":"6rm7y8829rdoo4e"}
{"type":"operationStart","subtype":"engine","name":"handlebars","timestamp":1764939886779,"id":"vk4kapma5vh2qmm","previousEventId":"8kcbt6lelyj8cr0","operationId":"umd8wsih48m8ve3","previousOperationId":"6rm7y8829rdoo4e"}
{"type":"log","timestamp":1764939886779,"level":"debug","message":"Rendering engine handlebars","meta":{"rootId":"uuvt94e5h4hmkj5","id":"uuvt94e5h4hmkj5"},"id":"2uzh2b4qs6ouivt","previousOperationId":"umd8wsih48m8ve3"}
{"type":"operationEnd","operationId":"umd8wsih48m8ve3","timestamp":1764939887751,"id":"t268vu43n7hmspp","previousEventId":"vk4kapma5vh2qmm","previousOperationId":"umd8wsih48m8ve3"}
{"type":"operationStart","subtype":"recipe","name":"pptx","timestamp":1764939887752,"id":"m2vjs3vi4eg1oiw","previousEventId":"t268vu43n7hmspp","operationId":"wrtceetipsqivnu","previousOperationId":"umd8wsih48m8ve3"}
{"type":"log","timestamp":1764939887752,"level":"debug","message":"Executing recipe pptx","meta":{"rootId":"uuvt94e5h4hmkj5","id":"uuvt94e5h4hmkj5"},"id":"llf6qui2w82npkt","previousOperationId":"wrtceetipsqivnu"}
{"type":"log","timestamp":1764939887882,"level":"info","message":"pptx generation is starting","meta":{"rootId":"uuvt94e5h4hmkj5","id":"uuvt94e5h4hmkj5"},"id":"zcrta4mk2571qwq","previousOperationId":"wrtceetipsqivnu"}
{"type":"log","timestamp":1764939888037,"level":"debug","message":"Starting child request to render pptx dynamic parts","meta":{"rootId":"uuvt94e5h4hmkj5","id":"uuvt94e5h4hmkj5"},"id":"4j7hdnrqie0re0a","previousOperationId":"wrtceetipsqivnu"}
{"type":"operationStart","subtype":"render","name":"anonymous","previousOperationId":"wrtceetipsqivnu","timestamp":1764939888037,"id":"zto35mpnlxburtf","previousEventId":"m2vjs3vi4eg1oiw","operationId":"7u3vp80hm0ao2e4"}
{"type":"log","timestamp":1764939888037,"level":"info","message":"Starting rendering (child) request","meta":{"rootId":"uuvt94e5h4hmkj5","id":"9zd8f8hpnjw68iw"},"id":"owuadonxnhj41ds","previousOperationId":"7u3vp80hm0ao2e4"}
{"type":"log","timestamp":1764939888038,"level":"info","message":"Rendering anonymous template { recipe: html, engine: handlebars }","meta":{"rootId":"uuvt94e5h4hmkj5","id":"9zd8f8hpnjw68iw"},"id":"lz4st9nmhnsnjjy","previousOperationId":"7u3vp80hm0ao2e4"}
{"type":"log","timestamp":1764939888038,"level":"debug","message":"Inline data specified.","meta":{"rootId":"uuvt94e5h4hmkj5","id":"9zd8f8hpnjw68iw"},"id":"6fnvg5piqio6bsg","previousOperationId":"7u3vp80hm0ao2e4"}
{"type":"log","timestamp":1764939888042,"level":"debug","message":"Base url not specified, skipping its injection.","meta":{"rootId":"uuvt94e5h4hmkj5","id":"9zd8f8hpnjw68iw"},"id":"4346aav5ut7vnud","previousOperationId":"7u3vp80hm0ao2e4"}
{"type":"operationStart","subtype":"engine","name":"handlebars","timestamp":1764939888043,"id":"ktg6pgukxhn6kup","previousEventId":"zto35mpnlxburtf","operationId":"76jlxo0vtmw2xtb","previousOperationId":"7u3vp80hm0ao2e4"}
{"type":"log","timestamp":1764939888043,"level":"debug","message":"Rendering engine handlebars","meta":{"rootId":"uuvt94e5h4hmkj5","id":"9zd8f8hpnjw68iw"},"id":"4jngpvln8e3xesb","previousOperationId":"76jlxo0vtmw2xtb"}
{"type":"operationEnd","operationId":"76jlxo0vtmw2xtb","timestamp":1764939888080,"id":"dbtwxhwgd661b6z","previousEventId":"ktg6pgukxhn6kup","previousOperationId":"76jlxo0vtmw2xtb"}
{"type":"operationStart","subtype":"recipe","name":"html","timestamp":1764939888082,"id":"uxx08l1r901l6nh","previousEventId":"dbtwxhwgd661b6z","operationId":"7nd977ph47hlzmt","previousOperationId":"76jlxo0vtmw2xtb"}
{"type":"log","timestamp":1764939888082,"level":"debug","message":"Executing recipe html","meta":{"rootId":"uuvt94e5h4hmkj5","id":"9zd8f8hpnjw68iw"},"id":"131k3l23x61070z","previousOperationId":"7nd977ph47hlzmt"}
{"type":"operationEnd","operationId":"7nd977ph47hlzmt","timestamp":1764939888082,"id":"nozv0831y9z2kjm","previousEventId":"uxx08l1r901l6nh","previousOperationId":"7nd977ph47hlzmt"}
{"type":"log","timestamp":1764939888084,"level":"debug","message":"Skipping storing report.","meta":{"rootId":"uuvt94e5h4hmkj5","id":"9zd8f8hpnjw68iw"},"id":"w33c5chpfnnto83","previousOperationId":"7nd977ph47hlzmt"}
{"type":"log","timestamp":1764939888084,"level":"info","message":"Rendering (child) request finished in 1339 ms","meta":{"rootId":"uuvt94e5h4hmkj5","id":"9zd8f8hpnjw68iw"},"id":"9vanoho35rbce4b","previousOperationId":"7nd977ph47hlzmt"}
{"type":"operationEnd","subtype":"render","operationId":"7u3vp80hm0ao2e4","timestamp":1764939888084,"id":"64dafxxx48ah478","previousEventId":"nozv0831y9z2kjm","previousOperationId":"7nd977ph47hlzmt"}
{"type":"log","timestamp":1764939888624,"level":"debug","message":"pptx successfully zipped","meta":{"rootId":"uuvt94e5h4hmkj5","id":"uuvt94e5h4hmkj5"},"id":"ohihsrfwa4iiqcn","previousOperationId":"wrtceetipsqivnu"}
{"type":"log","timestamp":1764939888624,"level":"info","message":"pptx generation was finished","meta":{"rootId":"uuvt94e5h4hmkj5","id":"uuvt94e5h4hmkj5"},"id":"638onbfu9jzxyox","previousOperationId":"wrtceetipsqivnu"}
{"type":"operationEnd","operationId":"wrtceetipsqivnu","timestamp":1764939888630,"id":"a72josgkd4pdzu0","previousEventId":"m2vjs3vi4eg1oiw","previousOperationId":"wrtceetipsqivnu"}
{"type":"log","timestamp":1764939888630,"level":"debug","message":"Skipping storing report.","meta":{"rootId":"uuvt94e5h4hmkj5","id":"uuvt94e5h4hmkj5"},"id":"efwagte5rq69i67","previousOperationId":"wrtceetipsqivnu"}
{"type":"log","timestamp":1764939888630,"level":"info","message":"Rendering request 2 finished in 1885 ms","meta":{"rootId":"uuvt94e5h4hmkj5","id":"uuvt94e5h4hmkj5"},"id":"94hcwakdomi98x2","previousOperationId":"wrtceetipsqivnu"}
{"type":"operationEnd","subtype":"render","operationId":"6rm7y8829rdoo4e","timestamp":1764939888630,"id":"0qnlbrh5k5g5feq","previousEventId":"a72josgkd4pdzu0","previousOperationId":"wrtceetipsqivnu"}
{"type":"operationEnd","doDiffs":false,"previousEventId":"eilwpp0db3s046g","previousOperationId":"yl3pkxfsxfjc4m9","operationId":"yl3pkxfsxfjc4m9","timestamp":1764939888635,"id":"b054xj8k51h8yzz"}
