{"type":"operationStart","subtype":"profile","data":{"_id":"TysuupAS3HGJfmld","timestamp":"2025-12-06T14:44:10.621Z","state":"running","mode":"standard","creationDate":"2025-12-06T14:44:10.623Z","modificationDate":"2025-12-06T14:44:10.623Z","shortid":"NHln218","$entitySet":"profiles","timeout":60000},"doDiffs":false,"timestamp":1765032250622,"id":"e9mkb0z07kiinr8","previousOperationId":null,"operationId":"k2pgm59hk1vh9m3"}
{"type":"log","level":"info","message":"Render request 7 queued for execution and waiting for available worker","previousOperationId":"k2pgm59hk1vh9m3","timestamp":1765032250622,"id":"qbvqy2dbzvbwzut"}
{"type":"operationStart","subtype":"render","name":"anonymous","previousOperationId":"k2pgm59hk1vh9m3","timestamp":1765032250636,"id":"f13nlwc4vby9vxg","previousEventId":"e9mkb0z07kiinr8","operationId":"2hizpw5w0ix0dyi"}
{"type":"log","timestamp":1765032250636,"level":"info","message":"Starting rendering request 7","meta":{"rootId":"v3gc2qy8i0jxejs","id":"v3gc2qy8i0jxejs"},"id":"v1wjil5ynq0ktjz","previousOperationId":"2hizpw5w0ix0dyi"}
{"type":"log","timestamp":1765032250637,"level":"info","message":"Rendering anonymous template { recipe: pptx, engine: handlebars }","meta":{"rootId":"v3gc2qy8i0jxejs","id":"v3gc2qy8i0jxejs"},"id":"em6pr8yrknene13","previousOperationId":"2hizpw5w0ix0dyi"}
{"type":"log","timestamp":1765032250637,"level":"debug","message":"Inline data specified.","meta":{"rootId":"v3gc2qy8i0jxejs","id":"v3gc2qy8i0jxejs"},"id":"t3lkugnckzgikr4","previousOperationId":"2hizpw5w0ix0dyi"}
{"type":"log","timestamp":1765032250638,"level":"debug","message":"Base url not specified, skipping its injection.","meta":{"rootId":"v3gc2qy8i0jxejs","id":"v3gc2qy8i0jxejs"},"id":"yelcqq9uiyzpwbb","previousOperationId":"2hizpw5w0ix0dyi"}
{"type":"operationStart","subtype":"engine","name":"handlebars","timestamp":1765032250639,"id":"c1mvq4a7pjze9kp","previousEventId":"f13nlwc4vby9vxg","operationId":"rcuy9a98p0y7inr","previousOperationId":"2hizpw5w0ix0dyi"}
{"type":"log","timestamp":1765032250639,"level":"debug","message":"Rendering engine handlebars","meta":{"rootId":"v3gc2qy8i0jxejs","id":"v3gc2qy8i0jxejs"},"id":"0i2c7wms7m3ilg9","previousOperationId":"rcuy9a98p0y7inr"}
{"type":"operationEnd","operationId":"rcuy9a98p0y7inr","timestamp":1765032250651,"id":"9yy233rkrdtcvvv","previousEventId":"c1mvq4a7pjze9kp","previousOperationId":"rcuy9a98p0y7inr"}
{"type":"operationStart","subtype":"recipe","name":"pptx","timestamp":1765032250651,"id":"h7z32bn93yq45pq","previousEventId":"9yy233rkrdtcvvv","operationId":"jm56odp0wls0n7x","previousOperationId":"rcuy9a98p0y7inr"}
{"type":"log","timestamp":1765032250652,"level":"debug","message":"Executing recipe pptx","meta":{"rootId":"v3gc2qy8i0jxejs","id":"v3gc2qy8i0jxejs"},"id":"zu4vlyxjtsod9sk","previousOperationId":"jm56odp0wls0n7x"}
{"type":"log","timestamp":1765032250652,"level":"info","message":"pptx generation is starting","meta":{"rootId":"v3gc2qy8i0jxejs","id":"v3gc2qy8i0jxejs"},"id":"2itxaf6rzsfc3ds","previousOperationId":"jm56odp0wls0n7x"}
{"type":"log","timestamp":1765032250787,"level":"debug","message":"Starting child request to render pptx dynamic parts","meta":{"rootId":"v3gc2qy8i0jxejs","id":"v3gc2qy8i0jxejs"},"id":"737m3lr1vd35qos","previousOperationId":"jm56odp0wls0n7x"}
{"type":"operationStart","subtype":"render","name":"anonymous","previousOperationId":"jm56odp0wls0n7x","timestamp":1765032250788,"id":"r94ihbbmorb30sr","previousEventId":"h7z32bn93yq45pq","operationId":"gb8ua51os480fkm"}
{"type":"log","timestamp":1765032250788,"level":"info","message":"Starting rendering (child) request","meta":{"rootId":"v3gc2qy8i0jxejs","id":"4k767p3j6yst8ku"},"id":"l3pybq77afbjsit","previousOperationId":"gb8ua51os480fkm"}
{"type":"log","timestamp":1765032250788,"level":"info","message":"Rendering anonymous template { recipe: html, engine: handlebars }","meta":{"rootId":"v3gc2qy8i0jxejs","id":"4k767p3j6yst8ku"},"id":"c0k0o4c9swrht2d","previousOperationId":"gb8ua51os480fkm"}
{"type":"log","timestamp":1765032250788,"level":"debug","message":"Inline data specified.","meta":{"rootId":"v3gc2qy8i0jxejs","id":"4k767p3j6yst8ku"},"id":"1paadqhf00jfj5w","previousOperationId":"gb8ua51os480fkm"}
{"type":"log","timestamp":1765032250794,"level":"debug","message":"Base url not specified, skipping its injection.","meta":{"rootId":"v3gc2qy8i0jxejs","id":"4k767p3j6yst8ku"},"id":"ryp539vm9l44dv1","previousOperationId":"gb8ua51os480fkm"}
{"type":"operationStart","subtype":"engine","name":"handlebars","timestamp":1765032250795,"id":"fyyiv1r3onjjihn","previousEventId":"r94ihbbmorb30sr","operationId":"g6elge1qusnvw0c","previousOperationId":"gb8ua51os480fkm"}
{"type":"log","timestamp":1765032250795,"level":"debug","message":"Rendering engine handlebars","meta":{"rootId":"v3gc2qy8i0jxejs","id":"4k767p3j6yst8ku"},"id":"2rc1loaa067lrz9","previousOperationId":"g6elge1qusnvw0c"}
{"type":"operationEnd","operationId":"g6elge1qusnvw0c","timestamp":1765032250814,"id":"9rmnz1yq3ml50n1","previousEventId":"fyyiv1r3onjjihn","previousOperationId":"g6elge1qusnvw0c"}
{"type":"operationStart","subtype":"recipe","name":"html","timestamp":1765032250816,"id":"1kfdg1j2nqr3q4f","previousEventId":"9rmnz1yq3ml50n1","operationId":"mnmm4yowureosuy","previousOperationId":"g6elge1qusnvw0c"}
{"type":"log","timestamp":1765032250816,"level":"debug","message":"Executing recipe html","meta":{"rootId":"v3gc2qy8i0jxejs","id":"4k767p3j6yst8ku"},"id":"9zjsj5xmysjlduy","previousOperationId":"mnmm4yowureosuy"}
{"type":"operationEnd","operationId":"mnmm4yowureosuy","timestamp":1765032250816,"id":"4tcm7vlofacr8pb","previousEventId":"1kfdg1j2nqr3q4f","previousOperationId":"mnmm4yowureosuy"}
{"type":"log","timestamp":1765032250816,"level":"debug","message":"Skipping storing report.","meta":{"rootId":"v3gc2qy8i0jxejs","id":"4k767p3j6yst8ku"},"id":"km64bdb0powh2yz","previousOperationId":"mnmm4yowureosuy"}
{"type":"log","timestamp":1765032250816,"level":"info","message":"Rendering (child) request finished in 196 ms","meta":{"rootId":"v3gc2qy8i0jxejs","id":"4k767p3j6yst8ku"},"id":"1pkxz6x7l0zyjys","previousOperationId":"mnmm4yowureosuy"}
{"type":"operationEnd","subtype":"render","operationId":"gb8ua51os480fkm","timestamp":1765032250816,"id":"4tkd0f7pdw3bnq3","previousEventId":"4tcm7vlofacr8pb","previousOperationId":"mnmm4yowureosuy"}
{"type":"log","timestamp":1765032251445,"level":"debug","message":"pptx successfully zipped","meta":{"rootId":"v3gc2qy8i0jxejs","id":"v3gc2qy8i0jxejs"},"id":"tkupbh85oi6ggr3","previousOperationId":"jm56odp0wls0n7x"}
{"type":"log","timestamp":1765032251445,"level":"info","message":"pptx generation was finished","meta":{"rootId":"v3gc2qy8i0jxejs","id":"v3gc2qy8i0jxejs"},"id":"tfan90xpp8f4clg","previousOperationId":"jm56odp0wls0n7x"}
{"type":"operationEnd","operationId":"jm56odp0wls0n7x","timestamp":1765032251448,"id":"awpsunwuqy00umy","previousEventId":"h7z32bn93yq45pq","previousOperationId":"jm56odp0wls0n7x"}
{"type":"log","timestamp":1765032251448,"level":"debug","message":"Skipping storing report.","meta":{"rootId":"v3gc2qy8i0jxejs","id":"v3gc2qy8i0jxejs"},"id":"xszqum7x2anctaj","previousOperationId":"jm56odp0wls0n7x"}
{"type":"log","timestamp":1765032251448,"level":"info","message":"Rendering request 7 finished in 828 ms","meta":{"rootId":"v3gc2qy8i0jxejs","id":"v3gc2qy8i0jxejs"},"id":"xl0e9wsxtd23wu0","previousOperationId":"jm56odp0wls0n7x"}
{"type":"operationEnd","subtype":"render","operationId":"2hizpw5w0ix0dyi","timestamp":1765032251448,"id":"6hxn4s7ydrp1rfa","previousEventId":"awpsunwuqy00umy","previousOperationId":"jm56odp0wls0n7x"}
{"type":"operationEnd","doDiffs":false,"previousEventId":"e9mkb0z07kiinr8","previousOperationId":"k2pgm59hk1vh9m3","operationId":"k2pgm59hk1vh9m3","timestamp":1765032251452,"id":"mk9oyn459audlg1"}
