{"type":"operationStart","subtype":"profile","data":{"_id":"IVKtY7NdNnPhvC0S","timestamp":"2025-12-07T14:41:35.345Z","state":"running","mode":"standard","creationDate":"2025-12-07T14:41:35.353Z","modificationDate":"2025-12-07T14:41:35.353Z","shortid":"7Vclfqn","$entitySet":"profiles","timeout":60000},"doDiffs":false,"timestamp":1765118495349,"id":"yq04n6txcgyep65","previousOperationId":null,"operationId":"dar9n0mh83xao0s"}
{"type":"log","level":"info","message":"Render request 1 queued for execution and waiting for available worker","previousOperationId":"dar9n0mh83xao0s","timestamp":1765118495350,"id":"94ofcc9c19wsmf6"}
{"type":"operationStart","subtype":"render","name":"anonymous","previousOperationId":"dar9n0mh83xao0s","timestamp":1765118495450,"id":"icbxa5u70hqy8ja","previousEventId":"yq04n6txcgyep65","operationId":"pcl0adfw0pu49tm"}
{"type":"log","timestamp":1765118495451,"level":"info","message":"Starting rendering request 1","meta":{"rootId":"vaezcb7gsmhr4cg","id":"vaezcb7gsmhr4cg"},"id":"zxpg6zt7v6538hk","previousOperationId":"pcl0adfw0pu49tm"}
{"type":"log","timestamp":1765118495454,"level":"info","message":"Rendering anonymous template { recipe: pptx, engine: handlebars }","meta":{"rootId":"vaezcb7gsmhr4cg","id":"vaezcb7gsmhr4cg"},"id":"8rfa25nj0p652ya","previousOperationId":"pcl0adfw0pu49tm"}
{"type":"log","timestamp":1765118495454,"level":"debug","message":"Inline data specified.","meta":{"rootId":"vaezcb7gsmhr4cg","id":"vaezcb7gsmhr4cg"},"id":"39huxc6aa07oipu","previousOperationId":"pcl0adfw0pu49tm"}
{"type":"log","timestamp":1765118495461,"level":"debug","message":"Base url not specified, skipping its injection.","meta":{"rootId":"vaezcb7gsmhr4cg","id":"vaezcb7gsmhr4cg"},"id":"r5tetjakcm3eat6","previousOperationId":"pcl0adfw0pu49tm"}
{"type":"operationStart","subtype":"engine","name":"handlebars","timestamp":1765118495465,"id":"qpd2npozk6v3thi","previousEventId":"icbxa5u70hqy8ja","operationId":"mtqpjbw0jj4rlxv","previousOperationId":"pcl0adfw0pu49tm"}
{"type":"log","timestamp":1765118495465,"level":"debug","message":"Rendering engine handlebars","meta":{"rootId":"vaezcb7gsmhr4cg","id":"vaezcb7gsmhr4cg"},"id":"dkfiq8lpugqsnsz","previousOperationId":"mtqpjbw0jj4rlxv"}
{"type":"operationEnd","operationId":"mtqpjbw0jj4rlxv","timestamp":1765118496767,"id":"umld45nrz7sevel","previousEventId":"qpd2npozk6v3thi","previousOperationId":"mtqpjbw0jj4rlxv"}
{"type":"operationStart","subtype":"recipe","name":"pptx","timestamp":1765118496768,"id":"pi6n181id7vgo8w","previousEventId":"umld45nrz7sevel","operationId":"8ynz1vklac82iq6","previousOperationId":"mtqpjbw0jj4rlxv"}
{"type":"log","timestamp":1765118496768,"level":"debug","message":"Executing recipe pptx","meta":{"rootId":"vaezcb7gsmhr4cg","id":"vaezcb7gsmhr4cg"},"id":"vtia2p77ba9vkif","previousOperationId":"8ynz1vklac82iq6"}
{"type":"log","timestamp":1765118497034,"level":"info","message":"pptx generation is starting","meta":{"rootId":"vaezcb7gsmhr4cg","id":"vaezcb7gsmhr4cg"},"id":"rbqutg1vbfqgcpx","previousOperationId":"8ynz1vklac82iq6"}
{"type":"log","timestamp":1765118498739,"level":"debug","message":"Starting child request to render pptx dynamic parts","meta":{"rootId":"vaezcb7gsmhr4cg","id":"vaezcb7gsmhr4cg"},"id":"svhon0kybnrcxp7","previousOperationId":"8ynz1vklac82iq6"}
{"type":"operationStart","subtype":"render","name":"anonymous","previousOperationId":"8ynz1vklac82iq6","timestamp":1765118498740,"id":"v0d31o0a1lgj69t","previousEventId":"pi6n181id7vgo8w","operationId":"2kkqjkhjb9ka49k"}
{"type":"log","timestamp":1765118498741,"level":"info","message":"Starting rendering (child) request","meta":{"rootId":"vaezcb7gsmhr4cg","id":"3an945hlc12hw0m"},"id":"bfeh9r6a58drw6f","previousOperationId":"2kkqjkhjb9ka49k"}
{"type":"log","timestamp":1765118498741,"level":"info","message":"Rendering anonymous template { recipe: html, engine: handlebars }","meta":{"rootId":"vaezcb7gsmhr4cg","id":"3an945hlc12hw0m"},"id":"ms3dxd214x1naji","previousOperationId":"2kkqjkhjb9ka49k"}
{"type":"log","timestamp":1765118498741,"level":"debug","message":"Inline data specified.","meta":{"rootId":"vaezcb7gsmhr4cg","id":"3an945hlc12hw0m"},"id":"0e7ues23rjz4op5","previousOperationId":"2kkqjkhjb9ka49k"}
{"type":"log","timestamp":1765118498757,"level":"debug","message":"Base url not specified, skipping its injection.","meta":{"rootId":"vaezcb7gsmhr4cg","id":"3an945hlc12hw0m"},"id":"saczdpt6al9yv9p","previousOperationId":"2kkqjkhjb9ka49k"}
{"type":"operationStart","subtype":"engine","name":"handlebars","timestamp":1765118498760,"id":"ft9fgt9lh6c91ot","previousEventId":"v0d31o0a1lgj69t","operationId":"t03arimuuom5bob","previousOperationId":"2kkqjkhjb9ka49k"}
{"type":"log","timestamp":1765118498760,"level":"debug","message":"Rendering engine handlebars","meta":{"rootId":"vaezcb7gsmhr4cg","id":"3an945hlc12hw0m"},"id":"srot5zq8yb7v0ik","previousOperationId":"t03arimuuom5bob"}
{"type":"operationEnd","operationId":"t03arimuuom5bob","timestamp":1765118498892,"id":"q5n015hv6wweuuo","previousEventId":"ft9fgt9lh6c91ot","previousOperationId":"t03arimuuom5bob"}
{"type":"operationStart","subtype":"recipe","name":"html","timestamp":1765118498908,"id":"m29rddqqx9emgem","previousEventId":"q5n015hv6wweuuo","operationId":"85samm39p53cimg","previousOperationId":"t03arimuuom5bob"}
{"type":"log","timestamp":1765118498908,"level":"debug","message":"Executing recipe html","meta":{"rootId":"vaezcb7gsmhr4cg","id":"3an945hlc12hw0m"},"id":"y6npsxo36gesv3w","previousOperationId":"85samm39p53cimg"}
{"type":"operationEnd","operationId":"85samm39p53cimg","timestamp":1765118498908,"id":"d5qjlcj44fmjest","previousEventId":"m29rddqqx9emgem","previousOperationId":"85samm39p53cimg"}
{"type":"log","timestamp":1765118498909,"level":"debug","message":"Skipping storing report.","meta":{"rootId":"vaezcb7gsmhr4cg","id":"3an945hlc12hw0m"},"id":"as986ur93o389n8","previousOperationId":"85samm39p53cimg"}
{"type":"log","timestamp":1765118498909,"level":"info","message":"Rendering (child) request finished in 3570 ms","meta":{"rootId":"vaezcb7gsmhr4cg","id":"3an945hlc12hw0m"},"id":"3273b3kcxy3kpfe","previousOperationId":"85samm39p53cimg"}
{"type":"operationEnd","subtype":"render","operationId":"2kkqjkhjb9ka49k","timestamp":1765118498910,"id":"hr4zw4p5pfb46h6","previousEventId":"d5qjlcj44fmjest","previousOperationId":"85samm39p53cimg"}
{"type":"log","timestamp":1765118506787,"level":"debug","message":"pptx successfully zipped","meta":{"rootId":"vaezcb7gsmhr4cg","id":"vaezcb7gsmhr4cg"},"id":"jqaeu7qv96rqpoq","previousOperationId":"8ynz1vklac82iq6"}
{"type":"log","timestamp":1765118506788,"level":"info","message":"pptx generation was finished","meta":{"rootId":"vaezcb7gsmhr4cg","id":"vaezcb7gsmhr4cg"},"id":"d70vgkfyndxnept","previousOperationId":"8ynz1vklac82iq6"}
{"type":"operationEnd","operationId":"8ynz1vklac82iq6","timestamp":1765118506803,"id":"2dcbbbc31ydkigr","previousEventId":"pi6n181id7vgo8w","previousOperationId":"8ynz1vklac82iq6"}
{"type":"log","timestamp":1765118506804,"level":"debug","message":"Skipping storing report.","meta":{"rootId":"vaezcb7gsmhr4cg","id":"vaezcb7gsmhr4cg"},"id":"e9xrwh9o45ba5mz","previousOperationId":"8ynz1vklac82iq6"}
{"type":"log","timestamp":1765118506804,"level":"info","message":"Rendering request 1 finished in 11465 ms","meta":{"rootId":"vaezcb7gsmhr4cg","id":"vaezcb7gsmhr4cg"},"id":"mu7jao4p22r3c0l","previousOperationId":"8ynz1vklac82iq6"}
{"type":"operationEnd","subtype":"render","operationId":"pcl0adfw0pu49tm","timestamp":1765118506804,"id":"tbg7qozyl1by3ge","previousEventId":"2dcbbbc31ydkigr","previousOperationId":"8ynz1vklac82iq6"}
{"type":"operationEnd","doDiffs":false,"previousEventId":"yq04n6txcgyep65","previousOperationId":"dar9n0mh83xao0s","operationId":"dar9n0mh83xao0s","timestamp":1765118506810,"id":"rapsa65wklndwud"}
