{"type":"operationStart","subtype":"profile","data":{"_id":"Z9TTgpmN5HxEVU87","timestamp":"2025-12-07T13:00:14.664Z","state":"running","mode":"standard","creationDate":"2025-12-07T13:00:14.671Z","modificationDate":"2025-12-07T13:00:14.671Z","shortid":"LseBtIz","$entitySet":"profiles","timeout":60000},"doDiffs":false,"timestamp":1765112414667,"id":"3xmtk90idojtdhf","previousOperationId":null,"operationId":"exaeud15ocvyem1"}
{"type":"log","level":"info","message":"Render request 32 queued for execution and waiting for available worker","previousOperationId":"exaeud15ocvyem1","timestamp":1765112414667,"id":"a4nxblpp6t9ez1v"}
{"type":"operationStart","subtype":"render","name":"anonymous","previousOperationId":"exaeud15ocvyem1","timestamp":1765112414748,"id":"c584yqc5o8o7v6d","previousEventId":"3xmtk90idojtdhf","operationId":"s6gel6ke9ygcsc5"}
{"type":"log","timestamp":1765112414748,"level":"info","message":"Starting rendering request 32","meta":{"rootId":"vimxcst1mv4j48g","id":"vimxcst1mv4j48g"},"id":"7a660hjumkx48xv","previousOperationId":"s6gel6ke9ygcsc5"}
{"type":"log","timestamp":1765112414748,"level":"info","message":"Rendering anonymous template { recipe: pptx, engine: handlebars }","meta":{"rootId":"vimxcst1mv4j48g","id":"vimxcst1mv4j48g"},"id":"g7yg6qheuqu8lf6","previousOperationId":"s6gel6ke9ygcsc5"}
{"type":"log","timestamp":1765112414749,"level":"debug","message":"Inline data specified.","meta":{"rootId":"vimxcst1mv4j48g","id":"vimxcst1mv4j48g"},"id":"khf8hzvmxupgehz","previousOperationId":"s6gel6ke9ygcsc5"}
{"type":"log","timestamp":1765112414752,"level":"debug","message":"Base url not specified, skipping its injection.","meta":{"rootId":"vimxcst1mv4j48g","id":"vimxcst1mv4j48g"},"id":"idlhpdtp11e9vnm","previousOperationId":"s6gel6ke9ygcsc5"}
{"type":"operationStart","subtype":"engine","name":"handlebars","timestamp":1765112414752,"id":"bwmm9ewrfhngeng","previousEventId":"c584yqc5o8o7v6d","operationId":"0dtbuo36srtd4pj","previousOperationId":"s6gel6ke9ygcsc5"}
{"type":"log","timestamp":1765112414752,"level":"debug","message":"Rendering engine handlebars","meta":{"rootId":"vimxcst1mv4j48g","id":"vimxcst1mv4j48g"},"id":"1sze3kopofffp2x","previousOperationId":"0dtbuo36srtd4pj"}
{"type":"operationEnd","operationId":"0dtbuo36srtd4pj","timestamp":1765112414772,"id":"yhg0wyb10p80cob","previousEventId":"bwmm9ewrfhngeng","previousOperationId":"0dtbuo36srtd4pj"}
{"type":"operationStart","subtype":"recipe","name":"pptx","timestamp":1765112414772,"id":"ueskvb724xdfpzk","previousEventId":"yhg0wyb10p80cob","operationId":"cq6cyh1zww3ud85","previousOperationId":"0dtbuo36srtd4pj"}
{"type":"log","timestamp":1765112414773,"level":"debug","message":"Executing recipe pptx","meta":{"rootId":"vimxcst1mv4j48g","id":"vimxcst1mv4j48g"},"id":"lb4c40trgqf3aax","previousOperationId":"cq6cyh1zww3ud85"}
{"type":"log","timestamp":1765112414804,"level":"info","message":"pptx generation is starting","meta":{"rootId":"vimxcst1mv4j48g","id":"vimxcst1mv4j48g"},"id":"ft8fgf4aae4px7r","previousOperationId":"cq6cyh1zww3ud85"}
{"type":"log","timestamp":1765112416414,"level":"debug","message":"Starting child request to render pptx dynamic parts","meta":{"rootId":"vimxcst1mv4j48g","id":"vimxcst1mv4j48g"},"id":"igsr8h2hr3kqh3d","previousOperationId":"cq6cyh1zww3ud85"}
{"type":"operationStart","subtype":"render","name":"anonymous","previousOperationId":"cq6cyh1zww3ud85","timestamp":1765112416414,"id":"j5gdlb234j0wiq4","previousEventId":"ueskvb724xdfpzk","operationId":"xzaq1lzfwrhj7sb"}
{"type":"log","timestamp":1765112416414,"level":"info","message":"Starting rendering (child) request","meta":{"rootId":"vimxcst1mv4j48g","id":"qgqd6bgkwlnhcfk"},"id":"wm0xi5d85vmr115","previousOperationId":"xzaq1lzfwrhj7sb"}
{"type":"log","timestamp":1765112416414,"level":"info","message":"Rendering anonymous template { recipe: html, engine: handlebars }","meta":{"rootId":"vimxcst1mv4j48g","id":"qgqd6bgkwlnhcfk"},"id":"9dyfbjtydq4q9xb","previousOperationId":"xzaq1lzfwrhj7sb"}
{"type":"log","timestamp":1765112416414,"level":"debug","message":"Inline data specified.","meta":{"rootId":"vimxcst1mv4j48g","id":"qgqd6bgkwlnhcfk"},"id":"6474n3edt7ijvha","previousOperationId":"xzaq1lzfwrhj7sb"}
{"type":"log","timestamp":1765112416423,"level":"debug","message":"Base url not specified, skipping its injection.","meta":{"rootId":"vimxcst1mv4j48g","id":"qgqd6bgkwlnhcfk"},"id":"gxpqjjnnmvye5of","previousOperationId":"xzaq1lzfwrhj7sb"}
{"type":"operationStart","subtype":"engine","name":"handlebars","timestamp":1765112416425,"id":"ud8pau7bm5vefdy","previousEventId":"j5gdlb234j0wiq4","operationId":"ej3iy9j8bms64nr","previousOperationId":"xzaq1lzfwrhj7sb"}
{"type":"log","timestamp":1765112416425,"level":"debug","message":"Rendering engine handlebars","meta":{"rootId":"vimxcst1mv4j48g","id":"qgqd6bgkwlnhcfk"},"id":"gite1dqbnmwug69","previousOperationId":"ej3iy9j8bms64nr"}
{"type":"operationEnd","operationId":"ej3iy9j8bms64nr","timestamp":1765112416536,"id":"m4np9bvdmy6hibf","previousEventId":"ud8pau7bm5vefdy","previousOperationId":"ej3iy9j8bms64nr"}
{"type":"operationStart","subtype":"recipe","name":"html","timestamp":1765112416550,"id":"0f6rbotq6tdvoc0","previousEventId":"m4np9bvdmy6hibf","operationId":"i853g3fwh57lw1g","previousOperationId":"ej3iy9j8bms64nr"}
{"type":"log","timestamp":1765112416550,"level":"debug","message":"Executing recipe html","meta":{"rootId":"vimxcst1mv4j48g","id":"qgqd6bgkwlnhcfk"},"id":"qj4kdx12kf58kbj","previousOperationId":"i853g3fwh57lw1g"}
{"type":"operationEnd","operationId":"i853g3fwh57lw1g","timestamp":1765112416550,"id":"ijfcj37yo6gaqmg","previousEventId":"0f6rbotq6tdvoc0","previousOperationId":"i853g3fwh57lw1g"}
{"type":"log","timestamp":1765112416550,"level":"debug","message":"Skipping storing report.","meta":{"rootId":"vimxcst1mv4j48g","id":"qgqd6bgkwlnhcfk"},"id":"e4t46zhyf7aaqpy","previousOperationId":"i853g3fwh57lw1g"}
{"type":"log","timestamp":1765112416550,"level":"info","message":"Rendering (child) request finished in 1887 ms","meta":{"rootId":"vimxcst1mv4j48g","id":"qgqd6bgkwlnhcfk"},"id":"kf564dpw5xo51bg","previousOperationId":"i853g3fwh57lw1g"}
{"type":"operationEnd","subtype":"render","operationId":"xzaq1lzfwrhj7sb","timestamp":1765112416550,"id":"xgkuwy14pgfpurm","previousEventId":"ijfcj37yo6gaqmg","previousOperationId":"i853g3fwh57lw1g"}
{"type":"log","timestamp":1765112428808,"level":"debug","message":"pptx successfully zipped","meta":{"rootId":"vimxcst1mv4j48g","id":"vimxcst1mv4j48g"},"id":"zgq9n2sst0g95w2","previousOperationId":"cq6cyh1zww3ud85"}
{"type":"log","timestamp":1765112428808,"level":"info","message":"pptx generation was finished","meta":{"rootId":"vimxcst1mv4j48g","id":"vimxcst1mv4j48g"},"id":"o2ubyqum39cvd1x","previousOperationId":"cq6cyh1zww3ud85"}
{"type":"operationEnd","operationId":"cq6cyh1zww3ud85","timestamp":1765112428817,"id":"tbx8075a26fiuv7","previousEventId":"ueskvb724xdfpzk","previousOperationId":"cq6cyh1zww3ud85"}
{"type":"log","timestamp":1765112428817,"level":"debug","message":"Skipping storing report.","meta":{"rootId":"vimxcst1mv4j48g","id":"vimxcst1mv4j48g"},"id":"xezzic72298czvo","previousOperationId":"cq6cyh1zww3ud85"}
{"type":"log","timestamp":1765112428817,"level":"info","message":"Rendering request 32 finished in 14154 ms","meta":{"rootId":"vimxcst1mv4j48g","id":"vimxcst1mv4j48g"},"id":"o6dq13kay4g3hu6","previousOperationId":"cq6cyh1zww3ud85"}
{"type":"operationEnd","subtype":"render","operationId":"s6gel6ke9ygcsc5","timestamp":1765112428817,"id":"l6sz2jup9dvhzvz","previousEventId":"tbx8075a26fiuv7","previousOperationId":"cq6cyh1zww3ud85"}
{"type":"operationEnd","doDiffs":false,"previousEventId":"3xmtk90idojtdhf","previousOperationId":"exaeud15ocvyem1","operationId":"exaeud15ocvyem1","timestamp":1765112428822,"id":"5xcfmh735rsaxla"}
