{"type":"operationStart","subtype":"profile","data":{"_id":"Sl6UzntChIpQG32M","timestamp":"2025-12-05T16:54:24.736Z","state":"running","mode":"standard","creationDate":"2025-12-05T16:54:24.740Z","modificationDate":"2025-12-05T16:54:24.740Z","shortid":"j34RLsx","$entitySet":"profiles","timeout":60000},"doDiffs":false,"timestamp":1764953664738,"id":"2u3nba3beznl743","previousOperationId":null,"operationId":"hrt1798rfhz8yxm"}
{"type":"log","level":"info","message":"Render request 7 queued for execution and waiting for available worker","previousOperationId":"hrt1798rfhz8yxm","timestamp":1764953664738,"id":"tsomrk9gi5zr4tq"}
{"type":"operationStart","subtype":"render","name":"anonymous","previousOperationId":"hrt1798rfhz8yxm","timestamp":1764953664756,"id":"r12o0kh2c7kjllm","previousEventId":"2u3nba3beznl743","operationId":"stcjq9ettv2jbsg"}
{"type":"log","timestamp":1764953664756,"level":"info","message":"Starting rendering request 7","meta":{"rootId":"vklam9k592q5g9w","id":"vklam9k592q5g9w"},"id":"3sz3m7m5yyahywf","previousOperationId":"stcjq9ettv2jbsg"}
{"type":"log","timestamp":1764953664757,"level":"info","message":"Rendering anonymous template { recipe: pptx, engine: handlebars }","meta":{"rootId":"vklam9k592q5g9w","id":"vklam9k592q5g9w"},"id":"jb83vsb47mqtj99","previousOperationId":"stcjq9ettv2jbsg"}
{"type":"log","timestamp":1764953664757,"level":"debug","message":"Inline data specified.","meta":{"rootId":"vklam9k592q5g9w","id":"vklam9k592q5g9w"},"id":"mlg6wac0p4op68t","previousOperationId":"stcjq9ettv2jbsg"}
{"type":"log","timestamp":1764953664759,"level":"debug","message":"Base url not specified, skipping its injection.","meta":{"rootId":"vklam9k592q5g9w","id":"vklam9k592q5g9w"},"id":"t59z3e352hoj0mo","previousOperationId":"stcjq9ettv2jbsg"}
{"type":"operationStart","subtype":"engine","name":"handlebars","timestamp":1764953664760,"id":"eob4eakobbierx3","previousEventId":"r12o0kh2c7kjllm","operationId":"fvb92ouztozw83r","previousOperationId":"stcjq9ettv2jbsg"}
{"type":"log","timestamp":1764953664761,"level":"debug","message":"Rendering engine handlebars","meta":{"rootId":"vklam9k592q5g9w","id":"vklam9k592q5g9w"},"id":"ag94056wo13yaql","previousOperationId":"fvb92ouztozw83r"}
{"type":"operationEnd","operationId":"fvb92ouztozw83r","timestamp":1764953664777,"id":"zdnx9jgfv79dked","previousEventId":"eob4eakobbierx3","previousOperationId":"fvb92ouztozw83r"}
{"type":"operationStart","subtype":"recipe","name":"pptx","timestamp":1764953664777,"id":"5w3r14dr37x3nu4","previousEventId":"zdnx9jgfv79dked","operationId":"ib4bknqjjkq2utt","previousOperationId":"fvb92ouztozw83r"}
{"type":"log","timestamp":1764953664777,"level":"debug","message":"Executing recipe pptx","meta":{"rootId":"vklam9k592q5g9w","id":"vklam9k592q5g9w"},"id":"bh8o0ydady9krzx","previousOperationId":"ib4bknqjjkq2utt"}
{"type":"log","timestamp":1764953664778,"level":"info","message":"pptx generation is starting","meta":{"rootId":"vklam9k592q5g9w","id":"vklam9k592q5g9w"},"id":"e8twof8cdf20s4c","previousOperationId":"ib4bknqjjkq2utt"}
{"type":"log","timestamp":1764953664893,"level":"debug","message":"Starting child request to render pptx dynamic parts","meta":{"rootId":"vklam9k592q5g9w","id":"vklam9k592q5g9w"},"id":"4rmk791p9vd0pxc","previousOperationId":"ib4bknqjjkq2utt"}
{"type":"operationStart","subtype":"render","name":"anonymous","previousOperationId":"ib4bknqjjkq2utt","timestamp":1764953664894,"id":"1xldnr581kuyatb","previousEventId":"5w3r14dr37x3nu4","operationId":"s3os5ky0uywm7d8"}
{"type":"log","timestamp":1764953664894,"level":"info","message":"Starting rendering (child) request","meta":{"rootId":"vklam9k592q5g9w","id":"bh2aonnlgxtuton"},"id":"aricxzwz0iysn64","previousOperationId":"s3os5ky0uywm7d8"}
{"type":"log","timestamp":1764953664894,"level":"info","message":"Rendering anonymous template { recipe: html, engine: handlebars }","meta":{"rootId":"vklam9k592q5g9w","id":"bh2aonnlgxtuton"},"id":"jp44oq6ljkb33go","previousOperationId":"s3os5ky0uywm7d8"}
{"type":"log","timestamp":1764953664894,"level":"debug","message":"Inline data specified.","meta":{"rootId":"vklam9k592q5g9w","id":"bh2aonnlgxtuton"},"id":"i8h08n8y33vmfsy","previousOperationId":"s3os5ky0uywm7d8"}
{"type":"log","timestamp":1764953664903,"level":"debug","message":"Base url not specified, skipping its injection.","meta":{"rootId":"vklam9k592q5g9w","id":"bh2aonnlgxtuton"},"id":"1csv2d1avipq1wn","previousOperationId":"s3os5ky0uywm7d8"}
{"type":"operationStart","subtype":"engine","name":"handlebars","timestamp":1764953664904,"id":"jeberjpp38wlzmv","previousEventId":"1xldnr581kuyatb","operationId":"ocqsqmq7rne4504","previousOperationId":"s3os5ky0uywm7d8"}
{"type":"log","timestamp":1764953664904,"level":"debug","message":"Rendering engine handlebars","meta":{"rootId":"vklam9k592q5g9w","id":"bh2aonnlgxtuton"},"id":"am5iexsznrpmje9","previousOperationId":"ocqsqmq7rne4504"}
{"type":"operationEnd","operationId":"ocqsqmq7rne4504","timestamp":1764953664935,"id":"bq808s3chxyn1nb","previousEventId":"jeberjpp38wlzmv","previousOperationId":"ocqsqmq7rne4504"}
{"type":"operationStart","subtype":"recipe","name":"html","timestamp":1764953664936,"id":"v1ccr4ieq3ji5js","previousEventId":"bq808s3chxyn1nb","operationId":"3woacdyxcljhktl","previousOperationId":"ocqsqmq7rne4504"}
{"type":"log","timestamp":1764953664936,"level":"debug","message":"Executing recipe html","meta":{"rootId":"vklam9k592q5g9w","id":"bh2aonnlgxtuton"},"id":"67lpd5q9zo1t55k","previousOperationId":"3woacdyxcljhktl"}
{"type":"operationEnd","operationId":"3woacdyxcljhktl","timestamp":1764953664937,"id":"ztluyrq6c6nnsih","previousEventId":"v1ccr4ieq3ji5js","previousOperationId":"3woacdyxcljhktl"}
{"type":"log","timestamp":1764953664937,"level":"debug","message":"Skipping storing report.","meta":{"rootId":"vklam9k592q5g9w","id":"bh2aonnlgxtuton"},"id":"at5v1w97f01bs3v","previousOperationId":"3woacdyxcljhktl"}
{"type":"log","timestamp":1764953664937,"level":"info","message":"Rendering (child) request finished in 202 ms","meta":{"rootId":"vklam9k592q5g9w","id":"bh2aonnlgxtuton"},"id":"7ggrmi3dp7jz934","previousOperationId":"3woacdyxcljhktl"}
{"type":"operationEnd","subtype":"render","operationId":"s3os5ky0uywm7d8","timestamp":1764953664937,"id":"vxu5t2itldwo0c8","previousEventId":"ztluyrq6c6nnsih","previousOperationId":"3woacdyxcljhktl"}
{"type":"log","timestamp":1764953665067,"level":"debug","message":"pptx successfully zipped","meta":{"rootId":"vklam9k592q5g9w","id":"vklam9k592q5g9w"},"id":"obm1utg0tiip4of","previousOperationId":"ib4bknqjjkq2utt"}
{"type":"log","timestamp":1764953665067,"level":"info","message":"pptx generation was finished","meta":{"rootId":"vklam9k592q5g9w","id":"vklam9k592q5g9w"},"id":"w5dovrv0enh326j","previousOperationId":"ib4bknqjjkq2utt"}
{"type":"operationEnd","operationId":"ib4bknqjjkq2utt","timestamp":1764953665071,"id":"wslx79hewywext5","previousEventId":"5w3r14dr37x3nu4","previousOperationId":"ib4bknqjjkq2utt"}
{"type":"log","timestamp":1764953665071,"level":"debug","message":"Skipping storing report.","meta":{"rootId":"vklam9k592q5g9w","id":"vklam9k592q5g9w"},"id":"h6qv0tjue4xtqf8","previousOperationId":"ib4bknqjjkq2utt"}
{"type":"log","timestamp":1764953665071,"level":"info","message":"Rendering request 7 finished in 336 ms","meta":{"rootId":"vklam9k592q5g9w","id":"vklam9k592q5g9w"},"id":"sdxe04vvd2lp6hr","previousOperationId":"ib4bknqjjkq2utt"}
{"type":"operationEnd","subtype":"render","operationId":"stcjq9ettv2jbsg","timestamp":1764953665071,"id":"pntx2bfg1vl3hp3","previousEventId":"wslx79hewywext5","previousOperationId":"ib4bknqjjkq2utt"}
{"type":"operationEnd","doDiffs":false,"previousEventId":"2u3nba3beznl743","previousOperationId":"hrt1798rfhz8yxm","operationId":"hrt1798rfhz8yxm","timestamp":1764953665076,"id":"1d4moabx4lt9h6k"}
