{"type":"operationStart","subtype":"profile","data":{"_id":"JvvvAOsP4qLDMdVM","timestamp":"2025-12-07T13:10:25.851Z","state":"running","mode":"standard","creationDate":"2025-12-07T13:10:25.856Z","modificationDate":"2025-12-07T13:10:25.856Z","shortid":"wKW2clZ","$entitySet":"profiles","timeout":60000},"doDiffs":false,"timestamp":1765113025855,"id":"zd9e9rvezykjssd","previousOperationId":null,"operationId":"lv3knlvwr2ea8tp"}
{"type":"log","level":"info","message":"Render request 40 queued for execution and waiting for available worker","previousOperationId":"lv3knlvwr2ea8tp","timestamp":1765113025855,"id":"lk8amg5hz3d273d"}
{"type":"operationStart","subtype":"render","name":"anonymous","previousOperationId":"lv3knlvwr2ea8tp","timestamp":1765113025910,"id":"4p1xrwc9x9nbmmr","previousEventId":"zd9e9rvezykjssd","operationId":"6sr73a1m6mlhrsn"}
{"type":"log","timestamp":1765113025910,"level":"info","message":"Starting rendering request 40","meta":{"rootId":"vv82kwaabf8qqwn","id":"vv82kwaabf8qqwn"},"id":"t5n9iuri2cuorqd","previousOperationId":"6sr73a1m6mlhrsn"}
{"type":"log","timestamp":1765113025911,"level":"info","message":"Rendering anonymous template { recipe: pptx, engine: handlebars }","meta":{"rootId":"vv82kwaabf8qqwn","id":"vv82kwaabf8qqwn"},"id":"jtdu7yvzkv5ufl6","previousOperationId":"6sr73a1m6mlhrsn"}
{"type":"log","timestamp":1765113025911,"level":"debug","message":"Inline data specified.","meta":{"rootId":"vv82kwaabf8qqwn","id":"vv82kwaabf8qqwn"},"id":"l9rigu8nw8rrl46","previousOperationId":"6sr73a1m6mlhrsn"}
{"type":"log","timestamp":1765113025914,"level":"debug","message":"Base url not specified, skipping its injection.","meta":{"rootId":"vv82kwaabf8qqwn","id":"vv82kwaabf8qqwn"},"id":"tk7g1opeszo0frw","previousOperationId":"6sr73a1m6mlhrsn"}
{"type":"operationStart","subtype":"engine","name":"handlebars","timestamp":1765113025914,"id":"fa0dd4u2s0csh5v","previousEventId":"4p1xrwc9x9nbmmr","operationId":"99ezd8lbarpsw6m","previousOperationId":"6sr73a1m6mlhrsn"}
{"type":"log","timestamp":1765113025915,"level":"debug","message":"Rendering engine handlebars","meta":{"rootId":"vv82kwaabf8qqwn","id":"vv82kwaabf8qqwn"},"id":"chlzl71lrx8isnj","previousOperationId":"99ezd8lbarpsw6m"}
{"type":"operationEnd","operationId":"99ezd8lbarpsw6m","timestamp":1765113025929,"id":"ks784vufsmjjw7l","previousEventId":"fa0dd4u2s0csh5v","previousOperationId":"99ezd8lbarpsw6m"}
{"type":"operationStart","subtype":"recipe","name":"pptx","timestamp":1765113025930,"id":"xlo4fz4d4swel1d","previousEventId":"ks784vufsmjjw7l","operationId":"ehap6c73v0rraaa","previousOperationId":"99ezd8lbarpsw6m"}
{"type":"log","timestamp":1765113025930,"level":"debug","message":"Executing recipe pptx","meta":{"rootId":"vv82kwaabf8qqwn","id":"vv82kwaabf8qqwn"},"id":"xauxpuqyx7n27tf","previousOperationId":"ehap6c73v0rraaa"}
{"type":"log","timestamp":1765113025959,"level":"info","message":"pptx generation is starting","meta":{"rootId":"vv82kwaabf8qqwn","id":"vv82kwaabf8qqwn"},"id":"5zzl0dq2pnc0nzm","previousOperationId":"ehap6c73v0rraaa"}
{"type":"log","timestamp":1765113027496,"level":"debug","message":"Starting child request to render pptx dynamic parts","meta":{"rootId":"vv82kwaabf8qqwn","id":"vv82kwaabf8qqwn"},"id":"280b57kmlpn0c7n","previousOperationId":"ehap6c73v0rraaa"}
{"type":"operationStart","subtype":"render","name":"anonymous","previousOperationId":"ehap6c73v0rraaa","timestamp":1765113027497,"id":"46fe2y8rn8h1up2","previousEventId":"xlo4fz4d4swel1d","operationId":"z7yyipb54dahddq"}
{"type":"log","timestamp":1765113027497,"level":"info","message":"Starting rendering (child) request","meta":{"rootId":"vv82kwaabf8qqwn","id":"geqefkqfz5xjmuq"},"id":"vrvp7em6kxivc5q","previousOperationId":"z7yyipb54dahddq"}
{"type":"log","timestamp":1765113027497,"level":"info","message":"Rendering anonymous template { recipe: html, engine: handlebars }","meta":{"rootId":"vv82kwaabf8qqwn","id":"geqefkqfz5xjmuq"},"id":"4ze3y3g0zzh6pde","previousOperationId":"z7yyipb54dahddq"}
{"type":"log","timestamp":1765113027497,"level":"debug","message":"Inline data specified.","meta":{"rootId":"vv82kwaabf8qqwn","id":"geqefkqfz5xjmuq"},"id":"xe6mozfmw167tfb","previousOperationId":"z7yyipb54dahddq"}
{"type":"log","timestamp":1765113027503,"level":"debug","message":"Base url not specified, skipping its injection.","meta":{"rootId":"vv82kwaabf8qqwn","id":"geqefkqfz5xjmuq"},"id":"lh66ecb4fmqpl2i","previousOperationId":"z7yyipb54dahddq"}
{"type":"operationStart","subtype":"engine","name":"handlebars","timestamp":1765113027504,"id":"49le0pw1psoeqkr","previousEventId":"46fe2y8rn8h1up2","operationId":"h7rlfsfyslilisq","previousOperationId":"z7yyipb54dahddq"}
{"type":"log","timestamp":1765113027504,"level":"debug","message":"Rendering engine handlebars","meta":{"rootId":"vv82kwaabf8qqwn","id":"geqefkqfz5xjmuq"},"id":"1lpzlu0794x6ek9","previousOperationId":"h7rlfsfyslilisq"}
{"type":"operationEnd","operationId":"h7rlfsfyslilisq","timestamp":1765113027534,"id":"1o8v5w5md8rvug6","previousEventId":"49le0pw1psoeqkr","previousOperationId":"h7rlfsfyslilisq"}
{"type":"operationStart","subtype":"recipe","name":"html","timestamp":1765113027547,"id":"39kp5133qlj9a9t","previousEventId":"1o8v5w5md8rvug6","operationId":"emlh65bdajiwkit","previousOperationId":"h7rlfsfyslilisq"}
{"type":"log","timestamp":1765113027547,"level":"debug","message":"Executing recipe html","meta":{"rootId":"vv82kwaabf8qqwn","id":"geqefkqfz5xjmuq"},"id":"l6agnvc2fbc0pon","previousOperationId":"emlh65bdajiwkit"}
{"type":"operationEnd","operationId":"emlh65bdajiwkit","timestamp":1765113027547,"id":"vr4fo0lj5ju8x9d","previousEventId":"39kp5133qlj9a9t","previousOperationId":"emlh65bdajiwkit"}
{"type":"log","timestamp":1765113027547,"level":"debug","message":"Skipping storing report.","meta":{"rootId":"vv82kwaabf8qqwn","id":"geqefkqfz5xjmuq"},"id":"e8c47yfwq5k332a","previousOperationId":"emlh65bdajiwkit"}
{"type":"log","timestamp":1765113027547,"level":"info","message":"Rendering (child) request finished in 1696 ms","meta":{"rootId":"vv82kwaabf8qqwn","id":"geqefkqfz5xjmuq"},"id":"8b4u21mvyzb77q0","previousOperationId":"emlh65bdajiwkit"}
{"type":"operationEnd","subtype":"render","operationId":"z7yyipb54dahddq","timestamp":1765113027547,"id":"08h7amvyb4mbpnk","previousEventId":"vr4fo0lj5ju8x9d","previousOperationId":"emlh65bdajiwkit"}
{"type":"log","timestamp":1765113043991,"level":"debug","message":"pptx successfully zipped","meta":{"rootId":"vv82kwaabf8qqwn","id":"vv82kwaabf8qqwn"},"id":"pnsqabo0hfv4wfy","previousOperationId":"ehap6c73v0rraaa"}
{"type":"log","timestamp":1765113043991,"level":"info","message":"pptx generation was finished","meta":{"rootId":"vv82kwaabf8qqwn","id":"vv82kwaabf8qqwn"},"id":"8qwg96vvly6o90j","previousOperationId":"ehap6c73v0rraaa"}
{"type":"operationEnd","operationId":"ehap6c73v0rraaa","timestamp":1765113044003,"id":"f82rt9jfywj9qix","previousEventId":"xlo4fz4d4swel1d","previousOperationId":"ehap6c73v0rraaa"}
{"type":"log","timestamp":1765113044003,"level":"debug","message":"Skipping storing report.","meta":{"rootId":"vv82kwaabf8qqwn","id":"vv82kwaabf8qqwn"},"id":"iecibopal8r3yyj","previousOperationId":"ehap6c73v0rraaa"}
{"type":"log","timestamp":1765113044004,"level":"info","message":"Rendering request 40 finished in 18153 ms","meta":{"rootId":"vv82kwaabf8qqwn","id":"vv82kwaabf8qqwn"},"id":"wbs1oopi35kw0sx","previousOperationId":"ehap6c73v0rraaa"}
{"type":"operationEnd","subtype":"render","operationId":"6sr73a1m6mlhrsn","timestamp":1765113044004,"id":"aw6bxf0qlq4pw5t","previousEventId":"f82rt9jfywj9qix","previousOperationId":"ehap6c73v0rraaa"}
{"type":"operationEnd","doDiffs":false,"previousEventId":"zd9e9rvezykjssd","previousOperationId":"lv3knlvwr2ea8tp","operationId":"lv3knlvwr2ea8tp","timestamp":1765113044010,"id":"eoreq8jscm0iyf4"}
