{"type":"operationStart","subtype":"profile","data":{"_id":"ihbrYz5W42KwSzqC","timestamp":"2025-12-07T11:46:16.028Z","state":"running","mode":"standard","creationDate":"2025-12-07T11:46:16.034Z","modificationDate":"2025-12-07T11:46:16.034Z","shortid":"ai9xh_2","$entitySet":"profiles","timeout":60000},"doDiffs":false,"timestamp":1765107976031,"id":"3drptpzrsvbkvvy","previousOperationId":null,"operationId":"4311onmmq2q6mr7"}
{"type":"log","level":"info","message":"Render request 9 queued for execution and waiting for available worker","previousOperationId":"4311onmmq2q6mr7","timestamp":1765107976031,"id":"zfm5jv37id6rc38"}
{"type":"operationStart","subtype":"render","name":"anonymous","previousOperationId":"4311onmmq2q6mr7","timestamp":1765107976102,"id":"pso3z0cd6c0bc0u","previousEventId":"3drptpzrsvbkvvy","operationId":"gj32z54pimay7l1"}
{"type":"log","timestamp":1765107976102,"level":"info","message":"Starting rendering request 9","meta":{"rootId":"w9iq2p5qt9f4owf","id":"w9iq2p5qt9f4owf"},"id":"3am9n1cynpkvx8d","previousOperationId":"gj32z54pimay7l1"}
{"type":"log","timestamp":1765107976103,"level":"info","message":"Rendering anonymous template { recipe: pptx, engine: handlebars }","meta":{"rootId":"w9iq2p5qt9f4owf","id":"w9iq2p5qt9f4owf"},"id":"kzj0l8jxbcftavg","previousOperationId":"gj32z54pimay7l1"}
{"type":"log","timestamp":1765107976103,"level":"debug","message":"Inline data specified.","meta":{"rootId":"w9iq2p5qt9f4owf","id":"w9iq2p5qt9f4owf"},"id":"fr99repa7hb5iuj","previousOperationId":"gj32z54pimay7l1"}
{"type":"log","timestamp":1765107976107,"level":"debug","message":"Base url not specified, skipping its injection.","meta":{"rootId":"w9iq2p5qt9f4owf","id":"w9iq2p5qt9f4owf"},"id":"31ffq8zmiv89enl","previousOperationId":"gj32z54pimay7l1"}
{"type":"operationStart","subtype":"engine","name":"handlebars","timestamp":1765107976108,"id":"1szwft6d5lknl40","previousEventId":"pso3z0cd6c0bc0u","operationId":"1kffuigcj17xwf0","previousOperationId":"gj32z54pimay7l1"}
{"type":"log","timestamp":1765107976108,"level":"debug","message":"Rendering engine handlebars","meta":{"rootId":"w9iq2p5qt9f4owf","id":"w9iq2p5qt9f4owf"},"id":"a14jtm5jynnv33k","previousOperationId":"1kffuigcj17xwf0"}
{"type":"operationEnd","operationId":"1kffuigcj17xwf0","timestamp":1765107976132,"id":"edjyee8cgehight","previousEventId":"1szwft6d5lknl40","previousOperationId":"1kffuigcj17xwf0"}
{"type":"operationStart","subtype":"recipe","name":"pptx","timestamp":1765107976133,"id":"p0r3v08bpzxsun3","previousEventId":"edjyee8cgehight","operationId":"xxaegxy2hvgoiys","previousOperationId":"1kffuigcj17xwf0"}
{"type":"log","timestamp":1765107976133,"level":"debug","message":"Executing recipe pptx","meta":{"rootId":"w9iq2p5qt9f4owf","id":"w9iq2p5qt9f4owf"},"id":"1v30uh1juj4qea6","previousOperationId":"xxaegxy2hvgoiys"}
{"type":"log","timestamp":1765107976154,"level":"info","message":"pptx generation is starting","meta":{"rootId":"w9iq2p5qt9f4owf","id":"w9iq2p5qt9f4owf"},"id":"dxeubwel0bnf3fq","previousOperationId":"xxaegxy2hvgoiys"}
{"type":"log","timestamp":1765107977690,"level":"debug","message":"Starting child request to render pptx dynamic parts","meta":{"rootId":"w9iq2p5qt9f4owf","id":"w9iq2p5qt9f4owf"},"id":"7hom30eo3fp1lbi","previousOperationId":"xxaegxy2hvgoiys"}
{"type":"operationStart","subtype":"render","name":"anonymous","previousOperationId":"xxaegxy2hvgoiys","timestamp":1765107977690,"id":"y2ym2zyu6ed9cee","previousEventId":"p0r3v08bpzxsun3","operationId":"by9kco1y6t018zr"}
{"type":"log","timestamp":1765107977691,"level":"info","message":"Starting rendering (child) request","meta":{"rootId":"w9iq2p5qt9f4owf","id":"tegv803nuj33wht"},"id":"5ctjdqsk8b33f0y","previousOperationId":"by9kco1y6t018zr"}
{"type":"log","timestamp":1765107977691,"level":"info","message":"Rendering anonymous template { recipe: html, engine: handlebars }","meta":{"rootId":"w9iq2p5qt9f4owf","id":"tegv803nuj33wht"},"id":"0khno72tlkjqmss","previousOperationId":"by9kco1y6t018zr"}
{"type":"log","timestamp":1765107977691,"level":"debug","message":"Inline data specified.","meta":{"rootId":"w9iq2p5qt9f4owf","id":"tegv803nuj33wht"},"id":"1jtt2h41um0up2y","previousOperationId":"by9kco1y6t018zr"}
{"type":"log","timestamp":1765107977697,"level":"debug","message":"Base url not specified, skipping its injection.","meta":{"rootId":"w9iq2p5qt9f4owf","id":"tegv803nuj33wht"},"id":"z0ov2qzvwnck0k7","previousOperationId":"by9kco1y6t018zr"}
{"type":"operationStart","subtype":"engine","name":"handlebars","timestamp":1765107977700,"id":"pt8mdf9650pdvgy","previousEventId":"y2ym2zyu6ed9cee","operationId":"u53tcbkdd0mltpw","previousOperationId":"by9kco1y6t018zr"}
{"type":"log","timestamp":1765107977700,"level":"debug","message":"Rendering engine handlebars","meta":{"rootId":"w9iq2p5qt9f4owf","id":"tegv803nuj33wht"},"id":"cfw4tea94fioyxw","previousOperationId":"u53tcbkdd0mltpw"}
{"type":"operationEnd","operationId":"u53tcbkdd0mltpw","timestamp":1765107977796,"id":"z4ih81clfcgh1sy","previousEventId":"pt8mdf9650pdvgy","previousOperationId":"u53tcbkdd0mltpw"}
{"type":"operationStart","subtype":"recipe","name":"html","timestamp":1765107977808,"id":"w0k4g3oyhs3kamr","previousEventId":"z4ih81clfcgh1sy","operationId":"yw4o5hj7ky8juzi","previousOperationId":"u53tcbkdd0mltpw"}
{"type":"log","timestamp":1765107977808,"level":"debug","message":"Executing recipe html","meta":{"rootId":"w9iq2p5qt9f4owf","id":"tegv803nuj33wht"},"id":"3jpqsup5bw1rwqu","previousOperationId":"yw4o5hj7ky8juzi"}
{"type":"operationEnd","operationId":"yw4o5hj7ky8juzi","timestamp":1765107977808,"id":"3pf92bid1eu5egz","previousEventId":"w0k4g3oyhs3kamr","previousOperationId":"yw4o5hj7ky8juzi"}
{"type":"log","timestamp":1765107977809,"level":"debug","message":"Skipping storing report.","meta":{"rootId":"w9iq2p5qt9f4owf","id":"tegv803nuj33wht"},"id":"n0vbej7d9bir4b3","previousOperationId":"yw4o5hj7ky8juzi"}
{"type":"log","timestamp":1765107977809,"level":"info","message":"Rendering (child) request finished in 1786 ms","meta":{"rootId":"w9iq2p5qt9f4owf","id":"tegv803nuj33wht"},"id":"zqkok4r41opvypf","previousOperationId":"yw4o5hj7ky8juzi"}
{"type":"operationEnd","subtype":"render","operationId":"by9kco1y6t018zr","timestamp":1765107977809,"id":"p9xd1qdxr3eyjib","previousEventId":"3pf92bid1eu5egz","previousOperationId":"yw4o5hj7ky8juzi"}
{"type":"log","timestamp":1765107992369,"level":"debug","message":"pptx successfully zipped","meta":{"rootId":"w9iq2p5qt9f4owf","id":"w9iq2p5qt9f4owf"},"id":"e7zzj3d8045q3d0","previousOperationId":"xxaegxy2hvgoiys"}
{"type":"log","timestamp":1765107992370,"level":"info","message":"pptx generation was finished","meta":{"rootId":"w9iq2p5qt9f4owf","id":"w9iq2p5qt9f4owf"},"id":"l2v9pyssk7bf4ry","previousOperationId":"xxaegxy2hvgoiys"}
{"type":"operationEnd","operationId":"xxaegxy2hvgoiys","timestamp":1765107992379,"id":"s2r40ma0z80a9z0","previousEventId":"p0r3v08bpzxsun3","previousOperationId":"xxaegxy2hvgoiys"}
{"type":"log","timestamp":1765107992380,"level":"debug","message":"Skipping storing report.","meta":{"rootId":"w9iq2p5qt9f4owf","id":"w9iq2p5qt9f4owf"},"id":"dxets52ncpl5t5i","previousOperationId":"xxaegxy2hvgoiys"}
{"type":"log","timestamp":1765107992380,"level":"info","message":"Rendering request 9 finished in 16357 ms","meta":{"rootId":"w9iq2p5qt9f4owf","id":"w9iq2p5qt9f4owf"},"id":"61e1u8oyemikfxe","previousOperationId":"xxaegxy2hvgoiys"}
{"type":"operationEnd","subtype":"render","operationId":"gj32z54pimay7l1","timestamp":1765107992380,"id":"35qj7sd524oal4r","previousEventId":"s2r40ma0z80a9z0","previousOperationId":"xxaegxy2hvgoiys"}
{"type":"operationEnd","doDiffs":false,"previousEventId":"3drptpzrsvbkvvy","previousOperationId":"4311onmmq2q6mr7","operationId":"4311onmmq2q6mr7","timestamp":1765107992389,"id":"2si5vffn84a3qb3"}
