{"type":"operationStart","subtype":"profile","data":{"_id":"ctwfkyWvsYB7KyHf","timestamp":"2025-12-05T22:31:26.297Z","state":"running","mode":"standard","creationDate":"2025-12-05T22:31:26.303Z","modificationDate":"2025-12-05T22:31:26.303Z","shortid":"YSBcWps","$entitySet":"profiles","timeout":60000},"doDiffs":false,"timestamp":1764973886300,"id":"uysyhxzada2gkef","previousOperationId":null,"operationId":"i0c3yp2b9d632i6"}
{"type":"log","level":"info","message":"Render request 1 queued for execution and waiting for available worker","previousOperationId":"i0c3yp2b9d632i6","timestamp":1764973886301,"id":"wjq9bu4t37r57ga"}
{"type":"operationStart","subtype":"render","name":"anonymous","previousOperationId":"i0c3yp2b9d632i6","timestamp":1764973886345,"id":"wi6acv05vgcokks","previousEventId":"uysyhxzada2gkef","operationId":"zbck31507165fyx"}
{"type":"log","timestamp":1764973886346,"level":"info","message":"Starting rendering request 1","meta":{"rootId":"wd7yjgy9cz39qoc","id":"wd7yjgy9cz39qoc"},"id":"49wcnsgqbils6cz","previousOperationId":"zbck31507165fyx"}
{"type":"log","timestamp":1764973886349,"level":"info","message":"Rendering anonymous template { recipe: pptx, engine: handlebars }","meta":{"rootId":"wd7yjgy9cz39qoc","id":"wd7yjgy9cz39qoc"},"id":"5zoq3e3ze0eijqn","previousOperationId":"zbck31507165fyx"}
{"type":"log","timestamp":1764973886349,"level":"debug","message":"Inline data specified.","meta":{"rootId":"wd7yjgy9cz39qoc","id":"wd7yjgy9cz39qoc"},"id":"r8x910mcu1mj5sx","previousOperationId":"zbck31507165fyx"}
{"type":"log","timestamp":1764973886355,"level":"debug","message":"Base url not specified, skipping its injection.","meta":{"rootId":"wd7yjgy9cz39qoc","id":"wd7yjgy9cz39qoc"},"id":"yeq81p2ql7n1kkg","previousOperationId":"zbck31507165fyx"}
{"type":"operationStart","subtype":"engine","name":"handlebars","timestamp":1764973886357,"id":"bfxkz7tconk4uy7","previousEventId":"wi6acv05vgcokks","operationId":"rbjawonxbexuov7","previousOperationId":"zbck31507165fyx"}
{"type":"log","timestamp":1764973886357,"level":"debug","message":"Rendering engine handlebars","meta":{"rootId":"wd7yjgy9cz39qoc","id":"wd7yjgy9cz39qoc"},"id":"buin88q8gazsbh3","previousOperationId":"rbjawonxbexuov7"}
{"type":"operationEnd","operationId":"rbjawonxbexuov7","timestamp":1764973887537,"id":"e3ciu0d3iche1yc","previousEventId":"bfxkz7tconk4uy7","previousOperationId":"rbjawonxbexuov7"}
{"type":"operationStart","subtype":"recipe","name":"pptx","timestamp":1764973887538,"id":"awvo68wckfqui38","previousEventId":"e3ciu0d3iche1yc","operationId":"ttdsjmkpphs9852","previousOperationId":"rbjawonxbexuov7"}
{"type":"log","timestamp":1764973887538,"level":"debug","message":"Executing recipe pptx","meta":{"rootId":"wd7yjgy9cz39qoc","id":"wd7yjgy9cz39qoc"},"id":"rzvvprtiqj7o031","previousOperationId":"ttdsjmkpphs9852"}
{"type":"log","timestamp":1764973887783,"level":"info","message":"pptx generation is starting","meta":{"rootId":"wd7yjgy9cz39qoc","id":"wd7yjgy9cz39qoc"},"id":"6xpvfve5gf3inqz","previousOperationId":"ttdsjmkpphs9852"}
{"type":"log","timestamp":1764973887986,"level":"debug","message":"Starting child request to render pptx dynamic parts","meta":{"rootId":"wd7yjgy9cz39qoc","id":"wd7yjgy9cz39qoc"},"id":"akni8p8m51f7hoc","previousOperationId":"ttdsjmkpphs9852"}
{"type":"operationStart","subtype":"render","name":"anonymous","previousOperationId":"ttdsjmkpphs9852","timestamp":1764973887987,"id":"8k9g9yz6i813ypj","previousEventId":"awvo68wckfqui38","operationId":"jayopxdnbg0w4qo"}
{"type":"log","timestamp":1764973887988,"level":"info","message":"Starting rendering (child) request","meta":{"rootId":"wd7yjgy9cz39qoc","id":"h9zhklggqsvl9jf"},"id":"b5rizvq2888a58c","previousOperationId":"jayopxdnbg0w4qo"}
{"type":"log","timestamp":1764973887989,"level":"info","message":"Rendering anonymous template { recipe: html, engine: handlebars }","meta":{"rootId":"wd7yjgy9cz39qoc","id":"h9zhklggqsvl9jf"},"id":"3vmd58w1x0z5gnl","previousOperationId":"jayopxdnbg0w4qo"}
{"type":"log","timestamp":1764973887989,"level":"debug","message":"Inline data specified.","meta":{"rootId":"wd7yjgy9cz39qoc","id":"h9zhklggqsvl9jf"},"id":"2phtf29ohuf9gj8","previousOperationId":"jayopxdnbg0w4qo"}
{"type":"log","timestamp":1764973887998,"level":"debug","message":"Base url not specified, skipping its injection.","meta":{"rootId":"wd7yjgy9cz39qoc","id":"h9zhklggqsvl9jf"},"id":"jm8vnrdklsd2h4u","previousOperationId":"jayopxdnbg0w4qo"}
{"type":"operationStart","subtype":"engine","name":"handlebars","timestamp":1764973887999,"id":"tsu102403dqe2ef","previousEventId":"8k9g9yz6i813ypj","operationId":"d5fz3iip98nc8l3","previousOperationId":"jayopxdnbg0w4qo"}
{"type":"log","timestamp":1764973888000,"level":"debug","message":"Rendering engine handlebars","meta":{"rootId":"wd7yjgy9cz39qoc","id":"h9zhklggqsvl9jf"},"id":"uwristmilm1l05y","previousOperationId":"d5fz3iip98nc8l3"}
{"type":"operationEnd","operationId":"d5fz3iip98nc8l3","timestamp":1764973888038,"id":"y33dhtz0udzssp6","previousEventId":"tsu102403dqe2ef","previousOperationId":"d5fz3iip98nc8l3"}
{"type":"operationStart","subtype":"recipe","name":"html","timestamp":1764973888041,"id":"1twhpqkn9pte16z","previousEventId":"y33dhtz0udzssp6","operationId":"adsfyou7nqobme1","previousOperationId":"d5fz3iip98nc8l3"}
{"type":"log","timestamp":1764973888041,"level":"debug","message":"Executing recipe html","meta":{"rootId":"wd7yjgy9cz39qoc","id":"h9zhklggqsvl9jf"},"id":"h17zl2fz32t41fq","previousOperationId":"adsfyou7nqobme1"}
{"type":"operationEnd","operationId":"adsfyou7nqobme1","timestamp":1764973888041,"id":"fid4785bak5yiwo","previousEventId":"1twhpqkn9pte16z","previousOperationId":"adsfyou7nqobme1"}
{"type":"log","timestamp":1764973888043,"level":"debug","message":"Skipping storing report.","meta":{"rootId":"wd7yjgy9cz39qoc","id":"h9zhklggqsvl9jf"},"id":"jzhllnfkbkymszl","previousOperationId":"adsfyou7nqobme1"}
{"type":"log","timestamp":1764973888043,"level":"info","message":"Rendering (child) request finished in 1749 ms","meta":{"rootId":"wd7yjgy9cz39qoc","id":"h9zhklggqsvl9jf"},"id":"h5o7840j3jtvk4m","previousOperationId":"adsfyou7nqobme1"}
{"type":"operationEnd","subtype":"render","operationId":"jayopxdnbg0w4qo","timestamp":1764973888043,"id":"jhh3b9w9vnhnpss","previousEventId":"fid4785bak5yiwo","previousOperationId":"adsfyou7nqobme1"}
{"type":"log","timestamp":1764973893445,"level":"debug","message":"pptx successfully zipped","meta":{"rootId":"wd7yjgy9cz39qoc","id":"wd7yjgy9cz39qoc"},"id":"jzzaqald3nnv8yb","previousOperationId":"ttdsjmkpphs9852"}
{"type":"log","timestamp":1764973893445,"level":"info","message":"pptx generation was finished","meta":{"rootId":"wd7yjgy9cz39qoc","id":"wd7yjgy9cz39qoc"},"id":"o15c0wcp4inof39","previousOperationId":"ttdsjmkpphs9852"}
{"type":"operationEnd","operationId":"ttdsjmkpphs9852","timestamp":1764973893454,"id":"ihls16fa7bgux6o","previousEventId":"awvo68wckfqui38","previousOperationId":"ttdsjmkpphs9852"}
{"type":"log","timestamp":1764973893454,"level":"debug","message":"Skipping storing report.","meta":{"rootId":"wd7yjgy9cz39qoc","id":"wd7yjgy9cz39qoc"},"id":"n99o0w0g1dit0hp","previousOperationId":"ttdsjmkpphs9852"}
{"type":"log","timestamp":1764973893454,"level":"info","message":"Rendering request 1 finished in 7160 ms","meta":{"rootId":"wd7yjgy9cz39qoc","id":"wd7yjgy9cz39qoc"},"id":"qndu0ufpg0gqwk3","previousOperationId":"ttdsjmkpphs9852"}
{"type":"operationEnd","subtype":"render","operationId":"zbck31507165fyx","timestamp":1764973893454,"id":"jzrs8we6zpenqns","previousEventId":"ihls16fa7bgux6o","previousOperationId":"ttdsjmkpphs9852"}
{"type":"operationEnd","doDiffs":false,"previousEventId":"uysyhxzada2gkef","previousOperationId":"i0c3yp2b9d632i6","operationId":"i0c3yp2b9d632i6","timestamp":1764973893462,"id":"n0sqvhfgq2ogvtt"}
