{"type":"operationStart","subtype":"profile","data":{"_id":"Po3B5PMFeLPAghzn","timestamp":"2025-12-05T11:34:41.751Z","state":"running","mode":"standard","creationDate":"2025-12-05T11:34:41.836Z","modificationDate":"2025-12-05T11:34:41.836Z","shortid":"L7BGw_N","$entitySet":"profiles","timeout":60000},"doDiffs":false,"timestamp":1764934481833,"id":"svlsfx2bha6qj5f","previousOperationId":null,"operationId":"k787rb5zjtk71it"}
{"type":"log","level":"info","message":"Render request 2 queued for execution and waiting for available worker","previousOperationId":"k787rb5zjtk71it","timestamp":1764934481834,"id":"mtzcnsjtczkw5r5"}
{"type":"operationStart","subtype":"render","name":"anonymous","previousOperationId":"k787rb5zjtk71it","timestamp":1764934481856,"id":"xtyval3n99d24jh","previousEventId":"svlsfx2bha6qj5f","operationId":"8llpyewu104sdu5"}
{"type":"log","timestamp":1764934481857,"level":"info","message":"Starting rendering request 2","meta":{"rootId":"wft2mqbp28dyqdd","id":"wft2mqbp28dyqdd"},"id":"qj60qacw72vpomx","previousOperationId":"8llpyewu104sdu5"}
{"type":"log","timestamp":1764934481860,"level":"info","message":"Rendering anonymous template { recipe: pptx, engine: handlebars }","meta":{"rootId":"wft2mqbp28dyqdd","id":"wft2mqbp28dyqdd"},"id":"5kyx03yy6fdi4p1","previousOperationId":"8llpyewu104sdu5"}
{"type":"log","timestamp":1764934481862,"level":"debug","message":"Inline data specified.","meta":{"rootId":"wft2mqbp28dyqdd","id":"wft2mqbp28dyqdd"},"id":"xrparprxt8q2xaw","previousOperationId":"8llpyewu104sdu5"}
{"type":"log","timestamp":1764934481868,"level":"debug","message":"Base url not specified, skipping its injection.","meta":{"rootId":"wft2mqbp28dyqdd","id":"wft2mqbp28dyqdd"},"id":"wh13kqotgtskcbi","previousOperationId":"8llpyewu104sdu5"}
{"type":"operationStart","subtype":"engine","name":"handlebars","timestamp":1764934481871,"id":"buchywplkfw29dy","previousEventId":"xtyval3n99d24jh","operationId":"fjc3aplwwca0xf5","previousOperationId":"8llpyewu104sdu5"}
{"type":"log","timestamp":1764934481871,"level":"debug","message":"Rendering engine handlebars","meta":{"rootId":"wft2mqbp28dyqdd","id":"wft2mqbp28dyqdd"},"id":"xrq0rfhz1nxm3zs","previousOperationId":"fjc3aplwwca0xf5"}
{"type":"operationEnd","operationId":"fjc3aplwwca0xf5","timestamp":1764934483162,"id":"fax0plms23fmd84","previousEventId":"buchywplkfw29dy","previousOperationId":"fjc3aplwwca0xf5"}
{"type":"operationStart","subtype":"recipe","name":"pptx","timestamp":1764934483163,"id":"d96qyruhqiqcrj5","previousEventId":"fax0plms23fmd84","operationId":"aor6hhe9t62gbwj","previousOperationId":"fjc3aplwwca0xf5"}
{"type":"log","timestamp":1764934483163,"level":"debug","message":"Executing recipe pptx","meta":{"rootId":"wft2mqbp28dyqdd","id":"wft2mqbp28dyqdd"},"id":"qbkxhobr5ucnxwj","previousOperationId":"aor6hhe9t62gbwj"}
{"type":"log","timestamp":1764934483378,"level":"info","message":"pptx generation is starting","meta":{"rootId":"wft2mqbp28dyqdd","id":"wft2mqbp28dyqdd"},"id":"8aqyne8eycyrjd4","previousOperationId":"aor6hhe9t62gbwj"}
{"type":"log","timestamp":1764934483555,"level":"debug","message":"Starting child request to render pptx dynamic parts","meta":{"rootId":"wft2mqbp28dyqdd","id":"wft2mqbp28dyqdd"},"id":"0dpwbbm81uigdc9","previousOperationId":"aor6hhe9t62gbwj"}
{"type":"operationStart","subtype":"render","name":"anonymous","previousOperationId":"aor6hhe9t62gbwj","timestamp":1764934483556,"id":"5g6a0yeb52ck0a2","previousEventId":"d96qyruhqiqcrj5","operationId":"woc57hdaniud3s6"}
{"type":"log","timestamp":1764934483556,"level":"info","message":"Starting rendering (child) request","meta":{"rootId":"wft2mqbp28dyqdd","id":"pxh379du42plwe9"},"id":"86oftnew913j29h","previousOperationId":"woc57hdaniud3s6"}
{"type":"log","timestamp":1764934483557,"level":"info","message":"Rendering anonymous template { recipe: html, engine: handlebars }","meta":{"rootId":"wft2mqbp28dyqdd","id":"pxh379du42plwe9"},"id":"arbh6hrflrux55v","previousOperationId":"woc57hdaniud3s6"}
{"type":"log","timestamp":1764934483557,"level":"debug","message":"Inline data specified.","meta":{"rootId":"wft2mqbp28dyqdd","id":"pxh379du42plwe9"},"id":"y54407xb9xbg7bo","previousOperationId":"woc57hdaniud3s6"}
{"type":"log","timestamp":1764934483569,"level":"debug","message":"Base url not specified, skipping its injection.","meta":{"rootId":"wft2mqbp28dyqdd","id":"pxh379du42plwe9"},"id":"wrzufyud823dwiw","previousOperationId":"woc57hdaniud3s6"}
{"type":"operationStart","subtype":"engine","name":"handlebars","timestamp":1764934483569,"id":"mnr0lbsiwg23f13","previousEventId":"5g6a0yeb52ck0a2","operationId":"18avh1rlxynfjn5","previousOperationId":"woc57hdaniud3s6"}
{"type":"log","timestamp":1764934483570,"level":"debug","message":"Rendering engine handlebars","meta":{"rootId":"wft2mqbp28dyqdd","id":"pxh379du42plwe9"},"id":"9y9ztfh96ulvwr3","previousOperationId":"18avh1rlxynfjn5"}
{"type":"operationEnd","operationId":"18avh1rlxynfjn5","timestamp":1764934483610,"id":"xkubcuck2zwqgzm","previousEventId":"mnr0lbsiwg23f13","previousOperationId":"18avh1rlxynfjn5"}
{"type":"operationStart","subtype":"recipe","name":"html","timestamp":1764934483610,"id":"ynljp59ml4a91bx","previousEventId":"xkubcuck2zwqgzm","operationId":"tt1kezythcig9mo","previousOperationId":"18avh1rlxynfjn5"}
{"type":"log","timestamp":1764934483610,"level":"debug","message":"Executing recipe html","meta":{"rootId":"wft2mqbp28dyqdd","id":"pxh379du42plwe9"},"id":"ef7s5bmfq38lb8j","previousOperationId":"tt1kezythcig9mo"}
{"type":"operationEnd","operationId":"tt1kezythcig9mo","timestamp":1764934483611,"id":"xcqvymio2hb38wd","previousEventId":"ynljp59ml4a91bx","previousOperationId":"tt1kezythcig9mo"}
{"type":"log","timestamp":1764934483611,"level":"debug","message":"Skipping storing report.","meta":{"rootId":"wft2mqbp28dyqdd","id":"pxh379du42plwe9"},"id":"8imxowbdim7uozc","previousOperationId":"tt1kezythcig9mo"}
{"type":"log","timestamp":1764934483612,"level":"info","message":"Rendering (child) request finished in 1862 ms","meta":{"rootId":"wft2mqbp28dyqdd","id":"pxh379du42plwe9"},"id":"xql6ffg5nrqan08","previousOperationId":"tt1kezythcig9mo"}
{"type":"operationEnd","subtype":"render","operationId":"woc57hdaniud3s6","timestamp":1764934483612,"id":"t8c045zj5pltwk7","previousEventId":"xcqvymio2hb38wd","previousOperationId":"tt1kezythcig9mo"}
{"type":"log","timestamp":1764934484333,"level":"debug","message":"pptx successfully zipped","meta":{"rootId":"wft2mqbp28dyqdd","id":"wft2mqbp28dyqdd"},"id":"yyu7ntzptvwgqe4","previousOperationId":"aor6hhe9t62gbwj"}
{"type":"log","timestamp":1764934484334,"level":"info","message":"pptx generation was finished","meta":{"rootId":"wft2mqbp28dyqdd","id":"wft2mqbp28dyqdd"},"id":"9jes71hd5c30tst","previousOperationId":"aor6hhe9t62gbwj"}
{"type":"operationEnd","operationId":"aor6hhe9t62gbwj","timestamp":1764934484343,"id":"u06imche3y1ftt3","previousEventId":"d96qyruhqiqcrj5","previousOperationId":"aor6hhe9t62gbwj"}
{"type":"log","timestamp":1764934484343,"level":"debug","message":"Skipping storing report.","meta":{"rootId":"wft2mqbp28dyqdd","id":"wft2mqbp28dyqdd"},"id":"hh7fic26234ueo3","previousOperationId":"aor6hhe9t62gbwj"}
{"type":"log","timestamp":1764934484344,"level":"info","message":"Rendering request 2 finished in 2594 ms","meta":{"rootId":"wft2mqbp28dyqdd","id":"wft2mqbp28dyqdd"},"id":"7q3uk6uuwszgrza","previousOperationId":"aor6hhe9t62gbwj"}
{"type":"operationEnd","subtype":"render","operationId":"8llpyewu104sdu5","timestamp":1764934484344,"id":"5s2209zmux9u52h","previousEventId":"u06imche3y1ftt3","previousOperationId":"aor6hhe9t62gbwj"}
{"type":"operationEnd","doDiffs":false,"previousEventId":"svlsfx2bha6qj5f","previousOperationId":"k787rb5zjtk71it","operationId":"k787rb5zjtk71it","timestamp":1764934484352,"id":"cfm1p880o36aost"}
