{"type":"operationStart","subtype":"profile","data":{"_id":"OaRUt3f8yfVKa6a0","timestamp":"2025-12-07T14:43:02.992Z","state":"running","mode":"standard","creationDate":"2025-12-07T14:43:03.006Z","modificationDate":"2025-12-07T14:43:03.006Z","shortid":"uUSA8HQ","$entitySet":"profiles","timeout":60000},"doDiffs":false,"timestamp":1765118583003,"id":"n68hx456wsqfyz4","previousOperationId":null,"operationId":"wdkco51aqwd4svs"}
{"type":"log","level":"info","message":"Render request 2 queued for execution and waiting for available worker","previousOperationId":"wdkco51aqwd4svs","timestamp":1765118583003,"id":"ryl4dse62mkbcvj"}
{"type":"operationStart","subtype":"render","name":"anonymous","previousOperationId":"wdkco51aqwd4svs","timestamp":1765118583070,"id":"i0oyb8zh9udhtud","previousEventId":"n68hx456wsqfyz4","operationId":"csstu5obn8jaj6e"}
{"type":"log","timestamp":1765118583072,"level":"info","message":"Starting rendering request 2","meta":{"rootId":"wg01mit511wlbuj","id":"wg01mit511wlbuj"},"id":"luct9j2jykjcket","previousOperationId":"csstu5obn8jaj6e"}
{"type":"log","timestamp":1765118583075,"level":"info","message":"Rendering anonymous template { recipe: pptx, engine: handlebars }","meta":{"rootId":"wg01mit511wlbuj","id":"wg01mit511wlbuj"},"id":"dahcnnnp33gf18s","previousOperationId":"csstu5obn8jaj6e"}
{"type":"log","timestamp":1765118583076,"level":"debug","message":"Inline data specified.","meta":{"rootId":"wg01mit511wlbuj","id":"wg01mit511wlbuj"},"id":"l2rzza04svd5g8q","previousOperationId":"csstu5obn8jaj6e"}
{"type":"log","timestamp":1765118583087,"level":"debug","message":"Base url not specified, skipping its injection.","meta":{"rootId":"wg01mit511wlbuj","id":"wg01mit511wlbuj"},"id":"k9zmsn3yzjjkvm5","previousOperationId":"csstu5obn8jaj6e"}
{"type":"operationStart","subtype":"engine","name":"handlebars","timestamp":1765118583089,"id":"rg5byirswx3z12n","previousEventId":"i0oyb8zh9udhtud","operationId":"8q9iz77cg5bf353","previousOperationId":"csstu5obn8jaj6e"}
{"type":"log","timestamp":1765118583089,"level":"debug","message":"Rendering engine handlebars","meta":{"rootId":"wg01mit511wlbuj","id":"wg01mit511wlbuj"},"id":"5kw76x1wuta7rc6","previousOperationId":"8q9iz77cg5bf353"}
{"type":"operationEnd","operationId":"8q9iz77cg5bf353","timestamp":1765118584312,"id":"u04pk37l4hb4dqh","previousEventId":"rg5byirswx3z12n","previousOperationId":"8q9iz77cg5bf353"}
{"type":"operationStart","subtype":"recipe","name":"pptx","timestamp":1765118584313,"id":"pgqwjzwwwcbpj8i","previousEventId":"u04pk37l4hb4dqh","operationId":"vuqlkyaykn5vmxa","previousOperationId":"8q9iz77cg5bf353"}
{"type":"log","timestamp":1765118584313,"level":"debug","message":"Executing recipe pptx","meta":{"rootId":"wg01mit511wlbuj","id":"wg01mit511wlbuj"},"id":"56qcxkldd23n4i6","previousOperationId":"vuqlkyaykn5vmxa"}
{"type":"log","timestamp":1765118584578,"level":"info","message":"pptx generation is starting","meta":{"rootId":"wg01mit511wlbuj","id":"wg01mit511wlbuj"},"id":"0hd5fw7clvn1c4r","previousOperationId":"vuqlkyaykn5vmxa"}
{"type":"log","timestamp":1765118586254,"level":"debug","message":"Starting child request to render pptx dynamic parts","meta":{"rootId":"wg01mit511wlbuj","id":"wg01mit511wlbuj"},"id":"b49o8kl8vme16n3","previousOperationId":"vuqlkyaykn5vmxa"}
{"type":"operationStart","subtype":"render","name":"anonymous","previousOperationId":"vuqlkyaykn5vmxa","timestamp":1765118586255,"id":"fup45h7cparppgv","previousEventId":"pgqwjzwwwcbpj8i","operationId":"b6kfk3gan13qe5b"}
{"type":"log","timestamp":1765118586255,"level":"info","message":"Starting rendering (child) request","meta":{"rootId":"wg01mit511wlbuj","id":"j7oft1qvi6fb0i0"},"id":"uw0oaqjz8ayraxz","previousOperationId":"b6kfk3gan13qe5b"}
{"type":"log","timestamp":1765118586256,"level":"info","message":"Rendering anonymous template { recipe: html, engine: handlebars }","meta":{"rootId":"wg01mit511wlbuj","id":"j7oft1qvi6fb0i0"},"id":"c1po0jtj6prl6aq","previousOperationId":"b6kfk3gan13qe5b"}
{"type":"log","timestamp":1765118586256,"level":"debug","message":"Inline data specified.","meta":{"rootId":"wg01mit511wlbuj","id":"j7oft1qvi6fb0i0"},"id":"ogm7d3w5y0vrlfl","previousOperationId":"b6kfk3gan13qe5b"}
{"type":"log","timestamp":1765118586263,"level":"debug","message":"Base url not specified, skipping its injection.","meta":{"rootId":"wg01mit511wlbuj","id":"j7oft1qvi6fb0i0"},"id":"b53mygv91u6z3gk","previousOperationId":"b6kfk3gan13qe5b"}
{"type":"operationStart","subtype":"engine","name":"handlebars","timestamp":1765118586268,"id":"q365mf5kj78ngaa","previousEventId":"fup45h7cparppgv","operationId":"vql8dq1o8kniwo7","previousOperationId":"b6kfk3gan13qe5b"}
{"type":"log","timestamp":1765118586268,"level":"debug","message":"Rendering engine handlebars","meta":{"rootId":"wg01mit511wlbuj","id":"j7oft1qvi6fb0i0"},"id":"os734mpl9lz4bgg","previousOperationId":"vql8dq1o8kniwo7"}
{"type":"operationEnd","operationId":"vql8dq1o8kniwo7","timestamp":1765118586392,"id":"uaudtsfswazgg2z","previousEventId":"q365mf5kj78ngaa","previousOperationId":"vql8dq1o8kniwo7"}
{"type":"operationStart","subtype":"recipe","name":"html","timestamp":1765118586407,"id":"qgddizqjn7jrez1","previousEventId":"uaudtsfswazgg2z","operationId":"rpkrnx8kyjznc47","previousOperationId":"vql8dq1o8kniwo7"}
{"type":"log","timestamp":1765118586407,"level":"debug","message":"Executing recipe html","meta":{"rootId":"wg01mit511wlbuj","id":"j7oft1qvi6fb0i0"},"id":"0eb9ypgsa8t0x3g","previousOperationId":"rpkrnx8kyjznc47"}
{"type":"operationEnd","operationId":"rpkrnx8kyjznc47","timestamp":1765118586407,"id":"1mjffdu3oruhvy9","previousEventId":"qgddizqjn7jrez1","previousOperationId":"rpkrnx8kyjznc47"}
{"type":"log","timestamp":1765118586408,"level":"debug","message":"Skipping storing report.","meta":{"rootId":"wg01mit511wlbuj","id":"j7oft1qvi6fb0i0"},"id":"h4lc0c8xa0gj2q2","previousOperationId":"rpkrnx8kyjznc47"}
{"type":"log","timestamp":1765118586409,"level":"info","message":"Rendering (child) request finished in 3419 ms","meta":{"rootId":"wg01mit511wlbuj","id":"j7oft1qvi6fb0i0"},"id":"vb0bllpazi9p93p","previousOperationId":"rpkrnx8kyjznc47"}
{"type":"operationEnd","subtype":"render","operationId":"b6kfk3gan13qe5b","timestamp":1765118586409,"id":"diq51vsleqdzii6","previousEventId":"1mjffdu3oruhvy9","previousOperationId":"rpkrnx8kyjznc47"}
{"type":"log","timestamp":1765118594182,"level":"debug","message":"pptx successfully zipped","meta":{"rootId":"wg01mit511wlbuj","id":"wg01mit511wlbuj"},"id":"f2fnv7qdy0f05b1","previousOperationId":"vuqlkyaykn5vmxa"}
{"type":"log","timestamp":1765118594182,"level":"info","message":"pptx generation was finished","meta":{"rootId":"wg01mit511wlbuj","id":"wg01mit511wlbuj"},"id":"i9chuuu0m7i1v2n","previousOperationId":"vuqlkyaykn5vmxa"}
{"type":"operationEnd","operationId":"vuqlkyaykn5vmxa","timestamp":1765118594198,"id":"qulgcwlqtvr5gwc","previousEventId":"pgqwjzwwwcbpj8i","previousOperationId":"vuqlkyaykn5vmxa"}
{"type":"log","timestamp":1765118594198,"level":"debug","message":"Skipping storing report.","meta":{"rootId":"wg01mit511wlbuj","id":"wg01mit511wlbuj"},"id":"slhlilq3r7jgaob","previousOperationId":"vuqlkyaykn5vmxa"}
{"type":"log","timestamp":1765118594198,"level":"info","message":"Rendering request 2 finished in 11208 ms","meta":{"rootId":"wg01mit511wlbuj","id":"wg01mit511wlbuj"},"id":"ppbzm17yen9w6zp","previousOperationId":"vuqlkyaykn5vmxa"}
{"type":"operationEnd","subtype":"render","operationId":"csstu5obn8jaj6e","timestamp":1765118594198,"id":"4m1hcc22pt8rcrk","previousEventId":"qulgcwlqtvr5gwc","previousOperationId":"vuqlkyaykn5vmxa"}
{"type":"operationEnd","doDiffs":false,"previousEventId":"n68hx456wsqfyz4","previousOperationId":"wdkco51aqwd4svs","operationId":"wdkco51aqwd4svs","timestamp":1765118594204,"id":"jt0lf76lo7niccx"}
