{"type":"operationStart","subtype":"profile","data":{"_id":"tmv3Eslrj8Vqq0bH","timestamp":"2025-12-05T11:47:13.851Z","state":"running","mode":"standard","creationDate":"2025-12-05T11:47:13.855Z","modificationDate":"2025-12-05T11:47:13.855Z","shortid":"r5pEoGi","$entitySet":"profiles","timeout":60000},"doDiffs":false,"timestamp":1764935233854,"id":"96xbfu2uz6pes9p","previousOperationId":null,"operationId":"w1w4wty0cw5dgus"}
{"type":"log","level":"info","message":"Render request 5 queued for execution and waiting for available worker","previousOperationId":"w1w4wty0cw5dgus","timestamp":1764935233854,"id":"v8sxolya4xlxkb4"}
{"type":"operationStart","subtype":"render","name":"anonymous","previousOperationId":"w1w4wty0cw5dgus","timestamp":1764935233871,"id":"qklcjljnz5zp5kz","previousEventId":"96xbfu2uz6pes9p","operationId":"xj48fof1g0ib3c7"}
{"type":"log","timestamp":1764935233871,"level":"info","message":"Starting rendering request 5","meta":{"rootId":"wld0i2fwjxd9iga","id":"wld0i2fwjxd9iga"},"id":"jg9pcruqct7ox9h","previousOperationId":"xj48fof1g0ib3c7"}
{"type":"log","timestamp":1764935233871,"level":"info","message":"Rendering anonymous template { recipe: pptx, engine: handlebars }","meta":{"rootId":"wld0i2fwjxd9iga","id":"wld0i2fwjxd9iga"},"id":"1q0dkeadq1310co","previousOperationId":"xj48fof1g0ib3c7"}
{"type":"log","timestamp":1764935233871,"level":"debug","message":"Inline data specified.","meta":{"rootId":"wld0i2fwjxd9iga","id":"wld0i2fwjxd9iga"},"id":"8vo46snfirhw1wo","previousOperationId":"xj48fof1g0ib3c7"}
{"type":"log","timestamp":1764935233873,"level":"debug","message":"Base url not specified, skipping its injection.","meta":{"rootId":"wld0i2fwjxd9iga","id":"wld0i2fwjxd9iga"},"id":"mb7os6nyc1j66ft","previousOperationId":"xj48fof1g0ib3c7"}
{"type":"operationStart","subtype":"engine","name":"handlebars","timestamp":1764935233874,"id":"jhv25s2csog87ze","previousEventId":"qklcjljnz5zp5kz","operationId":"1m1rbg2vg3uiq2t","previousOperationId":"xj48fof1g0ib3c7"}
{"type":"log","timestamp":1764935233874,"level":"debug","message":"Rendering engine handlebars","meta":{"rootId":"wld0i2fwjxd9iga","id":"wld0i2fwjxd9iga"},"id":"o31ammrscu2fatt","previousOperationId":"1m1rbg2vg3uiq2t"}
{"type":"operationEnd","operationId":"1m1rbg2vg3uiq2t","timestamp":1764935233889,"id":"ofmpbuws5a8fxp8","previousEventId":"jhv25s2csog87ze","previousOperationId":"1m1rbg2vg3uiq2t"}
{"type":"operationStart","subtype":"recipe","name":"pptx","timestamp":1764935233889,"id":"1ahnnmcnzs3x27v","previousEventId":"ofmpbuws5a8fxp8","operationId":"gkmp4y29sze28wx","previousOperationId":"1m1rbg2vg3uiq2t"}
{"type":"log","timestamp":1764935233889,"level":"debug","message":"Executing recipe pptx","meta":{"rootId":"wld0i2fwjxd9iga","id":"wld0i2fwjxd9iga"},"id":"fb2ykypa1yxo4zx","previousOperationId":"gkmp4y29sze28wx"}
{"type":"log","timestamp":1764935233889,"level":"info","message":"pptx generation is starting","meta":{"rootId":"wld0i2fwjxd9iga","id":"wld0i2fwjxd9iga"},"id":"j5tl2o4mivabadb","previousOperationId":"gkmp4y29sze28wx"}
{"type":"log","timestamp":1764935233980,"level":"debug","message":"Starting child request to render pptx dynamic parts","meta":{"rootId":"wld0i2fwjxd9iga","id":"wld0i2fwjxd9iga"},"id":"9swcw9bkvjrzpmv","previousOperationId":"gkmp4y29sze28wx"}
{"type":"operationStart","subtype":"render","name":"anonymous","previousOperationId":"gkmp4y29sze28wx","timestamp":1764935233980,"id":"5bj8pkxw57m0p9r","previousEventId":"1ahnnmcnzs3x27v","operationId":"c1170tqd2mo3iyp"}
{"type":"log","timestamp":1764935233980,"level":"info","message":"Starting rendering (child) request","meta":{"rootId":"wld0i2fwjxd9iga","id":"wgx12ytnj1jpecd"},"id":"3qd3ff1vzrf1ui8","previousOperationId":"c1170tqd2mo3iyp"}
{"type":"log","timestamp":1764935233981,"level":"info","message":"Rendering anonymous template { recipe: html, engine: handlebars }","meta":{"rootId":"wld0i2fwjxd9iga","id":"wgx12ytnj1jpecd"},"id":"qq33qajelf8prr0","previousOperationId":"c1170tqd2mo3iyp"}
{"type":"log","timestamp":1764935233981,"level":"debug","message":"Inline data specified.","meta":{"rootId":"wld0i2fwjxd9iga","id":"wgx12ytnj1jpecd"},"id":"al4p7riwdq15ar9","previousOperationId":"c1170tqd2mo3iyp"}
{"type":"log","timestamp":1764935233984,"level":"debug","message":"Base url not specified, skipping its injection.","meta":{"rootId":"wld0i2fwjxd9iga","id":"wgx12ytnj1jpecd"},"id":"5vfs45m04tbbn7t","previousOperationId":"c1170tqd2mo3iyp"}
{"type":"operationStart","subtype":"engine","name":"handlebars","timestamp":1764935233985,"id":"3dh2v21c9lqunq8","previousEventId":"5bj8pkxw57m0p9r","operationId":"o2939jtk5lap4dp","previousOperationId":"c1170tqd2mo3iyp"}
{"type":"log","timestamp":1764935233985,"level":"debug","message":"Rendering engine handlebars","meta":{"rootId":"wld0i2fwjxd9iga","id":"wgx12ytnj1jpecd"},"id":"h6rkxq7j223exhf","previousOperationId":"o2939jtk5lap4dp"}
{"type":"operationEnd","operationId":"o2939jtk5lap4dp","timestamp":1764935234011,"id":"b56zmzzyg62d3yl","previousEventId":"3dh2v21c9lqunq8","previousOperationId":"o2939jtk5lap4dp"}
{"type":"operationStart","subtype":"recipe","name":"html","timestamp":1764935234013,"id":"f4dfainux5lj8ch","previousEventId":"b56zmzzyg62d3yl","operationId":"77b0grh4movnocs","previousOperationId":"o2939jtk5lap4dp"}
{"type":"log","timestamp":1764935234013,"level":"debug","message":"Executing recipe html","meta":{"rootId":"wld0i2fwjxd9iga","id":"wgx12ytnj1jpecd"},"id":"q7jf7qkhmss0u0n","previousOperationId":"77b0grh4movnocs"}
{"type":"operationEnd","operationId":"77b0grh4movnocs","timestamp":1764935234013,"id":"v5fkw4w2i6kcfr2","previousEventId":"f4dfainux5lj8ch","previousOperationId":"77b0grh4movnocs"}
{"type":"log","timestamp":1764935234014,"level":"debug","message":"Skipping storing report.","meta":{"rootId":"wld0i2fwjxd9iga","id":"wgx12ytnj1jpecd"},"id":"ep1thu1koifayyy","previousOperationId":"77b0grh4movnocs"}
{"type":"log","timestamp":1764935234014,"level":"info","message":"Rendering (child) request finished in 163 ms","meta":{"rootId":"wld0i2fwjxd9iga","id":"wgx12ytnj1jpecd"},"id":"5v6we7zp27xmkju","previousOperationId":"77b0grh4movnocs"}
{"type":"operationEnd","subtype":"render","operationId":"c1170tqd2mo3iyp","timestamp":1764935234014,"id":"jbt59ppqvi2uexf","previousEventId":"v5fkw4w2i6kcfr2","previousOperationId":"77b0grh4movnocs"}
{"type":"log","timestamp":1764935234105,"level":"debug","message":"pptx successfully zipped","meta":{"rootId":"wld0i2fwjxd9iga","id":"wld0i2fwjxd9iga"},"id":"2ulyrx6mnicywtw","previousOperationId":"gkmp4y29sze28wx"}
{"type":"log","timestamp":1764935234105,"level":"info","message":"pptx generation was finished","meta":{"rootId":"wld0i2fwjxd9iga","id":"wld0i2fwjxd9iga"},"id":"33pjhnoqui2lpi0","previousOperationId":"gkmp4y29sze28wx"}
{"type":"operationEnd","operationId":"gkmp4y29sze28wx","timestamp":1764935234108,"id":"6brkmt48980vt2n","previousEventId":"1ahnnmcnzs3x27v","previousOperationId":"gkmp4y29sze28wx"}
{"type":"log","timestamp":1764935234108,"level":"debug","message":"Skipping storing report.","meta":{"rootId":"wld0i2fwjxd9iga","id":"wld0i2fwjxd9iga"},"id":"1p9kt5wlnfuk456","previousOperationId":"gkmp4y29sze28wx"}
{"type":"log","timestamp":1764935234108,"level":"info","message":"Rendering request 5 finished in 257 ms","meta":{"rootId":"wld0i2fwjxd9iga","id":"wld0i2fwjxd9iga"},"id":"y1dsef4gu4tbmp7","previousOperationId":"gkmp4y29sze28wx"}
{"type":"operationEnd","subtype":"render","operationId":"xj48fof1g0ib3c7","timestamp":1764935234109,"id":"awe1rr56f5hq05p","previousEventId":"6brkmt48980vt2n","previousOperationId":"gkmp4y29sze28wx"}
{"type":"operationEnd","doDiffs":false,"previousEventId":"96xbfu2uz6pes9p","previousOperationId":"w1w4wty0cw5dgus","operationId":"w1w4wty0cw5dgus","timestamp":1764935234113,"id":"ndabjiinpn8t419"}
