{"type":"operationStart","subtype":"profile","data":{"_id":"IC0Q1bS0fQvAUzmr","timestamp":"2025-12-07T12:50:21.629Z","state":"running","mode":"standard","creationDate":"2025-12-07T12:50:21.644Z","modificationDate":"2025-12-07T12:50:21.644Z","shortid":"R1tf59A","$entitySet":"profiles","timeout":60000},"doDiffs":false,"timestamp":1765111821642,"id":"dvimc7mnh9e9dkm","previousOperationId":null,"operationId":"ksf7kbm22dshkox"}
{"type":"log","level":"info","message":"Render request 29 queued for execution and waiting for available worker","previousOperationId":"ksf7kbm22dshkox","timestamp":1765111821642,"id":"jlectjhe4tddja9"}
{"type":"operationStart","subtype":"render","name":"anonymous","previousOperationId":"ksf7kbm22dshkox","timestamp":1765111821693,"id":"icwptotp56296sh","previousEventId":"dvimc7mnh9e9dkm","operationId":"spp9h0oxemuo6cx"}
{"type":"log","timestamp":1765111821694,"level":"info","message":"Starting rendering request 29","meta":{"rootId":"x5rayuf3z393r19","id":"x5rayuf3z393r19"},"id":"qnsvfmkn37v1qfk","previousOperationId":"spp9h0oxemuo6cx"}
{"type":"log","timestamp":1765111821694,"level":"info","message":"Rendering anonymous template { recipe: pptx, engine: handlebars }","meta":{"rootId":"x5rayuf3z393r19","id":"x5rayuf3z393r19"},"id":"mcra3rq1jnfn0pk","previousOperationId":"spp9h0oxemuo6cx"}
{"type":"log","timestamp":1765111821694,"level":"debug","message":"Inline data specified.","meta":{"rootId":"x5rayuf3z393r19","id":"x5rayuf3z393r19"},"id":"8wh74mq3ztqrmwh","previousOperationId":"spp9h0oxemuo6cx"}
{"type":"log","timestamp":1765111821697,"level":"debug","message":"Base url not specified, skipping its injection.","meta":{"rootId":"x5rayuf3z393r19","id":"x5rayuf3z393r19"},"id":"liumd795nni0b9n","previousOperationId":"spp9h0oxemuo6cx"}
{"type":"operationStart","subtype":"engine","name":"handlebars","timestamp":1765111821697,"id":"gft2fzg66cp64za","previousEventId":"icwptotp56296sh","operationId":"rpj7qn8kmu1ng8g","previousOperationId":"spp9h0oxemuo6cx"}
{"type":"log","timestamp":1765111821697,"level":"debug","message":"Rendering engine handlebars","meta":{"rootId":"x5rayuf3z393r19","id":"x5rayuf3z393r19"},"id":"03r6mhztqqr3rdw","previousOperationId":"rpj7qn8kmu1ng8g"}
{"type":"operationEnd","operationId":"rpj7qn8kmu1ng8g","timestamp":1765111821712,"id":"zuvt86jz7u72jjq","previousEventId":"gft2fzg66cp64za","previousOperationId":"rpj7qn8kmu1ng8g"}
{"type":"operationStart","subtype":"recipe","name":"pptx","timestamp":1765111821713,"id":"itkeiyzvd0rbyu3","previousEventId":"zuvt86jz7u72jjq","operationId":"u5v19iugtu4zwt1","previousOperationId":"rpj7qn8kmu1ng8g"}
{"type":"log","timestamp":1765111821713,"level":"debug","message":"Executing recipe pptx","meta":{"rootId":"x5rayuf3z393r19","id":"x5rayuf3z393r19"},"id":"i56cmy1ku9qw6wl","previousOperationId":"u5v19iugtu4zwt1"}
{"type":"log","timestamp":1765111821736,"level":"info","message":"pptx generation is starting","meta":{"rootId":"x5rayuf3z393r19","id":"x5rayuf3z393r19"},"id":"n6426zrtz2h6ti3","previousOperationId":"u5v19iugtu4zwt1"}
{"type":"log","timestamp":1765111823305,"level":"debug","message":"Starting child request to render pptx dynamic parts","meta":{"rootId":"x5rayuf3z393r19","id":"x5rayuf3z393r19"},"id":"eq9rhu2pxkyynpi","previousOperationId":"u5v19iugtu4zwt1"}
{"type":"operationStart","subtype":"render","name":"anonymous","previousOperationId":"u5v19iugtu4zwt1","timestamp":1765111823306,"id":"7dyb7stxsyctedx","previousEventId":"itkeiyzvd0rbyu3","operationId":"diilvkjcwgfjh55"}
{"type":"log","timestamp":1765111823306,"level":"info","message":"Starting rendering (child) request","meta":{"rootId":"x5rayuf3z393r19","id":"9ycc2qf37rhp2pb"},"id":"s7ub2uy9dxninq8","previousOperationId":"diilvkjcwgfjh55"}
{"type":"log","timestamp":1765111823307,"level":"info","message":"Rendering anonymous template { recipe: html, engine: handlebars }","meta":{"rootId":"x5rayuf3z393r19","id":"9ycc2qf37rhp2pb"},"id":"z7w8vus82o75lhu","previousOperationId":"diilvkjcwgfjh55"}
{"type":"log","timestamp":1765111823307,"level":"debug","message":"Inline data specified.","meta":{"rootId":"x5rayuf3z393r19","id":"9ycc2qf37rhp2pb"},"id":"1qgwtejnhjzwb3t","previousOperationId":"diilvkjcwgfjh55"}
{"type":"log","timestamp":1765111823315,"level":"debug","message":"Base url not specified, skipping its injection.","meta":{"rootId":"x5rayuf3z393r19","id":"9ycc2qf37rhp2pb"},"id":"5ew6s4acjxpv3al","previousOperationId":"diilvkjcwgfjh55"}
{"type":"operationStart","subtype":"engine","name":"handlebars","timestamp":1765111823316,"id":"me7umzebhwfucl7","previousEventId":"7dyb7stxsyctedx","operationId":"wsqthyoadutwl54","previousOperationId":"diilvkjcwgfjh55"}
{"type":"log","timestamp":1765111823316,"level":"debug","message":"Rendering engine handlebars","meta":{"rootId":"x5rayuf3z393r19","id":"9ycc2qf37rhp2pb"},"id":"toxfl7ybl9g9yk4","previousOperationId":"wsqthyoadutwl54"}
{"type":"operationEnd","operationId":"wsqthyoadutwl54","timestamp":1765111823420,"id":"wdi0s9brwk9w9qn","previousEventId":"me7umzebhwfucl7","previousOperationId":"wsqthyoadutwl54"}
{"type":"operationStart","subtype":"recipe","name":"html","timestamp":1765111823429,"id":"3pll4bwzv7dpa97","previousEventId":"wdi0s9brwk9w9qn","operationId":"gqq0jassyfxdhkh","previousOperationId":"wsqthyoadutwl54"}
{"type":"log","timestamp":1765111823429,"level":"debug","message":"Executing recipe html","meta":{"rootId":"x5rayuf3z393r19","id":"9ycc2qf37rhp2pb"},"id":"jzn4q28pf173i4s","previousOperationId":"gqq0jassyfxdhkh"}
{"type":"operationEnd","operationId":"gqq0jassyfxdhkh","timestamp":1765111823429,"id":"yw0wbky99jz9lrf","previousEventId":"3pll4bwzv7dpa97","previousOperationId":"gqq0jassyfxdhkh"}
{"type":"log","timestamp":1765111823429,"level":"debug","message":"Skipping storing report.","meta":{"rootId":"x5rayuf3z393r19","id":"9ycc2qf37rhp2pb"},"id":"9d3g5j1fn9s3dyn","previousOperationId":"gqq0jassyfxdhkh"}
{"type":"log","timestamp":1765111823429,"level":"info","message":"Rendering (child) request finished in 1800 ms","meta":{"rootId":"x5rayuf3z393r19","id":"9ycc2qf37rhp2pb"},"id":"ws00rh7rg47f256","previousOperationId":"gqq0jassyfxdhkh"}
{"type":"operationEnd","subtype":"render","operationId":"diilvkjcwgfjh55","timestamp":1765111823429,"id":"13jm2kibzbs8fck","previousEventId":"yw0wbky99jz9lrf","previousOperationId":"gqq0jassyfxdhkh"}
{"type":"log","timestamp":1765111829872,"level":"debug","message":"pptx successfully zipped","meta":{"rootId":"x5rayuf3z393r19","id":"x5rayuf3z393r19"},"id":"90jiawimlp01p5t","previousOperationId":"u5v19iugtu4zwt1"}
{"type":"log","timestamp":1765111829872,"level":"info","message":"pptx generation was finished","meta":{"rootId":"x5rayuf3z393r19","id":"x5rayuf3z393r19"},"id":"0li6hjeq7uyslrj","previousOperationId":"u5v19iugtu4zwt1"}
{"type":"operationEnd","operationId":"u5v19iugtu4zwt1","timestamp":1765111829884,"id":"9ps7hy3fd9lpp7n","previousEventId":"itkeiyzvd0rbyu3","previousOperationId":"u5v19iugtu4zwt1"}
{"type":"log","timestamp":1765111829884,"level":"debug","message":"Skipping storing report.","meta":{"rootId":"x5rayuf3z393r19","id":"x5rayuf3z393r19"},"id":"b9qk6vd4wd3u296","previousOperationId":"u5v19iugtu4zwt1"}
{"type":"log","timestamp":1765111829884,"level":"info","message":"Rendering request 29 finished in 8255 ms","meta":{"rootId":"x5rayuf3z393r19","id":"x5rayuf3z393r19"},"id":"t7hij48o6mcjbrc","previousOperationId":"u5v19iugtu4zwt1"}
{"type":"operationEnd","subtype":"render","operationId":"spp9h0oxemuo6cx","timestamp":1765111829884,"id":"f29omugyk5a5s6n","previousEventId":"9ps7hy3fd9lpp7n","previousOperationId":"u5v19iugtu4zwt1"}
{"type":"operationEnd","doDiffs":false,"previousEventId":"dvimc7mnh9e9dkm","previousOperationId":"ksf7kbm22dshkox","operationId":"ksf7kbm22dshkox","timestamp":1765111829889,"id":"d4gewvzybawdxqb"}
