{"type":"operationStart","subtype":"profile","data":{"_id":"DP6oIIRdZhg7q8ZW","timestamp":"2025-12-04T23:14:58.056Z","state":"running","mode":"standard","creationDate":"2025-12-04T23:14:58.061Z","modificationDate":"2025-12-04T23:14:58.061Z","shortid":"jAodmfj","$entitySet":"profiles","timeout":60000},"doDiffs":false,"timestamp":1764890098058,"id":"3cjat7ktfjq8gja","previousOperationId":null,"operationId":"6da286q7fzeo6to"}
{"type":"log","level":"info","message":"Render request 1 queued for execution and waiting for available worker","previousOperationId":"6da286q7fzeo6to","timestamp":1764890098058,"id":"6tcs6j32x5vc3y8"}
{"type":"operationStart","subtype":"render","name":"anonymous","previousOperationId":"6da286q7fzeo6to","timestamp":1764890098095,"id":"di789ntnxbqrg3x","previousEventId":"3cjat7ktfjq8gja","operationId":"1x0zp681dfq718p"}
{"type":"log","timestamp":1764890098097,"level":"info","message":"Starting rendering request 1","meta":{"rootId":"x5xxz83s5xk39t6","id":"x5xxz83s5xk39t6"},"id":"vmqtusk9qpgst5w","previousOperationId":"1x0zp681dfq718p"}
{"type":"log","timestamp":1764890098100,"level":"info","message":"Rendering anonymous template { recipe: pptx, engine: handlebars }","meta":{"rootId":"x5xxz83s5xk39t6","id":"x5xxz83s5xk39t6"},"id":"wk00p3yn8u3zatm","previousOperationId":"1x0zp681dfq718p"}
{"type":"log","timestamp":1764890098102,"level":"debug","message":"Inline data specified.","meta":{"rootId":"x5xxz83s5xk39t6","id":"x5xxz83s5xk39t6"},"id":"x7ox0dwuch8ppyg","previousOperationId":"1x0zp681dfq718p"}
{"type":"log","timestamp":1764890098108,"level":"debug","message":"Base url not specified, skipping its injection.","meta":{"rootId":"x5xxz83s5xk39t6","id":"x5xxz83s5xk39t6"},"id":"h3kbfc60335ddpm","previousOperationId":"1x0zp681dfq718p"}
{"type":"operationStart","subtype":"engine","name":"handlebars","timestamp":1764890098110,"id":"4oup12ye59z1bjg","previousEventId":"di789ntnxbqrg3x","operationId":"9xvwhw8k8he0rji","previousOperationId":"1x0zp681dfq718p"}
{"type":"log","timestamp":1764890098111,"level":"debug","message":"Rendering engine handlebars","meta":{"rootId":"x5xxz83s5xk39t6","id":"x5xxz83s5xk39t6"},"id":"fwfyojkgs3b6rxr","previousOperationId":"9xvwhw8k8he0rji"}
{"type":"operationEnd","operationId":"9xvwhw8k8he0rji","timestamp":1764890098892,"id":"vx1xk18aoehee7x","previousEventId":"4oup12ye59z1bjg","previousOperationId":"9xvwhw8k8he0rji"}
{"type":"operationStart","subtype":"recipe","name":"pptx","timestamp":1764890098893,"id":"5cd528srj52purw","previousEventId":"vx1xk18aoehee7x","operationId":"lr3wh1yovnz11fv","previousOperationId":"9xvwhw8k8he0rji"}
{"type":"log","timestamp":1764890098893,"level":"debug","message":"Executing recipe pptx","meta":{"rootId":"x5xxz83s5xk39t6","id":"x5xxz83s5xk39t6"},"id":"zm95uzfmtyshpkb","previousOperationId":"lr3wh1yovnz11fv"}
{"type":"log","timestamp":1764890099051,"level":"info","message":"pptx generation is starting","meta":{"rootId":"x5xxz83s5xk39t6","id":"x5xxz83s5xk39t6"},"id":"rtvqiiq395ssewn","previousOperationId":"lr3wh1yovnz11fv"}
{"type":"log","timestamp":1764890099238,"level":"debug","message":"Starting child request to render pptx dynamic parts","meta":{"rootId":"x5xxz83s5xk39t6","id":"x5xxz83s5xk39t6"},"id":"8fcgnlw9qj2se0q","previousOperationId":"lr3wh1yovnz11fv"}
{"type":"operationStart","subtype":"render","name":"anonymous","previousOperationId":"lr3wh1yovnz11fv","timestamp":1764890099239,"id":"hwnghxev5j8dquu","previousEventId":"5cd528srj52purw","operationId":"iee587vz4uguqw5"}
{"type":"log","timestamp":1764890099239,"level":"info","message":"Starting rendering (child) request","meta":{"rootId":"x5xxz83s5xk39t6","id":"27daixd2944s6d8"},"id":"w09s28ulce4yvsf","previousOperationId":"iee587vz4uguqw5"}
{"type":"log","timestamp":1764890099239,"level":"info","message":"Rendering anonymous template { recipe: html, engine: handlebars }","meta":{"rootId":"x5xxz83s5xk39t6","id":"27daixd2944s6d8"},"id":"fw4osbo7e9fnl0x","previousOperationId":"iee587vz4uguqw5"}
{"type":"log","timestamp":1764890099239,"level":"debug","message":"Inline data specified.","meta":{"rootId":"x5xxz83s5xk39t6","id":"27daixd2944s6d8"},"id":"m1cprl1oxxmo8qv","previousOperationId":"iee587vz4uguqw5"}
{"type":"log","timestamp":1764890099245,"level":"debug","message":"Base url not specified, skipping its injection.","meta":{"rootId":"x5xxz83s5xk39t6","id":"27daixd2944s6d8"},"id":"7o7o9r49renwo1x","previousOperationId":"iee587vz4uguqw5"}
{"type":"operationStart","subtype":"engine","name":"handlebars","timestamp":1764890099246,"id":"pf4rqo72efw0wtv","previousEventId":"hwnghxev5j8dquu","operationId":"cg1is9qms6mcmv7","previousOperationId":"iee587vz4uguqw5"}
{"type":"log","timestamp":1764890099246,"level":"debug","message":"Rendering engine handlebars","meta":{"rootId":"x5xxz83s5xk39t6","id":"27daixd2944s6d8"},"id":"y0h5bj9t05x5f1e","previousOperationId":"cg1is9qms6mcmv7"}
{"type":"operationEnd","operationId":"cg1is9qms6mcmv7","timestamp":1764890099286,"id":"muiuaj5bs304cbb","previousEventId":"pf4rqo72efw0wtv","previousOperationId":"cg1is9qms6mcmv7"}
{"type":"operationStart","subtype":"recipe","name":"html","timestamp":1764890099288,"id":"5hkuisz2c7bi3j5","previousEventId":"muiuaj5bs304cbb","operationId":"zoy96b0bitwnde3","previousOperationId":"cg1is9qms6mcmv7"}
{"type":"log","timestamp":1764890099288,"level":"debug","message":"Executing recipe html","meta":{"rootId":"x5xxz83s5xk39t6","id":"27daixd2944s6d8"},"id":"zokdcz5axp4t6x8","previousOperationId":"zoy96b0bitwnde3"}
{"type":"operationEnd","operationId":"zoy96b0bitwnde3","timestamp":1764890099288,"id":"rec46wdc581m6mc","previousEventId":"5hkuisz2c7bi3j5","previousOperationId":"zoy96b0bitwnde3"}
{"type":"log","timestamp":1764890099289,"level":"debug","message":"Skipping storing report.","meta":{"rootId":"x5xxz83s5xk39t6","id":"27daixd2944s6d8"},"id":"ay69cnh0kcnsgof","previousOperationId":"zoy96b0bitwnde3"}
{"type":"log","timestamp":1764890099289,"level":"info","message":"Rendering (child) request finished in 1234 ms","meta":{"rootId":"x5xxz83s5xk39t6","id":"27daixd2944s6d8"},"id":"igd98gqix11cnu0","previousOperationId":"zoy96b0bitwnde3"}
{"type":"operationEnd","subtype":"render","operationId":"iee587vz4uguqw5","timestamp":1764890099289,"id":"z8w4u86973vpktc","previousEventId":"rec46wdc581m6mc","previousOperationId":"zoy96b0bitwnde3"}
{"type":"log","timestamp":1764890099821,"level":"debug","message":"pptx successfully zipped","meta":{"rootId":"x5xxz83s5xk39t6","id":"x5xxz83s5xk39t6"},"id":"p84nu4yw6yyw5wo","previousOperationId":"lr3wh1yovnz11fv"}
{"type":"log","timestamp":1764890099821,"level":"info","message":"pptx generation was finished","meta":{"rootId":"x5xxz83s5xk39t6","id":"x5xxz83s5xk39t6"},"id":"ufhol85bhzkr565","previousOperationId":"lr3wh1yovnz11fv"}
{"type":"operationEnd","operationId":"lr3wh1yovnz11fv","timestamp":1764890099827,"id":"br2gpsxcyj23ymi","previousEventId":"5cd528srj52purw","previousOperationId":"lr3wh1yovnz11fv"}
{"type":"log","timestamp":1764890099827,"level":"debug","message":"Skipping storing report.","meta":{"rootId":"x5xxz83s5xk39t6","id":"x5xxz83s5xk39t6"},"id":"xlqmjvpsaz8x0m2","previousOperationId":"lr3wh1yovnz11fv"}
{"type":"log","timestamp":1764890099827,"level":"info","message":"Rendering request 1 finished in 1772 ms","meta":{"rootId":"x5xxz83s5xk39t6","id":"x5xxz83s5xk39t6"},"id":"tb3kg8ztzllr4iu","previousOperationId":"lr3wh1yovnz11fv"}
{"type":"operationEnd","subtype":"render","operationId":"1x0zp681dfq718p","timestamp":1764890099827,"id":"9j0oj6i65doodoq","previousEventId":"br2gpsxcyj23ymi","previousOperationId":"lr3wh1yovnz11fv"}
{"type":"operationEnd","doDiffs":false,"previousEventId":"3cjat7ktfjq8gja","previousOperationId":"6da286q7fzeo6to","operationId":"6da286q7fzeo6to","timestamp":1764890099832,"id":"m65rh5gal7djp87"}
