{"type":"operationStart","subtype":"profile","data":{"_id":"N3Fv4Ci7OwfemQvB","timestamp":"2025-12-05T16:52:03.646Z","state":"running","mode":"standard","creationDate":"2025-12-05T16:52:03.650Z","modificationDate":"2025-12-05T16:52:03.650Z","shortid":"QS-7XvS","$entitySet":"profiles","timeout":60000},"doDiffs":false,"timestamp":1764953523648,"id":"ivknt7h5eaaknzw","previousOperationId":null,"operationId":"ajqbbibqnxinc3q"}
{"type":"log","level":"info","message":"Render request 6 queued for execution and waiting for available worker","previousOperationId":"ajqbbibqnxinc3q","timestamp":1764953523648,"id":"lpjm3xw90dtdkm3"}
{"type":"operationStart","subtype":"render","name":"anonymous","previousOperationId":"ajqbbibqnxinc3q","timestamp":1764953523666,"id":"28rqhj0sa423zgn","previousEventId":"ivknt7h5eaaknzw","operationId":"q4akdma9qstx4qz"}
{"type":"log","timestamp":1764953523666,"level":"info","message":"Starting rendering request 6","meta":{"rootId":"x6z31fwmsffevcg","id":"x6z31fwmsffevcg"},"id":"cuoipu98woqufjw","previousOperationId":"q4akdma9qstx4qz"}
{"type":"log","timestamp":1764953523667,"level":"info","message":"Rendering anonymous template { recipe: pptx, engine: handlebars }","meta":{"rootId":"x6z31fwmsffevcg","id":"x6z31fwmsffevcg"},"id":"v103gyvny2sy8k6","previousOperationId":"q4akdma9qstx4qz"}
{"type":"log","timestamp":1764953523667,"level":"debug","message":"Inline data specified.","meta":{"rootId":"x6z31fwmsffevcg","id":"x6z31fwmsffevcg"},"id":"j2vitvrkclx0u84","previousOperationId":"q4akdma9qstx4qz"}
{"type":"log","timestamp":1764953523677,"level":"debug","message":"Base url not specified, skipping its injection.","meta":{"rootId":"x6z31fwmsffevcg","id":"x6z31fwmsffevcg"},"id":"q4leptqx81j4hek","previousOperationId":"q4akdma9qstx4qz"}
{"type":"operationStart","subtype":"engine","name":"handlebars","timestamp":1764953523678,"id":"in2wepadjx2itsb","previousEventId":"28rqhj0sa423zgn","operationId":"fde24vw7r2a5wjd","previousOperationId":"q4akdma9qstx4qz"}
{"type":"log","timestamp":1764953523678,"level":"debug","message":"Rendering engine handlebars","meta":{"rootId":"x6z31fwmsffevcg","id":"x6z31fwmsffevcg"},"id":"2v59nsuh9opyet0","previousOperationId":"fde24vw7r2a5wjd"}
{"type":"operationEnd","operationId":"fde24vw7r2a5wjd","timestamp":1764953523693,"id":"uuhgb9kg0torcjj","previousEventId":"in2wepadjx2itsb","previousOperationId":"fde24vw7r2a5wjd"}
{"type":"operationStart","subtype":"recipe","name":"pptx","timestamp":1764953523693,"id":"k5w1obcl6wmrnca","previousEventId":"uuhgb9kg0torcjj","operationId":"ngr2t73tyz4ezdp","previousOperationId":"fde24vw7r2a5wjd"}
{"type":"log","timestamp":1764953523693,"level":"debug","message":"Executing recipe pptx","meta":{"rootId":"x6z31fwmsffevcg","id":"x6z31fwmsffevcg"},"id":"2s1wz3zxvtf0w4e","previousOperationId":"ngr2t73tyz4ezdp"}
{"type":"log","timestamp":1764953523694,"level":"info","message":"pptx generation is starting","meta":{"rootId":"x6z31fwmsffevcg","id":"x6z31fwmsffevcg"},"id":"5uhm28kv6cq3was","previousOperationId":"ngr2t73tyz4ezdp"}
{"type":"log","timestamp":1764953523808,"level":"debug","message":"Starting child request to render pptx dynamic parts","meta":{"rootId":"x6z31fwmsffevcg","id":"x6z31fwmsffevcg"},"id":"bvhoohozj5yaw61","previousOperationId":"ngr2t73tyz4ezdp"}
{"type":"operationStart","subtype":"render","name":"anonymous","previousOperationId":"ngr2t73tyz4ezdp","timestamp":1764953523809,"id":"di9nyrmgz2p7l48","previousEventId":"k5w1obcl6wmrnca","operationId":"q88aane3lur1jwb"}
{"type":"log","timestamp":1764953523809,"level":"info","message":"Starting rendering (child) request","meta":{"rootId":"x6z31fwmsffevcg","id":"ixneeyi1fl8sgsh"},"id":"zxvswf7ndt8rj6e","previousOperationId":"q88aane3lur1jwb"}
{"type":"log","timestamp":1764953523809,"level":"info","message":"Rendering anonymous template { recipe: html, engine: handlebars }","meta":{"rootId":"x6z31fwmsffevcg","id":"ixneeyi1fl8sgsh"},"id":"bxpatvblo4p6bj5","previousOperationId":"q88aane3lur1jwb"}
{"type":"log","timestamp":1764953523809,"level":"debug","message":"Inline data specified.","meta":{"rootId":"x6z31fwmsffevcg","id":"ixneeyi1fl8sgsh"},"id":"k0v6u9j5spthjj9","previousOperationId":"q88aane3lur1jwb"}
{"type":"log","timestamp":1764953523819,"level":"debug","message":"Base url not specified, skipping its injection.","meta":{"rootId":"x6z31fwmsffevcg","id":"ixneeyi1fl8sgsh"},"id":"fgznzfkyim9lfvw","previousOperationId":"q88aane3lur1jwb"}
{"type":"operationStart","subtype":"engine","name":"handlebars","timestamp":1764953523820,"id":"qju6fnhbyxj4qv7","previousEventId":"di9nyrmgz2p7l48","operationId":"gdczwpq2g3847a6","previousOperationId":"q88aane3lur1jwb"}
{"type":"log","timestamp":1764953523820,"level":"debug","message":"Rendering engine handlebars","meta":{"rootId":"x6z31fwmsffevcg","id":"ixneeyi1fl8sgsh"},"id":"0rxljzhl148aal9","previousOperationId":"gdczwpq2g3847a6"}
{"type":"operationEnd","operationId":"gdczwpq2g3847a6","timestamp":1764953523848,"id":"utwd49j0kfxptef","previousEventId":"qju6fnhbyxj4qv7","previousOperationId":"gdczwpq2g3847a6"}
{"type":"operationStart","subtype":"recipe","name":"html","timestamp":1764953523850,"id":"w8yf7fiew1qnk5v","previousEventId":"utwd49j0kfxptef","operationId":"96ha2chn5qqgqbf","previousOperationId":"gdczwpq2g3847a6"}
{"type":"log","timestamp":1764953523850,"level":"debug","message":"Executing recipe html","meta":{"rootId":"x6z31fwmsffevcg","id":"ixneeyi1fl8sgsh"},"id":"0w3fcincqi8ak1z","previousOperationId":"96ha2chn5qqgqbf"}
{"type":"operationEnd","operationId":"96ha2chn5qqgqbf","timestamp":1764953523850,"id":"u3zg4rxfos3nfzq","previousEventId":"w8yf7fiew1qnk5v","previousOperationId":"96ha2chn5qqgqbf"}
{"type":"log","timestamp":1764953523850,"level":"debug","message":"Skipping storing report.","meta":{"rootId":"x6z31fwmsffevcg","id":"ixneeyi1fl8sgsh"},"id":"rp1zn11xoiqqvl5","previousOperationId":"96ha2chn5qqgqbf"}
{"type":"log","timestamp":1764953523850,"level":"info","message":"Rendering (child) request finished in 205 ms","meta":{"rootId":"x6z31fwmsffevcg","id":"ixneeyi1fl8sgsh"},"id":"pct9l8acfq9l6is","previousOperationId":"96ha2chn5qqgqbf"}
{"type":"operationEnd","subtype":"render","operationId":"q88aane3lur1jwb","timestamp":1764953523850,"id":"k6krwil5ofbzlhi","previousEventId":"u3zg4rxfos3nfzq","previousOperationId":"96ha2chn5qqgqbf"}
{"type":"log","timestamp":1764953523984,"level":"debug","message":"pptx successfully zipped","meta":{"rootId":"x6z31fwmsffevcg","id":"x6z31fwmsffevcg"},"id":"h9b40ib69y6xfs7","previousOperationId":"ngr2t73tyz4ezdp"}
{"type":"log","timestamp":1764953523984,"level":"info","message":"pptx generation was finished","meta":{"rootId":"x6z31fwmsffevcg","id":"x6z31fwmsffevcg"},"id":"x9w21g2b65kvgop","previousOperationId":"ngr2t73tyz4ezdp"}
{"type":"operationEnd","operationId":"ngr2t73tyz4ezdp","timestamp":1764953523988,"id":"33c007jaspqvccd","previousEventId":"k5w1obcl6wmrnca","previousOperationId":"ngr2t73tyz4ezdp"}
{"type":"log","timestamp":1764953523988,"level":"debug","message":"Skipping storing report.","meta":{"rootId":"x6z31fwmsffevcg","id":"x6z31fwmsffevcg"},"id":"67munrznpc3z06a","previousOperationId":"ngr2t73tyz4ezdp"}
{"type":"log","timestamp":1764953523988,"level":"info","message":"Rendering request 6 finished in 343 ms","meta":{"rootId":"x6z31fwmsffevcg","id":"x6z31fwmsffevcg"},"id":"4qk6q0htgt9di01","previousOperationId":"ngr2t73tyz4ezdp"}
{"type":"operationEnd","subtype":"render","operationId":"q4akdma9qstx4qz","timestamp":1764953523988,"id":"sedloaqxz5commr","previousEventId":"33c007jaspqvccd","previousOperationId":"ngr2t73tyz4ezdp"}
{"type":"operationEnd","doDiffs":false,"previousEventId":"ivknt7h5eaaknzw","previousOperationId":"ajqbbibqnxinc3q","operationId":"ajqbbibqnxinc3q","timestamp":1764953523994,"id":"tmitrflfopb3s5x"}
