{"type":"operationStart","subtype":"profile","data":{"_id":"jYLbKC9JihQas32T","timestamp":"2025-12-07T14:07:11.070Z","state":"running","mode":"standard","creationDate":"2025-12-07T14:07:11.076Z","modificationDate":"2025-12-07T14:07:11.076Z","shortid":"jucwiho","$entitySet":"profiles","timeout":60000},"doDiffs":false,"timestamp":1765116431074,"id":"t466evyqfduyyev","previousOperationId":null,"operationId":"s01o4wz9e2zprt0"}
{"type":"log","level":"info","message":"Render request 2 queued for execution and waiting for available worker","previousOperationId":"s01o4wz9e2zprt0","timestamp":1765116431074,"id":"j8pc457nr75wkqc"}
{"type":"operationStart","subtype":"render","name":"anonymous","previousOperationId":"s01o4wz9e2zprt0","timestamp":1765116431161,"id":"l3il8j2h5tcc72v","previousEventId":"t466evyqfduyyev","operationId":"jj0zz7rd2u004e0"}
{"type":"log","timestamp":1765116431162,"level":"info","message":"Starting rendering request 2","meta":{"rootId":"xarzzn9bzsh896c","id":"xarzzn9bzsh896c"},"id":"891nso56xgdaxzr","previousOperationId":"jj0zz7rd2u004e0"}
{"type":"log","timestamp":1765116431165,"level":"info","message":"Rendering anonymous template { recipe: pptx, engine: handlebars }","meta":{"rootId":"xarzzn9bzsh896c","id":"xarzzn9bzsh896c"},"id":"pzzziq466k8t3t3","previousOperationId":"jj0zz7rd2u004e0"}
{"type":"log","timestamp":1765116431166,"level":"debug","message":"Inline data specified.","meta":{"rootId":"xarzzn9bzsh896c","id":"xarzzn9bzsh896c"},"id":"srotgdkiju8cc41","previousOperationId":"jj0zz7rd2u004e0"}
{"type":"log","timestamp":1765116431171,"level":"debug","message":"Base url not specified, skipping its injection.","meta":{"rootId":"xarzzn9bzsh896c","id":"xarzzn9bzsh896c"},"id":"jv1lo14b1ejinjy","previousOperationId":"jj0zz7rd2u004e0"}
{"type":"operationStart","subtype":"engine","name":"handlebars","timestamp":1765116431174,"id":"ir3h7upj468czo9","previousEventId":"l3il8j2h5tcc72v","operationId":"foq13hv3sonijeg","previousOperationId":"jj0zz7rd2u004e0"}
{"type":"log","timestamp":1765116431174,"level":"debug","message":"Rendering engine handlebars","meta":{"rootId":"xarzzn9bzsh896c","id":"xarzzn9bzsh896c"},"id":"9070ibnm06phdx6","previousOperationId":"foq13hv3sonijeg"}
{"type":"operationEnd","operationId":"foq13hv3sonijeg","timestamp":1765116432404,"id":"1eqoxneri6z8ckx","previousEventId":"ir3h7upj468czo9","previousOperationId":"foq13hv3sonijeg"}
{"type":"operationStart","subtype":"recipe","name":"pptx","timestamp":1765116432405,"id":"f54hjjtxrhigngr","previousEventId":"1eqoxneri6z8ckx","operationId":"88zaxbx5cho076u","previousOperationId":"foq13hv3sonijeg"}
{"type":"log","timestamp":1765116432405,"level":"debug","message":"Executing recipe pptx","meta":{"rootId":"xarzzn9bzsh896c","id":"xarzzn9bzsh896c"},"id":"6w3aazh27gxzp5r","previousOperationId":"88zaxbx5cho076u"}
{"type":"log","timestamp":1765116432675,"level":"info","message":"pptx generation is starting","meta":{"rootId":"xarzzn9bzsh896c","id":"xarzzn9bzsh896c"},"id":"69s2vnf16gvih3u","previousOperationId":"88zaxbx5cho076u"}
{"type":"log","timestamp":1765116434370,"level":"debug","message":"Starting child request to render pptx dynamic parts","meta":{"rootId":"xarzzn9bzsh896c","id":"xarzzn9bzsh896c"},"id":"xf1scuztgs34gfc","previousOperationId":"88zaxbx5cho076u"}
{"type":"operationStart","subtype":"render","name":"anonymous","previousOperationId":"88zaxbx5cho076u","timestamp":1765116434372,"id":"8y9gqb4m60pazq7","previousEventId":"f54hjjtxrhigngr","operationId":"ruz4jlvltbwhl72"}
{"type":"log","timestamp":1765116434372,"level":"info","message":"Starting rendering (child) request","meta":{"rootId":"xarzzn9bzsh896c","id":"htg7dyn87o9tmsc"},"id":"s9p36d69wori0o6","previousOperationId":"ruz4jlvltbwhl72"}
{"type":"log","timestamp":1765116434372,"level":"info","message":"Rendering anonymous template { recipe: html, engine: handlebars }","meta":{"rootId":"xarzzn9bzsh896c","id":"htg7dyn87o9tmsc"},"id":"dpnf0n27ev1iyhh","previousOperationId":"ruz4jlvltbwhl72"}
{"type":"log","timestamp":1765116434372,"level":"debug","message":"Inline data specified.","meta":{"rootId":"xarzzn9bzsh896c","id":"htg7dyn87o9tmsc"},"id":"cribzg9dlbaj96o","previousOperationId":"ruz4jlvltbwhl72"}
{"type":"log","timestamp":1765116434387,"level":"debug","message":"Base url not specified, skipping its injection.","meta":{"rootId":"xarzzn9bzsh896c","id":"htg7dyn87o9tmsc"},"id":"midck57veah3vj9","previousOperationId":"ruz4jlvltbwhl72"}
{"type":"operationStart","subtype":"engine","name":"handlebars","timestamp":1765116434389,"id":"4dqgecvoisd9qot","previousEventId":"8y9gqb4m60pazq7","operationId":"h6krjjnkbychypo","previousOperationId":"ruz4jlvltbwhl72"}
{"type":"log","timestamp":1765116434389,"level":"debug","message":"Rendering engine handlebars","meta":{"rootId":"xarzzn9bzsh896c","id":"htg7dyn87o9tmsc"},"id":"lm5dsc3f4hv4d6y","previousOperationId":"h6krjjnkbychypo"}
{"type":"operationEnd","operationId":"h6krjjnkbychypo","timestamp":1765116434517,"id":"7pza497upshltw3","previousEventId":"4dqgecvoisd9qot","previousOperationId":"h6krjjnkbychypo"}
{"type":"operationStart","subtype":"recipe","name":"html","timestamp":1765116434532,"id":"h1jg1a5b2wfwgou","previousEventId":"7pza497upshltw3","operationId":"5vw1xyui5zdcozz","previousOperationId":"h6krjjnkbychypo"}
{"type":"log","timestamp":1765116434532,"level":"debug","message":"Executing recipe html","meta":{"rootId":"xarzzn9bzsh896c","id":"htg7dyn87o9tmsc"},"id":"7igu1tksxkrseqq","previousOperationId":"5vw1xyui5zdcozz"}
{"type":"operationEnd","operationId":"5vw1xyui5zdcozz","timestamp":1765116434533,"id":"azft044dekmienq","previousEventId":"h1jg1a5b2wfwgou","previousOperationId":"5vw1xyui5zdcozz"}
{"type":"log","timestamp":1765116434534,"level":"debug","message":"Skipping storing report.","meta":{"rootId":"xarzzn9bzsh896c","id":"htg7dyn87o9tmsc"},"id":"rfr500l8zumsh3y","previousOperationId":"5vw1xyui5zdcozz"}
{"type":"log","timestamp":1765116434534,"level":"info","message":"Rendering (child) request finished in 3467 ms","meta":{"rootId":"xarzzn9bzsh896c","id":"htg7dyn87o9tmsc"},"id":"vv87vhvl991sq05","previousOperationId":"5vw1xyui5zdcozz"}
{"type":"operationEnd","subtype":"render","operationId":"ruz4jlvltbwhl72","timestamp":1765116434535,"id":"c55m0gimlyu9ts7","previousEventId":"azft044dekmienq","previousOperationId":"5vw1xyui5zdcozz"}
{"type":"log","timestamp":1765116444561,"level":"debug","message":"pptx successfully zipped","meta":{"rootId":"xarzzn9bzsh896c","id":"xarzzn9bzsh896c"},"id":"r624ehaf0c5856d","previousOperationId":"88zaxbx5cho076u"}
{"type":"log","timestamp":1765116444561,"level":"info","message":"pptx generation was finished","meta":{"rootId":"xarzzn9bzsh896c","id":"xarzzn9bzsh896c"},"id":"y5tjuw6mtw4on6e","previousOperationId":"88zaxbx5cho076u"}
{"type":"operationEnd","operationId":"88zaxbx5cho076u","timestamp":1765116444576,"id":"6oamdgd5fuza0su","previousEventId":"f54hjjtxrhigngr","previousOperationId":"88zaxbx5cho076u"}
{"type":"log","timestamp":1765116444576,"level":"debug","message":"Skipping storing report.","meta":{"rootId":"xarzzn9bzsh896c","id":"xarzzn9bzsh896c"},"id":"18wetpybzhhc773","previousOperationId":"88zaxbx5cho076u"}
{"type":"log","timestamp":1765116444576,"level":"info","message":"Rendering request 2 finished in 13509 ms","meta":{"rootId":"xarzzn9bzsh896c","id":"xarzzn9bzsh896c"},"id":"wzvvjxd2ma2uh6f","previousOperationId":"88zaxbx5cho076u"}
{"type":"operationEnd","subtype":"render","operationId":"jj0zz7rd2u004e0","timestamp":1765116444576,"id":"c9wa63v7w60zqvb","previousEventId":"6oamdgd5fuza0su","previousOperationId":"88zaxbx5cho076u"}
{"type":"operationEnd","doDiffs":false,"previousEventId":"t466evyqfduyyev","previousOperationId":"s01o4wz9e2zprt0","operationId":"s01o4wz9e2zprt0","timestamp":1765116444582,"id":"nsc01gw741kebyz"}
