{"type":"operationStart","subtype":"profile","data":{"_id":"ox8wz7Dk8RNf9TNY","timestamp":"2025-12-06T15:59:06.812Z","state":"running","mode":"standard","creationDate":"2025-12-06T15:59:06.814Z","modificationDate":"2025-12-06T15:59:06.814Z","shortid":"lDbIwk2","$entitySet":"profiles","timeout":60000},"doDiffs":false,"timestamp":1765036746813,"id":"ksna1qxfgt3nmo3","previousOperationId":null,"operationId":"5kw4876gx2moq25"}
{"type":"log","level":"info","message":"Render request 32 queued for execution and waiting for available worker","previousOperationId":"5kw4876gx2moq25","timestamp":1765036746813,"id":"qpxdl2qckayydbj"}
{"type":"operationStart","subtype":"render","name":"anonymous","previousOperationId":"5kw4876gx2moq25","timestamp":1765036746823,"id":"w2u727w4luo6r50","previousEventId":"ksna1qxfgt3nmo3","operationId":"8r41xmazii9sh9t"}
{"type":"log","timestamp":1765036746823,"level":"info","message":"Starting rendering request 32","meta":{"rootId":"xc4mns0ybsjqu7w","id":"xc4mns0ybsjqu7w"},"id":"ev5ewun5rx1xrg8","previousOperationId":"8r41xmazii9sh9t"}
{"type":"log","timestamp":1765036746823,"level":"info","message":"Rendering anonymous template { recipe: pptx, engine: handlebars }","meta":{"rootId":"xc4mns0ybsjqu7w","id":"xc4mns0ybsjqu7w"},"id":"n7i0i0eks6eqlk7","previousOperationId":"8r41xmazii9sh9t"}
{"type":"log","timestamp":1765036746823,"level":"debug","message":"Inline data specified.","meta":{"rootId":"xc4mns0ybsjqu7w","id":"xc4mns0ybsjqu7w"},"id":"0ehlaxecl41jn0t","previousOperationId":"8r41xmazii9sh9t"}
{"type":"log","timestamp":1765036746828,"level":"debug","message":"Base url not specified, skipping its injection.","meta":{"rootId":"xc4mns0ybsjqu7w","id":"xc4mns0ybsjqu7w"},"id":"5tmjz8avo21bdie","previousOperationId":"8r41xmazii9sh9t"}
{"type":"operationStart","subtype":"engine","name":"handlebars","timestamp":1765036746828,"id":"qzrxhyf1nsxfm1v","previousEventId":"w2u727w4luo6r50","operationId":"qvjgcad12ft5qvx","previousOperationId":"8r41xmazii9sh9t"}
{"type":"log","timestamp":1765036746828,"level":"debug","message":"Rendering engine handlebars","meta":{"rootId":"xc4mns0ybsjqu7w","id":"xc4mns0ybsjqu7w"},"id":"w9fkcf4bxl7tg95","previousOperationId":"qvjgcad12ft5qvx"}
{"type":"operationEnd","operationId":"qvjgcad12ft5qvx","timestamp":1765036746835,"id":"rqso9tjzxdn8c1h","previousEventId":"qzrxhyf1nsxfm1v","previousOperationId":"qvjgcad12ft5qvx"}
{"type":"operationStart","subtype":"recipe","name":"pptx","timestamp":1765036746835,"id":"tcf2cg2zhzhxder","previousEventId":"rqso9tjzxdn8c1h","operationId":"7zahedvustzo9dk","previousOperationId":"qvjgcad12ft5qvx"}
{"type":"log","timestamp":1765036746835,"level":"debug","message":"Executing recipe pptx","meta":{"rootId":"xc4mns0ybsjqu7w","id":"xc4mns0ybsjqu7w"},"id":"370mwo568zrpff0","previousOperationId":"7zahedvustzo9dk"}
{"type":"log","timestamp":1765036746835,"level":"info","message":"pptx generation is starting","meta":{"rootId":"xc4mns0ybsjqu7w","id":"xc4mns0ybsjqu7w"},"id":"n178wtjshlm5xh0","previousOperationId":"7zahedvustzo9dk"}
{"type":"log","timestamp":1765036746914,"level":"debug","message":"Starting child request to render pptx dynamic parts","meta":{"rootId":"xc4mns0ybsjqu7w","id":"xc4mns0ybsjqu7w"},"id":"1guujdjj0t8miq3","previousOperationId":"7zahedvustzo9dk"}
{"type":"operationStart","subtype":"render","name":"anonymous","previousOperationId":"7zahedvustzo9dk","timestamp":1765036746914,"id":"z15738nfexufi11","previousEventId":"tcf2cg2zhzhxder","operationId":"9iidt4yilal8081"}
{"type":"log","timestamp":1765036746915,"level":"info","message":"Starting rendering (child) request","meta":{"rootId":"xc4mns0ybsjqu7w","id":"ihz3g4ncaab534m"},"id":"vvcf87fr5ubz73i","previousOperationId":"9iidt4yilal8081"}
{"type":"log","timestamp":1765036746915,"level":"info","message":"Rendering anonymous template { recipe: html, engine: handlebars }","meta":{"rootId":"xc4mns0ybsjqu7w","id":"ihz3g4ncaab534m"},"id":"axhjg2sxuaosmz4","previousOperationId":"9iidt4yilal8081"}
{"type":"log","timestamp":1765036746915,"level":"debug","message":"Inline data specified.","meta":{"rootId":"xc4mns0ybsjqu7w","id":"ihz3g4ncaab534m"},"id":"trcj0rxoue8oqi6","previousOperationId":"9iidt4yilal8081"}
{"type":"log","timestamp":1765036746916,"level":"debug","message":"Base url not specified, skipping its injection.","meta":{"rootId":"xc4mns0ybsjqu7w","id":"ihz3g4ncaab534m"},"id":"xar9mtgp08d9p2h","previousOperationId":"9iidt4yilal8081"}
{"type":"operationStart","subtype":"engine","name":"handlebars","timestamp":1765036746916,"id":"znp9gvjj3au7u3r","previousEventId":"z15738nfexufi11","operationId":"jyst0ye46wfqqbd","previousOperationId":"9iidt4yilal8081"}
{"type":"log","timestamp":1765036746916,"level":"debug","message":"Rendering engine handlebars","meta":{"rootId":"xc4mns0ybsjqu7w","id":"ihz3g4ncaab534m"},"id":"eg983vo2gt0mg6m","previousOperationId":"jyst0ye46wfqqbd"}
{"type":"operationEnd","operationId":"jyst0ye46wfqqbd","timestamp":1765036746944,"id":"9z0cua9a0hlbx5w","previousEventId":"znp9gvjj3au7u3r","previousOperationId":"jyst0ye46wfqqbd"}
{"type":"operationStart","subtype":"recipe","name":"html","timestamp":1765036746946,"id":"c3fdxl38j79462e","previousEventId":"9z0cua9a0hlbx5w","operationId":"542pr6kioh3aswb","previousOperationId":"jyst0ye46wfqqbd"}
{"type":"log","timestamp":1765036746946,"level":"debug","message":"Executing recipe html","meta":{"rootId":"xc4mns0ybsjqu7w","id":"ihz3g4ncaab534m"},"id":"8p9wodx5rerq366","previousOperationId":"542pr6kioh3aswb"}
{"type":"operationEnd","operationId":"542pr6kioh3aswb","timestamp":1765036746946,"id":"nshxexs6347pzuk","previousEventId":"c3fdxl38j79462e","previousOperationId":"542pr6kioh3aswb"}
{"type":"log","timestamp":1765036746946,"level":"debug","message":"Skipping storing report.","meta":{"rootId":"xc4mns0ybsjqu7w","id":"ihz3g4ncaab534m"},"id":"nj0lj0z9zdyxckk","previousOperationId":"542pr6kioh3aswb"}
{"type":"log","timestamp":1765036746946,"level":"info","message":"Rendering (child) request finished in 134 ms","meta":{"rootId":"xc4mns0ybsjqu7w","id":"ihz3g4ncaab534m"},"id":"qd70a9guxnugskc","previousOperationId":"542pr6kioh3aswb"}
{"type":"operationEnd","subtype":"render","operationId":"9iidt4yilal8081","timestamp":1765036746946,"id":"rql0ye1xzwe16ni","previousEventId":"nshxexs6347pzuk","previousOperationId":"542pr6kioh3aswb"}
{"type":"log","timestamp":1765036749068,"level":"debug","message":"pptx successfully zipped","meta":{"rootId":"xc4mns0ybsjqu7w","id":"xc4mns0ybsjqu7w"},"id":"tydozt318es0an4","previousOperationId":"7zahedvustzo9dk"}
{"type":"log","timestamp":1765036749068,"level":"info","message":"pptx generation was finished","meta":{"rootId":"xc4mns0ybsjqu7w","id":"xc4mns0ybsjqu7w"},"id":"fzhq26namg61mq6","previousOperationId":"7zahedvustzo9dk"}
{"type":"operationEnd","operationId":"7zahedvustzo9dk","timestamp":1765036749070,"id":"4hi9f7yl4b1r9mq","previousEventId":"tcf2cg2zhzhxder","previousOperationId":"7zahedvustzo9dk"}
{"type":"log","timestamp":1765036749071,"level":"debug","message":"Skipping storing report.","meta":{"rootId":"xc4mns0ybsjqu7w","id":"xc4mns0ybsjqu7w"},"id":"g6mo5y74o5m5v4x","previousOperationId":"7zahedvustzo9dk"}
{"type":"log","timestamp":1765036749071,"level":"info","message":"Rendering request 32 finished in 2259 ms","meta":{"rootId":"xc4mns0ybsjqu7w","id":"xc4mns0ybsjqu7w"},"id":"vxbbrj5h3e0oscl","previousOperationId":"7zahedvustzo9dk"}
{"type":"operationEnd","subtype":"render","operationId":"8r41xmazii9sh9t","timestamp":1765036749071,"id":"38739ewtqqzc65h","previousEventId":"4hi9f7yl4b1r9mq","previousOperationId":"7zahedvustzo9dk"}
{"type":"operationEnd","doDiffs":false,"previousEventId":"ksna1qxfgt3nmo3","previousOperationId":"5kw4876gx2moq25","operationId":"5kw4876gx2moq25","timestamp":1765036749075,"id":"sng52n9iezoj1pn"}
