{"type":"operationStart","subtype":"profile","data":{"_id":"fOkSN7HZD16poeez","timestamp":"2025-12-07T13:12:09.105Z","state":"running","mode":"standard","creationDate":"2025-12-07T13:12:09.109Z","modificationDate":"2025-12-07T13:12:09.109Z","shortid":"zO8CHYB","$entitySet":"profiles","timeout":60000},"doDiffs":false,"timestamp":1765113129107,"id":"qrpuwq5wqt8beey","previousOperationId":null,"operationId":"kpd14j4chmwueqv"}
{"type":"log","level":"info","message":"Render request 41 queued for execution and waiting for available worker","previousOperationId":"kpd14j4chmwueqv","timestamp":1765113129107,"id":"07yhijqopq42ois"}
{"type":"operationStart","subtype":"render","name":"anonymous","previousOperationId":"kpd14j4chmwueqv","timestamp":1765113129158,"id":"hacfdg8qfmfv7hj","previousEventId":"qrpuwq5wqt8beey","operationId":"a18mib7nzj68pa4"}
{"type":"log","timestamp":1765113129158,"level":"info","message":"Starting rendering request 41","meta":{"rootId":"xc5r6ekdwbv3a1y","id":"xc5r6ekdwbv3a1y"},"id":"1utwe3tbsnfphg6","previousOperationId":"a18mib7nzj68pa4"}
{"type":"log","timestamp":1765113129159,"level":"info","message":"Rendering anonymous template { recipe: pptx, engine: handlebars }","meta":{"rootId":"xc5r6ekdwbv3a1y","id":"xc5r6ekdwbv3a1y"},"id":"j6857mlxlw6rzph","previousOperationId":"a18mib7nzj68pa4"}
{"type":"log","timestamp":1765113129159,"level":"debug","message":"Inline data specified.","meta":{"rootId":"xc5r6ekdwbv3a1y","id":"xc5r6ekdwbv3a1y"},"id":"gkhlblzn926nbr6","previousOperationId":"a18mib7nzj68pa4"}
{"type":"log","timestamp":1765113129163,"level":"debug","message":"Base url not specified, skipping its injection.","meta":{"rootId":"xc5r6ekdwbv3a1y","id":"xc5r6ekdwbv3a1y"},"id":"i2lfitu03e2rydv","previousOperationId":"a18mib7nzj68pa4"}
{"type":"operationStart","subtype":"engine","name":"handlebars","timestamp":1765113129164,"id":"hjmhz3dzruaukvy","previousEventId":"hacfdg8qfmfv7hj","operationId":"5lj4rtygvrfznlk","previousOperationId":"a18mib7nzj68pa4"}
{"type":"log","timestamp":1765113129164,"level":"debug","message":"Rendering engine handlebars","meta":{"rootId":"xc5r6ekdwbv3a1y","id":"xc5r6ekdwbv3a1y"},"id":"8v6flwasta1eg73","previousOperationId":"5lj4rtygvrfznlk"}
{"type":"operationEnd","operationId":"5lj4rtygvrfznlk","timestamp":1765113129185,"id":"6de9irma0ktadac","previousEventId":"hjmhz3dzruaukvy","previousOperationId":"5lj4rtygvrfznlk"}
{"type":"operationStart","subtype":"recipe","name":"pptx","timestamp":1765113129186,"id":"9n5lsj3p02hnmd6","previousEventId":"6de9irma0ktadac","operationId":"5et9xt063z3x7fo","previousOperationId":"5lj4rtygvrfznlk"}
{"type":"log","timestamp":1765113129186,"level":"debug","message":"Executing recipe pptx","meta":{"rootId":"xc5r6ekdwbv3a1y","id":"xc5r6ekdwbv3a1y"},"id":"71eughl81mtbvqd","previousOperationId":"5et9xt063z3x7fo"}
{"type":"log","timestamp":1765113129210,"level":"info","message":"pptx generation is starting","meta":{"rootId":"xc5r6ekdwbv3a1y","id":"xc5r6ekdwbv3a1y"},"id":"h9axeks0tjqe251","previousOperationId":"5et9xt063z3x7fo"}
{"type":"log","timestamp":1765113130744,"level":"debug","message":"Starting child request to render pptx dynamic parts","meta":{"rootId":"xc5r6ekdwbv3a1y","id":"xc5r6ekdwbv3a1y"},"id":"gzj414mdwfr30zd","previousOperationId":"5et9xt063z3x7fo"}
{"type":"operationStart","subtype":"render","name":"anonymous","previousOperationId":"5et9xt063z3x7fo","timestamp":1765113130745,"id":"nsv0rpt0uybhlj1","previousEventId":"9n5lsj3p02hnmd6","operationId":"03lduw4vkwoo8hl"}
{"type":"log","timestamp":1765113130745,"level":"info","message":"Starting rendering (child) request","meta":{"rootId":"xc5r6ekdwbv3a1y","id":"8fhvf3yb9hkwhvp"},"id":"qibru0h6tbx80tt","previousOperationId":"03lduw4vkwoo8hl"}
{"type":"log","timestamp":1765113130745,"level":"info","message":"Rendering anonymous template { recipe: html, engine: handlebars }","meta":{"rootId":"xc5r6ekdwbv3a1y","id":"8fhvf3yb9hkwhvp"},"id":"msti1ov6z1xc5z7","previousOperationId":"03lduw4vkwoo8hl"}
{"type":"log","timestamp":1765113130745,"level":"debug","message":"Inline data specified.","meta":{"rootId":"xc5r6ekdwbv3a1y","id":"8fhvf3yb9hkwhvp"},"id":"ijrn7gb0zj0mxii","previousOperationId":"03lduw4vkwoo8hl"}
{"type":"log","timestamp":1765113130751,"level":"debug","message":"Base url not specified, skipping its injection.","meta":{"rootId":"xc5r6ekdwbv3a1y","id":"8fhvf3yb9hkwhvp"},"id":"ekix1go75nrp2ew","previousOperationId":"03lduw4vkwoo8hl"}
{"type":"operationStart","subtype":"engine","name":"handlebars","timestamp":1765113130752,"id":"fk669e6t42012tv","previousEventId":"nsv0rpt0uybhlj1","operationId":"9scpzb66giqf05c","previousOperationId":"03lduw4vkwoo8hl"}
{"type":"log","timestamp":1765113130752,"level":"debug","message":"Rendering engine handlebars","meta":{"rootId":"xc5r6ekdwbv3a1y","id":"8fhvf3yb9hkwhvp"},"id":"yiyf7mpj5cfpsk7","previousOperationId":"9scpzb66giqf05c"}
{"type":"operationEnd","operationId":"9scpzb66giqf05c","timestamp":1765113130855,"id":"y1wcik76p3dx62v","previousEventId":"fk669e6t42012tv","previousOperationId":"9scpzb66giqf05c"}
{"type":"operationStart","subtype":"recipe","name":"html","timestamp":1765113130869,"id":"brw4k1ttbt1f066","previousEventId":"y1wcik76p3dx62v","operationId":"7kagpjv7q5ml35w","previousOperationId":"9scpzb66giqf05c"}
{"type":"log","timestamp":1765113130870,"level":"debug","message":"Executing recipe html","meta":{"rootId":"xc5r6ekdwbv3a1y","id":"8fhvf3yb9hkwhvp"},"id":"ai1jbzbpnq4n2ut","previousOperationId":"7kagpjv7q5ml35w"}
{"type":"operationEnd","operationId":"7kagpjv7q5ml35w","timestamp":1765113130870,"id":"1k4p4xg9x4k22bd","previousEventId":"brw4k1ttbt1f066","previousOperationId":"7kagpjv7q5ml35w"}
{"type":"log","timestamp":1765113130870,"level":"debug","message":"Skipping storing report.","meta":{"rootId":"xc5r6ekdwbv3a1y","id":"8fhvf3yb9hkwhvp"},"id":"ju7e035yrpl30oc","previousOperationId":"7kagpjv7q5ml35w"}
{"type":"log","timestamp":1765113130870,"level":"info","message":"Rendering (child) request finished in 1766 ms","meta":{"rootId":"xc5r6ekdwbv3a1y","id":"8fhvf3yb9hkwhvp"},"id":"hxrb35w406hbngy","previousOperationId":"7kagpjv7q5ml35w"}
{"type":"operationEnd","subtype":"render","operationId":"03lduw4vkwoo8hl","timestamp":1765113130870,"id":"87onv6wo2d3qqhw","previousEventId":"1k4p4xg9x4k22bd","previousOperationId":"7kagpjv7q5ml35w"}
{"type":"log","timestamp":1765113140924,"level":"debug","message":"pptx successfully zipped","meta":{"rootId":"xc5r6ekdwbv3a1y","id":"xc5r6ekdwbv3a1y"},"id":"9sl0y2q9h7oofq6","previousOperationId":"5et9xt063z3x7fo"}
{"type":"log","timestamp":1765113140924,"level":"info","message":"pptx generation was finished","meta":{"rootId":"xc5r6ekdwbv3a1y","id":"xc5r6ekdwbv3a1y"},"id":"7ospzz7w7nabfql","previousOperationId":"5et9xt063z3x7fo"}
{"type":"operationEnd","operationId":"5et9xt063z3x7fo","timestamp":1765113140935,"id":"4ob3596ch7d45k0","previousEventId":"9n5lsj3p02hnmd6","previousOperationId":"5et9xt063z3x7fo"}
{"type":"log","timestamp":1765113140935,"level":"debug","message":"Skipping storing report.","meta":{"rootId":"xc5r6ekdwbv3a1y","id":"xc5r6ekdwbv3a1y"},"id":"p05m9q387u3wy6p","previousOperationId":"5et9xt063z3x7fo"}
{"type":"log","timestamp":1765113140935,"level":"info","message":"Rendering request 41 finished in 11831 ms","meta":{"rootId":"xc5r6ekdwbv3a1y","id":"xc5r6ekdwbv3a1y"},"id":"acgtonqndqtucpu","previousOperationId":"5et9xt063z3x7fo"}
{"type":"operationEnd","subtype":"render","operationId":"a18mib7nzj68pa4","timestamp":1765113140935,"id":"mhe2anta4nm3775","previousEventId":"4ob3596ch7d45k0","previousOperationId":"5et9xt063z3x7fo"}
{"type":"operationEnd","doDiffs":false,"previousEventId":"qrpuwq5wqt8beey","previousOperationId":"kpd14j4chmwueqv","operationId":"kpd14j4chmwueqv","timestamp":1765113140940,"id":"26chltugzee58pi"}
