{"type":"operationStart","subtype":"profile","data":{"_id":"fryDR6NiwXZsXytg","timestamp":"2025-12-07T14:37:11.600Z","state":"running","mode":"standard","creationDate":"2025-12-07T14:37:11.608Z","modificationDate":"2025-12-07T14:37:11.608Z","shortid":"tWXpPgq","$entitySet":"profiles","timeout":60000},"doDiffs":false,"timestamp":1765118231604,"id":"skad0pj6sgdiyhx","previousOperationId":null,"operationId":"fcdrd6r5jgp8ocb"}
{"type":"log","level":"info","message":"Render request 7 queued for execution and waiting for available worker","previousOperationId":"fcdrd6r5jgp8ocb","timestamp":1765118231604,"id":"2xr2wfgmgswuybq"}
{"type":"operationStart","subtype":"render","name":"anonymous","previousOperationId":"fcdrd6r5jgp8ocb","timestamp":1765118231666,"id":"26d90pu9n5xch1a","previousEventId":"skad0pj6sgdiyhx","operationId":"08jpsujepxue2ay"}
{"type":"log","timestamp":1765118231667,"level":"info","message":"Starting rendering request 7","meta":{"rootId":"xp4rr23d7s14jc5","id":"xp4rr23d7s14jc5"},"id":"cl7iuq4pydgbgcm","previousOperationId":"08jpsujepxue2ay"}
{"type":"log","timestamp":1765118231667,"level":"info","message":"Rendering anonymous template { recipe: pptx, engine: handlebars }","meta":{"rootId":"xp4rr23d7s14jc5","id":"xp4rr23d7s14jc5"},"id":"72fm9p1ydvmxr02","previousOperationId":"08jpsujepxue2ay"}
{"type":"log","timestamp":1765118231667,"level":"debug","message":"Inline data specified.","meta":{"rootId":"xp4rr23d7s14jc5","id":"xp4rr23d7s14jc5"},"id":"t5la6lmpbsivss2","previousOperationId":"08jpsujepxue2ay"}
{"type":"log","timestamp":1765118231679,"level":"debug","message":"Base url not specified, skipping its injection.","meta":{"rootId":"xp4rr23d7s14jc5","id":"xp4rr23d7s14jc5"},"id":"p5yg409qyx4j3uk","previousOperationId":"08jpsujepxue2ay"}
{"type":"operationStart","subtype":"engine","name":"handlebars","timestamp":1765118231680,"id":"kd2z5a8go0ynnan","previousEventId":"26d90pu9n5xch1a","operationId":"7rvn0h9mchix2u7","previousOperationId":"08jpsujepxue2ay"}
{"type":"log","timestamp":1765118231680,"level":"debug","message":"Rendering engine handlebars","meta":{"rootId":"xp4rr23d7s14jc5","id":"xp4rr23d7s14jc5"},"id":"bl76uw7h1a7g6lt","previousOperationId":"7rvn0h9mchix2u7"}
{"type":"operationEnd","operationId":"7rvn0h9mchix2u7","timestamp":1765118231697,"id":"nr8pttagw65lr28","previousEventId":"kd2z5a8go0ynnan","previousOperationId":"7rvn0h9mchix2u7"}
{"type":"operationStart","subtype":"recipe","name":"pptx","timestamp":1765118231697,"id":"udpfnv589ymx8rk","previousEventId":"nr8pttagw65lr28","operationId":"3u5iyibqexjnlio","previousOperationId":"7rvn0h9mchix2u7"}
{"type":"log","timestamp":1765118231697,"level":"debug","message":"Executing recipe pptx","meta":{"rootId":"xp4rr23d7s14jc5","id":"xp4rr23d7s14jc5"},"id":"g7pewimwaxe8w4g","previousOperationId":"3u5iyibqexjnlio"}
{"type":"log","timestamp":1765118231721,"level":"info","message":"pptx generation is starting","meta":{"rootId":"xp4rr23d7s14jc5","id":"xp4rr23d7s14jc5"},"id":"sy4ireolu1xzz7z","previousOperationId":"3u5iyibqexjnlio"}
{"type":"log","timestamp":1765118233314,"level":"debug","message":"Starting child request to render pptx dynamic parts","meta":{"rootId":"xp4rr23d7s14jc5","id":"xp4rr23d7s14jc5"},"id":"f1adz3lzwrwj43p","previousOperationId":"3u5iyibqexjnlio"}
{"type":"operationStart","subtype":"render","name":"anonymous","previousOperationId":"3u5iyibqexjnlio","timestamp":1765118233315,"id":"imrkv4yyq0khpd4","previousEventId":"udpfnv589ymx8rk","operationId":"kjlpje3i6l8v1c2"}
{"type":"log","timestamp":1765118233315,"level":"info","message":"Starting rendering (child) request","meta":{"rootId":"xp4rr23d7s14jc5","id":"q4cl983vrn1aiu6"},"id":"825ebeidia0mjk6","previousOperationId":"kjlpje3i6l8v1c2"}
{"type":"log","timestamp":1765118233315,"level":"info","message":"Rendering anonymous template { recipe: html, engine: handlebars }","meta":{"rootId":"xp4rr23d7s14jc5","id":"q4cl983vrn1aiu6"},"id":"mypuw4b3ywcnfrf","previousOperationId":"kjlpje3i6l8v1c2"}
{"type":"log","timestamp":1765118233315,"level":"debug","message":"Inline data specified.","meta":{"rootId":"xp4rr23d7s14jc5","id":"q4cl983vrn1aiu6"},"id":"l6u7badwxveu1q5","previousOperationId":"kjlpje3i6l8v1c2"}
{"type":"log","timestamp":1765118233326,"level":"debug","message":"Base url not specified, skipping its injection.","meta":{"rootId":"xp4rr23d7s14jc5","id":"q4cl983vrn1aiu6"},"id":"jwsljkzwoid2eul","previousOperationId":"kjlpje3i6l8v1c2"}
{"type":"operationStart","subtype":"engine","name":"handlebars","timestamp":1765118233328,"id":"dxu0d38374ggfoy","previousEventId":"imrkv4yyq0khpd4","operationId":"ae1v0rrqd1htnps","previousOperationId":"kjlpje3i6l8v1c2"}
{"type":"log","timestamp":1765118233328,"level":"debug","message":"Rendering engine handlebars","meta":{"rootId":"xp4rr23d7s14jc5","id":"q4cl983vrn1aiu6"},"id":"gmtjaqwa6afi2ry","previousOperationId":"ae1v0rrqd1htnps"}
{"type":"operationEnd","operationId":"ae1v0rrqd1htnps","timestamp":1765118233433,"id":"z5sahchuvam32bh","previousEventId":"dxu0d38374ggfoy","previousOperationId":"ae1v0rrqd1htnps"}
{"type":"operationStart","subtype":"recipe","name":"html","timestamp":1765118233447,"id":"pdsvm5nnvqjuf7l","previousEventId":"z5sahchuvam32bh","operationId":"96wksyqyrqkrnxv","previousOperationId":"ae1v0rrqd1htnps"}
{"type":"log","timestamp":1765118233447,"level":"debug","message":"Executing recipe html","meta":{"rootId":"xp4rr23d7s14jc5","id":"q4cl983vrn1aiu6"},"id":"646ix5n5zgyxc0c","previousOperationId":"96wksyqyrqkrnxv"}
{"type":"operationEnd","operationId":"96wksyqyrqkrnxv","timestamp":1765118233447,"id":"if7wi5ldk74f6e2","previousEventId":"pdsvm5nnvqjuf7l","previousOperationId":"96wksyqyrqkrnxv"}
{"type":"log","timestamp":1765118233447,"level":"debug","message":"Skipping storing report.","meta":{"rootId":"xp4rr23d7s14jc5","id":"q4cl983vrn1aiu6"},"id":"7wnwu2yar0gwxcb","previousOperationId":"96wksyqyrqkrnxv"}
{"type":"log","timestamp":1765118233447,"level":"info","message":"Rendering (child) request finished in 1850 ms","meta":{"rootId":"xp4rr23d7s14jc5","id":"q4cl983vrn1aiu6"},"id":"k7g5uecjw5ju8qq","previousOperationId":"96wksyqyrqkrnxv"}
{"type":"operationEnd","subtype":"render","operationId":"kjlpje3i6l8v1c2","timestamp":1765118233447,"id":"2b9akk8zvs7vx84","previousEventId":"if7wi5ldk74f6e2","previousOperationId":"96wksyqyrqkrnxv"}
{"type":"log","timestamp":1765118239891,"level":"debug","message":"pptx successfully zipped","meta":{"rootId":"xp4rr23d7s14jc5","id":"xp4rr23d7s14jc5"},"id":"pu5e9nobi5gkuu9","previousOperationId":"3u5iyibqexjnlio"}
{"type":"log","timestamp":1765118239891,"level":"info","message":"pptx generation was finished","meta":{"rootId":"xp4rr23d7s14jc5","id":"xp4rr23d7s14jc5"},"id":"nl9cw4xjzweasop","previousOperationId":"3u5iyibqexjnlio"}
{"type":"operationEnd","operationId":"3u5iyibqexjnlio","timestamp":1765118239903,"id":"z57lp1luxtvoml5","previousEventId":"udpfnv589ymx8rk","previousOperationId":"3u5iyibqexjnlio"}
{"type":"log","timestamp":1765118239903,"level":"debug","message":"Skipping storing report.","meta":{"rootId":"xp4rr23d7s14jc5","id":"xp4rr23d7s14jc5"},"id":"w6aeuw7lkodr9c2","previousOperationId":"3u5iyibqexjnlio"}
{"type":"log","timestamp":1765118239903,"level":"info","message":"Rendering request 7 finished in 8306 ms","meta":{"rootId":"xp4rr23d7s14jc5","id":"xp4rr23d7s14jc5"},"id":"i5y2vme6edjidr1","previousOperationId":"3u5iyibqexjnlio"}
{"type":"operationEnd","subtype":"render","operationId":"08jpsujepxue2ay","timestamp":1765118239903,"id":"2dwlsjt0u2715oy","previousEventId":"z57lp1luxtvoml5","previousOperationId":"3u5iyibqexjnlio"}
{"type":"operationEnd","doDiffs":false,"previousEventId":"skad0pj6sgdiyhx","previousOperationId":"fcdrd6r5jgp8ocb","operationId":"fcdrd6r5jgp8ocb","timestamp":1765118239911,"id":"2h3wrstv3fzgwty"}
