{"type":"operationStart","subtype":"profile","data":{"_id":"Vn0UDbqVORpDMbeI","timestamp":"2025-12-04T23:09:25.345Z","state":"running","mode":"standard","creationDate":"2025-12-04T23:09:25.348Z","modificationDate":"2025-12-04T23:09:25.348Z","shortid":"NSQzH3E","$entitySet":"profiles","timeout":60000},"doDiffs":false,"timestamp":1764889765347,"id":"bsi710rzrrdgz6s","previousOperationId":null,"operationId":"j0a0ao2jv7qga43"}
{"type":"log","level":"info","message":"Render request 3 queued for execution and waiting for available worker","previousOperationId":"j0a0ao2jv7qga43","timestamp":1764889765347,"id":"vafsgw18ws0tjgg"}
{"type":"operationStart","subtype":"render","name":"anonymous","previousOperationId":"j0a0ao2jv7qga43","timestamp":1764889765361,"id":"ifahade5xz54egi","previousEventId":"bsi710rzrrdgz6s","operationId":"xbagjwimodbvvm9"}
{"type":"log","timestamp":1764889765361,"level":"info","message":"Starting rendering request 3","meta":{"rootId":"xxumqdiclza18ef","id":"xxumqdiclza18ef"},"id":"tzuichb6l888nev","previousOperationId":"xbagjwimodbvvm9"}
{"type":"log","timestamp":1764889765361,"level":"info","message":"Rendering anonymous template { recipe: pptx, engine: handlebars }","meta":{"rootId":"xxumqdiclza18ef","id":"xxumqdiclza18ef"},"id":"khpgsd0hq4s954h","previousOperationId":"xbagjwimodbvvm9"}
{"type":"log","timestamp":1764889765361,"level":"debug","message":"Inline data specified.","meta":{"rootId":"xxumqdiclza18ef","id":"xxumqdiclza18ef"},"id":"j4ynefo1jvc4wp9","previousOperationId":"xbagjwimodbvvm9"}
{"type":"log","timestamp":1764889765368,"level":"debug","message":"Base url not specified, skipping its injection.","meta":{"rootId":"xxumqdiclza18ef","id":"xxumqdiclza18ef"},"id":"b6hzzaj1nvfuz6k","previousOperationId":"xbagjwimodbvvm9"}
{"type":"operationStart","subtype":"engine","name":"handlebars","timestamp":1764889765369,"id":"b4tyevhoma6wtb6","previousEventId":"ifahade5xz54egi","operationId":"3yrmmyvx22mqvdu","previousOperationId":"xbagjwimodbvvm9"}
{"type":"log","timestamp":1764889765369,"level":"debug","message":"Rendering engine handlebars","meta":{"rootId":"xxumqdiclza18ef","id":"xxumqdiclza18ef"},"id":"60x4ykglis5e6zh","previousOperationId":"3yrmmyvx22mqvdu"}
{"type":"operationEnd","operationId":"3yrmmyvx22mqvdu","timestamp":1764889765387,"id":"imebpg9v3h8genw","previousEventId":"b4tyevhoma6wtb6","previousOperationId":"3yrmmyvx22mqvdu"}
{"type":"operationStart","subtype":"recipe","name":"pptx","timestamp":1764889765388,"id":"m6mkw4012qwdohi","previousEventId":"imebpg9v3h8genw","operationId":"0vs8kkhu4ifz8ri","previousOperationId":"3yrmmyvx22mqvdu"}
{"type":"log","timestamp":1764889765388,"level":"debug","message":"Executing recipe pptx","meta":{"rootId":"xxumqdiclza18ef","id":"xxumqdiclza18ef"},"id":"e8fjcb1lhm0kfv8","previousOperationId":"0vs8kkhu4ifz8ri"}
{"type":"log","timestamp":1764889765389,"level":"info","message":"pptx generation is starting","meta":{"rootId":"xxumqdiclza18ef","id":"xxumqdiclza18ef"},"id":"jpnuhne0dcqjtes","previousOperationId":"0vs8kkhu4ifz8ri"}
{"type":"log","timestamp":1764889765535,"level":"debug","message":"Starting child request to render pptx dynamic parts","meta":{"rootId":"xxumqdiclza18ef","id":"xxumqdiclza18ef"},"id":"q37m4vicx9vmvg2","previousOperationId":"0vs8kkhu4ifz8ri"}
{"type":"operationStart","subtype":"render","name":"anonymous","previousOperationId":"0vs8kkhu4ifz8ri","timestamp":1764889765536,"id":"vfocgrq36wwp3kh","previousEventId":"m6mkw4012qwdohi","operationId":"sa04nxifddeduud"}
{"type":"log","timestamp":1764889765536,"level":"info","message":"Starting rendering (child) request","meta":{"rootId":"xxumqdiclza18ef","id":"xzx3u58tqbd92fh"},"id":"ebdbysvly8g1wfy","previousOperationId":"sa04nxifddeduud"}
{"type":"log","timestamp":1764889765536,"level":"info","message":"Rendering anonymous template { recipe: html, engine: handlebars }","meta":{"rootId":"xxumqdiclza18ef","id":"xzx3u58tqbd92fh"},"id":"yprz8y2j0l6um3z","previousOperationId":"sa04nxifddeduud"}
{"type":"log","timestamp":1764889765536,"level":"debug","message":"Inline data specified.","meta":{"rootId":"xxumqdiclza18ef","id":"xzx3u58tqbd92fh"},"id":"7ck5okhoa17rozc","previousOperationId":"sa04nxifddeduud"}
{"type":"log","timestamp":1764889765545,"level":"debug","message":"Base url not specified, skipping its injection.","meta":{"rootId":"xxumqdiclza18ef","id":"xzx3u58tqbd92fh"},"id":"erjck8qyvwvj0ls","previousOperationId":"sa04nxifddeduud"}
{"type":"operationStart","subtype":"engine","name":"handlebars","timestamp":1764889765546,"id":"ykwma869vopvtov","previousEventId":"vfocgrq36wwp3kh","operationId":"lduapz4l5nacg17","previousOperationId":"sa04nxifddeduud"}
{"type":"log","timestamp":1764889765546,"level":"debug","message":"Rendering engine handlebars","meta":{"rootId":"xxumqdiclza18ef","id":"xzx3u58tqbd92fh"},"id":"403fv3fxd1nwupb","previousOperationId":"lduapz4l5nacg17"}
{"type":"operationEnd","operationId":"lduapz4l5nacg17","timestamp":1764889765591,"id":"slxyhm5fp8o6wjj","previousEventId":"ykwma869vopvtov","previousOperationId":"lduapz4l5nacg17"}
{"type":"operationStart","subtype":"recipe","name":"html","timestamp":1764889765593,"id":"wlfw5mcci8ka1li","previousEventId":"slxyhm5fp8o6wjj","operationId":"kamhylarj326lw2","previousOperationId":"lduapz4l5nacg17"}
{"type":"log","timestamp":1764889765593,"level":"debug","message":"Executing recipe html","meta":{"rootId":"xxumqdiclza18ef","id":"xzx3u58tqbd92fh"},"id":"qm81q0wz683cu2d","previousOperationId":"kamhylarj326lw2"}
{"type":"operationEnd","operationId":"kamhylarj326lw2","timestamp":1764889765593,"id":"pcej57q9y57n5gk","previousEventId":"wlfw5mcci8ka1li","previousOperationId":"kamhylarj326lw2"}
{"type":"log","timestamp":1764889765594,"level":"debug","message":"Skipping storing report.","meta":{"rootId":"xxumqdiclza18ef","id":"xzx3u58tqbd92fh"},"id":"q4lem0q7ux1ctkj","previousOperationId":"kamhylarj326lw2"}
{"type":"log","timestamp":1764889765594,"level":"info","message":"Rendering (child) request finished in 249 ms","meta":{"rootId":"xxumqdiclza18ef","id":"xzx3u58tqbd92fh"},"id":"w06a79xzppgw2rr","previousOperationId":"kamhylarj326lw2"}
{"type":"operationEnd","subtype":"render","operationId":"sa04nxifddeduud","timestamp":1764889765594,"id":"0uw9f4lvsbfak9l","previousEventId":"pcej57q9y57n5gk","previousOperationId":"kamhylarj326lw2"}
{"type":"log","timestamp":1764889765744,"level":"debug","message":"pptx successfully zipped","meta":{"rootId":"xxumqdiclza18ef","id":"xxumqdiclza18ef"},"id":"c6wo9pksegep1mx","previousOperationId":"0vs8kkhu4ifz8ri"}
{"type":"log","timestamp":1764889765744,"level":"info","message":"pptx generation was finished","meta":{"rootId":"xxumqdiclza18ef","id":"xxumqdiclza18ef"},"id":"lqqbu0ctdu4fu3p","previousOperationId":"0vs8kkhu4ifz8ri"}
{"type":"operationEnd","operationId":"0vs8kkhu4ifz8ri","timestamp":1764889765747,"id":"brf5qtrvi868pzp","previousEventId":"m6mkw4012qwdohi","previousOperationId":"0vs8kkhu4ifz8ri"}
{"type":"log","timestamp":1764889765747,"level":"debug","message":"Skipping storing report.","meta":{"rootId":"xxumqdiclza18ef","id":"xxumqdiclza18ef"},"id":"818gweqj687kysa","previousOperationId":"0vs8kkhu4ifz8ri"}
{"type":"log","timestamp":1764889765747,"level":"info","message":"Rendering request 3 finished in 402 ms","meta":{"rootId":"xxumqdiclza18ef","id":"xxumqdiclza18ef"},"id":"0cxxt8h3std3qv6","previousOperationId":"0vs8kkhu4ifz8ri"}
{"type":"operationEnd","subtype":"render","operationId":"xbagjwimodbvvm9","timestamp":1764889765747,"id":"ov0gq28zpdsc958","previousEventId":"brf5qtrvi868pzp","previousOperationId":"0vs8kkhu4ifz8ri"}
{"type":"operationEnd","doDiffs":false,"previousEventId":"bsi710rzrrdgz6s","previousOperationId":"j0a0ao2jv7qga43","operationId":"j0a0ao2jv7qga43","timestamp":1764889765752,"id":"wt09c5vdf4lqe1q"}
