{"type":"operationStart","subtype":"profile","data":{"_id":"bs9Q2rM0fjytzHYW","timestamp":"2025-12-07T13:01:54.001Z","state":"running","mode":"standard","creationDate":"2025-12-07T13:01:54.006Z","modificationDate":"2025-12-07T13:01:54.006Z","shortid":"Rq0tMPN","$entitySet":"profiles","timeout":60000},"doDiffs":false,"timestamp":1765112514004,"id":"urq859zgcomdwqn","previousOperationId":null,"operationId":"hhg7gzphywri1qy"}
{"type":"log","level":"info","message":"Render request 34 queued for execution and waiting for available worker","previousOperationId":"hhg7gzphywri1qy","timestamp":1765112514004,"id":"teeapqe8qhp3qee"}
{"type":"operationStart","subtype":"render","name":"anonymous","previousOperationId":"hhg7gzphywri1qy","timestamp":1765112514086,"id":"5hocuvecjeratin","previousEventId":"urq859zgcomdwqn","operationId":"ps7rq2b3ndselx9"}
{"type":"log","timestamp":1765112514087,"level":"info","message":"Starting rendering request 34","meta":{"rootId":"y5x1z532ju0d7s0","id":"y5x1z532ju0d7s0"},"id":"n71yi7h1j29h36u","previousOperationId":"ps7rq2b3ndselx9"}
{"type":"log","timestamp":1765112514088,"level":"info","message":"Rendering anonymous template { recipe: pptx, engine: handlebars }","meta":{"rootId":"y5x1z532ju0d7s0","id":"y5x1z532ju0d7s0"},"id":"0w4ck3zpnr8yken","previousOperationId":"ps7rq2b3ndselx9"}
{"type":"log","timestamp":1765112514088,"level":"debug","message":"Inline data specified.","meta":{"rootId":"y5x1z532ju0d7s0","id":"y5x1z532ju0d7s0"},"id":"hnrg52s29n10ebq","previousOperationId":"ps7rq2b3ndselx9"}
{"type":"log","timestamp":1765112514093,"level":"debug","message":"Base url not specified, skipping its injection.","meta":{"rootId":"y5x1z532ju0d7s0","id":"y5x1z532ju0d7s0"},"id":"9ai5eur7oslndoy","previousOperationId":"ps7rq2b3ndselx9"}
{"type":"operationStart","subtype":"engine","name":"handlebars","timestamp":1765112514094,"id":"v8d1lbmvoa1ikxl","previousEventId":"5hocuvecjeratin","operationId":"eqrmjoz0o7luo63","previousOperationId":"ps7rq2b3ndselx9"}
{"type":"log","timestamp":1765112514094,"level":"debug","message":"Rendering engine handlebars","meta":{"rootId":"y5x1z532ju0d7s0","id":"y5x1z532ju0d7s0"},"id":"rqb89oxm48a3r04","previousOperationId":"eqrmjoz0o7luo63"}
{"type":"operationEnd","operationId":"eqrmjoz0o7luo63","timestamp":1765112514117,"id":"kv4d6gdmvg32jni","previousEventId":"v8d1lbmvoa1ikxl","previousOperationId":"eqrmjoz0o7luo63"}
{"type":"operationStart","subtype":"recipe","name":"pptx","timestamp":1765112514118,"id":"j5c5bjbzysdapae","previousEventId":"kv4d6gdmvg32jni","operationId":"k2801cts0z09j5w","previousOperationId":"eqrmjoz0o7luo63"}
{"type":"log","timestamp":1765112514118,"level":"debug","message":"Executing recipe pptx","meta":{"rootId":"y5x1z532ju0d7s0","id":"y5x1z532ju0d7s0"},"id":"zr0qaguz08hc7hc","previousOperationId":"k2801cts0z09j5w"}
{"type":"log","timestamp":1765112514155,"level":"info","message":"pptx generation is starting","meta":{"rootId":"y5x1z532ju0d7s0","id":"y5x1z532ju0d7s0"},"id":"8o7fkt4rdb3f2ci","previousOperationId":"k2801cts0z09j5w"}
{"type":"log","timestamp":1765112515766,"level":"debug","message":"Starting child request to render pptx dynamic parts","meta":{"rootId":"y5x1z532ju0d7s0","id":"y5x1z532ju0d7s0"},"id":"68qyuludxlogfze","previousOperationId":"k2801cts0z09j5w"}
{"type":"operationStart","subtype":"render","name":"anonymous","previousOperationId":"k2801cts0z09j5w","timestamp":1765112515766,"id":"imel0wi0z5vlfrj","previousEventId":"j5c5bjbzysdapae","operationId":"y6vhu02a7twcum7"}
{"type":"log","timestamp":1765112515766,"level":"info","message":"Starting rendering (child) request","meta":{"rootId":"y5x1z532ju0d7s0","id":"e8jicrwmn7lvmj7"},"id":"vgjyepim5a79d09","previousOperationId":"y6vhu02a7twcum7"}
{"type":"log","timestamp":1765112515766,"level":"info","message":"Rendering anonymous template { recipe: html, engine: handlebars }","meta":{"rootId":"y5x1z532ju0d7s0","id":"e8jicrwmn7lvmj7"},"id":"k4bcgzwhixqian3","previousOperationId":"y6vhu02a7twcum7"}
{"type":"log","timestamp":1765112515766,"level":"debug","message":"Inline data specified.","meta":{"rootId":"y5x1z532ju0d7s0","id":"e8jicrwmn7lvmj7"},"id":"8tydsiqz2g1b1t9","previousOperationId":"y6vhu02a7twcum7"}
{"type":"log","timestamp":1765112515774,"level":"debug","message":"Base url not specified, skipping its injection.","meta":{"rootId":"y5x1z532ju0d7s0","id":"e8jicrwmn7lvmj7"},"id":"ura85d2hc16h8l8","previousOperationId":"y6vhu02a7twcum7"}
{"type":"operationStart","subtype":"engine","name":"handlebars","timestamp":1765112515776,"id":"kn7tt4bnsleby3q","previousEventId":"imel0wi0z5vlfrj","operationId":"jrzc183cqar5rug","previousOperationId":"y6vhu02a7twcum7"}
{"type":"log","timestamp":1765112515776,"level":"debug","message":"Rendering engine handlebars","meta":{"rootId":"y5x1z532ju0d7s0","id":"e8jicrwmn7lvmj7"},"id":"dpnit63m7oceql0","previousOperationId":"jrzc183cqar5rug"}
{"type":"operationEnd","operationId":"jrzc183cqar5rug","timestamp":1765112515889,"id":"ca0xzmlwnk4t2e5","previousEventId":"kn7tt4bnsleby3q","previousOperationId":"jrzc183cqar5rug"}
{"type":"operationStart","subtype":"recipe","name":"html","timestamp":1765112515904,"id":"7kkwcod9zwdmi89","previousEventId":"ca0xzmlwnk4t2e5","operationId":"etib3f6a8jq2sj3","previousOperationId":"jrzc183cqar5rug"}
{"type":"log","timestamp":1765112515904,"level":"debug","message":"Executing recipe html","meta":{"rootId":"y5x1z532ju0d7s0","id":"e8jicrwmn7lvmj7"},"id":"5nvanv9fht68tdt","previousOperationId":"etib3f6a8jq2sj3"}
{"type":"operationEnd","operationId":"etib3f6a8jq2sj3","timestamp":1765112515904,"id":"1rpd8a8w2lzyeiq","previousEventId":"7kkwcod9zwdmi89","previousOperationId":"etib3f6a8jq2sj3"}
{"type":"log","timestamp":1765112515904,"level":"debug","message":"Skipping storing report.","meta":{"rootId":"y5x1z532ju0d7s0","id":"e8jicrwmn7lvmj7"},"id":"pey59yr2ym8kplu","previousOperationId":"etib3f6a8jq2sj3"}
{"type":"log","timestamp":1765112515904,"level":"info","message":"Rendering (child) request finished in 1907 ms","meta":{"rootId":"y5x1z532ju0d7s0","id":"e8jicrwmn7lvmj7"},"id":"uqbqotai4qbo7pe","previousOperationId":"etib3f6a8jq2sj3"}
{"type":"operationEnd","subtype":"render","operationId":"y6vhu02a7twcum7","timestamp":1765112515904,"id":"b6hyxcexz8zf4ju","previousEventId":"1rpd8a8w2lzyeiq","previousOperationId":"etib3f6a8jq2sj3"}
{"type":"log","timestamp":1765112522682,"level":"debug","message":"pptx successfully zipped","meta":{"rootId":"y5x1z532ju0d7s0","id":"y5x1z532ju0d7s0"},"id":"ohie5vejw0r4smy","previousOperationId":"k2801cts0z09j5w"}
{"type":"log","timestamp":1765112522682,"level":"info","message":"pptx generation was finished","meta":{"rootId":"y5x1z532ju0d7s0","id":"y5x1z532ju0d7s0"},"id":"tmqfe6aidixkb9d","previousOperationId":"k2801cts0z09j5w"}
{"type":"operationEnd","operationId":"k2801cts0z09j5w","timestamp":1765112522693,"id":"w7bazmjsbeqeky6","previousEventId":"j5c5bjbzysdapae","previousOperationId":"k2801cts0z09j5w"}
{"type":"log","timestamp":1765112522693,"level":"debug","message":"Skipping storing report.","meta":{"rootId":"y5x1z532ju0d7s0","id":"y5x1z532ju0d7s0"},"id":"hg0nfgjx2uggwvw","previousOperationId":"k2801cts0z09j5w"}
{"type":"log","timestamp":1765112522693,"level":"info","message":"Rendering request 34 finished in 8696 ms","meta":{"rootId":"y5x1z532ju0d7s0","id":"y5x1z532ju0d7s0"},"id":"8epqypwcyqu3d8o","previousOperationId":"k2801cts0z09j5w"}
{"type":"operationEnd","subtype":"render","operationId":"ps7rq2b3ndselx9","timestamp":1765112522693,"id":"f5o7kllgjvd82kh","previousEventId":"w7bazmjsbeqeky6","previousOperationId":"k2801cts0z09j5w"}
{"type":"operationEnd","doDiffs":false,"previousEventId":"urq859zgcomdwqn","previousOperationId":"hhg7gzphywri1qy","operationId":"hhg7gzphywri1qy","timestamp":1765112522699,"id":"dw9loifjampywe4"}
