{"type":"operationStart","subtype":"profile","data":{"_id":"YHamAs4MydBjf4Dt","timestamp":"2025-12-06T15:27:41.006Z","state":"running","mode":"standard","creationDate":"2025-12-06T15:27:41.009Z","modificationDate":"2025-12-06T15:27:41.009Z","shortid":"lyL88F-","$entitySet":"profiles","timeout":60000},"doDiffs":false,"timestamp":1765034861008,"id":"k8k2fejrulkwmsn","previousOperationId":null,"operationId":"k0777u9gf92beh8"}
{"type":"log","level":"info","message":"Render request 21 queued for execution and waiting for available worker","previousOperationId":"k0777u9gf92beh8","timestamp":1765034861008,"id":"twl23v4n908aqi0"}
{"type":"operationStart","subtype":"render","name":"anonymous","previousOperationId":"k0777u9gf92beh8","timestamp":1765034861019,"id":"2v1g39lqbqtnwd7","previousEventId":"k8k2fejrulkwmsn","operationId":"l3q5qjaatr340u9"}
{"type":"log","timestamp":1765034861019,"level":"info","message":"Starting rendering request 21","meta":{"rootId":"ybjft871joqx0cn","id":"ybjft871joqx0cn"},"id":"hbqy55kax7xscrv","previousOperationId":"l3q5qjaatr340u9"}
{"type":"log","timestamp":1765034861020,"level":"info","message":"Rendering anonymous template { recipe: pptx, engine: handlebars }","meta":{"rootId":"ybjft871joqx0cn","id":"ybjft871joqx0cn"},"id":"lzkftrsriaqsvyd","previousOperationId":"l3q5qjaatr340u9"}
{"type":"log","timestamp":1765034861020,"level":"debug","message":"Inline data specified.","meta":{"rootId":"ybjft871joqx0cn","id":"ybjft871joqx0cn"},"id":"68xf3jj6p5pczxl","previousOperationId":"l3q5qjaatr340u9"}
{"type":"log","timestamp":1765034861022,"level":"debug","message":"Base url not specified, skipping its injection.","meta":{"rootId":"ybjft871joqx0cn","id":"ybjft871joqx0cn"},"id":"75i22vd2hwocoyx","previousOperationId":"l3q5qjaatr340u9"}
{"type":"operationStart","subtype":"engine","name":"handlebars","timestamp":1765034861022,"id":"rhm38b3emo2hacv","previousEventId":"2v1g39lqbqtnwd7","operationId":"g4qeer5509b9uve","previousOperationId":"l3q5qjaatr340u9"}
{"type":"log","timestamp":1765034861022,"level":"debug","message":"Rendering engine handlebars","meta":{"rootId":"ybjft871joqx0cn","id":"ybjft871joqx0cn"},"id":"z6t1r2rw73m834k","previousOperationId":"g4qeer5509b9uve"}
{"type":"operationEnd","operationId":"g4qeer5509b9uve","timestamp":1765034861037,"id":"en12fz474yhaqiq","previousEventId":"rhm38b3emo2hacv","previousOperationId":"g4qeer5509b9uve"}
{"type":"operationStart","subtype":"recipe","name":"pptx","timestamp":1765034861037,"id":"6309k0i7rfv98m4","previousEventId":"en12fz474yhaqiq","operationId":"vwup94dnbylmpk3","previousOperationId":"g4qeer5509b9uve"}
{"type":"log","timestamp":1765034861037,"level":"debug","message":"Executing recipe pptx","meta":{"rootId":"ybjft871joqx0cn","id":"ybjft871joqx0cn"},"id":"56zk2b1k619j01a","previousOperationId":"vwup94dnbylmpk3"}
{"type":"log","timestamp":1765034861037,"level":"info","message":"pptx generation is starting","meta":{"rootId":"ybjft871joqx0cn","id":"ybjft871joqx0cn"},"id":"sa6dwee44phywxd","previousOperationId":"vwup94dnbylmpk3"}
{"type":"log","timestamp":1765034861111,"level":"debug","message":"Starting child request to render pptx dynamic parts","meta":{"rootId":"ybjft871joqx0cn","id":"ybjft871joqx0cn"},"id":"xya6eps39p0q8rw","previousOperationId":"vwup94dnbylmpk3"}
{"type":"operationStart","subtype":"render","name":"anonymous","previousOperationId":"vwup94dnbylmpk3","timestamp":1765034861112,"id":"8fqovttf7t1j0jd","previousEventId":"6309k0i7rfv98m4","operationId":"w9n17b6m5p068z7"}
{"type":"log","timestamp":1765034861112,"level":"info","message":"Starting rendering (child) request","meta":{"rootId":"ybjft871joqx0cn","id":"2k8tyx9uzm9g13e"},"id":"2t7jjskt8pi3aos","previousOperationId":"w9n17b6m5p068z7"}
{"type":"log","timestamp":1765034861112,"level":"info","message":"Rendering anonymous template { recipe: html, engine: handlebars }","meta":{"rootId":"ybjft871joqx0cn","id":"2k8tyx9uzm9g13e"},"id":"rjc0gjez17vw6u6","previousOperationId":"w9n17b6m5p068z7"}
{"type":"log","timestamp":1765034861112,"level":"debug","message":"Inline data specified.","meta":{"rootId":"ybjft871joqx0cn","id":"2k8tyx9uzm9g13e"},"id":"k12lq88twziijix","previousOperationId":"w9n17b6m5p068z7"}
{"type":"log","timestamp":1765034861117,"level":"debug","message":"Base url not specified, skipping its injection.","meta":{"rootId":"ybjft871joqx0cn","id":"2k8tyx9uzm9g13e"},"id":"yha1qw35jpmg1tq","previousOperationId":"w9n17b6m5p068z7"}
{"type":"operationStart","subtype":"engine","name":"handlebars","timestamp":1765034861118,"id":"xf55g90a1y39uwv","previousEventId":"8fqovttf7t1j0jd","operationId":"94uhls4m9gn0lfd","previousOperationId":"w9n17b6m5p068z7"}
{"type":"log","timestamp":1765034861118,"level":"debug","message":"Rendering engine handlebars","meta":{"rootId":"ybjft871joqx0cn","id":"2k8tyx9uzm9g13e"},"id":"ikgw8lmk0auoi0i","previousOperationId":"94uhls4m9gn0lfd"}
{"type":"operationEnd","operationId":"94uhls4m9gn0lfd","timestamp":1765034861143,"id":"mx1fgd7omiwjbn1","previousEventId":"xf55g90a1y39uwv","previousOperationId":"94uhls4m9gn0lfd"}
{"type":"operationStart","subtype":"recipe","name":"html","timestamp":1765034861146,"id":"v5fa1lao2lryxah","previousEventId":"mx1fgd7omiwjbn1","operationId":"epe13l3z5n3d4zu","previousOperationId":"94uhls4m9gn0lfd"}
{"type":"log","timestamp":1765034861146,"level":"debug","message":"Executing recipe html","meta":{"rootId":"ybjft871joqx0cn","id":"2k8tyx9uzm9g13e"},"id":"ncq0aergdsukrzi","previousOperationId":"epe13l3z5n3d4zu"}
{"type":"operationEnd","operationId":"epe13l3z5n3d4zu","timestamp":1765034861146,"id":"8jqpx0ok5cjapaw","previousEventId":"v5fa1lao2lryxah","previousOperationId":"epe13l3z5n3d4zu"}
{"type":"log","timestamp":1765034861146,"level":"debug","message":"Skipping storing report.","meta":{"rootId":"ybjft871joqx0cn","id":"2k8tyx9uzm9g13e"},"id":"vbu42p129vacooj","previousOperationId":"epe13l3z5n3d4zu"}
{"type":"log","timestamp":1765034861146,"level":"info","message":"Rendering (child) request finished in 140 ms","meta":{"rootId":"ybjft871joqx0cn","id":"2k8tyx9uzm9g13e"},"id":"3gj3e7o9g69665y","previousOperationId":"epe13l3z5n3d4zu"}
{"type":"operationEnd","subtype":"render","operationId":"w9n17b6m5p068z7","timestamp":1765034861146,"id":"mqtxcefjrfu09lq","previousEventId":"8jqpx0ok5cjapaw","previousOperationId":"epe13l3z5n3d4zu"}
{"type":"log","timestamp":1765034864280,"level":"debug","message":"pptx successfully zipped","meta":{"rootId":"ybjft871joqx0cn","id":"ybjft871joqx0cn"},"id":"vk7gl1v9dvn0ol9","previousOperationId":"vwup94dnbylmpk3"}
{"type":"log","timestamp":1765034864280,"level":"info","message":"pptx generation was finished","meta":{"rootId":"ybjft871joqx0cn","id":"ybjft871joqx0cn"},"id":"gprekc74413b7dn","previousOperationId":"vwup94dnbylmpk3"}
{"type":"operationEnd","operationId":"vwup94dnbylmpk3","timestamp":1765034864283,"id":"0jpoar4w9nuytec","previousEventId":"6309k0i7rfv98m4","previousOperationId":"vwup94dnbylmpk3"}
{"type":"log","timestamp":1765034864283,"level":"debug","message":"Skipping storing report.","meta":{"rootId":"ybjft871joqx0cn","id":"ybjft871joqx0cn"},"id":"pd7pvxvb1ojyivy","previousOperationId":"vwup94dnbylmpk3"}
{"type":"log","timestamp":1765034864283,"level":"info","message":"Rendering request 21 finished in 3277 ms","meta":{"rootId":"ybjft871joqx0cn","id":"ybjft871joqx0cn"},"id":"n77rlxuvwaynczp","previousOperationId":"vwup94dnbylmpk3"}
{"type":"operationEnd","subtype":"render","operationId":"l3q5qjaatr340u9","timestamp":1765034864283,"id":"d6dc4omjd8x9tfp","previousEventId":"0jpoar4w9nuytec","previousOperationId":"vwup94dnbylmpk3"}
{"type":"operationEnd","doDiffs":false,"previousEventId":"k8k2fejrulkwmsn","previousOperationId":"k0777u9gf92beh8","operationId":"k0777u9gf92beh8","timestamp":1765034864287,"id":"2jvltj3t6ohq4nz"}
