{"type":"operationStart","subtype":"profile","data":{"_id":"Th97i0f4YHLoLOAE","timestamp":"2025-12-07T12:41:22.507Z","state":"running","mode":"standard","creationDate":"2025-12-07T12:41:22.512Z","modificationDate":"2025-12-07T12:41:22.512Z","shortid":"EVCJWQs","$entitySet":"profiles","timeout":60000},"doDiffs":false,"timestamp":1765111282510,"id":"qyfwpv87jkc5wa5","previousOperationId":null,"operationId":"qdk67o1cuyu5n6c"}
{"type":"log","level":"info","message":"Render request 26 queued for execution and waiting for available worker","previousOperationId":"qdk67o1cuyu5n6c","timestamp":1765111282510,"id":"shrvw7i7jds3bro"}
{"type":"operationStart","subtype":"render","name":"anonymous","previousOperationId":"qdk67o1cuyu5n6c","timestamp":1765111282561,"id":"mwgnt6lb5vmke6v","previousEventId":"qyfwpv87jkc5wa5","operationId":"3etpsq354o1je5t"}
{"type":"log","timestamp":1765111282562,"level":"info","message":"Starting rendering request 26","meta":{"rootId":"yl37l1n921odkye","id":"yl37l1n921odkye"},"id":"jf8ur6s4i4xauxc","previousOperationId":"3etpsq354o1je5t"}
{"type":"log","timestamp":1765111282563,"level":"info","message":"Rendering anonymous template { recipe: pptx, engine: handlebars }","meta":{"rootId":"yl37l1n921odkye","id":"yl37l1n921odkye"},"id":"pmhl6r8ytt1got1","previousOperationId":"3etpsq354o1je5t"}
{"type":"log","timestamp":1765111282563,"level":"debug","message":"Inline data specified.","meta":{"rootId":"yl37l1n921odkye","id":"yl37l1n921odkye"},"id":"iw7iejidq6xcs22","previousOperationId":"3etpsq354o1je5t"}
{"type":"log","timestamp":1765111282567,"level":"debug","message":"Base url not specified, skipping its injection.","meta":{"rootId":"yl37l1n921odkye","id":"yl37l1n921odkye"},"id":"t7a9b3yh9c7oc7u","previousOperationId":"3etpsq354o1je5t"}
{"type":"operationStart","subtype":"engine","name":"handlebars","timestamp":1765111282568,"id":"bakws8etx90tmpy","previousEventId":"mwgnt6lb5vmke6v","operationId":"r6ihog1iq006bie","previousOperationId":"3etpsq354o1je5t"}
{"type":"log","timestamp":1765111282568,"level":"debug","message":"Rendering engine handlebars","meta":{"rootId":"yl37l1n921odkye","id":"yl37l1n921odkye"},"id":"vvdtq16pbp1gk4c","previousOperationId":"r6ihog1iq006bie"}
{"type":"operationEnd","operationId":"r6ihog1iq006bie","timestamp":1765111282591,"id":"84gqrk9ndjndvue","previousEventId":"bakws8etx90tmpy","previousOperationId":"r6ihog1iq006bie"}
{"type":"operationStart","subtype":"recipe","name":"pptx","timestamp":1765111282591,"id":"hpxgvq8y451ufzd","previousEventId":"84gqrk9ndjndvue","operationId":"jcvcdz1wftpmb1o","previousOperationId":"r6ihog1iq006bie"}
{"type":"log","timestamp":1765111282591,"level":"debug","message":"Executing recipe pptx","meta":{"rootId":"yl37l1n921odkye","id":"yl37l1n921odkye"},"id":"hpfz717ft0hvusu","previousOperationId":"jcvcdz1wftpmb1o"}
{"type":"log","timestamp":1765111282617,"level":"info","message":"pptx generation is starting","meta":{"rootId":"yl37l1n921odkye","id":"yl37l1n921odkye"},"id":"uus4hcc5hy8s43w","previousOperationId":"jcvcdz1wftpmb1o"}
{"type":"log","timestamp":1765111284140,"level":"debug","message":"Starting child request to render pptx dynamic parts","meta":{"rootId":"yl37l1n921odkye","id":"yl37l1n921odkye"},"id":"qqpr3auzbosg0ep","previousOperationId":"jcvcdz1wftpmb1o"}
{"type":"operationStart","subtype":"render","name":"anonymous","previousOperationId":"jcvcdz1wftpmb1o","timestamp":1765111284140,"id":"hf55fbc7difsfgx","previousEventId":"hpxgvq8y451ufzd","operationId":"vkd0zezphws1baa"}
{"type":"log","timestamp":1765111284141,"level":"info","message":"Starting rendering (child) request","meta":{"rootId":"yl37l1n921odkye","id":"6r2ovfl2cjlznjm"},"id":"koxabdtd16uja9b","previousOperationId":"vkd0zezphws1baa"}
{"type":"log","timestamp":1765111284141,"level":"info","message":"Rendering anonymous template { recipe: html, engine: handlebars }","meta":{"rootId":"yl37l1n921odkye","id":"6r2ovfl2cjlznjm"},"id":"lvsg1x3wlu75g0x","previousOperationId":"vkd0zezphws1baa"}
{"type":"log","timestamp":1765111284141,"level":"debug","message":"Inline data specified.","meta":{"rootId":"yl37l1n921odkye","id":"6r2ovfl2cjlznjm"},"id":"srdl3v7efpv9061","previousOperationId":"vkd0zezphws1baa"}
{"type":"log","timestamp":1765111284147,"level":"debug","message":"Base url not specified, skipping its injection.","meta":{"rootId":"yl37l1n921odkye","id":"6r2ovfl2cjlznjm"},"id":"5uvkhl4br9cifs0","previousOperationId":"vkd0zezphws1baa"}
{"type":"operationStart","subtype":"engine","name":"handlebars","timestamp":1765111284148,"id":"kbgtws8zuhkzeu5","previousEventId":"hf55fbc7difsfgx","operationId":"h913434wbvshyv3","previousOperationId":"vkd0zezphws1baa"}
{"type":"log","timestamp":1765111284148,"level":"debug","message":"Rendering engine handlebars","meta":{"rootId":"yl37l1n921odkye","id":"6r2ovfl2cjlznjm"},"id":"82s8ape1p9yjr3h","previousOperationId":"h913434wbvshyv3"}
{"type":"operationEnd","operationId":"h913434wbvshyv3","timestamp":1765111284251,"id":"h9asy62ohx516xt","previousEventId":"kbgtws8zuhkzeu5","previousOperationId":"h913434wbvshyv3"}
{"type":"operationStart","subtype":"recipe","name":"html","timestamp":1765111284264,"id":"r61xeydhqcut23a","previousEventId":"h9asy62ohx516xt","operationId":"j2vbaa26fxsgn12","previousOperationId":"h913434wbvshyv3"}
{"type":"log","timestamp":1765111284264,"level":"debug","message":"Executing recipe html","meta":{"rootId":"yl37l1n921odkye","id":"6r2ovfl2cjlznjm"},"id":"511h94oyp8fsln3","previousOperationId":"j2vbaa26fxsgn12"}
{"type":"operationEnd","operationId":"j2vbaa26fxsgn12","timestamp":1765111284264,"id":"2zta3lfpk19xa7d","previousEventId":"r61xeydhqcut23a","previousOperationId":"j2vbaa26fxsgn12"}
{"type":"log","timestamp":1765111284264,"level":"debug","message":"Skipping storing report.","meta":{"rootId":"yl37l1n921odkye","id":"6r2ovfl2cjlznjm"},"id":"3koip0ffwmp9zui","previousOperationId":"j2vbaa26fxsgn12"}
{"type":"log","timestamp":1765111284265,"level":"info","message":"Rendering (child) request finished in 1760 ms","meta":{"rootId":"yl37l1n921odkye","id":"6r2ovfl2cjlznjm"},"id":"1tomi2kirn4u3v0","previousOperationId":"j2vbaa26fxsgn12"}
{"type":"operationEnd","subtype":"render","operationId":"vkd0zezphws1baa","timestamp":1765111284265,"id":"s63smgrbffedeak","previousEventId":"2zta3lfpk19xa7d","previousOperationId":"j2vbaa26fxsgn12"}
{"type":"log","timestamp":1765111298028,"level":"debug","message":"pptx successfully zipped","meta":{"rootId":"yl37l1n921odkye","id":"yl37l1n921odkye"},"id":"sb4zhqzielytxl6","previousOperationId":"jcvcdz1wftpmb1o"}
{"type":"log","timestamp":1765111298028,"level":"info","message":"pptx generation was finished","meta":{"rootId":"yl37l1n921odkye","id":"yl37l1n921odkye"},"id":"x9ysqbuuzh0fo08","previousOperationId":"jcvcdz1wftpmb1o"}
{"type":"operationEnd","operationId":"jcvcdz1wftpmb1o","timestamp":1765111298041,"id":"284w49ator5cuab","previousEventId":"hpxgvq8y451ufzd","previousOperationId":"jcvcdz1wftpmb1o"}
{"type":"log","timestamp":1765111298041,"level":"debug","message":"Skipping storing report.","meta":{"rootId":"yl37l1n921odkye","id":"yl37l1n921odkye"},"id":"959j9viqg1vz56c","previousOperationId":"jcvcdz1wftpmb1o"}
{"type":"log","timestamp":1765111298041,"level":"info","message":"Rendering request 26 finished in 15536 ms","meta":{"rootId":"yl37l1n921odkye","id":"yl37l1n921odkye"},"id":"ohwtopibyswhv6g","previousOperationId":"jcvcdz1wftpmb1o"}
{"type":"operationEnd","subtype":"render","operationId":"3etpsq354o1je5t","timestamp":1765111298041,"id":"5csad1h68j51lv1","previousEventId":"284w49ator5cuab","previousOperationId":"jcvcdz1wftpmb1o"}
{"type":"operationEnd","doDiffs":false,"previousEventId":"qyfwpv87jkc5wa5","previousOperationId":"qdk67o1cuyu5n6c","operationId":"qdk67o1cuyu5n6c","timestamp":1765111298045,"id":"w39ep37l4h7vh2g"}
