{"type":"operationStart","subtype":"profile","data":{"_id":"n6A8xDSSUIrxkNXq","timestamp":"2025-12-05T18:37:25.525Z","state":"running","mode":"standard","creationDate":"2025-12-05T18:37:25.528Z","modificationDate":"2025-12-05T18:37:25.528Z","shortid":"UjqsUCp","$entitySet":"profiles","timeout":60000},"doDiffs":false,"timestamp":1764959845527,"id":"ntqnkbbf90ebjql","previousOperationId":null,"operationId":"tnwhstsjo2q9kdn"}
{"type":"log","level":"info","message":"Render request 17 queued for execution and waiting for available worker","previousOperationId":"tnwhstsjo2q9kdn","timestamp":1764959845527,"id":"sx1xgte4x8hvze2"}
{"type":"operationStart","subtype":"render","name":"anonymous","previousOperationId":"tnwhstsjo2q9kdn","timestamp":1764959845540,"id":"536h619ndrqhova","previousEventId":"ntqnkbbf90ebjql","operationId":"miuizn4giv3gz2h"}
{"type":"log","timestamp":1764959845540,"level":"info","message":"Starting rendering request 17","meta":{"rootId":"yna1sgh42juplve","id":"yna1sgh42juplve"},"id":"95ojw6yk6zlx5xo","previousOperationId":"miuizn4giv3gz2h"}
{"type":"log","timestamp":1764959845540,"level":"info","message":"Rendering anonymous template { recipe: pptx, engine: handlebars }","meta":{"rootId":"yna1sgh42juplve","id":"yna1sgh42juplve"},"id":"5hyo6twbomg1gwd","previousOperationId":"miuizn4giv3gz2h"}
{"type":"log","timestamp":1764959845540,"level":"debug","message":"Inline data specified.","meta":{"rootId":"yna1sgh42juplve","id":"yna1sgh42juplve"},"id":"bht7412lqnitkso","previousOperationId":"miuizn4giv3gz2h"}
{"type":"log","timestamp":1764959845541,"level":"debug","message":"Base url not specified, skipping its injection.","meta":{"rootId":"yna1sgh42juplve","id":"yna1sgh42juplve"},"id":"1huzdsnfetr3wpo","previousOperationId":"miuizn4giv3gz2h"}
{"type":"operationStart","subtype":"engine","name":"handlebars","timestamp":1764959845542,"id":"fwksgeifpf9tvcn","previousEventId":"536h619ndrqhova","operationId":"jp5l4zohxt4l3fz","previousOperationId":"miuizn4giv3gz2h"}
{"type":"log","timestamp":1764959845542,"level":"debug","message":"Rendering engine handlebars","meta":{"rootId":"yna1sgh42juplve","id":"yna1sgh42juplve"},"id":"a2ifdr8gwc9cr4m","previousOperationId":"jp5l4zohxt4l3fz"}
{"type":"operationEnd","operationId":"jp5l4zohxt4l3fz","timestamp":1764959845572,"id":"5xx61i795u3els7","previousEventId":"fwksgeifpf9tvcn","previousOperationId":"jp5l4zohxt4l3fz"}
{"type":"operationStart","subtype":"recipe","name":"pptx","timestamp":1764959845572,"id":"3osk2m3e5jm5e2o","previousEventId":"5xx61i795u3els7","operationId":"ffuhgpjn8jwvxdd","previousOperationId":"jp5l4zohxt4l3fz"}
{"type":"log","timestamp":1764959845572,"level":"debug","message":"Executing recipe pptx","meta":{"rootId":"yna1sgh42juplve","id":"yna1sgh42juplve"},"id":"vk137d10zkq25rd","previousOperationId":"ffuhgpjn8jwvxdd"}
{"type":"log","timestamp":1764959845572,"level":"info","message":"pptx generation is starting","meta":{"rootId":"yna1sgh42juplve","id":"yna1sgh42juplve"},"id":"h1v4nhz3w2mkac6","previousOperationId":"ffuhgpjn8jwvxdd"}
{"type":"log","timestamp":1764959845642,"level":"debug","message":"Starting child request to render pptx dynamic parts","meta":{"rootId":"yna1sgh42juplve","id":"yna1sgh42juplve"},"id":"87ood5wntuvq4hk","previousOperationId":"ffuhgpjn8jwvxdd"}
{"type":"operationStart","subtype":"render","name":"anonymous","previousOperationId":"ffuhgpjn8jwvxdd","timestamp":1764959845642,"id":"l0z3hagaa1lcf4l","previousEventId":"3osk2m3e5jm5e2o","operationId":"o2zx7ya10j0a3d4"}
{"type":"log","timestamp":1764959845642,"level":"info","message":"Starting rendering (child) request","meta":{"rootId":"yna1sgh42juplve","id":"4is89w3ipu7d5ny"},"id":"ybz04jofb169x9i","previousOperationId":"o2zx7ya10j0a3d4"}
{"type":"log","timestamp":1764959845642,"level":"info","message":"Rendering anonymous template { recipe: html, engine: handlebars }","meta":{"rootId":"yna1sgh42juplve","id":"4is89w3ipu7d5ny"},"id":"cw9k9qh9m64aq11","previousOperationId":"o2zx7ya10j0a3d4"}
{"type":"log","timestamp":1764959845642,"level":"debug","message":"Inline data specified.","meta":{"rootId":"yna1sgh42juplve","id":"4is89w3ipu7d5ny"},"id":"dju6vpap4bdavt7","previousOperationId":"o2zx7ya10j0a3d4"}
{"type":"log","timestamp":1764959845645,"level":"debug","message":"Base url not specified, skipping its injection.","meta":{"rootId":"yna1sgh42juplve","id":"4is89w3ipu7d5ny"},"id":"g83k3u8bhi9hdkx","previousOperationId":"o2zx7ya10j0a3d4"}
{"type":"operationStart","subtype":"engine","name":"handlebars","timestamp":1764959845646,"id":"daec1k81pxrqunh","previousEventId":"l0z3hagaa1lcf4l","operationId":"guelpjftcnoiwpp","previousOperationId":"o2zx7ya10j0a3d4"}
{"type":"log","timestamp":1764959845646,"level":"debug","message":"Rendering engine handlebars","meta":{"rootId":"yna1sgh42juplve","id":"4is89w3ipu7d5ny"},"id":"2uegct0njh3z8dz","previousOperationId":"guelpjftcnoiwpp"}
{"type":"operationEnd","operationId":"guelpjftcnoiwpp","timestamp":1764959845667,"id":"mfz3asabfsu8lsj","previousEventId":"daec1k81pxrqunh","previousOperationId":"guelpjftcnoiwpp"}
{"type":"operationStart","subtype":"recipe","name":"html","timestamp":1764959845669,"id":"78rg2u1oszjh33q","previousEventId":"mfz3asabfsu8lsj","operationId":"n9iuc0crmzhd3m4","previousOperationId":"guelpjftcnoiwpp"}
{"type":"log","timestamp":1764959845669,"level":"debug","message":"Executing recipe html","meta":{"rootId":"yna1sgh42juplve","id":"4is89w3ipu7d5ny"},"id":"0ie4n8r1r7id5ql","previousOperationId":"n9iuc0crmzhd3m4"}
{"type":"operationEnd","operationId":"n9iuc0crmzhd3m4","timestamp":1764959845669,"id":"dbl6jezdzakilii","previousEventId":"78rg2u1oszjh33q","previousOperationId":"n9iuc0crmzhd3m4"}
{"type":"log","timestamp":1764959845669,"level":"debug","message":"Skipping storing report.","meta":{"rootId":"yna1sgh42juplve","id":"4is89w3ipu7d5ny"},"id":"tsyvqnvzazdsq7f","previousOperationId":"n9iuc0crmzhd3m4"}
{"type":"log","timestamp":1764959845669,"level":"info","message":"Rendering (child) request finished in 144 ms","meta":{"rootId":"yna1sgh42juplve","id":"4is89w3ipu7d5ny"},"id":"mnkstaquk2uw8xv","previousOperationId":"n9iuc0crmzhd3m4"}
{"type":"operationEnd","subtype":"render","operationId":"o2zx7ya10j0a3d4","timestamp":1764959845669,"id":"lrabktcf9tp7jsp","previousEventId":"dbl6jezdzakilii","previousOperationId":"n9iuc0crmzhd3m4"}
{"type":"log","timestamp":1764959845740,"level":"debug","message":"pptx successfully zipped","meta":{"rootId":"yna1sgh42juplve","id":"yna1sgh42juplve"},"id":"eqju7posdhgqojs","previousOperationId":"ffuhgpjn8jwvxdd"}
{"type":"log","timestamp":1764959845740,"level":"info","message":"pptx generation was finished","meta":{"rootId":"yna1sgh42juplve","id":"yna1sgh42juplve"},"id":"n0hclildbu2w0p3","previousOperationId":"ffuhgpjn8jwvxdd"}
{"type":"operationEnd","operationId":"ffuhgpjn8jwvxdd","timestamp":1764959845742,"id":"gses23fki6p8gog","previousEventId":"3osk2m3e5jm5e2o","previousOperationId":"ffuhgpjn8jwvxdd"}
{"type":"log","timestamp":1764959845742,"level":"debug","message":"Skipping storing report.","meta":{"rootId":"yna1sgh42juplve","id":"yna1sgh42juplve"},"id":"zkqu1kjl6nq3rar","previousOperationId":"ffuhgpjn8jwvxdd"}
{"type":"log","timestamp":1764959845742,"level":"info","message":"Rendering request 17 finished in 217 ms","meta":{"rootId":"yna1sgh42juplve","id":"yna1sgh42juplve"},"id":"svwgs9qhjt15ggo","previousOperationId":"ffuhgpjn8jwvxdd"}
{"type":"operationEnd","subtype":"render","operationId":"miuizn4giv3gz2h","timestamp":1764959845742,"id":"81kpzsfjh6xq8kv","previousEventId":"gses23fki6p8gog","previousOperationId":"ffuhgpjn8jwvxdd"}
{"type":"operationEnd","doDiffs":false,"previousEventId":"ntqnkbbf90ebjql","previousOperationId":"tnwhstsjo2q9kdn","operationId":"tnwhstsjo2q9kdn","timestamp":1764959845745,"id":"epesozgjhbgc9r1"}
