{"type":"operationStart","subtype":"profile","data":{"_id":"OX75nilYom5JNR69","timestamp":"2025-12-06T14:42:53.455Z","state":"running","mode":"standard","creationDate":"2025-12-06T14:42:53.458Z","modificationDate":"2025-12-06T14:42:53.458Z","shortid":"6jb6hED","$entitySet":"profiles","timeout":60000},"doDiffs":false,"timestamp":1765032173457,"id":"bt1p40wsh257qv1","previousOperationId":null,"operationId":"j2537mohsfy82r4"}
{"type":"log","level":"info","message":"Render request 6 queued for execution and waiting for available worker","previousOperationId":"j2537mohsfy82r4","timestamp":1765032173457,"id":"srupihqm3shbcdq"}
{"type":"operationStart","subtype":"render","name":"anonymous","previousOperationId":"j2537mohsfy82r4","timestamp":1765032173470,"id":"btfiy9x66tor82f","previousEventId":"bt1p40wsh257qv1","operationId":"290p47d46uz5u9x"}
{"type":"log","timestamp":1765032173470,"level":"info","message":"Starting rendering request 6","meta":{"rootId":"youxrv3wn6rwyfe","id":"youxrv3wn6rwyfe"},"id":"pe5rz6zzxipt3ux","previousOperationId":"290p47d46uz5u9x"}
{"type":"log","timestamp":1765032173470,"level":"info","message":"Rendering anonymous template { recipe: pptx, engine: handlebars }","meta":{"rootId":"youxrv3wn6rwyfe","id":"youxrv3wn6rwyfe"},"id":"uf1jncgedw054lf","previousOperationId":"290p47d46uz5u9x"}
{"type":"log","timestamp":1765032173470,"level":"debug","message":"Inline data specified.","meta":{"rootId":"youxrv3wn6rwyfe","id":"youxrv3wn6rwyfe"},"id":"lskarr7v3l25nv6","previousOperationId":"290p47d46uz5u9x"}
{"type":"log","timestamp":1765032173471,"level":"debug","message":"Base url not specified, skipping its injection.","meta":{"rootId":"youxrv3wn6rwyfe","id":"youxrv3wn6rwyfe"},"id":"mfup7vw8dskpy13","previousOperationId":"290p47d46uz5u9x"}
{"type":"operationStart","subtype":"engine","name":"handlebars","timestamp":1765032173472,"id":"tabcb3ejrx01i4e","previousEventId":"btfiy9x66tor82f","operationId":"7qpb7ew133c8s2q","previousOperationId":"290p47d46uz5u9x"}
{"type":"log","timestamp":1765032173472,"level":"debug","message":"Rendering engine handlebars","meta":{"rootId":"youxrv3wn6rwyfe","id":"youxrv3wn6rwyfe"},"id":"bpl00bbly06wes0","previousOperationId":"7qpb7ew133c8s2q"}
{"type":"operationEnd","operationId":"7qpb7ew133c8s2q","timestamp":1765032173484,"id":"v8hzygomav5nj4g","previousEventId":"tabcb3ejrx01i4e","previousOperationId":"7qpb7ew133c8s2q"}
{"type":"operationStart","subtype":"recipe","name":"pptx","timestamp":1765032173484,"id":"6hq2ejr5c2jdglu","previousEventId":"v8hzygomav5nj4g","operationId":"p3lsn3pstm6ptag","previousOperationId":"7qpb7ew133c8s2q"}
{"type":"log","timestamp":1765032173484,"level":"debug","message":"Executing recipe pptx","meta":{"rootId":"youxrv3wn6rwyfe","id":"youxrv3wn6rwyfe"},"id":"gbqttvtm9ehhep9","previousOperationId":"p3lsn3pstm6ptag"}
{"type":"log","timestamp":1765032173484,"level":"info","message":"pptx generation is starting","meta":{"rootId":"youxrv3wn6rwyfe","id":"youxrv3wn6rwyfe"},"id":"mpiztlwfjdl64ns","previousOperationId":"p3lsn3pstm6ptag"}
{"type":"log","timestamp":1765032173583,"level":"debug","message":"Starting child request to render pptx dynamic parts","meta":{"rootId":"youxrv3wn6rwyfe","id":"youxrv3wn6rwyfe"},"id":"ly0n7ld5nabi0dg","previousOperationId":"p3lsn3pstm6ptag"}
{"type":"operationStart","subtype":"render","name":"anonymous","previousOperationId":"p3lsn3pstm6ptag","timestamp":1765032173583,"id":"775di7dboj7knyw","previousEventId":"6hq2ejr5c2jdglu","operationId":"9xci4ngjdvi2sq4"}
{"type":"log","timestamp":1765032173583,"level":"info","message":"Starting rendering (child) request","meta":{"rootId":"youxrv3wn6rwyfe","id":"0s7hj4wh4a4ixm2"},"id":"li7ekwu2glcum27","previousOperationId":"9xci4ngjdvi2sq4"}
{"type":"log","timestamp":1765032173584,"level":"info","message":"Rendering anonymous template { recipe: html, engine: handlebars }","meta":{"rootId":"youxrv3wn6rwyfe","id":"0s7hj4wh4a4ixm2"},"id":"3nukqk2fl34wdqs","previousOperationId":"9xci4ngjdvi2sq4"}
{"type":"log","timestamp":1765032173584,"level":"debug","message":"Inline data specified.","meta":{"rootId":"youxrv3wn6rwyfe","id":"0s7hj4wh4a4ixm2"},"id":"pwhb74um7bq94hv","previousOperationId":"9xci4ngjdvi2sq4"}
{"type":"log","timestamp":1765032173590,"level":"debug","message":"Base url not specified, skipping its injection.","meta":{"rootId":"youxrv3wn6rwyfe","id":"0s7hj4wh4a4ixm2"},"id":"1vnbrop9buaeowy","previousOperationId":"9xci4ngjdvi2sq4"}
{"type":"operationStart","subtype":"engine","name":"handlebars","timestamp":1765032173591,"id":"c4egk3zy2h3isv6","previousEventId":"775di7dboj7knyw","operationId":"d2s2u6g89qs5skt","previousOperationId":"9xci4ngjdvi2sq4"}
{"type":"log","timestamp":1765032173591,"level":"debug","message":"Rendering engine handlebars","meta":{"rootId":"youxrv3wn6rwyfe","id":"0s7hj4wh4a4ixm2"},"id":"j1z4pyec8pd6yzk","previousOperationId":"d2s2u6g89qs5skt"}
{"type":"operationEnd","operationId":"d2s2u6g89qs5skt","timestamp":1765032173616,"id":"ixkoakv684fm0vc","previousEventId":"c4egk3zy2h3isv6","previousOperationId":"d2s2u6g89qs5skt"}
{"type":"operationStart","subtype":"recipe","name":"html","timestamp":1765032173618,"id":"uw5tql31aii7kxp","previousEventId":"ixkoakv684fm0vc","operationId":"oikpryqo7y8evlj","previousOperationId":"d2s2u6g89qs5skt"}
{"type":"log","timestamp":1765032173618,"level":"debug","message":"Executing recipe html","meta":{"rootId":"youxrv3wn6rwyfe","id":"0s7hj4wh4a4ixm2"},"id":"tu7ef21dnggysno","previousOperationId":"oikpryqo7y8evlj"}
{"type":"operationEnd","operationId":"oikpryqo7y8evlj","timestamp":1765032173618,"id":"k5dzvzdp9moukl9","previousEventId":"uw5tql31aii7kxp","previousOperationId":"oikpryqo7y8evlj"}
{"type":"log","timestamp":1765032173618,"level":"debug","message":"Skipping storing report.","meta":{"rootId":"youxrv3wn6rwyfe","id":"0s7hj4wh4a4ixm2"},"id":"sowofqxfgladhe4","previousOperationId":"oikpryqo7y8evlj"}
{"type":"log","timestamp":1765032173618,"level":"info","message":"Rendering (child) request finished in 163 ms","meta":{"rootId":"youxrv3wn6rwyfe","id":"0s7hj4wh4a4ixm2"},"id":"r6u5x7it7b9ww33","previousOperationId":"oikpryqo7y8evlj"}
{"type":"operationEnd","subtype":"render","operationId":"9xci4ngjdvi2sq4","timestamp":1765032173618,"id":"pfqvh1jj1e1e9f8","previousEventId":"k5dzvzdp9moukl9","previousOperationId":"oikpryqo7y8evlj"}
{"type":"log","timestamp":1765032174290,"level":"debug","message":"pptx successfully zipped","meta":{"rootId":"youxrv3wn6rwyfe","id":"youxrv3wn6rwyfe"},"id":"yces5ubxbue307d","previousOperationId":"p3lsn3pstm6ptag"}
{"type":"log","timestamp":1765032174290,"level":"info","message":"pptx generation was finished","meta":{"rootId":"youxrv3wn6rwyfe","id":"youxrv3wn6rwyfe"},"id":"d56bkxyml3g7jy8","previousOperationId":"p3lsn3pstm6ptag"}
{"type":"operationEnd","operationId":"p3lsn3pstm6ptag","timestamp":1765032174293,"id":"wi66x6fmc4pfw0o","previousEventId":"6hq2ejr5c2jdglu","previousOperationId":"p3lsn3pstm6ptag"}
{"type":"log","timestamp":1765032174294,"level":"debug","message":"Skipping storing report.","meta":{"rootId":"youxrv3wn6rwyfe","id":"youxrv3wn6rwyfe"},"id":"7w5ao0aiktpebbn","previousOperationId":"p3lsn3pstm6ptag"}
{"type":"log","timestamp":1765032174294,"level":"info","message":"Rendering request 6 finished in 839 ms","meta":{"rootId":"youxrv3wn6rwyfe","id":"youxrv3wn6rwyfe"},"id":"hvzxl40uz8o05ur","previousOperationId":"p3lsn3pstm6ptag"}
{"type":"operationEnd","subtype":"render","operationId":"290p47d46uz5u9x","timestamp":1765032174294,"id":"zzoqbmxppaj9il5","previousEventId":"wi66x6fmc4pfw0o","previousOperationId":"p3lsn3pstm6ptag"}
{"type":"operationEnd","doDiffs":false,"previousEventId":"bt1p40wsh257qv1","previousOperationId":"j2537mohsfy82r4","operationId":"j2537mohsfy82r4","timestamp":1765032174298,"id":"wonhmg420u8vn5o"}
