{"type":"operationStart","subtype":"profile","data":{"_id":"BHHeDOT5aVqlqDXD","timestamp":"2025-12-06T17:31:06.526Z","state":"running","mode":"standard","creationDate":"2025-12-06T17:31:06.527Z","modificationDate":"2025-12-06T17:31:06.527Z","shortid":"yKxoG_r","$entitySet":"profiles","timeout":60000},"doDiffs":false,"timestamp":1765042266527,"id":"w2pp1b3f5jx748m","previousOperationId":null,"operationId":"d2sp8c87xwkgmjy"}
{"type":"log","level":"info","message":"Render request 38 queued for execution and waiting for available worker","previousOperationId":"d2sp8c87xwkgmjy","timestamp":1765042266527,"id":"6i5zo9s6l5u01q3"}
{"type":"operationStart","subtype":"render","name":"anonymous","previousOperationId":"d2sp8c87xwkgmjy","timestamp":1765042266538,"id":"h8ssugvfgb0f1ac","previousEventId":"w2pp1b3f5jx748m","operationId":"u2zw4knwowsjoiy"}
{"type":"log","timestamp":1765042266538,"level":"info","message":"Starting rendering request 38","meta":{"rootId":"yv8dqfw3s3wcvvi","id":"yv8dqfw3s3wcvvi"},"id":"dw95vni2bpmo3t4","previousOperationId":"u2zw4knwowsjoiy"}
{"type":"log","timestamp":1765042266539,"level":"info","message":"Rendering anonymous template { recipe: pptx, engine: handlebars }","meta":{"rootId":"yv8dqfw3s3wcvvi","id":"yv8dqfw3s3wcvvi"},"id":"sqbx4i8dcype1ol","previousOperationId":"u2zw4knwowsjoiy"}
{"type":"log","timestamp":1765042266539,"level":"debug","message":"Inline data specified.","meta":{"rootId":"yv8dqfw3s3wcvvi","id":"yv8dqfw3s3wcvvi"},"id":"h94hac17tuansyb","previousOperationId":"u2zw4knwowsjoiy"}
{"type":"log","timestamp":1765042266541,"level":"debug","message":"Base url not specified, skipping its injection.","meta":{"rootId":"yv8dqfw3s3wcvvi","id":"yv8dqfw3s3wcvvi"},"id":"wtft786swy40xtl","previousOperationId":"u2zw4knwowsjoiy"}
{"type":"operationStart","subtype":"engine","name":"handlebars","timestamp":1765042266541,"id":"fi4p0fza4w4oq7n","previousEventId":"h8ssugvfgb0f1ac","operationId":"rzhw9dvca8u2tnf","previousOperationId":"u2zw4knwowsjoiy"}
{"type":"log","timestamp":1765042266541,"level":"debug","message":"Rendering engine handlebars","meta":{"rootId":"yv8dqfw3s3wcvvi","id":"yv8dqfw3s3wcvvi"},"id":"g2boy0kruqzhlul","previousOperationId":"rzhw9dvca8u2tnf"}
{"type":"operationEnd","operationId":"rzhw9dvca8u2tnf","timestamp":1765042266553,"id":"qdkog6x53br3tiz","previousEventId":"fi4p0fza4w4oq7n","previousOperationId":"rzhw9dvca8u2tnf"}
{"type":"operationStart","subtype":"recipe","name":"pptx","timestamp":1765042266553,"id":"343k96zf0ign8k0","previousEventId":"qdkog6x53br3tiz","operationId":"hhnbkempkokxsi4","previousOperationId":"rzhw9dvca8u2tnf"}
{"type":"log","timestamp":1765042266553,"level":"debug","message":"Executing recipe pptx","meta":{"rootId":"yv8dqfw3s3wcvvi","id":"yv8dqfw3s3wcvvi"},"id":"5wi38cvdbbsj4wg","previousOperationId":"hhnbkempkokxsi4"}
{"type":"log","timestamp":1765042266553,"level":"info","message":"pptx generation is starting","meta":{"rootId":"yv8dqfw3s3wcvvi","id":"yv8dqfw3s3wcvvi"},"id":"4blpmsjzuira41b","previousOperationId":"hhnbkempkokxsi4"}
{"type":"log","timestamp":1765042266624,"level":"debug","message":"Starting child request to render pptx dynamic parts","meta":{"rootId":"yv8dqfw3s3wcvvi","id":"yv8dqfw3s3wcvvi"},"id":"2casj4hd7ukxn6i","previousOperationId":"hhnbkempkokxsi4"}
{"type":"operationStart","subtype":"render","name":"anonymous","previousOperationId":"hhnbkempkokxsi4","timestamp":1765042266624,"id":"tm95r6nxmxg7jcn","previousEventId":"343k96zf0ign8k0","operationId":"ayov2hz1mk49afd"}
{"type":"log","timestamp":1765042266624,"level":"info","message":"Starting rendering (child) request","meta":{"rootId":"yv8dqfw3s3wcvvi","id":"xjj102m1f20hht5"},"id":"vktnavkyledrcp5","previousOperationId":"ayov2hz1mk49afd"}
{"type":"log","timestamp":1765042266624,"level":"info","message":"Rendering anonymous template { recipe: html, engine: handlebars }","meta":{"rootId":"yv8dqfw3s3wcvvi","id":"xjj102m1f20hht5"},"id":"zkiy61c06jw43x1","previousOperationId":"ayov2hz1mk49afd"}
{"type":"log","timestamp":1765042266624,"level":"debug","message":"Inline data specified.","meta":{"rootId":"yv8dqfw3s3wcvvi","id":"xjj102m1f20hht5"},"id":"ts62h7clzmwrgyb","previousOperationId":"ayov2hz1mk49afd"}
{"type":"log","timestamp":1765042266629,"level":"debug","message":"Base url not specified, skipping its injection.","meta":{"rootId":"yv8dqfw3s3wcvvi","id":"xjj102m1f20hht5"},"id":"gbwc40a1zjtemoj","previousOperationId":"ayov2hz1mk49afd"}
{"type":"operationStart","subtype":"engine","name":"handlebars","timestamp":1765042266630,"id":"7cs06be0ozkskfw","previousEventId":"tm95r6nxmxg7jcn","operationId":"1bm0ef1350fhmfd","previousOperationId":"ayov2hz1mk49afd"}
{"type":"log","timestamp":1765042266631,"level":"debug","message":"Rendering engine handlebars","meta":{"rootId":"yv8dqfw3s3wcvvi","id":"xjj102m1f20hht5"},"id":"ainskdkb166pmx7","previousOperationId":"1bm0ef1350fhmfd"}
{"type":"operationEnd","operationId":"1bm0ef1350fhmfd","timestamp":1765042266649,"id":"341gtlfkkzcsduy","previousEventId":"7cs06be0ozkskfw","previousOperationId":"1bm0ef1350fhmfd"}
{"type":"operationStart","subtype":"recipe","name":"html","timestamp":1765042266650,"id":"kz6vis31algjyeu","previousEventId":"341gtlfkkzcsduy","operationId":"bzmiiuecn3c5v50","previousOperationId":"1bm0ef1350fhmfd"}
{"type":"log","timestamp":1765042266650,"level":"debug","message":"Executing recipe html","meta":{"rootId":"yv8dqfw3s3wcvvi","id":"xjj102m1f20hht5"},"id":"pj4fsupi22qczg7","previousOperationId":"bzmiiuecn3c5v50"}
{"type":"operationEnd","operationId":"bzmiiuecn3c5v50","timestamp":1765042266650,"id":"l28ifss34qyh6kg","previousEventId":"kz6vis31algjyeu","previousOperationId":"bzmiiuecn3c5v50"}
{"type":"log","timestamp":1765042266650,"level":"debug","message":"Skipping storing report.","meta":{"rootId":"yv8dqfw3s3wcvvi","id":"xjj102m1f20hht5"},"id":"tqi9lqeytmt3eyr","previousOperationId":"bzmiiuecn3c5v50"}
{"type":"log","timestamp":1765042266650,"level":"info","message":"Rendering (child) request finished in 125 ms","meta":{"rootId":"yv8dqfw3s3wcvvi","id":"xjj102m1f20hht5"},"id":"1182b4w1u5hrr65","previousOperationId":"bzmiiuecn3c5v50"}
{"type":"operationEnd","subtype":"render","operationId":"ayov2hz1mk49afd","timestamp":1765042266650,"id":"rfm0bbolo9jcoqt","previousEventId":"l28ifss34qyh6kg","previousOperationId":"bzmiiuecn3c5v50"}
{"type":"log","timestamp":1765042266737,"level":"debug","message":"pptx successfully zipped","meta":{"rootId":"yv8dqfw3s3wcvvi","id":"yv8dqfw3s3wcvvi"},"id":"v4uomcnj2565ldk","previousOperationId":"hhnbkempkokxsi4"}
{"type":"log","timestamp":1765042266737,"level":"info","message":"pptx generation was finished","meta":{"rootId":"yv8dqfw3s3wcvvi","id":"yv8dqfw3s3wcvvi"},"id":"4d4m25qdklmkvwb","previousOperationId":"hhnbkempkokxsi4"}
{"type":"operationEnd","operationId":"hhnbkempkokxsi4","timestamp":1765042266747,"id":"6nyp6dt686npkkn","previousEventId":"343k96zf0ign8k0","previousOperationId":"hhnbkempkokxsi4"}
{"type":"log","timestamp":1765042266747,"level":"debug","message":"Skipping storing report.","meta":{"rootId":"yv8dqfw3s3wcvvi","id":"yv8dqfw3s3wcvvi"},"id":"f589bpzj3gfppku","previousOperationId":"hhnbkempkokxsi4"}
{"type":"log","timestamp":1765042266747,"level":"info","message":"Rendering request 38 finished in 222 ms","meta":{"rootId":"yv8dqfw3s3wcvvi","id":"yv8dqfw3s3wcvvi"},"id":"12oymcew98dd1jo","previousOperationId":"hhnbkempkokxsi4"}
{"type":"operationEnd","subtype":"render","operationId":"u2zw4knwowsjoiy","timestamp":1765042266747,"id":"p0hjo9kqoh3845h","previousEventId":"6nyp6dt686npkkn","previousOperationId":"hhnbkempkokxsi4"}
{"type":"operationEnd","doDiffs":false,"previousEventId":"w2pp1b3f5jx748m","previousOperationId":"d2sp8c87xwkgmjy","operationId":"d2sp8c87xwkgmjy","timestamp":1765042266753,"id":"gnd15x7359khpos"}
