{"type":"operationStart","subtype":"profile","data":{"_id":"WikkQoETrgR0StBy","timestamp":"2025-12-06T16:58:59.022Z","state":"running","mode":"standard","creationDate":"2025-12-06T16:58:59.026Z","modificationDate":"2025-12-06T16:58:59.026Z","shortid":"VZdoumT","$entitySet":"profiles","timeout":60000},"doDiffs":false,"timestamp":1765040339025,"id":"4xq0qn44f5o2p6z","previousOperationId":null,"operationId":"w4d8fh6c4wlao5i"}
{"type":"log","level":"info","message":"Render request 35 queued for execution and waiting for available worker","previousOperationId":"w4d8fh6c4wlao5i","timestamp":1765040339025,"id":"k0k1s1tyrhlle87"}
{"type":"operationStart","subtype":"render","name":"anonymous","previousOperationId":"w4d8fh6c4wlao5i","timestamp":1765040339045,"id":"u091fon7orh6qah","previousEventId":"4xq0qn44f5o2p6z","operationId":"4ks9lx7xkvuncma"}
{"type":"log","timestamp":1765040339046,"level":"info","message":"Starting rendering request 35","meta":{"rootId":"yw7g6dd0f1ad640","id":"yw7g6dd0f1ad640"},"id":"wyzi5ebsbezx4gz","previousOperationId":"4ks9lx7xkvuncma"}
{"type":"log","timestamp":1765040339047,"level":"info","message":"Rendering anonymous template { recipe: pptx, engine: handlebars }","meta":{"rootId":"yw7g6dd0f1ad640","id":"yw7g6dd0f1ad640"},"id":"fq1dtdr77ulqdip","previousOperationId":"4ks9lx7xkvuncma"}
{"type":"log","timestamp":1765040339047,"level":"debug","message":"Inline data specified.","meta":{"rootId":"yw7g6dd0f1ad640","id":"yw7g6dd0f1ad640"},"id":"31bbgqfkuuy33xa","previousOperationId":"4ks9lx7xkvuncma"}
{"type":"log","timestamp":1765040339050,"level":"debug","message":"Base url not specified, skipping its injection.","meta":{"rootId":"yw7g6dd0f1ad640","id":"yw7g6dd0f1ad640"},"id":"n6cgew48dykpzk3","previousOperationId":"4ks9lx7xkvuncma"}
{"type":"operationStart","subtype":"engine","name":"handlebars","timestamp":1765040339052,"id":"hp2ed0bbd7w1zz7","previousEventId":"u091fon7orh6qah","operationId":"aqx5f0mzc2eza1d","previousOperationId":"4ks9lx7xkvuncma"}
{"type":"log","timestamp":1765040339052,"level":"debug","message":"Rendering engine handlebars","meta":{"rootId":"yw7g6dd0f1ad640","id":"yw7g6dd0f1ad640"},"id":"9fr6nj8wbzstrhs","previousOperationId":"aqx5f0mzc2eza1d"}
{"type":"operationEnd","operationId":"aqx5f0mzc2eza1d","timestamp":1765040339071,"id":"vqce4cr66i3krrf","previousEventId":"hp2ed0bbd7w1zz7","previousOperationId":"aqx5f0mzc2eza1d"}
{"type":"operationStart","subtype":"recipe","name":"pptx","timestamp":1765040339071,"id":"5cww5ev2mii5fbn","previousEventId":"vqce4cr66i3krrf","operationId":"0akh1jukwjlglqx","previousOperationId":"aqx5f0mzc2eza1d"}
{"type":"log","timestamp":1765040339071,"level":"debug","message":"Executing recipe pptx","meta":{"rootId":"yw7g6dd0f1ad640","id":"yw7g6dd0f1ad640"},"id":"mokiexp54raaj7n","previousOperationId":"0akh1jukwjlglqx"}
{"type":"log","timestamp":1765040339072,"level":"info","message":"pptx generation is starting","meta":{"rootId":"yw7g6dd0f1ad640","id":"yw7g6dd0f1ad640"},"id":"ml67tb2qa06hgja","previousOperationId":"0akh1jukwjlglqx"}
{"type":"log","timestamp":1765040339138,"level":"debug","message":"Starting child request to render pptx dynamic parts","meta":{"rootId":"yw7g6dd0f1ad640","id":"yw7g6dd0f1ad640"},"id":"nspoubjh4cf6hkb","previousOperationId":"0akh1jukwjlglqx"}
{"type":"operationStart","subtype":"render","name":"anonymous","previousOperationId":"0akh1jukwjlglqx","timestamp":1765040339139,"id":"tq5g5gfz7odniu0","previousEventId":"5cww5ev2mii5fbn","operationId":"own469sycc63wnf"}
{"type":"log","timestamp":1765040339139,"level":"info","message":"Starting rendering (child) request","meta":{"rootId":"yw7g6dd0f1ad640","id":"x7rk0efkgh1jnqk"},"id":"msddeu0fqu0rtny","previousOperationId":"own469sycc63wnf"}
{"type":"log","timestamp":1765040339139,"level":"info","message":"Rendering anonymous template { recipe: html, engine: handlebars }","meta":{"rootId":"yw7g6dd0f1ad640","id":"x7rk0efkgh1jnqk"},"id":"7bp4y3c4m73i2zr","previousOperationId":"own469sycc63wnf"}
{"type":"log","timestamp":1765040339139,"level":"debug","message":"Inline data specified.","meta":{"rootId":"yw7g6dd0f1ad640","id":"x7rk0efkgh1jnqk"},"id":"hbojs3vt5ledpbl","previousOperationId":"own469sycc63wnf"}
{"type":"log","timestamp":1765040339146,"level":"debug","message":"Base url not specified, skipping its injection.","meta":{"rootId":"yw7g6dd0f1ad640","id":"x7rk0efkgh1jnqk"},"id":"jhw157al74jzba8","previousOperationId":"own469sycc63wnf"}
{"type":"operationStart","subtype":"engine","name":"handlebars","timestamp":1765040339147,"id":"zyg2i3wupk12pao","previousEventId":"tq5g5gfz7odniu0","operationId":"kyoeqf6ea9koqcz","previousOperationId":"own469sycc63wnf"}
{"type":"log","timestamp":1765040339147,"level":"debug","message":"Rendering engine handlebars","meta":{"rootId":"yw7g6dd0f1ad640","id":"x7rk0efkgh1jnqk"},"id":"z1vsw4y8n9j4yhw","previousOperationId":"kyoeqf6ea9koqcz"}
{"type":"operationEnd","operationId":"kyoeqf6ea9koqcz","timestamp":1765040339165,"id":"d2bbwosbale17fv","previousEventId":"zyg2i3wupk12pao","previousOperationId":"kyoeqf6ea9koqcz"}
{"type":"operationStart","subtype":"recipe","name":"html","timestamp":1765040339166,"id":"nbuckwa3622fy9u","previousEventId":"d2bbwosbale17fv","operationId":"6y3r49031botliy","previousOperationId":"kyoeqf6ea9koqcz"}
{"type":"log","timestamp":1765040339166,"level":"debug","message":"Executing recipe html","meta":{"rootId":"yw7g6dd0f1ad640","id":"x7rk0efkgh1jnqk"},"id":"lxc12qaexeb0p4x","previousOperationId":"6y3r49031botliy"}
{"type":"operationEnd","operationId":"6y3r49031botliy","timestamp":1765040339166,"id":"uqo9yjqvwgklt8h","previousEventId":"nbuckwa3622fy9u","previousOperationId":"6y3r49031botliy"}
{"type":"log","timestamp":1765040339166,"level":"debug","message":"Skipping storing report.","meta":{"rootId":"yw7g6dd0f1ad640","id":"x7rk0efkgh1jnqk"},"id":"8vx91xojlscx8fh","previousOperationId":"6y3r49031botliy"}
{"type":"log","timestamp":1765040339166,"level":"info","message":"Rendering (child) request finished in 145 ms","meta":{"rootId":"yw7g6dd0f1ad640","id":"x7rk0efkgh1jnqk"},"id":"j57mjn9v4qg9nq3","previousOperationId":"6y3r49031botliy"}
{"type":"operationEnd","subtype":"render","operationId":"own469sycc63wnf","timestamp":1765040339166,"id":"q6y37igb6n08d81","previousEventId":"uqo9yjqvwgklt8h","previousOperationId":"6y3r49031botliy"}
{"type":"log","timestamp":1765040339209,"level":"debug","message":"pptx successfully zipped","meta":{"rootId":"yw7g6dd0f1ad640","id":"yw7g6dd0f1ad640"},"id":"apawg3prhrd3cqw","previousOperationId":"0akh1jukwjlglqx"}
{"type":"log","timestamp":1765040339209,"level":"info","message":"pptx generation was finished","meta":{"rootId":"yw7g6dd0f1ad640","id":"yw7g6dd0f1ad640"},"id":"5at66upd2n6hkum","previousOperationId":"0akh1jukwjlglqx"}
{"type":"operationEnd","operationId":"0akh1jukwjlglqx","timestamp":1765040339211,"id":"iz5pqseinzasfe6","previousEventId":"5cww5ev2mii5fbn","previousOperationId":"0akh1jukwjlglqx"}
{"type":"log","timestamp":1765040339211,"level":"debug","message":"Skipping storing report.","meta":{"rootId":"yw7g6dd0f1ad640","id":"yw7g6dd0f1ad640"},"id":"d58j9k1fkfkmre2","previousOperationId":"0akh1jukwjlglqx"}
{"type":"log","timestamp":1765040339211,"level":"info","message":"Rendering request 35 finished in 190 ms","meta":{"rootId":"yw7g6dd0f1ad640","id":"yw7g6dd0f1ad640"},"id":"5t1bzb92e0x7wx5","previousOperationId":"0akh1jukwjlglqx"}
{"type":"operationEnd","subtype":"render","operationId":"4ks9lx7xkvuncma","timestamp":1765040339211,"id":"iq1xc5tucof0kt3","previousEventId":"iz5pqseinzasfe6","previousOperationId":"0akh1jukwjlglqx"}
{"type":"operationEnd","doDiffs":false,"previousEventId":"4xq0qn44f5o2p6z","previousOperationId":"w4d8fh6c4wlao5i","operationId":"w4d8fh6c4wlao5i","timestamp":1765040339217,"id":"841vwu9m8uxxmyv"}
