{"type":"operationStart","subtype":"profile","data":{"_id":"gfv4ByI7nhrObmQj","timestamp":"2025-12-05T14:01:00.854Z","state":"running","mode":"standard","creationDate":"2025-12-05T14:01:00.857Z","modificationDate":"2025-12-05T14:01:00.857Z","shortid":"Vn1mB-k","$entitySet":"profiles","timeout":60000},"doDiffs":false,"timestamp":1764943260856,"id":"qqbkcv71kwwiqto","previousOperationId":null,"operationId":"fw1vvbr33qzc60n"}
{"type":"log","level":"info","message":"Render request 14 queued for execution and waiting for available worker","previousOperationId":"fw1vvbr33qzc60n","timestamp":1764943260856,"id":"18he3y5azgczo2x"}
{"type":"operationStart","subtype":"render","name":"anonymous","previousOperationId":"fw1vvbr33qzc60n","timestamp":1764943260864,"id":"yr37skp0cq2p2qu","previousEventId":"qqbkcv71kwwiqto","operationId":"bxr8plsog9kd4jd"}
{"type":"log","timestamp":1764943260864,"level":"info","message":"Starting rendering request 14","meta":{"rootId":"yxfdhfui5l213ce","id":"yxfdhfui5l213ce"},"id":"t8d8on3phoqer9v","previousOperationId":"bxr8plsog9kd4jd"}
{"type":"log","timestamp":1764943260864,"level":"info","message":"Rendering anonymous template { recipe: pptx, engine: handlebars }","meta":{"rootId":"yxfdhfui5l213ce","id":"yxfdhfui5l213ce"},"id":"om2bi9lyfo4t9i5","previousOperationId":"bxr8plsog9kd4jd"}
{"type":"log","timestamp":1764943260864,"level":"debug","message":"Inline data specified.","meta":{"rootId":"yxfdhfui5l213ce","id":"yxfdhfui5l213ce"},"id":"o7udqjqgxieqqth","previousOperationId":"bxr8plsog9kd4jd"}
{"type":"log","timestamp":1764943260866,"level":"debug","message":"Base url not specified, skipping its injection.","meta":{"rootId":"yxfdhfui5l213ce","id":"yxfdhfui5l213ce"},"id":"2ie43c9r01bwc3z","previousOperationId":"bxr8plsog9kd4jd"}
{"type":"operationStart","subtype":"engine","name":"handlebars","timestamp":1764943260867,"id":"3tecgqot30uuk6i","previousEventId":"yr37skp0cq2p2qu","operationId":"yl0xwfxixip1nec","previousOperationId":"bxr8plsog9kd4jd"}
{"type":"log","timestamp":1764943260867,"level":"debug","message":"Rendering engine handlebars","meta":{"rootId":"yxfdhfui5l213ce","id":"yxfdhfui5l213ce"},"id":"bfmzd43ylss84ot","previousOperationId":"yl0xwfxixip1nec"}
{"type":"operationEnd","operationId":"yl0xwfxixip1nec","timestamp":1764943260879,"id":"ucjlg63v7w5tt0f","previousEventId":"3tecgqot30uuk6i","previousOperationId":"yl0xwfxixip1nec"}
{"type":"operationStart","subtype":"recipe","name":"pptx","timestamp":1764943260880,"id":"1u8h4hwf0xaa9jw","previousEventId":"ucjlg63v7w5tt0f","operationId":"ikwy5uv8oh2ce51","previousOperationId":"yl0xwfxixip1nec"}
{"type":"log","timestamp":1764943260880,"level":"debug","message":"Executing recipe pptx","meta":{"rootId":"yxfdhfui5l213ce","id":"yxfdhfui5l213ce"},"id":"yf1lmhhyrhfymdn","previousOperationId":"ikwy5uv8oh2ce51"}
{"type":"log","timestamp":1764943260880,"level":"info","message":"pptx generation is starting","meta":{"rootId":"yxfdhfui5l213ce","id":"yxfdhfui5l213ce"},"id":"b5u63ber2nido9z","previousOperationId":"ikwy5uv8oh2ce51"}
{"type":"log","timestamp":1764943261030,"level":"debug","message":"Starting child request to render pptx dynamic parts","meta":{"rootId":"yxfdhfui5l213ce","id":"yxfdhfui5l213ce"},"id":"6dy60pkfqe6lzp4","previousOperationId":"ikwy5uv8oh2ce51"}
{"type":"operationStart","subtype":"render","name":"anonymous","previousOperationId":"ikwy5uv8oh2ce51","timestamp":1764943261031,"id":"zzvkxlmgrctc4z2","previousEventId":"1u8h4hwf0xaa9jw","operationId":"6517xy7rqbpjh0i"}
{"type":"log","timestamp":1764943261031,"level":"info","message":"Starting rendering (child) request","meta":{"rootId":"yxfdhfui5l213ce","id":"nis18fnp79zfv7x"},"id":"u56jc8xa5cnyf88","previousOperationId":"6517xy7rqbpjh0i"}
{"type":"log","timestamp":1764943261031,"level":"info","message":"Rendering anonymous template { recipe: html, engine: handlebars }","meta":{"rootId":"yxfdhfui5l213ce","id":"nis18fnp79zfv7x"},"id":"powxtqd8mwc9jgh","previousOperationId":"6517xy7rqbpjh0i"}
{"type":"log","timestamp":1764943261031,"level":"debug","message":"Inline data specified.","meta":{"rootId":"yxfdhfui5l213ce","id":"nis18fnp79zfv7x"},"id":"3nsturozhy9n6e7","previousOperationId":"6517xy7rqbpjh0i"}
{"type":"log","timestamp":1764943261040,"level":"debug","message":"Base url not specified, skipping its injection.","meta":{"rootId":"yxfdhfui5l213ce","id":"nis18fnp79zfv7x"},"id":"px4ljeqm2citx4m","previousOperationId":"6517xy7rqbpjh0i"}
{"type":"operationStart","subtype":"engine","name":"handlebars","timestamp":1764943261040,"id":"zeneux4p3ajyce3","previousEventId":"zzvkxlmgrctc4z2","operationId":"ch5hpsn1qs0yt8a","previousOperationId":"6517xy7rqbpjh0i"}
{"type":"log","timestamp":1764943261040,"level":"debug","message":"Rendering engine handlebars","meta":{"rootId":"yxfdhfui5l213ce","id":"nis18fnp79zfv7x"},"id":"sbf4zllad0ahujp","previousOperationId":"ch5hpsn1qs0yt8a"}
{"type":"operationEnd","operationId":"ch5hpsn1qs0yt8a","timestamp":1764943261074,"id":"7hyl4o3811a9mbr","previousEventId":"zeneux4p3ajyce3","previousOperationId":"ch5hpsn1qs0yt8a"}
{"type":"operationStart","subtype":"recipe","name":"html","timestamp":1764943261075,"id":"3qytiwv6jl79fg2","previousEventId":"7hyl4o3811a9mbr","operationId":"3thxmfx15gkbe3y","previousOperationId":"ch5hpsn1qs0yt8a"}
{"type":"log","timestamp":1764943261075,"level":"debug","message":"Executing recipe html","meta":{"rootId":"yxfdhfui5l213ce","id":"nis18fnp79zfv7x"},"id":"124vnzbrl0ueu5c","previousOperationId":"3thxmfx15gkbe3y"}
{"type":"operationEnd","operationId":"3thxmfx15gkbe3y","timestamp":1764943261075,"id":"pf70949iy4u9ytx","previousEventId":"3qytiwv6jl79fg2","previousOperationId":"3thxmfx15gkbe3y"}
{"type":"log","timestamp":1764943261075,"level":"debug","message":"Skipping storing report.","meta":{"rootId":"yxfdhfui5l213ce","id":"nis18fnp79zfv7x"},"id":"gytxmk1kjs4ghzw","previousOperationId":"3thxmfx15gkbe3y"}
{"type":"log","timestamp":1764943261075,"level":"info","message":"Rendering (child) request finished in 221 ms","meta":{"rootId":"yxfdhfui5l213ce","id":"nis18fnp79zfv7x"},"id":"inwqhjy3pqgyfed","previousOperationId":"3thxmfx15gkbe3y"}
{"type":"operationEnd","subtype":"render","operationId":"6517xy7rqbpjh0i","timestamp":1764943261075,"id":"9zygvp6urafudcv","previousEventId":"pf70949iy4u9ytx","previousOperationId":"3thxmfx15gkbe3y"}
{"type":"log","timestamp":1764943261210,"level":"debug","message":"pptx successfully zipped","meta":{"rootId":"yxfdhfui5l213ce","id":"yxfdhfui5l213ce"},"id":"ctd7kyriqqgz7s2","previousOperationId":"ikwy5uv8oh2ce51"}
{"type":"log","timestamp":1764943261210,"level":"info","message":"pptx generation was finished","meta":{"rootId":"yxfdhfui5l213ce","id":"yxfdhfui5l213ce"},"id":"h18b6dgn5f1ku1x","previousOperationId":"ikwy5uv8oh2ce51"}
{"type":"operationEnd","operationId":"ikwy5uv8oh2ce51","timestamp":1764943261214,"id":"v13qokik8bm78vn","previousEventId":"1u8h4hwf0xaa9jw","previousOperationId":"ikwy5uv8oh2ce51"}
{"type":"log","timestamp":1764943261214,"level":"debug","message":"Skipping storing report.","meta":{"rootId":"yxfdhfui5l213ce","id":"yxfdhfui5l213ce"},"id":"7u2oinia9b6gkha","previousOperationId":"ikwy5uv8oh2ce51"}
{"type":"log","timestamp":1764943261214,"level":"info","message":"Rendering request 14 finished in 360 ms","meta":{"rootId":"yxfdhfui5l213ce","id":"yxfdhfui5l213ce"},"id":"1w2llnut3l1lqcv","previousOperationId":"ikwy5uv8oh2ce51"}
{"type":"operationEnd","subtype":"render","operationId":"bxr8plsog9kd4jd","timestamp":1764943261214,"id":"c11qap7ordbaqk4","previousEventId":"v13qokik8bm78vn","previousOperationId":"ikwy5uv8oh2ce51"}
{"type":"operationEnd","doDiffs":false,"previousEventId":"qqbkcv71kwwiqto","previousOperationId":"fw1vvbr33qzc60n","operationId":"fw1vvbr33qzc60n","timestamp":1764943261218,"id":"lp3e50qdv89f8wt"}
