{"type":"operationStart","subtype":"profile","data":{"_id":"AtDxdUn3PdP7jkJH","timestamp":"2025-12-06T15:57:18.218Z","state":"running","mode":"standard","creationDate":"2025-12-06T15:57:18.220Z","modificationDate":"2025-12-06T15:57:18.220Z","shortid":"F4u2Zmm","$entitySet":"profiles","timeout":60000},"doDiffs":false,"timestamp":1765036638220,"id":"3a16hxu1zrf5uim","previousOperationId":null,"operationId":"g66tkwj64lvujhb"}
{"type":"log","level":"info","message":"Render request 31 queued for execution and waiting for available worker","previousOperationId":"g66tkwj64lvujhb","timestamp":1765036638220,"id":"2ml7ian7lh289to"}
{"type":"operationStart","subtype":"render","name":"anonymous","previousOperationId":"g66tkwj64lvujhb","timestamp":1765036638230,"id":"jwgxxg9smz0egql","previousEventId":"3a16hxu1zrf5uim","operationId":"d1hl74lhlxm3jnc"}
{"type":"log","timestamp":1765036638230,"level":"info","message":"Starting rendering request 31","meta":{"rootId":"zdoplmchvhr940p","id":"zdoplmchvhr940p"},"id":"uk3rrgc3iaswaqs","previousOperationId":"d1hl74lhlxm3jnc"}
{"type":"log","timestamp":1765036638230,"level":"info","message":"Rendering anonymous template { recipe: pptx, engine: handlebars }","meta":{"rootId":"zdoplmchvhr940p","id":"zdoplmchvhr940p"},"id":"tqfzocqcogsz6l5","previousOperationId":"d1hl74lhlxm3jnc"}
{"type":"log","timestamp":1765036638230,"level":"debug","message":"Inline data specified.","meta":{"rootId":"zdoplmchvhr940p","id":"zdoplmchvhr940p"},"id":"pq5nhg0azqi20vu","previousOperationId":"d1hl74lhlxm3jnc"}
{"type":"log","timestamp":1765036638233,"level":"debug","message":"Base url not specified, skipping its injection.","meta":{"rootId":"zdoplmchvhr940p","id":"zdoplmchvhr940p"},"id":"ebo9qio21flbdm6","previousOperationId":"d1hl74lhlxm3jnc"}
{"type":"operationStart","subtype":"engine","name":"handlebars","timestamp":1765036638234,"id":"y17mn9zuikbb9ea","previousEventId":"jwgxxg9smz0egql","operationId":"to3fpdagjcdt3li","previousOperationId":"d1hl74lhlxm3jnc"}
{"type":"log","timestamp":1765036638234,"level":"debug","message":"Rendering engine handlebars","meta":{"rootId":"zdoplmchvhr940p","id":"zdoplmchvhr940p"},"id":"tt50glf0r4vrivg","previousOperationId":"to3fpdagjcdt3li"}
{"type":"operationEnd","operationId":"to3fpdagjcdt3li","timestamp":1765036638241,"id":"2x5jn7g3xuzbbqw","previousEventId":"y17mn9zuikbb9ea","previousOperationId":"to3fpdagjcdt3li"}
{"type":"operationStart","subtype":"recipe","name":"pptx","timestamp":1765036638241,"id":"7odbezs5ii654ri","previousEventId":"2x5jn7g3xuzbbqw","operationId":"9ha1ufrl4s4p9wh","previousOperationId":"to3fpdagjcdt3li"}
{"type":"log","timestamp":1765036638241,"level":"debug","message":"Executing recipe pptx","meta":{"rootId":"zdoplmchvhr940p","id":"zdoplmchvhr940p"},"id":"sdt1dhyate5t9tx","previousOperationId":"9ha1ufrl4s4p9wh"}
{"type":"log","timestamp":1765036638242,"level":"info","message":"pptx generation is starting","meta":{"rootId":"zdoplmchvhr940p","id":"zdoplmchvhr940p"},"id":"slvr1rhhhqlwhzs","previousOperationId":"9ha1ufrl4s4p9wh"}
{"type":"log","timestamp":1765036638358,"level":"debug","message":"Starting child request to render pptx dynamic parts","meta":{"rootId":"zdoplmchvhr940p","id":"zdoplmchvhr940p"},"id":"gcd8gh42z22jnx9","previousOperationId":"9ha1ufrl4s4p9wh"}
{"type":"operationStart","subtype":"render","name":"anonymous","previousOperationId":"9ha1ufrl4s4p9wh","timestamp":1765036638358,"id":"4cce38o0h42v33l","previousEventId":"7odbezs5ii654ri","operationId":"ovebefxmdguu8fx"}
{"type":"log","timestamp":1765036638358,"level":"info","message":"Starting rendering (child) request","meta":{"rootId":"zdoplmchvhr940p","id":"ph9hoj4bfx585mc"},"id":"mfh8ayp8e68bul2","previousOperationId":"ovebefxmdguu8fx"}
{"type":"log","timestamp":1765036638358,"level":"info","message":"Rendering anonymous template { recipe: html, engine: handlebars }","meta":{"rootId":"zdoplmchvhr940p","id":"ph9hoj4bfx585mc"},"id":"lgrpxye7sr368f1","previousOperationId":"ovebefxmdguu8fx"}
{"type":"log","timestamp":1765036638358,"level":"debug","message":"Inline data specified.","meta":{"rootId":"zdoplmchvhr940p","id":"ph9hoj4bfx585mc"},"id":"8769jk31q6ui353","previousOperationId":"ovebefxmdguu8fx"}
{"type":"log","timestamp":1765036638363,"level":"debug","message":"Base url not specified, skipping its injection.","meta":{"rootId":"zdoplmchvhr940p","id":"ph9hoj4bfx585mc"},"id":"lc0kq841z7jfi5t","previousOperationId":"ovebefxmdguu8fx"}
{"type":"operationStart","subtype":"engine","name":"handlebars","timestamp":1765036638363,"id":"to4wlmzp3r3xwto","previousEventId":"4cce38o0h42v33l","operationId":"q7003tdbcj9szio","previousOperationId":"ovebefxmdguu8fx"}
{"type":"log","timestamp":1765036638363,"level":"debug","message":"Rendering engine handlebars","meta":{"rootId":"zdoplmchvhr940p","id":"ph9hoj4bfx585mc"},"id":"5xrzegrpzy8otil","previousOperationId":"q7003tdbcj9szio"}
{"type":"operationEnd","operationId":"q7003tdbcj9szio","timestamp":1765036638396,"id":"3pggz6nkqshx5gl","previousEventId":"to4wlmzp3r3xwto","previousOperationId":"q7003tdbcj9szio"}
{"type":"operationStart","subtype":"recipe","name":"html","timestamp":1765036638398,"id":"yq57qg3kvvrpzul","previousEventId":"3pggz6nkqshx5gl","operationId":"3s4d3zbse09mxsu","previousOperationId":"q7003tdbcj9szio"}
{"type":"log","timestamp":1765036638398,"level":"debug","message":"Executing recipe html","meta":{"rootId":"zdoplmchvhr940p","id":"ph9hoj4bfx585mc"},"id":"925l4wevbssfx9y","previousOperationId":"3s4d3zbse09mxsu"}
{"type":"operationEnd","operationId":"3s4d3zbse09mxsu","timestamp":1765036638398,"id":"li76ybpmimfk49q","previousEventId":"yq57qg3kvvrpzul","previousOperationId":"3s4d3zbse09mxsu"}
{"type":"log","timestamp":1765036638398,"level":"debug","message":"Skipping storing report.","meta":{"rootId":"zdoplmchvhr940p","id":"ph9hoj4bfx585mc"},"id":"s6rw4yf0ao2qq51","previousOperationId":"3s4d3zbse09mxsu"}
{"type":"log","timestamp":1765036638398,"level":"info","message":"Rendering (child) request finished in 180 ms","meta":{"rootId":"zdoplmchvhr940p","id":"ph9hoj4bfx585mc"},"id":"d8xedrylmf85hse","previousOperationId":"3s4d3zbse09mxsu"}
{"type":"operationEnd","subtype":"render","operationId":"ovebefxmdguu8fx","timestamp":1765036638398,"id":"yuwb1yj4n43cvul","previousEventId":"li76ybpmimfk49q","previousOperationId":"3s4d3zbse09mxsu"}
{"type":"log","timestamp":1765036640492,"level":"debug","message":"pptx successfully zipped","meta":{"rootId":"zdoplmchvhr940p","id":"zdoplmchvhr940p"},"id":"01rpc5e6mo6kvib","previousOperationId":"9ha1ufrl4s4p9wh"}
{"type":"log","timestamp":1765036640493,"level":"info","message":"pptx generation was finished","meta":{"rootId":"zdoplmchvhr940p","id":"zdoplmchvhr940p"},"id":"no4qq7tngzin3z8","previousOperationId":"9ha1ufrl4s4p9wh"}
{"type":"operationEnd","operationId":"9ha1ufrl4s4p9wh","timestamp":1765036640498,"id":"ksybgfwi4i7flur","previousEventId":"7odbezs5ii654ri","previousOperationId":"9ha1ufrl4s4p9wh"}
{"type":"log","timestamp":1765036640498,"level":"debug","message":"Skipping storing report.","meta":{"rootId":"zdoplmchvhr940p","id":"zdoplmchvhr940p"},"id":"2a4ojo2t3sn2ocv","previousOperationId":"9ha1ufrl4s4p9wh"}
{"type":"log","timestamp":1765036640498,"level":"info","message":"Rendering request 31 finished in 2280 ms","meta":{"rootId":"zdoplmchvhr940p","id":"zdoplmchvhr940p"},"id":"ofw95wffz7ycdd1","previousOperationId":"9ha1ufrl4s4p9wh"}
{"type":"operationEnd","subtype":"render","operationId":"d1hl74lhlxm3jnc","timestamp":1765036640498,"id":"h3ibz5pyt057079","previousEventId":"ksybgfwi4i7flur","previousOperationId":"9ha1ufrl4s4p9wh"}
{"type":"operationEnd","doDiffs":false,"previousEventId":"3a16hxu1zrf5uim","previousOperationId":"g66tkwj64lvujhb","operationId":"g66tkwj64lvujhb","timestamp":1765036640504,"id":"dx3ggzpy0sfw3ui"}
