{"type":"operationStart","subtype":"profile","data":{"_id":"ReZiLETWbo0bRhYV","timestamp":"2025-12-07T14:05:12.682Z","state":"running","mode":"standard","creationDate":"2025-12-07T14:05:12.689Z","modificationDate":"2025-12-07T14:05:12.689Z","shortid":"RpJsx8K","$entitySet":"profiles","timeout":60000},"doDiffs":false,"timestamp":1765116312687,"id":"h93c10zhyrixqbi","previousOperationId":null,"operationId":"e4jgi63f2klbik9"}
{"type":"log","level":"info","message":"Render request 1 queued for execution and waiting for available worker","previousOperationId":"e4jgi63f2klbik9","timestamp":1765116312687,"id":"cw82yukj6maujbi"}
{"type":"operationStart","subtype":"render","name":"anonymous","previousOperationId":"e4jgi63f2klbik9","timestamp":1765116312777,"id":"5g04she1c5nb40c","previousEventId":"h93c10zhyrixqbi","operationId":"nhtjao6vxyugkbv"}
{"type":"log","timestamp":1765116312779,"level":"info","message":"Starting rendering request 1","meta":{"rootId":"zjco0i4t71dcbwg","id":"zjco0i4t71dcbwg"},"id":"qn15f4iw4ig5okm","previousOperationId":"nhtjao6vxyugkbv"}
{"type":"log","timestamp":1765116312782,"level":"info","message":"Rendering anonymous template { recipe: pptx, engine: handlebars }","meta":{"rootId":"zjco0i4t71dcbwg","id":"zjco0i4t71dcbwg"},"id":"4uxswikonjl1uop","previousOperationId":"nhtjao6vxyugkbv"}
{"type":"log","timestamp":1765116312783,"level":"debug","message":"Inline data specified.","meta":{"rootId":"zjco0i4t71dcbwg","id":"zjco0i4t71dcbwg"},"id":"bfsqwkwkj062f4z","previousOperationId":"nhtjao6vxyugkbv"}
{"type":"log","timestamp":1765116312789,"level":"debug","message":"Base url not specified, skipping its injection.","meta":{"rootId":"zjco0i4t71dcbwg","id":"zjco0i4t71dcbwg"},"id":"wwjmqfvjllnjoek","previousOperationId":"nhtjao6vxyugkbv"}
{"type":"operationStart","subtype":"engine","name":"handlebars","timestamp":1765116312792,"id":"yarkxs0wp3y2sxl","previousEventId":"5g04she1c5nb40c","operationId":"hd5wvumz7zbzdf1","previousOperationId":"nhtjao6vxyugkbv"}
{"type":"log","timestamp":1765116312792,"level":"debug","message":"Rendering engine handlebars","meta":{"rootId":"zjco0i4t71dcbwg","id":"zjco0i4t71dcbwg"},"id":"9uqd51ep2exg5s0","previousOperationId":"hd5wvumz7zbzdf1"}
{"type":"operationEnd","operationId":"hd5wvumz7zbzdf1","timestamp":1765116314039,"id":"wwuano07iogxg6n","previousEventId":"yarkxs0wp3y2sxl","previousOperationId":"hd5wvumz7zbzdf1"}
{"type":"operationStart","subtype":"recipe","name":"pptx","timestamp":1765116314040,"id":"92iipkuaf01hxgi","previousEventId":"wwuano07iogxg6n","operationId":"i72jjs4kfiprx8q","previousOperationId":"hd5wvumz7zbzdf1"}
{"type":"log","timestamp":1765116314040,"level":"debug","message":"Executing recipe pptx","meta":{"rootId":"zjco0i4t71dcbwg","id":"zjco0i4t71dcbwg"},"id":"hj3xh9vx0jeod21","previousOperationId":"i72jjs4kfiprx8q"}
{"type":"log","timestamp":1765116314302,"level":"info","message":"pptx generation is starting","meta":{"rootId":"zjco0i4t71dcbwg","id":"zjco0i4t71dcbwg"},"id":"hghosenwi7817ht","previousOperationId":"i72jjs4kfiprx8q"}
{"type":"log","timestamp":1765116315988,"level":"debug","message":"Starting child request to render pptx dynamic parts","meta":{"rootId":"zjco0i4t71dcbwg","id":"zjco0i4t71dcbwg"},"id":"yeb7asbrj6shs1v","previousOperationId":"i72jjs4kfiprx8q"}
{"type":"operationStart","subtype":"render","name":"anonymous","previousOperationId":"i72jjs4kfiprx8q","timestamp":1765116315990,"id":"8uet84sgwha16s8","previousEventId":"92iipkuaf01hxgi","operationId":"lwz1bh7jb470wqj"}
{"type":"log","timestamp":1765116315990,"level":"info","message":"Starting rendering (child) request","meta":{"rootId":"zjco0i4t71dcbwg","id":"plq4ztzaqv9zhtl"},"id":"pv1n36xyyshiev9","previousOperationId":"lwz1bh7jb470wqj"}
{"type":"log","timestamp":1765116315990,"level":"info","message":"Rendering anonymous template { recipe: html, engine: handlebars }","meta":{"rootId":"zjco0i4t71dcbwg","id":"plq4ztzaqv9zhtl"},"id":"vuqzoj8w0akbq0i","previousOperationId":"lwz1bh7jb470wqj"}
{"type":"log","timestamp":1765116315990,"level":"debug","message":"Inline data specified.","meta":{"rootId":"zjco0i4t71dcbwg","id":"plq4ztzaqv9zhtl"},"id":"ck5ousamiozfn17","previousOperationId":"lwz1bh7jb470wqj"}
{"type":"log","timestamp":1765116315998,"level":"debug","message":"Base url not specified, skipping its injection.","meta":{"rootId":"zjco0i4t71dcbwg","id":"plq4ztzaqv9zhtl"},"id":"4o5shhq4h5ef2s6","previousOperationId":"lwz1bh7jb470wqj"}
{"type":"operationStart","subtype":"engine","name":"handlebars","timestamp":1765116316001,"id":"k3ox7l04bfis1ou","previousEventId":"8uet84sgwha16s8","operationId":"i5qqmcdps79hy8f","previousOperationId":"lwz1bh7jb470wqj"}
{"type":"log","timestamp":1765116316001,"level":"debug","message":"Rendering engine handlebars","meta":{"rootId":"zjco0i4t71dcbwg","id":"plq4ztzaqv9zhtl"},"id":"qyda5mtz9gibtrd","previousOperationId":"i5qqmcdps79hy8f"}
{"type":"operationEnd","operationId":"i5qqmcdps79hy8f","timestamp":1765116316127,"id":"qptp8gc3s47plkf","previousEventId":"k3ox7l04bfis1ou","previousOperationId":"i5qqmcdps79hy8f"}
{"type":"operationStart","subtype":"recipe","name":"html","timestamp":1765116316141,"id":"cvri34qkpzbmdsh","previousEventId":"qptp8gc3s47plkf","operationId":"vcvdk5q2j55hfvw","previousOperationId":"i5qqmcdps79hy8f"}
{"type":"log","timestamp":1765116316141,"level":"debug","message":"Executing recipe html","meta":{"rootId":"zjco0i4t71dcbwg","id":"plq4ztzaqv9zhtl"},"id":"qnllu1n393l0c3o","previousOperationId":"vcvdk5q2j55hfvw"}
{"type":"operationEnd","operationId":"vcvdk5q2j55hfvw","timestamp":1765116316141,"id":"u8phjxh7twur8zp","previousEventId":"cvri34qkpzbmdsh","previousOperationId":"vcvdk5q2j55hfvw"}
{"type":"log","timestamp":1765116316143,"level":"debug","message":"Skipping storing report.","meta":{"rootId":"zjco0i4t71dcbwg","id":"plq4ztzaqv9zhtl"},"id":"luo31qojz0zqhg4","previousOperationId":"vcvdk5q2j55hfvw"}
{"type":"log","timestamp":1765116316143,"level":"info","message":"Rendering (child) request finished in 3463 ms","meta":{"rootId":"zjco0i4t71dcbwg","id":"plq4ztzaqv9zhtl"},"id":"lqerc2555jgozrx","previousOperationId":"vcvdk5q2j55hfvw"}
{"type":"operationEnd","subtype":"render","operationId":"lwz1bh7jb470wqj","timestamp":1765116316143,"id":"cyc2d2nswii9mpu","previousEventId":"u8phjxh7twur8zp","previousOperationId":"vcvdk5q2j55hfvw"}
{"type":"log","timestamp":1765116327644,"level":"debug","message":"pptx successfully zipped","meta":{"rootId":"zjco0i4t71dcbwg","id":"zjco0i4t71dcbwg"},"id":"go52r6p0iv6lxq4","previousOperationId":"i72jjs4kfiprx8q"}
{"type":"log","timestamp":1765116327644,"level":"info","message":"pptx generation was finished","meta":{"rootId":"zjco0i4t71dcbwg","id":"zjco0i4t71dcbwg"},"id":"xtm6rfnf1dq310e","previousOperationId":"i72jjs4kfiprx8q"}
{"type":"operationEnd","operationId":"i72jjs4kfiprx8q","timestamp":1765116327660,"id":"e2loywnmba1q86j","previousEventId":"92iipkuaf01hxgi","previousOperationId":"i72jjs4kfiprx8q"}
{"type":"log","timestamp":1765116327660,"level":"debug","message":"Skipping storing report.","meta":{"rootId":"zjco0i4t71dcbwg","id":"zjco0i4t71dcbwg"},"id":"bp934midpci2br0","previousOperationId":"i72jjs4kfiprx8q"}
{"type":"log","timestamp":1765116327660,"level":"info","message":"Rendering request 1 finished in 14980 ms","meta":{"rootId":"zjco0i4t71dcbwg","id":"zjco0i4t71dcbwg"},"id":"y2zb4wyuf99j072","previousOperationId":"i72jjs4kfiprx8q"}
{"type":"operationEnd","subtype":"render","operationId":"nhtjao6vxyugkbv","timestamp":1765116327660,"id":"npblf4v2kzgvsbw","previousEventId":"e2loywnmba1q86j","previousOperationId":"i72jjs4kfiprx8q"}
{"type":"operationEnd","doDiffs":false,"previousEventId":"h93c10zhyrixqbi","previousOperationId":"e4jgi63f2klbik9","operationId":"e4jgi63f2klbik9","timestamp":1765116327667,"id":"g57vmy1dmp9ce05"}
