{"type":"operationStart","subtype":"profile","data":{"_id":"gxg63R41NELYlIQL","timestamp":"2025-12-07T13:03:17.482Z","state":"running","mode":"standard","creationDate":"2025-12-07T13:03:17.497Z","modificationDate":"2025-12-07T13:03:17.497Z","shortid":"l8PYBCd","$entitySet":"profiles","timeout":60000},"doDiffs":false,"timestamp":1765112597495,"id":"jjspm7co0yhim99","previousOperationId":null,"operationId":"qsz29yg33o2qo4y"}
{"type":"log","level":"info","message":"Render request 35 queued for execution and waiting for available worker","previousOperationId":"qsz29yg33o2qo4y","timestamp":1765112597495,"id":"tmlz6uios4kp2q9"}
{"type":"operationStart","subtype":"render","name":"anonymous","previousOperationId":"qsz29yg33o2qo4y","timestamp":1765112597580,"id":"yzew8ksgi3vepoy","previousEventId":"jjspm7co0yhim99","operationId":"jtrpzl3p8m6etbc"}
{"type":"log","timestamp":1765112597580,"level":"info","message":"Starting rendering request 35","meta":{"rootId":"zkicm42ed1snsz7","id":"zkicm42ed1snsz7"},"id":"y7a2hufg6cy35t8","previousOperationId":"jtrpzl3p8m6etbc"}
{"type":"log","timestamp":1765112597581,"level":"info","message":"Rendering anonymous template { recipe: pptx, engine: handlebars }","meta":{"rootId":"zkicm42ed1snsz7","id":"zkicm42ed1snsz7"},"id":"yw77tko7d2lqe4u","previousOperationId":"jtrpzl3p8m6etbc"}
{"type":"log","timestamp":1765112597581,"level":"debug","message":"Inline data specified.","meta":{"rootId":"zkicm42ed1snsz7","id":"zkicm42ed1snsz7"},"id":"tmqv4kb4qu66af0","previousOperationId":"jtrpzl3p8m6etbc"}
{"type":"log","timestamp":1765112597591,"level":"debug","message":"Base url not specified, skipping its injection.","meta":{"rootId":"zkicm42ed1snsz7","id":"zkicm42ed1snsz7"},"id":"2nt2i50r9ult9st","previousOperationId":"jtrpzl3p8m6etbc"}
{"type":"operationStart","subtype":"engine","name":"handlebars","timestamp":1765112597591,"id":"52exciwiwnadvpc","previousEventId":"yzew8ksgi3vepoy","operationId":"16wgj6awa11dj18","previousOperationId":"jtrpzl3p8m6etbc"}
{"type":"log","timestamp":1765112597591,"level":"debug","message":"Rendering engine handlebars","meta":{"rootId":"zkicm42ed1snsz7","id":"zkicm42ed1snsz7"},"id":"c35uwff8qtic3my","previousOperationId":"16wgj6awa11dj18"}
{"type":"operationEnd","operationId":"16wgj6awa11dj18","timestamp":1765112597607,"id":"slfyqjh0np3qo94","previousEventId":"52exciwiwnadvpc","previousOperationId":"16wgj6awa11dj18"}
{"type":"operationStart","subtype":"recipe","name":"pptx","timestamp":1765112597607,"id":"enzfb452jqc82pt","previousEventId":"slfyqjh0np3qo94","operationId":"ojhkjvjs5tcufmi","previousOperationId":"16wgj6awa11dj18"}
{"type":"log","timestamp":1765112597607,"level":"debug","message":"Executing recipe pptx","meta":{"rootId":"zkicm42ed1snsz7","id":"zkicm42ed1snsz7"},"id":"roemswx88qzc8qt","previousOperationId":"ojhkjvjs5tcufmi"}
{"type":"log","timestamp":1765112597640,"level":"info","message":"pptx generation is starting","meta":{"rootId":"zkicm42ed1snsz7","id":"zkicm42ed1snsz7"},"id":"h2zv3bg1m8agk8h","previousOperationId":"ojhkjvjs5tcufmi"}
{"type":"log","timestamp":1765112599265,"level":"debug","message":"Starting child request to render pptx dynamic parts","meta":{"rootId":"zkicm42ed1snsz7","id":"zkicm42ed1snsz7"},"id":"g9bdby4oseil6wo","previousOperationId":"ojhkjvjs5tcufmi"}
{"type":"operationStart","subtype":"render","name":"anonymous","previousOperationId":"ojhkjvjs5tcufmi","timestamp":1765112599266,"id":"wpa0ae9msoprkia","previousEventId":"enzfb452jqc82pt","operationId":"w0kp1y8u6odp410"}
{"type":"log","timestamp":1765112599266,"level":"info","message":"Starting rendering (child) request","meta":{"rootId":"zkicm42ed1snsz7","id":"ktjs19oftk8jook"},"id":"l9n9v096rr0cuzs","previousOperationId":"w0kp1y8u6odp410"}
{"type":"log","timestamp":1765112599267,"level":"info","message":"Rendering anonymous template { recipe: html, engine: handlebars }","meta":{"rootId":"zkicm42ed1snsz7","id":"ktjs19oftk8jook"},"id":"i1i0rjweae0xljn","previousOperationId":"w0kp1y8u6odp410"}
{"type":"log","timestamp":1765112599267,"level":"debug","message":"Inline data specified.","meta":{"rootId":"zkicm42ed1snsz7","id":"ktjs19oftk8jook"},"id":"u44be0knv0t6txv","previousOperationId":"w0kp1y8u6odp410"}
{"type":"log","timestamp":1765112599272,"level":"debug","message":"Base url not specified, skipping its injection.","meta":{"rootId":"zkicm42ed1snsz7","id":"ktjs19oftk8jook"},"id":"0yn1a5032iplvof","previousOperationId":"w0kp1y8u6odp410"}
{"type":"operationStart","subtype":"engine","name":"handlebars","timestamp":1765112599275,"id":"lk8q1nhpgsu18i3","previousEventId":"wpa0ae9msoprkia","operationId":"rzd7smiijlek052","previousOperationId":"w0kp1y8u6odp410"}
{"type":"log","timestamp":1765112599275,"level":"debug","message":"Rendering engine handlebars","meta":{"rootId":"zkicm42ed1snsz7","id":"ktjs19oftk8jook"},"id":"cpeisxg014wfnoc","previousOperationId":"rzd7smiijlek052"}
{"type":"operationEnd","operationId":"rzd7smiijlek052","timestamp":1765112599380,"id":"ifg3n0dfoqipaw4","previousEventId":"lk8q1nhpgsu18i3","previousOperationId":"rzd7smiijlek052"}
{"type":"operationStart","subtype":"recipe","name":"html","timestamp":1765112599394,"id":"8rbo6zid8rnat3w","previousEventId":"ifg3n0dfoqipaw4","operationId":"dw7l65phx8i01wp","previousOperationId":"rzd7smiijlek052"}
{"type":"log","timestamp":1765112599394,"level":"debug","message":"Executing recipe html","meta":{"rootId":"zkicm42ed1snsz7","id":"ktjs19oftk8jook"},"id":"qrfbiozhbq51uyc","previousOperationId":"dw7l65phx8i01wp"}
{"type":"operationEnd","operationId":"dw7l65phx8i01wp","timestamp":1765112599395,"id":"goy5bnyje7yv59a","previousEventId":"8rbo6zid8rnat3w","previousOperationId":"dw7l65phx8i01wp"}
{"type":"log","timestamp":1765112599395,"level":"debug","message":"Skipping storing report.","meta":{"rootId":"zkicm42ed1snsz7","id":"ktjs19oftk8jook"},"id":"q3wy3nz53rgu4om","previousOperationId":"dw7l65phx8i01wp"}
{"type":"log","timestamp":1765112599395,"level":"info","message":"Rendering (child) request finished in 1913 ms","meta":{"rootId":"zkicm42ed1snsz7","id":"ktjs19oftk8jook"},"id":"ro0pqqnjv9xeztp","previousOperationId":"dw7l65phx8i01wp"}
{"type":"operationEnd","subtype":"render","operationId":"w0kp1y8u6odp410","timestamp":1765112599395,"id":"q8ky0ig4mqiqi2y","previousEventId":"goy5bnyje7yv59a","previousOperationId":"dw7l65phx8i01wp"}
{"type":"log","timestamp":1765112606625,"level":"debug","message":"pptx successfully zipped","meta":{"rootId":"zkicm42ed1snsz7","id":"zkicm42ed1snsz7"},"id":"qj10xy778brwgfw","previousOperationId":"ojhkjvjs5tcufmi"}
{"type":"log","timestamp":1765112606626,"level":"info","message":"pptx generation was finished","meta":{"rootId":"zkicm42ed1snsz7","id":"zkicm42ed1snsz7"},"id":"q65dfvf7hpxu8i6","previousOperationId":"ojhkjvjs5tcufmi"}
{"type":"operationEnd","operationId":"ojhkjvjs5tcufmi","timestamp":1765112606636,"id":"kajptlvhwdki3x3","previousEventId":"enzfb452jqc82pt","previousOperationId":"ojhkjvjs5tcufmi"}
{"type":"log","timestamp":1765112606637,"level":"debug","message":"Skipping storing report.","meta":{"rootId":"zkicm42ed1snsz7","id":"zkicm42ed1snsz7"},"id":"5hwdtzwpr7nd0eo","previousOperationId":"ojhkjvjs5tcufmi"}
{"type":"log","timestamp":1765112606637,"level":"info","message":"Rendering request 35 finished in 9155 ms","meta":{"rootId":"zkicm42ed1snsz7","id":"zkicm42ed1snsz7"},"id":"tqv1tpbywpaqw9y","previousOperationId":"ojhkjvjs5tcufmi"}
{"type":"operationEnd","subtype":"render","operationId":"jtrpzl3p8m6etbc","timestamp":1765112606637,"id":"u8c6r4v2z7cqj6y","previousEventId":"kajptlvhwdki3x3","previousOperationId":"ojhkjvjs5tcufmi"}
{"type":"operationEnd","doDiffs":false,"previousEventId":"jjspm7co0yhim99","previousOperationId":"qsz29yg33o2qo4y","operationId":"qsz29yg33o2qo4y","timestamp":1765112606641,"id":"os2vhh96e04f9te"}
